2024-08-13 09:33:05,762 [INFO] MainUpdater:2873 - connection check result : 10
2024-08-13 09:33:05,812 [INFO] MainUpdater:2873 - connection check result : 10
2024-08-13 09:33:05,848 [INFO] MicroXplorer:468 - Change Database Path : 
2024-08-13 09:33:05,848 [INFO] MicroXplorer:498 - Change Database Version : DB.6.0.100
2024-08-13 09:33:05,868 [ERROR] ProjectManagerView:394 - 
java.lang.NullPointerException: Cannot invoke "javax.swing.JTextField.getText()" because the return value of "java.util.List.get(int)" is null
	at com.st.microxplorer.plugins.projectmanager.gui.ProjectChoiceTab$10.caretUpdate(ProjectChoiceTab.java:2493) ~[filemanager.jar:?]
	at javax.swing.text.JTextComponent.fireCaretUpdate(JTextComponent.java:412) ~[?:?]
	at javax.swing.text.JTextComponent$MutableCaretEvent.fire(JTextComponent.java:4491) ~[?:?]
	at javax.swing.text.JTextComponent$MutableCaretEvent.stateChanged(JTextComponent.java:4513) ~[?:?]
	at javax.swing.text.DefaultCaret.fireStateChanged(DefaultCaret.java:842) ~[?:?]
	at javax.swing.text.DefaultCaret.changeCaretPosition(DefaultCaret.java:1313) ~[?:?]
	at javax.swing.text.DefaultCaret.handleSetDot(DefaultCaret.java:1212) ~[?:?]
	at javax.swing.text.DefaultCaret.setDot(DefaultCaret.java:1193) ~[?:?]
	at javax.swing.text.DefaultCaret$Handler.insertUpdate(DefaultCaret.java:1789) ~[?:?]
	at javax.swing.text.AbstractDocument.fireInsertUpdate(AbstractDocument.java:226) ~[?:?]
	at javax.swing.text.AbstractDocument.handleInsertString(AbstractDocument.java:780) ~[?:?]
	at javax.swing.text.AbstractDocument.insertString(AbstractDocument.java:739) ~[?:?]
	at javax.swing.text.PlainDocument.insertString(PlainDocument.java:131) ~[?:?]
	at javax.swing.text.AbstractDocument.replace(AbstractDocument.java:698) ~[?:?]
	at javax.swing.text.JTextComponent.setText(JTextComponent.java:1729) ~[?:?]
	at com.st.microxplorer.plugins.projectmanager.gui.ProjectChoiceTab.createHeapStackFields(ProjectChoiceTab.java:933) ~[filemanager.jar:?]
	at com.st.microxplorer.plugins.projectmanager.gui.ProjectChoiceTab.buildLinkSettingsPanel(ProjectChoiceTab.java:3426) ~[filemanager.jar:?]
	at com.st.microxplorer.plugins.projectmanager.gui.ProjectChoiceTab.defineWindowsFields(ProjectChoiceTab.java:1813) ~[filemanager.jar:?]
	at com.st.microxplorer.plugins.projectmanager.gui.ProjectChoiceTab.updateSettings(ProjectChoiceTab.java:533) ~[filemanager.jar:?]
	at com.st.microxplorer.plugins.projectmanager.gui.ProjectSettingsPanel.UpdateDialog(ProjectSettingsPanel.java:244) ~[filemanager.jar:?]
	at com.st.microxplorer.plugins.projectmanager.ProjectManagerView.propertyChange(ProjectManagerView.java:391) ~[filemanager.jar:?]
	at java.beans.PropertyChangeSupport.fire(PropertyChangeSupport.java:343) ~[?:?]
	at java.beans.PropertyChangeSupport.firePropertyChange(PropertyChangeSupport.java:335) ~[?:?]
	at java.beans.PropertyChangeSupport.firePropertyChange(PropertyChangeSupport.java:268) ~[?:?]
	at com.st.microxplorer.util.MXPropertyChangeSupport.firePropertyChange(MXPropertyChangeSupport.java:54) ~[STM32CubeMX.jar:?]
	at com.st.microxplorer.mxsystem.MxSystem.closeConfig(MxSystem.java:900) ~[STM32CubeMX.jar:?]
	at com.st.microxplorer.maingui.MainPanel.closeConfig(MainPanel.java:776) ~[STM32CubeMX.jar:?]
	at com.st.microxplorer.plugins.filemanager.engine.OpenFileManager.loadConfigurationFile(OpenFileManager.java:245) ~[filemanager.jar:?]
	at com.st.microxplorer.plugins.filemanager.engine.MainFileManager.userLoadConfig(MainFileManager.java:290) ~[filemanager.jar:?]
	at com.st.microxplorer.plugins.filemanager.FileManagerView.getSpecificTask(FileManagerView.java:247) ~[filemanager.jar:?]
	at com.st.stm32cube.common.mx.editor.CubeMxEditor.getMxTabbedPaneInstance(CubeMxEditor.java:1184) ~[com.st.stm32cube.common.mx_6.10.0.202311202037/:?]
	at com.st.stm32cube.common.mx.editor.CubeMxEditor$12$1.createSwingComponent(CubeMxEditor.java:1065) ~[com.st.stm32cube.common.mx_6.10.0.202311202037/:?]
	at com.st.stm32cube.common.mx.oss.core.awtswtbridge.EmbeddedSwingComposite.doComponentCreation(EmbeddedSwingComposite.java:492) ~[com.st.stm32cube.common.mx.oss_6.10.0.202311202037/:?]
	at com.st.stm32cube.common.mx.oss.core.awtswtbridge.EmbeddedSwingComposite$4.run(EmbeddedSwingComposite.java:291) ~[com.st.stm32cube.common.mx.oss_6.10.0.202311202037/:?]
	at com.st.stm32cube.common.mx.oss.core.awtswtbridge.AwtEnvironment$2.run(AwtEnvironment.java:166) ~[com.st.stm32cube.common.mx.oss_6.10.0.202311202037/:?]
	at java.awt.event.InvocationEvent.dispatch(InvocationEvent.java:318) ~[?:?]
	at java.awt.EventQueue.dispatchEventImpl(EventQueue.java:773) ~[?:?]
	at java.awt.EventQueue$4.run(EventQueue.java:720) ~[?:?]
	at java.awt.EventQueue$4.run(EventQueue.java:714) ~[?:?]
	at java.security.AccessController.doPrivileged(AccessController.java:399) ~[?:?]
	at java.security.ProtectionDomain$JavaSecurityAccessImpl.doIntersectionPrivilege(ProtectionDomain.java:86) ~[?:?]
	at java.awt.EventQueue.dispatchEvent(EventQueue.java:742) ~[?:?]
	at java.awt.EventDispatchThread.pumpOneEventForFilters(EventDispatchThread.java:203) ~[?:?]
	at java.awt.EventDispatchThread.pumpEventsForFilter(EventDispatchThread.java:124) ~[?:?]
	at java.awt.EventDispatchThread.pumpEventsForHierarchy(EventDispatchThread.java:113) ~[?:?]
	at java.awt.EventDispatchThread.pumpEvents(EventDispatchThread.java:109) ~[?:?]
	at java.awt.EventDispatchThread.pumpEvents(EventDispatchThread.java:101) ~[?:?]
	at java.awt.EventDispatchThread.run(EventDispatchThread.java:90) ~[?:?]
2024-08-13 09:33:05,873 [WARN] ThirdParty:871 - waiting for thirdparty lock release [close project]
2024-08-13 09:33:05,873 [INFO] ThirdParty:873 - entering critical section [close project]
2024-08-13 09:33:05,874 [INFO] ThirdParty:883 - exiting critical section [close project]
2024-08-13 09:33:05,879 [INFO] PinOutPanel:1499 - setPackage(No Configuration,No Configuration)
2024-08-13 09:33:05,891 [WARN] IpParametersView:151 - Warning: This peripheral hasn't parameters
2024-08-13 09:33:05,907 [WARN] MainPanel:272 - <html><b><center>Warning: This peripheral has no parameters to be configured<br></b></html>
2024-08-13 09:33:05,983 [INFO] UtilMem:75 - Begin LoadConfig() Used Memory: 667835512 Bytes (1073741824)
2024-08-13 09:33:05,984 [INFO] MicroXplorer:468 - Change Database Path : 
2024-08-13 09:33:05,984 [INFO] MicroXplorer:498 - Change Database Version : DB.6.0.100
2024-08-13 09:33:05,984 [INFO] OpenFileManager:312 - Change cursor
2024-08-13 09:33:06,021 [INFO] RulesReader:64 - Compatibility file has been processed (297 Rules)
2024-08-13 09:33:06,028 [INFO] Mcu:2016 - Initializing MCU STM32F407V(E-G)Tx STM32F407VGTx STM32F407VGT6
2024-08-13 09:33:07,898 [INFO] Context:659 - Trying to add GPIOservice into a context  which must be forbidden
2024-08-13 09:33:08,268 [INFO] RtosManager:555 - Registered RTOS mode: class=CMSIS, group=RTOS, mode=CMSIS_V1, owner=FREERTOS
2024-08-13 09:33:08,269 [INFO] RtosManager:555 - Registered RTOS mode: class=CMSIS, group=RTOS2, mode=CMSIS_V2, owner=FREERTOS
2024-08-13 09:33:08,269 [INFO] RtosManager:555 - Registered RTOS mode: class=RTOS, group=Core, mode=CMSIS_V1, owner=FREERTOS
2024-08-13 09:33:08,269 [INFO] RtosManager:555 - Registered RTOS mode: class=RTOS, group=Core, mode=CMSIS_V2, owner=FREERTOS
2024-08-13 09:33:08,269 [WARN] ModelIntegratedComponent:184 - Missing modes for component STMicroelectronics:FreeRTOS:0.0.1:STMicroelectronics:RTOS:FreeRTOS:Core:::10.2.0:
2024-08-13 09:33:08,272 [WARN] ModelIntegratedComponent:63 - No mode defined for component null
2024-08-13 09:33:08,272 [WARN] ModelIntegratedComponent:63 - No mode defined for component null
2024-08-13 09:33:08,272 [WARN] ModelIntegratedComponent:63 - No mode defined for component null
2024-08-13 09:33:08,272 [WARN] ModelIntegratedComponent:63 - No mode defined for component null
2024-08-13 09:33:08,272 [WARN] ModelIntegratedComponent:63 - No mode defined for component null
2024-08-13 09:33:08,272 [WARN] ModelIntegratedComponent:63 - No mode defined for component null
2024-08-13 09:33:08,272 [WARN] ModelIntegratedComponent:63 - No mode defined for component null
2024-08-13 09:33:08,272 [WARN] ModelIntegratedComponent:63 - No mode defined for component null
2024-08-13 09:33:08,272 [WARN] ModelIntegratedComponent:63 - No mode defined for component null
2024-08-13 09:33:08,272 [WARN] ModelIntegratedComponent:63 - No mode defined for component null
2024-08-13 09:33:08,272 [WARN] ModelIntegratedComponent:63 - No mode defined for component null
2024-08-13 09:33:08,272 [WARN] ModelIntegratedComponent:63 - No mode defined for component null
2024-08-13 09:33:08,272 [WARN] ModelIntegratedComponent:63 - No mode defined for component null
2024-08-13 09:33:08,272 [WARN] ModelIntegratedComponent:63 - No mode defined for component null
2024-08-13 09:33:08,272 [WARN] ModelIntegratedComponent:63 - No mode defined for component null
2024-08-13 09:33:08,272 [WARN] ModelIntegratedComponent:63 - No mode defined for component null
2024-08-13 09:33:08,272 [WARN] ModelIntegratedComponent:63 - No mode defined for component null
2024-08-13 09:33:08,272 [WARN] ModelIntegratedComponent:63 - No mode defined for component null
2024-08-13 09:33:08,272 [WARN] ModelIntegratedComponent:63 - No mode defined for component null
2024-08-13 09:33:08,272 [WARN] ModelIntegratedComponent:63 - No mode defined for component null
2024-08-13 09:33:08,272 [WARN] ModelIntegratedComponent:63 - No mode defined for component null
2024-08-13 09:33:08,272 [WARN] ModelIntegratedComponent:63 - No mode defined for component null
2024-08-13 09:33:08,272 [WARN] ModelIntegratedComponent:63 - No mode defined for component null
2024-08-13 09:33:08,272 [WARN] ModelIntegratedComponent:63 - No mode defined for component null
2024-08-13 09:33:08,272 [WARN] ModelIntegratedComponent:63 - No mode defined for component null
2024-08-13 09:33:08,272 [WARN] ModelIntegratedComponent:63 - No mode defined for component null
2024-08-13 09:33:08,272 [WARN] ModelIntegratedComponent:63 - No mode defined for component null
2024-08-13 09:33:08,272 [WARN] ModelIntegratedComponent:63 - No mode defined for component null
2024-08-13 09:33:08,272 [WARN] ModelIntegratedComponent:63 - No mode defined for component null
2024-08-13 09:33:08,272 [WARN] ModelIntegratedComponent:63 - No mode defined for component null
2024-08-13 09:33:08,272 [WARN] ModelIntegratedComponent:63 - No mode defined for component null
2024-08-13 09:33:08,272 [WARN] ModelIntegratedComponent:63 - No mode defined for component null
2024-08-13 09:33:08,272 [WARN] ModelIntegratedComponent:63 - No mode defined for component null
2024-08-13 09:33:08,367 [INFO] ThirdPartyModel:298 - Start build external matchings
2024-08-13 09:33:08,852 [INFO] ThirdPartyModel:316 - End build external matchings
2024-08-13 09:33:08,858 [INFO] ImportTextPane:194 - (OptionalMessage_ERROR) IP (RCC) : Parameter (RTCHSEDivFreq_Value) has invalid value (4000000)
2024-08-13 09:33:09,128 [INFO] UtilMem:75 - End LoadConfig() Used Memory: 731012016 Bytes (1073741824)
2024-08-13 09:33:09,186 [INFO] MicroXplorer:468 - Change Database Path : 
2024-08-13 09:33:09,187 [INFO] MicroXplorer:498 - Change Database Version : DB.6.0.100
2024-08-13 09:33:09,187 [WARN] ThirdParty:833 - waiting for thirdparty lock release [change project]
2024-08-13 09:33:09,188 [INFO] ThirdParty:835 - entering critical section [change project]
2024-08-13 09:33:09,188 [INFO] ThirdParty:1030 - CMSIS Pack Vendor :STMicroelectronics USBPD 4.1
2024-08-13 09:33:09,188 [INFO] ThirdParty:1030 - CMSIS Pack Vendor :STMicroelectronics X-CUBE-GNSS1 6.0.0
2024-08-13 09:33:09,188 [INFO] ThirdParty:1030 - CMSIS Pack Vendor :STMicroelectronics USB_HOST 2.0.0
2024-08-13 09:33:09,188 [INFO] ThirdParty:1030 - CMSIS Pack Vendor :STMicroelectronics FP-SNS-MOTENVWB1 1.4.0
2024-08-13 09:33:09,188 [INFO] ThirdParty:1030 - CMSIS Pack Vendor :STMicroelectronics X-CUBE-AZRTOS-F4 1.1.0
2024-08-13 09:33:09,188 [INFO] ThirdParty:1030 - CMSIS Pack Vendor :STMicroelectronics LIBJPEG 8.0.0
2024-08-13 09:33:09,188 [INFO] ThirdParty:1030 - CMSIS Pack Vendor :STMicroelectronics X-CUBE-SMBUS 2.1.0
2024-08-13 09:33:09,188 [INFO] ThirdParty:1030 - CMSIS Pack Vendor :STMicroelectronics USB_DEVICE 3.0.0
2024-08-13 09:33:09,188 [INFO] ThirdParty:1030 - CMSIS Pack Vendor :STMicroelectronics X-CUBE-TCPP 4.1.0
2024-08-13 09:33:09,188 [INFO] ThirdParty:1030 - CMSIS Pack Vendor :STMicroelectronics X-CUBE-FREERTOS 1.2.0
2024-08-13 09:33:09,188 [INFO] ThirdParty:1030 - CMSIS Pack Vendor :STMicroelectronics X-CUBE-AZRTOS-WB 2.0.0
2024-08-13 09:33:09,188 [INFO] ThirdParty:1030 - CMSIS Pack Vendor :wolfSSL I-CUBE-wolfSSL 5.6.6
2024-08-13 09:33:09,188 [INFO] ThirdParty:1030 - CMSIS Pack Vendor :STMicroelectronics X-CUBE-TOUCHGFX 4.23.1
2024-08-13 09:33:09,188 [INFO] ThirdParty:1030 - CMSIS Pack Vendor :STMicroelectronics X-CUBE-TOUCHGFX 4.23.0
2024-08-13 09:33:09,189 [INFO] ThirdParty:1030 - CMSIS Pack Vendor :STMicroelectronics X-CUBE-TOUCHGFX 4.23.2
2024-08-13 09:33:09,189 [INFO] ThirdParty:1030 - CMSIS Pack Vendor :STMicroelectronics X-CUBE-AZRTOS-F7 1.1.0
2024-08-13 09:33:09,189 [INFO] ThirdParty:1030 - CMSIS Pack Vendor :STMicroelectronics X-CUBE-AZRTOS-L5 2.0.0
2024-08-13 09:33:09,189 [INFO] ThirdParty:1030 - CMSIS Pack Vendor :STMicroelectronics USB_DEVICE 2.0.0
2024-08-13 09:33:09,189 [INFO] ThirdParty:1030 - CMSIS Pack Vendor :STMicroelectronics X-CUBE-NFC6 3.1.0
2024-08-13 09:33:09,189 [INFO] ThirdParty:1030 - CMSIS Pack Vendor :ITTIA_DB I-CUBE-ITTIADB 8.8.0
2024-08-13 09:33:09,189 [INFO] ThirdParty:1030 - CMSIS Pack Vendor :STMicroelectronics FP-SNS-STBOX1 2.0.0
2024-08-13 09:33:09,189 [INFO] ThirdParty:1030 - CMSIS Pack Vendor :STMicroelectronics FP-SNS-MOTENV1 4.3.2
2024-08-13 09:33:09,189 [INFO] ThirdParty:1030 - CMSIS Pack Vendor :STMicroelectronics X-CUBE-ALGOBUILD 1.3.0
2024-08-13 09:33:09,189 [INFO] ThirdParty:1030 - CMSIS Pack Vendor :STMicroelectronics FreeRTOS 0.0.1
2024-08-13 09:33:09,189 [INFO] ThirdParty:1030 - CMSIS Pack Vendor :STMicroelectronics X-CUBE-AZRTOS-G0 1.1.0
2024-08-13 09:33:09,189 [INFO] ThirdParty:1030 - CMSIS Pack Vendor :STMicroelectronics X-CUBE-SAFEA1 1.2.2
2024-08-13 09:33:09,189 [INFO] ThirdParty:1030 - CMSIS Pack Vendor :STMicroelectronics X-CUBE-NFC4 3.0.0
2024-08-13 09:33:09,189 [INFO] ThirdParty:1030 - CMSIS Pack Vendor :STMicroelectronics X-CUBE-DPower 1.2.0
2024-08-13 09:33:09,189 [INFO] ThirdParty:1030 - CMSIS Pack Vendor :STMicroelectronics X-CUBE-SUBG2 5.0.0
2024-08-13 09:33:09,189 [INFO] ThirdParty:1030 - CMSIS Pack Vendor :STMicroelectronics STM32_WPAN 1.0.0
2024-08-13 09:33:09,189 [INFO] ThirdParty:1030 - CMSIS Pack Vendor :EmbeddedOffice I-CUBE-FS-RTOS 1.0.1
2024-08-13 09:33:09,189 [INFO] ThirdParty:1030 - CMSIS Pack Vendor :STMicroelectronics lwIP 2.0.3
2024-08-13 09:33:09,189 [INFO] ThirdParty:1030 - CMSIS Pack Vendor :STMicroelectronics FP-SNS-FLIGHT1 5.0.2
2024-08-13 09:33:09,189 [INFO] ThirdParty:1030 - CMSIS Pack Vendor :Cesanta I-CUBE-Mongoose 7.13.0
2024-08-13 09:33:09,189 [INFO] ThirdParty:1030 - CMSIS Pack Vendor :STMicroelectronics USB_HOST 1.0.0
2024-08-13 09:33:09,190 [INFO] ThirdParty:1030 - CMSIS Pack Vendor :STMicroelectronics X-CUBE-AI 9.0.0
2024-08-13 09:33:09,190 [INFO] ThirdParty:1030 - CMSIS Pack Vendor :STMicroelectronics X-CUBE-AZRTOS-G4 2.0.0
2024-08-13 09:33:09,190 [INFO] ThirdParty:1030 - CMSIS Pack Vendor :STMicroelectronics PDM2PCM 3.1.0
2024-08-13 09:33:09,190 [INFO] ThirdParty:1030 - CMSIS Pack Vendor :Infineon AIROC-Wi-Fi-Bluetooth-STM32 1.5.1
2024-08-13 09:33:09,190 [INFO] ThirdParty:1030 - CMSIS Pack Vendor :STMicroelectronics PDM2PCM 3.3.0
2024-08-13 09:33:09,190 [INFO] ThirdParty:1030 - CMSIS Pack Vendor :STMicroelectronics X-CUBE-DISPLAY 3.0.0
2024-08-13 09:33:09,190 [INFO] ThirdParty:1030 - CMSIS Pack Vendor :RealThread X-CUBE-RT-Thread_Nano 4.1.1
2024-08-13 09:33:09,190 [INFO] ThirdParty:1030 - CMSIS Pack Vendor :STMicroelectronics FP-SNS-MOTENVWB1 1.3.1
2024-08-13 09:33:09,190 [INFO] ThirdParty:1030 - CMSIS Pack Vendor :STMicroelectronics X-CUBE-BLE1 7.0.0
2024-08-13 09:33:09,190 [INFO] ThirdParty:1030 - CMSIS Pack Vendor :STMicroelectronics FP-ATR-SIGFOX1 3.2.0
2024-08-13 09:33:09,190 [INFO] ThirdParty:1030 - CMSIS Pack Vendor :STMicroelectronics X-CUBE-ISPU 2.0.0
2024-08-13 09:33:09,190 [INFO] ThirdParty:1030 - CMSIS Pack Vendor :STMicroelectronics X-CUBE-EEPRMA1 5.1.0
2024-08-13 09:33:09,190 [INFO] ThirdParty:1030 - CMSIS Pack Vendor :STMicroelectronics HAL Drivers 0.0.0
2024-08-13 09:33:09,190 [INFO] ThirdParty:1030 - CMSIS Pack Vendor :STMicroelectronics MBEDTLS 2.16.2
2024-08-13 09:33:09,190 [INFO] ThirdParty:1030 - CMSIS Pack Vendor :STMicroelectronics X-CUBE-ALS 1.0.2
2024-08-13 09:33:09,190 [INFO] ThirdParty:1030 - CMSIS Pack Vendor :emotas I-CUBE-CANOPEN 1.3.0
2024-08-13 09:33:09,191 [INFO] ThirdParty:1030 - CMSIS Pack Vendor :STMicroelectronics X-CUBE-MEMS1 10.0.0
2024-08-13 09:33:09,191 [INFO] ThirdParty:1030 - CMSIS Pack Vendor :STMicroelectronics X-CUBE-FREERTOS 1.1.0
2024-08-13 09:33:09,191 [INFO] ThirdParty:1030 - CMSIS Pack Vendor :STMicroelectronics X-CUBE-NFC7 1.0.1
2024-08-13 09:33:09,191 [INFO] ThirdParty:1030 - CMSIS Pack Vendor :STMicroelectronics MBEDTLS 2.14.1
2024-08-13 09:33:09,191 [INFO] ThirdParty:1030 - CMSIS Pack Vendor :STMicroelectronics X-CUBE-TOUCHGFX 4.24.0
2024-08-13 09:33:09,191 [INFO] ThirdParty:1030 - CMSIS Pack Vendor :wolfSSL I-CUBE-wolfTPM 3.2.0
2024-08-13 09:33:09,191 [INFO] ThirdParty:1030 - CMSIS Pack Vendor :STMicroelectronics X-CUBE-NFC6 3.0.0
2024-08-13 09:33:09,191 [INFO] ThirdParty:1030 - CMSIS Pack Vendor :portGmbH I-Cube-SoM-uGOAL 1.1.0
2024-08-13 09:33:09,191 [INFO] ThirdParty:1030 - CMSIS Pack Vendor :STMicroelectronics X-CUBE-ALS 1.0.1
2024-08-13 09:33:09,191 [INFO] ThirdParty:1030 - CMSIS Pack Vendor :STMicroelectronics X-CUBE-BLEMGR 3.1.0
2024-08-13 09:33:09,191 [INFO] ThirdParty:1030 - CMSIS Pack Vendor :STMicroelectronics ThreadX 1.0.0
2024-08-13 09:33:09,191 [INFO] ThirdParty:1030 - CMSIS Pack Vendor :STMicroelectronics FP-SNS-SMARTAG2 1.2.0
2024-08-13 09:33:09,191 [INFO] ThirdParty:1030 - CMSIS Pack Vendor :STMicroelectronics X-CUBE-AZRTOS-WL 2.0.0
2024-08-13 09:33:09,191 [INFO] ThirdParty:1030 - CMSIS Pack Vendor :SEGGER I-CUBE-embOS 1.3.1
2024-08-13 09:33:09,191 [INFO] ThirdParty:1030 - CMSIS Pack Vendor :STMicroelectronics X-CUBE-ALGOBUILD 1.4.0
2024-08-13 09:33:09,191 [INFO] ThirdParty:1030 - CMSIS Pack Vendor :STMicroelectronics FP-SNS-MOTENV1 5.0.0
2024-08-13 09:33:09,191 [INFO] ThirdParty:1030 - CMSIS Pack Vendor :STMicroelectronics USB_DEVICE 1.0.0
2024-08-13 09:33:09,191 [INFO] ThirdParty:1030 - CMSIS Pack Vendor :STMicroelectronics X-CUBE-AI 8.1.0
2024-08-13 09:33:09,191 [INFO] ThirdParty:1030 - CMSIS Pack Vendor :STMicroelectronics X-CUBE-AZRTOS-H7RS 1.0.0
2024-08-13 09:33:09,191 [INFO] ThirdParty:1030 - CMSIS Pack Vendor :wolfSSL I-CUBE-wolfMQTT 1.19.0
2024-08-13 09:33:09,192 [INFO] ThirdParty:1030 - CMSIS Pack Vendor :STMicroelectronics X-CUBE-AZRTOS-L4 2.0.0
2024-08-13 09:33:09,192 [INFO] ThirdParty:1030 - CMSIS Pack Vendor :STMicroelectronics ThreadX 0.0.2
2024-08-13 09:33:09,192 [INFO] ThirdParty:1030 - CMSIS Pack Vendor :WES I-CUBE-Cesium 1.3.0
2024-08-13 09:33:09,192 [INFO] ThirdParty:1030 - CMSIS Pack Vendor :STMicroelectronics FP-ATR-ASTRA1 2.0.0
2024-08-13 09:33:09,192 [INFO] ThirdParty:1030 - CMSIS Pack Vendor :STMicroelectronics lwIP 2.1.2
2024-08-13 09:33:09,192 [INFO] ThirdParty:1030 - CMSIS Pack Vendor :STMicroelectronics X-CUBE-SFXS2LP1 4.0.0
2024-08-13 09:33:09,192 [INFO] ThirdParty:1030 - CMSIS Pack Vendor :STMicroelectronics X-CUBE-BLE2 3.3.0
2024-08-13 09:33:09,192 [INFO] ThirdParty:1030 - CMSIS Pack Vendor :STMicroelectronics X-CUBE-TOF1 3.4.2
2024-08-13 09:33:09,192 [INFO] ThirdParty:1030 - CMSIS Pack Vendor :STMicroelectronics X-CUBE-TOF1 3.4.0
2024-08-13 09:33:09,192 [INFO] ThirdParty:1030 - CMSIS Pack Vendor :STMicroelectronics X-CUBE-TOF1 3.4.1
2024-08-13 09:33:09,192 [INFO] ThirdParty:1030 - CMSIS Pack Vendor :STMicroelectronics X-CUBE-AZRTOS-H7 3.2.0
2024-08-13 09:33:09,192 [INFO] ThirdParty:1030 - CMSIS Pack Vendor :STMicroelectronics PDM2PCM 3.2.0
2024-08-13 09:33:09,192 [INFO] ThirdParty:1030 - CMSIS Pack Vendor :wolfSSL I-CUBE-wolfSSH 1.4.17
2024-08-13 09:33:09,192 [INFO] ThirdParty:841 - exiting critical section [change project]
2024-08-13 09:33:09,441 [INFO] PinOutPanel:1499 - setPackage(No Configuration,No Configuration)
2024-08-13 09:33:09,442 [INFO] PinOutPanel:1499 - setPackage(STM32F407VGTx,LQFP100)
2024-08-13 09:33:09,562 [INFO] UtilMem:75 - Before build in PCC Used Memory: 908450720 Bytes (1073741824)
2024-08-13 09:33:09,692 [INFO] UtilMem:75 - After build in PCC Used Memory: 689787488 Bytes (1073741824)
2024-08-13 09:33:09,706 [INFO] IPUIPlugin:80 - create IPUIPlugin
2024-08-13 09:33:09,706 [INFO] IPUIPlugin:80 - create IPUIPlugin
2024-08-13 09:33:09,706 [INFO] IPUIPlugin:80 - create IPUIPlugin
2024-08-13 09:33:09,706 [INFO] IPUIPlugin:80 - create IPUIPlugin
2024-08-13 09:33:09,706 [INFO] IPUIPlugin:80 - create IPUIPlugin
2024-08-13 09:33:09,707 [INFO] IPUIPlugin:80 - create IPUIPlugin
2024-08-13 09:33:09,707 [INFO] IPUIPlugin:80 - create IPUIPlugin
2024-08-13 09:33:09,707 [INFO] IPUIPlugin:80 - create IPUIPlugin
2024-08-13 09:33:09,707 [INFO] IPUIPlugin:80 - create IPUIPlugin
2024-08-13 09:33:09,707 [INFO] IPUIPlugin:80 - create IPUIPlugin
2024-08-13 09:33:09,707 [INFO] IPUIPlugin:80 - create IPUIPlugin
2024-08-13 09:33:09,707 [INFO] IPUIPlugin:80 - create IPUIPlugin
2024-08-13 09:33:09,707 [INFO] IPUIPlugin:80 - create IPUIPlugin
2024-08-13 09:33:09,707 [INFO] IPUIPlugin:80 - create IPUIPlugin
2024-08-13 09:33:09,707 [INFO] IPUIPlugin:80 - create IPUIPlugin
2024-08-13 09:33:09,707 [INFO] IPUIPlugin:80 - create IPUIPlugin
2024-08-13 09:33:09,707 [INFO] IPUIPlugin:80 - create IPUIPlugin
2024-08-13 09:33:09,707 [INFO] IPUIPlugin:80 - create IPUIPlugin
2024-08-13 09:33:09,707 [INFO] IPUIPlugin:80 - create IPUIPlugin
2024-08-13 09:33:09,707 [INFO] IPUIPlugin:80 - create IPUIPlugin
2024-08-13 09:33:09,707 [INFO] IPUIPlugin:80 - create IPUIPlugin
2024-08-13 09:33:09,707 [INFO] IPUIPlugin:80 - create IPUIPlugin
2024-08-13 09:33:09,707 [INFO] IPUIPlugin:80 - create IPUIPlugin
2024-08-13 09:33:09,707 [INFO] IPUIPlugin:80 - create IPUIPlugin
2024-08-13 09:33:09,707 [INFO] IPUIPlugin:80 - create IPUIPlugin
2024-08-13 09:33:09,708 [INFO] IPUIPlugin:80 - create IPUIPlugin
2024-08-13 09:33:09,708 [INFO] IPUIPlugin:80 - create IPUIPlugin
2024-08-13 09:33:09,708 [INFO] IPUIPlugin:80 - create IPUIPlugin
2024-08-13 09:33:09,708 [INFO] IPUIPlugin:80 - create IPUIPlugin
2024-08-13 09:33:09,708 [INFO] IPUIPlugin:80 - create IPUIPlugin
2024-08-13 09:33:09,708 [INFO] IPUIPlugin:80 - create IPUIPlugin
2024-08-13 09:33:09,709 [INFO] IPUIPlugin:80 - create IPUIPlugin
2024-08-13 09:33:09,709 [INFO] IPUIPlugin:80 - create IPUIPlugin
2024-08-13 09:33:09,709 [INFO] IPUIPlugin:80 - create IPUIPlugin
2024-08-13 09:33:09,709 [INFO] IPUIPlugin:80 - create IPUIPlugin
2024-08-13 09:33:09,709 [INFO] IPUIPlugin:80 - create IPUIPlugin
2024-08-13 09:33:09,710 [INFO] IPUIPlugin:80 - create IPUIPlugin
2024-08-13 09:33:09,710 [INFO] IPUIPlugin:80 - create IPUIPlugin
2024-08-13 09:33:09,710 [INFO] IPUIPlugin:80 - create IPUIPlugin
2024-08-13 09:33:09,710 [INFO] IPUIPlugin:80 - create IPUIPlugin
2024-08-13 09:33:09,710 [INFO] IPUIPlugin:80 - create IPUIPlugin
2024-08-13 09:33:09,710 [INFO] IPUIPlugin:80 - create IPUIPlugin
2024-08-13 09:33:09,711 [INFO] IPUIPlugin:80 - create IPUIPlugin
2024-08-13 09:33:09,711 [INFO] IPUIPlugin:80 - create IPUIPlugin
2024-08-13 09:33:09,711 [INFO] IPUIPlugin:80 - create IPUIPlugin
2024-08-13 09:33:09,711 [INFO] IPUIPlugin:80 - create IPUIPlugin
2024-08-13 09:33:09,711 [INFO] IPUIPlugin:80 - create IPUIPlugin
2024-08-13 09:33:09,711 [INFO] IPUIPlugin:80 - create IPUIPlugin
2024-08-13 09:33:09,711 [INFO] IPUIPlugin:80 - create IPUIPlugin
2024-08-13 09:33:09,712 [INFO] IPUIPlugin:80 - create IPUIPlugin
2024-08-13 09:33:09,712 [INFO] IPUIPlugin:80 - create IPUIPlugin
2024-08-13 09:33:09,712 [INFO] IPUIPlugin:80 - create IPUIPlugin
2024-08-13 09:33:09,712 [INFO] IPUIPlugin:80 - create IPUIPlugin
2024-08-13 09:33:09,712 [INFO] IPUIPlugin:80 - create IPUIPlugin
2024-08-13 09:33:09,712 [INFO] IPUIPlugin:80 - create IPUIPlugin
2024-08-13 09:33:09,747 [INFO] IPUIPlugin:80 - create IPUIPlugin
2024-08-13 09:33:09,748 [INFO] IPUIPlugin:80 - create IPUIPlugin
2024-08-13 09:33:09,748 [INFO] IPUIPlugin:80 - create IPUIPlugin
2024-08-13 09:33:09,756 [INFO] ApiDbMcu:508 - Load IP Config File for PDM2PCM
2024-08-13 09:33:09,785 [INFO] CADModel:165 - CPN selected for project levelSTM32F407VGT6
2024-08-13 09:33:09,785 [INFO] CADModel:114 - Register for checkConnection events
2024-08-13 09:33:09,834 [INFO] OpenFileManager:343 - Restore cursor
2024-08-13 09:40:12,716 [INFO] Gpio:277 - dependency for GPIO [RCC, SYS, TIM4]
2024-08-13 09:40:38,557 [INFO] Gpio:277 - dependency for GPIO [RCC, SYS, TIM4]
2024-08-13 09:40:38,590 [INFO] NvicIntPanel:101 - NVIC parent = com.st.microxplorer.plugins.ip.nvic.MultiNvicIntPanel[,0,0,0x0,invalid,layout=javax.swing.BoxLayout,alignmentX=0.0,alignmentY=0.0,border=,flags=9,maximumSize=,minimumSize=,preferredSize=]
2024-08-13 09:41:19,775 [INFO] Gpio:277 - dependency for GPIO [RCC, SYS, TIM4]
2024-08-13 09:43:23,310 [INFO] NvicIntPanel:101 - NVIC parent = com.st.microxplorer.plugins.ip.nvic.MultiNvicIntPanel[,0,0,450x76,layout=javax.swing.BoxLayout,alignmentX=0.0,alignmentY=0.0,border=,flags=9,maximumSize=,minimumSize=,preferredSize=]
2024-08-13 09:45:52,333 [INFO] UtilMem:75 - End SaveConfig() Used Memory: 951569800 Bytes (1073741824)
2024-08-13 09:45:55,262 [INFO] UtilMem:75 - End SaveConfig() Used Memory: 696742568 Bytes (1073741824)
2024-08-13 09:45:55,383 [INFO] BlockDiagram:2759 - set Specific Code input for plugin: TIM1_8
2024-08-13 09:45:55,384 [INFO] BlockDiagram:2759 - set Specific Code input for plugin: SYS
2024-08-13 09:45:55,384 [INFO] BlockDiagram:2759 - set Specific Code input for plugin: RCC
2024-08-13 09:45:55,384 [INFO] BlockDiagram:2759 - set Specific Code input for plugin: NVIC
2024-08-13 09:45:55,384 [INFO] BlockDiagram:2759 - set Specific Code input for plugin: GPIO
2024-08-13 09:45:55,384 [INFO] CodeGenerator:807 - code generatio: config db path: C:\ST\STM32CubeIDE_1.14.1\STM32CubeIDE\plugins\com.st.stm32cube.common.mx_6.10.0.202311202037\\db\
2024-08-13 09:45:55,468 [INFO] CodeEngine:255 - oldGeneratedFile, C:\Users\conne\STM32CubeIDE\workspace_1.14.1\uga_pwm_2\MXTmpFiles\license.tmp_save
2024-08-13 09:45:55,533 [INFO] CodeEngine:279 - Generated code: C:\Users\conne\STM32CubeIDE\workspace_1.14.1\uga_pwm_2\MXTmpFiles\license.tmp
2024-08-13 09:45:55,560 [INFO] CodeEngine:255 - oldGeneratedFile, C:\Users\conne\STM32CubeIDE\workspace_1.14.1\uga_pwm_2\MXTmpFiles\gpio.tmp_save
2024-08-13 09:45:55,619 [INFO] CodeEngine:279 - Generated code: C:\Users\conne\STM32CubeIDE\workspace_1.14.1\uga_pwm_2\MXTmpFiles\gpio.tmp
2024-08-13 09:45:55,657 [INFO] CodeEngine:255 - oldGeneratedFile, C:\Users\conne\STM32CubeIDE\workspace_1.14.1\uga_pwm_2\Core\Src\stm32f4xx_it.c_save
2024-08-13 09:45:55,839 [INFO] CodeEngine:279 - Generated code: C:\Users\conne\STM32CubeIDE\workspace_1.14.1\uga_pwm_2\Core\Src\stm32f4xx_it.c
2024-08-13 09:45:55,848 [INFO] CodeEngine:255 - oldGeneratedFile, C:\Users\conne\STM32CubeIDE\workspace_1.14.1\uga_pwm_2\Core\Inc\stm32f4xx_it.h_save
2024-08-13 09:45:55,894 [INFO] CodeEngine:279 - Generated code: C:\Users\conne\STM32CubeIDE\workspace_1.14.1\uga_pwm_2\Core\Inc\stm32f4xx_it.h
2024-08-13 09:45:55,913 [INFO] CodeEngine:255 - oldGeneratedFile, C:\Users\conne\STM32CubeIDE\workspace_1.14.1\uga_pwm_2\Core\Src\stm32f4xx_hal_msp.c_save
2024-08-13 09:45:55,982 [INFO] CodeEngine:279 - Generated code: C:\Users\conne\STM32CubeIDE\workspace_1.14.1\uga_pwm_2\Core\Src\stm32f4xx_hal_msp.c
2024-08-13 09:45:55,984 [INFO] CodeEngine:255 - oldGeneratedFile, C:\Users\conne\STM32CubeIDE\workspace_1.14.1\uga_pwm_2\MXTmpFiles\system.tmp_save
2024-08-13 09:45:56,024 [INFO] CodeEngine:279 - Generated code: C:\Users\conne\STM32CubeIDE\workspace_1.14.1\uga_pwm_2\MXTmpFiles\system.tmp
2024-08-13 09:45:56,036 [INFO] CodeEngine:311 - oldGeneratedFile, C:\Users\conne\STM32CubeIDE\workspace_1.14.1\uga_pwm_2\Core\Inc\stm32f4xx_hal_conf.h_save
2024-08-13 09:45:56,092 [INFO] CodeEngine:335 - Generated code: C:\Users\conne\STM32CubeIDE\workspace_1.14.1\uga_pwm_2\Core\Inc\stm32f4xx_hal_conf.h
2024-08-13 09:45:56,108 [WARN] IPConfigManager:3440 - IP not found : TIM
2024-08-13 09:45:56,110 [WARN] CodeGenerator:3939 - IP not found : null
2024-08-13 09:45:56,124 [INFO] CodeEngine:255 - oldGeneratedFile, C:\Users\conne\STM32CubeIDE\workspace_1.14.1\uga_pwm_2\Core\Inc\main.h_save
2024-08-13 09:45:56,230 [INFO] CodeEngine:279 - Generated code: C:\Users\conne\STM32CubeIDE\workspace_1.14.1\uga_pwm_2\Core\Inc\main.h
2024-08-13 09:45:56,245 [INFO] CodeEngine:255 - oldGeneratedFile, C:\Users\conne\STM32CubeIDE\workspace_1.14.1\uga_pwm_2\Core\Src\main.c_save
2024-08-13 09:45:56,316 [INFO] CodeEngine:279 - Generated code: C:\Users\conne\STM32CubeIDE\workspace_1.14.1\uga_pwm_2\Core\Src\main.c
2024-08-13 09:45:56,919 [INFO] ProjectBuilder:3076 - Time for Copy HAL[1] : 246mS.
2024-08-13 09:45:56,921 [INFO] ProjectBuilder:4485 - Project Generator version: 4.2.0-B44
2024-08-13 09:45:57,257 [INFO] ConfigFileManager:1495 - The Die is : DIE413
2024-08-13 09:45:57,263 [INFO] ApiDbMcu:508 - Load IP Config File for FATFS
2024-08-13 09:45:57,271 [INFO] ApiDbMcu:508 - Load IP Config File for FREERTOS
2024-08-13 09:45:57,275 [INFO] ApiDbMcu:508 - Load IP Config File for LIBJPEG
2024-08-13 09:45:57,286 [INFO] ApiDbMcu:508 - Load IP Config File for LWIP
2024-08-13 09:45:57,296 [INFO] ApiDbMcu:508 - Load IP Config File for MBEDTLS
2024-08-13 09:45:57,306 [INFO] ApiDbMcu:508 - Load IP Config File for USB_DEVICE
2024-08-13 09:45:57,311 [INFO] ApiDbMcu:508 - Load IP Config File for USB_HOST
2024-08-13 09:45:58,809 [INFO] ProjectBuilder:4747 - Time for Generating toolchain IDE Files: 1888mS.
2024-08-13 09:45:58,811 [INFO] ProjectBuilder:2947 - Time for Copy CMSIS : 1mS.
2024-08-13 09:45:58,819 [INFO] ProjectBuilder:2947 - Time for Copy CMSIS : 1mS.
2024-08-13 10:49:36,280 [INFO] MainUpdater:2873 - connection check result : 10
2024-08-13 10:49:36,280 [INFO] MainUpdater:2873 - connection check result : 10
2024-08-13 10:49:36,311 [INFO] MicroXplorer:468 - Change Database Path : 
2024-08-13 10:49:36,311 [INFO] MicroXplorer:498 - Change Database Version : DB.6.0.100
2024-08-13 10:49:36,326 [ERROR] ProjectManagerView:394 - 
java.lang.NullPointerException: Cannot invoke "javax.swing.JTextField.getText()" because the return value of "java.util.List.get(int)" is null
	at com.st.microxplorer.plugins.projectmanager.gui.ProjectChoiceTab$10.caretUpdate(ProjectChoiceTab.java:2493) ~[filemanager.jar:?]
	at javax.swing.text.JTextComponent.fireCaretUpdate(JTextComponent.java:412) ~[?:?]
	at javax.swing.text.JTextComponent$MutableCaretEvent.fire(JTextComponent.java:4491) ~[?:?]
	at javax.swing.text.JTextComponent$MutableCaretEvent.stateChanged(JTextComponent.java:4513) ~[?:?]
	at javax.swing.text.DefaultCaret.fireStateChanged(DefaultCaret.java:842) ~[?:?]
	at javax.swing.text.DefaultCaret.changeCaretPosition(DefaultCaret.java:1313) ~[?:?]
	at javax.swing.text.DefaultCaret.handleSetDot(DefaultCaret.java:1212) ~[?:?]
	at javax.swing.text.DefaultCaret.setDot(DefaultCaret.java:1193) ~[?:?]
	at javax.swing.text.DefaultCaret$Handler.insertUpdate(DefaultCaret.java:1789) ~[?:?]
	at javax.swing.text.AbstractDocument.fireInsertUpdate(AbstractDocument.java:226) ~[?:?]
	at javax.swing.text.AbstractDocument.handleInsertString(AbstractDocument.java:780) ~[?:?]
	at javax.swing.text.AbstractDocument.insertString(AbstractDocument.java:739) ~[?:?]
	at javax.swing.text.PlainDocument.insertString(PlainDocument.java:131) ~[?:?]
	at javax.swing.text.AbstractDocument.replace(AbstractDocument.java:698) ~[?:?]
	at javax.swing.text.JTextComponent.setText(JTextComponent.java:1729) ~[?:?]
	at com.st.microxplorer.plugins.projectmanager.gui.ProjectChoiceTab.createHeapStackFields(ProjectChoiceTab.java:933) ~[filemanager.jar:?]
	at com.st.microxplorer.plugins.projectmanager.gui.ProjectChoiceTab.buildLinkSettingsPanel(ProjectChoiceTab.java:3426) ~[filemanager.jar:?]
	at com.st.microxplorer.plugins.projectmanager.gui.ProjectChoiceTab.defineWindowsFields(ProjectChoiceTab.java:1813) ~[filemanager.jar:?]
	at com.st.microxplorer.plugins.projectmanager.gui.ProjectChoiceTab.updateSettings(ProjectChoiceTab.java:533) ~[filemanager.jar:?]
	at com.st.microxplorer.plugins.projectmanager.gui.ProjectSettingsPanel.UpdateDialog(ProjectSettingsPanel.java:244) ~[filemanager.jar:?]
	at com.st.microxplorer.plugins.projectmanager.ProjectManagerView.propertyChange(ProjectManagerView.java:391) ~[filemanager.jar:?]
	at java.beans.PropertyChangeSupport.fire(PropertyChangeSupport.java:343) ~[?:?]
	at java.beans.PropertyChangeSupport.firePropertyChange(PropertyChangeSupport.java:335) ~[?:?]
	at java.beans.PropertyChangeSupport.firePropertyChange(PropertyChangeSupport.java:268) ~[?:?]
	at com.st.microxplorer.util.MXPropertyChangeSupport.firePropertyChange(MXPropertyChangeSupport.java:54) ~[STM32CubeMX.jar:?]
	at com.st.microxplorer.mxsystem.MxSystem.closeConfig(MxSystem.java:900) ~[STM32CubeMX.jar:?]
	at com.st.microxplorer.maingui.MainPanel.closeConfig(MainPanel.java:776) ~[STM32CubeMX.jar:?]
	at com.st.microxplorer.plugins.filemanager.engine.OpenFileManager.loadConfigurationFile(OpenFileManager.java:245) ~[filemanager.jar:?]
	at com.st.microxplorer.plugins.filemanager.engine.MainFileManager.userLoadConfig(MainFileManager.java:290) ~[filemanager.jar:?]
	at com.st.microxplorer.plugins.filemanager.FileManagerView.getSpecificTask(FileManagerView.java:247) ~[filemanager.jar:?]
	at com.st.stm32cube.common.mx.editor.CubeMxEditor.getMxTabbedPaneInstance(CubeMxEditor.java:1184) ~[com.st.stm32cube.common.mx_6.10.0.202311202037/:?]
	at com.st.stm32cube.common.mx.editor.CubeMxEditor$12$1.createSwingComponent(CubeMxEditor.java:1065) ~[com.st.stm32cube.common.mx_6.10.0.202311202037/:?]
	at com.st.stm32cube.common.mx.oss.core.awtswtbridge.EmbeddedSwingComposite.doComponentCreation(EmbeddedSwingComposite.java:492) ~[com.st.stm32cube.common.mx.oss_6.10.0.202311202037/:?]
	at com.st.stm32cube.common.mx.oss.core.awtswtbridge.EmbeddedSwingComposite$4.run(EmbeddedSwingComposite.java:291) ~[com.st.stm32cube.common.mx.oss_6.10.0.202311202037/:?]
	at com.st.stm32cube.common.mx.oss.core.awtswtbridge.AwtEnvironment$2.run(AwtEnvironment.java:166) ~[com.st.stm32cube.common.mx.oss_6.10.0.202311202037/:?]
	at java.awt.event.InvocationEvent.dispatch(InvocationEvent.java:318) ~[?:?]
	at java.awt.EventQueue.dispatchEventImpl(EventQueue.java:773) ~[?:?]
	at java.awt.EventQueue$4.run(EventQueue.java:720) ~[?:?]
	at java.awt.EventQueue$4.run(EventQueue.java:714) ~[?:?]
	at java.security.AccessController.doPrivileged(AccessController.java:399) ~[?:?]
	at java.security.ProtectionDomain$JavaSecurityAccessImpl.doIntersectionPrivilege(ProtectionDomain.java:86) ~[?:?]
	at java.awt.EventQueue.dispatchEvent(EventQueue.java:742) ~[?:?]
	at java.awt.EventDispatchThread.pumpOneEventForFilters(EventDispatchThread.java:203) ~[?:?]
	at java.awt.EventDispatchThread.pumpEventsForFilter(EventDispatchThread.java:124) ~[?:?]
	at java.awt.EventDispatchThread.pumpEventsForHierarchy(EventDispatchThread.java:113) ~[?:?]
	at java.awt.EventDispatchThread.pumpEvents(EventDispatchThread.java:109) ~[?:?]
	at java.awt.EventDispatchThread.pumpEvents(EventDispatchThread.java:101) ~[?:?]
	at java.awt.EventDispatchThread.run(EventDispatchThread.java:90) ~[?:?]
2024-08-13 10:49:36,327 [WARN] ThirdParty:871 - waiting for thirdparty lock release [close project]
2024-08-13 10:49:36,327 [INFO] ThirdParty:873 - entering critical section [close project]
2024-08-13 10:49:36,327 [INFO] ThirdParty:883 - exiting critical section [close project]
2024-08-13 10:49:36,329 [INFO] PinOutPanel:1499 - setPackage(No Configuration,No Configuration)
2024-08-13 10:49:36,333 [WARN] IpParametersView:151 - Warning: This peripheral hasn't parameters
2024-08-13 10:49:36,335 [WARN] MainPanel:272 - <html><b><center>Warning: This peripheral has no parameters to be configured<br></b></html>
2024-08-13 10:49:36,341 [INFO] UtilMem:75 - Begin LoadConfig() Used Memory: 850522512 Bytes (1073741824)
2024-08-13 10:49:36,342 [INFO] MicroXplorer:468 - Change Database Path : 
2024-08-13 10:49:36,342 [INFO] MicroXplorer:498 - Change Database Version : DB.6.0.100
2024-08-13 10:49:36,342 [INFO] OpenFileManager:312 - Change cursor
2024-08-13 10:49:36,369 [INFO] RulesReader:64 - Compatibility file has been processed (297 Rules)
2024-08-13 10:49:36,378 [INFO] Mcu:2016 - Initializing MCU STM32F407V(E-G)Tx STM32F407VGTx STM32F407VGT7
2024-08-13 10:49:37,967 [INFO] Context:659 - Trying to add GPIOservice into a context  which must be forbidden
2024-08-13 10:49:38,483 [INFO] RtosManager:555 - Registered RTOS mode: class=CMSIS, group=RTOS, mode=CMSIS_V1, owner=FREERTOS
2024-08-13 10:49:38,483 [INFO] RtosManager:555 - Registered RTOS mode: class=CMSIS, group=RTOS2, mode=CMSIS_V2, owner=FREERTOS
2024-08-13 10:49:38,483 [INFO] RtosManager:555 - Registered RTOS mode: class=RTOS, group=Core, mode=CMSIS_V1, owner=FREERTOS
2024-08-13 10:49:38,484 [INFO] RtosManager:555 - Registered RTOS mode: class=RTOS, group=Core, mode=CMSIS_V2, owner=FREERTOS
2024-08-13 10:49:38,484 [WARN] ModelIntegratedComponent:184 - Missing modes for component STMicroelectronics:FreeRTOS:0.0.1:STMicroelectronics:RTOS:FreeRTOS:Core:::10.2.0:
2024-08-13 10:49:38,492 [WARN] ModelIntegratedComponent:63 - No mode defined for component null
2024-08-13 10:49:38,492 [WARN] ModelIntegratedComponent:63 - No mode defined for component null
2024-08-13 10:49:38,492 [WARN] ModelIntegratedComponent:63 - No mode defined for component null
2024-08-13 10:49:38,492 [WARN] ModelIntegratedComponent:63 - No mode defined for component null
2024-08-13 10:49:38,492 [WARN] ModelIntegratedComponent:63 - No mode defined for component null
2024-08-13 10:49:38,492 [WARN] ModelIntegratedComponent:63 - No mode defined for component null
2024-08-13 10:49:38,492 [WARN] ModelIntegratedComponent:63 - No mode defined for component null
2024-08-13 10:49:38,492 [WARN] ModelIntegratedComponent:63 - No mode defined for component null
2024-08-13 10:49:38,492 [WARN] ModelIntegratedComponent:63 - No mode defined for component null
2024-08-13 10:49:38,493 [WARN] ModelIntegratedComponent:63 - No mode defined for component null
2024-08-13 10:49:38,493 [WARN] ModelIntegratedComponent:63 - No mode defined for component null
2024-08-13 10:49:38,493 [WARN] ModelIntegratedComponent:63 - No mode defined for component null
2024-08-13 10:49:38,493 [WARN] ModelIntegratedComponent:63 - No mode defined for component null
2024-08-13 10:49:38,493 [WARN] ModelIntegratedComponent:63 - No mode defined for component null
2024-08-13 10:49:38,493 [WARN] ModelIntegratedComponent:63 - No mode defined for component null
2024-08-13 10:49:38,493 [WARN] ModelIntegratedComponent:63 - No mode defined for component null
2024-08-13 10:49:38,493 [WARN] ModelIntegratedComponent:63 - No mode defined for component null
2024-08-13 10:49:38,493 [WARN] ModelIntegratedComponent:63 - No mode defined for component null
2024-08-13 10:49:38,493 [WARN] ModelIntegratedComponent:63 - No mode defined for component null
2024-08-13 10:49:38,494 [WARN] ModelIntegratedComponent:63 - No mode defined for component null
2024-08-13 10:49:38,494 [WARN] ModelIntegratedComponent:63 - No mode defined for component null
2024-08-13 10:49:38,494 [WARN] ModelIntegratedComponent:63 - No mode defined for component null
2024-08-13 10:49:38,494 [WARN] ModelIntegratedComponent:63 - No mode defined for component null
2024-08-13 10:49:38,494 [WARN] ModelIntegratedComponent:63 - No mode defined for component null
2024-08-13 10:49:38,494 [WARN] ModelIntegratedComponent:63 - No mode defined for component null
2024-08-13 10:49:38,494 [WARN] ModelIntegratedComponent:63 - No mode defined for component null
2024-08-13 10:49:38,494 [WARN] ModelIntegratedComponent:63 - No mode defined for component null
2024-08-13 10:49:38,494 [WARN] ModelIntegratedComponent:63 - No mode defined for component null
2024-08-13 10:49:38,494 [WARN] ModelIntegratedComponent:63 - No mode defined for component null
2024-08-13 10:49:38,494 [WARN] ModelIntegratedComponent:63 - No mode defined for component null
2024-08-13 10:49:38,494 [WARN] ModelIntegratedComponent:63 - No mode defined for component null
2024-08-13 10:49:38,494 [WARN] ModelIntegratedComponent:63 - No mode defined for component null
2024-08-13 10:49:38,494 [WARN] ModelIntegratedComponent:63 - No mode defined for component null
2024-08-13 10:49:38,562 [INFO] ThirdPartyModel:298 - Start build external matchings
2024-08-13 10:49:38,976 [INFO] ThirdPartyModel:316 - End build external matchings
2024-08-13 10:49:38,987 [INFO] ImportTextPane:194 - (OptionalMessage_ERROR) IP (RCC) : Parameter (RTCHSEDivFreq_Value) has invalid value (4000000)
2024-08-13 10:49:39,269 [INFO] UtilMem:75 - End LoadConfig() Used Memory: 912924696 Bytes (1073741824)
2024-08-13 10:49:39,296 [INFO] MicroXplorer:468 - Change Database Path : 
2024-08-13 10:49:39,296 [INFO] MicroXplorer:498 - Change Database Version : DB.6.0.100
2024-08-13 10:49:39,296 [WARN] ThirdParty:833 - waiting for thirdparty lock release [change project]
2024-08-13 10:49:39,296 [INFO] ThirdParty:835 - entering critical section [change project]
2024-08-13 10:49:39,296 [INFO] ThirdParty:1030 - CMSIS Pack Vendor :STMicroelectronics USBPD 4.1
2024-08-13 10:49:39,296 [INFO] ThirdParty:1030 - CMSIS Pack Vendor :STMicroelectronics X-CUBE-GNSS1 6.0.0
2024-08-13 10:49:39,296 [INFO] ThirdParty:1030 - CMSIS Pack Vendor :STMicroelectronics USB_HOST 2.0.0
2024-08-13 10:49:39,296 [INFO] ThirdParty:1030 - CMSIS Pack Vendor :STMicroelectronics FP-SNS-MOTENVWB1 1.4.0
2024-08-13 10:49:39,296 [INFO] ThirdParty:1030 - CMSIS Pack Vendor :STMicroelectronics X-CUBE-AZRTOS-F4 1.1.0
2024-08-13 10:49:39,296 [INFO] ThirdParty:1030 - CMSIS Pack Vendor :STMicroelectronics LIBJPEG 8.0.0
2024-08-13 10:49:39,296 [INFO] ThirdParty:1030 - CMSIS Pack Vendor :STMicroelectronics X-CUBE-SMBUS 2.1.0
2024-08-13 10:49:39,296 [INFO] ThirdParty:1030 - CMSIS Pack Vendor :STMicroelectronics USB_DEVICE 3.0.0
2024-08-13 10:49:39,296 [INFO] ThirdParty:1030 - CMSIS Pack Vendor :STMicroelectronics X-CUBE-TCPP 4.1.0
2024-08-13 10:49:39,296 [INFO] ThirdParty:1030 - CMSIS Pack Vendor :STMicroelectronics X-CUBE-FREERTOS 1.2.0
2024-08-13 10:49:39,296 [INFO] ThirdParty:1030 - CMSIS Pack Vendor :STMicroelectronics X-CUBE-AZRTOS-WB 2.0.0
2024-08-13 10:49:39,296 [INFO] ThirdParty:1030 - CMSIS Pack Vendor :wolfSSL I-CUBE-wolfSSL 5.6.6
2024-08-13 10:49:39,296 [INFO] ThirdParty:1030 - CMSIS Pack Vendor :STMicroelectronics X-CUBE-TOUCHGFX 4.23.1
2024-08-13 10:49:39,296 [INFO] ThirdParty:1030 - CMSIS Pack Vendor :STMicroelectronics X-CUBE-TOUCHGFX 4.23.0
2024-08-13 10:49:39,296 [INFO] ThirdParty:1030 - CMSIS Pack Vendor :STMicroelectronics X-CUBE-TOUCHGFX 4.23.2
2024-08-13 10:49:39,296 [INFO] ThirdParty:1030 - CMSIS Pack Vendor :STMicroelectronics X-CUBE-AZRTOS-F7 1.1.0
2024-08-13 10:49:39,296 [INFO] ThirdParty:1030 - CMSIS Pack Vendor :STMicroelectronics X-CUBE-AZRTOS-L5 2.0.0
2024-08-13 10:49:39,296 [INFO] ThirdParty:1030 - CMSIS Pack Vendor :STMicroelectronics USB_DEVICE 2.0.0
2024-08-13 10:49:39,296 [INFO] ThirdParty:1030 - CMSIS Pack Vendor :STMicroelectronics X-CUBE-NFC6 3.1.0
2024-08-13 10:49:39,296 [INFO] ThirdParty:1030 - CMSIS Pack Vendor :ITTIA_DB I-CUBE-ITTIADB 8.8.0
2024-08-13 10:49:39,296 [INFO] ThirdParty:1030 - CMSIS Pack Vendor :STMicroelectronics FP-SNS-STBOX1 2.0.0
2024-08-13 10:49:39,296 [INFO] ThirdParty:1030 - CMSIS Pack Vendor :STMicroelectronics FP-SNS-MOTENV1 4.3.2
2024-08-13 10:49:39,296 [INFO] ThirdParty:1030 - CMSIS Pack Vendor :STMicroelectronics X-CUBE-ALGOBUILD 1.3.0
2024-08-13 10:49:39,296 [INFO] ThirdParty:1030 - CMSIS Pack Vendor :STMicroelectronics FreeRTOS 0.0.1
2024-08-13 10:49:39,296 [INFO] ThirdParty:1030 - CMSIS Pack Vendor :STMicroelectronics X-CUBE-AZRTOS-G0 1.1.0
2024-08-13 10:49:39,296 [INFO] ThirdParty:1030 - CMSIS Pack Vendor :STMicroelectronics X-CUBE-SAFEA1 1.2.2
2024-08-13 10:49:39,296 [INFO] ThirdParty:1030 - CMSIS Pack Vendor :STMicroelectronics X-CUBE-NFC4 3.0.0
2024-08-13 10:49:39,296 [INFO] ThirdParty:1030 - CMSIS Pack Vendor :STMicroelectronics X-CUBE-DPower 1.2.0
2024-08-13 10:49:39,296 [INFO] ThirdParty:1030 - CMSIS Pack Vendor :STMicroelectronics X-CUBE-SUBG2 5.0.0
2024-08-13 10:49:39,297 [INFO] ThirdParty:1030 - CMSIS Pack Vendor :STMicroelectronics STM32_WPAN 1.0.0
2024-08-13 10:49:39,297 [INFO] ThirdParty:1030 - CMSIS Pack Vendor :EmbeddedOffice I-CUBE-FS-RTOS 1.0.1
2024-08-13 10:49:39,297 [INFO] ThirdParty:1030 - CMSIS Pack Vendor :STMicroelectronics lwIP 2.0.3
2024-08-13 10:49:39,297 [INFO] ThirdParty:1030 - CMSIS Pack Vendor :STMicroelectronics FP-SNS-FLIGHT1 5.0.2
2024-08-13 10:49:39,297 [INFO] ThirdParty:1030 - CMSIS Pack Vendor :Cesanta I-CUBE-Mongoose 7.13.0
2024-08-13 10:49:39,297 [INFO] ThirdParty:1030 - CMSIS Pack Vendor :STMicroelectronics USB_HOST 1.0.0
2024-08-13 10:49:39,297 [INFO] ThirdParty:1030 - CMSIS Pack Vendor :STMicroelectronics X-CUBE-AI 9.0.0
2024-08-13 10:49:39,297 [INFO] ThirdParty:1030 - CMSIS Pack Vendor :STMicroelectronics X-CUBE-AZRTOS-G4 2.0.0
2024-08-13 10:49:39,297 [INFO] ThirdParty:1030 - CMSIS Pack Vendor :STMicroelectronics PDM2PCM 3.1.0
2024-08-13 10:49:39,297 [INFO] ThirdParty:1030 - CMSIS Pack Vendor :Infineon AIROC-Wi-Fi-Bluetooth-STM32 1.5.1
2024-08-13 10:49:39,297 [INFO] ThirdParty:1030 - CMSIS Pack Vendor :STMicroelectronics PDM2PCM 3.3.0
2024-08-13 10:49:39,297 [INFO] ThirdParty:1030 - CMSIS Pack Vendor :STMicroelectronics X-CUBE-DISPLAY 3.0.0
2024-08-13 10:49:39,297 [INFO] ThirdParty:1030 - CMSIS Pack Vendor :RealThread X-CUBE-RT-Thread_Nano 4.1.1
2024-08-13 10:49:39,297 [INFO] ThirdParty:1030 - CMSIS Pack Vendor :STMicroelectronics FP-SNS-MOTENVWB1 1.3.1
2024-08-13 10:49:39,297 [INFO] ThirdParty:1030 - CMSIS Pack Vendor :STMicroelectronics X-CUBE-BLE1 7.0.0
2024-08-13 10:49:39,297 [INFO] ThirdParty:1030 - CMSIS Pack Vendor :STMicroelectronics FP-ATR-SIGFOX1 3.2.0
2024-08-13 10:49:39,297 [INFO] ThirdParty:1030 - CMSIS Pack Vendor :STMicroelectronics X-CUBE-ISPU 2.0.0
2024-08-13 10:49:39,297 [INFO] ThirdParty:1030 - CMSIS Pack Vendor :STMicroelectronics X-CUBE-EEPRMA1 5.1.0
2024-08-13 10:49:39,297 [INFO] ThirdParty:1030 - CMSIS Pack Vendor :STMicroelectronics HAL Drivers 0.0.0
2024-08-13 10:49:39,297 [INFO] ThirdParty:1030 - CMSIS Pack Vendor :STMicroelectronics MBEDTLS 2.16.2
2024-08-13 10:49:39,297 [INFO] ThirdParty:1030 - CMSIS Pack Vendor :STMicroelectronics X-CUBE-ALS 1.0.2
2024-08-13 10:49:39,297 [INFO] ThirdParty:1030 - CMSIS Pack Vendor :emotas I-CUBE-CANOPEN 1.3.0
2024-08-13 10:49:39,297 [INFO] ThirdParty:1030 - CMSIS Pack Vendor :STMicroelectronics X-CUBE-MEMS1 10.0.0
2024-08-13 10:49:39,297 [INFO] ThirdParty:1030 - CMSIS Pack Vendor :STMicroelectronics X-CUBE-FREERTOS 1.1.0
2024-08-13 10:49:39,297 [INFO] ThirdParty:1030 - CMSIS Pack Vendor :STMicroelectronics X-CUBE-NFC7 1.0.1
2024-08-13 10:49:39,297 [INFO] ThirdParty:1030 - CMSIS Pack Vendor :STMicroelectronics MBEDTLS 2.14.1
2024-08-13 10:49:39,297 [INFO] ThirdParty:1030 - CMSIS Pack Vendor :STMicroelectronics X-CUBE-TOUCHGFX 4.24.0
2024-08-13 10:49:39,297 [INFO] ThirdParty:1030 - CMSIS Pack Vendor :wolfSSL I-CUBE-wolfTPM 3.2.0
2024-08-13 10:49:39,297 [INFO] ThirdParty:1030 - CMSIS Pack Vendor :STMicroelectronics X-CUBE-NFC6 3.0.0
2024-08-13 10:49:39,297 [INFO] ThirdParty:1030 - CMSIS Pack Vendor :portGmbH I-Cube-SoM-uGOAL 1.1.0
2024-08-13 10:49:39,297 [INFO] ThirdParty:1030 - CMSIS Pack Vendor :STMicroelectronics X-CUBE-ALS 1.0.1
2024-08-13 10:49:39,297 [INFO] ThirdParty:1030 - CMSIS Pack Vendor :STMicroelectronics X-CUBE-BLEMGR 3.1.0
2024-08-13 10:49:39,297 [INFO] ThirdParty:1030 - CMSIS Pack Vendor :STMicroelectronics ThreadX 1.0.0
2024-08-13 10:49:39,297 [INFO] ThirdParty:1030 - CMSIS Pack Vendor :STMicroelectronics FP-SNS-SMARTAG2 1.2.0
2024-08-13 10:49:39,297 [INFO] ThirdParty:1030 - CMSIS Pack Vendor :STMicroelectronics X-CUBE-AZRTOS-WL 2.0.0
2024-08-13 10:49:39,297 [INFO] ThirdParty:1030 - CMSIS Pack Vendor :SEGGER I-CUBE-embOS 1.3.1
2024-08-13 10:49:39,297 [INFO] ThirdParty:1030 - CMSIS Pack Vendor :STMicroelectronics X-CUBE-ALGOBUILD 1.4.0
2024-08-13 10:49:39,297 [INFO] ThirdParty:1030 - CMSIS Pack Vendor :STMicroelectronics FP-SNS-MOTENV1 5.0.0
2024-08-13 10:49:39,297 [INFO] ThirdParty:1030 - CMSIS Pack Vendor :STMicroelectronics USB_DEVICE 1.0.0
2024-08-13 10:49:39,297 [INFO] ThirdParty:1030 - CMSIS Pack Vendor :STMicroelectronics X-CUBE-AI 8.1.0
2024-08-13 10:49:39,297 [INFO] ThirdParty:1030 - CMSIS Pack Vendor :STMicroelectronics X-CUBE-AZRTOS-H7RS 1.0.0
2024-08-13 10:49:39,298 [INFO] ThirdParty:1030 - CMSIS Pack Vendor :wolfSSL I-CUBE-wolfMQTT 1.19.0
2024-08-13 10:49:39,298 [INFO] ThirdParty:1030 - CMSIS Pack Vendor :STMicroelectronics X-CUBE-AZRTOS-L4 2.0.0
2024-08-13 10:49:39,298 [INFO] ThirdParty:1030 - CMSIS Pack Vendor :STMicroelectronics ThreadX 0.0.2
2024-08-13 10:49:39,298 [INFO] ThirdParty:1030 - CMSIS Pack Vendor :WES I-CUBE-Cesium 1.3.0
2024-08-13 10:49:39,298 [INFO] ThirdParty:1030 - CMSIS Pack Vendor :STMicroelectronics FP-ATR-ASTRA1 2.0.0
2024-08-13 10:49:39,298 [INFO] ThirdParty:1030 - CMSIS Pack Vendor :STMicroelectronics lwIP 2.1.2
2024-08-13 10:49:39,298 [INFO] ThirdParty:1030 - CMSIS Pack Vendor :STMicroelectronics X-CUBE-SFXS2LP1 4.0.0
2024-08-13 10:49:39,298 [INFO] ThirdParty:1030 - CMSIS Pack Vendor :STMicroelectronics X-CUBE-BLE2 3.3.0
2024-08-13 10:49:39,298 [INFO] ThirdParty:1030 - CMSIS Pack Vendor :STMicroelectronics X-CUBE-TOF1 3.4.2
2024-08-13 10:49:39,298 [INFO] ThirdParty:1030 - CMSIS Pack Vendor :STMicroelectronics X-CUBE-TOF1 3.4.0
2024-08-13 10:49:39,298 [INFO] ThirdParty:1030 - CMSIS Pack Vendor :STMicroelectronics X-CUBE-TOF1 3.4.1
2024-08-13 10:49:39,298 [INFO] ThirdParty:1030 - CMSIS Pack Vendor :STMicroelectronics X-CUBE-AZRTOS-H7 3.2.0
2024-08-13 10:49:39,298 [INFO] ThirdParty:1030 - CMSIS Pack Vendor :STMicroelectronics PDM2PCM 3.2.0
2024-08-13 10:49:39,298 [INFO] ThirdParty:1030 - CMSIS Pack Vendor :wolfSSL I-CUBE-wolfSSH 1.4.17
2024-08-13 10:49:39,298 [INFO] ThirdParty:841 - exiting critical section [change project]
2024-08-13 10:49:39,411 [INFO] PinOutPanel:1499 - setPackage(No Configuration,No Configuration)
2024-08-13 10:49:39,412 [INFO] PinOutPanel:1499 - setPackage(STM32F407VGTx,LQFP100)
2024-08-13 10:49:39,638 [INFO] UtilMem:75 - Before build in PCC Used Memory: 811330408 Bytes (1073741824)
2024-08-13 10:49:39,911 [INFO] UtilMem:75 - After build in PCC Used Memory: 857994088 Bytes (1073741824)
2024-08-13 10:49:39,921 [INFO] IPUIPlugin:80 - create IPUIPlugin
2024-08-13 10:49:39,922 [INFO] IPUIPlugin:80 - create IPUIPlugin
2024-08-13 10:49:39,922 [INFO] IPUIPlugin:80 - create IPUIPlugin
2024-08-13 10:49:39,922 [INFO] IPUIPlugin:80 - create IPUIPlugin
2024-08-13 10:49:39,922 [INFO] IPUIPlugin:80 - create IPUIPlugin
2024-08-13 10:49:39,922 [INFO] IPUIPlugin:80 - create IPUIPlugin
2024-08-13 10:49:39,922 [INFO] IPUIPlugin:80 - create IPUIPlugin
2024-08-13 10:49:39,922 [INFO] IPUIPlugin:80 - create IPUIPlugin
2024-08-13 10:49:39,922 [INFO] IPUIPlugin:80 - create IPUIPlugin
2024-08-13 10:49:39,922 [INFO] IPUIPlugin:80 - create IPUIPlugin
2024-08-13 10:49:39,922 [INFO] IPUIPlugin:80 - create IPUIPlugin
2024-08-13 10:49:39,922 [INFO] IPUIPlugin:80 - create IPUIPlugin
2024-08-13 10:49:39,922 [INFO] IPUIPlugin:80 - create IPUIPlugin
2024-08-13 10:49:39,922 [INFO] IPUIPlugin:80 - create IPUIPlugin
2024-08-13 10:49:39,922 [INFO] IPUIPlugin:80 - create IPUIPlugin
2024-08-13 10:49:39,922 [INFO] IPUIPlugin:80 - create IPUIPlugin
2024-08-13 10:49:39,922 [INFO] IPUIPlugin:80 - create IPUIPlugin
2024-08-13 10:49:39,922 [INFO] IPUIPlugin:80 - create IPUIPlugin
2024-08-13 10:49:39,922 [INFO] IPUIPlugin:80 - create IPUIPlugin
2024-08-13 10:49:39,922 [INFO] IPUIPlugin:80 - create IPUIPlugin
2024-08-13 10:49:39,922 [INFO] IPUIPlugin:80 - create IPUIPlugin
2024-08-13 10:49:39,922 [INFO] IPUIPlugin:80 - create IPUIPlugin
2024-08-13 10:49:39,922 [INFO] IPUIPlugin:80 - create IPUIPlugin
2024-08-13 10:49:39,922 [INFO] IPUIPlugin:80 - create IPUIPlugin
2024-08-13 10:49:39,922 [INFO] IPUIPlugin:80 - create IPUIPlugin
2024-08-13 10:49:39,923 [INFO] IPUIPlugin:80 - create IPUIPlugin
2024-08-13 10:49:39,923 [INFO] IPUIPlugin:80 - create IPUIPlugin
2024-08-13 10:49:39,923 [INFO] IPUIPlugin:80 - create IPUIPlugin
2024-08-13 10:49:39,923 [INFO] IPUIPlugin:80 - create IPUIPlugin
2024-08-13 10:49:39,923 [INFO] IPUIPlugin:80 - create IPUIPlugin
2024-08-13 10:49:39,923 [INFO] IPUIPlugin:80 - create IPUIPlugin
2024-08-13 10:49:39,923 [INFO] IPUIPlugin:80 - create IPUIPlugin
2024-08-13 10:49:39,923 [INFO] IPUIPlugin:80 - create IPUIPlugin
2024-08-13 10:49:39,923 [INFO] IPUIPlugin:80 - create IPUIPlugin
2024-08-13 10:49:39,923 [INFO] IPUIPlugin:80 - create IPUIPlugin
2024-08-13 10:49:39,923 [INFO] IPUIPlugin:80 - create IPUIPlugin
2024-08-13 10:49:39,923 [INFO] IPUIPlugin:80 - create IPUIPlugin
2024-08-13 10:49:39,923 [INFO] IPUIPlugin:80 - create IPUIPlugin
2024-08-13 10:49:39,923 [INFO] IPUIPlugin:80 - create IPUIPlugin
2024-08-13 10:49:39,924 [INFO] IPUIPlugin:80 - create IPUIPlugin
2024-08-13 10:49:39,924 [INFO] IPUIPlugin:80 - create IPUIPlugin
2024-08-13 10:49:39,924 [INFO] IPUIPlugin:80 - create IPUIPlugin
2024-08-13 10:49:39,924 [INFO] IPUIPlugin:80 - create IPUIPlugin
2024-08-13 10:49:39,924 [INFO] IPUIPlugin:80 - create IPUIPlugin
2024-08-13 10:49:39,924 [INFO] IPUIPlugin:80 - create IPUIPlugin
2024-08-13 10:49:39,925 [INFO] IPUIPlugin:80 - create IPUIPlugin
2024-08-13 10:49:39,925 [INFO] IPUIPlugin:80 - create IPUIPlugin
2024-08-13 10:49:39,925 [INFO] IPUIPlugin:80 - create IPUIPlugin
2024-08-13 10:49:39,925 [INFO] IPUIPlugin:80 - create IPUIPlugin
2024-08-13 10:49:39,925 [INFO] IPUIPlugin:80 - create IPUIPlugin
2024-08-13 10:49:39,925 [INFO] IPUIPlugin:80 - create IPUIPlugin
2024-08-13 10:49:39,926 [INFO] IPUIPlugin:80 - create IPUIPlugin
2024-08-13 10:49:39,926 [INFO] IPUIPlugin:80 - create IPUIPlugin
2024-08-13 10:49:39,926 [INFO] IPUIPlugin:80 - create IPUIPlugin
2024-08-13 10:49:39,926 [INFO] IPUIPlugin:80 - create IPUIPlugin
2024-08-13 10:49:39,926 [INFO] IPUIPlugin:80 - create IPUIPlugin
2024-08-13 10:49:39,927 [INFO] IPUIPlugin:80 - create IPUIPlugin
2024-08-13 10:49:39,927 [INFO] IPUIPlugin:80 - create IPUIPlugin
2024-08-13 10:49:39,940 [INFO] ApiDbMcu:508 - Load IP Config File for PDM2PCM
2024-08-13 10:49:39,974 [INFO] CADModel:165 - CPN selected for project levelSTM32F407VGT7
2024-08-13 10:49:39,974 [INFO] CADModel:114 - Register for checkConnection events
2024-08-13 10:49:40,027 [INFO] OpenFileManager:343 - Restore cursor
