2024-07-12 16:47:00,800 [INFO] Activator:176 - 


2024-07-12 16:47:00,806 [INFO] Activator:177 - !SESSION log4j initialized
2024-07-12 16:47:05,778 [INFO] LogOutputStream:77 - [STDOUT_REDIRECT] 
2024-07-12 16:47:07,907 [INFO] ApplicationProperties:184 - Using Application install path: C:\ST\STM32CubeIDE_1.14.1\STM32CubeIDE\plugins\com.st.stm32cube.common.mx_6.10.0.202311202037
2024-07-12 16:47:07,948 [INFO] DbMcusXml:78 - Set database path to: C:\ST\STM32CubeIDE_1.14.1\STM32CubeIDE\plugins\com.st.stm32cube.common.mx_6.10.0.202311202037\\db\/mcu/
2024-07-12 16:47:07,948 [INFO] ApiDb:274 - Set plugin database path to: C:\ST\STM32CubeIDE_1.14.1\STM32CubeIDE\plugins\com.st.stm32cube.common.mx_6.10.0.202311202037\\db\/plugins/boardmanager/
2024-07-12 16:47:07,948 [WARN] ApiDb:259 - Overriding images path with different value:  => C:\ST\STM32CubeIDE_1.14.1\STM32CubeIDE\plugins\com.st.stm32cube.common.mx_6.10.0.202311202037\\db\/plugins/mcufinder/images/
2024-07-12 16:47:07,958 [INFO] ApiDb:250 - Set database path to: C:\Users\conne\.stmcufinder\plugins\mcufinder//mcu/
2024-07-12 16:47:07,959 [INFO] DbMcusAds:125 - Set database path to: C:\Users\conne\.stmcufinder\plugins\mcufinder//mcu/
2024-07-12 16:47:07,961 [INFO] CrossReferenceDbSqlite:203 - Set database path to: C:\Users\conne\.stmcufinder\plugins\mcufinder//mcu/cs/
2024-07-12 16:47:08,042 [INFO] RulesReader:64 - Compatibility file has been processed (297 Rules)
2024-07-12 16:47:08,101 [INFO] DbMcusXml:78 - Set database path to: C:\ST\STM32CubeIDE_1.14.1\STM32CubeIDE\plugins\com.st.stm32cube.common.mx_6.10.0.202311202037\\db\/mcu/
2024-07-12 16:47:08,101 [INFO] ApiDb:274 - Set plugin database path to: C:\ST\STM32CubeIDE_1.14.1\STM32CubeIDE\plugins\com.st.stm32cube.common.mx_6.10.0.202311202037\\db\/plugins/boardmanager/
2024-07-12 16:47:08,101 [INFO] ApiDb:261 - Set plugin images path to: C:\ST\STM32CubeIDE_1.14.1\STM32CubeIDE\plugins\com.st.stm32cube.common.mx_6.10.0.202311202037\\db\/plugins/mcufinder/images/
2024-07-12 16:47:08,102 [WARN] DbFile:41 - Overriding database path with different value: C:\Users\conne\.stmcufinder\plugins\mcufinder/ => C:\Users\conne\.stmcufinder\plugins\mcufinder
2024-07-12 16:47:08,102 [INFO] ApiDb:250 - Set database path to: C:\Users\conne\.stmcufinder\plugins\mcufinder//mcu/
2024-07-12 16:47:08,102 [WARN] DbFile:41 - Overriding database path with different value: C:\Users\conne\.stmcufinder\plugins\mcufinder/ => C:\Users\conne\.stmcufinder\plugins\mcufinder
2024-07-12 16:47:08,102 [INFO] DbMcusAds:125 - Set database path to: C:\Users\conne\.stmcufinder\plugins\mcufinder//mcu/
2024-07-12 16:47:08,102 [WARN] DbFile:41 - Overriding database path with different value: C:\Users\conne\.stmcufinder\plugins\mcufinder/ => C:\Users\conne\.stmcufinder\plugins\mcufinder
2024-07-12 16:47:08,102 [WARN] DbFile:41 - Overriding database path with different value: C:\Users\conne\.stmcufinder\plugins\mcufinder/ => C:\Users\conne\.stmcufinder\plugins\mcufinder
2024-07-12 16:47:08,102 [INFO] CrossReferenceDbSqlite:203 - Set database path to: C:\Users\conne\.stmcufinder\plugins\mcufinder//mcu/cs/
2024-07-12 16:47:08,170 [INFO] MainPanel:264 - HeapMemory: 268435456
2024-07-12 16:47:08,261 [INFO] DbMcusXml:78 - Set database path to: C:\ST\STM32CubeIDE_1.14.1\STM32CubeIDE\plugins\com.st.stm32cube.common.mx_6.10.0.202311202037\\db\/mcu/
2024-07-12 16:47:08,262 [INFO] ApiDb:274 - Set plugin database path to: C:\ST\STM32CubeIDE_1.14.1\STM32CubeIDE\plugins\com.st.stm32cube.common.mx_6.10.0.202311202037\\db\/plugins/boardmanager/
2024-07-12 16:47:08,262 [INFO] ApiDb:261 - Set plugin images path to: C:\ST\STM32CubeIDE_1.14.1\STM32CubeIDE\plugins\com.st.stm32cube.common.mx_6.10.0.202311202037\\db\/plugins/mcufinder/images/
2024-07-12 16:47:08,262 [WARN] DbFile:41 - Overriding database path with different value: C:\Users\conne\.stmcufinder\plugins\mcufinder/ => C:\Users\conne\.stmcufinder\plugins\mcufinder
2024-07-12 16:47:08,262 [INFO] ApiDb:250 - Set database path to: C:\Users\conne\.stmcufinder\plugins\mcufinder//mcu/
2024-07-12 16:47:08,262 [WARN] DbFile:41 - Overriding database path with different value: C:\Users\conne\.stmcufinder\plugins\mcufinder/ => C:\Users\conne\.stmcufinder\plugins\mcufinder
2024-07-12 16:47:08,262 [INFO] DbMcusAds:125 - Set database path to: C:\Users\conne\.stmcufinder\plugins\mcufinder//mcu/
2024-07-12 16:47:08,262 [WARN] DbFile:41 - Overriding database path with different value: C:\Users\conne\.stmcufinder\plugins\mcufinder/ => C:\Users\conne\.stmcufinder\plugins\mcufinder
2024-07-12 16:47:08,262 [WARN] DbFile:41 - Overriding database path with different value: C:\Users\conne\.stmcufinder\plugins\mcufinder/ => C:\Users\conne\.stmcufinder\plugins\mcufinder
2024-07-12 16:47:08,262 [INFO] CrossReferenceDbSqlite:203 - Set database path to: C:\Users\conne\.stmcufinder\plugins\mcufinder//mcu/cs/
2024-07-12 16:47:08,276 [INFO] ApplicationProperties:184 - Using Application install path: C:\ST\STM32CubeIDE_1.14.1\STM32CubeIDE\plugins\com.st.stm32cube.common.mx_6.10.0.202311202037
2024-07-12 16:47:08,277 [INFO] PluginManage:196 - Search for loadable plugins [exclusion list=, ]
2024-07-12 16:47:08,278 [INFO] PluginManage:310 - Check plugin analytics
2024-07-12 16:47:08,435 [INFO] AnalyticsPlugin:253 - Accepted Software Licenses: 
2024-07-12 16:47:08,435 [INFO] AnalyticsPlugin:255 - Accepted CMSIS Pack Licenses: 
2024-07-12 16:47:08,435 [INFO] AnalyticsPlugin:257 - Accepted Firmware Licenses: 
2024-07-12 16:47:08,438 [INFO] PluginManage:359 - Loaded plugin analytics (category:tool,tabindex:-1)
2024-07-12 16:47:08,439 [INFO] PluginManage:310 - Check plugin cadmodel
2024-07-12 16:47:08,446 [INFO] CADModel:105 - Init CAD model plugin
2024-07-12 16:47:08,447 [INFO] PluginManage:359 - Loaded plugin cadmodel (category:power,tabindex:5)
2024-07-12 16:47:08,447 [INFO] PluginManage:310 - Check plugin clock
2024-07-12 16:47:08,464 [INFO] PluginManage:359 - Loaded plugin clock (category:base,tabindex:2)
2024-07-12 16:47:08,464 [INFO] PluginManage:310 - Check plugin ddr
2024-07-12 16:47:08,470 [INFO] PluginManage:359 - Loaded plugin ddr (category:tool,tabindex:6)
2024-07-12 16:47:08,470 [INFO] PluginManage:310 - Check plugin filemanager
2024-07-12 16:47:08,617 [INFO] PluginManage:359 - Loaded plugin filemanager (category:base,tabindex:10)
2024-07-12 16:47:08,618 [INFO] PluginManage:310 - Check plugin ipmanager
2024-07-12 16:47:08,623 [INFO] PluginManage:359 - Loaded plugin ipmanager (category:base,tabindex:5)
2024-07-12 16:47:08,623 [INFO] PluginManage:310 - Check plugin lpbam
2024-07-12 16:47:08,629 [INFO] PluginManage:359 - Loaded plugin lpbam (category:base,tabindex:0)
2024-07-12 16:47:08,629 [INFO] PluginManage:310 - Check plugin memorymap
2024-07-12 16:47:08,642 [INFO] PluginManage:359 - Loaded plugin memorymap (category:base,tabindex:4)
2024-07-12 16:47:08,642 [INFO] PluginManage:310 - Check plugin pinoutandconfiguration
2024-07-12 16:47:08,650 [INFO] PluginManage:359 - Loaded plugin pinoutandconfiguration (category:base,tabindex:1)
2024-07-12 16:47:08,650 [INFO] PluginManage:310 - Check plugin pinoutconfig
2024-07-12 16:47:08,714 [WARN] SupportedApi:132 - Cannot load RTOS API schema: s4s-elt-must-match.1: The content of 'definitions' must match (annotation?, (simpleType | complexType)?, (unique | key | keyref)*)). A problem was found starting at: attribute.
2024-07-12 16:47:08,814 [INFO] PluginManage:359 - Loaded plugin pinoutconfig (category:base,tabindex:0)
2024-07-12 16:47:08,814 [INFO] PluginManage:310 - Check plugin power
2024-07-12 16:47:08,825 [INFO] PluginManage:359 - Loaded plugin power (category:power,tabindex:4)
2024-07-12 16:47:08,825 [INFO] PluginManage:310 - Check plugin projectmanager
2024-07-12 16:47:08,836 [INFO] PluginManage:359 - Loaded plugin projectmanager (category:projectmanager,tabindex:3)
2024-07-12 16:47:08,836 [INFO] PluginManage:310 - Check plugin thirdparty
2024-07-12 16:47:08,952 [INFO] PluginManage:359 - Loaded plugin thirdparty (category:base,tabindex:-1)
2024-07-12 16:47:08,952 [INFO] PluginManage:310 - Check plugin tools
2024-07-12 16:47:08,952 [WARN] IntegrityCheckThread:84 - waiting for thirdparty lock release [integrity check]
2024-07-12 16:47:08,953 [INFO] IntegrityCheckThread:86 - entering critical section [integrity check]
2024-07-12 16:47:08,953 [INFO] ThirdPartyUpdaterWithRetryManager:70 - Updater plugin not ready yet. [1/15]
2024-07-12 16:47:08,954 [INFO] PluginManage:359 - Loaded plugin tools (category:base,tabindex:7)
2024-07-12 16:47:08,955 [INFO] PluginManage:310 - Check plugin tutovideos
2024-07-12 16:47:09,106 [INFO] PluginManage:359 - Loaded plugin tutovideos (category:base,tabindex:-1)
2024-07-12 16:47:09,106 [INFO] PluginManage:310 - Check plugin updater
2024-07-12 16:47:09,117 [INFO] PluginManage:359 - Loaded plugin updater (category:base,tabindex:12)
2024-07-12 16:47:09,117 [INFO] PluginManage:310 - Check plugin userauth
2024-07-12 16:47:09,122 [INFO] UserAuth:114 - Init User Auth plugin
2024-07-12 16:47:09,122 [INFO] PluginManage:359 - Loaded plugin userauth (category:base,tabindex:14)
2024-07-12 16:47:09,123 [INFO] PluginManage:283 - PluginManage : Loaded plugins [17]
2024-07-12 16:47:09,277 [INFO] PinOutPanel:1499 - setPackage(No Configuration,No Configuration)
2024-07-12 16:47:09,328 [INFO] CADModel:165 - CPN selected for project level
2024-07-12 16:47:09,328 [INFO] CADModel:114 - Register for checkConnection events
2024-07-12 16:47:09,343 [INFO] IPUIPlugin:80 - create IPUIPlugin
2024-07-12 16:47:09,343 [INFO] PluginManager:220 - loadIPPluginJar : add adc
2024-07-12 16:47:09,345 [INFO] IPUIPlugin:80 - create IPUIPlugin
2024-07-12 16:47:09,345 [INFO] PluginManager:220 - loadIPPluginJar : add aes
2024-07-12 16:47:09,347 [INFO] IPUIPlugin:80 - create IPUIPlugin
2024-07-12 16:47:09,347 [INFO] PluginManager:220 - loadIPPluginJar : add can
2024-07-12 16:47:09,348 [INFO] IPUIPlugin:80 - create IPUIPlugin
2024-07-12 16:47:09,349 [INFO] PluginManager:220 - loadIPPluginJar : add comp
2024-07-12 16:47:09,352 [INFO] IPUIPlugin:80 - create IPUIPlugin
2024-07-12 16:47:09,352 [INFO] PluginManager:220 - loadIPPluginJar : add cryp
2024-07-12 16:47:09,353 [INFO] IPUIPlugin:80 - create IPUIPlugin
2024-07-12 16:47:09,353 [INFO] PluginManager:220 - loadIPPluginJar : add dfsdm
2024-07-12 16:47:09,358 [INFO] IPUIPlugin:80 - create IPUIPlugin
2024-07-12 16:47:09,358 [INFO] PluginManager:220 - loadIPPluginJar : add dma
2024-07-12 16:47:09,360 [INFO] IPUIPlugin:80 - create IPUIPlugin
2024-07-12 16:47:09,360 [INFO] PluginManager:220 - loadIPPluginJar : add dma3
2024-07-12 16:47:09,361 [INFO] IPUIPlugin:80 - create IPUIPlugin
2024-07-12 16:47:09,361 [INFO] PluginManager:220 - loadIPPluginJar : add fatfs
2024-07-12 16:47:09,363 [INFO] IPUIPlugin:80 - create IPUIPlugin
2024-07-12 16:47:09,364 [INFO] PluginManager:220 - loadIPPluginJar : add fmc
2024-07-12 16:47:09,369 [INFO] IPUIPlugin:80 - create IPUIPlugin
2024-07-12 16:47:09,369 [INFO] PluginManager:220 - loadIPPluginJar : add freertos
2024-07-12 16:47:09,370 [INFO] IPUIPlugin:80 - create IPUIPlugin
2024-07-12 16:47:09,370 [INFO] PluginManager:220 - loadIPPluginJar : add genericplugin
2024-07-12 16:47:09,373 [INFO] IPUIPlugin:80 - create IPUIPlugin
2024-07-12 16:47:09,373 [INFO] PluginManager:220 - loadIPPluginJar : add gfxmmu
2024-07-12 16:47:09,376 [INFO] IPUIPlugin:80 - create IPUIPlugin
2024-07-12 16:47:09,376 [INFO] PluginManager:220 - loadIPPluginJar : add gic
2024-07-12 16:47:09,381 [INFO] IPUIPlugin:80 - create IPUIPlugin
2024-07-12 16:47:09,381 [INFO] PluginManager:220 - loadIPPluginJar : add gpio
2024-07-12 16:47:09,384 [INFO] IPUIPlugin:80 - create IPUIPlugin
2024-07-12 16:47:09,384 [INFO] PluginManager:220 - loadIPPluginJar : add gtzc
2024-07-12 16:47:09,387 [INFO] IPUIPlugin:80 - create IPUIPlugin
2024-07-12 16:47:09,387 [INFO] PluginManager:220 - loadIPPluginJar : add hash
2024-07-12 16:47:09,389 [INFO] IPUIPlugin:80 - create IPUIPlugin
2024-07-12 16:47:09,389 [INFO] PluginManager:220 - loadIPPluginJar : add i2c
2024-07-12 16:47:09,391 [INFO] IPUIPlugin:80 - create IPUIPlugin
2024-07-12 16:47:09,391 [INFO] PluginManager:220 - loadIPPluginJar : add i2s
2024-07-12 16:47:09,394 [INFO] IPUIPlugin:80 - create IPUIPlugin
2024-07-12 16:47:09,394 [INFO] PluginManager:220 - loadIPPluginJar : add i3c
2024-07-12 16:47:09,396 [INFO] IPUIPlugin:80 - create IPUIPlugin
2024-07-12 16:47:09,396 [INFO] PluginManager:220 - loadIPPluginJar : add ipddr
2024-07-12 16:47:09,402 [INFO] IPUIPlugin:80 - create IPUIPlugin
2024-07-12 16:47:09,402 [INFO] PluginManager:220 - loadIPPluginJar : add linkedlist
2024-07-12 16:47:09,405 [INFO] IPUIPlugin:80 - create IPUIPlugin
2024-07-12 16:47:09,405 [INFO] PluginManager:220 - loadIPPluginJar : add lorawan
2024-07-12 16:47:09,406 [INFO] IPUIPlugin:80 - create IPUIPlugin
2024-07-12 16:47:09,406 [INFO] PluginManager:220 - loadIPPluginJar : add ltdc
2024-07-12 16:47:09,411 [INFO] IPUIPlugin:80 - create IPUIPlugin
2024-07-12 16:47:09,411 [INFO] PluginManager:220 - loadIPPluginJar : add mdma
2024-07-12 16:47:09,416 [INFO] IPUIPlugin:80 - create IPUIPlugin
2024-07-12 16:47:09,416 [INFO] PluginManager:220 - loadIPPluginJar : add nvic
2024-07-12 16:47:09,419 [INFO] IPUIPlugin:80 - create IPUIPlugin
2024-07-12 16:47:09,419 [INFO] PluginManager:220 - loadIPPluginJar : add opamp
2024-07-12 16:47:09,422 [INFO] IPUIPlugin:80 - create IPUIPlugin
2024-07-12 16:47:09,422 [INFO] PluginManager:220 - loadIPPluginJar : add openamp
2024-07-12 16:47:09,424 [INFO] IPUIPlugin:80 - create IPUIPlugin
2024-07-12 16:47:09,424 [INFO] PluginManager:220 - loadIPPluginJar : add pdm2pcm
2024-07-12 16:47:09,429 [INFO] IPUIPlugin:80 - create IPUIPlugin
2024-07-12 16:47:09,431 [INFO] PluginManager:220 - loadIPPluginJar : add plateformsettings
2024-07-12 16:47:09,432 [INFO] IPUIPlugin:80 - create IPUIPlugin
2024-07-12 16:47:09,432 [INFO] PluginManager:220 - loadIPPluginJar : add quadspi
2024-07-12 16:47:09,436 [INFO] IPUIPlugin:80 - create IPUIPlugin
2024-07-12 16:47:09,436 [INFO] PluginManager:220 - loadIPPluginJar : add resmgrutility
2024-07-12 16:47:09,438 [INFO] IPUIPlugin:80 - create IPUIPlugin
2024-07-12 16:47:09,438 [INFO] PluginManager:220 - loadIPPluginJar : add sai
2024-07-12 16:47:09,440 [INFO] IPUIPlugin:80 - create IPUIPlugin
2024-07-12 16:47:09,440 [INFO] PluginManager:220 - loadIPPluginJar : add spi
2024-07-12 16:47:09,444 [INFO] IPUIPlugin:80 - create IPUIPlugin
2024-07-12 16:47:09,444 [INFO] PluginManager:220 - loadIPPluginJar : add stm32_wpan
2024-07-12 16:47:09,445 [INFO] IPUIPlugin:80 - create IPUIPlugin
2024-07-12 16:47:09,446 [INFO] PluginManager:220 - loadIPPluginJar : add tim
2024-07-12 16:47:09,450 [INFO] IPUIPlugin:80 - create IPUIPlugin
2024-07-12 16:47:09,450 [INFO] PluginManager:220 - loadIPPluginJar : add touchsensing
2024-07-12 16:47:09,451 [INFO] IPUIPlugin:80 - create IPUIPlugin
2024-07-12 16:47:09,451 [INFO] PluginManager:220 - loadIPPluginJar : add tracer_emb
2024-07-12 16:47:09,453 [INFO] IPUIPlugin:80 - create IPUIPlugin
2024-07-12 16:47:09,453 [INFO] PluginManager:220 - loadIPPluginJar : add ts
2024-07-12 16:47:09,454 [INFO] IPUIPlugin:80 - create IPUIPlugin
2024-07-12 16:47:09,454 [INFO] PluginManager:220 - loadIPPluginJar : add tsc
2024-07-12 16:47:09,456 [INFO] IPUIPlugin:80 - create IPUIPlugin
2024-07-12 16:47:09,456 [INFO] PluginManager:220 - loadIPPluginJar : add ucpd
2024-07-12 16:47:09,458 [INFO] IPUIPlugin:80 - create IPUIPlugin
2024-07-12 16:47:09,458 [INFO] PluginManager:220 - loadIPPluginJar : add usart
2024-07-12 16:47:09,462 [INFO] IPUIPlugin:80 - create IPUIPlugin
2024-07-12 16:47:09,462 [INFO] PluginManager:220 - loadIPPluginJar : add usbx
2024-07-12 16:47:09,580 [INFO] CADModel:165 - CPN selected for project level
2024-07-12 16:47:09,580 [INFO] CADModel:114 - Register for checkConnection events
2024-07-12 16:47:09,580 [FATAL] Updater:308 - Updater called before beeing initialized
2024-07-12 16:47:09,580 [ERROR] CADModel:125 - Updater not yet initialized, retry later 
2024-07-12 16:47:09,694 [INFO] CADModel:165 - CPN selected for project level
2024-07-12 16:47:09,694 [INFO] CADModel:114 - Register for checkConnection events
2024-07-12 16:47:09,694 [FATAL] Updater:308 - Updater called before beeing initialized
2024-07-12 16:47:09,694 [ERROR] CADModel:125 - Updater not yet initialized, retry later 
2024-07-12 16:47:09,698 [FATAL] Updater:308 - Updater called before beeing initialized
2024-07-12 16:47:09,783 [FATAL] Updater:308 - Updater called before beeing initialized
2024-07-12 16:47:09,786 [INFO] DbMcusAds:53 - JSON generation date=Thu May 16 18:22:00 KST 2024 (1715851320852)
2024-07-12 16:47:09,786 [FATAL] Updater:308 - Updater called before beeing initialized
2024-07-12 16:47:09,982 [WARN] DetailPanel:346 - Failed to get advertising image, set to default
2024-07-12 16:47:10,043 [FATAL] Updater:308 - Updater called before beeing initialized
2024-07-12 16:47:10,045 [FATAL] Updater:308 - Updater called before beeing initialized
2024-07-12 16:47:10,045 [FATAL] Updater:308 - Updater called before beeing initialized
2024-07-12 16:47:10,045 [WARN] DetailPanel:346 - Failed to get advertising image, set to default
2024-07-12 16:47:10,046 [FATAL] Updater:308 - Updater called before beeing initialized
2024-07-12 16:47:10,131 [ERROR] Updater:1120 - MainUpdater not yet initialized. External WinMGr cannot be set.
2024-07-12 16:47:10,135 [INFO] Updater:1056 - Updater Version found : 6.10.0
2024-07-12 16:47:10,162 [INFO] ApplicationProperties:184 - Using Application install path: C:\ST\STM32CubeIDE_1.14.1\STM32CubeIDE\plugins\com.st.stm32cube.common.mx_6.10.0.202311202037
2024-07-12 16:47:11,770 [ERROR] LogOutputStream:75 - [STDERR_REDIRECT] Jul 12, 2024 4:47:11 PM java.util.prefs.WindowsPreferences <init>
2024-07-12 16:47:11,771 [ERROR] LogOutputStream:75 - [STDERR_REDIRECT] WARNING: Could not open/create prefs root node Software\JavaSoft\Prefs at root 0xffffffff80000002. Windows RegCreateKeyEx(...) returned error code 5.
2024-07-12 16:47:11,772 [ERROR] LogOutputStream:75 - [STDERR_REDIRECT] 
2024-07-12 16:47:11,953 [INFO] ThirdPartyUpdaterWithRetryManager:70 - Updater plugin not ready yet. [2/15]
2024-07-12 16:47:12,394 [INFO] MainUpdater:2873 - connection check result : 10
2024-07-12 16:47:12,394 [INFO] MainUpdater:3567 - Updater definition file requires update
2024-07-12 16:47:12,395 [INFO] MainUpdater:290 - Updater Check For Update Now.
2024-07-12 16:47:12,395 [INFO] MicroXplorer:498 - Change Database Version : DB.6.0.100
2024-07-12 16:47:12,411 [INFO] McuFinderGlobals:63 - Set McuFinder mode to 2 (CubeIDE integrated)
2024-07-12 16:47:12,412 [INFO] UserAuth:180 - activating auth plugin
2024-07-12 16:47:12,414 [INFO] UserAuth:404 - Internet connection configuration mode: 1
2024-07-12 16:47:12,427 [INFO] JxBrowserEngine:152 - Initiate JxBrowser Engine with user profile folder
2024-07-12 16:47:13,016 [INFO] ServerAccessManage:473 - Download File updaters.zip
2024-07-12 16:47:13,376 [INFO] FileExtend:240 - Unzip File : updaters.zip
2024-07-12 16:47:13,376 [INFO] FileExtend:255 - Standard Zip Deflate
2024-07-12 16:47:13,774 [INFO] ServerAccessManage:473 - Download File PacksControlFlags.xml
2024-07-12 16:47:14,016 [INFO] ServerAccessManage:473 - Download File cubemx.pidx
2024-07-12 16:47:14,753 [INFO] WebApp:161 - Instantiating new browser for Auth
2024-07-12 16:47:14,854 [INFO] ServerAccessManage:473 - Download File STMicroelectronics.X-CUBE-DPOWER.pdsc
2024-07-12 16:47:14,962 [WARN] MainUpdater:1194 - Updater busy. Cannot search thirdparties
2024-07-12 16:47:14,962 [INFO] ThirdPartyUpdaterWithRetryManager:96 - Updater plugin is busy. [1/15]
2024-07-12 16:47:15,390 [INFO] WebApp:780 - Register for checkConnection events
2024-07-12 16:47:15,390 [INFO] WebApp:414 - Apply proxy settings
2024-07-12 16:47:15,390 [INFO] WebApp:499 - Chromium requires no authentication
2024-07-12 16:47:15,396 [INFO] WebApp:442 - Direct internet connection detected
2024-07-12 16:47:15,530 [INFO] WebApp:192 - Starting web application
2024-07-12 16:47:15,530 [INFO] WebApp:544 - Web application path used C:\ST\STM32CubeIDE_1.14.1\STM32CubeIDE\plugins\com.st.stm32cube.common.mx_6.10.0.202311202037\db\plugins\mcufinder\reactClient1\index.html
2024-07-12 16:47:15,581 [ERROR] ServerAccessManage:1089 - Problem, file not found on Server
2024-07-12 16:47:16,449 [ERROR] ServerAccessManage:1089 - Problem, file not found on Server
2024-07-12 16:47:17,361 [ERROR] ServerAccessManage:1089 - Problem, file not found on Server
2024-07-12 16:47:17,973 [WARN] MainUpdater:1194 - Updater busy. Cannot search thirdparties
2024-07-12 16:47:17,974 [INFO] ThirdPartyUpdaterWithRetryManager:96 - Updater plugin is busy. [2/15]
2024-07-12 16:47:18,238 [ERROR] ServerAccessManage:1089 - Problem, file not found on Server
2024-07-12 16:47:19,087 [ERROR] ServerAccessManage:1089 - Problem, file not found on Server
2024-07-12 16:47:19,926 [ERROR] ServerAccessManage:1089 - Problem, file not found on Server
2024-07-12 16:47:20,396 [ERROR] ServerAccessManage:1089 - Problem, file not found on Server
2024-07-12 16:47:20,975 [WARN] MainUpdater:1194 - Updater busy. Cannot search thirdparties
2024-07-12 16:47:20,975 [INFO] ThirdPartyUpdaterWithRetryManager:96 - Updater plugin is busy. [3/15]
2024-07-12 16:47:21,229 [ERROR] ServerAccessManage:1089 - Problem, file not found on Server
2024-07-12 16:47:22,059 [ERROR] ServerAccessManage:1089 - Problem, file not found on Server
2024-07-12 16:47:22,918 [ERROR] ServerAccessManage:1089 - Problem, file not found on Server
2024-07-12 16:47:23,746 [ERROR] ServerAccessManage:1089 - Problem, file not found on Server
2024-07-12 16:47:23,976 [WARN] MainUpdater:1194 - Updater busy. Cannot search thirdparties
2024-07-12 16:47:23,976 [INFO] ThirdPartyUpdaterWithRetryManager:96 - Updater plugin is busy. [4/15]
2024-07-12 16:47:24,299 [INFO] ServerAccessManage:473 - Download File STMicroelectronics.X-CUBE-TOUCHGFX.pdsc
2024-07-12 16:47:26,977 [WARN] MainUpdater:1194 - Updater busy. Cannot search thirdparties
2024-07-12 16:47:26,977 [INFO] ThirdPartyUpdaterWithRetryManager:96 - Updater plugin is busy. [5/15]
2024-07-12 16:47:29,978 [WARN] MainUpdater:1194 - Updater busy. Cannot search thirdparties
2024-07-12 16:47:29,978 [INFO] ThirdPartyUpdaterWithRetryManager:96 - Updater plugin is busy. [6/15]
2024-07-12 16:47:32,209 [INFO] ServerAccessManage:473 - Download File wolfSSL.I-CUBE-wolfMQTT.pdsc
2024-07-12 16:47:32,979 [WARN] MainUpdater:1194 - Updater busy. Cannot search thirdparties
2024-07-12 16:47:32,979 [INFO] ThirdPartyUpdaterWithRetryManager:96 - Updater plugin is busy. [7/15]
2024-07-12 16:47:33,390 [ERROR] ServerAccessManage:1089 - Problem, file not found on Server
2024-07-12 16:47:33,622 [INFO] ServerAccessManage:473 - Download File wolfSSL.I-CUBE-wolfTPM.pdsc
2024-07-12 16:47:34,858 [INFO] ServerAccessManage:473 - Download File wolfSSL.I-CUBE-wolfSSH.pdsc
2024-07-12 16:47:35,980 [WARN] MainUpdater:1194 - Updater busy. Cannot search thirdparties
2024-07-12 16:47:35,980 [INFO] ThirdPartyUpdaterWithRetryManager:96 - Updater plugin is busy. [8/15]
2024-07-12 16:47:36,156 [INFO] ServerAccessManage:473 - Download File RealThread.X-CUBE-RT-Thread_Nano.pdsc
2024-07-12 16:47:36,181 [ERROR] LogOutputStream:75 - [STDERR_REDIRECT] SLF4J: Failed to load class "org.slf4j.impl.StaticLoggerBinder".
2024-07-12 16:47:36,182 [ERROR] LogOutputStream:75 - [STDERR_REDIRECT] SLF4J: Defaulting to no-operation (NOP) logger implementation
2024-07-12 16:47:36,183 [ERROR] LogOutputStream:75 - [STDERR_REDIRECT] SLF4J: See http://www.slf4j.org/codes.html#StaticLoggerBinder for further details.
2024-07-12 16:47:37,944 [INFO] ServerAccessManage:473 - Download File EmbeddedOffice.I-CUBE-FS-RTOS.pdsc
2024-07-12 16:47:38,648 [WARN] PackLoader:240 - Cannot read IP mode file for STMicroelectronics.X-CUBE-DPower.1.2.0
2024-07-12 16:47:38,654 [WARN] PackLoader:240 - Cannot read IP mode file for STMicroelectronics.X-CUBE-TOUCHGFX.4.24.0
2024-07-12 16:47:38,657 [WARN] PackLoader:240 - Cannot read IP mode file for wolfSSL.I-CUBE-wolfMQTT.1.19.0
2024-07-12 16:47:38,661 [WARN] PackLoader:240 - Cannot read IP mode file for wolfSSL.I-CUBE-wolfTPM.3.2.0
2024-07-12 16:47:38,663 [WARN] PackLoader:240 - Cannot read IP mode file for wolfSSL.I-CUBE-wolfSSH.1.4.17
2024-07-12 16:47:38,667 [WARN] PackLoader:240 - Cannot read IP mode file for RealThread.X-CUBE-RT-Thread_Nano.4.1.1
2024-07-12 16:47:38,679 [WARN] PackLoader:240 - Cannot read IP mode file for EmbeddedOffice.I-CUBE-FS-RTOS.1.0.1
2024-07-12 16:47:38,679 [ERROR] ConditionMgr:805 - Attr not supported : Dmpu
2024-07-12 16:47:38,679 [ERROR] ConditionMgr:805 - Attr not supported : Dmpu
2024-07-12 16:47:38,680 [ERROR] ConditionMgr:805 - Attr not supported : Dmpu
2024-07-12 16:47:38,680 [ERROR] ConditionMgr:805 - Attr not supported : Dmpu
2024-07-12 16:47:38,680 [ERROR] ConditionMgr:805 - Attr not supported : Dmpu
2024-07-12 16:47:38,680 [ERROR] ConditionMgr:805 - Attr not supported : Dmpu
2024-07-12 16:47:38,680 [ERROR] ConditionMgr:805 - Attr not supported : Dmpu
2024-07-12 16:47:38,680 [ERROR] ConditionMgr:805 - Attr not supported : Dmpu
2024-07-12 16:47:38,680 [ERROR] ConditionMgr:805 - Attr not supported : Dmpu
2024-07-12 16:47:38,680 [ERROR] ConditionMgr:805 - Attr not supported : Dmpu
2024-07-12 16:47:38,680 [ERROR] ConditionMgr:805 - Attr not supported : Dmpu
2024-07-12 16:47:38,680 [ERROR] ConditionMgr:805 - Attr not supported : Dmpu
2024-07-12 16:47:38,680 [ERROR] ConditionMgr:805 - Attr not supported : Dmpu
2024-07-12 16:47:38,680 [ERROR] ConditionMgr:805 - Attr not supported : Dmpu
2024-07-12 16:47:38,680 [ERROR] ConditionMgr:805 - Attr not supported : Dmpu
2024-07-12 16:47:38,680 [ERROR] ConditionMgr:805 - Attr not supported : Dmpu
2024-07-12 16:47:38,680 [ERROR] ConditionMgr:805 - Attr not supported : Dmpu
2024-07-12 16:47:38,680 [ERROR] ConditionMgr:805 - Attr not supported : Dmpu
2024-07-12 16:47:38,680 [ERROR] ConditionMgr:805 - Attr not supported : Dmpu
2024-07-12 16:47:38,680 [ERROR] ConditionMgr:805 - Attr not supported : Dmpu
2024-07-12 16:47:38,680 [ERROR] ConditionMgr:805 - Attr not supported : Dmpu
2024-07-12 16:47:38,680 [ERROR] ConditionMgr:805 - Attr not supported : Dmpu
2024-07-12 16:47:38,680 [ERROR] ConditionMgr:805 - Attr not supported : Dmpu
2024-07-12 16:47:38,680 [ERROR] ConditionMgr:805 - Attr not supported : Dmpu
2024-07-12 16:47:38,680 [ERROR] ConditionMgr:805 - Attr not supported : Dmpu
2024-07-12 16:47:38,680 [ERROR] ConditionMgr:805 - Attr not supported : Dmpu
2024-07-12 16:47:38,680 [ERROR] ConditionMgr:805 - Attr not supported : Dmpu
2024-07-12 16:47:38,681 [ERROR] ConditionMgr:805 - Attr not supported : Dmpu
2024-07-12 16:47:38,681 [ERROR] ConditionMgr:805 - Attr not supported : Dmpu
2024-07-12 16:47:38,681 [ERROR] ConditionMgr:805 - Attr not supported : Dmpu
2024-07-12 16:47:38,681 [ERROR] ConditionMgr:805 - Attr not supported : Dmpu
2024-07-12 16:47:38,681 [ERROR] ConditionMgr:805 - Attr not supported : Dmpu
2024-07-12 16:47:38,681 [ERROR] ConditionMgr:805 - Attr not supported : Dmpu
2024-07-12 16:47:38,681 [ERROR] ConditionMgr:805 - Attr not supported : Dmpu
2024-07-12 16:47:38,681 [ERROR] ConditionMgr:805 - Attr not supported : Dmpu
2024-07-12 16:47:38,681 [ERROR] ConditionMgr:805 - Attr not supported : Dmpu
2024-07-12 16:47:38,681 [ERROR] ConditionMgr:805 - Attr not supported : Dmpu
2024-07-12 16:47:38,681 [ERROR] ConditionMgr:805 - Attr not supported : Dmpu
2024-07-12 16:47:38,681 [ERROR] ConditionMgr:805 - Attr not supported : Dmpu
2024-07-12 16:47:38,681 [ERROR] ConditionMgr:805 - Attr not supported : Dmpu
2024-07-12 16:47:38,681 [ERROR] ConditionMgr:805 - Attr not supported : Dmpu
2024-07-12 16:47:38,681 [ERROR] ConditionMgr:805 - Attr not supported : Dmpu
2024-07-12 16:47:38,681 [ERROR] ConditionMgr:805 - Attr not supported : Dmpu
2024-07-12 16:47:38,681 [ERROR] ConditionMgr:805 - Attr not supported : Dmpu
2024-07-12 16:47:38,681 [ERROR] ConditionMgr:805 - Attr not supported : Dmpu
2024-07-12 16:47:38,681 [ERROR] ConditionMgr:805 - Attr not supported : Dmpu
2024-07-12 16:47:38,681 [ERROR] ConditionMgr:805 - Attr not supported : Dmpu
2024-07-12 16:47:38,681 [ERROR] ConditionMgr:805 - Attr not supported : Dmpu
2024-07-12 16:47:38,682 [ERROR] ConditionMgr:805 - Attr not supported : Dmpu
2024-07-12 16:47:38,682 [ERROR] ConditionMgr:805 - Attr not supported : Dmpu
2024-07-12 16:47:38,682 [ERROR] ConditionMgr:805 - Attr not supported : Dmpu
2024-07-12 16:47:38,682 [ERROR] ConditionMgr:805 - Attr not supported : Dmpu
2024-07-12 16:47:38,682 [ERROR] ConditionMgr:805 - Attr not supported : Dmpu
2024-07-12 16:47:38,682 [ERROR] ConditionMgr:805 - Attr not supported : Dmpu
2024-07-12 16:47:38,682 [ERROR] ConditionMgr:805 - Attr not supported : Dmpu
2024-07-12 16:47:38,682 [ERROR] ConditionMgr:805 - Attr not supported : Dmpu
2024-07-12 16:47:38,682 [ERROR] ConditionMgr:805 - Attr not supported : Dmpu
2024-07-12 16:47:38,682 [ERROR] ConditionMgr:805 - Attr not supported : Dmpu
2024-07-12 16:47:38,682 [ERROR] ConditionMgr:805 - Attr not supported : Dmpu
2024-07-12 16:47:38,682 [ERROR] ConditionMgr:805 - Attr not supported : Dmpu
2024-07-12 16:47:38,682 [ERROR] ConditionMgr:805 - Attr not supported : Dmpu
2024-07-12 16:47:38,682 [ERROR] ConditionMgr:805 - Attr not supported : Dmpu
2024-07-12 16:47:38,682 [ERROR] ConditionMgr:805 - Attr not supported : Dmpu
2024-07-12 16:47:38,682 [ERROR] ConditionMgr:805 - Attr not supported : Dmpu
2024-07-12 16:47:38,683 [INFO] PopulateThirdPartyThread:66 - Ending populate Thread
2024-07-12 16:47:38,685 [INFO] ThirdParty:1030 - CMSIS Pack Vendor :wolfSSL I-CUBE-wolfMQTT 1.19.0
2024-07-12 16:47:38,685 [INFO] ThirdParty:1030 - CMSIS Pack Vendor :EmbeddedOffice I-CUBE-FS-RTOS 1.0.1
2024-07-12 16:47:38,685 [INFO] ThirdParty:1030 - CMSIS Pack Vendor :STMicroelectronics X-CUBE-TOUCHGFX 4.24.0
2024-07-12 16:47:38,685 [INFO] ThirdParty:1030 - CMSIS Pack Vendor :RealThread X-CUBE-RT-Thread_Nano 4.1.1
2024-07-12 16:47:38,685 [INFO] ThirdParty:1030 - CMSIS Pack Vendor :wolfSSL I-CUBE-wolfTPM 3.2.0
2024-07-12 16:47:38,685 [INFO] ThirdParty:1030 - CMSIS Pack Vendor :STMicroelectronics X-CUBE-DPower 1.2.0
2024-07-12 16:47:38,685 [INFO] ThirdParty:1030 - CMSIS Pack Vendor :wolfSSL I-CUBE-wolfSSH 1.4.17
2024-07-12 16:47:38,685 [INFO] LoadServerUpdatesThread:375 - End of LoadServerUpdate Thread
2024-07-12 16:47:38,744 [INFO] CheckServerUpdateThread:120 - End of CheckServer Thread
2024-07-12 16:47:39,122 [WARN] PackLoader:240 - Cannot read IP mode file for STMicroelectronics.FP-SNS-MOTENVWB1.1.4.0
2024-07-12 16:47:39,125 [WARN] PackLoader:240 - Cannot read IP mode file for STMicroelectronics.X-CUBE-SMBUS.2.1.0
2024-07-12 16:47:39,127 [WARN] PackLoader:240 - Cannot read IP mode file for STMicroelectronics.X-CUBE-TOUCHGFX.4.23.1
2024-07-12 16:47:39,129 [WARN] PackLoader:240 - Cannot read IP mode file for STMicroelectronics.X-CUBE-TOUCHGFX.4.23.0
2024-07-12 16:47:39,130 [WARN] PackLoader:240 - Cannot read IP mode file for STMicroelectronics.X-CUBE-TOUCHGFX.4.23.2
2024-07-12 16:47:39,138 [WARN] PackLoader:240 - Cannot read IP mode file for STMicroelectronics.X-CUBE-AZRTOS-F7.1.1.0
2024-07-12 16:47:39,143 [WARN] PackLoader:240 - Cannot read IP mode file for STMicroelectronics.FP-SNS-MOTENV1.4.3.2
2024-07-12 16:47:39,147 [WARN] PackLoader:240 - Cannot read IP mode file for STMicroelectronics.FP-SNS-FLIGHT1.5.0.2
2024-07-12 16:47:39,151 [WARN] PackLoader:240 - Cannot read IP mode file for STMicroelectronics.X-CUBE-DISPLAY.3.0.0
2024-07-12 16:47:39,160 [WARN] PackLoader:240 - Cannot read IP mode file for STMicroelectronics.X-CUBE-BLE1.7.0.0
2024-07-12 16:47:39,163 [WARN] PackLoader:240 - Cannot read IP mode file for emotas.I-CUBE-CANOPEN.1.3.0
2024-07-12 16:47:39,167 [WARN] PackLoader:240 - Cannot read IP mode file for STMicroelectronics.X-CUBE-BLEMGR.3.1.0
2024-07-12 16:47:39,171 [WARN] PackLoader:240 - Cannot read IP mode file for STMicroelectronics.FP-SNS-SMARTAG2.1.2.0
2024-07-12 16:47:39,176 [INFO] LogOutputStream:77 - [STDOUT_REDIRECT] 1 : Invalid condition id : UX_CORESTACK_Condition cause : null
2024-07-12 16:47:39,176 [INFO] LogOutputStream:77 - [STDOUT_REDIRECT] 1 : Invalid condition id : UX_CORESTACK_Condition cause : null
2024-07-12 16:47:39,178 [INFO] LogOutputStream:77 - [STDOUT_REDIRECT] 1 : Invalid condition id : UX_CORESTACK_Condition cause : null
2024-07-12 16:47:39,178 [INFO] LogOutputStream:77 - [STDOUT_REDIRECT] 1 : Invalid condition id : UX_CORESTACK_Condition cause : null
2024-07-12 16:47:39,179 [INFO] LogOutputStream:77 - [STDOUT_REDIRECT] 1 : Invalid condition id : UX_CORESTACK_Condition cause : null
2024-07-12 16:47:39,182 [WARN] PackLoader:240 - Cannot read IP mode file for STMicroelectronics.X-CUBE-AZRTOS-WL.2.0.0
2024-07-12 16:47:39,187 [WARN] PackLoader:240 - Cannot read IP mode file for STMicroelectronics.FP-SNS-MOTENV1.5.0.0
2024-07-12 16:47:39,190 [WARN] PackLoader:240 - Cannot read IP mode file for wolfSSL.I-CUBE-wolfMQTT.1.19.0
2024-07-12 16:47:39,193 [WARN] PackLoader:240 - Cannot read IP mode file for WES.I-CUBE-Cesium.1.3.0
2024-07-12 16:47:39,198 [WARN] PackLoader:240 - Cannot read IP mode file for STMicroelectronics.X-CUBE-BLE2.3.3.0
2024-07-12 16:47:39,204 [WARN] PackLoader:240 - Cannot read IP mode file for STMicroelectronics.X-CUBE-TCPP.4.1.0
2024-07-12 16:47:39,212 [WARN] PackLoader:240 - Cannot read IP mode file for STMicroelectronics.X-CUBE-ALGOBUILD.1.3.0
2024-07-12 16:47:39,227 [WARN] PackLoader:240 - Cannot read IP mode file for STMicroelectronics.X-CUBE-AZRTOS-G0.1.1.0
2024-07-12 16:47:39,232 [WARN] PackLoader:240 - Cannot read IP mode file for STMicroelectronics.X-CUBE-SAFEA1.1.2.2
2024-07-12 16:47:39,240 [WARN] PackLoader:240 - Cannot read IP mode file for STMicroelectronics.X-CUBE-NFC4.3.0.0
2024-07-12 16:47:39,246 [WARN] PackLoader:240 - Cannot read IP mode file for EmbeddedOffice.I-CUBE-FS-RTOS.1.0.1
2024-07-12 16:47:39,246 [ERROR] ConditionMgr:805 - Attr not supported : Dmpu
2024-07-12 16:47:39,246 [ERROR] ConditionMgr:805 - Attr not supported : Dmpu
2024-07-12 16:47:39,246 [ERROR] ConditionMgr:805 - Attr not supported : Dmpu
2024-07-12 16:47:39,246 [ERROR] ConditionMgr:805 - Attr not supported : Dmpu
2024-07-12 16:47:39,246 [ERROR] ConditionMgr:805 - Attr not supported : Dmpu
2024-07-12 16:47:39,246 [ERROR] ConditionMgr:805 - Attr not supported : Dmpu
2024-07-12 16:47:39,246 [ERROR] ConditionMgr:805 - Attr not supported : Dmpu
2024-07-12 16:47:39,246 [ERROR] ConditionMgr:805 - Attr not supported : Dmpu
2024-07-12 16:47:39,246 [ERROR] ConditionMgr:805 - Attr not supported : Dmpu
2024-07-12 16:47:39,246 [ERROR] ConditionMgr:805 - Attr not supported : Dmpu
2024-07-12 16:47:39,246 [ERROR] ConditionMgr:805 - Attr not supported : Dmpu
2024-07-12 16:47:39,247 [ERROR] ConditionMgr:805 - Attr not supported : Dmpu
2024-07-12 16:47:39,247 [ERROR] ConditionMgr:805 - Attr not supported : Dmpu
2024-07-12 16:47:39,247 [ERROR] ConditionMgr:805 - Attr not supported : Dmpu
2024-07-12 16:47:39,247 [ERROR] ConditionMgr:805 - Attr not supported : Dmpu
2024-07-12 16:47:39,247 [ERROR] ConditionMgr:805 - Attr not supported : Dmpu
2024-07-12 16:47:39,247 [ERROR] ConditionMgr:805 - Attr not supported : Dmpu
2024-07-12 16:47:39,247 [ERROR] ConditionMgr:805 - Attr not supported : Dmpu
2024-07-12 16:47:39,247 [ERROR] ConditionMgr:805 - Attr not supported : Dmpu
2024-07-12 16:47:39,247 [ERROR] ConditionMgr:805 - Attr not supported : Dmpu
2024-07-12 16:47:39,247 [ERROR] ConditionMgr:805 - Attr not supported : Dmpu
2024-07-12 16:47:39,247 [ERROR] ConditionMgr:805 - Attr not supported : Dmpu
2024-07-12 16:47:39,247 [ERROR] ConditionMgr:805 - Attr not supported : Dmpu
2024-07-12 16:47:39,247 [ERROR] ConditionMgr:805 - Attr not supported : Dmpu
2024-07-12 16:47:39,247 [ERROR] ConditionMgr:805 - Attr not supported : Dmpu
2024-07-12 16:47:39,247 [ERROR] ConditionMgr:805 - Attr not supported : Dmpu
2024-07-12 16:47:39,247 [ERROR] ConditionMgr:805 - Attr not supported : Dmpu
2024-07-12 16:47:39,247 [ERROR] ConditionMgr:805 - Attr not supported : Dmpu
2024-07-12 16:47:39,247 [ERROR] ConditionMgr:805 - Attr not supported : Dmpu
2024-07-12 16:47:39,247 [ERROR] ConditionMgr:805 - Attr not supported : Dmpu
2024-07-12 16:47:39,247 [ERROR] ConditionMgr:805 - Attr not supported : Dmpu
2024-07-12 16:47:39,247 [ERROR] ConditionMgr:805 - Attr not supported : Dmpu
2024-07-12 16:47:39,247 [ERROR] ConditionMgr:805 - Attr not supported : Dmpu
2024-07-12 16:47:39,247 [ERROR] ConditionMgr:805 - Attr not supported : Dmpu
2024-07-12 16:47:39,247 [ERROR] ConditionMgr:805 - Attr not supported : Dmpu
2024-07-12 16:47:39,247 [ERROR] ConditionMgr:805 - Attr not supported : Dmpu
2024-07-12 16:47:39,247 [ERROR] ConditionMgr:805 - Attr not supported : Dmpu
2024-07-12 16:47:39,247 [ERROR] ConditionMgr:805 - Attr not supported : Dmpu
2024-07-12 16:47:39,247 [ERROR] ConditionMgr:805 - Attr not supported : Dmpu
2024-07-12 16:47:39,247 [ERROR] ConditionMgr:805 - Attr not supported : Dmpu
2024-07-12 16:47:39,247 [ERROR] ConditionMgr:805 - Attr not supported : Dmpu
2024-07-12 16:47:39,248 [ERROR] ConditionMgr:805 - Attr not supported : Dmpu
2024-07-12 16:47:39,248 [ERROR] ConditionMgr:805 - Attr not supported : Dmpu
2024-07-12 16:47:39,248 [ERROR] ConditionMgr:805 - Attr not supported : Dmpu
2024-07-12 16:47:39,248 [ERROR] ConditionMgr:805 - Attr not supported : Dmpu
2024-07-12 16:47:39,248 [ERROR] ConditionMgr:805 - Attr not supported : Dmpu
2024-07-12 16:47:39,248 [ERROR] ConditionMgr:805 - Attr not supported : Dmpu
2024-07-12 16:47:39,248 [ERROR] ConditionMgr:805 - Attr not supported : Dmpu
2024-07-12 16:47:39,248 [ERROR] ConditionMgr:805 - Attr not supported : Dmpu
2024-07-12 16:47:39,248 [ERROR] ConditionMgr:805 - Attr not supported : Dmpu
2024-07-12 16:47:39,248 [ERROR] ConditionMgr:805 - Attr not supported : Dmpu
2024-07-12 16:47:39,248 [ERROR] ConditionMgr:805 - Attr not supported : Dmpu
2024-07-12 16:47:39,248 [ERROR] ConditionMgr:805 - Attr not supported : Dmpu
2024-07-12 16:47:39,248 [ERROR] ConditionMgr:805 - Attr not supported : Dmpu
2024-07-12 16:47:39,248 [ERROR] ConditionMgr:805 - Attr not supported : Dmpu
2024-07-12 16:47:39,248 [ERROR] ConditionMgr:805 - Attr not supported : Dmpu
2024-07-12 16:47:39,248 [ERROR] ConditionMgr:805 - Attr not supported : Dmpu
2024-07-12 16:47:39,248 [ERROR] ConditionMgr:805 - Attr not supported : Dmpu
2024-07-12 16:47:39,248 [ERROR] ConditionMgr:805 - Attr not supported : Dmpu
2024-07-12 16:47:39,248 [ERROR] ConditionMgr:805 - Attr not supported : Dmpu
2024-07-12 16:47:39,248 [ERROR] ConditionMgr:805 - Attr not supported : Dmpu
2024-07-12 16:47:39,248 [ERROR] ConditionMgr:805 - Attr not supported : Dmpu
2024-07-12 16:47:39,248 [ERROR] ConditionMgr:805 - Attr not supported : Dmpu
2024-07-12 16:47:39,248 [ERROR] ConditionMgr:805 - Attr not supported : Dmpu
2024-07-12 16:47:39,255 [WARN] PackLoader:240 - Cannot read IP mode file for RealThread.X-CUBE-RT-Thread_Nano.4.1.1
2024-07-12 16:47:39,258 [WARN] PackLoader:240 - Cannot read IP mode file for STMicroelectronics.FP-ATR-SIGFOX1.3.2.0
2024-07-12 16:47:39,264 [WARN] PackLoader:240 - Cannot read IP mode file for STMicroelectronics.X-CUBE-EEPRMA1.5.1.0
2024-07-12 16:47:39,288 [WARN] PackLoader:240 - Cannot read IP mode file for SEGGER.I-CUBE-embOS.1.3.1
2024-07-12 16:47:39,309 [WARN] PackLoader:240 - Cannot read IP mode file for STMicroelectronics.X-CUBE-ALGOBUILD.1.4.0
2024-07-12 16:47:39,316 [WARN] PackLoader:240 - Cannot read IP mode file for STMicroelectronics.X-CUBE-GNSS1.6.0.0
2024-07-12 16:47:39,326 [WARN] PackLoader:240 - Cannot read IP mode file for STMicroelectronics.X-CUBE-AZRTOS-F4.1.1.0
2024-07-12 16:47:39,333 [WARN] PackLoader:240 - Cannot read IP mode file for STMicroelectronics.X-CUBE-FREERTOS.1.2.0
2024-07-12 16:47:39,338 [WARN] PackLoader:240 - Cannot read IP mode file for wolfSSL.I-CUBE-wolfSSL.5.6.6
2024-07-12 16:47:39,371 [WARN] PackLoader:240 - Cannot read IP mode file for STMicroelectronics.X-CUBE-AZRTOS-L5.2.0.0
2024-07-12 16:47:39,378 [WARN] PackLoader:240 - Cannot read IP mode file for STMicroelectronics.X-CUBE-NFC6.3.1.0
2024-07-12 16:47:39,383 [WARN] PackLoader:240 - Cannot read IP mode file for ITTIA_DB.I-CUBE-ITTIADB.8.8.0
2024-07-12 16:47:39,385 [WARN] PackLoader:240 - Cannot read IP mode file for STMicroelectronics.X-CUBE-DPower.1.2.0
2024-07-12 16:47:39,388 [WARN] PackLoader:240 - Cannot read IP mode file for STMicroelectronics.X-CUBE-AI.9.0.0
2024-07-12 16:47:39,391 [WARN] PackLoader:240 - Cannot read IP mode file for STMicroelectronics.X-CUBE-NFC7.1.0.1
2024-07-12 16:47:39,394 [WARN] PackLoader:240 - Cannot read IP mode file for wolfSSL.I-CUBE-wolfTPM.3.2.0
2024-07-12 16:47:39,399 [WARN] PackLoader:240 - Cannot read IP mode file for STMicroelectronics.X-CUBE-NFC6.3.0.0
2024-07-12 16:47:39,403 [WARN] PackLoader:240 - Cannot read IP mode file for STMicroelectronics.X-CUBE-AI.8.1.0
2024-07-12 16:47:39,415 [WARN] ConditionMgr:438 - getConditionDescription Invalid condition id : LAN8742 Phy interface Condition cause : null
2024-07-12 16:47:39,415 [WARN] PackLoader:240 - Cannot read IP mode file for STMicroelectronics.X-CUBE-AZRTOS-L4.2.0.0
2024-07-12 16:47:39,416 [WARN] ConditionMgr:1039 - genDependencies : Invalid condition id : LAN8742 Phy interface Condition cause : null
2024-07-12 16:47:39,416 [WARN] ConditionMgr:1039 - genDependencies : Invalid condition id : LAN8742 Phy interface Condition cause : null
2024-07-12 16:47:39,416 [WARN] ConditionMgr:1039 - genDependencies : Invalid condition id : LAN8742 Phy interface Condition cause : null
2024-07-12 16:47:39,422 [WARN] PackLoader:240 - Cannot read IP mode file for STMicroelectronics.X-CUBE-SFXS2LP1.4.0.0
2024-07-12 16:47:39,431 [WARN] ConditionMgr:438 - getConditionDescription Invalid condition id : UX DEVICE CLASS RTOS Condition cause : null
2024-07-12 16:47:39,431 [WARN] ConditionMgr:438 - getConditionDescription Invalid condition id : UX DEVICE CLASS RTOS Condition cause : null
2024-07-12 16:47:39,432 [WARN] PackLoader:240 - Cannot read IP mode file for STMicroelectronics.X-CUBE-AZRTOS-WB.2.0.0
2024-07-12 16:47:39,433 [WARN] ConditionMgr:1039 - genDependencies : Invalid condition id : UX DEVICE CLASS RTOS Condition cause : null
2024-07-12 16:47:39,433 [WARN] ConditionMgr:1039 - genDependencies : Invalid condition id : UX DEVICE CLASS RTOS Condition cause : null
2024-07-12 16:47:39,433 [WARN] ConditionMgr:1039 - genDependencies : Invalid condition id : UX DEVICE CLASS RTOS Condition cause : null
2024-07-12 16:47:39,433 [WARN] ConditionMgr:1039 - genDependencies : Invalid condition id : UX DEVICE CLASS RTOS Condition cause : null
2024-07-12 16:47:39,433 [WARN] ConditionMgr:1039 - genDependencies : Invalid condition id : UX DEVICE CLASS RTOS Condition cause : null
2024-07-12 16:47:39,441 [WARN] PackLoader:240 - Cannot read IP mode file for STMicroelectronics.X-CUBE-SUBG2.5.0.0
2024-07-12 16:47:39,450 [WARN] PackLoader:240 - Cannot read IP mode file for Cesanta.I-CUBE-Mongoose.7.13.0
2024-07-12 16:47:39,468 [WARN] PackLoader:240 - Cannot read IP mode file for STMicroelectronics.X-CUBE-AZRTOS-G4.2.0.0
2024-07-12 16:47:39,486 [WARN] PackLoader:240 - Cannot read IP mode file for Infineon.AIROC-Wi-Fi-Bluetooth-STM32.1.5.1
2024-07-12 16:47:39,496 [WARN] PackLoader:240 - Cannot read IP mode file for STMicroelectronics.FP-SNS-MOTENVWB1.1.3.1
2024-07-12 16:47:39,502 [WARN] PackLoader:240 - Cannot read IP mode file for STMicroelectronics.X-CUBE-ISPU.2.0.0
2024-07-12 16:47:39,509 [WARN] PackLoader:240 - Cannot read IP mode file for STMicroelectronics.X-CUBE-ALS.1.0.2
2024-07-12 16:47:39,541 [WARN] PackLoader:240 - Cannot read IP mode file for STMicroelectronics.X-CUBE-MEMS1.10.0.0
2024-07-12 16:47:39,627 [WARN] PackLoader:240 - Cannot read IP mode file for STMicroelectronics.X-CUBE-FREERTOS.1.1.0
2024-07-12 16:47:39,629 [WARN] PackLoader:240 - Cannot read IP mode file for STMicroelectronics.X-CUBE-TOUCHGFX.4.24.0
2024-07-12 16:47:39,635 [WARN] PackLoader:240 - Cannot read IP mode file for portGmbH.I-Cube-SoM-uGOAL.1.1.0
2024-07-12 16:47:39,638 [WARN] PackLoader:240 - Cannot read IP mode file for STMicroelectronics.X-CUBE-ALS.1.0.1
2024-07-12 16:47:39,648 [WARN] PackLoader:240 - Cannot read IP mode file for STMicroelectronics.X-CUBE-AZRTOS-H7RS.1.0.0
2024-07-12 16:47:39,653 [WARN] PackLoader:240 - Cannot read IP mode file for STMicroelectronics.FP-ATR-ASTRA1.2.0.0
2024-07-12 16:47:39,659 [WARN] PackLoader:240 - Cannot read IP mode file for STMicroelectronics.X-CUBE-TOF1.3.4.0
2024-07-12 16:47:39,676 [WARN] PackLoader:240 - Cannot read IP mode file for STMicroelectronics.X-CUBE-TOF1.3.4.1
2024-07-12 16:47:39,696 [WARN] PackLoader:240 - Cannot read IP mode file for STMicroelectronics.X-CUBE-AZRTOS-H7.3.2.0
2024-07-12 16:47:39,702 [WARN] PackLoader:240 - Cannot read IP mode file for wolfSSL.I-CUBE-wolfSSH.1.4.17
2024-07-12 16:47:39,704 [INFO] ThirdParty:978 - Integrity check success = true
2024-07-12 16:47:39,704 [INFO] IntegrityCheckThread:100 - exiting critical section [integrity check]
2024-07-12 16:47:39,705 [INFO] IntegrityCheckThread:103 - End integrity checks thread
2024-07-12 16:47:48,997 [INFO] McuFinderGlobals:63 - Set McuFinder mode to 2 (CubeIDE integrated)
2024-07-12 16:47:49,007 [INFO] MainUpdater:2873 - connection check result : 10
2024-07-12 16:47:49,008 [INFO] MainUpdater:2873 - connection check result : 10
2024-07-12 16:47:49,071 [INFO] MicroXplorer:468 - Change Database Path : 
2024-07-12 16:47:49,071 [INFO] MicroXplorer:498 - Change Database Version : DB.6.0.100
2024-07-12 16:47:49,076 [WARN] ThirdParty:871 - waiting for thirdparty lock release [close project]
2024-07-12 16:47:49,076 [INFO] ThirdParty:873 - entering critical section [close project]
2024-07-12 16:47:49,077 [INFO] ThirdParty:883 - exiting critical section [close project]
2024-07-12 16:47:49,079 [INFO] PinOutPanel:1499 - setPackage(No Configuration,No Configuration)
2024-07-12 16:47:49,085 [INFO] UtilMem:75 - Begin LoadConfig() Used Memory: 229420176 Bytes (507510784)
2024-07-12 16:47:49,087 [INFO] MicroXplorer:468 - Change Database Path : 
2024-07-12 16:47:49,087 [INFO] MicroXplorer:498 - Change Database Version : DB.6.0.100
2024-07-12 16:47:49,087 [INFO] OpenFileManager:312 - Change cursor
2024-07-12 16:47:49,134 [INFO] Mcu:2016 - Initializing MCU STM32F407V(E-G)Tx STM32F407VGTx STM32F407VGT7
2024-07-12 16:47:50,852 [INFO] Context:659 - Trying to add GPIOservice into a context  which must be forbidden
2024-07-12 16:47:51,287 [INFO] RtosManager:555 - Registered RTOS mode: class=CMSIS, group=RTOS, mode=CMSIS_V1, owner=FREERTOS
2024-07-12 16:47:51,287 [INFO] RtosManager:555 - Registered RTOS mode: class=CMSIS, group=RTOS2, mode=CMSIS_V2, owner=FREERTOS
2024-07-12 16:47:51,287 [INFO] RtosManager:555 - Registered RTOS mode: class=RTOS, group=Core, mode=CMSIS_V1, owner=FREERTOS
2024-07-12 16:47:51,287 [INFO] RtosManager:555 - Registered RTOS mode: class=RTOS, group=Core, mode=CMSIS_V2, owner=FREERTOS
2024-07-12 16:47:51,287 [WARN] ModelIntegratedComponent:184 - Missing modes for component STMicroelectronics:FreeRTOS:0.0.1:STMicroelectronics:RTOS:FreeRTOS:Core:::10.2.0:
2024-07-12 16:47:51,297 [WARN] ModelIntegratedComponent:63 - No mode defined for component null
2024-07-12 16:47:51,298 [WARN] ModelIntegratedComponent:63 - No mode defined for component null
2024-07-12 16:47:51,298 [WARN] ModelIntegratedComponent:63 - No mode defined for component null
2024-07-12 16:47:51,298 [WARN] ModelIntegratedComponent:63 - No mode defined for component null
2024-07-12 16:47:51,298 [WARN] ModelIntegratedComponent:63 - No mode defined for component null
2024-07-12 16:47:51,298 [WARN] ModelIntegratedComponent:63 - No mode defined for component null
2024-07-12 16:47:51,298 [WARN] ModelIntegratedComponent:63 - No mode defined for component null
2024-07-12 16:47:51,298 [WARN] ModelIntegratedComponent:63 - No mode defined for component null
2024-07-12 16:47:51,298 [WARN] ModelIntegratedComponent:63 - No mode defined for component null
2024-07-12 16:47:51,298 [WARN] ModelIntegratedComponent:63 - No mode defined for component null
2024-07-12 16:47:51,298 [WARN] ModelIntegratedComponent:63 - No mode defined for component null
2024-07-12 16:47:51,298 [WARN] ModelIntegratedComponent:63 - No mode defined for component null
2024-07-12 16:47:51,298 [WARN] ModelIntegratedComponent:63 - No mode defined for component null
2024-07-12 16:47:51,298 [WARN] ModelIntegratedComponent:63 - No mode defined for component null
2024-07-12 16:47:51,298 [WARN] ModelIntegratedComponent:63 - No mode defined for component null
2024-07-12 16:47:51,298 [WARN] ModelIntegratedComponent:63 - No mode defined for component null
2024-07-12 16:47:51,298 [WARN] ModelIntegratedComponent:63 - No mode defined for component null
2024-07-12 16:47:51,298 [WARN] ModelIntegratedComponent:63 - No mode defined for component null
2024-07-12 16:47:51,298 [WARN] ModelIntegratedComponent:63 - No mode defined for component null
2024-07-12 16:47:51,298 [WARN] ModelIntegratedComponent:63 - No mode defined for component null
2024-07-12 16:47:51,298 [WARN] ModelIntegratedComponent:63 - No mode defined for component null
2024-07-12 16:47:51,298 [WARN] ModelIntegratedComponent:63 - No mode defined for component null
2024-07-12 16:47:51,298 [WARN] ModelIntegratedComponent:63 - No mode defined for component null
2024-07-12 16:47:51,298 [WARN] ModelIntegratedComponent:63 - No mode defined for component null
2024-07-12 16:47:51,298 [WARN] ModelIntegratedComponent:63 - No mode defined for component null
2024-07-12 16:47:51,298 [WARN] ModelIntegratedComponent:63 - No mode defined for component null
2024-07-12 16:47:51,298 [WARN] ModelIntegratedComponent:63 - No mode defined for component null
2024-07-12 16:47:51,298 [WARN] ModelIntegratedComponent:63 - No mode defined for component null
2024-07-12 16:47:51,298 [WARN] ModelIntegratedComponent:63 - No mode defined for component null
2024-07-12 16:47:51,299 [WARN] ModelIntegratedComponent:63 - No mode defined for component null
2024-07-12 16:47:51,299 [WARN] ModelIntegratedComponent:63 - No mode defined for component null
2024-07-12 16:47:51,299 [WARN] ModelIntegratedComponent:63 - No mode defined for component null
2024-07-12 16:47:51,299 [WARN] ModelIntegratedComponent:63 - No mode defined for component null
2024-07-12 16:47:51,397 [INFO] ThirdPartyModel:298 - Start build external matchings
2024-07-12 16:47:51,590 [INFO] ThirdPartyModel:316 - End build external matchings
2024-07-12 16:47:51,884 [INFO] UtilMem:75 - End LoadConfig() Used Memory: 369893472 Bytes (507510784)
2024-07-12 16:47:52,098 [INFO] ApiDb:581 - Connected to CubeFinder SQLite database (C:\Users\conne\.stmcufinder\plugins\mcufinder\mcu\cube-finder-db.db)
2024-07-12 16:47:52,149 [INFO] ApiDb:668 - CubeFinder database Data Model version=2.1
2024-07-12 16:47:52,149 [INFO] ApiDb:669 - CubeFinder database Configuration version=3.0.39
2024-07-12 16:47:52,149 [INFO] ApiDb:670 - CubeFinder database generation date=2024-05-17 (1715872938)
2024-07-12 16:47:52,149 [INFO] ApiDb:671 - CubeFinder database FW Pack versions=[FP-ATR-ASTRA1_V2.0.0, FP-SNS-FLIGHT1_V5.0.1, FP-SNS-FLIGHT1_V5.0.2, FP-SNS-MOTENV1_V4.3.1, FP-SNS-MOTENV1_V4.3.2, FP-SNS-MOTENV1_V5.0.0, FP-SNS-MOTENVWB1_V1.4.0, FP-SNS-SMARTAG2_V1.2.0, STM32Cube_FW_C0_V1.1.0, STM32Cube_FW_F4_V1.28.0, STM32Cube_FW_F7_V1.17.0, STM32Cube_FW_G0_V1.6.2, STM32Cube_FW_G4_V1.5.2, STM32Cube_FW_H5_V0.5.1, STM32Cube_FW_H5_V1.1.1, STM32Cube_FW_H5_V1.2.0, STM32Cube_FW_H5_V1.2.0RC4, STM32Cube_FW_H7RS_V1.0.0, STM32Cube_FW_H7RS_V1.0.0RC4, STM32Cube_FW_H7_V1.11.0, STM32Cube_FW_L0_V1.12.2, STM32Cube_FW_L5_V1.5.1, STM32Cube_FW_U0_V1.0.0, STM32Cube_FW_U0_V1.0.0RC1, STM32Cube_FW_U5_V1.3.0RC4, STM32Cube_FW_U5_V1.5.0, STM32Cube_FW_U5_V1.5.0RC1, STM32Cube_FW_WBA_V1.0.0RC1, STM32Cube_FW_WBA_V1.2.0, STM32Cube_FW_WBA_V1.2.0RC2, STM32Cube_FW_WBA_V1.3.0, STM32Cube_FW_WBA_V1.3.0RC1, STM32Cube_FW_WB_V1.15.0RC1, STM32Cube_FW_WB_V1.16.0, STM32Cube_FW_WB_V1.16.0RC2, STM32Cube_FW_WB_V1.18.0, STM32Cube_FW_WB_V1.19.0, STM32Cube_FW_WL_V1.3.0, X-CUBE-ALGOBUILD_V1.4.0, X-CUBE-ALS_V1.0.1, X-CUBE-AZRTOS-F4_V1.1.0, X-CUBE-AZRTOS-F7_V1.1.0, X-CUBE-AZRTOS-G0_V1.1.0, X-CUBE-AZRTOS-G4_V2.0.0, X-CUBE-AZRTOS-H7_V3.2.0, X-CUBE-AZRTOS-L4_V1.0.0, X-CUBE-AZRTOS-L4_V2.0.0, X-CUBE-AZRTOS-L5_V1.1.0, X-CUBE-AZRTOS-WB_V2.0.0, X-CUBE-AZRTOS-WL_V2.0.0, X-CUBE-BLE1_V7.0.0, X-CUBE-BLE2_V3.3.0, X-CUBE-BLEMGR_V3.1.0, X-CUBE-EEPRMA1_V4.1.0, X-CUBE-EEPRMA1_V5.1.0, X-CUBE-FREERTOS_V1.1.0, X-CUBE-GNSS1_V6.0.0, X-CUBE-MEMS1_V10.0.0, X-CUBE-MEMS1_V9.1.0, X-CUBE-MEMS1_V9.4.0, X-CUBE-MEMS1_V9.6.0, X-CUBE-NFC4_V3.0.0, X-CUBE-NFC7_V1.0.1, X-CUBE-SFXS2LP1_V4.0.0, X-CUBE-SUBG2_V5.0.0, X-CUBE-TOF1_V3.4.0]
2024-07-12 16:47:53,746 [INFO] ApiDb:240 - Found 371 in-development CPN: [B-G473E-ZEST1S, B-WB1M-WPAN1, B-WL5M-SUBG1, NUCLEO-C031C6, NUCLEO-H503RB, NUCLEO-H563ZI, NUCLEO-U545RE-Q, NUCLEO-U5A5ZJ-Q, NUCLEO-WBA52CG, NUCLEO-WBA55CG, STEVAL-MKBOXPRO, STEVAL-PROTEUS1, STEVAL-STWINBX1, STM320518-EVAL, STM32C0116-DK, STM32C011D6Y3TR, STM32C011D6Y6TR, STM32C011F4P3, STM32C011F4P6, STM32C011F4U3, STM32C011F4U6TR, STM32C011F6P3, STM32C011F6P6, STM32C011F6U3, STM32C011F6U6TR, STM32C011J4M3, STM32C011J4M6, STM32C011J6M3, STM32C011J6M6, STM32C0316-DK, STM32C031C4T3, STM32C031C4T6, STM32C031C4U3, STM32C031C4U6, STM32C031C6T3, STM32C031C6T6, STM32C031C6U3, STM32C031C6U6, STM32C031F4P3, STM32C031F4P6, STM32C031F6P3, STM32C031F6P6, STM32C031G4U3, STM32C031G4U6, STM32C031G6U3, STM32C031G6U6, STM32C031K4T3, STM32C031K4T6, STM32C031K4U3, STM32C031K4U6, STM32C031K6T3, STM32C031K6T6, STM32C031K6U3, STM32C031K6U6, STM32G071K8TXN, STM32G071K8UXN, STM32G081GBU6N, STM32G081KBT6N, STM32G081KBUXN, STM32G0B1CCT6N, STM32G0B1KCT6, STM32G0B1NEY6TR, STM32G0B1RCT6N, STM32G0C1CCT6, STM32G0C1CCT6N, STM32G0C1CCU6N, STM32G0C1CET6N, STM32G0C1CEU6N, STM32G0C1KCT6, STM32G0C1NEY6TR, STM32G0C1RCI6N, STM32G0C1RCT6N, STM32G0C1REI6N, STM32G0C1RET6N, STM32G0C1VCI6, STM32G0C1VEI6, STM32G471CCT6, STM32G471CCU6, STM32G471CET3, STM32G471CET6, STM32G471CEU3, STM32G471CEU6, STM32G471MCT6, STM32G471MET3, STM32G471MET6, STM32G471MEY6TR, STM32G471QCT6, STM32G471QET3, STM32G471RCT6, STM32G471RET3, STM32G471RET6, STM32G471VCH6, STM32G471VCI6, STM32G471VCT6, STM32G471VEH3, STM32G471VEH6, STM32G471VEI3, STM32G471VEI6, STM32G471VET3, STM32G471VET6, STM32G474CCT6, STM32H503CBT6, STM32H503CBU6, STM32H503EBY6TR, STM32H503KBU6, STM32H503RBT6, STM32H562AGI6, STM32H562AII6, STM32H562IGK6, STM32H562IGT6, STM32H562IIK6, STM32H562IIT6, STM32H562RGT6, STM32H562RGV6, STM32H562RIT6, STM32H562RIV6, STM32H562VGT6, STM32H562VIT6, STM32H562ZGT6, STM32H562ZIT6, STM32H563AGI6, STM32H563AII3Q, STM32H563AII6, STM32H563IGK6, STM32H563IGT6, STM32H563IIK3Q, STM32H563IIK6, STM32H563IIT3Q, STM32H563IIT6, STM32H563MIY3QTR, STM32H563RGT6, STM32H563RGV6, STM32H563RIT6, STM32H563RIV6, STM32H563VGT6, STM32H563VIT3Q, STM32H563VIT6, STM32H563ZGT6, STM32H563ZIT3Q, STM32H563ZIT6, STM32H573AII3Q, STM32H573AII6, STM32H573I-DK, STM32H573IIK3Q, STM32H573IIK6, STM32H573IIT3Q, STM32H573IIT6, STM32H573MIY3QTR, STM32H573RIT6, STM32H573RIV6, STM32H573VIT3Q, STM32H573VIT6, STM32H573ZIT3Q, STM32H573ZIT6, STM32L4R5QGI6STR, STM32MP131AAE3, STM32MP131AAF3, STM32MP131AAG3, STM32MP131CAE3, STM32MP131CAF3, STM32MP131CAG3, STM32MP131DAE7, STM32MP131DAF7, STM32MP131DAG7, STM32MP131FAE7, STM32MP131FAF7, STM32MP131FAG7, STM32MP133AAE3, STM32MP133AAF3, STM32MP133AAG3, STM32MP133CAE3, STM32MP133CAF3, STM32MP133CAG3, STM32MP133DAE7, STM32MP133DAF7, STM32MP133DAG7, STM32MP133FAE7, STM32MP133FAF7, STM32MP133FAG7, STM32MP135AAE3, STM32MP135AAF3, STM32MP135AAG3, STM32MP135CAE3, STM32MP135CAF3, STM32MP135CAG3, STM32MP135DAE7, STM32MP135DAF7, STM32MP135DAG7, STM32MP135F-DK, STM32MP135FAE7, STM32MP135FAF7, STM32MP135FAF7T, STM32MP135FAF7U, STM32MP135FAG7, STM32U535CBT6, STM32U535CBT6Q, STM32U535CBU6, STM32U535CBU6Q, STM32U535CCT6, STM32U535CCT6Q, STM32U535CCU6, STM32U535CCU6Q, STM32U535CET6, STM32U535CET6Q, STM32U535CEU6, STM32U535CEU6Q, STM32U535JEY6QTR, STM32U535NCY6QTR, STM32U535NEY6QTR, STM32U535RBI6, STM32U535RBI6Q, STM32U535RBT6, STM32U535RBT6Q, STM32U535RCI6, STM32U535RCI6Q, STM32U535RCT6, STM32U535RCT6Q, STM32U535REI6, STM32U535REI6Q, STM32U535RET6, STM32U535RET6Q, STM32U535VCI6, STM32U535VCI6Q, STM32U535VCT6, STM32U535VCT6Q, STM32U535VEI6, STM32U535VEI6Q, STM32U535VET6, STM32U535VET6Q, STM32U545CET6, STM32U545CET6Q, STM32U545CEU6, STM32U545CEU6Q, STM32U545JEY6QTR, STM32U545NEY6QTR, STM32U545REI6, STM32U545REI6Q, STM32U545RET6, STM32U545RET6Q, STM32U545VEI6, STM32U545VEI6Q, STM32U545VET6, STM32U545VET6Q, STM32U595AIH6, STM32U595AIH6Q, STM32U595AJH6, STM32U595AJH6Q, STM32U595QII6, STM32U595QII6Q, STM32U595QJI6, STM32U595QJI6Q, STM32U595RIT6, STM32U595RIT6Q, STM32U595RJT6, STM32U595RJT6Q, STM32U595VIT6, STM32U595VIT6Q, STM32U595VJT6, STM32U595VJT6Q, STM32U595ZIT6, STM32U595ZIT6Q, STM32U595ZIY6QTR, STM32U595ZJT6, STM32U595ZJT6Q, STM32U595ZJY6QTR, STM32U599BJY6QTR, STM32U599NIH6Q, STM32U599NJH6Q, STM32U599VIT6Q, STM32U599VJT6, STM32U599VJT6Q, STM32U599ZIT6Q, STM32U599ZIY6QTR, STM32U599ZJT6Q, STM32U599ZJY6QTR, STM32U5A5AJH6, STM32U5A5AJH6Q, STM32U5A5QJI6, STM32U5A5QJI6Q, STM32U5A5RJT6, STM32U5A5RJT6Q, STM32U5A5VJT6, STM32U5A5VJT6Q, STM32U5A5ZJT6, STM32U5A5ZJT6Q, STM32U5A5ZJY6QTR, STM32U5A9BJY6QTR, STM32U5A9J-DK, STM32U5A9NJH6Q, STM32U5A9VJT6Q, STM32U5A9ZJT6Q, STM32U5A9ZJY6QTR, STM32U5F7VIT6, STM32U5F7VIT6Q, STM32U5F7VJT6, STM32U5F7VJT6Q, STM32U5F9BJY6QTR, STM32U5F9NJH6Q, STM32U5F9VIT6Q, STM32U5F9VJT6Q, STM32U5F9ZIJ6QTR, STM32U5F9ZIT6Q, STM32U5F9ZJJ6QTR, STM32U5F9ZJT6Q, STM32U5G7VJT6, STM32U5G7VJT6Q, STM32U5G9BJY6QTR, STM32U5G9J-DK1, STM32U5G9J-DK2, STM32U5G9NJH6Q, STM32U5G9VJT6Q, STM32U5G9ZJJ6QTR, STM32U5G9ZJT6Q, STM32WB1MMCH6, STM32WBA50KEU6, STM32WBA50KEU6TR, STM32WBA50KGU6, STM32WBA50KGU6TR, STM32WBA52CEU6, STM32WBA52CEU6TR, STM32WBA52CEU7, STM32WBA52CEU7TR, STM32WBA52CGU6, STM32WBA52CGU6TR, STM32WBA52CGU6U, STM32WBA52CGU7, STM32WBA52CGU7TR, STM32WBA52KEU6, STM32WBA52KEU6TR, STM32WBA52KGU6, STM32WBA52KGU6TR, STM32WBA54CEU6, STM32WBA54CEU6TR, STM32WBA54CEU7, STM32WBA54CEU7TR, STM32WBA54CGU6, STM32WBA54CGU6TR, STM32WBA54CGU7, STM32WBA54CGU7TR, STM32WBA54KEU6, STM32WBA54KEU6TR, STM32WBA54KEU7, STM32WBA54KEU7TR, STM32WBA54KGU6, STM32WBA54KGU6TR, STM32WBA54KGU7, STM32WBA54KGU7TR, STM32WBA55CEU6, STM32WBA55CEU6TR, STM32WBA55CEU7, STM32WBA55CEU7TR, STM32WBA55CGU6, STM32WBA55CGU6TR, STM32WBA55CGU6U, STM32WBA55CGU7, STM32WBA55CGU7TR, STM32WBA55G-DK1, STM32WBA55HEF6, STM32WBA55HEF7, STM32WBA55HGF6, STM32WBA55HGF7, STM32WBA55UEI6, STM32WBA55UEI6TR, STM32WBA55UEI7, STM32WBA55UEI7TR, STM32WBA55UGI6, STM32WBA55UGI6TR, STM32WBA55UGI7, STM32WBA55UGI7TR, STM32WL5MOCH6, STM32WL5MOCH6TR]
2024-07-12 16:47:53,750 [INFO] DbMcus:218 - Found 4092 MCUs, 4092 are supported
2024-07-12 16:47:53,750 [INFO] ApiDb:423 - Load user favorites file C:\Users\conne/.stm32cubeide/favorites.mcus.txt: 0 item(s)
2024-07-12 16:47:53,750 [INFO] ApiDb:427 - User favorites MCUs=[]
2024-07-12 16:47:53,750 [INFO] DbMcus:224 - Set 0 / 0 favorites MCUs
2024-07-12 16:47:54,090 [INFO] MicroXplorer:468 - Change Database Path : 
2024-07-12 16:47:54,090 [INFO] MicroXplorer:498 - Change Database Version : DB.6.0.100
2024-07-12 16:47:54,092 [WARN] ThirdParty:833 - waiting for thirdparty lock release [change project]
2024-07-12 16:47:54,092 [INFO] ThirdParty:835 - entering critical section [change project]
2024-07-12 16:47:54,092 [INFO] ThirdParty:1030 - CMSIS Pack Vendor :STMicroelectronics USBPD 4.1
2024-07-12 16:47:54,092 [INFO] ThirdParty:1030 - CMSIS Pack Vendor :STMicroelectronics X-CUBE-GNSS1 6.0.0
2024-07-12 16:47:54,092 [INFO] ThirdParty:1030 - CMSIS Pack Vendor :STMicroelectronics USB_HOST 2.0.0
2024-07-12 16:47:54,092 [INFO] ThirdParty:1030 - CMSIS Pack Vendor :STMicroelectronics FP-SNS-MOTENVWB1 1.4.0
2024-07-12 16:47:54,092 [INFO] ThirdParty:1030 - CMSIS Pack Vendor :STMicroelectronics X-CUBE-AZRTOS-F4 1.1.0
2024-07-12 16:47:54,092 [INFO] ThirdParty:1030 - CMSIS Pack Vendor :STMicroelectronics LIBJPEG 8.0.0
2024-07-12 16:47:54,092 [INFO] ThirdParty:1030 - CMSIS Pack Vendor :STMicroelectronics X-CUBE-SMBUS 2.1.0
2024-07-12 16:47:54,092 [INFO] ThirdParty:1030 - CMSIS Pack Vendor :STMicroelectronics USB_DEVICE 3.0.0
2024-07-12 16:47:54,092 [INFO] ThirdParty:1030 - CMSIS Pack Vendor :STMicroelectronics X-CUBE-TCPP 4.1.0
2024-07-12 16:47:54,092 [INFO] ThirdParty:1030 - CMSIS Pack Vendor :STMicroelectronics X-CUBE-FREERTOS 1.2.0
2024-07-12 16:47:54,092 [INFO] ThirdParty:1030 - CMSIS Pack Vendor :STMicroelectronics X-CUBE-AZRTOS-WB 2.0.0
2024-07-12 16:47:54,092 [INFO] ThirdParty:1030 - CMSIS Pack Vendor :wolfSSL I-CUBE-wolfSSL 5.6.6
2024-07-12 16:47:54,092 [INFO] ThirdParty:1030 - CMSIS Pack Vendor :STMicroelectronics X-CUBE-TOUCHGFX 4.23.1
2024-07-12 16:47:54,092 [INFO] ThirdParty:1030 - CMSIS Pack Vendor :STMicroelectronics X-CUBE-TOUCHGFX 4.23.0
2024-07-12 16:47:54,092 [INFO] ThirdParty:1030 - CMSIS Pack Vendor :STMicroelectronics X-CUBE-TOUCHGFX 4.23.2
2024-07-12 16:47:54,092 [INFO] ThirdParty:1030 - CMSIS Pack Vendor :STMicroelectronics X-CUBE-AZRTOS-F7 1.1.0
2024-07-12 16:47:54,092 [INFO] ThirdParty:1030 - CMSIS Pack Vendor :STMicroelectronics X-CUBE-AZRTOS-L5 2.0.0
2024-07-12 16:47:54,092 [INFO] ThirdParty:1030 - CMSIS Pack Vendor :STMicroelectronics USB_DEVICE 2.0.0
2024-07-12 16:47:54,092 [INFO] ThirdParty:1030 - CMSIS Pack Vendor :STMicroelectronics X-CUBE-NFC6 3.1.0
2024-07-12 16:47:54,092 [INFO] ThirdParty:1030 - CMSIS Pack Vendor :ITTIA_DB I-CUBE-ITTIADB 8.8.0
2024-07-12 16:47:54,092 [INFO] ThirdParty:1030 - CMSIS Pack Vendor :STMicroelectronics FP-SNS-MOTENV1 4.3.2
2024-07-12 16:47:54,092 [INFO] ThirdParty:1030 - CMSIS Pack Vendor :STMicroelectronics X-CUBE-ALGOBUILD 1.3.0
2024-07-12 16:47:54,092 [INFO] ThirdParty:1030 - CMSIS Pack Vendor :STMicroelectronics FreeRTOS 0.0.1
2024-07-12 16:47:54,092 [INFO] ThirdParty:1030 - CMSIS Pack Vendor :STMicroelectronics X-CUBE-AZRTOS-G0 1.1.0
2024-07-12 16:47:54,092 [INFO] ThirdParty:1030 - CMSIS Pack Vendor :STMicroelectronics X-CUBE-SAFEA1 1.2.2
2024-07-12 16:47:54,092 [INFO] ThirdParty:1030 - CMSIS Pack Vendor :STMicroelectronics X-CUBE-NFC4 3.0.0
2024-07-12 16:47:54,092 [INFO] ThirdParty:1030 - CMSIS Pack Vendor :STMicroelectronics X-CUBE-DPower 1.2.0
2024-07-12 16:47:54,092 [INFO] ThirdParty:1030 - CMSIS Pack Vendor :STMicroelectronics X-CUBE-SUBG2 5.0.0
2024-07-12 16:47:54,092 [INFO] ThirdParty:1030 - CMSIS Pack Vendor :STMicroelectronics STM32_WPAN 1.0.0
2024-07-12 16:47:54,092 [INFO] ThirdParty:1030 - CMSIS Pack Vendor :EmbeddedOffice I-CUBE-FS-RTOS 1.0.1
2024-07-12 16:47:54,092 [INFO] ThirdParty:1030 - CMSIS Pack Vendor :STMicroelectronics lwIP 2.0.3
2024-07-12 16:47:54,092 [INFO] ThirdParty:1030 - CMSIS Pack Vendor :STMicroelectronics FP-SNS-FLIGHT1 5.0.2
2024-07-12 16:47:54,092 [INFO] ThirdParty:1030 - CMSIS Pack Vendor :Cesanta I-CUBE-Mongoose 7.13.0
2024-07-12 16:47:54,092 [INFO] ThirdParty:1030 - CMSIS Pack Vendor :STMicroelectronics USB_HOST 1.0.0
2024-07-12 16:47:54,092 [INFO] ThirdParty:1030 - CMSIS Pack Vendor :STMicroelectronics X-CUBE-AI 9.0.0
2024-07-12 16:47:54,092 [INFO] ThirdParty:1030 - CMSIS Pack Vendor :STMicroelectronics X-CUBE-AZRTOS-G4 2.0.0
2024-07-12 16:47:54,092 [INFO] ThirdParty:1030 - CMSIS Pack Vendor :STMicroelectronics PDM2PCM 3.1.0
2024-07-12 16:47:54,092 [INFO] ThirdParty:1030 - CMSIS Pack Vendor :Infineon AIROC-Wi-Fi-Bluetooth-STM32 1.5.1
2024-07-12 16:47:54,092 [INFO] ThirdParty:1030 - CMSIS Pack Vendor :STMicroelectronics PDM2PCM 3.3.0
2024-07-12 16:47:54,092 [INFO] ThirdParty:1030 - CMSIS Pack Vendor :STMicroelectronics X-CUBE-DISPLAY 3.0.0
2024-07-12 16:47:54,092 [INFO] ThirdParty:1030 - CMSIS Pack Vendor :RealThread X-CUBE-RT-Thread_Nano 4.1.1
2024-07-12 16:47:54,092 [INFO] ThirdParty:1030 - CMSIS Pack Vendor :STMicroelectronics FP-SNS-MOTENVWB1 1.3.1
2024-07-12 16:47:54,092 [INFO] ThirdParty:1030 - CMSIS Pack Vendor :STMicroelectronics X-CUBE-BLE1 7.0.0
2024-07-12 16:47:54,092 [INFO] ThirdParty:1030 - CMSIS Pack Vendor :STMicroelectronics FP-ATR-SIGFOX1 3.2.0
2024-07-12 16:47:54,092 [INFO] ThirdParty:1030 - CMSIS Pack Vendor :STMicroelectronics X-CUBE-ISPU 2.0.0
2024-07-12 16:47:54,092 [INFO] ThirdParty:1030 - CMSIS Pack Vendor :STMicroelectronics X-CUBE-EEPRMA1 5.1.0
2024-07-12 16:47:54,092 [INFO] ThirdParty:1030 - CMSIS Pack Vendor :STMicroelectronics HAL Drivers 0.0.0
2024-07-12 16:47:54,092 [INFO] ThirdParty:1030 - CMSIS Pack Vendor :STMicroelectronics MBEDTLS 2.16.2
2024-07-12 16:47:54,092 [INFO] ThirdParty:1030 - CMSIS Pack Vendor :STMicroelectronics X-CUBE-ALS 1.0.2
2024-07-12 16:47:54,092 [INFO] ThirdParty:1030 - CMSIS Pack Vendor :emotas I-CUBE-CANOPEN 1.3.0
2024-07-12 16:47:54,093 [INFO] ThirdParty:1030 - CMSIS Pack Vendor :STMicroelectronics X-CUBE-MEMS1 10.0.0
2024-07-12 16:47:54,093 [INFO] ThirdParty:1030 - CMSIS Pack Vendor :STMicroelectronics X-CUBE-FREERTOS 1.1.0
2024-07-12 16:47:54,093 [INFO] ThirdParty:1030 - CMSIS Pack Vendor :STMicroelectronics X-CUBE-NFC7 1.0.1
2024-07-12 16:47:54,093 [INFO] ThirdParty:1030 - CMSIS Pack Vendor :STMicroelectronics MBEDTLS 2.14.1
2024-07-12 16:47:54,093 [INFO] ThirdParty:1030 - CMSIS Pack Vendor :STMicroelectronics X-CUBE-TOUCHGFX 4.24.0
2024-07-12 16:47:54,093 [INFO] ThirdParty:1030 - CMSIS Pack Vendor :wolfSSL I-CUBE-wolfTPM 3.2.0
2024-07-12 16:47:54,093 [INFO] ThirdParty:1030 - CMSIS Pack Vendor :STMicroelectronics X-CUBE-NFC6 3.0.0
2024-07-12 16:47:54,093 [INFO] ThirdParty:1030 - CMSIS Pack Vendor :portGmbH I-Cube-SoM-uGOAL 1.1.0
2024-07-12 16:47:54,093 [INFO] ThirdParty:1030 - CMSIS Pack Vendor :STMicroelectronics X-CUBE-ALS 1.0.1
2024-07-12 16:47:54,093 [INFO] ThirdParty:1030 - CMSIS Pack Vendor :STMicroelectronics X-CUBE-BLEMGR 3.1.0
2024-07-12 16:47:54,093 [INFO] ThirdParty:1030 - CMSIS Pack Vendor :STMicroelectronics ThreadX 1.0.0
2024-07-12 16:47:54,093 [INFO] ThirdParty:1030 - CMSIS Pack Vendor :STMicroelectronics FP-SNS-SMARTAG2 1.2.0
2024-07-12 16:47:54,093 [INFO] ThirdParty:1030 - CMSIS Pack Vendor :STMicroelectronics X-CUBE-AZRTOS-WL 2.0.0
2024-07-12 16:47:54,093 [INFO] ThirdParty:1030 - CMSIS Pack Vendor :SEGGER I-CUBE-embOS 1.3.1
2024-07-12 16:47:54,093 [INFO] ThirdParty:1030 - CMSIS Pack Vendor :STMicroelectronics X-CUBE-ALGOBUILD 1.4.0
2024-07-12 16:47:54,093 [INFO] ThirdParty:1030 - CMSIS Pack Vendor :STMicroelectronics FP-SNS-MOTENV1 5.0.0
2024-07-12 16:47:54,093 [INFO] ThirdParty:1030 - CMSIS Pack Vendor :STMicroelectronics USB_DEVICE 1.0.0
2024-07-12 16:47:54,093 [INFO] ThirdParty:1030 - CMSIS Pack Vendor :STMicroelectronics X-CUBE-AI 8.1.0
2024-07-12 16:47:54,093 [INFO] ThirdParty:1030 - CMSIS Pack Vendor :STMicroelectronics X-CUBE-AZRTOS-H7RS 1.0.0
2024-07-12 16:47:54,093 [INFO] ThirdParty:1030 - CMSIS Pack Vendor :wolfSSL I-CUBE-wolfMQTT 1.19.0
2024-07-12 16:47:54,093 [INFO] ThirdParty:1030 - CMSIS Pack Vendor :STMicroelectronics X-CUBE-AZRTOS-L4 2.0.0
2024-07-12 16:47:54,093 [INFO] ThirdParty:1030 - CMSIS Pack Vendor :STMicroelectronics ThreadX 0.0.2
2024-07-12 16:47:54,093 [INFO] ThirdParty:1030 - CMSIS Pack Vendor :WES I-CUBE-Cesium 1.3.0
2024-07-12 16:47:54,093 [INFO] ThirdParty:1030 - CMSIS Pack Vendor :STMicroelectronics FP-ATR-ASTRA1 2.0.0
2024-07-12 16:47:54,093 [INFO] ThirdParty:1030 - CMSIS Pack Vendor :STMicroelectronics lwIP 2.1.2
2024-07-12 16:47:54,093 [INFO] ThirdParty:1030 - CMSIS Pack Vendor :STMicroelectronics X-CUBE-SFXS2LP1 4.0.0
2024-07-12 16:47:54,093 [INFO] ThirdParty:1030 - CMSIS Pack Vendor :STMicroelectronics X-CUBE-BLE2 3.3.0
2024-07-12 16:47:54,093 [INFO] ThirdParty:1030 - CMSIS Pack Vendor :STMicroelectronics X-CUBE-TOF1 3.4.0
2024-07-12 16:47:54,093 [INFO] ThirdParty:1030 - CMSIS Pack Vendor :STMicroelectronics X-CUBE-TOF1 3.4.1
2024-07-12 16:47:54,093 [INFO] ThirdParty:1030 - CMSIS Pack Vendor :STMicroelectronics X-CUBE-AZRTOS-H7 3.2.0
2024-07-12 16:47:54,093 [INFO] ThirdParty:1030 - CMSIS Pack Vendor :STMicroelectronics PDM2PCM 3.2.0
2024-07-12 16:47:54,093 [INFO] ThirdParty:1030 - CMSIS Pack Vendor :wolfSSL I-CUBE-wolfSSH 1.4.17
2024-07-12 16:47:54,093 [INFO] ThirdParty:841 - exiting critical section [change project]
2024-07-12 16:47:54,424 [INFO] PinOutPanel:1499 - setPackage(No Configuration,No Configuration)
2024-07-12 16:47:54,425 [INFO] PinOutPanel:1499 - setPackage(STM32F407VGTx,LQFP100)
2024-07-12 16:47:54,773 [INFO] UtilMem:75 - Before build in PCC Used Memory: 266864632 Bytes (507510784)
2024-07-12 16:47:55,611 [INFO] UtilMem:75 - After build in PCC Used Memory: 373904880 Bytes (507510784)
2024-07-12 16:47:55,653 [INFO] IPUIPlugin:80 - create IPUIPlugin
2024-07-12 16:47:55,654 [INFO] IPUIPlugin:80 - create IPUIPlugin
2024-07-12 16:47:55,654 [INFO] IPUIPlugin:80 - create IPUIPlugin
2024-07-12 16:47:55,654 [INFO] IPUIPlugin:80 - create IPUIPlugin
2024-07-12 16:47:55,654 [INFO] IPUIPlugin:80 - create IPUIPlugin
2024-07-12 16:47:55,654 [INFO] IPUIPlugin:80 - create IPUIPlugin
2024-07-12 16:47:55,654 [INFO] IPUIPlugin:80 - create IPUIPlugin
2024-07-12 16:47:55,654 [INFO] IPUIPlugin:80 - create IPUIPlugin
2024-07-12 16:47:55,654 [INFO] IPUIPlugin:80 - create IPUIPlugin
2024-07-12 16:47:55,654 [INFO] IPUIPlugin:80 - create IPUIPlugin
2024-07-12 16:47:55,654 [INFO] IPUIPlugin:80 - create IPUIPlugin
2024-07-12 16:47:55,655 [INFO] IPUIPlugin:80 - create IPUIPlugin
2024-07-12 16:47:55,655 [INFO] IPUIPlugin:80 - create IPUIPlugin
2024-07-12 16:47:55,655 [INFO] IPUIPlugin:80 - create IPUIPlugin
2024-07-12 16:47:55,655 [INFO] IPUIPlugin:80 - create IPUIPlugin
2024-07-12 16:47:55,655 [INFO] IPUIPlugin:80 - create IPUIPlugin
2024-07-12 16:47:55,655 [INFO] IPUIPlugin:80 - create IPUIPlugin
2024-07-12 16:47:55,655 [INFO] IPUIPlugin:80 - create IPUIPlugin
2024-07-12 16:47:55,655 [INFO] IPUIPlugin:80 - create IPUIPlugin
2024-07-12 16:47:55,655 [INFO] IPUIPlugin:80 - create IPUIPlugin
2024-07-12 16:47:55,656 [INFO] IPUIPlugin:80 - create IPUIPlugin
2024-07-12 16:47:55,656 [INFO] IPUIPlugin:80 - create IPUIPlugin
2024-07-12 16:47:55,656 [INFO] IPUIPlugin:80 - create IPUIPlugin
2024-07-12 16:47:55,656 [INFO] IPUIPlugin:80 - create IPUIPlugin
2024-07-12 16:47:55,656 [INFO] IPUIPlugin:80 - create IPUIPlugin
2024-07-12 16:47:55,656 [INFO] IPUIPlugin:80 - create IPUIPlugin
2024-07-12 16:47:55,657 [INFO] IPUIPlugin:80 - create IPUIPlugin
2024-07-12 16:47:55,657 [INFO] IPUIPlugin:80 - create IPUIPlugin
2024-07-12 16:47:55,657 [INFO] IPUIPlugin:80 - create IPUIPlugin
2024-07-12 16:47:55,657 [INFO] IPUIPlugin:80 - create IPUIPlugin
2024-07-12 16:47:55,657 [INFO] IPUIPlugin:80 - create IPUIPlugin
2024-07-12 16:47:55,657 [INFO] IPUIPlugin:80 - create IPUIPlugin
2024-07-12 16:47:55,657 [INFO] IPUIPlugin:80 - create IPUIPlugin
2024-07-12 16:47:55,658 [INFO] IPUIPlugin:80 - create IPUIPlugin
2024-07-12 16:47:55,658 [INFO] IPUIPlugin:80 - create IPUIPlugin
2024-07-12 16:47:55,659 [INFO] IPUIPlugin:80 - create IPUIPlugin
2024-07-12 16:47:55,659 [INFO] IPUIPlugin:80 - create IPUIPlugin
2024-07-12 16:47:55,660 [INFO] IPUIPlugin:80 - create IPUIPlugin
2024-07-12 16:47:55,660 [INFO] IPUIPlugin:80 - create IPUIPlugin
2024-07-12 16:47:55,660 [INFO] IPUIPlugin:80 - create IPUIPlugin
2024-07-12 16:47:55,661 [INFO] IPUIPlugin:80 - create IPUIPlugin
2024-07-12 16:47:55,661 [INFO] IPUIPlugin:80 - create IPUIPlugin
2024-07-12 16:47:55,662 [INFO] IPUIPlugin:80 - create IPUIPlugin
2024-07-12 16:47:55,662 [INFO] IPUIPlugin:80 - create IPUIPlugin
2024-07-12 16:47:55,663 [INFO] IPUIPlugin:80 - create IPUIPlugin
2024-07-12 16:47:55,663 [INFO] IPUIPlugin:80 - create IPUIPlugin
2024-07-12 16:47:55,664 [INFO] IPUIPlugin:80 - create IPUIPlugin
2024-07-12 16:47:55,664 [INFO] IPUIPlugin:80 - create IPUIPlugin
2024-07-12 16:47:55,665 [INFO] IPUIPlugin:80 - create IPUIPlugin
2024-07-12 16:47:55,665 [INFO] IPUIPlugin:80 - create IPUIPlugin
2024-07-12 16:47:55,666 [INFO] IPUIPlugin:80 - create IPUIPlugin
2024-07-12 16:47:55,666 [INFO] IPUIPlugin:80 - create IPUIPlugin
2024-07-12 16:47:55,667 [INFO] IPUIPlugin:80 - create IPUIPlugin
2024-07-12 16:47:55,667 [INFO] IPUIPlugin:80 - create IPUIPlugin
2024-07-12 16:47:55,668 [INFO] IPUIPlugin:80 - create IPUIPlugin
2024-07-12 16:47:55,668 [INFO] IPUIPlugin:80 - create IPUIPlugin
2024-07-12 16:47:55,668 [INFO] IPUIPlugin:80 - create IPUIPlugin
2024-07-12 16:47:55,669 [INFO] IPUIPlugin:80 - create IPUIPlugin
2024-07-12 16:47:55,757 [INFO] ApiDbMcu:508 - Load IP Config File for PDM2PCM
2024-07-12 16:47:55,997 [INFO] CADModel:165 - CPN selected for project levelSTM32F407VGT7
2024-07-12 16:47:55,997 [INFO] CADModel:114 - Register for checkConnection events
2024-07-12 16:47:56,050 [INFO] OpenFileManager:343 - Restore cursor
2024-07-12 16:49:08,113 [ERROR] LogOutputStream:75 - [STDERR_REDIRECT] 
2024-07-12 16:49:08,114 [ERROR] LogOutputStream:75 - [STDERR_REDIRECT] 
