2024-03-01 14:38:50,325 [INFO] Activator:176 - 


2024-03-01 14:38:50,326 [INFO] Activator:177 - !SESSION log4j initialized
2024-03-01 14:38:54,672 [INFO] LogOutputStream:77 - [STDOUT_REDIRECT] 
2024-03-01 14:39:01,165 [INFO] ApplicationProperties:184 - Using Application install path: C:\ST\STM32CubeIDE_1.14.1\STM32CubeIDE\plugins\com.st.stm32cube.common.mx_6.10.0.202311202037
2024-03-01 14:39:01,202 [INFO] DbMcusXml:78 - Set database path to: C:\ST\STM32CubeIDE_1.14.1\STM32CubeIDE\plugins\com.st.stm32cube.common.mx_6.10.0.202311202037\\db\/mcu/
2024-03-01 14:39:01,203 [INFO] ApiDb:274 - Set plugin database path to: C:\ST\STM32CubeIDE_1.14.1\STM32CubeIDE\plugins\com.st.stm32cube.common.mx_6.10.0.202311202037\\db\/plugins/boardmanager/
2024-03-01 14:39:01,203 [WARN] ApiDb:259 - Overriding images path with different value:  => C:\ST\STM32CubeIDE_1.14.1\STM32CubeIDE\plugins\com.st.stm32cube.common.mx_6.10.0.202311202037\\db\/plugins/mcufinder/images/
2024-03-01 14:39:02,594 [WARN] ApiFinderProperties:113 - C:\Users\conne\.stmcufinder\plugins\mcufinder\mcu\mcuFinder.mfd doesn't exist
2024-03-01 14:39:02,595 [INFO] ApiDb:250 - Set database path to: C:\Users\conne\.stmcufinder\plugins\mcufinder//mcu/
2024-03-01 14:39:02,597 [INFO] DbMcusAds:125 - Set database path to: C:\Users\conne\.stmcufinder\plugins\mcufinder//mcu/
2024-03-01 14:39:02,600 [INFO] CrossReferenceDbSqlite:203 - Set database path to: C:\Users\conne\.stmcufinder\plugins\mcufinder//mcu/cs/
2024-03-01 14:39:02,832 [INFO] RulesReader:64 - Compatibility file has been processed (297 Rules)
2024-03-01 14:39:03,002 [INFO] DbMcusXml:78 - Set database path to: C:\ST\STM32CubeIDE_1.14.1\STM32CubeIDE\plugins\com.st.stm32cube.common.mx_6.10.0.202311202037\\db\/mcu/
2024-03-01 14:39:03,002 [INFO] ApiDb:274 - Set plugin database path to: C:\ST\STM32CubeIDE_1.14.1\STM32CubeIDE\plugins\com.st.stm32cube.common.mx_6.10.0.202311202037\\db\/plugins/boardmanager/
2024-03-01 14:39:03,002 [INFO] ApiDb:261 - Set plugin images path to: C:\ST\STM32CubeIDE_1.14.1\STM32CubeIDE\plugins\com.st.stm32cube.common.mx_6.10.0.202311202037\\db\/plugins/mcufinder/images/
2024-03-01 14:39:03,002 [WARN] DbFile:41 - Overriding database path with different value: C:\Users\conne\.stmcufinder\plugins\mcufinder/ => C:\Users\conne\.stmcufinder\plugins\mcufinder
2024-03-01 14:39:03,003 [INFO] ApiDb:250 - Set database path to: C:\Users\conne\.stmcufinder\plugins\mcufinder//mcu/
2024-03-01 14:39:03,003 [WARN] DbFile:41 - Overriding database path with different value: C:\Users\conne\.stmcufinder\plugins\mcufinder/ => C:\Users\conne\.stmcufinder\plugins\mcufinder
2024-03-01 14:39:03,003 [INFO] DbMcusAds:125 - Set database path to: C:\Users\conne\.stmcufinder\plugins\mcufinder//mcu/
2024-03-01 14:39:03,003 [WARN] DbFile:41 - Overriding database path with different value: C:\Users\conne\.stmcufinder\plugins\mcufinder/ => C:\Users\conne\.stmcufinder\plugins\mcufinder
2024-03-01 14:39:03,003 [WARN] DbFile:41 - Overriding database path with different value: C:\Users\conne\.stmcufinder\plugins\mcufinder/ => C:\Users\conne\.stmcufinder\plugins\mcufinder
2024-03-01 14:39:03,004 [INFO] CrossReferenceDbSqlite:203 - Set database path to: C:\Users\conne\.stmcufinder\plugins\mcufinder//mcu/cs/
2024-03-01 14:39:03,172 [INFO] MainPanel:264 - HeapMemory: 268435456
2024-03-01 14:39:03,318 [INFO] DbMcusXml:78 - Set database path to: C:\ST\STM32CubeIDE_1.14.1\STM32CubeIDE\plugins\com.st.stm32cube.common.mx_6.10.0.202311202037\\db\/mcu/
2024-03-01 14:39:03,318 [INFO] ApiDb:274 - Set plugin database path to: C:\ST\STM32CubeIDE_1.14.1\STM32CubeIDE\plugins\com.st.stm32cube.common.mx_6.10.0.202311202037\\db\/plugins/boardmanager/
2024-03-01 14:39:03,318 [INFO] ApiDb:261 - Set plugin images path to: C:\ST\STM32CubeIDE_1.14.1\STM32CubeIDE\plugins\com.st.stm32cube.common.mx_6.10.0.202311202037\\db\/plugins/mcufinder/images/
2024-03-01 14:39:03,319 [WARN] DbFile:41 - Overriding database path with different value: C:\Users\conne\.stmcufinder\plugins\mcufinder/ => C:\Users\conne\.stmcufinder\plugins\mcufinder
2024-03-01 14:39:03,319 [INFO] ApiDb:250 - Set database path to: C:\Users\conne\.stmcufinder\plugins\mcufinder//mcu/
2024-03-01 14:39:03,319 [WARN] DbFile:41 - Overriding database path with different value: C:\Users\conne\.stmcufinder\plugins\mcufinder/ => C:\Users\conne\.stmcufinder\plugins\mcufinder
2024-03-01 14:39:03,319 [INFO] DbMcusAds:125 - Set database path to: C:\Users\conne\.stmcufinder\plugins\mcufinder//mcu/
2024-03-01 14:39:03,319 [WARN] DbFile:41 - Overriding database path with different value: C:\Users\conne\.stmcufinder\plugins\mcufinder/ => C:\Users\conne\.stmcufinder\plugins\mcufinder
2024-03-01 14:39:03,319 [WARN] DbFile:41 - Overriding database path with different value: C:\Users\conne\.stmcufinder\plugins\mcufinder/ => C:\Users\conne\.stmcufinder\plugins\mcufinder
2024-03-01 14:39:03,320 [INFO] CrossReferenceDbSqlite:203 - Set database path to: C:\Users\conne\.stmcufinder\plugins\mcufinder//mcu/cs/
2024-03-01 14:39:03,346 [INFO] ApplicationProperties:184 - Using Application install path: C:\ST\STM32CubeIDE_1.14.1\STM32CubeIDE\plugins\com.st.stm32cube.common.mx_6.10.0.202311202037
2024-03-01 14:39:03,348 [INFO] PluginManage:196 - Search for loadable plugins [exclusion list=, ]
2024-03-01 14:39:03,350 [INFO] PluginManage:310 - Check plugin analytics
2024-03-01 14:39:03,652 [INFO] AnalyticsPlugin:253 - Accepted Software Licenses: 
2024-03-01 14:39:03,652 [INFO] AnalyticsPlugin:255 - Accepted CMSIS Pack Licenses: 
2024-03-01 14:39:03,652 [INFO] AnalyticsPlugin:257 - Accepted Firmware Licenses: 
2024-03-01 14:39:03,657 [INFO] PluginManage:359 - Loaded plugin analytics (category:tool,tabindex:-1)
2024-03-01 14:39:03,657 [INFO] PluginManage:310 - Check plugin cadmodel
2024-03-01 14:39:03,672 [INFO] CADModel:105 - Init CAD model plugin
2024-03-01 14:39:03,672 [INFO] PluginManage:359 - Loaded plugin cadmodel (category:power,tabindex:5)
2024-03-01 14:39:03,673 [INFO] PluginManage:310 - Check plugin clock
2024-03-01 14:39:03,698 [INFO] PluginManage:359 - Loaded plugin clock (category:base,tabindex:2)
2024-03-01 14:39:03,698 [INFO] PluginManage:310 - Check plugin ddr
2024-03-01 14:39:03,703 [INFO] PluginManage:359 - Loaded plugin ddr (category:tool,tabindex:6)
2024-03-01 14:39:03,704 [INFO] PluginManage:310 - Check plugin filemanager
2024-03-01 14:39:03,969 [INFO] PluginManage:359 - Loaded plugin filemanager (category:base,tabindex:10)
2024-03-01 14:39:03,969 [INFO] PluginManage:310 - Check plugin ipmanager
2024-03-01 14:39:03,989 [INFO] PluginManage:359 - Loaded plugin ipmanager (category:base,tabindex:5)
2024-03-01 14:39:03,989 [INFO] PluginManage:310 - Check plugin lpbam
2024-03-01 14:39:04,035 [INFO] PluginManage:359 - Loaded plugin lpbam (category:base,tabindex:0)
2024-03-01 14:39:04,035 [INFO] PluginManage:310 - Check plugin memorymap
2024-03-01 14:39:04,114 [INFO] PluginManage:359 - Loaded plugin memorymap (category:base,tabindex:4)
2024-03-01 14:39:04,114 [INFO] PluginManage:310 - Check plugin pinoutandconfiguration
2024-03-01 14:39:04,149 [INFO] PluginManage:359 - Loaded plugin pinoutandconfiguration (category:base,tabindex:1)
2024-03-01 14:39:04,149 [INFO] PluginManage:310 - Check plugin pinoutconfig
2024-03-01 14:39:04,486 [WARN] SupportedApi:132 - Cannot load RTOS API schema: s4s-elt-must-match.1: The content of 'definitions' must match (annotation?, (simpleType | complexType)?, (unique | key | keyref)*)). A problem was found starting at: attribute.
2024-03-01 14:39:04,739 [INFO] PluginManage:359 - Loaded plugin pinoutconfig (category:base,tabindex:0)
2024-03-01 14:39:04,740 [INFO] PluginManage:310 - Check plugin power
2024-03-01 14:39:04,768 [INFO] PluginManage:359 - Loaded plugin power (category:power,tabindex:4)
2024-03-01 14:39:04,768 [INFO] PluginManage:310 - Check plugin projectmanager
2024-03-01 14:39:04,796 [INFO] PluginManage:359 - Loaded plugin projectmanager (category:projectmanager,tabindex:3)
2024-03-01 14:39:04,796 [INFO] PluginManage:310 - Check plugin thirdparty
2024-03-01 14:39:05,081 [INFO] PluginManage:359 - Loaded plugin thirdparty (category:base,tabindex:-1)
2024-03-01 14:39:05,081 [WARN] IntegrityCheckThread:84 - waiting for thirdparty lock release [integrity check]
2024-03-01 14:39:05,081 [INFO] PluginManage:310 - Check plugin tools
2024-03-01 14:39:05,081 [INFO] IntegrityCheckThread:86 - entering critical section [integrity check]
2024-03-01 14:39:05,082 [INFO] ThirdPartyUpdaterWithRetryManager:70 - Updater plugin not ready yet. [1/15]
2024-03-01 14:39:05,084 [INFO] PluginManage:359 - Loaded plugin tools (category:base,tabindex:7)
2024-03-01 14:39:05,084 [INFO] PluginManage:310 - Check plugin tutovideos
2024-03-01 14:39:05,357 [INFO] PluginManage:359 - Loaded plugin tutovideos (category:base,tabindex:-1)
2024-03-01 14:39:05,358 [INFO] PluginManage:310 - Check plugin updater
2024-03-01 14:39:05,389 [INFO] PluginManage:359 - Loaded plugin updater (category:base,tabindex:12)
2024-03-01 14:39:05,390 [INFO] PluginManage:310 - Check plugin userauth
2024-03-01 14:39:05,405 [INFO] UserAuth:114 - Init User Auth plugin
2024-03-01 14:39:05,406 [INFO] PluginManage:359 - Loaded plugin userauth (category:base,tabindex:14)
2024-03-01 14:39:05,408 [INFO] PluginManage:283 - PluginManage : Loaded plugins [17]
2024-03-01 14:39:05,737 [INFO] PinOutPanel:1499 - setPackage(No Configuration,No Configuration)
2024-03-01 14:39:05,806 [INFO] CADModel:165 - CPN selected for project level
2024-03-01 14:39:05,806 [INFO] CADModel:114 - Register for checkConnection events
2024-03-01 14:39:05,823 [INFO] IPUIPlugin:80 - create IPUIPlugin
2024-03-01 14:39:05,823 [INFO] PluginManager:220 - loadIPPluginJar : add adc
2024-03-01 14:39:05,825 [INFO] IPUIPlugin:80 - create IPUIPlugin
2024-03-01 14:39:05,825 [INFO] PluginManager:220 - loadIPPluginJar : add aes
2024-03-01 14:39:05,828 [INFO] IPUIPlugin:80 - create IPUIPlugin
2024-03-01 14:39:05,828 [INFO] PluginManager:220 - loadIPPluginJar : add can
2024-03-01 14:39:05,830 [INFO] IPUIPlugin:80 - create IPUIPlugin
2024-03-01 14:39:05,830 [INFO] PluginManager:220 - loadIPPluginJar : add comp
2024-03-01 14:39:05,833 [INFO] IPUIPlugin:80 - create IPUIPlugin
2024-03-01 14:39:05,833 [INFO] PluginManager:220 - loadIPPluginJar : add cryp
2024-03-01 14:39:05,835 [INFO] IPUIPlugin:80 - create IPUIPlugin
2024-03-01 14:39:05,835 [INFO] PluginManager:220 - loadIPPluginJar : add dfsdm
2024-03-01 14:39:05,841 [INFO] IPUIPlugin:80 - create IPUIPlugin
2024-03-01 14:39:05,841 [INFO] PluginManager:220 - loadIPPluginJar : add dma
2024-03-01 14:39:05,843 [INFO] IPUIPlugin:80 - create IPUIPlugin
2024-03-01 14:39:05,844 [INFO] PluginManager:220 - loadIPPluginJar : add dma3
2024-03-01 14:39:05,845 [INFO] IPUIPlugin:80 - create IPUIPlugin
2024-03-01 14:39:05,845 [INFO] PluginManager:220 - loadIPPluginJar : add fatfs
2024-03-01 14:39:05,849 [INFO] IPUIPlugin:80 - create IPUIPlugin
2024-03-01 14:39:05,850 [INFO] PluginManager:220 - loadIPPluginJar : add fmc
2024-03-01 14:39:05,856 [INFO] IPUIPlugin:80 - create IPUIPlugin
2024-03-01 14:39:05,856 [INFO] PluginManager:220 - loadIPPluginJar : add freertos
2024-03-01 14:39:05,857 [INFO] IPUIPlugin:80 - create IPUIPlugin
2024-03-01 14:39:05,857 [INFO] PluginManager:220 - loadIPPluginJar : add genericplugin
2024-03-01 14:39:05,859 [INFO] IPUIPlugin:80 - create IPUIPlugin
2024-03-01 14:39:05,859 [INFO] PluginManager:220 - loadIPPluginJar : add gfxmmu
2024-03-01 14:39:05,864 [INFO] IPUIPlugin:80 - create IPUIPlugin
2024-03-01 14:39:05,864 [INFO] PluginManager:220 - loadIPPluginJar : add gic
2024-03-01 14:39:05,870 [INFO] IPUIPlugin:80 - create IPUIPlugin
2024-03-01 14:39:05,870 [INFO] PluginManager:220 - loadIPPluginJar : add gpio
2024-03-01 14:39:05,873 [INFO] IPUIPlugin:80 - create IPUIPlugin
2024-03-01 14:39:05,873 [INFO] PluginManager:220 - loadIPPluginJar : add gtzc
2024-03-01 14:39:05,876 [INFO] IPUIPlugin:80 - create IPUIPlugin
2024-03-01 14:39:05,876 [INFO] PluginManager:220 - loadIPPluginJar : add hash
2024-03-01 14:39:05,879 [INFO] IPUIPlugin:80 - create IPUIPlugin
2024-03-01 14:39:05,879 [INFO] PluginManager:220 - loadIPPluginJar : add i2c
2024-03-01 14:39:05,881 [INFO] IPUIPlugin:80 - create IPUIPlugin
2024-03-01 14:39:05,881 [INFO] PluginManager:220 - loadIPPluginJar : add i2s
2024-03-01 14:39:05,884 [INFO] IPUIPlugin:80 - create IPUIPlugin
2024-03-01 14:39:05,884 [INFO] PluginManager:220 - loadIPPluginJar : add i3c
2024-03-01 14:39:05,887 [INFO] IPUIPlugin:80 - create IPUIPlugin
2024-03-01 14:39:05,887 [INFO] PluginManager:220 - loadIPPluginJar : add ipddr
2024-03-01 14:39:05,894 [INFO] IPUIPlugin:80 - create IPUIPlugin
2024-03-01 14:39:05,894 [INFO] PluginManager:220 - loadIPPluginJar : add linkedlist
2024-03-01 14:39:05,897 [INFO] IPUIPlugin:80 - create IPUIPlugin
2024-03-01 14:39:05,897 [INFO] PluginManager:220 - loadIPPluginJar : add lorawan
2024-03-01 14:39:05,899 [INFO] IPUIPlugin:80 - create IPUIPlugin
2024-03-01 14:39:05,899 [INFO] PluginManager:220 - loadIPPluginJar : add ltdc
2024-03-01 14:39:05,904 [INFO] IPUIPlugin:80 - create IPUIPlugin
2024-03-01 14:39:05,904 [INFO] PluginManager:220 - loadIPPluginJar : add mdma
2024-03-01 14:39:05,908 [INFO] IPUIPlugin:80 - create IPUIPlugin
2024-03-01 14:39:05,908 [INFO] PluginManager:220 - loadIPPluginJar : add nvic
2024-03-01 14:39:05,911 [INFO] IPUIPlugin:80 - create IPUIPlugin
2024-03-01 14:39:05,911 [INFO] PluginManager:220 - loadIPPluginJar : add opamp
2024-03-01 14:39:05,914 [INFO] IPUIPlugin:80 - create IPUIPlugin
2024-03-01 14:39:05,914 [INFO] PluginManager:220 - loadIPPluginJar : add openamp
2024-03-01 14:39:05,922 [INFO] IPUIPlugin:80 - create IPUIPlugin
2024-03-01 14:39:05,922 [INFO] PluginManager:220 - loadIPPluginJar : add pdm2pcm
2024-03-01 14:39:05,929 [INFO] IPUIPlugin:80 - create IPUIPlugin
2024-03-01 14:39:05,931 [INFO] PluginManager:220 - loadIPPluginJar : add plateformsettings
2024-03-01 14:39:05,933 [INFO] IPUIPlugin:80 - create IPUIPlugin
2024-03-01 14:39:05,934 [INFO] PluginManager:220 - loadIPPluginJar : add quadspi
2024-03-01 14:39:05,939 [INFO] IPUIPlugin:80 - create IPUIPlugin
2024-03-01 14:39:05,939 [INFO] PluginManager:220 - loadIPPluginJar : add resmgrutility
2024-03-01 14:39:05,943 [INFO] IPUIPlugin:80 - create IPUIPlugin
2024-03-01 14:39:05,943 [INFO] PluginManager:220 - loadIPPluginJar : add sai
2024-03-01 14:39:05,946 [INFO] IPUIPlugin:80 - create IPUIPlugin
2024-03-01 14:39:05,946 [INFO] PluginManager:220 - loadIPPluginJar : add spi
2024-03-01 14:39:05,954 [INFO] IPUIPlugin:80 - create IPUIPlugin
2024-03-01 14:39:05,954 [INFO] PluginManager:220 - loadIPPluginJar : add stm32_wpan
2024-03-01 14:39:05,956 [INFO] IPUIPlugin:80 - create IPUIPlugin
2024-03-01 14:39:05,956 [INFO] PluginManager:220 - loadIPPluginJar : add tim
2024-03-01 14:39:05,960 [INFO] IPUIPlugin:80 - create IPUIPlugin
2024-03-01 14:39:05,961 [INFO] PluginManager:220 - loadIPPluginJar : add touchsensing
2024-03-01 14:39:05,962 [INFO] IPUIPlugin:80 - create IPUIPlugin
2024-03-01 14:39:05,962 [INFO] PluginManager:220 - loadIPPluginJar : add tracer_emb
2024-03-01 14:39:05,965 [INFO] IPUIPlugin:80 - create IPUIPlugin
2024-03-01 14:39:05,965 [INFO] PluginManager:220 - loadIPPluginJar : add ts
2024-03-01 14:39:05,967 [INFO] IPUIPlugin:80 - create IPUIPlugin
2024-03-01 14:39:05,968 [INFO] PluginManager:220 - loadIPPluginJar : add tsc
2024-03-01 14:39:05,970 [INFO] IPUIPlugin:80 - create IPUIPlugin
2024-03-01 14:39:05,971 [INFO] PluginManager:220 - loadIPPluginJar : add ucpd
2024-03-01 14:39:05,974 [INFO] IPUIPlugin:80 - create IPUIPlugin
2024-03-01 14:39:05,974 [INFO] PluginManager:220 - loadIPPluginJar : add usart
2024-03-01 14:39:05,977 [INFO] IPUIPlugin:80 - create IPUIPlugin
2024-03-01 14:39:05,977 [INFO] PluginManager:220 - loadIPPluginJar : add usbx
2024-03-01 14:39:06,148 [INFO] CADModel:165 - CPN selected for project level
2024-03-01 14:39:06,149 [INFO] CADModel:114 - Register for checkConnection events
2024-03-01 14:39:06,149 [FATAL] Updater:308 - Updater called before beeing initialized
2024-03-01 14:39:06,149 [ERROR] CADModel:125 - Updater not yet initialized, retry later 
2024-03-01 14:39:06,290 [INFO] CADModel:165 - CPN selected for project level
2024-03-01 14:39:06,290 [INFO] CADModel:114 - Register for checkConnection events
2024-03-01 14:39:06,290 [FATAL] Updater:308 - Updater called before beeing initialized
2024-03-01 14:39:06,290 [ERROR] CADModel:125 - Updater not yet initialized, retry later 
2024-03-01 14:39:06,294 [FATAL] Updater:308 - Updater called before beeing initialized
2024-03-01 14:39:06,448 [FATAL] Updater:308 - Updater called before beeing initialized
2024-03-01 14:39:06,452 [INFO] DbMcusAds:53 - JSON generation date=Thu Sep 30 15:55:09 KST 2021 (1632984909247)
2024-03-01 14:39:06,452 [FATAL] Updater:308 - Updater called before beeing initialized
2024-03-01 14:39:06,490 [WARN] DetailPanel:346 - Failed to get advertising image, set to default
2024-03-01 14:39:06,576 [FATAL] Updater:308 - Updater called before beeing initialized
2024-03-01 14:39:06,578 [FATAL] Updater:308 - Updater called before beeing initialized
2024-03-01 14:39:06,578 [FATAL] Updater:308 - Updater called before beeing initialized
2024-03-01 14:39:06,578 [WARN] DetailPanel:346 - Failed to get advertising image, set to default
2024-03-01 14:39:06,579 [FATAL] Updater:308 - Updater called before beeing initialized
2024-03-01 14:39:06,660 [ERROR] Updater:1120 - MainUpdater not yet initialized. External WinMGr cannot be set.
2024-03-01 14:39:06,675 [INFO] Updater:1056 - Updater Version found : 6.10.0
2024-03-01 14:39:06,705 [INFO] ApplicationProperties:184 - Using Application install path: C:\ST\STM32CubeIDE_1.14.1\STM32CubeIDE\plugins\com.st.stm32cube.common.mx_6.10.0.202311202037
2024-03-01 14:39:08,083 [INFO] ThirdPartyUpdaterWithRetryManager:70 - Updater plugin not ready yet. [2/15]
2024-03-01 14:39:08,284 [ERROR] LogOutputStream:75 - [STDERR_REDIRECT] Mar 01, 2024 2:39:08 PM java.util.prefs.WindowsPreferences <init>
2024-03-01 14:39:08,286 [ERROR] LogOutputStream:75 - [STDERR_REDIRECT] WARNING: Could not open/create prefs root node Software\JavaSoft\Prefs at root 0xffffffff80000002. Windows RegCreateKeyEx(...) returned error code 5.
2024-03-01 14:39:08,286 [ERROR] LogOutputStream:75 - [STDERR_REDIRECT] 
2024-03-01 14:39:08,314 [INFO] MainUpdater:526 - Copy updater definitions from MX database
2024-03-01 14:39:08,349 [INFO] MainUpdater:559 - Copy flag file definitions from MX database
2024-03-01 14:39:08,352 [INFO] MainUpdater:575 - Copy thirdparty index definitions from MX database
2024-03-01 14:39:08,355 [INFO] MainUpdater:594 - Copy default thirdparty db definitions from MX database
2024-03-01 14:39:08,971 [INFO] MainUpdater:2873 - connection check result : 10
2024-03-01 14:39:08,972 [INFO] MainUpdater:3567 - Updater definition file requires update
2024-03-01 14:39:08,975 [INFO] MainUpdater:290 - Updater Check For Update Now.
2024-03-01 14:39:08,989 [INFO] MicroXplorer:498 - Change Database Version : DB.6.0.100
2024-03-01 14:39:09,008 [INFO] McuFinderGlobals:63 - Set McuFinder mode to 2 (CubeIDE integrated)
2024-03-01 14:39:09,008 [INFO] UserAuth:180 - activating auth plugin
2024-03-01 14:39:09,012 [INFO] UserAuth:404 - Internet connection configuration mode: 1
2024-03-01 14:39:09,033 [INFO] JxBrowserEngine:152 - Initiate JxBrowser Engine with user profile folder
2024-03-01 14:39:09,549 [INFO] ServerAccessManage:473 - Download File updaters.zip
2024-03-01 14:39:10,007 [INFO] FileExtend:240 - Unzip File : updaters.zip
2024-03-01 14:39:10,008 [INFO] FileExtend:255 - Standard Zip Deflate
2024-03-01 14:39:10,838 [INFO] ServerAccessManage:473 - Download File PacksControlFlags.xml
2024-03-01 14:39:11,083 [WARN] MainUpdater:1194 - Updater busy. Cannot search thirdparties
2024-03-01 14:39:11,084 [INFO] ThirdPartyUpdaterWithRetryManager:96 - Updater plugin is busy. [1/15]
2024-03-01 14:39:11,111 [INFO] ServerAccessManage:473 - Download File cubemx.pidx
2024-03-01 14:39:11,730 [INFO] ServerAccessManage:473 - Download File STMicroelectronics.FP-ATR-ASTRA1.pdsc
2024-03-01 14:39:13,079 [INFO] ServerAccessManage:473 - Download File STMicroelectronics.FP-ATR-SIGFOX1.pdsc
2024-03-01 14:39:13,763 [INFO] ServerAccessManage:473 - Download File STMicroelectronics.FP-SNS-FLIGHT1.pdsc
2024-03-01 14:39:14,085 [WARN] MainUpdater:1194 - Updater busy. Cannot search thirdparties
2024-03-01 14:39:14,085 [INFO] ThirdPartyUpdaterWithRetryManager:96 - Updater plugin is busy. [2/15]
2024-03-01 14:39:15,027 [INFO] ServerAccessManage:473 - Download File STMicroelectronics.FP-SNS-MOTENV1.pdsc
2024-03-01 14:39:16,030 [INFO] WebApp:161 - Instantiating new browser for Auth
2024-03-01 14:39:16,309 [INFO] ServerAccessManage:473 - Download File STMicroelectronics.FP-SNS-MOTENVWB1.pdsc
2024-03-01 14:39:16,783 [INFO] WebApp:780 - Register for checkConnection events
2024-03-01 14:39:16,783 [INFO] WebApp:414 - Apply proxy settings
2024-03-01 14:39:16,784 [INFO] WebApp:499 - Chromium requires no authentication
2024-03-01 14:39:16,799 [INFO] WebApp:442 - Direct internet connection detected
2024-03-01 14:39:16,972 [INFO] WebApp:192 - Starting web application
2024-03-01 14:39:16,972 [INFO] WebApp:544 - Web application path used C:\ST\STM32CubeIDE_1.14.1\STM32CubeIDE\plugins\com.st.stm32cube.common.mx_6.10.0.202311202037\db\plugins\mcufinder\reactClient1\index.html
2024-03-01 14:39:17,087 [WARN] MainUpdater:1194 - Updater busy. Cannot search thirdparties
2024-03-01 14:39:17,087 [INFO] ThirdPartyUpdaterWithRetryManager:96 - Updater plugin is busy. [3/15]
2024-03-01 14:39:17,306 [INFO] ServerAccessManage:473 - Download File STMicroelectronics.FP-SNS-SMARTAG2.pdsc
2024-03-01 14:39:17,965 [INFO] ServerAccessManage:473 - Download File STMicroelectronics.X-CUBE-AI.pdsc
2024-03-01 14:39:20,088 [WARN] MainUpdater:1194 - Updater busy. Cannot search thirdparties
2024-03-01 14:39:20,088 [INFO] ThirdPartyUpdaterWithRetryManager:96 - Updater plugin is busy. [4/15]
2024-03-01 14:39:23,090 [WARN] MainUpdater:1194 - Updater busy. Cannot search thirdparties
2024-03-01 14:39:23,090 [INFO] ThirdPartyUpdaterWithRetryManager:96 - Updater plugin is busy. [5/15]
2024-03-01 14:39:23,676 [INFO] ServerAccessManage:473 - Download File STMicroelectronics.X-CUBE-ALS.pdsc
2024-03-01 14:39:24,874 [INFO] ServerAccessManage:473 - Download File STMicroelectronics.X-CUBE-BLE1.pdsc
2024-03-01 14:39:26,093 [WARN] MainUpdater:1194 - Updater busy. Cannot search thirdparties
2024-03-01 14:39:26,093 [INFO] ThirdPartyUpdaterWithRetryManager:96 - Updater plugin is busy. [6/15]
2024-03-01 14:39:29,095 [WARN] MainUpdater:1194 - Updater busy. Cannot search thirdparties
2024-03-01 14:39:29,095 [INFO] ThirdPartyUpdaterWithRetryManager:96 - Updater plugin is busy. [7/15]
2024-03-01 14:39:30,033 [ERROR] ServerAccessManage:1089 - Problem, file not found on Server
2024-03-01 14:39:30,351 [INFO] ServerAccessManage:473 - Download File STMicroelectronics.X-CUBE-BLE2.pdsc
2024-03-01 14:39:32,096 [WARN] MainUpdater:1194 - Updater busy. Cannot search thirdparties
2024-03-01 14:39:32,096 [INFO] ThirdPartyUpdaterWithRetryManager:96 - Updater plugin is busy. [8/15]
2024-03-01 14:39:33,274 [INFO] ServerAccessManage:473 - Download File STMicroelectronics.X-CUBE-BLEMGR.pdsc
2024-03-01 14:39:35,098 [WARN] MainUpdater:1194 - Updater busy. Cannot search thirdparties
2024-03-01 14:39:35,099 [INFO] ThirdPartyUpdaterWithRetryManager:96 - Updater plugin is busy. [9/15]
2024-03-01 14:39:35,904 [INFO] ServerAccessManage:473 - Download File STMicroelectronics.X-CUBE-DISPLAY.pdsc
2024-03-01 14:39:38,100 [WARN] MainUpdater:1194 - Updater busy. Cannot search thirdparties
2024-03-01 14:39:38,100 [INFO] ThirdPartyUpdaterWithRetryManager:96 - Updater plugin is busy. [10/15]
2024-03-01 14:39:38,214 [INFO] ServerAccessManage:473 - Download File STMicroelectronics.X-CUBE-EEPRMA1.pdsc
2024-03-01 14:39:38,380 [ERROR] LogOutputStream:75 - [STDERR_REDIRECT] SLF4J: Failed to load class "org.slf4j.impl.StaticLoggerBinder".
2024-03-01 14:39:38,382 [ERROR] LogOutputStream:75 - [STDERR_REDIRECT] SLF4J: Defaulting to no-operation (NOP) logger implementation
2024-03-01 14:39:38,382 [ERROR] LogOutputStream:75 - [STDERR_REDIRECT] SLF4J: See http://www.slf4j.org/codes.html#StaticLoggerBinder for further details.
2024-03-01 14:39:39,024 [ERROR] ServerAccessManage:1089 - Problem, file not found on Server
2024-03-01 14:39:40,622 [ERROR] ServerAccessManage:1089 - Problem, file not found on Server
2024-03-01 14:39:41,100 [WARN] MainUpdater:1194 - Updater busy. Cannot search thirdparties
2024-03-01 14:39:41,100 [INFO] ThirdPartyUpdaterWithRetryManager:96 - Updater plugin is busy. [11/15]
2024-03-01 14:39:41,857 [INFO] ServerAccessManage:473 - Download File STMicroelectronics.X-CUBE-FREERTOS.pdsc
2024-03-01 14:39:43,213 [INFO] ServerAccessManage:473 - Download File STMicroelectronics.X-CUBE-GNSS1.pdsc
2024-03-01 14:39:44,103 [WARN] MainUpdater:1194 - Updater busy. Cannot search thirdparties
2024-03-01 14:39:44,103 [INFO] ThirdPartyUpdaterWithRetryManager:96 - Updater plugin is busy. [12/15]
2024-03-01 14:39:47,105 [WARN] MainUpdater:1194 - Updater busy. Cannot search thirdparties
2024-03-01 14:39:47,105 [INFO] ThirdPartyUpdaterWithRetryManager:96 - Updater plugin is busy. [13/15]
2024-03-01 14:39:47,285 [ERROR] ServerAccessManage:1089 - Problem, file not found on Server
2024-03-01 14:39:47,735 [ERROR] ServerAccessManage:1089 - Problem, file not found on Server
2024-03-01 14:39:48,188 [ERROR] ServerAccessManage:1089 - Problem, file not found on Server
2024-03-01 14:39:49,136 [ERROR] ServerAccessManage:1089 - Problem, file not found on Server
2024-03-01 14:39:50,082 [ERROR] ServerAccessManage:1089 - Problem, file not found on Server
2024-03-01 14:39:50,107 [WARN] MainUpdater:1194 - Updater busy. Cannot search thirdparties
2024-03-01 14:39:50,107 [INFO] ThirdPartyUpdaterWithRetryManager:96 - Updater plugin is busy. [14/15]
2024-03-01 14:39:51,035 [ERROR] ServerAccessManage:1089 - Problem, file not found on Server
2024-03-01 14:39:51,366 [INFO] ServerAccessManage:473 - Download File STMicroelectronics.X-CUBE-ISPU.pdsc
2024-03-01 14:39:52,710 [INFO] ServerAccessManage:473 - Download File STMicroelectronics.X-CUBE-MEMS1.pdsc
2024-03-01 14:39:53,109 [WARN] MainUpdater:1194 - Updater busy. Cannot search thirdparties
2024-03-01 14:39:53,109 [INFO] ThirdPartyUpdaterWithRetryManager:96 - Updater plugin is busy. [15/15]
2024-03-01 14:39:53,110 [ERROR] IntegrityCheckThread:130 - Cannot retrieve database content from updater: error -1
2024-03-01 14:39:53,110 [INFO] ThirdParty:978 - Integrity check success = false
2024-03-01 14:39:53,110 [INFO] IntegrityCheckThread:100 - exiting critical section [integrity check]
2024-03-01 14:39:53,110 [INFO] IntegrityCheckThread:103 - End integrity checks thread
2024-03-01 14:40:02,087 [INFO] ServerAccessManage:473 - Download File STMicroelectronics.X-CUBE-NFC4.pdsc
2024-03-01 14:40:06,553 [INFO] ServerAccessManage:473 - Download File STMicroelectronics.X-CUBE-NFC6.pdsc
2024-03-01 14:40:08,430 [INFO] ServerAccessManage:473 - Download File STMicroelectronics.X-CUBE-NFC7.pdsc
2024-03-01 14:40:09,399 [INFO] ServerAccessManage:473 - Download File STMicroelectronics.X-CUBE-SFXS2LP1.pdsc
2024-03-01 14:40:11,061 [INFO] ServerAccessManage:473 - Download File STMicroelectronics.X-CUBE-SUBG2.pdsc
2024-03-01 14:40:14,298 [INFO] ServerAccessManage:473 - Download File STMicroelectronics.X-CUBE-SMBUS.pdsc
2024-03-01 14:40:15,636 [ERROR] ServerAccessManage:1089 - Problem, file not found on Server
2024-03-01 14:40:15,928 [INFO] ServerAccessManage:473 - Download File STMicroelectronics.X-CUBE-TOF1.pdsc
2024-03-01 14:40:19,392 [ERROR] ServerAccessManage:1089 - Problem, file not found on Server
2024-03-01 14:40:20,021 [INFO] ServerAccessManage:473 - Download File STMicroelectronics.X-CUBE-TOUCHGFX.pdsc
2024-03-01 14:40:26,491 [INFO] ServerAccessManage:473 - Download File STMicroelectronics.X-CUBE-ALGOBUILD.pdsc
2024-03-01 14:40:28,599 [INFO] ServerAccessManage:473 - Download File STMicroelectronics.X-CUBE-AZRTOS-H7.pdsc
2024-03-01 14:40:31,337 [INFO] ServerAccessManage:473 - Download File STMicroelectronics.X-CUBE-AZRTOS-F4.pdsc
2024-03-01 14:40:32,373 [INFO] ServerAccessManage:473 - Download File STMicroelectronics.X-CUBE-AZRTOS-F7.pdsc
2024-03-01 14:40:33,465 [INFO] ServerAccessManage:473 - Download File STMicroelectronics.X-CUBE-AZRTOS-L4.pdsc
2024-03-01 14:40:34,516 [INFO] ServerAccessManage:473 - Download File STMicroelectronics.X-CUBE-AZRTOS-L5.pdsc
2024-03-01 14:40:35,892 [INFO] ServerAccessManage:473 - Download File STMicroelectronics.X-CUBE-AZRTOS-G0.pdsc
2024-03-01 14:40:37,041 [INFO] ServerAccessManage:473 - Download File STMicroelectronics.X-CUBE-AZRTOS-G4.pdsc
2024-03-01 14:40:38,072 [INFO] ServerAccessManage:473 - Download File STMicroelectronics.X-CUBE-AZRTOS-WB.pdsc
2024-03-01 14:40:39,303 [INFO] ServerAccessManage:473 - Download File STMicroelectronics.X-CUBE-AZRTOS-WL.pdsc
2024-03-01 14:40:40,991 [INFO] ServerAccessManage:473 - Download File wolfSSL.I-CUBE-wolfSSL.pdsc
2024-03-01 14:40:45,380 [ERROR] ServerAccessManage:1089 - Problem, file not found on Server
2024-03-01 14:40:45,804 [ERROR] ServerAccessManage:1089 - Problem, file not found on Server
2024-03-01 14:40:46,212 [ERROR] ServerAccessManage:1089 - Problem, file not found on Server
2024-03-01 14:40:47,197 [ERROR] ServerAccessManage:1096 - Problem, Http access forbiden
2024-03-01 14:40:47,198 [ERROR] ServerAccessManage:651 - Problem, Http access forbiden : RoweBots.I-CUBE-UNISONRTOS.pdsc.
2024-03-01 14:40:48,705 [INFO] ServerAccessManage:473 - Download File SEGGER.I-CUBE-embOS.pdsc
2024-03-01 14:40:51,294 [INFO] McuFinderGlobals:63 - Set McuFinder mode to 2 (CubeIDE integrated)
2024-03-01 14:40:52,167 [INFO] ServerAccessManage:473 - Download File portGmbH.I-Cube-SoM-uGOAL.pdsc
2024-03-01 14:40:55,252 [ERROR] ServerAccessManage:1089 - Problem, file not found on Server
2024-03-01 14:40:55,559 [ERROR] ServerAccessManage:1089 - Problem, file not found on Server
2024-03-01 14:40:55,871 [ERROR] ServerAccessManage:1089 - Problem, file not found on Server
2024-03-01 14:40:57,444 [INFO] ServerAccessManage:473 - Download File emotas.I-CUBE-CANOPEN.pdsc
2024-03-01 14:40:59,461 [INFO] ServerAccessManage:473 - Download File WES.I-CUBE-Cesium.pdsc
2024-03-01 14:41:00,229 [ERROR] ServerAccessManage:1089 - Problem, file not found on Server
2024-03-01 14:41:00,576 [ERROR] ServerAccessManage:1089 - Problem, file not found on Server
2024-03-01 14:41:01,353 [INFO] ServerAccessManage:473 - Download File ITTIA_DB.I-CUBE-ITTIADB.pdsc
2024-03-01 14:41:04,655 [INFO] ServerAccessManage:473 - Download File Infineon.AIROC-Wi-Fi-Bluetooth-STM32.pdsc
2024-03-01 14:41:07,252 [WARN] PackLoader:240 - Cannot read IP mode file for STMicroelectronics.FP-ATR-ASTRA1.2.0.0
2024-03-01 14:41:07,256 [WARN] CheckServerUpdateThread:151 - Open CheckUpdateFile Fail
2024-03-01 14:41:07,266 [WARN] PackLoader:240 - Cannot read IP mode file for STMicroelectronics.FP-ATR-SIGFOX1.3.2.0
2024-03-01 14:41:07,277 [WARN] PackLoader:240 - Cannot read IP mode file for STMicroelectronics.FP-SNS-FLIGHT1.5.0.2
2024-03-01 14:41:07,289 [WARN] PackLoader:240 - Cannot read IP mode file for STMicroelectronics.FP-SNS-MOTENV1.4.3.2
2024-03-01 14:41:07,301 [WARN] PackLoader:240 - Cannot read IP mode file for STMicroelectronics.FP-SNS-MOTENVWB1.1.3.1
2024-03-01 14:41:07,312 [WARN] PackLoader:240 - Cannot read IP mode file for STMicroelectronics.FP-SNS-SMARTAG2.1.2.0
2024-03-01 14:41:07,321 [WARN] PackLoader:240 - Cannot read IP mode file for STMicroelectronics.X-CUBE-AI.8.1.0
2024-03-01 14:41:07,332 [WARN] PackLoader:240 - Cannot read IP mode file for STMicroelectronics.X-CUBE-ALS.1.0.1
2024-03-01 14:41:07,344 [WARN] PackLoader:240 - Cannot read IP mode file for STMicroelectronics.X-CUBE-BLE1.7.0.0
2024-03-01 14:41:07,353 [WARN] PackLoader:240 - Cannot read IP mode file for STMicroelectronics.X-CUBE-BLE2.3.3.0
2024-03-01 14:41:07,373 [WARN] PackLoader:240 - Cannot read IP mode file for STMicroelectronics.X-CUBE-BLEMGR.3.1.0
2024-03-01 14:41:07,389 [INFO] CheckServerUpdateThread:120 - End of CheckServer Thread
2024-03-01 14:41:07,402 [WARN] PackLoader:240 - Cannot read IP mode file for STMicroelectronics.X-CUBE-DISPLAY.3.0.0
2024-03-01 14:41:07,425 [WARN] PackLoader:240 - Cannot read IP mode file for STMicroelectronics.X-CUBE-EEPRMA1.5.1.0
2024-03-01 14:41:07,442 [WARN] PackLoader:240 - Cannot read IP mode file for STMicroelectronics.X-CUBE-FREERTOS.1.1.0
2024-03-01 14:41:07,450 [WARN] PackLoader:240 - Cannot read IP mode file for STMicroelectronics.X-CUBE-GNSS1.6.0.0
2024-03-01 14:41:07,460 [WARN] PackLoader:240 - Cannot read IP mode file for STMicroelectronics.X-CUBE-ISPU.2.0.0
2024-03-01 14:41:07,506 [WARN] PackLoader:240 - Cannot read IP mode file for STMicroelectronics.X-CUBE-MEMS1.10.0.0
2024-03-01 14:41:07,579 [INFO] MainUpdater:2873 - connection check result : 10
2024-03-01 14:41:07,644 [INFO] McuFinderGlobals:76 - Set McuFinderConnectedMode to true
2024-03-01 14:41:07,658 [WARN] PackLoader:240 - Cannot read IP mode file for STMicroelectronics.X-CUBE-NFC4.3.0.0
2024-03-01 14:41:07,667 [WARN] PackLoader:240 - Cannot read IP mode file for STMicroelectronics.X-CUBE-NFC6.3.0.0
2024-03-01 14:41:07,677 [WARN] PackLoader:240 - Cannot read IP mode file for STMicroelectronics.X-CUBE-NFC7.1.0.1
2024-03-01 14:41:07,687 [WARN] PackLoader:240 - Cannot read IP mode file for STMicroelectronics.X-CUBE-SFXS2LP1.4.0.0
2024-03-01 14:41:07,706 [WARN] PackLoader:240 - Cannot read IP mode file for STMicroelectronics.X-CUBE-SUBG2.5.0.0
2024-03-01 14:41:07,724 [WARN] PackLoader:240 - Cannot read IP mode file for STMicroelectronics.X-CUBE-SMBUS.2.1.0
2024-03-01 14:41:07,741 [WARN] PackLoader:240 - Cannot read IP mode file for STMicroelectronics.X-CUBE-TOF1.3.4.0
2024-03-01 14:41:07,785 [WARN] PackLoader:240 - Cannot read IP mode file for STMicroelectronics.X-CUBE-TOUCHGFX.4.23.0
2024-03-01 14:41:07,803 [WARN] PackLoader:240 - Cannot read IP mode file for STMicroelectronics.X-CUBE-ALGOBUILD.1.3.0
2024-03-01 14:41:07,839 [WARN] PackLoader:240 - Cannot read IP mode file for STMicroelectronics.X-CUBE-AZRTOS-H7.3.2.0
2024-03-01 14:41:07,843 [INFO] ServerAccessManage:473 - Download File mcusAds.json._tmp_
2024-03-01 14:41:07,874 [WARN] PackLoader:240 - Cannot read IP mode file for STMicroelectronics.X-CUBE-AZRTOS-F4.1.1.0
2024-03-01 14:41:07,908 [WARN] PackLoader:240 - Cannot read IP mode file for STMicroelectronics.X-CUBE-AZRTOS-F7.1.1.0
2024-03-01 14:41:07,942 [WARN] ConditionMgr:438 - getConditionDescription Invalid condition id : LAN8742 Phy interface Condition cause : null
2024-03-01 14:41:07,944 [WARN] PackLoader:240 - Cannot read IP mode file for STMicroelectronics.X-CUBE-AZRTOS-L4.2.0.0
2024-03-01 14:41:07,947 [WARN] ConditionMgr:1039 - genDependencies : Invalid condition id : LAN8742 Phy interface Condition cause : null
2024-03-01 14:41:07,948 [WARN] ConditionMgr:1039 - genDependencies : Invalid condition id : LAN8742 Phy interface Condition cause : null
2024-03-01 14:41:07,948 [WARN] ConditionMgr:1039 - genDependencies : Invalid condition id : LAN8742 Phy interface Condition cause : null
2024-03-01 14:41:07,985 [INFO] LoadUrlFilesThread:156 - End of LoadUrlFiles Thread
2024-03-01 14:41:07,999 [WARN] PackLoader:240 - Cannot read IP mode file for STMicroelectronics.X-CUBE-AZRTOS-L5.2.0.0
2024-03-01 14:41:08,048 [WARN] PackLoader:240 - Cannot read IP mode file for STMicroelectronics.X-CUBE-AZRTOS-G0.1.1.0
2024-03-01 14:41:08,075 [WARN] PackLoader:240 - Cannot read IP mode file for STMicroelectronics.X-CUBE-AZRTOS-G4.2.0.0
2024-03-01 14:41:08,103 [WARN] ConditionMgr:438 - getConditionDescription Invalid condition id : UX DEVICE CLASS RTOS Condition cause : null
2024-03-01 14:41:08,104 [WARN] ConditionMgr:438 - getConditionDescription Invalid condition id : UX DEVICE CLASS RTOS Condition cause : null
2024-03-01 14:41:08,110 [WARN] PackLoader:240 - Cannot read IP mode file for STMicroelectronics.X-CUBE-AZRTOS-WB.2.0.0
2024-03-01 14:41:08,111 [WARN] ConditionMgr:1039 - genDependencies : Invalid condition id : UX DEVICE CLASS RTOS Condition cause : null
2024-03-01 14:41:08,112 [WARN] ConditionMgr:1039 - genDependencies : Invalid condition id : UX DEVICE CLASS RTOS Condition cause : null
2024-03-01 14:41:08,113 [WARN] ConditionMgr:1039 - genDependencies : Invalid condition id : UX DEVICE CLASS RTOS Condition cause : null
2024-03-01 14:41:08,114 [WARN] ConditionMgr:1039 - genDependencies : Invalid condition id : UX DEVICE CLASS RTOS Condition cause : null
2024-03-01 14:41:08,114 [WARN] ConditionMgr:1039 - genDependencies : Invalid condition id : UX DEVICE CLASS RTOS Condition cause : null
2024-03-01 14:41:08,138 [INFO] LogOutputStream:77 - [STDOUT_REDIRECT] 1 : Invalid condition id : UX_CORESTACK_Condition cause : null
2024-03-01 14:41:08,141 [INFO] LogOutputStream:77 - [STDOUT_REDIRECT] 1 : Invalid condition id : UX_CORESTACK_Condition cause : null
2024-03-01 14:41:08,143 [INFO] LogOutputStream:77 - [STDOUT_REDIRECT] 1 : Invalid condition id : UX_CORESTACK_Condition cause : null
2024-03-01 14:41:08,145 [INFO] LogOutputStream:77 - [STDOUT_REDIRECT] 1 : Invalid condition id : UX_CORESTACK_Condition cause : null
2024-03-01 14:41:08,147 [INFO] LogOutputStream:77 - [STDOUT_REDIRECT] 1 : Invalid condition id : UX_CORESTACK_Condition cause : null
2024-03-01 14:41:08,151 [WARN] PackLoader:240 - Cannot read IP mode file for STMicroelectronics.X-CUBE-AZRTOS-WL.2.0.0
2024-03-01 14:41:08,159 [WARN] PackLoader:240 - Cannot read IP mode file for wolfSSL.I-CUBE-wolfSSL.5.6.6
2024-03-01 14:41:08,226 [WARN] PackLoader:240 - Cannot read IP mode file for SEGGER.I-CUBE-embOS.1.3.1
2024-03-01 14:41:08,315 [WARN] PackLoader:240 - Cannot read IP mode file for portGmbH.I-Cube-SoM-uGOAL.1.1.0
2024-03-01 14:41:08,323 [WARN] PackLoader:240 - Cannot read IP mode file for emotas.I-CUBE-CANOPEN.1.3.0
2024-03-01 14:41:08,334 [WARN] PackLoader:240 - Cannot read IP mode file for WES.I-CUBE-Cesium.1.3.0
2024-03-01 14:41:08,340 [WARN] PackLoader:240 - Cannot read IP mode file for ITTIA_DB.I-CUBE-ITTIADB.8.8.0
2024-03-01 14:41:08,362 [WARN] PackLoader:240 - Cannot read IP mode file for Infineon.AIROC-Wi-Fi-Bluetooth-STM32.1.5.1
2024-03-01 14:41:08,367 [INFO] PopulateThirdPartyThread:66 - Ending populate Thread
2024-03-01 14:41:08,370 [INFO] ThirdParty:1030 - CMSIS Pack Vendor :STMicroelectronics X-CUBE-DISPLAY 3.0.0
2024-03-01 14:41:08,370 [INFO] ThirdParty:1030 - CMSIS Pack Vendor :STMicroelectronics X-CUBE-GNSS1 6.0.0
2024-03-01 14:41:08,370 [INFO] ThirdParty:1030 - CMSIS Pack Vendor :STMicroelectronics FP-SNS-MOTENVWB1 1.3.1
2024-03-01 14:41:08,370 [INFO] ThirdParty:1030 - CMSIS Pack Vendor :STMicroelectronics X-CUBE-AZRTOS-F4 1.1.0
2024-03-01 14:41:08,370 [INFO] ThirdParty:1030 - CMSIS Pack Vendor :STMicroelectronics FP-ATR-SIGFOX1 3.2.0
2024-03-01 14:41:08,370 [INFO] ThirdParty:1030 - CMSIS Pack Vendor :STMicroelectronics X-CUBE-BLE1 7.0.0
2024-03-01 14:41:08,370 [INFO] ThirdParty:1030 - CMSIS Pack Vendor :STMicroelectronics X-CUBE-SMBUS 2.1.0
2024-03-01 14:41:08,370 [INFO] ThirdParty:1030 - CMSIS Pack Vendor :STMicroelectronics X-CUBE-ISPU 2.0.0
2024-03-01 14:41:08,370 [INFO] ThirdParty:1030 - CMSIS Pack Vendor :STMicroelectronics X-CUBE-EEPRMA1 5.1.0
2024-03-01 14:41:08,370 [INFO] ThirdParty:1030 - CMSIS Pack Vendor :STMicroelectronics X-CUBE-AZRTOS-WB 2.0.0
2024-03-01 14:41:08,370 [INFO] ThirdParty:1030 - CMSIS Pack Vendor :emotas I-CUBE-CANOPEN 1.3.0
2024-03-01 14:41:08,370 [INFO] ThirdParty:1030 - CMSIS Pack Vendor :STMicroelectronics X-CUBE-MEMS1 10.0.0
2024-03-01 14:41:08,370 [INFO] ThirdParty:1030 - CMSIS Pack Vendor :wolfSSL I-CUBE-wolfSSL 5.6.6
2024-03-01 14:41:08,370 [INFO] ThirdParty:1030 - CMSIS Pack Vendor :STMicroelectronics X-CUBE-FREERTOS 1.1.0
2024-03-01 14:41:08,370 [INFO] ThirdParty:1030 - CMSIS Pack Vendor :STMicroelectronics X-CUBE-NFC7 1.0.1
2024-03-01 14:41:08,370 [INFO] ThirdParty:1030 - CMSIS Pack Vendor :STMicroelectronics X-CUBE-TOUCHGFX 4.23.0
2024-03-01 14:41:08,370 [INFO] ThirdParty:1030 - CMSIS Pack Vendor :STMicroelectronics X-CUBE-AZRTOS-F7 1.1.0
2024-03-01 14:41:08,370 [INFO] ThirdParty:1030 - CMSIS Pack Vendor :STMicroelectronics X-CUBE-AZRTOS-L5 2.0.0
2024-03-01 14:41:08,370 [INFO] ThirdParty:1030 - CMSIS Pack Vendor :STMicroelectronics X-CUBE-NFC6 3.0.0
2024-03-01 14:41:08,370 [INFO] ThirdParty:1030 - CMSIS Pack Vendor :STMicroelectronics X-CUBE-ALS 1.0.1
2024-03-01 14:41:08,371 [INFO] ThirdParty:1030 - CMSIS Pack Vendor :portGmbH I-Cube-SoM-uGOAL 1.1.0
2024-03-01 14:41:08,371 [INFO] ThirdParty:1030 - CMSIS Pack Vendor :ITTIA_DB I-CUBE-ITTIADB 8.8.0
2024-03-01 14:41:08,371 [INFO] ThirdParty:1030 - CMSIS Pack Vendor :STMicroelectronics X-CUBE-BLEMGR 3.1.0
2024-03-01 14:41:08,371 [INFO] ThirdParty:1030 - CMSIS Pack Vendor :STMicroelectronics FP-SNS-SMARTAG2 1.2.0
2024-03-01 14:41:08,371 [INFO] ThirdParty:1030 - CMSIS Pack Vendor :STMicroelectronics FP-SNS-MOTENV1 4.3.2
2024-03-01 14:41:08,371 [INFO] ThirdParty:1030 - CMSIS Pack Vendor :STMicroelectronics X-CUBE-ALGOBUILD 1.3.0
2024-03-01 14:41:08,371 [INFO] ThirdParty:1030 - CMSIS Pack Vendor :STMicroelectronics X-CUBE-AZRTOS-WL 2.0.0
2024-03-01 14:41:08,371 [INFO] ThirdParty:1030 - CMSIS Pack Vendor :SEGGER I-CUBE-embOS 1.3.1
2024-03-01 14:41:08,371 [INFO] ThirdParty:1030 - CMSIS Pack Vendor :STMicroelectronics X-CUBE-AZRTOS-G0 1.1.0
2024-03-01 14:41:08,371 [INFO] ThirdParty:1030 - CMSIS Pack Vendor :STMicroelectronics X-CUBE-AI 8.1.0
2024-03-01 14:41:08,371 [INFO] ThirdParty:1030 - CMSIS Pack Vendor :STMicroelectronics X-CUBE-NFC4 3.0.0
2024-03-01 14:41:08,371 [INFO] ThirdParty:1030 - CMSIS Pack Vendor :STMicroelectronics X-CUBE-SUBG2 5.0.0
2024-03-01 14:41:08,371 [INFO] ThirdParty:1030 - CMSIS Pack Vendor :STMicroelectronics X-CUBE-AZRTOS-L4 2.0.0
2024-03-01 14:41:08,371 [INFO] ThirdParty:1030 - CMSIS Pack Vendor :STMicroelectronics FP-ATR-ASTRA1 2.0.0
2024-03-01 14:41:08,371 [INFO] ThirdParty:1030 - CMSIS Pack Vendor :WES I-CUBE-Cesium 1.3.0
2024-03-01 14:41:08,371 [INFO] ThirdParty:1030 - CMSIS Pack Vendor :STMicroelectronics X-CUBE-SFXS2LP1 4.0.0
2024-03-01 14:41:08,371 [INFO] ThirdParty:1030 - CMSIS Pack Vendor :STMicroelectronics FP-SNS-FLIGHT1 5.0.2
2024-03-01 14:41:08,371 [INFO] ThirdParty:1030 - CMSIS Pack Vendor :STMicroelectronics X-CUBE-BLE2 3.3.0
2024-03-01 14:41:08,371 [INFO] ThirdParty:1030 - CMSIS Pack Vendor :STMicroelectronics X-CUBE-TOF1 3.4.0
2024-03-01 14:41:08,371 [INFO] ThirdParty:1030 - CMSIS Pack Vendor :STMicroelectronics X-CUBE-AZRTOS-G4 2.0.0
2024-03-01 14:41:08,371 [INFO] ThirdParty:1030 - CMSIS Pack Vendor :STMicroelectronics X-CUBE-AZRTOS-H7 3.2.0
2024-03-01 14:41:08,371 [INFO] ThirdParty:1030 - CMSIS Pack Vendor :Infineon AIROC-Wi-Fi-Bluetooth-STM32 1.5.1
2024-03-01 14:41:08,372 [INFO] LoadServerUpdatesThread:375 - End of LoadServerUpdate Thread
2024-03-01 14:41:08,425 [INFO] ServerAccessManage:473 - Download File cube-finder-db.zip
2024-03-01 14:41:13,894 [INFO] FileExtend:240 - Unzip File : cube-finder-db.zip
2024-03-01 14:41:13,894 [INFO] FileExtend:255 - Standard Zip Deflate
2024-03-01 14:41:14,702 [INFO] LoadUrlFilesThread:156 - End of LoadUrlFiles Thread
2024-03-01 14:41:15,862 [INFO] ServerAccessManage:473 - Download File crdb.zip
2024-03-01 14:41:17,230 [INFO] FileExtend:240 - Unzip File : crdb.zip
2024-03-01 14:41:17,231 [INFO] FileExtend:255 - Standard Zip Deflate
2024-03-01 14:41:17,388 [INFO] LoadUrlFilesThread:156 - End of LoadUrlFiles Thread
2024-03-01 14:41:17,679 [INFO] ServerAccessManage:473 - Download File tutoVideoDB.zip
2024-03-01 14:41:17,708 [INFO] FileExtend:240 - Unzip File : tutoVideoDB.zip
2024-03-01 14:41:17,709 [INFO] FileExtend:255 - Standard Zip Deflate
2024-03-01 14:41:17,861 [INFO] LoadUrlFilesThread:156 - End of LoadUrlFiles Thread
2024-03-01 14:41:17,870 [WARN] DbFile:41 - Overriding database path with different value: C:\Users\conne\.stmcufinder\plugins\mcufinder/ => C:\Users\conne\.stmcufinder\plugins\mcufinder
2024-03-01 14:41:18,116 [INFO] ServerAccessManage:473 - Download File api_config.json
2024-03-01 14:41:18,234 [INFO] LoadUrlFilesThread:156 - End of LoadUrlFiles Thread
2024-03-01 14:41:18,236 [INFO] DbMcusAds:53 - JSON generation date=Wed Nov 29 19:52:27 KST 2023 (1701255147349)
2024-03-01 14:41:18,359 [INFO] ServerAccessManage:473 - Download File 
2024-03-01 14:41:18,374 [INFO] LoadUrlFilesThread:185 - End of LoadServerUrlFiles without Thread
2024-03-01 14:41:18,374 [INFO] TargetSelectorAdapter:259 - Refresh data is successful
2024-03-01 14:41:18,870 [INFO] ApiDb:581 - Connected to CubeFinder SQLite database (C:\Users\conne\.stmcufinder\plugins\mcufinder\mcu\cube-finder-db.db)
2024-03-01 14:41:18,911 [INFO] ApiDb:668 - CubeFinder database Data Model version=2.1
2024-03-01 14:41:18,911 [INFO] ApiDb:669 - CubeFinder database Configuration version=3.0.39
2024-03-01 14:41:18,911 [INFO] ApiDb:670 - CubeFinder database generation date=2024-02-19 (1708350410)
2024-03-01 14:41:18,911 [INFO] ApiDb:671 - CubeFinder database FW Pack versions=[FP-ATR-ASTRA1_V2.0.0, FP-SNS-FLIGHT1_V5.0.1, FP-SNS-FLIGHT1_V5.0.2, FP-SNS-MOTENV1_V4.3.1, FP-SNS-MOTENV1_V4.3.2, FP-SNS-MOTENVWB1_V1.3.1, FP-SNS-SMARTAG2_V1.2.0, STM32Cube_FW_C0_V1.1.0, STM32Cube_FW_F4_V1.28.0, STM32Cube_FW_F7_V1.17.0, STM32Cube_FW_G0_V1.6.2, STM32Cube_FW_G4_V1.5.2, STM32Cube_FW_H5_V0.5.1, STM32Cube_FW_H5_V1.1.1, STM32Cube_FW_H5_V1.2.0RC2, STM32Cube_FW_H7_V1.11.0, STM32Cube_FW_L0_V1.12.2, STM32Cube_FW_L5_V1.5.0, STM32Cube_FW_U5_V1.3.0RC4, STM32Cube_FW_U5_V1.4.0, STM32Cube_FW_WBA_V1.0.0RC1, STM32Cube_FW_WBA_V1.1.0RC1, STM32Cube_FW_WBA_V1.2.0, STM32Cube_FW_WBA_V1.2.0RC2, STM32Cube_FW_WB_V1.15.0RC1, STM32Cube_FW_WB_V1.16.0, STM32Cube_FW_WB_V1.16.0RC2, STM32Cube_FW_WB_V1.18.0, STM32Cube_FW_WL_V1.3.0, X-CUBE-ALGOBUILD_V1.3.0, X-CUBE-ALS_V1.0.1, X-CUBE-AZRTOS-F4_V1.1.0, X-CUBE-AZRTOS-F7_V1.1.0, X-CUBE-AZRTOS-G0_V1.1.0, X-CUBE-AZRTOS-G4_V2.0.0, X-CUBE-AZRTOS-H7_V3.2.0, X-CUBE-AZRTOS-L4_V1.0.0, X-CUBE-AZRTOS-L4_V2.0.0, X-CUBE-AZRTOS-L5_V1.1.0, X-CUBE-AZRTOS-WB_V2.0.0, X-CUBE-AZRTOS-WL_V2.0.0, X-CUBE-BLE1_V7.0.0, X-CUBE-BLE2_V3.3.0, X-CUBE-BLEMGR_V3.0.0, X-CUBE-EEPRMA1_V4.1.0, X-CUBE-EEPRMA1_V5.1.0, X-CUBE-FREERTOS_V1.1.0, X-CUBE-GNSS1_V6.0.0, X-CUBE-MEMS1_V10.0.0, X-CUBE-MEMS1_V9.1.0, X-CUBE-MEMS1_V9.4.0, X-CUBE-MEMS1_V9.6.0, X-CUBE-NFC4_V3.0.0, X-CUBE-NFC7_V1.0.1, X-CUBE-SFXS2LP1_V4.0.0, X-CUBE-SUBG2_V5.0.0, X-CUBE-TOF1_V3.4.0]
2024-03-01 14:41:20,201 [INFO] ApiDb:240 - Found 371 in-development CPN: [B-G473E-ZEST1S, B-WB1M-WPAN1, B-WL5M-SUBG1, NUCLEO-C031C6, NUCLEO-H503RB, NUCLEO-H563ZI, NUCLEO-U545RE-Q, NUCLEO-U5A5ZJ-Q, NUCLEO-WBA52CG, NUCLEO-WBA55CG, STEVAL-MKBOXPRO, STEVAL-PROTEUS1, STEVAL-STWINBX1, STM320518-EVAL, STM32C0116-DK, STM32C011D6Y3TR, STM32C011D6Y6TR, STM32C011F4P3, STM32C011F4P6, STM32C011F4U3, STM32C011F4U6TR, STM32C011F6P3, STM32C011F6P6, STM32C011F6U3, STM32C011F6U6TR, STM32C011J4M3, STM32C011J4M6, STM32C011J6M3, STM32C011J6M6, STM32C0316-DK, STM32C031C4T3, STM32C031C4T6, STM32C031C4U3, STM32C031C4U6, STM32C031C6T3, STM32C031C6T6, STM32C031C6U3, STM32C031C6U6, STM32C031F4P3, STM32C031F4P6, STM32C031F6P3, STM32C031F6P6, STM32C031G4U3, STM32C031G4U6, STM32C031G6U3, STM32C031G6U6, STM32C031K4T3, STM32C031K4T6, STM32C031K4U3, STM32C031K4U6, STM32C031K6T3, STM32C031K6T6, STM32C031K6U3, STM32C031K6U6, STM32G071K8TXN, STM32G071K8UXN, STM32G081GBU6N, STM32G081KBT6N, STM32G081KBUXN, STM32G0B1CCT6N, STM32G0B1KCT6, STM32G0B1NEY6TR, STM32G0B1RCT6N, STM32G0C1CCT6, STM32G0C1CCT6N, STM32G0C1CCU6N, STM32G0C1CET6N, STM32G0C1CEU6N, STM32G0C1KCT6, STM32G0C1NEY6TR, STM32G0C1RCI6N, STM32G0C1RCT6N, STM32G0C1REI6N, STM32G0C1RET6N, STM32G0C1VCI6, STM32G0C1VEI6, STM32G471CCT6, STM32G471CCU6, STM32G471CET3, STM32G471CET6, STM32G471CEU3, STM32G471CEU6, STM32G471MCT6, STM32G471MET3, STM32G471MET6, STM32G471MEY6TR, STM32G471QCT6, STM32G471QET3, STM32G471RCT6, STM32G471RET3, STM32G471RET6, STM32G471VCH6, STM32G471VCI6, STM32G471VCT6, STM32G471VEH3, STM32G471VEH6, STM32G471VEI3, STM32G471VEI6, STM32G471VET3, STM32G471VET6, STM32G474CCT6, STM32H503CBT6, STM32H503CBU6, STM32H503EBY6TR, STM32H503KBU6, STM32H503RBT6, STM32H562AGI6, STM32H562AII6, STM32H562IGK6, STM32H562IGT6, STM32H562IIK6, STM32H562IIT6, STM32H562RGT6, STM32H562RGV6, STM32H562RIT6, STM32H562RIV6, STM32H562VGT6, STM32H562VIT6, STM32H562ZGT6, STM32H562ZIT6, STM32H563AGI6, STM32H563AII3Q, STM32H563AII6, STM32H563IGK6, STM32H563IGT6, STM32H563IIK3Q, STM32H563IIK6, STM32H563IIT3Q, STM32H563IIT6, STM32H563MIY3QTR, STM32H563RGT6, STM32H563RGV6, STM32H563RIT6, STM32H563RIV6, STM32H563VGT6, STM32H563VIT3Q, STM32H563VIT6, STM32H563ZGT6, STM32H563ZIT3Q, STM32H563ZIT6, STM32H573AII3Q, STM32H573AII6, STM32H573I-DK, STM32H573IIK3Q, STM32H573IIK6, STM32H573IIT3Q, STM32H573IIT6, STM32H573MIY3QTR, STM32H573RIT6, STM32H573RIV6, STM32H573VIT3Q, STM32H573VIT6, STM32H573ZIT3Q, STM32H573ZIT6, STM32L4R5QGI6STR, STM32MP131AAE3, STM32MP131AAF3, STM32MP131AAG3, STM32MP131CAE3, STM32MP131CAF3, STM32MP131CAG3, STM32MP131DAE7, STM32MP131DAF7, STM32MP131DAG7, STM32MP131FAE7, STM32MP131FAF7, STM32MP131FAG7, STM32MP133AAE3, STM32MP133AAF3, STM32MP133AAG3, STM32MP133CAE3, STM32MP133CAF3, STM32MP133CAG3, STM32MP133DAE7, STM32MP133DAF7, STM32MP133DAG7, STM32MP133FAE7, STM32MP133FAF7, STM32MP133FAG7, STM32MP135AAE3, STM32MP135AAF3, STM32MP135AAG3, STM32MP135CAE3, STM32MP135CAF3, STM32MP135CAG3, STM32MP135DAE7, STM32MP135DAF7, STM32MP135DAG7, STM32MP135F-DK, STM32MP135FAE7, STM32MP135FAF7, STM32MP135FAF7T, STM32MP135FAF7U, STM32MP135FAG7, STM32U535CBT6, STM32U535CBT6Q, STM32U535CBU6, STM32U535CBU6Q, STM32U535CCT6, STM32U535CCT6Q, STM32U535CCU6, STM32U535CCU6Q, STM32U535CET6, STM32U535CET6Q, STM32U535CEU6, STM32U535CEU6Q, STM32U535JEY6QTR, STM32U535NCY6QTR, STM32U535NEY6QTR, STM32U535RBI6, STM32U535RBI6Q, STM32U535RBT6, STM32U535RBT6Q, STM32U535RCI6, STM32U535RCI6Q, STM32U535RCT6, STM32U535RCT6Q, STM32U535REI6, STM32U535REI6Q, STM32U535RET6, STM32U535RET6Q, STM32U535VCI6, STM32U535VCI6Q, STM32U535VCT6, STM32U535VCT6Q, STM32U535VEI6, STM32U535VEI6Q, STM32U535VET6, STM32U535VET6Q, STM32U545CET6, STM32U545CET6Q, STM32U545CEU6, STM32U545CEU6Q, STM32U545JEY6QTR, STM32U545NEY6QTR, STM32U545REI6, STM32U545REI6Q, STM32U545RET6, STM32U545RET6Q, STM32U545VEI6, STM32U545VEI6Q, STM32U545VET6, STM32U545VET6Q, STM32U595AIH6, STM32U595AIH6Q, STM32U595AJH6, STM32U595AJH6Q, STM32U595QII6, STM32U595QII6Q, STM32U595QJI6, STM32U595QJI6Q, STM32U595RIT6, STM32U595RIT6Q, STM32U595RJT6, STM32U595RJT6Q, STM32U595VIT6, STM32U595VIT6Q, STM32U595VJT6, STM32U595VJT6Q, STM32U595ZIT6, STM32U595ZIT6Q, STM32U595ZIY6QTR, STM32U595ZJT6, STM32U595ZJT6Q, STM32U595ZJY6QTR, STM32U599BJY6QTR, STM32U599NIH6Q, STM32U599NJH6Q, STM32U599VIT6Q, STM32U599VJT6, STM32U599VJT6Q, STM32U599ZIT6Q, STM32U599ZIY6QTR, STM32U599ZJT6Q, STM32U599ZJY6QTR, STM32U5A5AJH6, STM32U5A5AJH6Q, STM32U5A5QJI6, STM32U5A5QJI6Q, STM32U5A5RJT6, STM32U5A5RJT6Q, STM32U5A5VJT6, STM32U5A5VJT6Q, STM32U5A5ZJT6, STM32U5A5ZJT6Q, STM32U5A5ZJY6QTR, STM32U5A9BJY6QTR, STM32U5A9J-DK, STM32U5A9NJH6Q, STM32U5A9VJT6Q, STM32U5A9ZJT6Q, STM32U5A9ZJY6QTR, STM32U5F7VIT6, STM32U5F7VIT6Q, STM32U5F7VJT6, STM32U5F7VJT6Q, STM32U5F9BJY6QTR, STM32U5F9NJH6Q, STM32U5F9VIT6Q, STM32U5F9VJT6Q, STM32U5F9ZIJ6QTR, STM32U5F9ZIT6Q, STM32U5F9ZJJ6QTR, STM32U5F9ZJT6Q, STM32U5G7VJT6, STM32U5G7VJT6Q, STM32U5G9BJY6QTR, STM32U5G9J-DK1, STM32U5G9J-DK2, STM32U5G9NJH6Q, STM32U5G9VJT6Q, STM32U5G9ZJJ6QTR, STM32U5G9ZJT6Q, STM32WB1MMCH6, STM32WBA50KEU6, STM32WBA50KEU6TR, STM32WBA50KGU6, STM32WBA50KGU6TR, STM32WBA52CEU6, STM32WBA52CEU6TR, STM32WBA52CEU7, STM32WBA52CEU7TR, STM32WBA52CGU6, STM32WBA52CGU6TR, STM32WBA52CGU6U, STM32WBA52CGU7, STM32WBA52CGU7TR, STM32WBA52KEU6, STM32WBA52KEU6TR, STM32WBA52KGU6, STM32WBA52KGU6TR, STM32WBA54CEU6, STM32WBA54CEU6TR, STM32WBA54CEU7, STM32WBA54CEU7TR, STM32WBA54CGU6, STM32WBA54CGU6TR, STM32WBA54CGU7, STM32WBA54CGU7TR, STM32WBA54KEU6, STM32WBA54KEU6TR, STM32WBA54KEU7, STM32WBA54KEU7TR, STM32WBA54KGU6, STM32WBA54KGU6TR, STM32WBA54KGU7, STM32WBA54KGU7TR, STM32WBA55CEU6, STM32WBA55CEU6TR, STM32WBA55CEU7, STM32WBA55CEU7TR, STM32WBA55CGU6, STM32WBA55CGU6TR, STM32WBA55CGU6U, STM32WBA55CGU7, STM32WBA55CGU7TR, STM32WBA55G-DK1, STM32WBA55HEF6, STM32WBA55HEF7, STM32WBA55HGF6, STM32WBA55HGF7, STM32WBA55UEI6, STM32WBA55UEI6TR, STM32WBA55UEI7, STM32WBA55UEI7TR, STM32WBA55UGI6, STM32WBA55UGI6TR, STM32WBA55UGI7, STM32WBA55UGI7TR, STM32WL5MOCH6, STM32WL5MOCH6TR]
2024-03-01 14:41:20,204 [INFO] DbMcus:218 - Found 3930 MCUs, 3930 are supported
2024-03-01 14:41:20,205 [INFO] ApiDb:414 - User favorites file not found: C:\Users\conne/.stm32cubeide/favorites.mcus.txt
2024-03-01 14:41:20,205 [INFO] DbMcus:224 - Set 0 / 0 favorites MCUs
2024-03-01 14:41:20,370 [INFO] ApiDb:668 - CubeFinder database Data Model version=2.1
2024-03-01 14:41:20,370 [INFO] ApiDb:669 - CubeFinder database Configuration version=3.0.39
2024-03-01 14:41:20,370 [INFO] ApiDb:670 - CubeFinder database generation date=2024-02-19 (1708350410)
2024-03-01 14:41:20,370 [INFO] ApiDb:671 - CubeFinder database FW Pack versions=[FP-ATR-ASTRA1_V2.0.0, FP-SNS-FLIGHT1_V5.0.1, FP-SNS-FLIGHT1_V5.0.2, FP-SNS-MOTENV1_V4.3.1, FP-SNS-MOTENV1_V4.3.2, FP-SNS-MOTENVWB1_V1.3.1, FP-SNS-SMARTAG2_V1.2.0, STM32Cube_FW_C0_V1.1.0, STM32Cube_FW_F4_V1.28.0, STM32Cube_FW_F7_V1.17.0, STM32Cube_FW_G0_V1.6.2, STM32Cube_FW_G4_V1.5.2, STM32Cube_FW_H5_V0.5.1, STM32Cube_FW_H5_V1.1.1, STM32Cube_FW_H5_V1.2.0RC2, STM32Cube_FW_H7_V1.11.0, STM32Cube_FW_L0_V1.12.2, STM32Cube_FW_L5_V1.5.0, STM32Cube_FW_U5_V1.3.0RC4, STM32Cube_FW_U5_V1.4.0, STM32Cube_FW_WBA_V1.0.0RC1, STM32Cube_FW_WBA_V1.1.0RC1, STM32Cube_FW_WBA_V1.2.0, STM32Cube_FW_WBA_V1.2.0RC2, STM32Cube_FW_WB_V1.15.0RC1, STM32Cube_FW_WB_V1.16.0, STM32Cube_FW_WB_V1.16.0RC2, STM32Cube_FW_WB_V1.18.0, STM32Cube_FW_WL_V1.3.0, X-CUBE-ALGOBUILD_V1.3.0, X-CUBE-ALS_V1.0.1, X-CUBE-AZRTOS-F4_V1.1.0, X-CUBE-AZRTOS-F7_V1.1.0, X-CUBE-AZRTOS-G0_V1.1.0, X-CUBE-AZRTOS-G4_V2.0.0, X-CUBE-AZRTOS-H7_V3.2.0, X-CUBE-AZRTOS-L4_V1.0.0, X-CUBE-AZRTOS-L4_V2.0.0, X-CUBE-AZRTOS-L5_V1.1.0, X-CUBE-AZRTOS-WB_V2.0.0, X-CUBE-AZRTOS-WL_V2.0.0, X-CUBE-BLE1_V7.0.0, X-CUBE-BLE2_V3.3.0, X-CUBE-BLEMGR_V3.0.0, X-CUBE-EEPRMA1_V4.1.0, X-CUBE-EEPRMA1_V5.1.0, X-CUBE-FREERTOS_V1.1.0, X-CUBE-GNSS1_V6.0.0, X-CUBE-MEMS1_V10.0.0, X-CUBE-MEMS1_V9.1.0, X-CUBE-MEMS1_V9.4.0, X-CUBE-MEMS1_V9.6.0, X-CUBE-NFC4_V3.0.0, X-CUBE-NFC7_V1.0.1, X-CUBE-SFXS2LP1_V4.0.0, X-CUBE-SUBG2_V5.0.0, X-CUBE-TOF1_V3.4.0]
2024-03-01 14:41:20,408 [INFO] DbBoardsSqlite:226 - include board P-NUCLEO-WB55-NUCLEO as a kit item of type 'Nucleo-64'
2024-03-01 14:41:20,408 [INFO] DbBoardsSqlite:226 - include board P-NUCLEO-WB55-USBDONGLE as a kit item of type 'Nucleo USB Dongle'
2024-03-01 14:41:20,408 [INFO] DbBoardsSqlite:226 - include board STEVAL-IDP005V1 as a kit item of type 'Evaluation Board'
2024-03-01 14:41:20,408 [INFO] DbBoardsSqlite:226 - include board STEVAL-IDP005V2 as a kit item of type 'Evaluation Board'
2024-03-01 14:41:20,437 [INFO] ApiDb:240 - Found 371 in-development CPN: [B-G473E-ZEST1S, B-WB1M-WPAN1, B-WL5M-SUBG1, NUCLEO-C031C6, NUCLEO-H503RB, NUCLEO-H563ZI, NUCLEO-U545RE-Q, NUCLEO-U5A5ZJ-Q, NUCLEO-WBA52CG, NUCLEO-WBA55CG, STEVAL-MKBOXPRO, STEVAL-PROTEUS1, STEVAL-STWINBX1, STM320518-EVAL, STM32C0116-DK, STM32C011D6Y3TR, STM32C011D6Y6TR, STM32C011F4P3, STM32C011F4P6, STM32C011F4U3, STM32C011F4U6TR, STM32C011F6P3, STM32C011F6P6, STM32C011F6U3, STM32C011F6U6TR, STM32C011J4M3, STM32C011J4M6, STM32C011J6M3, STM32C011J6M6, STM32C0316-DK, STM32C031C4T3, STM32C031C4T6, STM32C031C4U3, STM32C031C4U6, STM32C031C6T3, STM32C031C6T6, STM32C031C6U3, STM32C031C6U6, STM32C031F4P3, STM32C031F4P6, STM32C031F6P3, STM32C031F6P6, STM32C031G4U3, STM32C031G4U6, STM32C031G6U3, STM32C031G6U6, STM32C031K4T3, STM32C031K4T6, STM32C031K4U3, STM32C031K4U6, STM32C031K6T3, STM32C031K6T6, STM32C031K6U3, STM32C031K6U6, STM32G071K8TXN, STM32G071K8UXN, STM32G081GBU6N, STM32G081KBT6N, STM32G081KBUXN, STM32G0B1CCT6N, STM32G0B1KCT6, STM32G0B1NEY6TR, STM32G0B1RCT6N, STM32G0C1CCT6, STM32G0C1CCT6N, STM32G0C1CCU6N, STM32G0C1CET6N, STM32G0C1CEU6N, STM32G0C1KCT6, STM32G0C1NEY6TR, STM32G0C1RCI6N, STM32G0C1RCT6N, STM32G0C1REI6N, STM32G0C1RET6N, STM32G0C1VCI6, STM32G0C1VEI6, STM32G471CCT6, STM32G471CCU6, STM32G471CET3, STM32G471CET6, STM32G471CEU3, STM32G471CEU6, STM32G471MCT6, STM32G471MET3, STM32G471MET6, STM32G471MEY6TR, STM32G471QCT6, STM32G471QET3, STM32G471RCT6, STM32G471RET3, STM32G471RET6, STM32G471VCH6, STM32G471VCI6, STM32G471VCT6, STM32G471VEH3, STM32G471VEH6, STM32G471VEI3, STM32G471VEI6, STM32G471VET3, STM32G471VET6, STM32G474CCT6, STM32H503CBT6, STM32H503CBU6, STM32H503EBY6TR, STM32H503KBU6, STM32H503RBT6, STM32H562AGI6, STM32H562AII6, STM32H562IGK6, STM32H562IGT6, STM32H562IIK6, STM32H562IIT6, STM32H562RGT6, STM32H562RGV6, STM32H562RIT6, STM32H562RIV6, STM32H562VGT6, STM32H562VIT6, STM32H562ZGT6, STM32H562ZIT6, STM32H563AGI6, STM32H563AII3Q, STM32H563AII6, STM32H563IGK6, STM32H563IGT6, STM32H563IIK3Q, STM32H563IIK6, STM32H563IIT3Q, STM32H563IIT6, STM32H563MIY3QTR, STM32H563RGT6, STM32H563RGV6, STM32H563RIT6, STM32H563RIV6, STM32H563VGT6, STM32H563VIT3Q, STM32H563VIT6, STM32H563ZGT6, STM32H563ZIT3Q, STM32H563ZIT6, STM32H573AII3Q, STM32H573AII6, STM32H573I-DK, STM32H573IIK3Q, STM32H573IIK6, STM32H573IIT3Q, STM32H573IIT6, STM32H573MIY3QTR, STM32H573RIT6, STM32H573RIV6, STM32H573VIT3Q, STM32H573VIT6, STM32H573ZIT3Q, STM32H573ZIT6, STM32L4R5QGI6STR, STM32MP131AAE3, STM32MP131AAF3, STM32MP131AAG3, STM32MP131CAE3, STM32MP131CAF3, STM32MP131CAG3, STM32MP131DAE7, STM32MP131DAF7, STM32MP131DAG7, STM32MP131FAE7, STM32MP131FAF7, STM32MP131FAG7, STM32MP133AAE3, STM32MP133AAF3, STM32MP133AAG3, STM32MP133CAE3, STM32MP133CAF3, STM32MP133CAG3, STM32MP133DAE7, STM32MP133DAF7, STM32MP133DAG7, STM32MP133FAE7, STM32MP133FAF7, STM32MP133FAG7, STM32MP135AAE3, STM32MP135AAF3, STM32MP135AAG3, STM32MP135CAE3, STM32MP135CAF3, STM32MP135CAG3, STM32MP135DAE7, STM32MP135DAF7, STM32MP135DAG7, STM32MP135F-DK, STM32MP135FAE7, STM32MP135FAF7, STM32MP135FAF7T, STM32MP135FAF7U, STM32MP135FAG7, STM32U535CBT6, STM32U535CBT6Q, STM32U535CBU6, STM32U535CBU6Q, STM32U535CCT6, STM32U535CCT6Q, STM32U535CCU6, STM32U535CCU6Q, STM32U535CET6, STM32U535CET6Q, STM32U535CEU6, STM32U535CEU6Q, STM32U535JEY6QTR, STM32U535NCY6QTR, STM32U535NEY6QTR, STM32U535RBI6, STM32U535RBI6Q, STM32U535RBT6, STM32U535RBT6Q, STM32U535RCI6, STM32U535RCI6Q, STM32U535RCT6, STM32U535RCT6Q, STM32U535REI6, STM32U535REI6Q, STM32U535RET6, STM32U535RET6Q, STM32U535VCI6, STM32U535VCI6Q, STM32U535VCT6, STM32U535VCT6Q, STM32U535VEI6, STM32U535VEI6Q, STM32U535VET6, STM32U535VET6Q, STM32U545CET6, STM32U545CET6Q, STM32U545CEU6, STM32U545CEU6Q, STM32U545JEY6QTR, STM32U545NEY6QTR, STM32U545REI6, STM32U545REI6Q, STM32U545RET6, STM32U545RET6Q, STM32U545VEI6, STM32U545VEI6Q, STM32U545VET6, STM32U545VET6Q, STM32U595AIH6, STM32U595AIH6Q, STM32U595AJH6, STM32U595AJH6Q, STM32U595QII6, STM32U595QII6Q, STM32U595QJI6, STM32U595QJI6Q, STM32U595RIT6, STM32U595RIT6Q, STM32U595RJT6, STM32U595RJT6Q, STM32U595VIT6, STM32U595VIT6Q, STM32U595VJT6, STM32U595VJT6Q, STM32U595ZIT6, STM32U595ZIT6Q, STM32U595ZIY6QTR, STM32U595ZJT6, STM32U595ZJT6Q, STM32U595ZJY6QTR, STM32U599BJY6QTR, STM32U599NIH6Q, STM32U599NJH6Q, STM32U599VIT6Q, STM32U599VJT6, STM32U599VJT6Q, STM32U599ZIT6Q, STM32U599ZIY6QTR, STM32U599ZJT6Q, STM32U599ZJY6QTR, STM32U5A5AJH6, STM32U5A5AJH6Q, STM32U5A5QJI6, STM32U5A5QJI6Q, STM32U5A5RJT6, STM32U5A5RJT6Q, STM32U5A5VJT6, STM32U5A5VJT6Q, STM32U5A5ZJT6, STM32U5A5ZJT6Q, STM32U5A5ZJY6QTR, STM32U5A9BJY6QTR, STM32U5A9J-DK, STM32U5A9NJH6Q, STM32U5A9VJT6Q, STM32U5A9ZJT6Q, STM32U5A9ZJY6QTR, STM32U5F7VIT6, STM32U5F7VIT6Q, STM32U5F7VJT6, STM32U5F7VJT6Q, STM32U5F9BJY6QTR, STM32U5F9NJH6Q, STM32U5F9VIT6Q, STM32U5F9VJT6Q, STM32U5F9ZIJ6QTR, STM32U5F9ZIT6Q, STM32U5F9ZJJ6QTR, STM32U5F9ZJT6Q, STM32U5G7VJT6, STM32U5G7VJT6Q, STM32U5G9BJY6QTR, STM32U5G9J-DK1, STM32U5G9J-DK2, STM32U5G9NJH6Q, STM32U5G9VJT6Q, STM32U5G9ZJJ6QTR, STM32U5G9ZJT6Q, STM32WB1MMCH6, STM32WBA50KEU6, STM32WBA50KEU6TR, STM32WBA50KGU6, STM32WBA50KGU6TR, STM32WBA52CEU6, STM32WBA52CEU6TR, STM32WBA52CEU7, STM32WBA52CEU7TR, STM32WBA52CGU6, STM32WBA52CGU6TR, STM32WBA52CGU6U, STM32WBA52CGU7, STM32WBA52CGU7TR, STM32WBA52KEU6, STM32WBA52KEU6TR, STM32WBA52KGU6, STM32WBA52KGU6TR, STM32WBA54CEU6, STM32WBA54CEU6TR, STM32WBA54CEU7, STM32WBA54CEU7TR, STM32WBA54CGU6, STM32WBA54CGU6TR, STM32WBA54CGU7, STM32WBA54CGU7TR, STM32WBA54KEU6, STM32WBA54KEU6TR, STM32WBA54KEU7, STM32WBA54KEU7TR, STM32WBA54KGU6, STM32WBA54KGU6TR, STM32WBA54KGU7, STM32WBA54KGU7TR, STM32WBA55CEU6, STM32WBA55CEU6TR, STM32WBA55CEU7, STM32WBA55CEU7TR, STM32WBA55CGU6, STM32WBA55CGU6TR, STM32WBA55CGU6U, STM32WBA55CGU7, STM32WBA55CGU7TR, STM32WBA55G-DK1, STM32WBA55HEF6, STM32WBA55HEF7, STM32WBA55HGF6, STM32WBA55HGF7, STM32WBA55UEI6, STM32WBA55UEI6TR, STM32WBA55UEI7, STM32WBA55UEI7TR, STM32WBA55UGI6, STM32WBA55UGI6TR, STM32WBA55UGI7, STM32WBA55UGI7TR, STM32WL5MOCH6, STM32WL5MOCH6TR]
2024-03-01 14:41:20,534 [INFO] BoardInfo:889 - No configuration file found for board P-NUCLEO-WB55
2024-03-01 14:41:20,534 [INFO] DbBoards:161 - Kit is not supported: P-NUCLEO-WB55
2024-03-01 14:41:20,538 [INFO] BoardInfo:889 - No configuration file found for board STEVAL-BFA001V1B
2024-03-01 14:41:20,538 [INFO] DbBoards:161 - Kit is not supported: STEVAL-BFA001V1B
2024-03-01 14:41:20,539 [INFO] BoardInfo:889 - No configuration file found for board STEVAL-BFA001V2B
2024-03-01 14:41:20,539 [INFO] DbBoards:161 - Kit is not supported: STEVAL-BFA001V2B
2024-03-01 14:41:20,642 [INFO] DbBoards:168 - Found 193 boards, 190 are supported
2024-03-01 14:41:20,642 [INFO] DbBoards:169 - Found 193 boards, 3 of them is supported for  Bsp
2024-03-01 14:41:20,645 [INFO] ApiDb:414 - User favorites file not found: C:\Users\conne/.stm32cubeide/favorites.boards.txt
2024-03-01 14:41:20,646 [INFO] DbBoards:198 - Set 0 / 0 favorites Boards
2024-03-01 14:41:20,650 [INFO] ApiDb:668 - CubeFinder database Data Model version=2.1
2024-03-01 14:41:20,650 [INFO] ApiDb:669 - CubeFinder database Configuration version=3.0.39
2024-03-01 14:41:20,650 [INFO] ApiDb:670 - CubeFinder database generation date=2024-02-19 (1708350410)
2024-03-01 14:41:20,650 [INFO] ApiDb:671 - CubeFinder database FW Pack versions=[FP-ATR-ASTRA1_V2.0.0, FP-SNS-FLIGHT1_V5.0.1, FP-SNS-FLIGHT1_V5.0.2, FP-SNS-MOTENV1_V4.3.1, FP-SNS-MOTENV1_V4.3.2, FP-SNS-MOTENVWB1_V1.3.1, FP-SNS-SMARTAG2_V1.2.0, STM32Cube_FW_C0_V1.1.0, STM32Cube_FW_F4_V1.28.0, STM32Cube_FW_F7_V1.17.0, STM32Cube_FW_G0_V1.6.2, STM32Cube_FW_G4_V1.5.2, STM32Cube_FW_H5_V0.5.1, STM32Cube_FW_H5_V1.1.1, STM32Cube_FW_H5_V1.2.0RC2, STM32Cube_FW_H7_V1.11.0, STM32Cube_FW_L0_V1.12.2, STM32Cube_FW_L5_V1.5.0, STM32Cube_FW_U5_V1.3.0RC4, STM32Cube_FW_U5_V1.4.0, STM32Cube_FW_WBA_V1.0.0RC1, STM32Cube_FW_WBA_V1.1.0RC1, STM32Cube_FW_WBA_V1.2.0, STM32Cube_FW_WBA_V1.2.0RC2, STM32Cube_FW_WB_V1.15.0RC1, STM32Cube_FW_WB_V1.16.0, STM32Cube_FW_WB_V1.16.0RC2, STM32Cube_FW_WB_V1.18.0, STM32Cube_FW_WL_V1.3.0, X-CUBE-ALGOBUILD_V1.3.0, X-CUBE-ALS_V1.0.1, X-CUBE-AZRTOS-F4_V1.1.0, X-CUBE-AZRTOS-F7_V1.1.0, X-CUBE-AZRTOS-G0_V1.1.0, X-CUBE-AZRTOS-G4_V2.0.0, X-CUBE-AZRTOS-H7_V3.2.0, X-CUBE-AZRTOS-L4_V1.0.0, X-CUBE-AZRTOS-L4_V2.0.0, X-CUBE-AZRTOS-L5_V1.1.0, X-CUBE-AZRTOS-WB_V2.0.0, X-CUBE-AZRTOS-WL_V2.0.0, X-CUBE-BLE1_V7.0.0, X-CUBE-BLE2_V3.3.0, X-CUBE-BLEMGR_V3.0.0, X-CUBE-EEPRMA1_V4.1.0, X-CUBE-EEPRMA1_V5.1.0, X-CUBE-FREERTOS_V1.1.0, X-CUBE-GNSS1_V6.0.0, X-CUBE-MEMS1_V10.0.0, X-CUBE-MEMS1_V9.1.0, X-CUBE-MEMS1_V9.4.0, X-CUBE-MEMS1_V9.6.0, X-CUBE-NFC4_V3.0.0, X-CUBE-NFC7_V1.0.1, X-CUBE-SFXS2LP1_V4.0.0, X-CUBE-SUBG2_V5.0.0, X-CUBE-TOF1_V3.4.0]
2024-03-01 14:41:21,481 [ERROR] DbExamplesSqlite:437 - Missing JSON key: board_cpn
2024-03-01 14:41:21,482 [ERROR] DbExamplesSqlite:437 - Missing JSON key: board_cpn
2024-03-01 14:41:21,482 [ERROR] DbExamplesSqlite:437 - Missing JSON key: board_cpn
2024-03-01 14:41:21,482 [ERROR] DbExamplesSqlite:437 - Missing JSON key: board_cpn
2024-03-01 14:41:21,541 [INFO] DbExamplesSqlite:395 - Ignored 55 examples not supported by CubeIDE
2024-03-01 14:41:21,541 [INFO] DbExamplesSqlite:396 - Found 7564 examples active
2024-03-01 14:41:21,541 [INFO] DbExamplesSqlite:397 - Found 844 examples obsolete
2024-03-01 14:41:21,542 [INFO] DbExamplesSqlite:398 - Found 0 examples under development
2024-03-01 14:41:21,542 [INFO] DbExamplesSqlite:399 - Found 8 examples not building
2024-03-01 14:41:21,544 [INFO] DbExamples:125 - Found 7517 examples
2024-03-01 14:41:21,556 [INFO] DbExamples:222 - Found 95 boards with related examples
2024-03-01 14:41:21,559 [INFO] DbExamples:235 - Found 80 MCUs with related examples
2024-03-01 14:41:21,581 [INFO] ApiDb:414 - User favorites file not found: C:\Users\conne/.stm32cubeide/favorites.examples.txt
2024-03-01 14:41:21,581 [INFO] DbExamples:250 - Set 0 / 0 favorites Examples
2024-03-01 14:41:22,196 [INFO] McuFinderGlobals:76 - Set McuFinderConnectedMode to true
2024-03-01 14:41:22,217 [INFO] MultiScanPanel:200 - Auto-refresh data requested => check proxy status ongoing
2024-03-01 14:41:22,225 [INFO] FinderPluginLoader:95 - Searching for filters in installed packs
2024-03-01 14:41:23,852 [INFO] LoadUrlFilesThread:185 - End of LoadServerUrlFiles without Thread
2024-03-01 14:41:23,864 [INFO] DetailPanel:341 - Set advertising image to C:/Users/conne/STM32Cube/Repository/\en.prom-stm32wl3-mcu-finder.jpg
2024-03-01 14:41:24,913 [INFO] MultiScanPanel:200 - Auto-refresh data requested => check proxy status ongoing
2024-03-01 14:41:25,169 [INFO] LoadUrlFilesThread:185 - End of LoadServerUrlFiles without Thread
2024-03-01 14:41:25,170 [INFO] DetailPanel:341 - Set advertising image to C:/Users/conne/STM32Cube/Repository/\en.prom-stm32wl3-mcu-finder.jpg
2024-03-01 14:41:25,183 [INFO] DbBoards:642 - Loading board mini-images...
2024-03-01 14:41:26,420 [ERROR] DbBoards:659 - Image file not found for board NUCLEO-WBA55CG: C:\Users\conne\.stmcufinder\plugins\mcufinder//mcu//boards_images/NUCLEO-WBA55CG.jpg
2024-03-01 14:41:27,455 [ERROR] DbBoards:659 - Image file not found for board STM32WBA55G-DK1: C:\Users\conne\.stmcufinder\plugins\mcufinder//mcu//boards_images/STM32WBA55G-DK1.jpg
2024-03-01 14:41:27,455 [INFO] DbBoards:665 - Loaded 191 board mini-images
2024-03-01 14:41:27,562 [INFO] MultiScanPanel:200 - Auto-refresh data requested => check proxy status ongoing
2024-03-01 14:41:27,565 [INFO] SoftwarePacks:127 - Download is needed for SW pack 'FP-ATR-ASTRA1_V2.0.0'
2024-03-01 14:41:27,566 [INFO] SoftwarePacks:127 - Download is needed for SW pack 'FP-SNS-FLIGHT1_V5.0.2'
2024-03-01 14:41:27,566 [INFO] SoftwarePacks:127 - Download is needed for SW pack 'FP-SNS-MOTENV1_V4.3.2'
2024-03-01 14:41:27,566 [INFO] SoftwarePacks:127 - Download is needed for SW pack 'FP-SNS-MOTENVWB1_V1.3.1'
2024-03-01 14:41:27,566 [INFO] SoftwarePacks:127 - Download is needed for SW pack 'FP-SNS-SMARTAG2_V1.2.0'
2024-03-01 14:41:27,567 [INFO] SoftwarePacks:127 - Download is needed for SW pack 'STM32Cube_FW_C0_V1.1.0'
2024-03-01 14:41:27,568 [INFO] SoftwarePacks:127 - Download is needed for SW pack 'STM32Cube_FW_F4_V1.28.0'
2024-03-01 14:41:27,568 [INFO] SoftwarePacks:127 - Download is needed for SW pack 'STM32Cube_FW_F7_V1.17.0'
2024-03-01 14:41:27,569 [INFO] SoftwarePacks:127 - Download is needed for SW pack 'STM32Cube_FW_G0_V1.6.2'
2024-03-01 14:41:27,570 [INFO] SoftwarePacks:127 - Download is needed for SW pack 'STM32Cube_FW_G4_V1.5.2'
2024-03-01 14:41:27,573 [INFO] SoftwarePacks:127 - Download is needed for SW pack 'STM32Cube_FW_H5_V1.1.1'
2024-03-01 14:41:27,573 [INFO] SoftwarePacks:127 - Download is needed for SW pack 'STM32Cube_FW_H7_V1.11.0'
2024-03-01 14:41:27,574 [INFO] SoftwarePacks:127 - Download is needed for SW pack 'STM32Cube_FW_L0_V1.12.2'
2024-03-01 14:41:27,574 [INFO] SoftwarePacks:127 - Download is needed for SW pack 'STM32Cube_FW_L5_V1.5.0'
2024-03-01 14:41:27,575 [INFO] SoftwarePacks:127 - Download is needed for SW pack 'STM32Cube_FW_U5_V1.4.0'
2024-03-01 14:41:27,575 [INFO] SoftwarePacks:127 - Download is needed for SW pack 'STM32Cube_FW_WBA_V1.2.0'
2024-03-01 14:41:27,576 [INFO] SoftwarePacks:127 - Download is needed for SW pack 'STM32Cube_FW_WB_V1.18.0'
2024-03-01 14:41:27,576 [INFO] SoftwarePacks:127 - Download is needed for SW pack 'STM32Cube_FW_WL_V1.3.0'
2024-03-01 14:41:27,576 [INFO] SoftwarePacks:127 - Download is needed for SW pack 'X-CUBE-ALGOBUILD_V1.3.0'
2024-03-01 14:41:27,576 [INFO] SoftwarePacks:127 - Download is needed for SW pack 'X-CUBE-ALS_V1.0.1'
2024-03-01 14:41:27,576 [INFO] SoftwarePacks:127 - Download is needed for SW pack 'X-CUBE-AZRTOS-F4_V1.1.0'
2024-03-01 14:41:27,577 [INFO] SoftwarePacks:127 - Download is needed for SW pack 'X-CUBE-AZRTOS-F7_V1.1.0'
2024-03-01 14:41:27,577 [INFO] SoftwarePacks:127 - Download is needed for SW pack 'X-CUBE-AZRTOS-G0_V1.1.0'
2024-03-01 14:41:27,577 [INFO] SoftwarePacks:127 - Download is needed for SW pack 'X-CUBE-AZRTOS-G4_V2.0.0'
2024-03-01 14:41:27,577 [INFO] SoftwarePacks:127 - Download is needed for SW pack 'X-CUBE-AZRTOS-H7_V3.2.0'
2024-03-01 14:41:27,577 [INFO] SoftwarePacks:127 - Download is needed for SW pack 'X-CUBE-AZRTOS-L4_V2.0.0'
2024-03-01 14:41:27,577 [INFO] SoftwarePacks:127 - Download is needed for SW pack 'X-CUBE-AZRTOS-L5_V1.1.0'
2024-03-01 14:41:27,577 [INFO] SoftwarePacks:127 - Download is needed for SW pack 'X-CUBE-AZRTOS-WB_V2.0.0'
2024-03-01 14:41:27,577 [INFO] SoftwarePacks:127 - Download is needed for SW pack 'X-CUBE-AZRTOS-WL_V2.0.0'
2024-03-01 14:41:27,577 [INFO] SoftwarePacks:127 - Download is needed for SW pack 'X-CUBE-BLE1_V7.0.0'
2024-03-01 14:41:27,577 [INFO] SoftwarePacks:127 - Download is needed for SW pack 'X-CUBE-BLE2_V3.3.0'
2024-03-01 14:41:27,577 [INFO] SoftwarePacks:127 - Download is needed for SW pack 'X-CUBE-BLEMGR_V3.0.0'
2024-03-01 14:41:27,577 [INFO] SoftwarePacks:127 - Download is needed for SW pack 'X-CUBE-EEPRMA1_V5.1.0'
2024-03-01 14:41:27,577 [INFO] SoftwarePacks:127 - Download is needed for SW pack 'X-CUBE-FREERTOS_V1.1.0'
2024-03-01 14:41:27,577 [INFO] SoftwarePacks:127 - Download is needed for SW pack 'X-CUBE-GNSS1_V6.0.0'
2024-03-01 14:41:27,577 [INFO] SoftwarePacks:127 - Download is needed for SW pack 'X-CUBE-MEMS1_V10.0.0'
2024-03-01 14:41:27,577 [INFO] SoftwarePacks:127 - Download is needed for SW pack 'X-CUBE-NFC4_V3.0.0'
2024-03-01 14:41:27,577 [INFO] SoftwarePacks:127 - Download is needed for SW pack 'X-CUBE-NFC7_V1.0.1'
2024-03-01 14:41:27,578 [INFO] SoftwarePacks:127 - Download is needed for SW pack 'X-CUBE-SFXS2LP1_V4.0.0'
2024-03-01 14:41:27,578 [INFO] SoftwarePacks:127 - Download is needed for SW pack 'X-CUBE-SUBG2_V5.0.0'
2024-03-01 14:41:27,578 [INFO] SoftwarePacks:127 - Download is needed for SW pack 'X-CUBE-TOF1_V3.4.0'
2024-03-01 14:41:28,894 [INFO] LoadUrlFilesThread:185 - End of LoadServerUrlFiles without Thread
2024-03-01 14:41:28,894 [INFO] DetailPanel:341 - Set advertising image to C:/Users/conne/STM32Cube/Repository/\en.prom-stm32wl3-mcu-finder.jpg
2024-03-01 14:42:04,760 [INFO] MetaSearchPanel:329 - Collapse all filters sections
2024-03-01 14:47:49,448 [INFO] McuFinderGlobals:76 - Set McuFinderConnectedMode to true
2024-03-01 14:47:50,048 [INFO] ApiDb:448 - Save user favorites file C:\Users\conne/.stm32cubeide/favorites.mcus.txt: 0 item(s)
2024-03-01 14:47:50,048 [INFO] ApiDb:452 - User favorites MCUs=[]
2024-03-01 14:47:50,051 [INFO] ApiDb:448 - Save user favorites file C:\Users\conne/.stm32cubeide/favorites.boards.txt: 0 item(s)
2024-03-01 14:47:50,052 [INFO] ApiDb:452 - User favorites Boards=[]
2024-03-01 14:47:50,056 [INFO] ApiDb:448 - Save user favorites file C:\Users\conne/.stm32cubeide/favorites.examples.txt: 0 item(s)
2024-03-01 14:47:50,056 [INFO] ApiDb:452 - User favorites Examples=[]
2024-03-01 14:47:54,291 [INFO] MainUpdater:2873 - connection check result : 10
2024-03-01 14:47:54,459 [INFO] McuFinderGlobals:76 - Set McuFinderConnectedMode to true
2024-03-01 14:47:54,464 [INFO] MultiScanPanel:200 - Auto-refresh data requested => check proxy status ongoing
2024-03-01 14:47:54,468 [INFO] FinderPluginLoader:95 - Searching for filters in installed packs
2024-03-01 14:47:55,126 [INFO] LoadUrlFilesThread:185 - End of LoadServerUrlFiles without Thread
2024-03-01 14:47:55,127 [INFO] DetailPanel:341 - Set advertising image to C:/Users/conne/STM32Cube/Repository/\en.prom-stm32wl3-mcu-finder.jpg
2024-03-01 14:47:55,495 [INFO] MultiScanPanel:200 - Auto-refresh data requested => check proxy status ongoing
2024-03-01 14:47:55,543 [INFO] LoadUrlFilesThread:185 - End of LoadServerUrlFiles without Thread
2024-03-01 14:47:55,543 [INFO] DetailPanel:341 - Set advertising image to C:/Users/conne/STM32Cube/Repository/\en.prom-stm32wl3-mcu-finder.jpg
2024-03-01 14:47:55,562 [INFO] MultiScanPanel:200 - Auto-refresh data requested => check proxy status ongoing
2024-03-01 14:47:55,565 [INFO] ApiDb:581 - Connected to CubeFinder SQLite database (C:\Users\conne\.stmcufinder\plugins\mcufinder\mcu\cube-finder-db.db)
2024-03-01 14:47:55,666 [INFO] ApiDb:668 - CubeFinder database Data Model version=2.1
2024-03-01 14:47:55,667 [INFO] ApiDb:669 - CubeFinder database Configuration version=3.0.39
2024-03-01 14:47:55,667 [INFO] ApiDb:670 - CubeFinder database generation date=2024-02-19 (1708350410)
2024-03-01 14:47:55,667 [INFO] ApiDb:671 - CubeFinder database FW Pack versions=[FP-ATR-ASTRA1_V2.0.0, FP-SNS-FLIGHT1_V5.0.1, FP-SNS-FLIGHT1_V5.0.2, FP-SNS-MOTENV1_V4.3.1, FP-SNS-MOTENV1_V4.3.2, FP-SNS-MOTENVWB1_V1.3.1, FP-SNS-SMARTAG2_V1.2.0, STM32Cube_FW_C0_V1.1.0, STM32Cube_FW_F4_V1.28.0, STM32Cube_FW_F7_V1.17.0, STM32Cube_FW_G0_V1.6.2, STM32Cube_FW_G4_V1.5.2, STM32Cube_FW_H5_V0.5.1, STM32Cube_FW_H5_V1.1.1, STM32Cube_FW_H5_V1.2.0RC2, STM32Cube_FW_H7_V1.11.0, STM32Cube_FW_L0_V1.12.2, STM32Cube_FW_L5_V1.5.0, STM32Cube_FW_U5_V1.3.0RC4, STM32Cube_FW_U5_V1.4.0, STM32Cube_FW_WBA_V1.0.0RC1, STM32Cube_FW_WBA_V1.1.0RC1, STM32Cube_FW_WBA_V1.2.0, STM32Cube_FW_WBA_V1.2.0RC2, STM32Cube_FW_WB_V1.15.0RC1, STM32Cube_FW_WB_V1.16.0, STM32Cube_FW_WB_V1.16.0RC2, STM32Cube_FW_WB_V1.18.0, STM32Cube_FW_WL_V1.3.0, X-CUBE-ALGOBUILD_V1.3.0, X-CUBE-ALS_V1.0.1, X-CUBE-AZRTOS-F4_V1.1.0, X-CUBE-AZRTOS-F7_V1.1.0, X-CUBE-AZRTOS-G0_V1.1.0, X-CUBE-AZRTOS-G4_V2.0.0, X-CUBE-AZRTOS-H7_V3.2.0, X-CUBE-AZRTOS-L4_V1.0.0, X-CUBE-AZRTOS-L4_V2.0.0, X-CUBE-AZRTOS-L5_V1.1.0, X-CUBE-AZRTOS-WB_V2.0.0, X-CUBE-AZRTOS-WL_V2.0.0, X-CUBE-BLE1_V7.0.0, X-CUBE-BLE2_V3.3.0, X-CUBE-BLEMGR_V3.0.0, X-CUBE-EEPRMA1_V4.1.0, X-CUBE-EEPRMA1_V5.1.0, X-CUBE-FREERTOS_V1.1.0, X-CUBE-GNSS1_V6.0.0, X-CUBE-MEMS1_V10.0.0, X-CUBE-MEMS1_V9.1.0, X-CUBE-MEMS1_V9.4.0, X-CUBE-MEMS1_V9.6.0, X-CUBE-NFC4_V3.0.0, X-CUBE-NFC7_V1.0.1, X-CUBE-SFXS2LP1_V4.0.0, X-CUBE-SUBG2_V5.0.0, X-CUBE-TOF1_V3.4.0]
2024-03-01 14:47:56,552 [ERROR] DbExamplesSqlite:437 - Missing JSON key: board_cpn
2024-03-01 14:47:56,552 [ERROR] DbExamplesSqlite:437 - Missing JSON key: board_cpn
2024-03-01 14:47:56,553 [ERROR] DbExamplesSqlite:437 - Missing JSON key: board_cpn
2024-03-01 14:47:56,553 [ERROR] DbExamplesSqlite:437 - Missing JSON key: board_cpn
2024-03-01 14:47:56,669 [INFO] DbExamplesSqlite:395 - Ignored 55 examples not supported by CubeIDE
2024-03-01 14:47:56,669 [INFO] DbExamplesSqlite:396 - Found 7564 examples active
2024-03-01 14:47:56,669 [INFO] DbExamplesSqlite:397 - Found 844 examples obsolete
2024-03-01 14:47:56,669 [INFO] DbExamplesSqlite:398 - Found 0 examples under development
2024-03-01 14:47:56,669 [INFO] DbExamplesSqlite:399 - Found 8 examples not building
2024-03-01 14:47:56,672 [INFO] DbExamples:125 - Found 7517 examples
2024-03-01 14:47:56,687 [INFO] DbExamples:222 - Found 95 boards with related examples
2024-03-01 14:47:56,689 [INFO] DbExamples:235 - Found 80 MCUs with related examples
2024-03-01 14:47:56,810 [INFO] ApiDb:423 - Load user favorites file C:\Users\conne/.stm32cubeide/favorites.examples.txt: 0 item(s)
2024-03-01 14:47:56,810 [INFO] ApiDb:427 - User favorites Examples=[]
2024-03-01 14:47:56,811 [INFO] DbExamples:250 - Set 0 / 0 favorites Examples
2024-03-01 14:47:57,323 [INFO] SoftwarePacks:127 - Download is needed for SW pack 'FP-ATR-ASTRA1_V2.0.0'
2024-03-01 14:47:57,324 [INFO] SoftwarePacks:127 - Download is needed for SW pack 'FP-SNS-FLIGHT1_V5.0.2'
2024-03-01 14:47:57,324 [INFO] SoftwarePacks:127 - Download is needed for SW pack 'FP-SNS-MOTENV1_V4.3.2'
2024-03-01 14:47:57,324 [INFO] SoftwarePacks:127 - Download is needed for SW pack 'FP-SNS-MOTENVWB1_V1.3.1'
2024-03-01 14:47:57,324 [INFO] SoftwarePacks:127 - Download is needed for SW pack 'FP-SNS-SMARTAG2_V1.2.0'
2024-03-01 14:47:57,330 [INFO] SoftwarePacks:127 - Download is needed for SW pack 'STM32Cube_FW_C0_V1.1.0'
2024-03-01 14:47:57,331 [INFO] SoftwarePacks:127 - Download is needed for SW pack 'STM32Cube_FW_F4_V1.28.0'
2024-03-01 14:47:57,332 [INFO] SoftwarePacks:127 - Download is needed for SW pack 'STM32Cube_FW_F7_V1.17.0'
2024-03-01 14:47:57,332 [INFO] SoftwarePacks:127 - Download is needed for SW pack 'STM32Cube_FW_G0_V1.6.2'
2024-03-01 14:47:57,335 [INFO] SoftwarePacks:127 - Download is needed for SW pack 'STM32Cube_FW_G4_V1.5.2'
2024-03-01 14:47:57,337 [INFO] SoftwarePacks:127 - Download is needed for SW pack 'STM32Cube_FW_H5_V1.1.1'
2024-03-01 14:47:57,337 [INFO] SoftwarePacks:127 - Download is needed for SW pack 'STM32Cube_FW_H7_V1.11.0'
2024-03-01 14:47:57,338 [INFO] SoftwarePacks:127 - Download is needed for SW pack 'STM32Cube_FW_L0_V1.12.2'
2024-03-01 14:47:57,340 [INFO] SoftwarePacks:127 - Download is needed for SW pack 'STM32Cube_FW_L5_V1.5.0'
2024-03-01 14:47:57,340 [INFO] SoftwarePacks:127 - Download is needed for SW pack 'STM32Cube_FW_U5_V1.4.0'
2024-03-01 14:47:57,342 [INFO] SoftwarePacks:127 - Download is needed for SW pack 'STM32Cube_FW_WBA_V1.2.0'
2024-03-01 14:47:57,342 [INFO] SoftwarePacks:127 - Download is needed for SW pack 'STM32Cube_FW_WB_V1.18.0'
2024-03-01 14:47:57,343 [INFO] SoftwarePacks:127 - Download is needed for SW pack 'STM32Cube_FW_WL_V1.3.0'
2024-03-01 14:47:57,343 [INFO] SoftwarePacks:127 - Download is needed for SW pack 'X-CUBE-ALGOBUILD_V1.3.0'
2024-03-01 14:47:57,343 [INFO] SoftwarePacks:127 - Download is needed for SW pack 'X-CUBE-ALS_V1.0.1'
2024-03-01 14:47:57,343 [INFO] SoftwarePacks:127 - Download is needed for SW pack 'X-CUBE-AZRTOS-F4_V1.1.0'
2024-03-01 14:47:57,343 [INFO] SoftwarePacks:127 - Download is needed for SW pack 'X-CUBE-AZRTOS-F7_V1.1.0'
2024-03-01 14:47:57,343 [INFO] SoftwarePacks:127 - Download is needed for SW pack 'X-CUBE-AZRTOS-G0_V1.1.0'
2024-03-01 14:47:57,343 [INFO] SoftwarePacks:127 - Download is needed for SW pack 'X-CUBE-AZRTOS-G4_V2.0.0'
2024-03-01 14:47:57,344 [INFO] SoftwarePacks:127 - Download is needed for SW pack 'X-CUBE-AZRTOS-H7_V3.2.0'
2024-03-01 14:47:57,344 [INFO] SoftwarePacks:127 - Download is needed for SW pack 'X-CUBE-AZRTOS-L4_V2.0.0'
2024-03-01 14:47:57,344 [INFO] SoftwarePacks:127 - Download is needed for SW pack 'X-CUBE-AZRTOS-L5_V1.1.0'
2024-03-01 14:47:57,344 [INFO] SoftwarePacks:127 - Download is needed for SW pack 'X-CUBE-AZRTOS-WB_V2.0.0'
2024-03-01 14:47:57,344 [INFO] SoftwarePacks:127 - Download is needed for SW pack 'X-CUBE-AZRTOS-WL_V2.0.0'
2024-03-01 14:47:57,344 [INFO] SoftwarePacks:127 - Download is needed for SW pack 'X-CUBE-BLE1_V7.0.0'
2024-03-01 14:47:57,344 [INFO] SoftwarePacks:127 - Download is needed for SW pack 'X-CUBE-BLE2_V3.3.0'
2024-03-01 14:47:57,344 [INFO] SoftwarePacks:127 - Download is needed for SW pack 'X-CUBE-BLEMGR_V3.0.0'
2024-03-01 14:47:57,344 [INFO] SoftwarePacks:127 - Download is needed for SW pack 'X-CUBE-EEPRMA1_V5.1.0'
2024-03-01 14:47:57,344 [INFO] SoftwarePacks:127 - Download is needed for SW pack 'X-CUBE-FREERTOS_V1.1.0'
2024-03-01 14:47:57,344 [INFO] SoftwarePacks:127 - Download is needed for SW pack 'X-CUBE-GNSS1_V6.0.0'
2024-03-01 14:47:57,344 [INFO] SoftwarePacks:127 - Download is needed for SW pack 'X-CUBE-MEMS1_V10.0.0'
2024-03-01 14:47:57,344 [INFO] SoftwarePacks:127 - Download is needed for SW pack 'X-CUBE-NFC4_V3.0.0'
2024-03-01 14:47:57,344 [INFO] SoftwarePacks:127 - Download is needed for SW pack 'X-CUBE-NFC7_V1.0.1'
2024-03-01 14:47:57,344 [INFO] SoftwarePacks:127 - Download is needed for SW pack 'X-CUBE-SFXS2LP1_V4.0.0'
2024-03-01 14:47:57,344 [INFO] SoftwarePacks:127 - Download is needed for SW pack 'X-CUBE-SUBG2_V5.0.0'
2024-03-01 14:47:57,344 [INFO] SoftwarePacks:127 - Download is needed for SW pack 'X-CUBE-TOF1_V3.4.0'
2024-03-01 14:47:58,460 [INFO] LoadUrlFilesThread:185 - End of LoadServerUrlFiles without Thread
2024-03-01 14:47:58,460 [INFO] DetailPanel:341 - Set advertising image to C:/Users/conne/STM32Cube/Repository/\en.prom-stm32wl3-mcu-finder.jpg
2024-03-01 14:48:10,530 [INFO] CrossSelectorPresenter:1358 - Cross Selector saved comparison directory: C:\Users\conne\.stmcufinder\plugins\mcufinder\mcu\cs_comparisons_mx
2024-03-01 14:48:10,586 [INFO] CrossReferenceDbSqlite:245 - SQLite db open (C:\Users\conne\.stmcufinder\plugins\mcufinder\mcu\cs\crdb.db)
2024-03-01 14:48:27,260 [INFO] MetaSearchPanel:254 - search for filter with key=LED
2024-03-01 14:48:27,260 [INFO] MetaSearchPanel:355 - search for filter component LED
2024-03-01 14:48:27,260 [INFO] MetaSearchPanel:329 - Collapse all filters sections
2024-03-01 14:48:30,179 [INFO] MetaSearchPanel:254 - search for filter with key=LED
2024-03-01 14:48:30,179 [INFO] MetaSearchPanel:355 - search for filter component LED
2024-03-01 14:48:30,179 [INFO] MetaSearchPanel:329 - Collapse all filters sections
2024-03-01 14:50:59,879 [INFO] McuFinderGlobals:76 - Set McuFinderConnectedMode to true
2024-03-01 14:51:00,215 [INFO] ApiDb:448 - Save user favorites file C:\Users\conne/.stm32cubeide/favorites.mcus.txt: 0 item(s)
2024-03-01 14:51:00,215 [INFO] ApiDb:452 - User favorites MCUs=[]
2024-03-01 14:51:00,216 [INFO] ApiDb:448 - Save user favorites file C:\Users\conne/.stm32cubeide/favorites.boards.txt: 0 item(s)
2024-03-01 14:51:00,216 [INFO] ApiDb:452 - User favorites Boards=[]
2024-03-01 14:51:00,221 [INFO] ApiDb:448 - Save user favorites file C:\Users\conne/.stm32cubeide/favorites.examples.txt: 0 item(s)
2024-03-01 14:51:00,221 [INFO] ApiDb:452 - User favorites Examples=[]
2024-03-01 14:57:00,578 [INFO] MainUpdater:2873 - connection check result : 10
2024-03-01 14:57:00,924 [INFO] McuFinderGlobals:76 - Set McuFinderConnectedMode to true
2024-03-01 14:57:00,942 [INFO] MultiScanPanel:200 - Auto-refresh data requested => check proxy status ongoing
2024-03-01 14:57:00,948 [INFO] FinderPluginLoader:95 - Searching for filters in installed packs
2024-03-01 14:57:01,772 [INFO] LoadUrlFilesThread:185 - End of LoadServerUrlFiles without Thread
2024-03-01 14:57:01,773 [INFO] DetailPanel:341 - Set advertising image to C:/Users/conne/STM32Cube/Repository/\en.prom-stm32wl3-mcu-finder.jpg
2024-03-01 14:57:02,241 [INFO] MultiScanPanel:200 - Auto-refresh data requested => check proxy status ongoing
2024-03-01 14:57:02,298 [INFO] LoadUrlFilesThread:185 - End of LoadServerUrlFiles without Thread
2024-03-01 14:57:02,298 [INFO] DetailPanel:341 - Set advertising image to C:/Users/conne/STM32Cube/Repository/\en.prom-stm32wl3-mcu-finder.jpg
2024-03-01 14:57:02,328 [INFO] MultiScanPanel:200 - Auto-refresh data requested => check proxy status ongoing
2024-03-01 14:57:02,334 [INFO] ApiDb:581 - Connected to CubeFinder SQLite database (C:\Users\conne\.stmcufinder\plugins\mcufinder\mcu\cube-finder-db.db)
2024-03-01 14:57:02,470 [INFO] ApiDb:668 - CubeFinder database Data Model version=2.1
2024-03-01 14:57:02,470 [INFO] ApiDb:669 - CubeFinder database Configuration version=3.0.39
2024-03-01 14:57:02,470 [INFO] ApiDb:670 - CubeFinder database generation date=2024-02-19 (1708350410)
2024-03-01 14:57:02,470 [INFO] ApiDb:671 - CubeFinder database FW Pack versions=[FP-ATR-ASTRA1_V2.0.0, FP-SNS-FLIGHT1_V5.0.1, FP-SNS-FLIGHT1_V5.0.2, FP-SNS-MOTENV1_V4.3.1, FP-SNS-MOTENV1_V4.3.2, FP-SNS-MOTENVWB1_V1.3.1, FP-SNS-SMARTAG2_V1.2.0, STM32Cube_FW_C0_V1.1.0, STM32Cube_FW_F4_V1.28.0, STM32Cube_FW_F7_V1.17.0, STM32Cube_FW_G0_V1.6.2, STM32Cube_FW_G4_V1.5.2, STM32Cube_FW_H5_V0.5.1, STM32Cube_FW_H5_V1.1.1, STM32Cube_FW_H5_V1.2.0RC2, STM32Cube_FW_H7_V1.11.0, STM32Cube_FW_L0_V1.12.2, STM32Cube_FW_L5_V1.5.0, STM32Cube_FW_U5_V1.3.0RC4, STM32Cube_FW_U5_V1.4.0, STM32Cube_FW_WBA_V1.0.0RC1, STM32Cube_FW_WBA_V1.1.0RC1, STM32Cube_FW_WBA_V1.2.0, STM32Cube_FW_WBA_V1.2.0RC2, STM32Cube_FW_WB_V1.15.0RC1, STM32Cube_FW_WB_V1.16.0, STM32Cube_FW_WB_V1.16.0RC2, STM32Cube_FW_WB_V1.18.0, STM32Cube_FW_WL_V1.3.0, X-CUBE-ALGOBUILD_V1.3.0, X-CUBE-ALS_V1.0.1, X-CUBE-AZRTOS-F4_V1.1.0, X-CUBE-AZRTOS-F7_V1.1.0, X-CUBE-AZRTOS-G0_V1.1.0, X-CUBE-AZRTOS-G4_V2.0.0, X-CUBE-AZRTOS-H7_V3.2.0, X-CUBE-AZRTOS-L4_V1.0.0, X-CUBE-AZRTOS-L4_V2.0.0, X-CUBE-AZRTOS-L5_V1.1.0, X-CUBE-AZRTOS-WB_V2.0.0, X-CUBE-AZRTOS-WL_V2.0.0, X-CUBE-BLE1_V7.0.0, X-CUBE-BLE2_V3.3.0, X-CUBE-BLEMGR_V3.0.0, X-CUBE-EEPRMA1_V4.1.0, X-CUBE-EEPRMA1_V5.1.0, X-CUBE-FREERTOS_V1.1.0, X-CUBE-GNSS1_V6.0.0, X-CUBE-MEMS1_V10.0.0, X-CUBE-MEMS1_V9.1.0, X-CUBE-MEMS1_V9.4.0, X-CUBE-MEMS1_V9.6.0, X-CUBE-NFC4_V3.0.0, X-CUBE-NFC7_V1.0.1, X-CUBE-SFXS2LP1_V4.0.0, X-CUBE-SUBG2_V5.0.0, X-CUBE-TOF1_V3.4.0]
2024-03-01 14:57:03,371 [ERROR] DbExamplesSqlite:437 - Missing JSON key: board_cpn
2024-03-01 14:57:03,371 [ERROR] DbExamplesSqlite:437 - Missing JSON key: board_cpn
2024-03-01 14:57:03,372 [ERROR] DbExamplesSqlite:437 - Missing JSON key: board_cpn
2024-03-01 14:57:03,372 [ERROR] DbExamplesSqlite:437 - Missing JSON key: board_cpn
2024-03-01 14:57:03,413 [INFO] DbExamplesSqlite:395 - Ignored 55 examples not supported by CubeIDE
2024-03-01 14:57:03,413 [INFO] DbExamplesSqlite:396 - Found 7564 examples active
2024-03-01 14:57:03,413 [INFO] DbExamplesSqlite:397 - Found 844 examples obsolete
2024-03-01 14:57:03,413 [INFO] DbExamplesSqlite:398 - Found 0 examples under development
2024-03-01 14:57:03,413 [INFO] DbExamplesSqlite:399 - Found 8 examples not building
2024-03-01 14:57:03,417 [INFO] DbExamples:125 - Found 7517 examples
2024-03-01 14:57:03,425 [INFO] DbExamples:222 - Found 95 boards with related examples
2024-03-01 14:57:03,427 [INFO] DbExamples:235 - Found 80 MCUs with related examples
2024-03-01 14:57:03,445 [INFO] ApiDb:423 - Load user favorites file C:\Users\conne/.stm32cubeide/favorites.examples.txt: 0 item(s)
2024-03-01 14:57:03,446 [INFO] ApiDb:427 - User favorites Examples=[]
2024-03-01 14:57:03,446 [INFO] DbExamples:250 - Set 0 / 0 favorites Examples
2024-03-01 14:57:03,890 [INFO] SoftwarePacks:127 - Download is needed for SW pack 'FP-ATR-ASTRA1_V2.0.0'
2024-03-01 14:57:03,890 [INFO] SoftwarePacks:127 - Download is needed for SW pack 'FP-SNS-FLIGHT1_V5.0.2'
2024-03-01 14:57:03,890 [INFO] SoftwarePacks:127 - Download is needed for SW pack 'FP-SNS-MOTENV1_V4.3.2'
2024-03-01 14:57:03,890 [INFO] SoftwarePacks:127 - Download is needed for SW pack 'FP-SNS-MOTENVWB1_V1.3.1'
2024-03-01 14:57:03,890 [INFO] SoftwarePacks:127 - Download is needed for SW pack 'FP-SNS-SMARTAG2_V1.2.0'
2024-03-01 14:57:03,892 [INFO] SoftwarePacks:127 - Download is needed for SW pack 'STM32Cube_FW_C0_V1.1.0'
2024-03-01 14:57:03,894 [INFO] SoftwarePacks:127 - Download is needed for SW pack 'STM32Cube_FW_F4_V1.28.0'
2024-03-01 14:57:03,895 [INFO] SoftwarePacks:127 - Download is needed for SW pack 'STM32Cube_FW_F7_V1.17.0'
2024-03-01 14:57:03,896 [INFO] SoftwarePacks:127 - Download is needed for SW pack 'STM32Cube_FW_G0_V1.6.2'
2024-03-01 14:57:03,896 [INFO] SoftwarePacks:127 - Download is needed for SW pack 'STM32Cube_FW_G4_V1.5.2'
2024-03-01 14:57:03,897 [INFO] SoftwarePacks:127 - Download is needed for SW pack 'STM32Cube_FW_H5_V1.1.1'
2024-03-01 14:57:03,898 [INFO] SoftwarePacks:127 - Download is needed for SW pack 'STM32Cube_FW_H7_V1.11.0'
2024-03-01 14:57:03,898 [INFO] SoftwarePacks:127 - Download is needed for SW pack 'STM32Cube_FW_L0_V1.12.2'
2024-03-01 14:57:03,899 [INFO] SoftwarePacks:127 - Download is needed for SW pack 'STM32Cube_FW_L5_V1.5.0'
2024-03-01 14:57:03,900 [INFO] SoftwarePacks:127 - Download is needed for SW pack 'STM32Cube_FW_U5_V1.4.0'
2024-03-01 14:57:03,900 [INFO] SoftwarePacks:127 - Download is needed for SW pack 'STM32Cube_FW_WBA_V1.2.0'
2024-03-01 14:57:03,901 [INFO] SoftwarePacks:127 - Download is needed for SW pack 'STM32Cube_FW_WB_V1.18.0'
2024-03-01 14:57:03,901 [INFO] SoftwarePacks:127 - Download is needed for SW pack 'STM32Cube_FW_WL_V1.3.0'
2024-03-01 14:57:03,903 [INFO] SoftwarePacks:127 - Download is needed for SW pack 'X-CUBE-ALGOBUILD_V1.3.0'
2024-03-01 14:57:03,903 [INFO] SoftwarePacks:127 - Download is needed for SW pack 'X-CUBE-ALS_V1.0.1'
2024-03-01 14:57:03,903 [INFO] SoftwarePacks:127 - Download is needed for SW pack 'X-CUBE-AZRTOS-F4_V1.1.0'
2024-03-01 14:57:03,903 [INFO] SoftwarePacks:127 - Download is needed for SW pack 'X-CUBE-AZRTOS-F7_V1.1.0'
2024-03-01 14:57:03,903 [INFO] SoftwarePacks:127 - Download is needed for SW pack 'X-CUBE-AZRTOS-G0_V1.1.0'
2024-03-01 14:57:03,903 [INFO] SoftwarePacks:127 - Download is needed for SW pack 'X-CUBE-AZRTOS-G4_V2.0.0'
2024-03-01 14:57:03,903 [INFO] SoftwarePacks:127 - Download is needed for SW pack 'X-CUBE-AZRTOS-H7_V3.2.0'
2024-03-01 14:57:03,903 [INFO] SoftwarePacks:127 - Download is needed for SW pack 'X-CUBE-AZRTOS-L4_V2.0.0'
2024-03-01 14:57:03,903 [INFO] SoftwarePacks:127 - Download is needed for SW pack 'X-CUBE-AZRTOS-L5_V1.1.0'
2024-03-01 14:57:03,903 [INFO] SoftwarePacks:127 - Download is needed for SW pack 'X-CUBE-AZRTOS-WB_V2.0.0'
2024-03-01 14:57:03,903 [INFO] SoftwarePacks:127 - Download is needed for SW pack 'X-CUBE-AZRTOS-WL_V2.0.0'
2024-03-01 14:57:03,903 [INFO] SoftwarePacks:127 - Download is needed for SW pack 'X-CUBE-BLE1_V7.0.0'
2024-03-01 14:57:03,903 [INFO] SoftwarePacks:127 - Download is needed for SW pack 'X-CUBE-BLE2_V3.3.0'
2024-03-01 14:57:03,903 [INFO] SoftwarePacks:127 - Download is needed for SW pack 'X-CUBE-BLEMGR_V3.0.0'
2024-03-01 14:57:03,903 [INFO] SoftwarePacks:127 - Download is needed for SW pack 'X-CUBE-EEPRMA1_V5.1.0'
2024-03-01 14:57:03,903 [INFO] SoftwarePacks:127 - Download is needed for SW pack 'X-CUBE-FREERTOS_V1.1.0'
2024-03-01 14:57:03,903 [INFO] SoftwarePacks:127 - Download is needed for SW pack 'X-CUBE-GNSS1_V6.0.0'
2024-03-01 14:57:03,903 [INFO] SoftwarePacks:127 - Download is needed for SW pack 'X-CUBE-MEMS1_V10.0.0'
2024-03-01 14:57:03,903 [INFO] SoftwarePacks:127 - Download is needed for SW pack 'X-CUBE-NFC4_V3.0.0'
2024-03-01 14:57:03,903 [INFO] SoftwarePacks:127 - Download is needed for SW pack 'X-CUBE-NFC7_V1.0.1'
2024-03-01 14:57:03,903 [INFO] SoftwarePacks:127 - Download is needed for SW pack 'X-CUBE-SFXS2LP1_V4.0.0'
2024-03-01 14:57:03,904 [INFO] SoftwarePacks:127 - Download is needed for SW pack 'X-CUBE-SUBG2_V5.0.0'
2024-03-01 14:57:03,904 [INFO] SoftwarePacks:127 - Download is needed for SW pack 'X-CUBE-TOF1_V3.4.0'
2024-03-01 14:57:05,438 [INFO] LoadUrlFilesThread:185 - End of LoadServerUrlFiles without Thread
2024-03-01 14:57:05,438 [INFO] DetailPanel:341 - Set advertising image to C:/Users/conne/STM32Cube/Repository/\en.prom-stm32wl3-mcu-finder.jpg
2024-03-01 14:58:05,615 [INFO] McuFinderGlobals:76 - Set McuFinderConnectedMode to true
2024-03-01 14:58:06,065 [INFO] ApiDb:448 - Save user favorites file C:\Users\conne/.stm32cubeide/favorites.mcus.txt: 0 item(s)
2024-03-01 14:58:06,065 [INFO] ApiDb:452 - User favorites MCUs=[]
2024-03-01 14:58:06,067 [INFO] ApiDb:448 - Save user favorites file C:\Users\conne/.stm32cubeide/favorites.boards.txt: 0 item(s)
2024-03-01 14:58:06,067 [INFO] ApiDb:452 - User favorites Boards=[]
2024-03-01 14:58:06,071 [INFO] ApiDb:448 - Save user favorites file C:\Users\conne/.stm32cubeide/favorites.examples.txt: 0 item(s)
2024-03-01 14:58:06,071 [INFO] ApiDb:452 - User favorites Examples=[]
2024-03-01 23:13:07,627 [ERROR] LogOutputStream:75 - [STDERR_REDIRECT] 
2024-03-01 23:13:07,659 [ERROR] LogOutputStream:75 - [STDERR_REDIRECT] 
