2024-05-07 09:11:29,747 [ERROR] LogOutputStream:75 - [STDERR_REDIRECT] 
2024-05-07 17:04:01,622 [INFO] Activator:176 - 


2024-05-07 17:04:01,624 [INFO] Activator:177 - !SESSION log4j initialized
2024-05-07 17:04:08,852 [INFO] LogOutputStream:77 - [STDOUT_REDIRECT] 
2024-05-07 17:04:14,873 [INFO] ApplicationProperties:184 - Using Application install path: C:\ST\STM32CubeIDE_1.14.1\STM32CubeIDE\plugins\com.st.stm32cube.common.mx_6.10.0.202311202037
2024-05-07 17:04:14,887 [INFO] DbMcusXml:78 - Set database path to: C:\ST\STM32CubeIDE_1.14.1\STM32CubeIDE\plugins\com.st.stm32cube.common.mx_6.10.0.202311202037\\db\/mcu/
2024-05-07 17:04:14,887 [INFO] ApiDb:274 - Set plugin database path to: C:\ST\STM32CubeIDE_1.14.1\STM32CubeIDE\plugins\com.st.stm32cube.common.mx_6.10.0.202311202037\\db\/plugins/boardmanager/
2024-05-07 17:04:14,888 [WARN] ApiDb:259 - Overriding images path with different value:  => C:\ST\STM32CubeIDE_1.14.1\STM32CubeIDE\plugins\com.st.stm32cube.common.mx_6.10.0.202311202037\\db\/plugins/mcufinder/images/
2024-05-07 17:04:14,895 [INFO] ApiDb:250 - Set database path to: C:\Users\conne\.stmcufinder\plugins\mcufinder//mcu/
2024-05-07 17:04:14,895 [INFO] DbMcusAds:125 - Set database path to: C:\Users\conne\.stmcufinder\plugins\mcufinder//mcu/
2024-05-07 17:04:14,896 [INFO] CrossReferenceDbSqlite:203 - Set database path to: C:\Users\conne\.stmcufinder\plugins\mcufinder//mcu/cs/
2024-05-07 17:04:14,976 [INFO] RulesReader:64 - Compatibility file has been processed (297 Rules)
2024-05-07 17:04:15,040 [INFO] DbMcusXml:78 - Set database path to: C:\ST\STM32CubeIDE_1.14.1\STM32CubeIDE\plugins\com.st.stm32cube.common.mx_6.10.0.202311202037\\db\/mcu/
2024-05-07 17:04:15,040 [INFO] ApiDb:274 - Set plugin database path to: C:\ST\STM32CubeIDE_1.14.1\STM32CubeIDE\plugins\com.st.stm32cube.common.mx_6.10.0.202311202037\\db\/plugins/boardmanager/
2024-05-07 17:04:15,040 [INFO] ApiDb:261 - Set plugin images path to: C:\ST\STM32CubeIDE_1.14.1\STM32CubeIDE\plugins\com.st.stm32cube.common.mx_6.10.0.202311202037\\db\/plugins/mcufinder/images/
2024-05-07 17:04:15,040 [WARN] DbFile:41 - Overriding database path with different value: C:\Users\conne\.stmcufinder\plugins\mcufinder/ => C:\Users\conne\.stmcufinder\plugins\mcufinder
2024-05-07 17:04:15,041 [INFO] ApiDb:250 - Set database path to: C:\Users\conne\.stmcufinder\plugins\mcufinder//mcu/
2024-05-07 17:04:15,041 [WARN] DbFile:41 - Overriding database path with different value: C:\Users\conne\.stmcufinder\plugins\mcufinder/ => C:\Users\conne\.stmcufinder\plugins\mcufinder
2024-05-07 17:04:15,041 [INFO] DbMcusAds:125 - Set database path to: C:\Users\conne\.stmcufinder\plugins\mcufinder//mcu/
2024-05-07 17:04:15,041 [WARN] DbFile:41 - Overriding database path with different value: C:\Users\conne\.stmcufinder\plugins\mcufinder/ => C:\Users\conne\.stmcufinder\plugins\mcufinder
2024-05-07 17:04:15,041 [WARN] DbFile:41 - Overriding database path with different value: C:\Users\conne\.stmcufinder\plugins\mcufinder/ => C:\Users\conne\.stmcufinder\plugins\mcufinder
2024-05-07 17:04:15,041 [INFO] CrossReferenceDbSqlite:203 - Set database path to: C:\Users\conne\.stmcufinder\plugins\mcufinder//mcu/cs/
2024-05-07 17:04:15,103 [INFO] MainPanel:264 - HeapMemory: 429916160
2024-05-07 17:04:15,171 [INFO] DbMcusXml:78 - Set database path to: C:\ST\STM32CubeIDE_1.14.1\STM32CubeIDE\plugins\com.st.stm32cube.common.mx_6.10.0.202311202037\\db\/mcu/
2024-05-07 17:04:15,171 [INFO] ApiDb:274 - Set plugin database path to: C:\ST\STM32CubeIDE_1.14.1\STM32CubeIDE\plugins\com.st.stm32cube.common.mx_6.10.0.202311202037\\db\/plugins/boardmanager/
2024-05-07 17:04:15,173 [INFO] ApiDb:261 - Set plugin images path to: C:\ST\STM32CubeIDE_1.14.1\STM32CubeIDE\plugins\com.st.stm32cube.common.mx_6.10.0.202311202037\\db\/plugins/mcufinder/images/
2024-05-07 17:04:15,173 [WARN] DbFile:41 - Overriding database path with different value: C:\Users\conne\.stmcufinder\plugins\mcufinder/ => C:\Users\conne\.stmcufinder\plugins\mcufinder
2024-05-07 17:04:15,173 [INFO] ApiDb:250 - Set database path to: C:\Users\conne\.stmcufinder\plugins\mcufinder//mcu/
2024-05-07 17:04:15,173 [WARN] DbFile:41 - Overriding database path with different value: C:\Users\conne\.stmcufinder\plugins\mcufinder/ => C:\Users\conne\.stmcufinder\plugins\mcufinder
2024-05-07 17:04:15,174 [INFO] DbMcusAds:125 - Set database path to: C:\Users\conne\.stmcufinder\plugins\mcufinder//mcu/
2024-05-07 17:04:15,174 [WARN] DbFile:41 - Overriding database path with different value: C:\Users\conne\.stmcufinder\plugins\mcufinder/ => C:\Users\conne\.stmcufinder\plugins\mcufinder
2024-05-07 17:04:15,174 [WARN] DbFile:41 - Overriding database path with different value: C:\Users\conne\.stmcufinder\plugins\mcufinder/ => C:\Users\conne\.stmcufinder\plugins\mcufinder
2024-05-07 17:04:15,174 [INFO] CrossReferenceDbSqlite:203 - Set database path to: C:\Users\conne\.stmcufinder\plugins\mcufinder//mcu/cs/
2024-05-07 17:04:15,190 [INFO] ApplicationProperties:184 - Using Application install path: C:\ST\STM32CubeIDE_1.14.1\STM32CubeIDE\plugins\com.st.stm32cube.common.mx_6.10.0.202311202037
2024-05-07 17:04:15,191 [INFO] PluginManage:196 - Search for loadable plugins [exclusion list=, ]
2024-05-07 17:04:15,191 [INFO] PluginManage:310 - Check plugin analytics
2024-05-07 17:04:15,429 [INFO] AnalyticsPlugin:253 - Accepted Software Licenses: 
2024-05-07 17:04:15,429 [INFO] AnalyticsPlugin:255 - Accepted CMSIS Pack Licenses: 
2024-05-07 17:04:15,429 [INFO] AnalyticsPlugin:257 - Accepted Firmware Licenses: 
2024-05-07 17:04:15,434 [INFO] PluginManage:359 - Loaded plugin analytics (category:tool,tabindex:-1)
2024-05-07 17:04:15,435 [INFO] PluginManage:310 - Check plugin cadmodel
2024-05-07 17:04:15,451 [INFO] CADModel:105 - Init CAD model plugin
2024-05-07 17:04:15,452 [INFO] PluginManage:359 - Loaded plugin cadmodel (category:power,tabindex:5)
2024-05-07 17:04:15,452 [INFO] PluginManage:310 - Check plugin clock
2024-05-07 17:04:15,484 [INFO] PluginManage:359 - Loaded plugin clock (category:base,tabindex:2)
2024-05-07 17:04:15,484 [INFO] PluginManage:310 - Check plugin ddr
2024-05-07 17:04:15,489 [INFO] PluginManage:359 - Loaded plugin ddr (category:tool,tabindex:6)
2024-05-07 17:04:15,489 [INFO] PluginManage:310 - Check plugin filemanager
2024-05-07 17:04:15,625 [INFO] PluginManage:359 - Loaded plugin filemanager (category:base,tabindex:10)
2024-05-07 17:04:15,625 [INFO] PluginManage:310 - Check plugin ipmanager
2024-05-07 17:04:15,631 [INFO] PluginManage:359 - Loaded plugin ipmanager (category:base,tabindex:5)
2024-05-07 17:04:15,633 [INFO] PluginManage:310 - Check plugin lpbam
2024-05-07 17:04:15,646 [INFO] PluginManage:359 - Loaded plugin lpbam (category:base,tabindex:0)
2024-05-07 17:04:15,647 [INFO] PluginManage:310 - Check plugin memorymap
2024-05-07 17:04:15,664 [INFO] PluginManage:359 - Loaded plugin memorymap (category:base,tabindex:4)
2024-05-07 17:04:15,665 [INFO] PluginManage:310 - Check plugin pinoutandconfiguration
2024-05-07 17:04:15,678 [INFO] PluginManage:359 - Loaded plugin pinoutandconfiguration (category:base,tabindex:1)
2024-05-07 17:04:15,678 [INFO] PluginManage:310 - Check plugin pinoutconfig
2024-05-07 17:04:15,757 [WARN] SupportedApi:132 - Cannot load RTOS API schema: s4s-elt-must-match.1: The content of 'definitions' must match (annotation?, (simpleType | complexType)?, (unique | key | keyref)*)). A problem was found starting at: attribute.
2024-05-07 17:04:15,879 [INFO] PluginManage:359 - Loaded plugin pinoutconfig (category:base,tabindex:0)
2024-05-07 17:04:15,879 [INFO] PluginManage:310 - Check plugin power
2024-05-07 17:04:15,906 [INFO] PluginManage:359 - Loaded plugin power (category:power,tabindex:4)
2024-05-07 17:04:15,906 [INFO] PluginManage:310 - Check plugin projectmanager
2024-05-07 17:04:15,934 [INFO] PluginManage:359 - Loaded plugin projectmanager (category:projectmanager,tabindex:3)
2024-05-07 17:04:15,934 [INFO] PluginManage:310 - Check plugin thirdparty
2024-05-07 17:04:16,184 [INFO] PluginManage:359 - Loaded plugin thirdparty (category:base,tabindex:-1)
2024-05-07 17:04:16,184 [INFO] PluginManage:310 - Check plugin tools
2024-05-07 17:04:16,184 [WARN] IntegrityCheckThread:84 - waiting for thirdparty lock release [integrity check]
2024-05-07 17:04:16,184 [INFO] IntegrityCheckThread:86 - entering critical section [integrity check]
2024-05-07 17:04:16,184 [INFO] ThirdPartyUpdaterWithRetryManager:70 - Updater plugin not ready yet. [1/15]
2024-05-07 17:04:16,208 [INFO] PluginManage:359 - Loaded plugin tools (category:base,tabindex:7)
2024-05-07 17:04:16,208 [INFO] PluginManage:310 - Check plugin tutovideos
2024-05-07 17:04:16,424 [INFO] PluginManage:359 - Loaded plugin tutovideos (category:base,tabindex:-1)
2024-05-07 17:04:16,425 [INFO] PluginManage:310 - Check plugin updater
2024-05-07 17:04:16,437 [INFO] PluginManage:359 - Loaded plugin updater (category:base,tabindex:12)
2024-05-07 17:04:16,437 [INFO] PluginManage:310 - Check plugin userauth
2024-05-07 17:04:16,443 [INFO] UserAuth:114 - Init User Auth plugin
2024-05-07 17:04:16,443 [INFO] PluginManage:359 - Loaded plugin userauth (category:base,tabindex:14)
2024-05-07 17:04:16,443 [INFO] PluginManage:283 - PluginManage : Loaded plugins [17]
2024-05-07 17:04:16,624 [INFO] PinOutPanel:1499 - setPackage(No Configuration,No Configuration)
2024-05-07 17:04:16,680 [INFO] CADModel:165 - CPN selected for project level
2024-05-07 17:04:16,680 [INFO] CADModel:114 - Register for checkConnection events
2024-05-07 17:04:16,699 [INFO] IPUIPlugin:80 - create IPUIPlugin
2024-05-07 17:04:16,700 [INFO] PluginManager:220 - loadIPPluginJar : add adc
2024-05-07 17:04:16,724 [INFO] IPUIPlugin:80 - create IPUIPlugin
2024-05-07 17:04:16,724 [INFO] PluginManager:220 - loadIPPluginJar : add aes
2024-05-07 17:04:16,751 [INFO] IPUIPlugin:80 - create IPUIPlugin
2024-05-07 17:04:16,751 [INFO] PluginManager:220 - loadIPPluginJar : add can
2024-05-07 17:04:16,769 [INFO] IPUIPlugin:80 - create IPUIPlugin
2024-05-07 17:04:16,770 [INFO] PluginManager:220 - loadIPPluginJar : add comp
2024-05-07 17:04:16,800 [INFO] IPUIPlugin:80 - create IPUIPlugin
2024-05-07 17:04:16,800 [INFO] PluginManager:220 - loadIPPluginJar : add cryp
2024-05-07 17:04:16,824 [INFO] IPUIPlugin:80 - create IPUIPlugin
2024-05-07 17:04:16,824 [INFO] PluginManager:220 - loadIPPluginJar : add dfsdm
2024-05-07 17:04:16,835 [INFO] IPUIPlugin:80 - create IPUIPlugin
2024-05-07 17:04:16,835 [INFO] PluginManager:220 - loadIPPluginJar : add dma
2024-05-07 17:04:16,867 [INFO] IPUIPlugin:80 - create IPUIPlugin
2024-05-07 17:04:16,867 [INFO] PluginManager:220 - loadIPPluginJar : add dma3
2024-05-07 17:04:16,882 [INFO] IPUIPlugin:80 - create IPUIPlugin
2024-05-07 17:04:16,882 [INFO] PluginManager:220 - loadIPPluginJar : add fatfs
2024-05-07 17:04:16,915 [INFO] IPUIPlugin:80 - create IPUIPlugin
2024-05-07 17:04:16,915 [INFO] PluginManager:220 - loadIPPluginJar : add fmc
2024-05-07 17:04:16,926 [INFO] IPUIPlugin:80 - create IPUIPlugin
2024-05-07 17:04:16,926 [INFO] PluginManager:220 - loadIPPluginJar : add freertos
2024-05-07 17:04:16,941 [INFO] IPUIPlugin:80 - create IPUIPlugin
2024-05-07 17:04:16,941 [INFO] PluginManager:220 - loadIPPluginJar : add genericplugin
2024-05-07 17:04:17,008 [INFO] IPUIPlugin:80 - create IPUIPlugin
2024-05-07 17:04:17,008 [INFO] PluginManager:220 - loadIPPluginJar : add gfxmmu
2024-05-07 17:04:17,100 [INFO] IPUIPlugin:80 - create IPUIPlugin
2024-05-07 17:04:17,100 [INFO] PluginManager:220 - loadIPPluginJar : add gic
2024-05-07 17:04:17,111 [INFO] IPUIPlugin:80 - create IPUIPlugin
2024-05-07 17:04:17,111 [INFO] PluginManager:220 - loadIPPluginJar : add gpio
2024-05-07 17:04:17,175 [INFO] IPUIPlugin:80 - create IPUIPlugin
2024-05-07 17:04:17,175 [INFO] PluginManager:220 - loadIPPluginJar : add gtzc
2024-05-07 17:04:17,201 [INFO] IPUIPlugin:80 - create IPUIPlugin
2024-05-07 17:04:17,201 [INFO] PluginManager:220 - loadIPPluginJar : add hash
2024-05-07 17:04:17,241 [INFO] IPUIPlugin:80 - create IPUIPlugin
2024-05-07 17:04:17,241 [INFO] PluginManager:220 - loadIPPluginJar : add i2c
2024-05-07 17:04:17,269 [INFO] IPUIPlugin:80 - create IPUIPlugin
2024-05-07 17:04:17,269 [INFO] PluginManager:220 - loadIPPluginJar : add i2s
2024-05-07 17:04:17,296 [INFO] IPUIPlugin:80 - create IPUIPlugin
2024-05-07 17:04:17,296 [INFO] PluginManager:220 - loadIPPluginJar : add i3c
2024-05-07 17:04:17,367 [INFO] IPUIPlugin:80 - create IPUIPlugin
2024-05-07 17:04:17,367 [INFO] PluginManager:220 - loadIPPluginJar : add ipddr
2024-05-07 17:04:17,432 [INFO] IPUIPlugin:80 - create IPUIPlugin
2024-05-07 17:04:17,432 [INFO] PluginManager:220 - loadIPPluginJar : add linkedlist
2024-05-07 17:04:17,455 [INFO] IPUIPlugin:80 - create IPUIPlugin
2024-05-07 17:04:17,455 [INFO] PluginManager:220 - loadIPPluginJar : add lorawan
2024-05-07 17:04:17,482 [INFO] IPUIPlugin:80 - create IPUIPlugin
2024-05-07 17:04:17,482 [INFO] PluginManager:220 - loadIPPluginJar : add ltdc
2024-05-07 17:04:17,494 [INFO] IPUIPlugin:80 - create IPUIPlugin
2024-05-07 17:04:17,494 [INFO] PluginManager:220 - loadIPPluginJar : add mdma
2024-05-07 17:04:17,506 [INFO] IPUIPlugin:80 - create IPUIPlugin
2024-05-07 17:04:17,506 [INFO] PluginManager:220 - loadIPPluginJar : add nvic
2024-05-07 17:04:17,530 [INFO] IPUIPlugin:80 - create IPUIPlugin
2024-05-07 17:04:17,530 [INFO] PluginManager:220 - loadIPPluginJar : add opamp
2024-05-07 17:04:17,574 [INFO] IPUIPlugin:80 - create IPUIPlugin
2024-05-07 17:04:17,574 [INFO] PluginManager:220 - loadIPPluginJar : add openamp
2024-05-07 17:04:17,608 [INFO] IPUIPlugin:80 - create IPUIPlugin
2024-05-07 17:04:17,608 [INFO] PluginManager:220 - loadIPPluginJar : add pdm2pcm
2024-05-07 17:04:17,623 [INFO] IPUIPlugin:80 - create IPUIPlugin
2024-05-07 17:04:17,626 [INFO] PluginManager:220 - loadIPPluginJar : add plateformsettings
2024-05-07 17:04:17,651 [INFO] IPUIPlugin:80 - create IPUIPlugin
2024-05-07 17:04:17,651 [INFO] PluginManager:220 - loadIPPluginJar : add quadspi
2024-05-07 17:04:17,660 [INFO] IPUIPlugin:80 - create IPUIPlugin
2024-05-07 17:04:17,660 [INFO] PluginManager:220 - loadIPPluginJar : add resmgrutility
2024-05-07 17:04:17,689 [INFO] IPUIPlugin:80 - create IPUIPlugin
2024-05-07 17:04:17,689 [INFO] PluginManager:220 - loadIPPluginJar : add sai
2024-05-07 17:04:17,713 [INFO] IPUIPlugin:80 - create IPUIPlugin
2024-05-07 17:04:17,713 [INFO] PluginManager:220 - loadIPPluginJar : add spi
2024-05-07 17:04:17,757 [INFO] IPUIPlugin:80 - create IPUIPlugin
2024-05-07 17:04:17,757 [INFO] PluginManager:220 - loadIPPluginJar : add stm32_wpan
2024-05-07 17:04:17,772 [INFO] IPUIPlugin:80 - create IPUIPlugin
2024-05-07 17:04:17,772 [INFO] PluginManager:220 - loadIPPluginJar : add tim
2024-05-07 17:04:17,807 [INFO] IPUIPlugin:80 - create IPUIPlugin
2024-05-07 17:04:17,807 [INFO] PluginManager:220 - loadIPPluginJar : add touchsensing
2024-05-07 17:04:17,821 [INFO] IPUIPlugin:80 - create IPUIPlugin
2024-05-07 17:04:17,821 [INFO] PluginManager:220 - loadIPPluginJar : add tracer_emb
2024-05-07 17:04:17,837 [INFO] IPUIPlugin:80 - create IPUIPlugin
2024-05-07 17:04:17,838 [INFO] PluginManager:220 - loadIPPluginJar : add ts
2024-05-07 17:04:17,853 [INFO] IPUIPlugin:80 - create IPUIPlugin
2024-05-07 17:04:17,853 [INFO] PluginManager:220 - loadIPPluginJar : add tsc
2024-05-07 17:04:17,867 [INFO] IPUIPlugin:80 - create IPUIPlugin
2024-05-07 17:04:17,867 [INFO] PluginManager:220 - loadIPPluginJar : add ucpd
2024-05-07 17:04:17,896 [INFO] IPUIPlugin:80 - create IPUIPlugin
2024-05-07 17:04:17,896 [INFO] PluginManager:220 - loadIPPluginJar : add usart
2024-05-07 17:04:17,928 [INFO] IPUIPlugin:80 - create IPUIPlugin
2024-05-07 17:04:17,929 [INFO] PluginManager:220 - loadIPPluginJar : add usbx
2024-05-07 17:04:18,045 [INFO] CADModel:165 - CPN selected for project level
2024-05-07 17:04:18,045 [INFO] CADModel:114 - Register for checkConnection events
2024-05-07 17:04:18,045 [FATAL] Updater:308 - Updater called before beeing initialized
2024-05-07 17:04:18,045 [ERROR] CADModel:125 - Updater not yet initialized, retry later 
2024-05-07 17:04:18,149 [INFO] CADModel:165 - CPN selected for project level
2024-05-07 17:04:18,149 [INFO] CADModel:114 - Register for checkConnection events
2024-05-07 17:04:18,149 [FATAL] Updater:308 - Updater called before beeing initialized
2024-05-07 17:04:18,149 [ERROR] CADModel:125 - Updater not yet initialized, retry later 
2024-05-07 17:04:18,151 [FATAL] Updater:308 - Updater called before beeing initialized
2024-05-07 17:04:18,245 [FATAL] Updater:308 - Updater called before beeing initialized
2024-05-07 17:04:18,253 [INFO] DbMcusAds:53 - JSON generation date=Thu May 02 17:37:29 KST 2024 (1714639049318)
2024-05-07 17:04:18,253 [FATAL] Updater:308 - Updater called before beeing initialized
2024-05-07 17:04:18,309 [WARN] DetailPanel:346 - Failed to get advertising image, set to default
2024-05-07 17:04:18,370 [FATAL] Updater:308 - Updater called before beeing initialized
2024-05-07 17:04:18,371 [FATAL] Updater:308 - Updater called before beeing initialized
2024-05-07 17:04:18,371 [FATAL] Updater:308 - Updater called before beeing initialized
2024-05-07 17:04:18,371 [WARN] DetailPanel:346 - Failed to get advertising image, set to default
2024-05-07 17:04:18,371 [FATAL] Updater:308 - Updater called before beeing initialized
2024-05-07 17:04:18,429 [ERROR] Updater:1120 - MainUpdater not yet initialized. External WinMGr cannot be set.
2024-05-07 17:04:18,437 [INFO] Updater:1056 - Updater Version found : 6.10.0
2024-05-07 17:04:18,453 [INFO] ApplicationProperties:184 - Using Application install path: C:\ST\STM32CubeIDE_1.14.1\STM32CubeIDE\plugins\com.st.stm32cube.common.mx_6.10.0.202311202037
2024-05-07 17:04:19,185 [INFO] ThirdPartyUpdaterWithRetryManager:70 - Updater plugin not ready yet. [2/15]
2024-05-07 17:04:20,047 [ERROR] LogOutputStream:75 - [STDERR_REDIRECT] May 07, 2024 5:04:20 PM java.util.prefs.WindowsPreferences <init>
2024-05-07 17:04:20,049 [ERROR] LogOutputStream:75 - [STDERR_REDIRECT] WARNING: Could not open/create prefs root node Software\JavaSoft\Prefs at root 0xffffffff80000002. Windows RegCreateKeyEx(...) returned error code 5.
2024-05-07 17:04:20,049 [ERROR] LogOutputStream:75 - [STDERR_REDIRECT] 
2024-05-07 17:04:20,454 [INFO] MainUpdater:2873 - connection check result : 10
2024-05-07 17:04:20,454 [INFO] MainUpdater:3567 - Updater definition file requires update
2024-05-07 17:04:20,455 [INFO] MainUpdater:290 - Updater Check For Update Now.
2024-05-07 17:04:20,455 [INFO] MicroXplorer:498 - Change Database Version : DB.6.0.100
2024-05-07 17:04:20,476 [INFO] McuFinderGlobals:63 - Set McuFinder mode to 2 (CubeIDE integrated)
2024-05-07 17:04:20,476 [INFO] UserAuth:180 - activating auth plugin
2024-05-07 17:04:20,478 [INFO] UserAuth:404 - Internet connection configuration mode: 1
2024-05-07 17:04:20,501 [INFO] JxBrowserEngine:152 - Initiate JxBrowser Engine with user profile folder
2024-05-07 17:04:20,806 [INFO] ServerAccessManage:473 - Download File updaters.zip
2024-05-07 17:04:21,026 [INFO] FileExtend:240 - Unzip File : updaters.zip
2024-05-07 17:04:21,027 [INFO] FileExtend:255 - Standard Zip Deflate
2024-05-07 17:04:21,501 [INFO] ServerAccessManage:473 - Download File PacksControlFlags.xml
2024-05-07 17:04:21,659 [INFO] ServerAccessManage:473 - Download File cubemx.pidx
2024-05-07 17:04:21,814 [INFO] LoadServerUpdatesThread:375 - End of LoadServerUpdate Thread
2024-05-07 17:04:22,058 [INFO] CheckServerUpdateThread:120 - End of CheckServer Thread
2024-05-07 17:04:22,469 [WARN] PackLoader:240 - Cannot read IP mode file for STMicroelectronics.FP-SNS-MOTENVWB1.1.4.0
2024-05-07 17:04:22,483 [WARN] PackLoader:240 - Cannot read IP mode file for STMicroelectronics.X-CUBE-SMBUS.2.1.0
2024-05-07 17:04:22,493 [WARN] PackLoader:240 - Cannot read IP mode file for STMicroelectronics.X-CUBE-TOUCHGFX.4.23.1
2024-05-07 17:04:22,502 [WARN] PackLoader:240 - Cannot read IP mode file for STMicroelectronics.X-CUBE-TOUCHGFX.4.23.0
2024-05-07 17:04:22,510 [WARN] PackLoader:240 - Cannot read IP mode file for STMicroelectronics.X-CUBE-TOUCHGFX.4.23.2
2024-05-07 17:04:22,558 [WARN] PackLoader:240 - Cannot read IP mode file for STMicroelectronics.X-CUBE-AZRTOS-F7.1.1.0
2024-05-07 17:04:22,576 [WARN] PackLoader:240 - Cannot read IP mode file for STMicroelectronics.FP-SNS-MOTENV1.4.3.2
2024-05-07 17:04:22,591 [WARN] PackLoader:240 - Cannot read IP mode file for STMicroelectronics.FP-SNS-FLIGHT1.5.0.2
2024-05-07 17:04:22,608 [WARN] PackLoader:240 - Cannot read IP mode file for STMicroelectronics.X-CUBE-DISPLAY.3.0.0
2024-05-07 17:04:22,631 [WARN] PackLoader:240 - Cannot read IP mode file for STMicroelectronics.X-CUBE-BLE1.7.0.0
2024-05-07 17:04:22,651 [WARN] PackLoader:240 - Cannot read IP mode file for emotas.I-CUBE-CANOPEN.1.3.0
2024-05-07 17:04:22,679 [WARN] PackLoader:240 - Cannot read IP mode file for STMicroelectronics.X-CUBE-BLEMGR.3.1.0
2024-05-07 17:04:22,697 [WARN] PackLoader:240 - Cannot read IP mode file for STMicroelectronics.FP-SNS-SMARTAG2.1.2.0
2024-05-07 17:04:22,715 [INFO] LogOutputStream:77 - [STDOUT_REDIRECT] 1 : Invalid condition id : UX_CORESTACK_Condition cause : null
2024-05-07 17:04:22,715 [INFO] LogOutputStream:77 - [STDOUT_REDIRECT] 1 : Invalid condition id : UX_CORESTACK_Condition cause : null
2024-05-07 17:04:22,717 [INFO] LogOutputStream:77 - [STDOUT_REDIRECT] 1 : Invalid condition id : UX_CORESTACK_Condition cause : null
2024-05-07 17:04:22,718 [INFO] LogOutputStream:77 - [STDOUT_REDIRECT] 1 : Invalid condition id : UX_CORESTACK_Condition cause : null
2024-05-07 17:04:22,718 [INFO] LogOutputStream:77 - [STDOUT_REDIRECT] 1 : Invalid condition id : UX_CORESTACK_Condition cause : null
2024-05-07 17:04:22,721 [WARN] PackLoader:240 - Cannot read IP mode file for STMicroelectronics.X-CUBE-AZRTOS-WL.2.0.0
2024-05-07 17:04:22,736 [WARN] PackLoader:240 - Cannot read IP mode file for STMicroelectronics.FP-SNS-MOTENV1.5.0.0
2024-05-07 17:04:22,756 [WARN] PackLoader:240 - Cannot read IP mode file for WES.I-CUBE-Cesium.1.3.0
2024-05-07 17:04:22,769 [WARN] PackLoader:240 - Cannot read IP mode file for STMicroelectronics.X-CUBE-BLE2.3.3.0
2024-05-07 17:04:22,785 [WARN] PackLoader:240 - Cannot read IP mode file for STMicroelectronics.X-CUBE-TCPP.4.1.0
2024-05-07 17:04:22,805 [WARN] PackLoader:240 - Cannot read IP mode file for STMicroelectronics.X-CUBE-ALGOBUILD.1.3.0
2024-05-07 17:04:22,840 [WARN] PackLoader:240 - Cannot read IP mode file for STMicroelectronics.X-CUBE-AZRTOS-G0.1.1.0
2024-05-07 17:04:22,860 [WARN] PackLoader:240 - Cannot read IP mode file for STMicroelectronics.X-CUBE-SAFEA1.1.2.2
2024-05-07 17:04:22,877 [WARN] PackLoader:240 - Cannot read IP mode file for STMicroelectronics.X-CUBE-NFC4.3.0.0
2024-05-07 17:04:22,891 [WARN] PackLoader:240 - Cannot read IP mode file for STMicroelectronics.FP-ATR-SIGFOX1.3.2.0
2024-05-07 17:04:22,913 [WARN] PackLoader:240 - Cannot read IP mode file for STMicroelectronics.X-CUBE-EEPRMA1.5.1.0
2024-05-07 17:04:22,974 [WARN] PackLoader:240 - Cannot read IP mode file for SEGGER.I-CUBE-embOS.1.3.1
2024-05-07 17:04:23,070 [WARN] PackLoader:240 - Cannot read IP mode file for STMicroelectronics.X-CUBE-GNSS1.6.0.0
2024-05-07 17:04:23,121 [WARN] PackLoader:240 - Cannot read IP mode file for STMicroelectronics.X-CUBE-AZRTOS-F4.1.1.0
2024-05-07 17:04:23,143 [WARN] PackLoader:240 - Cannot read IP mode file for STMicroelectronics.X-CUBE-FREERTOS.1.2.0
2024-05-07 17:04:23,156 [WARN] PackLoader:240 - Cannot read IP mode file for wolfSSL.I-CUBE-wolfSSL.5.6.6
2024-05-07 17:04:23,245 [WARN] PackLoader:240 - Cannot read IP mode file for STMicroelectronics.X-CUBE-AZRTOS-L5.2.0.0
2024-05-07 17:04:23,269 [WARN] PackLoader:240 - Cannot read IP mode file for STMicroelectronics.X-CUBE-NFC6.3.1.0
2024-05-07 17:04:23,287 [WARN] PackLoader:240 - Cannot read IP mode file for ITTIA_DB.I-CUBE-ITTIADB.8.8.0
2024-05-07 17:04:23,305 [WARN] PackLoader:240 - Cannot read IP mode file for STMicroelectronics.X-CUBE-AI.9.0.0
2024-05-07 17:04:23,323 [WARN] PackLoader:240 - Cannot read IP mode file for STMicroelectronics.X-CUBE-NFC7.1.0.1
2024-05-07 17:04:23,338 [WARN] PackLoader:240 - Cannot read IP mode file for STMicroelectronics.X-CUBE-NFC6.3.0.0
2024-05-07 17:04:23,352 [WARN] PackLoader:240 - Cannot read IP mode file for STMicroelectronics.X-CUBE-AI.8.1.0
2024-05-07 17:04:23,381 [WARN] ConditionMgr:438 - getConditionDescription Invalid condition id : LAN8742 Phy interface Condition cause : null
2024-05-07 17:04:23,383 [WARN] PackLoader:240 - Cannot read IP mode file for STMicroelectronics.X-CUBE-AZRTOS-L4.2.0.0
2024-05-07 17:04:23,385 [WARN] ConditionMgr:1039 - genDependencies : Invalid condition id : LAN8742 Phy interface Condition cause : null
2024-05-07 17:04:23,385 [WARN] ConditionMgr:1039 - genDependencies : Invalid condition id : LAN8742 Phy interface Condition cause : null
2024-05-07 17:04:23,386 [WARN] ConditionMgr:1039 - genDependencies : Invalid condition id : LAN8742 Phy interface Condition cause : null
2024-05-07 17:04:23,413 [WARN] PackLoader:240 - Cannot read IP mode file for STMicroelectronics.X-CUBE-SFXS2LP1.4.0.0
2024-05-07 17:04:23,499 [WARN] ConditionMgr:438 - getConditionDescription Invalid condition id : UX DEVICE CLASS RTOS Condition cause : null
2024-05-07 17:04:23,500 [WARN] ConditionMgr:438 - getConditionDescription Invalid condition id : UX DEVICE CLASS RTOS Condition cause : null
2024-05-07 17:04:23,504 [WARN] PackLoader:240 - Cannot read IP mode file for STMicroelectronics.X-CUBE-AZRTOS-WB.2.0.0
2024-05-07 17:04:23,505 [WARN] ConditionMgr:1039 - genDependencies : Invalid condition id : UX DEVICE CLASS RTOS Condition cause : null
2024-05-07 17:04:23,505 [WARN] ConditionMgr:1039 - genDependencies : Invalid condition id : UX DEVICE CLASS RTOS Condition cause : null
2024-05-07 17:04:23,506 [WARN] ConditionMgr:1039 - genDependencies : Invalid condition id : UX DEVICE CLASS RTOS Condition cause : null
2024-05-07 17:04:23,506 [WARN] ConditionMgr:1039 - genDependencies : Invalid condition id : UX DEVICE CLASS RTOS Condition cause : null
2024-05-07 17:04:23,507 [WARN] ConditionMgr:1039 - genDependencies : Invalid condition id : UX DEVICE CLASS RTOS Condition cause : null
2024-05-07 17:04:23,539 [WARN] PackLoader:240 - Cannot read IP mode file for STMicroelectronics.X-CUBE-SUBG2.5.0.0
2024-05-07 17:04:23,588 [WARN] PackLoader:240 - Cannot read IP mode file for STMicroelectronics.X-CUBE-AZRTOS-G4.2.0.0
2024-05-07 17:04:23,622 [WARN] PackLoader:240 - Cannot read IP mode file for Infineon.AIROC-Wi-Fi-Bluetooth-STM32.1.5.1
2024-05-07 17:04:23,643 [WARN] PackLoader:240 - Cannot read IP mode file for STMicroelectronics.FP-SNS-MOTENVWB1.1.3.1
2024-05-07 17:04:23,661 [WARN] PackLoader:240 - Cannot read IP mode file for STMicroelectronics.X-CUBE-ISPU.2.0.0
2024-05-07 17:04:23,727 [WARN] PackLoader:240 - Cannot read IP mode file for STMicroelectronics.X-CUBE-MEMS1.10.0.0
2024-05-07 17:04:23,805 [INFO] WebApp:161 - Instantiating new browser for Auth
2024-05-07 17:04:23,858 [WARN] PackLoader:240 - Cannot read IP mode file for STMicroelectronics.X-CUBE-FREERTOS.1.1.0
2024-05-07 17:04:23,881 [WARN] PackLoader:240 - Cannot read IP mode file for portGmbH.I-Cube-SoM-uGOAL.1.1.0
2024-05-07 17:04:23,900 [WARN] PackLoader:240 - Cannot read IP mode file for STMicroelectronics.X-CUBE-ALS.1.0.1
2024-05-07 17:04:23,954 [WARN] PackLoader:240 - Cannot read IP mode file for STMicroelectronics.X-CUBE-AZRTOS-H7RS.1.0.0
2024-05-07 17:04:23,979 [WARN] PackLoader:240 - Cannot read IP mode file for STMicroelectronics.FP-ATR-ASTRA1.2.0.0
2024-05-07 17:04:24,007 [WARN] PackLoader:240 - Cannot read IP mode file for STMicroelectronics.X-CUBE-TOF1.3.4.0
2024-05-07 17:04:24,041 [WARN] PackLoader:240 - Cannot read IP mode file for STMicroelectronics.X-CUBE-TOF1.3.4.1
2024-05-07 17:04:24,091 [WARN] PackLoader:240 - Cannot read IP mode file for STMicroelectronics.X-CUBE-AZRTOS-H7.3.2.0
2024-05-07 17:04:24,093 [INFO] ThirdParty:978 - Integrity check success = true
2024-05-07 17:04:24,093 [INFO] IntegrityCheckThread:100 - exiting critical section [integrity check]
2024-05-07 17:04:24,093 [INFO] IntegrityCheckThread:103 - End integrity checks thread
2024-05-07 17:04:24,563 [INFO] WebApp:780 - Register for checkConnection events
2024-05-07 17:04:24,563 [INFO] WebApp:414 - Apply proxy settings
2024-05-07 17:04:24,563 [INFO] WebApp:499 - Chromium requires no authentication
2024-05-07 17:04:24,573 [INFO] WebApp:442 - Direct internet connection detected
2024-05-07 17:04:24,686 [INFO] WebApp:192 - Starting web application
2024-05-07 17:04:24,686 [INFO] WebApp:544 - Web application path used C:\ST\STM32CubeIDE_1.14.1\STM32CubeIDE\plugins\com.st.stm32cube.common.mx_6.10.0.202311202037\db\plugins\mcufinder\reactClient1\index.html
2024-05-07 17:04:45,503 [ERROR] LogOutputStream:75 - [STDERR_REDIRECT] SLF4J: Failed to load class "org.slf4j.impl.StaticLoggerBinder".
2024-05-07 17:04:45,504 [ERROR] LogOutputStream:75 - [STDERR_REDIRECT] SLF4J: Defaulting to no-operation (NOP) logger implementation
2024-05-07 17:04:45,505 [ERROR] LogOutputStream:75 - [STDERR_REDIRECT] SLF4J: See http://www.slf4j.org/codes.html#StaticLoggerBinder for further details.
2024-05-07 17:09:11,983 [INFO] McuFinderGlobals:63 - Set McuFinder mode to 2 (CubeIDE integrated)
2024-05-07 17:09:12,002 [INFO] MainUpdater:2873 - connection check result : 10
2024-05-07 17:09:12,007 [INFO] MainUpdater:2873 - connection check result : 10
2024-05-07 17:09:12,119 [INFO] MicroXplorer:468 - Change Database Path : 
2024-05-07 17:09:12,119 [INFO] MicroXplorer:498 - Change Database Version : DB.6.0.100
2024-05-07 17:09:12,123 [WARN] ThirdParty:871 - waiting for thirdparty lock release [close project]
2024-05-07 17:09:12,123 [INFO] ThirdParty:873 - entering critical section [close project]
2024-05-07 17:09:12,123 [INFO] ThirdParty:883 - exiting critical section [close project]
2024-05-07 17:09:12,124 [INFO] PinOutPanel:1499 - setPackage(No Configuration,No Configuration)
2024-05-07 17:09:12,127 [INFO] UtilMem:75 - Begin LoadConfig() Used Memory: 633517072 Bytes (1026555904)
2024-05-07 17:09:12,128 [INFO] MicroXplorer:468 - Change Database Path : 
2024-05-07 17:09:12,128 [INFO] MicroXplorer:498 - Change Database Version : DB.6.0.100
2024-05-07 17:09:12,128 [INFO] OpenFileManager:312 - Change cursor
2024-05-07 17:09:12,179 [INFO] Mcu:2016 - Initializing MCU STM32F103C(8-B)Tx STM32F103C8Tx STM32F103C8T6
2024-05-07 17:09:13,158 [INFO] Context:659 - Trying to add GPIOservice into a context  which must be forbidden
2024-05-07 17:09:13,451 [INFO] RtosManager:555 - Registered RTOS mode: class=CMSIS, group=RTOS, mode=CMSIS_V1, owner=FREERTOS
2024-05-07 17:09:13,451 [INFO] RtosManager:555 - Registered RTOS mode: class=CMSIS, group=RTOS2, mode=CMSIS_V2, owner=FREERTOS
2024-05-07 17:09:13,451 [INFO] RtosManager:555 - Registered RTOS mode: class=RTOS, group=Core, mode=CMSIS_V1, owner=FREERTOS
2024-05-07 17:09:13,451 [INFO] RtosManager:555 - Registered RTOS mode: class=RTOS, group=Core, mode=CMSIS_V2, owner=FREERTOS
2024-05-07 17:09:13,451 [WARN] ModelIntegratedComponent:184 - Missing modes for component STMicroelectronics:FreeRTOS:0.0.1:STMicroelectronics:RTOS:FreeRTOS:Core:::10.2.0:
2024-05-07 17:09:13,466 [WARN] ModelIntegratedComponent:63 - No mode defined for component null
2024-05-07 17:09:13,466 [WARN] ModelIntegratedComponent:63 - No mode defined for component null
2024-05-07 17:09:13,466 [WARN] ModelIntegratedComponent:63 - No mode defined for component null
2024-05-07 17:09:13,466 [WARN] ModelIntegratedComponent:63 - No mode defined for component null
2024-05-07 17:09:13,466 [WARN] ModelIntegratedComponent:63 - No mode defined for component null
2024-05-07 17:09:13,466 [WARN] ModelIntegratedComponent:63 - No mode defined for component null
2024-05-07 17:09:13,466 [WARN] ModelIntegratedComponent:63 - No mode defined for component null
2024-05-07 17:09:13,466 [WARN] ModelIntegratedComponent:63 - No mode defined for component null
2024-05-07 17:09:13,466 [WARN] ModelIntegratedComponent:63 - No mode defined for component null
2024-05-07 17:09:13,466 [WARN] ModelIntegratedComponent:63 - No mode defined for component null
2024-05-07 17:09:13,466 [WARN] ModelIntegratedComponent:63 - No mode defined for component null
2024-05-07 17:09:13,466 [WARN] ModelIntegratedComponent:63 - No mode defined for component null
2024-05-07 17:09:13,466 [WARN] ModelIntegratedComponent:63 - No mode defined for component null
2024-05-07 17:09:13,466 [WARN] ModelIntegratedComponent:63 - No mode defined for component null
2024-05-07 17:09:13,467 [WARN] ModelIntegratedComponent:63 - No mode defined for component null
2024-05-07 17:09:13,467 [WARN] ModelIntegratedComponent:63 - No mode defined for component null
2024-05-07 17:09:13,467 [WARN] ModelIntegratedComponent:63 - No mode defined for component null
2024-05-07 17:09:13,467 [WARN] ModelIntegratedComponent:63 - No mode defined for component null
2024-05-07 17:09:13,467 [WARN] ModelIntegratedComponent:63 - No mode defined for component null
2024-05-07 17:09:13,467 [WARN] ModelIntegratedComponent:63 - No mode defined for component null
2024-05-07 17:09:13,467 [WARN] ModelIntegratedComponent:63 - No mode defined for component null
2024-05-07 17:09:13,467 [WARN] ModelIntegratedComponent:63 - No mode defined for component null
2024-05-07 17:09:13,467 [WARN] ModelIntegratedComponent:63 - No mode defined for component null
2024-05-07 17:09:13,467 [WARN] ModelIntegratedComponent:63 - No mode defined for component null
2024-05-07 17:09:13,467 [WARN] ModelIntegratedComponent:63 - No mode defined for component null
2024-05-07 17:09:13,467 [WARN] ModelIntegratedComponent:63 - No mode defined for component null
2024-05-07 17:09:13,467 [WARN] ModelIntegratedComponent:63 - No mode defined for component null
2024-05-07 17:09:13,467 [WARN] ModelIntegratedComponent:63 - No mode defined for component null
2024-05-07 17:09:13,467 [WARN] ModelIntegratedComponent:63 - No mode defined for component null
2024-05-07 17:09:13,467 [WARN] ModelIntegratedComponent:63 - No mode defined for component null
2024-05-07 17:09:13,467 [WARN] ModelIntegratedComponent:63 - No mode defined for component null
2024-05-07 17:09:13,467 [WARN] ModelIntegratedComponent:63 - No mode defined for component null
2024-05-07 17:09:13,467 [WARN] ModelIntegratedComponent:63 - No mode defined for component null
2024-05-07 17:09:13,589 [INFO] ThirdPartyModel:298 - Start build external matchings
2024-05-07 17:09:13,755 [INFO] ThirdPartyModel:316 - End build external matchings
2024-05-07 17:09:14,032 [INFO] UtilMem:75 - End LoadConfig() Used Memory: 698999696 Bytes (1026555904)
2024-05-07 17:09:14,297 [INFO] ApiDb:581 - Connected to CubeFinder SQLite database (C:\Users\conne\.stmcufinder\plugins\mcufinder\mcu\cube-finder-db.db)
2024-05-07 17:09:14,363 [INFO] ApiDb:668 - CubeFinder database Data Model version=2.1
2024-05-07 17:09:14,363 [INFO] ApiDb:669 - CubeFinder database Configuration version=3.0.39
2024-05-07 17:09:14,363 [INFO] ApiDb:670 - CubeFinder database generation date=2024-04-16 (1713193726)
2024-05-07 17:09:14,363 [INFO] ApiDb:671 - CubeFinder database FW Pack versions=[FP-ATR-ASTRA1_V2.0.0, FP-SNS-FLIGHT1_V5.0.1, FP-SNS-FLIGHT1_V5.0.2, FP-SNS-MOTENV1_V4.3.1, FP-SNS-MOTENV1_V4.3.2, FP-SNS-MOTENVWB1_V1.3.1, FP-SNS-SMARTAG2_V1.2.0, STM32Cube_FW_C0_V1.1.0, STM32Cube_FW_F4_V1.28.0, STM32Cube_FW_F7_V1.17.0, STM32Cube_FW_G0_V1.6.2, STM32Cube_FW_G4_V1.5.2, STM32Cube_FW_H5_V0.5.1, STM32Cube_FW_H5_V1.1.1, STM32Cube_FW_H5_V1.2.0, STM32Cube_FW_H5_V1.2.0RC4, STM32Cube_FW_H7RS_V1.0.0, STM32Cube_FW_H7RS_V1.0.0RC4, STM32Cube_FW_H7_V1.11.0, STM32Cube_FW_L0_V1.12.2, STM32Cube_FW_L5_V1.5.1, STM32Cube_FW_U0_V1.0.0, STM32Cube_FW_U0_V1.0.0RC1, STM32Cube_FW_U5_V1.3.0RC4, STM32Cube_FW_U5_V1.5.0, STM32Cube_FW_U5_V1.5.0RC1, STM32Cube_FW_WBA_V1.0.0RC1, STM32Cube_FW_WBA_V1.2.0, STM32Cube_FW_WBA_V1.2.0RC2, STM32Cube_FW_WBA_V1.3.0, STM32Cube_FW_WBA_V1.3.0RC1, STM32Cube_FW_WB_V1.15.0RC1, STM32Cube_FW_WB_V1.16.0, STM32Cube_FW_WB_V1.16.0RC2, STM32Cube_FW_WB_V1.18.0, STM32Cube_FW_WB_V1.19.0, STM32Cube_FW_WL_V1.3.0, X-CUBE-ALGOBUILD_V1.3.0, X-CUBE-ALS_V1.0.1, X-CUBE-AZRTOS-F4_V1.1.0, X-CUBE-AZRTOS-F7_V1.1.0, X-CUBE-AZRTOS-G0_V1.1.0, X-CUBE-AZRTOS-G4_V2.0.0, X-CUBE-AZRTOS-H7_V3.2.0, X-CUBE-AZRTOS-L4_V1.0.0, X-CUBE-AZRTOS-L4_V2.0.0, X-CUBE-AZRTOS-L5_V1.1.0, X-CUBE-AZRTOS-WB_V2.0.0, X-CUBE-AZRTOS-WL_V2.0.0, X-CUBE-BLE1_V7.0.0, X-CUBE-BLE2_V3.3.0, X-CUBE-BLEMGR_V3.1.0, X-CUBE-EEPRMA1_V4.1.0, X-CUBE-EEPRMA1_V5.1.0, X-CUBE-FREERTOS_V1.1.0, X-CUBE-GNSS1_V6.0.0, X-CUBE-MEMS1_V10.0.0, X-CUBE-MEMS1_V9.1.0, X-CUBE-MEMS1_V9.4.0, X-CUBE-MEMS1_V9.6.0, X-CUBE-NFC4_V3.0.0, X-CUBE-NFC7_V1.0.1, X-CUBE-SFXS2LP1_V4.0.0, X-CUBE-SUBG2_V5.0.0, X-CUBE-TOF1_V3.4.0]
2024-05-07 17:09:15,982 [INFO] ApiDb:240 - Found 371 in-development CPN: [B-G473E-ZEST1S, B-WB1M-WPAN1, B-WL5M-SUBG1, NUCLEO-C031C6, NUCLEO-H503RB, NUCLEO-H563ZI, NUCLEO-U545RE-Q, NUCLEO-U5A5ZJ-Q, NUCLEO-WBA52CG, NUCLEO-WBA55CG, STEVAL-MKBOXPRO, STEVAL-PROTEUS1, STEVAL-STWINBX1, STM320518-EVAL, STM32C0116-DK, STM32C011D6Y3TR, STM32C011D6Y6TR, STM32C011F4P3, STM32C011F4P6, STM32C011F4U3, STM32C011F4U6TR, STM32C011F6P3, STM32C011F6P6, STM32C011F6U3, STM32C011F6U6TR, STM32C011J4M3, STM32C011J4M6, STM32C011J6M3, STM32C011J6M6, STM32C0316-DK, STM32C031C4T3, STM32C031C4T6, STM32C031C4U3, STM32C031C4U6, STM32C031C6T3, STM32C031C6T6, STM32C031C6U3, STM32C031C6U6, STM32C031F4P3, STM32C031F4P6, STM32C031F6P3, STM32C031F6P6, STM32C031G4U3, STM32C031G4U6, STM32C031G6U3, STM32C031G6U6, STM32C031K4T3, STM32C031K4T6, STM32C031K4U3, STM32C031K4U6, STM32C031K6T3, STM32C031K6T6, STM32C031K6U3, STM32C031K6U6, STM32G071K8TXN, STM32G071K8UXN, STM32G081GBU6N, STM32G081KBT6N, STM32G081KBUXN, STM32G0B1CCT6N, STM32G0B1KCT6, STM32G0B1NEY6TR, STM32G0B1RCT6N, STM32G0C1CCT6, STM32G0C1CCT6N, STM32G0C1CCU6N, STM32G0C1CET6N, STM32G0C1CEU6N, STM32G0C1KCT6, STM32G0C1NEY6TR, STM32G0C1RCI6N, STM32G0C1RCT6N, STM32G0C1REI6N, STM32G0C1RET6N, STM32G0C1VCI6, STM32G0C1VEI6, STM32G471CCT6, STM32G471CCU6, STM32G471CET3, STM32G471CET6, STM32G471CEU3, STM32G471CEU6, STM32G471MCT6, STM32G471MET3, STM32G471MET6, STM32G471MEY6TR, STM32G471QCT6, STM32G471QET3, STM32G471RCT6, STM32G471RET3, STM32G471RET6, STM32G471VCH6, STM32G471VCI6, STM32G471VCT6, STM32G471VEH3, STM32G471VEH6, STM32G471VEI3, STM32G471VEI6, STM32G471VET3, STM32G471VET6, STM32G474CCT6, STM32H503CBT6, STM32H503CBU6, STM32H503EBY6TR, STM32H503KBU6, STM32H503RBT6, STM32H562AGI6, STM32H562AII6, STM32H562IGK6, STM32H562IGT6, STM32H562IIK6, STM32H562IIT6, STM32H562RGT6, STM32H562RGV6, STM32H562RIT6, STM32H562RIV6, STM32H562VGT6, STM32H562VIT6, STM32H562ZGT6, STM32H562ZIT6, STM32H563AGI6, STM32H563AII3Q, STM32H563AII6, STM32H563IGK6, STM32H563IGT6, STM32H563IIK3Q, STM32H563IIK6, STM32H563IIT3Q, STM32H563IIT6, STM32H563MIY3QTR, STM32H563RGT6, STM32H563RGV6, STM32H563RIT6, STM32H563RIV6, STM32H563VGT6, STM32H563VIT3Q, STM32H563VIT6, STM32H563ZGT6, STM32H563ZIT3Q, STM32H563ZIT6, STM32H573AII3Q, STM32H573AII6, STM32H573I-DK, STM32H573IIK3Q, STM32H573IIK6, STM32H573IIT3Q, STM32H573IIT6, STM32H573MIY3QTR, STM32H573RIT6, STM32H573RIV6, STM32H573VIT3Q, STM32H573VIT6, STM32H573ZIT3Q, STM32H573ZIT6, STM32L4R5QGI6STR, STM32MP131AAE3, STM32MP131AAF3, STM32MP131AAG3, STM32MP131CAE3, STM32MP131CAF3, STM32MP131CAG3, STM32MP131DAE7, STM32MP131DAF7, STM32MP131DAG7, STM32MP131FAE7, STM32MP131FAF7, STM32MP131FAG7, STM32MP133AAE3, STM32MP133AAF3, STM32MP133AAG3, STM32MP133CAE3, STM32MP133CAF3, STM32MP133CAG3, STM32MP133DAE7, STM32MP133DAF7, STM32MP133DAG7, STM32MP133FAE7, STM32MP133FAF7, STM32MP133FAG7, STM32MP135AAE3, STM32MP135AAF3, STM32MP135AAG3, STM32MP135CAE3, STM32MP135CAF3, STM32MP135CAG3, STM32MP135DAE7, STM32MP135DAF7, STM32MP135DAG7, STM32MP135F-DK, STM32MP135FAE7, STM32MP135FAF7, STM32MP135FAF7T, STM32MP135FAF7U, STM32MP135FAG7, STM32U535CBT6, STM32U535CBT6Q, STM32U535CBU6, STM32U535CBU6Q, STM32U535CCT6, STM32U535CCT6Q, STM32U535CCU6, STM32U535CCU6Q, STM32U535CET6, STM32U535CET6Q, STM32U535CEU6, STM32U535CEU6Q, STM32U535JEY6QTR, STM32U535NCY6QTR, STM32U535NEY6QTR, STM32U535RBI6, STM32U535RBI6Q, STM32U535RBT6, STM32U535RBT6Q, STM32U535RCI6, STM32U535RCI6Q, STM32U535RCT6, STM32U535RCT6Q, STM32U535REI6, STM32U535REI6Q, STM32U535RET6, STM32U535RET6Q, STM32U535VCI6, STM32U535VCI6Q, STM32U535VCT6, STM32U535VCT6Q, STM32U535VEI6, STM32U535VEI6Q, STM32U535VET6, STM32U535VET6Q, STM32U545CET6, STM32U545CET6Q, STM32U545CEU6, STM32U545CEU6Q, STM32U545JEY6QTR, STM32U545NEY6QTR, STM32U545REI6, STM32U545REI6Q, STM32U545RET6, STM32U545RET6Q, STM32U545VEI6, STM32U545VEI6Q, STM32U545VET6, STM32U545VET6Q, STM32U595AIH6, STM32U595AIH6Q, STM32U595AJH6, STM32U595AJH6Q, STM32U595QII6, STM32U595QII6Q, STM32U595QJI6, STM32U595QJI6Q, STM32U595RIT6, STM32U595RIT6Q, STM32U595RJT6, STM32U595RJT6Q, STM32U595VIT6, STM32U595VIT6Q, STM32U595VJT6, STM32U595VJT6Q, STM32U595ZIT6, STM32U595ZIT6Q, STM32U595ZIY6QTR, STM32U595ZJT6, STM32U595ZJT6Q, STM32U595ZJY6QTR, STM32U599BJY6QTR, STM32U599NIH6Q, STM32U599NJH6Q, STM32U599VIT6Q, STM32U599VJT6, STM32U599VJT6Q, STM32U599ZIT6Q, STM32U599ZIY6QTR, STM32U599ZJT6Q, STM32U599ZJY6QTR, STM32U5A5AJH6, STM32U5A5AJH6Q, STM32U5A5QJI6, STM32U5A5QJI6Q, STM32U5A5RJT6, STM32U5A5RJT6Q, STM32U5A5VJT6, STM32U5A5VJT6Q, STM32U5A5ZJT6, STM32U5A5ZJT6Q, STM32U5A5ZJY6QTR, STM32U5A9BJY6QTR, STM32U5A9J-DK, STM32U5A9NJH6Q, STM32U5A9VJT6Q, STM32U5A9ZJT6Q, STM32U5A9ZJY6QTR, STM32U5F7VIT6, STM32U5F7VIT6Q, STM32U5F7VJT6, STM32U5F7VJT6Q, STM32U5F9BJY6QTR, STM32U5F9NJH6Q, STM32U5F9VIT6Q, STM32U5F9VJT6Q, STM32U5F9ZIJ6QTR, STM32U5F9ZIT6Q, STM32U5F9ZJJ6QTR, STM32U5F9ZJT6Q, STM32U5G7VJT6, STM32U5G7VJT6Q, STM32U5G9BJY6QTR, STM32U5G9J-DK1, STM32U5G9J-DK2, STM32U5G9NJH6Q, STM32U5G9VJT6Q, STM32U5G9ZJJ6QTR, STM32U5G9ZJT6Q, STM32WB1MMCH6, STM32WBA50KEU6, STM32WBA50KEU6TR, STM32WBA50KGU6, STM32WBA50KGU6TR, STM32WBA52CEU6, STM32WBA52CEU6TR, STM32WBA52CEU7, STM32WBA52CEU7TR, STM32WBA52CGU6, STM32WBA52CGU6TR, STM32WBA52CGU6U, STM32WBA52CGU7, STM32WBA52CGU7TR, STM32WBA52KEU6, STM32WBA52KEU6TR, STM32WBA52KGU6, STM32WBA52KGU6TR, STM32WBA54CEU6, STM32WBA54CEU6TR, STM32WBA54CEU7, STM32WBA54CEU7TR, STM32WBA54CGU6, STM32WBA54CGU6TR, STM32WBA54CGU7, STM32WBA54CGU7TR, STM32WBA54KEU6, STM32WBA54KEU6TR, STM32WBA54KEU7, STM32WBA54KEU7TR, STM32WBA54KGU6, STM32WBA54KGU6TR, STM32WBA54KGU7, STM32WBA54KGU7TR, STM32WBA55CEU6, STM32WBA55CEU6TR, STM32WBA55CEU7, STM32WBA55CEU7TR, STM32WBA55CGU6, STM32WBA55CGU6TR, STM32WBA55CGU6U, STM32WBA55CGU7, STM32WBA55CGU7TR, STM32WBA55G-DK1, STM32WBA55HEF6, STM32WBA55HEF7, STM32WBA55HGF6, STM32WBA55HGF7, STM32WBA55UEI6, STM32WBA55UEI6TR, STM32WBA55UEI7, STM32WBA55UEI7TR, STM32WBA55UGI6, STM32WBA55UGI6TR, STM32WBA55UGI7, STM32WBA55UGI7TR, STM32WL5MOCH6, STM32WL5MOCH6TR]
2024-05-07 17:09:15,985 [INFO] DbMcus:218 - Found 4092 MCUs, 4092 are supported
2024-05-07 17:09:15,985 [INFO] ApiDb:423 - Load user favorites file C:\Users\conne/.stm32cubeide/favorites.mcus.txt: 0 item(s)
2024-05-07 17:09:15,985 [INFO] ApiDb:427 - User favorites MCUs=[]
2024-05-07 17:09:15,985 [INFO] DbMcus:224 - Set 0 / 0 favorites MCUs
2024-05-07 17:09:16,308 [INFO] MicroXplorer:468 - Change Database Path : 
2024-05-07 17:09:16,308 [INFO] MicroXplorer:498 - Change Database Version : DB.6.0.100
2024-05-07 17:09:16,308 [WARN] ThirdParty:833 - waiting for thirdparty lock release [change project]
2024-05-07 17:09:16,308 [INFO] ThirdParty:835 - entering critical section [change project]
2024-05-07 17:09:16,308 [INFO] ThirdParty:1030 - CMSIS Pack Vendor :STMicroelectronics USBPD 4.1
2024-05-07 17:09:16,309 [INFO] ThirdParty:1030 - CMSIS Pack Vendor :STMicroelectronics X-CUBE-GNSS1 6.0.0
2024-05-07 17:09:16,309 [INFO] ThirdParty:1030 - CMSIS Pack Vendor :STMicroelectronics USB_HOST 2.0.0
2024-05-07 17:09:16,309 [INFO] ThirdParty:1030 - CMSIS Pack Vendor :STMicroelectronics FP-SNS-MOTENVWB1 1.4.0
2024-05-07 17:09:16,309 [INFO] ThirdParty:1030 - CMSIS Pack Vendor :STMicroelectronics X-CUBE-AZRTOS-F4 1.1.0
2024-05-07 17:09:16,309 [INFO] ThirdParty:1030 - CMSIS Pack Vendor :STMicroelectronics LIBJPEG 8.0.0
2024-05-07 17:09:16,309 [INFO] ThirdParty:1030 - CMSIS Pack Vendor :STMicroelectronics X-CUBE-SMBUS 2.1.0
2024-05-07 17:09:16,309 [INFO] ThirdParty:1030 - CMSIS Pack Vendor :STMicroelectronics USB_DEVICE 3.0.0
2024-05-07 17:09:16,309 [INFO] ThirdParty:1030 - CMSIS Pack Vendor :STMicroelectronics X-CUBE-TCPP 4.1.0
2024-05-07 17:09:16,309 [INFO] ThirdParty:1030 - CMSIS Pack Vendor :STMicroelectronics X-CUBE-FREERTOS 1.2.0
2024-05-07 17:09:16,309 [INFO] ThirdParty:1030 - CMSIS Pack Vendor :STMicroelectronics X-CUBE-AZRTOS-WB 2.0.0
2024-05-07 17:09:16,309 [INFO] ThirdParty:1030 - CMSIS Pack Vendor :wolfSSL I-CUBE-wolfSSL 5.6.6
2024-05-07 17:09:16,309 [INFO] ThirdParty:1030 - CMSIS Pack Vendor :STMicroelectronics X-CUBE-TOUCHGFX 4.23.1
2024-05-07 17:09:16,309 [INFO] ThirdParty:1030 - CMSIS Pack Vendor :STMicroelectronics X-CUBE-TOUCHGFX 4.23.0
2024-05-07 17:09:16,309 [INFO] ThirdParty:1030 - CMSIS Pack Vendor :STMicroelectronics X-CUBE-TOUCHGFX 4.23.2
2024-05-07 17:09:16,309 [INFO] ThirdParty:1030 - CMSIS Pack Vendor :STMicroelectronics X-CUBE-AZRTOS-F7 1.1.0
2024-05-07 17:09:16,309 [INFO] ThirdParty:1030 - CMSIS Pack Vendor :STMicroelectronics X-CUBE-AZRTOS-L5 2.0.0
2024-05-07 17:09:16,309 [INFO] ThirdParty:1030 - CMSIS Pack Vendor :STMicroelectronics USB_DEVICE 2.0.0
2024-05-07 17:09:16,309 [INFO] ThirdParty:1030 - CMSIS Pack Vendor :STMicroelectronics X-CUBE-NFC6 3.1.0
2024-05-07 17:09:16,309 [INFO] ThirdParty:1030 - CMSIS Pack Vendor :ITTIA_DB I-CUBE-ITTIADB 8.8.0
2024-05-07 17:09:16,309 [INFO] ThirdParty:1030 - CMSIS Pack Vendor :STMicroelectronics FP-SNS-MOTENV1 4.3.2
2024-05-07 17:09:16,309 [INFO] ThirdParty:1030 - CMSIS Pack Vendor :STMicroelectronics X-CUBE-ALGOBUILD 1.3.0
2024-05-07 17:09:16,309 [INFO] ThirdParty:1030 - CMSIS Pack Vendor :STMicroelectronics FreeRTOS 0.0.1
2024-05-07 17:09:16,309 [INFO] ThirdParty:1030 - CMSIS Pack Vendor :STMicroelectronics X-CUBE-AZRTOS-G0 1.1.0
2024-05-07 17:09:16,309 [INFO] ThirdParty:1030 - CMSIS Pack Vendor :STMicroelectronics X-CUBE-SAFEA1 1.2.2
2024-05-07 17:09:16,309 [INFO] ThirdParty:1030 - CMSIS Pack Vendor :STMicroelectronics X-CUBE-NFC4 3.0.0
2024-05-07 17:09:16,309 [INFO] ThirdParty:1030 - CMSIS Pack Vendor :STMicroelectronics X-CUBE-SUBG2 5.0.0
2024-05-07 17:09:16,309 [INFO] ThirdParty:1030 - CMSIS Pack Vendor :STMicroelectronics STM32_WPAN 1.0.0
2024-05-07 17:09:16,309 [INFO] ThirdParty:1030 - CMSIS Pack Vendor :STMicroelectronics lwIP 2.0.3
2024-05-07 17:09:16,309 [INFO] ThirdParty:1030 - CMSIS Pack Vendor :STMicroelectronics FP-SNS-FLIGHT1 5.0.2
2024-05-07 17:09:16,309 [INFO] ThirdParty:1030 - CMSIS Pack Vendor :STMicroelectronics USB_HOST 1.0.0
2024-05-07 17:09:16,309 [INFO] ThirdParty:1030 - CMSIS Pack Vendor :STMicroelectronics X-CUBE-AI 9.0.0
2024-05-07 17:09:16,309 [INFO] ThirdParty:1030 - CMSIS Pack Vendor :STMicroelectronics X-CUBE-AZRTOS-G4 2.0.0
2024-05-07 17:09:16,309 [INFO] ThirdParty:1030 - CMSIS Pack Vendor :STMicroelectronics PDM2PCM 3.1.0
2024-05-07 17:09:16,309 [INFO] ThirdParty:1030 - CMSIS Pack Vendor :Infineon AIROC-Wi-Fi-Bluetooth-STM32 1.5.1
2024-05-07 17:09:16,309 [INFO] ThirdParty:1030 - CMSIS Pack Vendor :STMicroelectronics PDM2PCM 3.3.0
2024-05-07 17:09:16,309 [INFO] ThirdParty:1030 - CMSIS Pack Vendor :STMicroelectronics X-CUBE-DISPLAY 3.0.0
2024-05-07 17:09:16,309 [INFO] ThirdParty:1030 - CMSIS Pack Vendor :STMicroelectronics FP-SNS-MOTENVWB1 1.3.1
2024-05-07 17:09:16,309 [INFO] ThirdParty:1030 - CMSIS Pack Vendor :STMicroelectronics X-CUBE-BLE1 7.0.0
2024-05-07 17:09:16,309 [INFO] ThirdParty:1030 - CMSIS Pack Vendor :STMicroelectronics FP-ATR-SIGFOX1 3.2.0
2024-05-07 17:09:16,309 [INFO] ThirdParty:1030 - CMSIS Pack Vendor :STMicroelectronics X-CUBE-ISPU 2.0.0
2024-05-07 17:09:16,309 [INFO] ThirdParty:1030 - CMSIS Pack Vendor :STMicroelectronics X-CUBE-EEPRMA1 5.1.0
2024-05-07 17:09:16,309 [INFO] ThirdParty:1030 - CMSIS Pack Vendor :STMicroelectronics HAL Drivers 0.0.0
2024-05-07 17:09:16,309 [INFO] ThirdParty:1030 - CMSIS Pack Vendor :STMicroelectronics MBEDTLS 2.16.2
2024-05-07 17:09:16,309 [INFO] ThirdParty:1030 - CMSIS Pack Vendor :emotas I-CUBE-CANOPEN 1.3.0
2024-05-07 17:09:16,309 [INFO] ThirdParty:1030 - CMSIS Pack Vendor :STMicroelectronics X-CUBE-MEMS1 10.0.0
2024-05-07 17:09:16,309 [INFO] ThirdParty:1030 - CMSIS Pack Vendor :STMicroelectronics X-CUBE-FREERTOS 1.1.0
2024-05-07 17:09:16,309 [INFO] ThirdParty:1030 - CMSIS Pack Vendor :STMicroelectronics X-CUBE-NFC7 1.0.1
2024-05-07 17:09:16,309 [INFO] ThirdParty:1030 - CMSIS Pack Vendor :STMicroelectronics MBEDTLS 2.14.1
2024-05-07 17:09:16,309 [INFO] ThirdParty:1030 - CMSIS Pack Vendor :STMicroelectronics X-CUBE-NFC6 3.0.0
2024-05-07 17:09:16,309 [INFO] ThirdParty:1030 - CMSIS Pack Vendor :portGmbH I-Cube-SoM-uGOAL 1.1.0
2024-05-07 17:09:16,309 [INFO] ThirdParty:1030 - CMSIS Pack Vendor :STMicroelectronics X-CUBE-ALS 1.0.1
2024-05-07 17:09:16,309 [INFO] ThirdParty:1030 - CMSIS Pack Vendor :STMicroelectronics X-CUBE-BLEMGR 3.1.0
2024-05-07 17:09:16,310 [INFO] ThirdParty:1030 - CMSIS Pack Vendor :STMicroelectronics ThreadX 1.0.0
2024-05-07 17:09:16,310 [INFO] ThirdParty:1030 - CMSIS Pack Vendor :STMicroelectronics FP-SNS-SMARTAG2 1.2.0
2024-05-07 17:09:16,310 [INFO] ThirdParty:1030 - CMSIS Pack Vendor :STMicroelectronics X-CUBE-AZRTOS-WL 2.0.0
2024-05-07 17:09:16,310 [INFO] ThirdParty:1030 - CMSIS Pack Vendor :SEGGER I-CUBE-embOS 1.3.1
2024-05-07 17:09:16,310 [INFO] ThirdParty:1030 - CMSIS Pack Vendor :STMicroelectronics FP-SNS-MOTENV1 5.0.0
2024-05-07 17:09:16,310 [INFO] ThirdParty:1030 - CMSIS Pack Vendor :STMicroelectronics USB_DEVICE 1.0.0
2024-05-07 17:09:16,310 [INFO] ThirdParty:1030 - CMSIS Pack Vendor :STMicroelectronics X-CUBE-AI 8.1.0
2024-05-07 17:09:16,310 [INFO] ThirdParty:1030 - CMSIS Pack Vendor :STMicroelectronics X-CUBE-AZRTOS-H7RS 1.0.0
2024-05-07 17:09:16,310 [INFO] ThirdParty:1030 - CMSIS Pack Vendor :STMicroelectronics X-CUBE-AZRTOS-L4 2.0.0
2024-05-07 17:09:16,310 [INFO] ThirdParty:1030 - CMSIS Pack Vendor :STMicroelectronics ThreadX 0.0.2
2024-05-07 17:09:16,310 [INFO] ThirdParty:1030 - CMSIS Pack Vendor :WES I-CUBE-Cesium 1.3.0
2024-05-07 17:09:16,310 [INFO] ThirdParty:1030 - CMSIS Pack Vendor :STMicroelectronics FP-ATR-ASTRA1 2.0.0
2024-05-07 17:09:16,310 [INFO] ThirdParty:1030 - CMSIS Pack Vendor :STMicroelectronics lwIP 2.1.2
2024-05-07 17:09:16,310 [INFO] ThirdParty:1030 - CMSIS Pack Vendor :STMicroelectronics X-CUBE-SFXS2LP1 4.0.0
2024-05-07 17:09:16,310 [INFO] ThirdParty:1030 - CMSIS Pack Vendor :STMicroelectronics X-CUBE-BLE2 3.3.0
2024-05-07 17:09:16,310 [INFO] ThirdParty:1030 - CMSIS Pack Vendor :STMicroelectronics X-CUBE-TOF1 3.4.0
2024-05-07 17:09:16,310 [INFO] ThirdParty:1030 - CMSIS Pack Vendor :STMicroelectronics X-CUBE-TOF1 3.4.1
2024-05-07 17:09:16,310 [INFO] ThirdParty:1030 - CMSIS Pack Vendor :STMicroelectronics X-CUBE-AZRTOS-H7 3.2.0
2024-05-07 17:09:16,310 [INFO] ThirdParty:1030 - CMSIS Pack Vendor :STMicroelectronics PDM2PCM 3.2.0
2024-05-07 17:09:16,310 [INFO] ThirdParty:841 - exiting critical section [change project]
2024-05-07 17:09:16,542 [INFO] PinOutPanel:1499 - setPackage(No Configuration,No Configuration)
2024-05-07 17:09:16,544 [INFO] PinOutPanel:1499 - setPackage(STM32F103C8Tx,LQFP48)
2024-05-07 17:09:17,024 [INFO] UtilMem:75 - Before build in PCC Used Memory: 597253936 Bytes (1073741824)
2024-05-07 17:09:17,856 [INFO] UtilMem:75 - After build in PCC Used Memory: 671178624 Bytes (1073741824)
2024-05-07 17:09:17,881 [INFO] IPUIPlugin:80 - create IPUIPlugin
2024-05-07 17:09:17,881 [INFO] IPUIPlugin:80 - create IPUIPlugin
2024-05-07 17:09:17,881 [INFO] IPUIPlugin:80 - create IPUIPlugin
2024-05-07 17:09:17,881 [INFO] IPUIPlugin:80 - create IPUIPlugin
2024-05-07 17:09:17,881 [INFO] IPUIPlugin:80 - create IPUIPlugin
2024-05-07 17:09:17,881 [INFO] IPUIPlugin:80 - create IPUIPlugin
2024-05-07 17:09:17,881 [INFO] IPUIPlugin:80 - create IPUIPlugin
2024-05-07 17:09:17,882 [INFO] IPUIPlugin:80 - create IPUIPlugin
2024-05-07 17:09:17,882 [INFO] IPUIPlugin:80 - create IPUIPlugin
2024-05-07 17:09:17,882 [INFO] IPUIPlugin:80 - create IPUIPlugin
2024-05-07 17:09:17,882 [INFO] IPUIPlugin:80 - create IPUIPlugin
2024-05-07 17:09:17,882 [INFO] IPUIPlugin:80 - create IPUIPlugin
2024-05-07 17:09:17,882 [INFO] IPUIPlugin:80 - create IPUIPlugin
2024-05-07 17:09:17,883 [INFO] IPUIPlugin:80 - create IPUIPlugin
2024-05-07 17:09:17,883 [INFO] IPUIPlugin:80 - create IPUIPlugin
2024-05-07 17:09:17,883 [INFO] IPUIPlugin:80 - create IPUIPlugin
2024-05-07 17:09:17,883 [INFO] IPUIPlugin:80 - create IPUIPlugin
2024-05-07 17:09:17,884 [INFO] IPUIPlugin:80 - create IPUIPlugin
2024-05-07 17:09:17,884 [INFO] IPUIPlugin:80 - create IPUIPlugin
2024-05-07 17:09:17,884 [INFO] IPUIPlugin:80 - create IPUIPlugin
2024-05-07 17:09:17,884 [INFO] IPUIPlugin:80 - create IPUIPlugin
2024-05-07 17:09:17,884 [INFO] IPUIPlugin:80 - create IPUIPlugin
2024-05-07 17:09:17,884 [INFO] IPUIPlugin:80 - create IPUIPlugin
2024-05-07 17:09:17,884 [INFO] IPUIPlugin:80 - create IPUIPlugin
2024-05-07 17:09:17,884 [INFO] IPUIPlugin:80 - create IPUIPlugin
2024-05-07 17:09:17,884 [INFO] IPUIPlugin:80 - create IPUIPlugin
2024-05-07 17:09:17,885 [INFO] IPUIPlugin:80 - create IPUIPlugin
2024-05-07 17:09:18,081 [INFO] CADModel:165 - CPN selected for project levelSTM32F103C8T6
2024-05-07 17:09:18,081 [INFO] CADModel:114 - Register for checkConnection events
2024-05-07 17:09:18,132 [INFO] OpenFileManager:343 - Restore cursor
2024-05-07 17:12:47,813 [WARN] IP:2119 - I2C_Coeff_DF not found: check if there is a RefParameter without a condition.
2024-05-07 17:12:47,813 [WARN] IP:2119 - Analog_Filter not found: check if there is a RefParameter without a condition.
2024-05-07 17:12:47,814 [WARN] IP:2119 - I2C_Coeff_DF not found: check if there is a RefParameter without a condition.
2024-05-07 17:12:47,814 [WARN] IP:2119 - Analog_Filter not found: check if there is a RefParameter without a condition.
2024-05-07 17:12:47,814 [WARN] IP:2119 - I2C_Coeff_DF not found: check if there is a RefParameter without a condition.
2024-05-07 17:12:47,814 [WARN] IP:2119 - Analog_Filter not found: check if there is a RefParameter without a condition.
2024-05-07 17:12:47,913 [WARN] IP:2119 - I2C_Coeff_DF not found: check if there is a RefParameter without a condition.
2024-05-07 17:12:47,913 [WARN] IP:2119 - Analog_Filter not found: check if there is a RefParameter without a condition.
2024-05-07 17:12:47,915 [WARN] IP:2119 - I2C_Coeff_DF not found: check if there is a RefParameter without a condition.
2024-05-07 17:12:47,915 [WARN] IP:2119 - Analog_Filter not found: check if there is a RefParameter without a condition.
2024-05-07 17:12:47,975 [WARN] IP:2119 - I2C_Coeff_DF not found: check if there is a RefParameter without a condition.
2024-05-07 17:12:47,975 [WARN] IP:2119 - Analog_Filter not found: check if there is a RefParameter without a condition.
2024-05-07 17:12:48,025 [WARN] IP:2119 - I2C_Coeff_DF not found: check if there is a RefParameter without a condition.
2024-05-07 17:12:48,025 [WARN] IP:2119 - Analog_Filter not found: check if there is a RefParameter without a condition.
2024-05-07 17:12:48,026 [WARN] IP:2119 - I2C_Coeff_DF not found: check if there is a RefParameter without a condition.
2024-05-07 17:12:48,026 [WARN] IP:2119 - Analog_Filter not found: check if there is a RefParameter without a condition.
2024-05-07 17:12:48,101 [WARN] IP:2119 - I2C_Coeff_DF not found: check if there is a RefParameter without a condition.
2024-05-07 17:12:48,101 [WARN] IP:2119 - Analog_Filter not found: check if there is a RefParameter without a condition.
2024-05-07 17:15:14,917 [INFO] Gpio:277 - dependency for GPIO [I2C1, RCC, SYS]
2024-05-07 17:15:59,251 [INFO] Gpio:277 - dependency for GPIO [I2C1, RCC, SYS]
2024-05-07 17:16:17,150 [WARN] IP:2119 - I2C_Coeff_DF not found: check if there is a RefParameter without a condition.
2024-05-07 17:16:17,150 [WARN] IP:2119 - Analog_Filter not found: check if there is a RefParameter without a condition.
2024-05-07 17:16:17,150 [WARN] IP:2119 - I2C_Coeff_DF not found: check if there is a RefParameter without a condition.
2024-05-07 17:16:17,151 [WARN] IP:2119 - Analog_Filter not found: check if there is a RefParameter without a condition.
2024-05-07 17:16:17,167 [WARN] IP:2119 - I2C_Coeff_DF not found: check if there is a RefParameter without a condition.
2024-05-07 17:16:17,168 [WARN] IP:2119 - Analog_Filter not found: check if there is a RefParameter without a condition.
2024-05-07 17:16:17,182 [WARN] IP:2119 - I2C_Coeff_DF not found: check if there is a RefParameter without a condition.
2024-05-07 17:16:17,183 [WARN] IP:2119 - Analog_Filter not found: check if there is a RefParameter without a condition.
2024-05-07 17:16:19,701 [WARN] IP:2119 - I2C_Coeff_DF not found: check if there is a RefParameter without a condition.
2024-05-07 17:16:19,701 [WARN] IP:2119 - Analog_Filter not found: check if there is a RefParameter without a condition.
2024-05-07 17:16:19,702 [WARN] IP:2119 - I2C_Coeff_DF not found: check if there is a RefParameter without a condition.
2024-05-07 17:16:19,702 [WARN] IP:2119 - Analog_Filter not found: check if there is a RefParameter without a condition.
2024-05-07 17:16:19,719 [WARN] IP:2119 - I2C_Coeff_DF not found: check if there is a RefParameter without a condition.
2024-05-07 17:16:19,720 [WARN] IP:2119 - Analog_Filter not found: check if there is a RefParameter without a condition.
2024-05-07 17:16:19,736 [WARN] IP:2119 - I2C_Coeff_DF not found: check if there is a RefParameter without a condition.
2024-05-07 17:16:19,736 [WARN] IP:2119 - Analog_Filter not found: check if there is a RefParameter without a condition.
2024-05-07 17:16:22,997 [WARN] IP:2119 - I2C_Coeff_DF not found: check if there is a RefParameter without a condition.
2024-05-07 17:16:22,998 [WARN] IP:2119 - Analog_Filter not found: check if there is a RefParameter without a condition.
2024-05-07 17:16:22,998 [WARN] IP:2119 - I2C_Coeff_DF not found: check if there is a RefParameter without a condition.
2024-05-07 17:16:22,998 [WARN] IP:2119 - Analog_Filter not found: check if there is a RefParameter without a condition.
2024-05-07 17:16:23,011 [WARN] IP:2119 - I2C_Coeff_DF not found: check if there is a RefParameter without a condition.
2024-05-07 17:16:23,011 [WARN] IP:2119 - Analog_Filter not found: check if there is a RefParameter without a condition.
2024-05-07 17:16:23,019 [WARN] IP:2119 - I2C_Coeff_DF not found: check if there is a RefParameter without a condition.
2024-05-07 17:16:23,019 [WARN] IP:2119 - Analog_Filter not found: check if there is a RefParameter without a condition.
2024-05-07 17:16:30,651 [WARN] IP:2119 - I2C_Coeff_DF not found: check if there is a RefParameter without a condition.
2024-05-07 17:16:30,653 [WARN] IP:2119 - Analog_Filter not found: check if there is a RefParameter without a condition.
2024-05-07 17:16:30,653 [WARN] IP:2119 - I2C_Coeff_DF not found: check if there is a RefParameter without a condition.
2024-05-07 17:16:30,654 [WARN] IP:2119 - Analog_Filter not found: check if there is a RefParameter without a condition.
2024-05-07 17:16:30,673 [WARN] IP:2119 - I2C_Coeff_DF not found: check if there is a RefParameter without a condition.
2024-05-07 17:16:30,673 [WARN] IP:2119 - Analog_Filter not found: check if there is a RefParameter without a condition.
2024-05-07 17:16:30,685 [WARN] IP:2119 - I2C_Coeff_DF not found: check if there is a RefParameter without a condition.
2024-05-07 17:16:30,685 [WARN] IP:2119 - Analog_Filter not found: check if there is a RefParameter without a condition.
2024-05-07 17:17:54,031 [INFO] UtilMem:75 - End SaveConfig() Used Memory: 566370096 Bytes (1073741824)
2024-05-07 17:18:06,540 [INFO] McuFinderGlobals:63 - Set McuFinder mode to 2 (CubeIDE integrated)
2024-05-07 17:18:06,540 [INFO] UserAuth:180 - activating auth plugin
2024-05-07 17:18:06,543 [INFO] UserAuth:404 - Internet connection configuration mode: 1
2024-05-07 22:27:44,057 [ERROR] LogOutputStream:75 - [STDERR_REDIRECT] 
2024-05-07 22:27:44,058 [ERROR] LogOutputStream:75 - [STDERR_REDIRECT] 
