2024-04-23 18:11:19,131 [INFO] Activator:176 - 


2024-04-23 18:11:19,137 [INFO] Activator:177 - !SESSION log4j initialized
2024-04-23 18:11:26,594 [INFO] LogOutputStream:77 - [STDOUT_REDIRECT] 
2024-04-23 18:11:35,936 [INFO] ApplicationProperties:184 - Using Application install path: C:\ST\STM32CubeIDE_1.14.1\STM32CubeIDE\plugins\com.st.stm32cube.common.mx_6.10.0.202311202037
2024-04-23 18:11:35,958 [INFO] DbMcusXml:78 - Set database path to: C:\ST\STM32CubeIDE_1.14.1\STM32CubeIDE\plugins\com.st.stm32cube.common.mx_6.10.0.202311202037\\db\/mcu/
2024-04-23 18:11:35,958 [INFO] ApiDb:274 - Set plugin database path to: C:\ST\STM32CubeIDE_1.14.1\STM32CubeIDE\plugins\com.st.stm32cube.common.mx_6.10.0.202311202037\\db\/plugins/boardmanager/
2024-04-23 18:11:35,959 [WARN] ApiDb:259 - Overriding images path with different value:  => C:\ST\STM32CubeIDE_1.14.1\STM32CubeIDE\plugins\com.st.stm32cube.common.mx_6.10.0.202311202037\\db\/plugins/mcufinder/images/
2024-04-23 18:11:35,974 [INFO] ApiDb:250 - Set database path to: C:\Users\conne\.stmcufinder\plugins\mcufinder//mcu/
2024-04-23 18:11:35,977 [INFO] DbMcusAds:125 - Set database path to: C:\Users\conne\.stmcufinder\plugins\mcufinder//mcu/
2024-04-23 18:11:35,980 [INFO] CrossReferenceDbSqlite:203 - Set database path to: C:\Users\conne\.stmcufinder\plugins\mcufinder//mcu/cs/
2024-04-23 18:11:36,116 [INFO] RulesReader:64 - Compatibility file has been processed (297 Rules)
2024-04-23 18:11:36,218 [INFO] DbMcusXml:78 - Set database path to: C:\ST\STM32CubeIDE_1.14.1\STM32CubeIDE\plugins\com.st.stm32cube.common.mx_6.10.0.202311202037\\db\/mcu/
2024-04-23 18:11:36,219 [INFO] ApiDb:274 - Set plugin database path to: C:\ST\STM32CubeIDE_1.14.1\STM32CubeIDE\plugins\com.st.stm32cube.common.mx_6.10.0.202311202037\\db\/plugins/boardmanager/
2024-04-23 18:11:36,219 [INFO] ApiDb:261 - Set plugin images path to: C:\ST\STM32CubeIDE_1.14.1\STM32CubeIDE\plugins\com.st.stm32cube.common.mx_6.10.0.202311202037\\db\/plugins/mcufinder/images/
2024-04-23 18:11:36,219 [WARN] DbFile:41 - Overriding database path with different value: C:\Users\conne\.stmcufinder\plugins\mcufinder/ => C:\Users\conne\.stmcufinder\plugins\mcufinder
2024-04-23 18:11:36,219 [INFO] ApiDb:250 - Set database path to: C:\Users\conne\.stmcufinder\plugins\mcufinder//mcu/
2024-04-23 18:11:36,219 [WARN] DbFile:41 - Overriding database path with different value: C:\Users\conne\.stmcufinder\plugins\mcufinder/ => C:\Users\conne\.stmcufinder\plugins\mcufinder
2024-04-23 18:11:36,219 [INFO] DbMcusAds:125 - Set database path to: C:\Users\conne\.stmcufinder\plugins\mcufinder//mcu/
2024-04-23 18:11:36,219 [WARN] DbFile:41 - Overriding database path with different value: C:\Users\conne\.stmcufinder\plugins\mcufinder/ => C:\Users\conne\.stmcufinder\plugins\mcufinder
2024-04-23 18:11:36,219 [WARN] DbFile:41 - Overriding database path with different value: C:\Users\conne\.stmcufinder\plugins\mcufinder/ => C:\Users\conne\.stmcufinder\plugins\mcufinder
2024-04-23 18:11:36,220 [INFO] CrossReferenceDbSqlite:203 - Set database path to: C:\Users\conne\.stmcufinder\plugins\mcufinder//mcu/cs/
2024-04-23 18:11:36,312 [INFO] MainPanel:264 - HeapMemory: 268435456
2024-04-23 18:11:36,447 [INFO] DbMcusXml:78 - Set database path to: C:\ST\STM32CubeIDE_1.14.1\STM32CubeIDE\plugins\com.st.stm32cube.common.mx_6.10.0.202311202037\\db\/mcu/
2024-04-23 18:11:36,447 [INFO] ApiDb:274 - Set plugin database path to: C:\ST\STM32CubeIDE_1.14.1\STM32CubeIDE\plugins\com.st.stm32cube.common.mx_6.10.0.202311202037\\db\/plugins/boardmanager/
2024-04-23 18:11:36,447 [INFO] ApiDb:261 - Set plugin images path to: C:\ST\STM32CubeIDE_1.14.1\STM32CubeIDE\plugins\com.st.stm32cube.common.mx_6.10.0.202311202037\\db\/plugins/mcufinder/images/
2024-04-23 18:11:36,447 [WARN] DbFile:41 - Overriding database path with different value: C:\Users\conne\.stmcufinder\plugins\mcufinder/ => C:\Users\conne\.stmcufinder\plugins\mcufinder
2024-04-23 18:11:36,448 [INFO] ApiDb:250 - Set database path to: C:\Users\conne\.stmcufinder\plugins\mcufinder//mcu/
2024-04-23 18:11:36,448 [WARN] DbFile:41 - Overriding database path with different value: C:\Users\conne\.stmcufinder\plugins\mcufinder/ => C:\Users\conne\.stmcufinder\plugins\mcufinder
2024-04-23 18:11:36,448 [INFO] DbMcusAds:125 - Set database path to: C:\Users\conne\.stmcufinder\plugins\mcufinder//mcu/
2024-04-23 18:11:36,448 [WARN] DbFile:41 - Overriding database path with different value: C:\Users\conne\.stmcufinder\plugins\mcufinder/ => C:\Users\conne\.stmcufinder\plugins\mcufinder
2024-04-23 18:11:36,448 [WARN] DbFile:41 - Overriding database path with different value: C:\Users\conne\.stmcufinder\plugins\mcufinder/ => C:\Users\conne\.stmcufinder\plugins\mcufinder
2024-04-23 18:11:36,448 [INFO] CrossReferenceDbSqlite:203 - Set database path to: C:\Users\conne\.stmcufinder\plugins\mcufinder//mcu/cs/
2024-04-23 18:11:36,471 [INFO] ApplicationProperties:184 - Using Application install path: C:\ST\STM32CubeIDE_1.14.1\STM32CubeIDE\plugins\com.st.stm32cube.common.mx_6.10.0.202311202037
2024-04-23 18:11:36,473 [INFO] PluginManage:196 - Search for loadable plugins [exclusion list=, ]
2024-04-23 18:11:36,475 [INFO] PluginManage:310 - Check plugin analytics
2024-04-23 18:11:36,731 [INFO] AnalyticsPlugin:253 - Accepted Software Licenses: 
2024-04-23 18:11:36,732 [INFO] AnalyticsPlugin:255 - Accepted CMSIS Pack Licenses: 
2024-04-23 18:11:36,732 [INFO] AnalyticsPlugin:257 - Accepted Firmware Licenses: FW.F4.1.28.0
2024-04-23 18:11:36,735 [INFO] PluginManage:359 - Loaded plugin analytics (category:tool,tabindex:-1)
2024-04-23 18:11:36,735 [INFO] PluginManage:310 - Check plugin cadmodel
2024-04-23 18:11:36,756 [INFO] CADModel:105 - Init CAD model plugin
2024-04-23 18:11:36,756 [INFO] PluginManage:359 - Loaded plugin cadmodel (category:power,tabindex:5)
2024-04-23 18:11:36,757 [INFO] PluginManage:310 - Check plugin clock
2024-04-23 18:11:36,791 [INFO] PluginManage:359 - Loaded plugin clock (category:base,tabindex:2)
2024-04-23 18:11:36,791 [INFO] PluginManage:310 - Check plugin ddr
2024-04-23 18:11:36,796 [INFO] PluginManage:359 - Loaded plugin ddr (category:tool,tabindex:6)
2024-04-23 18:11:36,797 [INFO] PluginManage:310 - Check plugin filemanager
2024-04-23 18:11:37,026 [INFO] PluginManage:359 - Loaded plugin filemanager (category:base,tabindex:10)
2024-04-23 18:11:37,026 [INFO] PluginManage:310 - Check plugin ipmanager
2024-04-23 18:11:37,038 [INFO] PluginManage:359 - Loaded plugin ipmanager (category:base,tabindex:5)
2024-04-23 18:11:37,039 [INFO] PluginManage:310 - Check plugin lpbam
2024-04-23 18:11:37,066 [INFO] PluginManage:359 - Loaded plugin lpbam (category:base,tabindex:0)
2024-04-23 18:11:37,066 [INFO] PluginManage:310 - Check plugin memorymap
2024-04-23 18:11:37,095 [INFO] PluginManage:359 - Loaded plugin memorymap (category:base,tabindex:4)
2024-04-23 18:11:37,095 [INFO] PluginManage:310 - Check plugin pinoutandconfiguration
2024-04-23 18:11:37,114 [INFO] PluginManage:359 - Loaded plugin pinoutandconfiguration (category:base,tabindex:1)
2024-04-23 18:11:37,114 [INFO] PluginManage:310 - Check plugin pinoutconfig
2024-04-23 18:11:37,240 [WARN] SupportedApi:132 - Cannot load RTOS API schema: s4s-elt-must-match.1: The content of 'definitions' must match (annotation?, (simpleType | complexType)?, (unique | key | keyref)*)). A problem was found starting at: attribute.
2024-04-23 18:11:37,397 [INFO] PluginManage:359 - Loaded plugin pinoutconfig (category:base,tabindex:0)
2024-04-23 18:11:37,397 [INFO] PluginManage:310 - Check plugin power
2024-04-23 18:11:37,421 [INFO] PluginManage:359 - Loaded plugin power (category:power,tabindex:4)
2024-04-23 18:11:37,422 [INFO] PluginManage:310 - Check plugin projectmanager
2024-04-23 18:11:37,442 [INFO] PluginManage:359 - Loaded plugin projectmanager (category:projectmanager,tabindex:3)
2024-04-23 18:11:37,442 [INFO] PluginManage:310 - Check plugin thirdparty
2024-04-23 18:11:37,823 [INFO] PluginManage:359 - Loaded plugin thirdparty (category:base,tabindex:-1)
2024-04-23 18:11:37,824 [INFO] PluginManage:310 - Check plugin tools
2024-04-23 18:11:37,824 [WARN] IntegrityCheckThread:84 - waiting for thirdparty lock release [integrity check]
2024-04-23 18:11:37,825 [INFO] IntegrityCheckThread:86 - entering critical section [integrity check]
2024-04-23 18:11:37,826 [INFO] ThirdPartyUpdaterWithRetryManager:70 - Updater plugin not ready yet. [1/15]
2024-04-23 18:11:37,880 [INFO] PluginManage:359 - Loaded plugin tools (category:base,tabindex:7)
2024-04-23 18:11:37,880 [INFO] PluginManage:310 - Check plugin tutovideos
2024-04-23 18:11:37,898 [INFO] McuFinderGlobals:63 - Set McuFinder mode to 2 (CubeIDE integrated)
2024-04-23 18:11:38,120 [INFO] PluginManage:359 - Loaded plugin tutovideos (category:base,tabindex:-1)
2024-04-23 18:11:38,121 [INFO] PluginManage:310 - Check plugin updater
2024-04-23 18:11:38,134 [INFO] PluginManage:359 - Loaded plugin updater (category:base,tabindex:12)
2024-04-23 18:11:38,134 [INFO] PluginManage:310 - Check plugin userauth
2024-04-23 18:11:38,142 [INFO] UserAuth:114 - Init User Auth plugin
2024-04-23 18:11:38,142 [INFO] PluginManage:359 - Loaded plugin userauth (category:base,tabindex:14)
2024-04-23 18:11:38,143 [INFO] PluginManage:283 - PluginManage : Loaded plugins [17]
2024-04-23 18:11:38,409 [INFO] PinOutPanel:1499 - setPackage(No Configuration,No Configuration)
2024-04-23 18:11:38,499 [INFO] CADModel:165 - CPN selected for project level
2024-04-23 18:11:38,499 [INFO] CADModel:114 - Register for checkConnection events
2024-04-23 18:11:38,532 [INFO] IPUIPlugin:80 - create IPUIPlugin
2024-04-23 18:11:38,532 [INFO] PluginManager:220 - loadIPPluginJar : add adc
2024-04-23 18:11:38,568 [INFO] IPUIPlugin:80 - create IPUIPlugin
2024-04-23 18:11:38,569 [INFO] PluginManager:220 - loadIPPluginJar : add aes
2024-04-23 18:11:38,617 [INFO] IPUIPlugin:80 - create IPUIPlugin
2024-04-23 18:11:38,618 [INFO] PluginManager:220 - loadIPPluginJar : add can
2024-04-23 18:11:38,642 [INFO] IPUIPlugin:80 - create IPUIPlugin
2024-04-23 18:11:38,642 [INFO] PluginManager:220 - loadIPPluginJar : add comp
2024-04-23 18:11:38,677 [INFO] IPUIPlugin:80 - create IPUIPlugin
2024-04-23 18:11:38,677 [INFO] PluginManager:220 - loadIPPluginJar : add cryp
2024-04-23 18:11:38,706 [INFO] IPUIPlugin:80 - create IPUIPlugin
2024-04-23 18:11:38,707 [INFO] PluginManager:220 - loadIPPluginJar : add dfsdm
2024-04-23 18:11:38,723 [INFO] IPUIPlugin:80 - create IPUIPlugin
2024-04-23 18:11:38,724 [INFO] PluginManager:220 - loadIPPluginJar : add dma
2024-04-23 18:11:38,769 [INFO] IPUIPlugin:80 - create IPUIPlugin
2024-04-23 18:11:38,769 [INFO] PluginManager:220 - loadIPPluginJar : add dma3
2024-04-23 18:11:38,790 [INFO] IPUIPlugin:80 - create IPUIPlugin
2024-04-23 18:11:38,790 [INFO] PluginManager:220 - loadIPPluginJar : add fatfs
2024-04-23 18:11:38,838 [INFO] IPUIPlugin:80 - create IPUIPlugin
2024-04-23 18:11:38,838 [INFO] PluginManager:220 - loadIPPluginJar : add fmc
2024-04-23 18:11:38,856 [INFO] IPUIPlugin:80 - create IPUIPlugin
2024-04-23 18:11:38,856 [INFO] PluginManager:220 - loadIPPluginJar : add freertos
2024-04-23 18:11:38,877 [INFO] IPUIPlugin:80 - create IPUIPlugin
2024-04-23 18:11:38,877 [INFO] PluginManager:220 - loadIPPluginJar : add genericplugin
2024-04-23 18:11:38,982 [INFO] IPUIPlugin:80 - create IPUIPlugin
2024-04-23 18:11:38,982 [INFO] PluginManager:220 - loadIPPluginJar : add gfxmmu
2024-04-23 18:11:39,120 [INFO] IPUIPlugin:80 - create IPUIPlugin
2024-04-23 18:11:39,120 [INFO] PluginManager:220 - loadIPPluginJar : add gic
2024-04-23 18:11:39,135 [INFO] IPUIPlugin:80 - create IPUIPlugin
2024-04-23 18:11:39,135 [INFO] PluginManager:220 - loadIPPluginJar : add gpio
2024-04-23 18:11:39,234 [INFO] IPUIPlugin:80 - create IPUIPlugin
2024-04-23 18:11:39,234 [INFO] PluginManager:220 - loadIPPluginJar : add gtzc
2024-04-23 18:11:39,269 [INFO] IPUIPlugin:80 - create IPUIPlugin
2024-04-23 18:11:39,269 [INFO] PluginManager:220 - loadIPPluginJar : add hash
2024-04-23 18:11:39,321 [INFO] IPUIPlugin:80 - create IPUIPlugin
2024-04-23 18:11:39,321 [INFO] PluginManager:220 - loadIPPluginJar : add i2c
2024-04-23 18:11:39,362 [INFO] IPUIPlugin:80 - create IPUIPlugin
2024-04-23 18:11:39,362 [INFO] PluginManager:220 - loadIPPluginJar : add i2s
2024-04-23 18:11:39,406 [INFO] IPUIPlugin:80 - create IPUIPlugin
2024-04-23 18:11:39,406 [INFO] PluginManager:220 - loadIPPluginJar : add i3c
2024-04-23 18:11:39,514 [INFO] IPUIPlugin:80 - create IPUIPlugin
2024-04-23 18:11:39,514 [INFO] PluginManager:220 - loadIPPluginJar : add ipddr
2024-04-23 18:11:39,617 [INFO] IPUIPlugin:80 - create IPUIPlugin
2024-04-23 18:11:39,617 [INFO] PluginManager:220 - loadIPPluginJar : add linkedlist
2024-04-23 18:11:39,655 [INFO] IPUIPlugin:80 - create IPUIPlugin
2024-04-23 18:11:39,655 [INFO] PluginManager:220 - loadIPPluginJar : add lorawan
2024-04-23 18:11:39,699 [INFO] IPUIPlugin:80 - create IPUIPlugin
2024-04-23 18:11:39,699 [INFO] PluginManager:220 - loadIPPluginJar : add ltdc
2024-04-23 18:11:39,714 [INFO] IPUIPlugin:80 - create IPUIPlugin
2024-04-23 18:11:39,715 [INFO] PluginManager:220 - loadIPPluginJar : add mdma
2024-04-23 18:11:39,727 [INFO] IPUIPlugin:80 - create IPUIPlugin
2024-04-23 18:11:39,728 [INFO] PluginManager:220 - loadIPPluginJar : add nvic
2024-04-23 18:11:39,765 [INFO] IPUIPlugin:80 - create IPUIPlugin
2024-04-23 18:11:39,765 [INFO] PluginManager:220 - loadIPPluginJar : add opamp
2024-04-23 18:11:39,848 [INFO] IPUIPlugin:80 - create IPUIPlugin
2024-04-23 18:11:39,849 [INFO] PluginManager:220 - loadIPPluginJar : add openamp
2024-04-23 18:11:39,892 [INFO] IPUIPlugin:80 - create IPUIPlugin
2024-04-23 18:11:39,893 [INFO] PluginManager:220 - loadIPPluginJar : add pdm2pcm
2024-04-23 18:11:39,911 [INFO] IPUIPlugin:80 - create IPUIPlugin
2024-04-23 18:11:39,914 [INFO] PluginManager:220 - loadIPPluginJar : add plateformsettings
2024-04-23 18:11:39,936 [INFO] IPUIPlugin:80 - create IPUIPlugin
2024-04-23 18:11:39,937 [INFO] PluginManager:220 - loadIPPluginJar : add quadspi
2024-04-23 18:11:39,950 [INFO] IPUIPlugin:80 - create IPUIPlugin
2024-04-23 18:11:39,950 [INFO] PluginManager:220 - loadIPPluginJar : add resmgrutility
2024-04-23 18:11:40,007 [INFO] IPUIPlugin:80 - create IPUIPlugin
2024-04-23 18:11:40,007 [INFO] PluginManager:220 - loadIPPluginJar : add sai
2024-04-23 18:11:40,047 [INFO] IPUIPlugin:80 - create IPUIPlugin
2024-04-23 18:11:40,047 [INFO] PluginManager:220 - loadIPPluginJar : add spi
2024-04-23 18:11:40,119 [INFO] IPUIPlugin:80 - create IPUIPlugin
2024-04-23 18:11:40,120 [INFO] PluginManager:220 - loadIPPluginJar : add stm32_wpan
2024-04-23 18:11:40,144 [INFO] IPUIPlugin:80 - create IPUIPlugin
2024-04-23 18:11:40,144 [INFO] PluginManager:220 - loadIPPluginJar : add tim
2024-04-23 18:11:40,201 [INFO] IPUIPlugin:80 - create IPUIPlugin
2024-04-23 18:11:40,201 [INFO] PluginManager:220 - loadIPPluginJar : add touchsensing
2024-04-23 18:11:40,226 [INFO] IPUIPlugin:80 - create IPUIPlugin
2024-04-23 18:11:40,227 [INFO] PluginManager:220 - loadIPPluginJar : add tracer_emb
2024-04-23 18:11:40,253 [INFO] IPUIPlugin:80 - create IPUIPlugin
2024-04-23 18:11:40,254 [INFO] PluginManager:220 - loadIPPluginJar : add ts
2024-04-23 18:11:40,276 [INFO] IPUIPlugin:80 - create IPUIPlugin
2024-04-23 18:11:40,276 [INFO] PluginManager:220 - loadIPPluginJar : add tsc
2024-04-23 18:11:40,298 [INFO] IPUIPlugin:80 - create IPUIPlugin
2024-04-23 18:11:40,299 [INFO] PluginManager:220 - loadIPPluginJar : add ucpd
2024-04-23 18:11:40,347 [INFO] IPUIPlugin:80 - create IPUIPlugin
2024-04-23 18:11:40,347 [INFO] PluginManager:220 - loadIPPluginJar : add usart
2024-04-23 18:11:40,394 [INFO] IPUIPlugin:80 - create IPUIPlugin
2024-04-23 18:11:40,394 [INFO] PluginManager:220 - loadIPPluginJar : add usbx
2024-04-23 18:11:40,532 [INFO] CADModel:165 - CPN selected for project level
2024-04-23 18:11:40,532 [INFO] CADModel:114 - Register for checkConnection events
2024-04-23 18:11:40,533 [FATAL] Updater:308 - Updater called before beeing initialized
2024-04-23 18:11:40,533 [ERROR] CADModel:125 - Updater not yet initialized, retry later 
2024-04-23 18:11:40,704 [INFO] CADModel:165 - CPN selected for project level
2024-04-23 18:11:40,705 [INFO] CADModel:114 - Register for checkConnection events
2024-04-23 18:11:40,705 [FATAL] Updater:308 - Updater called before beeing initialized
2024-04-23 18:11:40,705 [ERROR] CADModel:125 - Updater not yet initialized, retry later 
2024-04-23 18:11:40,709 [FATAL] Updater:308 - Updater called before beeing initialized
2024-04-23 18:11:40,828 [INFO] ThirdPartyUpdaterWithRetryManager:70 - Updater plugin not ready yet. [2/15]
2024-04-23 18:11:40,844 [FATAL] Updater:308 - Updater called before beeing initialized
2024-04-23 18:11:40,855 [INFO] DbMcusAds:53 - JSON generation date=Wed Nov 29 19:52:27 KST 2023 (1701255147349)
2024-04-23 18:11:40,855 [FATAL] Updater:308 - Updater called before beeing initialized
2024-04-23 18:11:40,944 [WARN] DetailPanel:346 - Failed to get advertising image, set to default
2024-04-23 18:11:41,056 [FATAL] Updater:308 - Updater called before beeing initialized
2024-04-23 18:11:41,058 [FATAL] Updater:308 - Updater called before beeing initialized
2024-04-23 18:11:41,059 [FATAL] Updater:308 - Updater called before beeing initialized
2024-04-23 18:11:41,059 [WARN] DetailPanel:346 - Failed to get advertising image, set to default
2024-04-23 18:11:41,060 [FATAL] Updater:308 - Updater called before beeing initialized
2024-04-23 18:11:41,134 [ERROR] Updater:1120 - MainUpdater not yet initialized. External WinMGr cannot be set.
2024-04-23 18:11:41,145 [INFO] Updater:1056 - Updater Version found : 6.10.0
2024-04-23 18:11:41,167 [INFO] ApplicationProperties:184 - Using Application install path: C:\ST\STM32CubeIDE_1.14.1\STM32CubeIDE\plugins\com.st.stm32cube.common.mx_6.10.0.202311202037
2024-04-23 18:11:42,758 [ERROR] LogOutputStream:75 - [STDERR_REDIRECT] Apr 23, 2024 6:11:42 PM java.util.prefs.WindowsPreferences <init>
2024-04-23 18:11:42,761 [ERROR] LogOutputStream:75 - [STDERR_REDIRECT] WARNING: Could not open/create prefs root node Software\JavaSoft\Prefs at root 0xffffffff80000002. Windows RegCreateKeyEx(...) returned error code 5.
2024-04-23 18:11:42,761 [ERROR] LogOutputStream:75 - [STDERR_REDIRECT] 
2024-04-23 18:11:43,713 [INFO] MainUpdater:2873 - connection check result : 10
2024-04-23 18:11:43,714 [INFO] MainUpdater:290 - Updater Check For Update Now.
2024-04-23 18:11:43,714 [INFO] MicroXplorer:498 - Change Database Version : DB.6.0.100
2024-04-23 18:11:43,807 [INFO] McuFinderGlobals:63 - Set McuFinder mode to 2 (CubeIDE integrated)
2024-04-23 18:11:43,808 [INFO] UserAuth:180 - activating auth plugin
2024-04-23 18:11:43,812 [INFO] UserAuth:404 - Internet connection configuration mode: 1
2024-04-23 18:11:43,831 [WARN] MainUpdater:1194 - Updater busy. Cannot search thirdparties
2024-04-23 18:11:43,831 [INFO] ThirdPartyUpdaterWithRetryManager:96 - Updater plugin is busy. [1/15]
2024-04-23 18:11:43,854 [INFO] JxBrowserEngine:152 - Initiate JxBrowser Engine with user profile folder
2024-04-23 18:11:44,030 [INFO] CheckServerUpdateThread:120 - End of CheckServer Thread
2024-04-23 18:11:44,050 [INFO] MainUpdater:2873 - connection check result : 10
2024-04-23 18:11:44,819 [INFO] ApiDb:581 - Connected to CubeFinder SQLite database (C:\Users\conne\.stmcufinder\plugins\mcufinder\mcu\cube-finder-db.db)
2024-04-23 18:11:44,909 [INFO] ApiDb:668 - CubeFinder database Data Model version=2.1
2024-04-23 18:11:44,909 [INFO] ApiDb:669 - CubeFinder database Configuration version=3.0.39
2024-04-23 18:11:44,910 [INFO] ApiDb:670 - CubeFinder database generation date=2024-03-25 (1711369621)
2024-04-23 18:11:44,910 [INFO] ApiDb:671 - CubeFinder database FW Pack versions=[FP-ATR-ASTRA1_V2.0.0, FP-SNS-FLIGHT1_V5.0.1, FP-SNS-FLIGHT1_V5.0.2, FP-SNS-MOTENV1_V4.3.1, FP-SNS-MOTENV1_V4.3.2, FP-SNS-MOTENVWB1_V1.3.1, FP-SNS-SMARTAG2_V1.2.0, STM32Cube_FW_C0_V1.1.0, STM32Cube_FW_F4_V1.28.0, STM32Cube_FW_F7_V1.17.0, STM32Cube_FW_G0_V1.6.2, STM32Cube_FW_G4_V1.5.2, STM32Cube_FW_H5_V0.5.1, STM32Cube_FW_H5_V1.1.1, STM32Cube_FW_H5_V1.2.0, STM32Cube_FW_H5_V1.2.0RC4, STM32Cube_FW_H7RS_V1.0.0, STM32Cube_FW_H7RS_V1.0.0RC4, STM32Cube_FW_H7_V1.11.0, STM32Cube_FW_L0_V1.12.2, STM32Cube_FW_L5_V1.5.1, STM32Cube_FW_U0_V1.0.0, STM32Cube_FW_U0_V1.0.0RC1, STM32Cube_FW_U5_V1.3.0RC4, STM32Cube_FW_U5_V1.5.0, STM32Cube_FW_U5_V1.5.0RC1, STM32Cube_FW_WBA_V1.0.0RC1, STM32Cube_FW_WBA_V1.2.0, STM32Cube_FW_WBA_V1.2.0RC2, STM32Cube_FW_WBA_V1.3.0, STM32Cube_FW_WBA_V1.3.0RC1, STM32Cube_FW_WB_V1.15.0RC1, STM32Cube_FW_WB_V1.16.0, STM32Cube_FW_WB_V1.16.0RC2, STM32Cube_FW_WB_V1.18.0, STM32Cube_FW_WB_V1.19.0, STM32Cube_FW_WL_V1.3.0, X-CUBE-ALGOBUILD_V1.3.0, X-CUBE-ALS_V1.0.1, X-CUBE-AZRTOS-F4_V1.1.0, X-CUBE-AZRTOS-F7_V1.1.0, X-CUBE-AZRTOS-G0_V1.1.0, X-CUBE-AZRTOS-G4_V2.0.0, X-CUBE-AZRTOS-H7_V3.2.0, X-CUBE-AZRTOS-L4_V1.0.0, X-CUBE-AZRTOS-L4_V2.0.0, X-CUBE-AZRTOS-L5_V1.1.0, X-CUBE-AZRTOS-WB_V2.0.0, X-CUBE-AZRTOS-WL_V2.0.0, X-CUBE-BLE1_V7.0.0, X-CUBE-BLE2_V3.3.0, X-CUBE-BLEMGR_V3.1.0, X-CUBE-EEPRMA1_V4.1.0, X-CUBE-EEPRMA1_V5.1.0, X-CUBE-FREERTOS_V1.1.0, X-CUBE-GNSS1_V6.0.0, X-CUBE-MEMS1_V10.0.0, X-CUBE-MEMS1_V9.1.0, X-CUBE-MEMS1_V9.4.0, X-CUBE-MEMS1_V9.6.0, X-CUBE-NFC4_V3.0.0, X-CUBE-NFC7_V1.0.1, X-CUBE-SFXS2LP1_V4.0.0, X-CUBE-SUBG2_V5.0.0, X-CUBE-TOF1_V3.4.0]
2024-04-23 18:11:45,082 [INFO] DbBoardsSqlite:226 - include board P-NUCLEO-WB55-NUCLEO as a kit item of type 'Nucleo-64'
2024-04-23 18:11:45,082 [INFO] DbBoardsSqlite:226 - include board P-NUCLEO-WB55-USBDONGLE as a kit item of type 'Nucleo USB Dongle'
2024-04-23 18:11:45,083 [INFO] DbBoardsSqlite:226 - include board STEVAL-IDP005V1 as a kit item of type 'Evaluation Board'
2024-04-23 18:11:45,084 [INFO] DbBoardsSqlite:226 - include board STEVAL-IDP005V2 as a kit item of type 'Evaluation Board'
2024-04-23 18:11:45,397 [INFO] ApiDb:240 - Found 371 in-development CPN: [B-G473E-ZEST1S, B-WB1M-WPAN1, B-WL5M-SUBG1, NUCLEO-C031C6, NUCLEO-H503RB, NUCLEO-H563ZI, NUCLEO-U545RE-Q, NUCLEO-U5A5ZJ-Q, NUCLEO-WBA52CG, NUCLEO-WBA55CG, STEVAL-MKBOXPRO, STEVAL-PROTEUS1, STEVAL-STWINBX1, STM320518-EVAL, STM32C0116-DK, STM32C011D6Y3TR, STM32C011D6Y6TR, STM32C011F4P3, STM32C011F4P6, STM32C011F4U3, STM32C011F4U6TR, STM32C011F6P3, STM32C011F6P6, STM32C011F6U3, STM32C011F6U6TR, STM32C011J4M3, STM32C011J4M6, STM32C011J6M3, STM32C011J6M6, STM32C0316-DK, STM32C031C4T3, STM32C031C4T6, STM32C031C4U3, STM32C031C4U6, STM32C031C6T3, STM32C031C6T6, STM32C031C6U3, STM32C031C6U6, STM32C031F4P3, STM32C031F4P6, STM32C031F6P3, STM32C031F6P6, STM32C031G4U3, STM32C031G4U6, STM32C031G6U3, STM32C031G6U6, STM32C031K4T3, STM32C031K4T6, STM32C031K4U3, STM32C031K4U6, STM32C031K6T3, STM32C031K6T6, STM32C031K6U3, STM32C031K6U6, STM32G071K8TXN, STM32G071K8UXN, STM32G081GBU6N, STM32G081KBT6N, STM32G081KBUXN, STM32G0B1CCT6N, STM32G0B1KCT6, STM32G0B1NEY6TR, STM32G0B1RCT6N, STM32G0C1CCT6, STM32G0C1CCT6N, STM32G0C1CCU6N, STM32G0C1CET6N, STM32G0C1CEU6N, STM32G0C1KCT6, STM32G0C1NEY6TR, STM32G0C1RCI6N, STM32G0C1RCT6N, STM32G0C1REI6N, STM32G0C1RET6N, STM32G0C1VCI6, STM32G0C1VEI6, STM32G471CCT6, STM32G471CCU6, STM32G471CET3, STM32G471CET6, STM32G471CEU3, STM32G471CEU6, STM32G471MCT6, STM32G471MET3, STM32G471MET6, STM32G471MEY6TR, STM32G471QCT6, STM32G471QET3, STM32G471RCT6, STM32G471RET3, STM32G471RET6, STM32G471VCH6, STM32G471VCI6, STM32G471VCT6, STM32G471VEH3, STM32G471VEH6, STM32G471VEI3, STM32G471VEI6, STM32G471VET3, STM32G471VET6, STM32G474CCT6, STM32H503CBT6, STM32H503CBU6, STM32H503EBY6TR, STM32H503KBU6, STM32H503RBT6, STM32H562AGI6, STM32H562AII6, STM32H562IGK6, STM32H562IGT6, STM32H562IIK6, STM32H562IIT6, STM32H562RGT6, STM32H562RGV6, STM32H562RIT6, STM32H562RIV6, STM32H562VGT6, STM32H562VIT6, STM32H562ZGT6, STM32H562ZIT6, STM32H563AGI6, STM32H563AII3Q, STM32H563AII6, STM32H563IGK6, STM32H563IGT6, STM32H563IIK3Q, STM32H563IIK6, STM32H563IIT3Q, STM32H563IIT6, STM32H563MIY3QTR, STM32H563RGT6, STM32H563RGV6, STM32H563RIT6, STM32H563RIV6, STM32H563VGT6, STM32H563VIT3Q, STM32H563VIT6, STM32H563ZGT6, STM32H563ZIT3Q, STM32H563ZIT6, STM32H573AII3Q, STM32H573AII6, STM32H573I-DK, STM32H573IIK3Q, STM32H573IIK6, STM32H573IIT3Q, STM32H573IIT6, STM32H573MIY3QTR, STM32H573RIT6, STM32H573RIV6, STM32H573VIT3Q, STM32H573VIT6, STM32H573ZIT3Q, STM32H573ZIT6, STM32L4R5QGI6STR, STM32MP131AAE3, STM32MP131AAF3, STM32MP131AAG3, STM32MP131CAE3, STM32MP131CAF3, STM32MP131CAG3, STM32MP131DAE7, STM32MP131DAF7, STM32MP131DAG7, STM32MP131FAE7, STM32MP131FAF7, STM32MP131FAG7, STM32MP133AAE3, STM32MP133AAF3, STM32MP133AAG3, STM32MP133CAE3, STM32MP133CAF3, STM32MP133CAG3, STM32MP133DAE7, STM32MP133DAF7, STM32MP133DAG7, STM32MP133FAE7, STM32MP133FAF7, STM32MP133FAG7, STM32MP135AAE3, STM32MP135AAF3, STM32MP135AAG3, STM32MP135CAE3, STM32MP135CAF3, STM32MP135CAG3, STM32MP135DAE7, STM32MP135DAF7, STM32MP135DAG7, STM32MP135F-DK, STM32MP135FAE7, STM32MP135FAF7, STM32MP135FAF7T, STM32MP135FAF7U, STM32MP135FAG7, STM32U535CBT6, STM32U535CBT6Q, STM32U535CBU6, STM32U535CBU6Q, STM32U535CCT6, STM32U535CCT6Q, STM32U535CCU6, STM32U535CCU6Q, STM32U535CET6, STM32U535CET6Q, STM32U535CEU6, STM32U535CEU6Q, STM32U535JEY6QTR, STM32U535NCY6QTR, STM32U535NEY6QTR, STM32U535RBI6, STM32U535RBI6Q, STM32U535RBT6, STM32U535RBT6Q, STM32U535RCI6, STM32U535RCI6Q, STM32U535RCT6, STM32U535RCT6Q, STM32U535REI6, STM32U535REI6Q, STM32U535RET6, STM32U535RET6Q, STM32U535VCI6, STM32U535VCI6Q, STM32U535VCT6, STM32U535VCT6Q, STM32U535VEI6, STM32U535VEI6Q, STM32U535VET6, STM32U535VET6Q, STM32U545CET6, STM32U545CET6Q, STM32U545CEU6, STM32U545CEU6Q, STM32U545JEY6QTR, STM32U545NEY6QTR, STM32U545REI6, STM32U545REI6Q, STM32U545RET6, STM32U545RET6Q, STM32U545VEI6, STM32U545VEI6Q, STM32U545VET6, STM32U545VET6Q, STM32U595AIH6, STM32U595AIH6Q, STM32U595AJH6, STM32U595AJH6Q, STM32U595QII6, STM32U595QII6Q, STM32U595QJI6, STM32U595QJI6Q, STM32U595RIT6, STM32U595RIT6Q, STM32U595RJT6, STM32U595RJT6Q, STM32U595VIT6, STM32U595VIT6Q, STM32U595VJT6, STM32U595VJT6Q, STM32U595ZIT6, STM32U595ZIT6Q, STM32U595ZIY6QTR, STM32U595ZJT6, STM32U595ZJT6Q, STM32U595ZJY6QTR, STM32U599BJY6QTR, STM32U599NIH6Q, STM32U599NJH6Q, STM32U599VIT6Q, STM32U599VJT6, STM32U599VJT6Q, STM32U599ZIT6Q, STM32U599ZIY6QTR, STM32U599ZJT6Q, STM32U599ZJY6QTR, STM32U5A5AJH6, STM32U5A5AJH6Q, STM32U5A5QJI6, STM32U5A5QJI6Q, STM32U5A5RJT6, STM32U5A5RJT6Q, STM32U5A5VJT6, STM32U5A5VJT6Q, STM32U5A5ZJT6, STM32U5A5ZJT6Q, STM32U5A5ZJY6QTR, STM32U5A9BJY6QTR, STM32U5A9J-DK, STM32U5A9NJH6Q, STM32U5A9VJT6Q, STM32U5A9ZJT6Q, STM32U5A9ZJY6QTR, STM32U5F7VIT6, STM32U5F7VIT6Q, STM32U5F7VJT6, STM32U5F7VJT6Q, STM32U5F9BJY6QTR, STM32U5F9NJH6Q, STM32U5F9VIT6Q, STM32U5F9VJT6Q, STM32U5F9ZIJ6QTR, STM32U5F9ZIT6Q, STM32U5F9ZJJ6QTR, STM32U5F9ZJT6Q, STM32U5G7VJT6, STM32U5G7VJT6Q, STM32U5G9BJY6QTR, STM32U5G9J-DK1, STM32U5G9J-DK2, STM32U5G9NJH6Q, STM32U5G9VJT6Q, STM32U5G9ZJJ6QTR, STM32U5G9ZJT6Q, STM32WB1MMCH6, STM32WBA50KEU6, STM32WBA50KEU6TR, STM32WBA50KGU6, STM32WBA50KGU6TR, STM32WBA52CEU6, STM32WBA52CEU6TR, STM32WBA52CEU7, STM32WBA52CEU7TR, STM32WBA52CGU6, STM32WBA52CGU6TR, STM32WBA52CGU6U, STM32WBA52CGU7, STM32WBA52CGU7TR, STM32WBA52KEU6, STM32WBA52KEU6TR, STM32WBA52KGU6, STM32WBA52KGU6TR, STM32WBA54CEU6, STM32WBA54CEU6TR, STM32WBA54CEU7, STM32WBA54CEU7TR, STM32WBA54CGU6, STM32WBA54CGU6TR, STM32WBA54CGU7, STM32WBA54CGU7TR, STM32WBA54KEU6, STM32WBA54KEU6TR, STM32WBA54KEU7, STM32WBA54KEU7TR, STM32WBA54KGU6, STM32WBA54KGU6TR, STM32WBA54KGU7, STM32WBA54KGU7TR, STM32WBA55CEU6, STM32WBA55CEU6TR, STM32WBA55CEU7, STM32WBA55CEU7TR, STM32WBA55CGU6, STM32WBA55CGU6TR, STM32WBA55CGU6U, STM32WBA55CGU7, STM32WBA55CGU7TR, STM32WBA55G-DK1, STM32WBA55HEF6, STM32WBA55HEF7, STM32WBA55HGF6, STM32WBA55HGF7, STM32WBA55UEI6, STM32WBA55UEI6TR, STM32WBA55UEI7, STM32WBA55UEI7TR, STM32WBA55UGI6, STM32WBA55UGI6TR, STM32WBA55UGI7, STM32WBA55UGI7TR, STM32WL5MOCH6, STM32WL5MOCH6TR]
2024-04-23 18:11:45,402 [INFO] ApiDb:668 - CubeFinder database Data Model version=2.1
2024-04-23 18:11:45,403 [INFO] ApiDb:669 - CubeFinder database Configuration version=3.0.39
2024-04-23 18:11:45,403 [INFO] ApiDb:670 - CubeFinder database generation date=2024-03-25 (1711369621)
2024-04-23 18:11:45,403 [INFO] ApiDb:671 - CubeFinder database FW Pack versions=[FP-ATR-ASTRA1_V2.0.0, FP-SNS-FLIGHT1_V5.0.1, FP-SNS-FLIGHT1_V5.0.2, FP-SNS-MOTENV1_V4.3.1, FP-SNS-MOTENV1_V4.3.2, FP-SNS-MOTENVWB1_V1.3.1, FP-SNS-SMARTAG2_V1.2.0, STM32Cube_FW_C0_V1.1.0, STM32Cube_FW_F4_V1.28.0, STM32Cube_FW_F7_V1.17.0, STM32Cube_FW_G0_V1.6.2, STM32Cube_FW_G4_V1.5.2, STM32Cube_FW_H5_V0.5.1, STM32Cube_FW_H5_V1.1.1, STM32Cube_FW_H5_V1.2.0, STM32Cube_FW_H5_V1.2.0RC4, STM32Cube_FW_H7RS_V1.0.0, STM32Cube_FW_H7RS_V1.0.0RC4, STM32Cube_FW_H7_V1.11.0, STM32Cube_FW_L0_V1.12.2, STM32Cube_FW_L5_V1.5.1, STM32Cube_FW_U0_V1.0.0, STM32Cube_FW_U0_V1.0.0RC1, STM32Cube_FW_U5_V1.3.0RC4, STM32Cube_FW_U5_V1.5.0, STM32Cube_FW_U5_V1.5.0RC1, STM32Cube_FW_WBA_V1.0.0RC1, STM32Cube_FW_WBA_V1.2.0, STM32Cube_FW_WBA_V1.2.0RC2, STM32Cube_FW_WBA_V1.3.0, STM32Cube_FW_WBA_V1.3.0RC1, STM32Cube_FW_WB_V1.15.0RC1, STM32Cube_FW_WB_V1.16.0, STM32Cube_FW_WB_V1.16.0RC2, STM32Cube_FW_WB_V1.18.0, STM32Cube_FW_WB_V1.19.0, STM32Cube_FW_WL_V1.3.0, X-CUBE-ALGOBUILD_V1.3.0, X-CUBE-ALS_V1.0.1, X-CUBE-AZRTOS-F4_V1.1.0, X-CUBE-AZRTOS-F7_V1.1.0, X-CUBE-AZRTOS-G0_V1.1.0, X-CUBE-AZRTOS-G4_V2.0.0, X-CUBE-AZRTOS-H7_V3.2.0, X-CUBE-AZRTOS-L4_V1.0.0, X-CUBE-AZRTOS-L4_V2.0.0, X-CUBE-AZRTOS-L5_V1.1.0, X-CUBE-AZRTOS-WB_V2.0.0, X-CUBE-AZRTOS-WL_V2.0.0, X-CUBE-BLE1_V7.0.0, X-CUBE-BLE2_V3.3.0, X-CUBE-BLEMGR_V3.1.0, X-CUBE-EEPRMA1_V4.1.0, X-CUBE-EEPRMA1_V5.1.0, X-CUBE-FREERTOS_V1.1.0, X-CUBE-GNSS1_V6.0.0, X-CUBE-MEMS1_V10.0.0, X-CUBE-MEMS1_V9.1.0, X-CUBE-MEMS1_V9.4.0, X-CUBE-MEMS1_V9.6.0, X-CUBE-NFC4_V3.0.0, X-CUBE-NFC7_V1.0.1, X-CUBE-SFXS2LP1_V4.0.0, X-CUBE-SUBG2_V5.0.0, X-CUBE-TOF1_V3.4.0]
2024-04-23 18:11:47,179 [WARN] PackLoader:240 - Cannot read IP mode file for STMicroelectronics.FP-SNS-MOTENVWB1.1.4.0
2024-04-23 18:11:47,214 [WARN] PackLoader:240 - Cannot read IP mode file for STMicroelectronics.X-CUBE-SMBUS.2.1.0
2024-04-23 18:11:47,240 [WARN] PackLoader:240 - Cannot read IP mode file for STMicroelectronics.X-CUBE-TOUCHGFX.4.23.1
2024-04-23 18:11:47,262 [WARN] PackLoader:240 - Cannot read IP mode file for STMicroelectronics.X-CUBE-TOUCHGFX.4.23.0
2024-04-23 18:11:47,284 [WARN] PackLoader:240 - Cannot read IP mode file for STMicroelectronics.X-CUBE-TOUCHGFX.4.23.2
2024-04-23 18:11:47,342 [WARN] PackLoader:240 - Cannot read IP mode file for STMicroelectronics.X-CUBE-AZRTOS-F7.1.1.0
2024-04-23 18:11:47,367 [WARN] PackLoader:240 - Cannot read IP mode file for STMicroelectronics.FP-SNS-MOTENV1.4.3.2
2024-04-23 18:11:47,388 [WARN] PackLoader:240 - Cannot read IP mode file for STMicroelectronics.FP-SNS-FLIGHT1.5.0.2
2024-04-23 18:11:47,404 [INFO] WebApp:161 - Instantiating new browser for Auth
2024-04-23 18:11:47,415 [WARN] PackLoader:240 - Cannot read IP mode file for STMicroelectronics.X-CUBE-DISPLAY.3.0.0
2024-04-23 18:11:47,474 [WARN] PackLoader:240 - Cannot read IP mode file for STMicroelectronics.X-CUBE-BLE1.7.0.0
2024-04-23 18:11:47,500 [WARN] PackLoader:240 - Cannot read IP mode file for emotas.I-CUBE-CANOPEN.1.3.0
2024-04-23 18:11:47,536 [WARN] PackLoader:240 - Cannot read IP mode file for STMicroelectronics.X-CUBE-BLEMGR.3.1.0
2024-04-23 18:11:47,565 [WARN] PackLoader:240 - Cannot read IP mode file for STMicroelectronics.FP-SNS-SMARTAG2.1.2.0
2024-04-23 18:11:47,607 [INFO] LogOutputStream:77 - [STDOUT_REDIRECT] 1 : Invalid condition id : UX_CORESTACK_Condition cause : null
2024-04-23 18:11:47,610 [INFO] LogOutputStream:77 - [STDOUT_REDIRECT] 1 : Invalid condition id : UX_CORESTACK_Condition cause : null
2024-04-23 18:11:47,613 [INFO] LogOutputStream:77 - [STDOUT_REDIRECT] 1 : Invalid condition id : UX_CORESTACK_Condition cause : null
2024-04-23 18:11:47,615 [INFO] LogOutputStream:77 - [STDOUT_REDIRECT] 1 : Invalid condition id : UX_CORESTACK_Condition cause : null
2024-04-23 18:11:47,617 [INFO] LogOutputStream:77 - [STDOUT_REDIRECT] 1 : Invalid condition id : UX_CORESTACK_Condition cause : null
2024-04-23 18:11:47,622 [WARN] PackLoader:240 - Cannot read IP mode file for STMicroelectronics.X-CUBE-AZRTOS-WL.2.0.0
2024-04-23 18:11:47,649 [WARN] PackLoader:240 - Cannot read IP mode file for STMicroelectronics.FP-SNS-MOTENV1.5.0.0
2024-04-23 18:11:47,684 [WARN] PackLoader:240 - Cannot read IP mode file for WES.I-CUBE-Cesium.1.3.0
2024-04-23 18:11:47,710 [WARN] PackLoader:240 - Cannot read IP mode file for STMicroelectronics.X-CUBE-BLE2.3.3.0
2024-04-23 18:11:47,733 [WARN] PackLoader:240 - Cannot read IP mode file for STMicroelectronics.X-CUBE-TCPP.4.1.0
2024-04-23 18:11:47,755 [WARN] PackLoader:240 - Cannot read IP mode file for STMicroelectronics.X-CUBE-ALGOBUILD.1.3.0
2024-04-23 18:11:47,808 [WARN] PackLoader:240 - Cannot read IP mode file for STMicroelectronics.X-CUBE-AZRTOS-G0.1.1.0
2024-04-23 18:11:47,835 [WARN] PackLoader:240 - Cannot read IP mode file for STMicroelectronics.X-CUBE-SAFEA1.1.2.2
2024-04-23 18:11:47,873 [WARN] PackLoader:240 - Cannot read IP mode file for STMicroelectronics.X-CUBE-NFC4.3.0.0
2024-04-23 18:11:47,897 [WARN] PackLoader:240 - Cannot read IP mode file for STMicroelectronics.FP-ATR-SIGFOX1.3.2.0
2024-04-23 18:11:47,927 [WARN] PackLoader:240 - Cannot read IP mode file for STMicroelectronics.X-CUBE-EEPRMA1.5.1.0
2024-04-23 18:11:47,996 [WARN] PackLoader:240 - Cannot read IP mode file for SEGGER.I-CUBE-embOS.1.3.1
2024-04-23 18:11:48,060 [WARN] PackLoader:240 - Cannot read IP mode file for STMicroelectronics.X-CUBE-GNSS1.6.0.0
2024-04-23 18:11:48,107 [WARN] PackLoader:240 - Cannot read IP mode file for STMicroelectronics.X-CUBE-AZRTOS-F4.1.1.0
2024-04-23 18:11:48,134 [WARN] PackLoader:240 - Cannot read IP mode file for wolfSSL.I-CUBE-wolfSSL.5.6.6
2024-04-23 18:11:48,138 [INFO] ApiDb:240 - Found 371 in-development CPN: [B-G473E-ZEST1S, B-WB1M-WPAN1, B-WL5M-SUBG1, NUCLEO-C031C6, NUCLEO-H503RB, NUCLEO-H563ZI, NUCLEO-U545RE-Q, NUCLEO-U5A5ZJ-Q, NUCLEO-WBA52CG, NUCLEO-WBA55CG, STEVAL-MKBOXPRO, STEVAL-PROTEUS1, STEVAL-STWINBX1, STM320518-EVAL, STM32C0116-DK, STM32C011D6Y3TR, STM32C011D6Y6TR, STM32C011F4P3, STM32C011F4P6, STM32C011F4U3, STM32C011F4U6TR, STM32C011F6P3, STM32C011F6P6, STM32C011F6U3, STM32C011F6U6TR, STM32C011J4M3, STM32C011J4M6, STM32C011J6M3, STM32C011J6M6, STM32C0316-DK, STM32C031C4T3, STM32C031C4T6, STM32C031C4U3, STM32C031C4U6, STM32C031C6T3, STM32C031C6T6, STM32C031C6U3, STM32C031C6U6, STM32C031F4P3, STM32C031F4P6, STM32C031F6P3, STM32C031F6P6, STM32C031G4U3, STM32C031G4U6, STM32C031G6U3, STM32C031G6U6, STM32C031K4T3, STM32C031K4T6, STM32C031K4U3, STM32C031K4U6, STM32C031K6T3, STM32C031K6T6, STM32C031K6U3, STM32C031K6U6, STM32G071K8TXN, STM32G071K8UXN, STM32G081GBU6N, STM32G081KBT6N, STM32G081KBUXN, STM32G0B1CCT6N, STM32G0B1KCT6, STM32G0B1NEY6TR, STM32G0B1RCT6N, STM32G0C1CCT6, STM32G0C1CCT6N, STM32G0C1CCU6N, STM32G0C1CET6N, STM32G0C1CEU6N, STM32G0C1KCT6, STM32G0C1NEY6TR, STM32G0C1RCI6N, STM32G0C1RCT6N, STM32G0C1REI6N, STM32G0C1RET6N, STM32G0C1VCI6, STM32G0C1VEI6, STM32G471CCT6, STM32G471CCU6, STM32G471CET3, STM32G471CET6, STM32G471CEU3, STM32G471CEU6, STM32G471MCT6, STM32G471MET3, STM32G471MET6, STM32G471MEY6TR, STM32G471QCT6, STM32G471QET3, STM32G471RCT6, STM32G471RET3, STM32G471RET6, STM32G471VCH6, STM32G471VCI6, STM32G471VCT6, STM32G471VEH3, STM32G471VEH6, STM32G471VEI3, STM32G471VEI6, STM32G471VET3, STM32G471VET6, STM32G474CCT6, STM32H503CBT6, STM32H503CBU6, STM32H503EBY6TR, STM32H503KBU6, STM32H503RBT6, STM32H562AGI6, STM32H562AII6, STM32H562IGK6, STM32H562IGT6, STM32H562IIK6, STM32H562IIT6, STM32H562RGT6, STM32H562RGV6, STM32H562RIT6, STM32H562RIV6, STM32H562VGT6, STM32H562VIT6, STM32H562ZGT6, STM32H562ZIT6, STM32H563AGI6, STM32H563AII3Q, STM32H563AII6, STM32H563IGK6, STM32H563IGT6, STM32H563IIK3Q, STM32H563IIK6, STM32H563IIT3Q, STM32H563IIT6, STM32H563MIY3QTR, STM32H563RGT6, STM32H563RGV6, STM32H563RIT6, STM32H563RIV6, STM32H563VGT6, STM32H563VIT3Q, STM32H563VIT6, STM32H563ZGT6, STM32H563ZIT3Q, STM32H563ZIT6, STM32H573AII3Q, STM32H573AII6, STM32H573I-DK, STM32H573IIK3Q, STM32H573IIK6, STM32H573IIT3Q, STM32H573IIT6, STM32H573MIY3QTR, STM32H573RIT6, STM32H573RIV6, STM32H573VIT3Q, STM32H573VIT6, STM32H573ZIT3Q, STM32H573ZIT6, STM32L4R5QGI6STR, STM32MP131AAE3, STM32MP131AAF3, STM32MP131AAG3, STM32MP131CAE3, STM32MP131CAF3, STM32MP131CAG3, STM32MP131DAE7, STM32MP131DAF7, STM32MP131DAG7, STM32MP131FAE7, STM32MP131FAF7, STM32MP131FAG7, STM32MP133AAE3, STM32MP133AAF3, STM32MP133AAG3, STM32MP133CAE3, STM32MP133CAF3, STM32MP133CAG3, STM32MP133DAE7, STM32MP133DAF7, STM32MP133DAG7, STM32MP133FAE7, STM32MP133FAF7, STM32MP133FAG7, STM32MP135AAE3, STM32MP135AAF3, STM32MP135AAG3, STM32MP135CAE3, STM32MP135CAF3, STM32MP135CAG3, STM32MP135DAE7, STM32MP135DAF7, STM32MP135DAG7, STM32MP135F-DK, STM32MP135FAE7, STM32MP135FAF7, STM32MP135FAF7T, STM32MP135FAF7U, STM32MP135FAG7, STM32U535CBT6, STM32U535CBT6Q, STM32U535CBU6, STM32U535CBU6Q, STM32U535CCT6, STM32U535CCT6Q, STM32U535CCU6, STM32U535CCU6Q, STM32U535CET6, STM32U535CET6Q, STM32U535CEU6, STM32U535CEU6Q, STM32U535JEY6QTR, STM32U535NCY6QTR, STM32U535NEY6QTR, STM32U535RBI6, STM32U535RBI6Q, STM32U535RBT6, STM32U535RBT6Q, STM32U535RCI6, STM32U535RCI6Q, STM32U535RCT6, STM32U535RCT6Q, STM32U535REI6, STM32U535REI6Q, STM32U535RET6, STM32U535RET6Q, STM32U535VCI6, STM32U535VCI6Q, STM32U535VCT6, STM32U535VCT6Q, STM32U535VEI6, STM32U535VEI6Q, STM32U535VET6, STM32U535VET6Q, STM32U545CET6, STM32U545CET6Q, STM32U545CEU6, STM32U545CEU6Q, STM32U545JEY6QTR, STM32U545NEY6QTR, STM32U545REI6, STM32U545REI6Q, STM32U545RET6, STM32U545RET6Q, STM32U545VEI6, STM32U545VEI6Q, STM32U545VET6, STM32U545VET6Q, STM32U595AIH6, STM32U595AIH6Q, STM32U595AJH6, STM32U595AJH6Q, STM32U595QII6, STM32U595QII6Q, STM32U595QJI6, STM32U595QJI6Q, STM32U595RIT6, STM32U595RIT6Q, STM32U595RJT6, STM32U595RJT6Q, STM32U595VIT6, STM32U595VIT6Q, STM32U595VJT6, STM32U595VJT6Q, STM32U595ZIT6, STM32U595ZIT6Q, STM32U595ZIY6QTR, STM32U595ZJT6, STM32U595ZJT6Q, STM32U595ZJY6QTR, STM32U599BJY6QTR, STM32U599NIH6Q, STM32U599NJH6Q, STM32U599VIT6Q, STM32U599VJT6, STM32U599VJT6Q, STM32U599ZIT6Q, STM32U599ZIY6QTR, STM32U599ZJT6Q, STM32U599ZJY6QTR, STM32U5A5AJH6, STM32U5A5AJH6Q, STM32U5A5QJI6, STM32U5A5QJI6Q, STM32U5A5RJT6, STM32U5A5RJT6Q, STM32U5A5VJT6, STM32U5A5VJT6Q, STM32U5A5ZJT6, STM32U5A5ZJT6Q, STM32U5A5ZJY6QTR, STM32U5A9BJY6QTR, STM32U5A9J-DK, STM32U5A9NJH6Q, STM32U5A9VJT6Q, STM32U5A9ZJT6Q, STM32U5A9ZJY6QTR, STM32U5F7VIT6, STM32U5F7VIT6Q, STM32U5F7VJT6, STM32U5F7VJT6Q, STM32U5F9BJY6QTR, STM32U5F9NJH6Q, STM32U5F9VIT6Q, STM32U5F9VJT6Q, STM32U5F9ZIJ6QTR, STM32U5F9ZIT6Q, STM32U5F9ZJJ6QTR, STM32U5F9ZJT6Q, STM32U5G7VJT6, STM32U5G7VJT6Q, STM32U5G9BJY6QTR, STM32U5G9J-DK1, STM32U5G9J-DK2, STM32U5G9NJH6Q, STM32U5G9VJT6Q, STM32U5G9ZJJ6QTR, STM32U5G9ZJT6Q, STM32WB1MMCH6, STM32WBA50KEU6, STM32WBA50KEU6TR, STM32WBA50KGU6, STM32WBA50KGU6TR, STM32WBA52CEU6, STM32WBA52CEU6TR, STM32WBA52CEU7, STM32WBA52CEU7TR, STM32WBA52CGU6, STM32WBA52CGU6TR, STM32WBA52CGU6U, STM32WBA52CGU7, STM32WBA52CGU7TR, STM32WBA52KEU6, STM32WBA52KEU6TR, STM32WBA52KGU6, STM32WBA52KGU6TR, STM32WBA54CEU6, STM32WBA54CEU6TR, STM32WBA54CEU7, STM32WBA54CEU7TR, STM32WBA54CGU6, STM32WBA54CGU6TR, STM32WBA54CGU7, STM32WBA54CGU7TR, STM32WBA54KEU6, STM32WBA54KEU6TR, STM32WBA54KEU7, STM32WBA54KEU7TR, STM32WBA54KGU6, STM32WBA54KGU6TR, STM32WBA54KGU7, STM32WBA54KGU7TR, STM32WBA55CEU6, STM32WBA55CEU6TR, STM32WBA55CEU7, STM32WBA55CEU7TR, STM32WBA55CGU6, STM32WBA55CGU6TR, STM32WBA55CGU6U, STM32WBA55CGU7, STM32WBA55CGU7TR, STM32WBA55G-DK1, STM32WBA55HEF6, STM32WBA55HEF7, STM32WBA55HGF6, STM32WBA55HGF7, STM32WBA55UEI6, STM32WBA55UEI6TR, STM32WBA55UEI7, STM32WBA55UEI7TR, STM32WBA55UGI6, STM32WBA55UGI6TR, STM32WBA55UGI7, STM32WBA55UGI7TR, STM32WL5MOCH6, STM32WL5MOCH6TR]
2024-04-23 18:11:48,145 [INFO] DbMcus:218 - Found 4069 MCUs, 4069 are supported
2024-04-23 18:11:48,147 [INFO] ApiDb:423 - Load user favorites file C:\Users\conne/.stm32cubeide/favorites.mcus.txt: 0 item(s)
2024-04-23 18:11:48,147 [INFO] ApiDb:427 - User favorites MCUs=[]
2024-04-23 18:11:48,147 [INFO] DbMcus:224 - Set 0 / 0 favorites MCUs
2024-04-23 18:11:48,178 [WARN] PackLoader:240 - Cannot read IP mode file for STMicroelectronics.X-CUBE-AZRTOS-L5.2.0.0
2024-04-23 18:11:48,223 [WARN] PackLoader:240 - Cannot read IP mode file for STMicroelectronics.X-CUBE-NFC6.3.1.0
2024-04-23 18:11:48,251 [WARN] PackLoader:240 - Cannot read IP mode file for ITTIA_DB.I-CUBE-ITTIADB.8.8.0
2024-04-23 18:11:48,276 [WARN] PackLoader:240 - Cannot read IP mode file for STMicroelectronics.X-CUBE-AI.9.0.0
2024-04-23 18:11:48,301 [WARN] PackLoader:240 - Cannot read IP mode file for STMicroelectronics.X-CUBE-NFC7.1.0.1
2024-04-23 18:11:48,329 [WARN] PackLoader:240 - Cannot read IP mode file for STMicroelectronics.X-CUBE-NFC6.3.0.0
2024-04-23 18:11:48,354 [WARN] PackLoader:240 - Cannot read IP mode file for STMicroelectronics.X-CUBE-AI.8.1.0
2024-04-23 18:11:48,400 [WARN] ConditionMgr:438 - getConditionDescription Invalid condition id : LAN8742 Phy interface Condition cause : null
2024-04-23 18:11:48,402 [WARN] PackLoader:240 - Cannot read IP mode file for STMicroelectronics.X-CUBE-AZRTOS-L4.2.0.0
2024-04-23 18:11:48,403 [WARN] ConditionMgr:1039 - genDependencies : Invalid condition id : LAN8742 Phy interface Condition cause : null
2024-04-23 18:11:48,405 [WARN] ConditionMgr:1039 - genDependencies : Invalid condition id : LAN8742 Phy interface Condition cause : null
2024-04-23 18:11:48,406 [WARN] ConditionMgr:1039 - genDependencies : Invalid condition id : LAN8742 Phy interface Condition cause : null
2024-04-23 18:11:48,430 [WARN] PackLoader:240 - Cannot read IP mode file for STMicroelectronics.X-CUBE-SFXS2LP1.4.0.0
2024-04-23 18:11:48,463 [WARN] ConditionMgr:438 - getConditionDescription Invalid condition id : UX DEVICE CLASS RTOS Condition cause : null
2024-04-23 18:11:48,463 [WARN] ConditionMgr:438 - getConditionDescription Invalid condition id : UX DEVICE CLASS RTOS Condition cause : null
2024-04-23 18:11:48,465 [WARN] PackLoader:240 - Cannot read IP mode file for STMicroelectronics.X-CUBE-AZRTOS-WB.2.0.0
2024-04-23 18:11:48,465 [WARN] ConditionMgr:1039 - genDependencies : Invalid condition id : UX DEVICE CLASS RTOS Condition cause : null
2024-04-23 18:11:48,465 [WARN] ConditionMgr:1039 - genDependencies : Invalid condition id : UX DEVICE CLASS RTOS Condition cause : null
2024-04-23 18:11:48,466 [WARN] ConditionMgr:1039 - genDependencies : Invalid condition id : UX DEVICE CLASS RTOS Condition cause : null
2024-04-23 18:11:48,466 [WARN] ConditionMgr:1039 - genDependencies : Invalid condition id : UX DEVICE CLASS RTOS Condition cause : null
2024-04-23 18:11:48,466 [WARN] ConditionMgr:1039 - genDependencies : Invalid condition id : UX DEVICE CLASS RTOS Condition cause : null
2024-04-23 18:11:48,500 [WARN] PackLoader:240 - Cannot read IP mode file for STMicroelectronics.X-CUBE-SUBG2.5.0.0
2024-04-23 18:11:48,569 [WARN] PackLoader:240 - Cannot read IP mode file for STMicroelectronics.X-CUBE-AZRTOS-G4.2.0.0
2024-04-23 18:11:48,615 [WARN] PackLoader:240 - Cannot read IP mode file for Infineon.AIROC-Wi-Fi-Bluetooth-STM32.1.5.1
2024-04-23 18:11:48,635 [WARN] PackLoader:240 - Cannot read IP mode file for STMicroelectronics.FP-SNS-MOTENVWB1.1.3.1
2024-04-23 18:11:48,659 [WARN] PackLoader:240 - Cannot read IP mode file for STMicroelectronics.X-CUBE-ISPU.2.0.0
2024-04-23 18:11:48,727 [INFO] WebApp:780 - Register for checkConnection events
2024-04-23 18:11:48,727 [INFO] WebApp:414 - Apply proxy settings
2024-04-23 18:11:48,728 [INFO] WebApp:499 - Chromium requires no authentication
2024-04-23 18:11:48,736 [WARN] PackLoader:240 - Cannot read IP mode file for STMicroelectronics.X-CUBE-MEMS1.10.0.0
2024-04-23 18:11:48,752 [INFO] WebApp:442 - Direct internet connection detected
2024-04-23 18:11:48,892 [WARN] PackLoader:240 - Cannot read IP mode file for STMicroelectronics.X-CUBE-FREERTOS.1.1.0
2024-04-23 18:11:48,919 [WARN] PackLoader:240 - Cannot read IP mode file for portGmbH.I-Cube-SoM-uGOAL.1.1.0
2024-04-23 18:11:48,939 [WARN] PackLoader:240 - Cannot read IP mode file for STMicroelectronics.X-CUBE-ALS.1.0.1
2024-04-23 18:11:48,939 [INFO] BoardInfo:889 - No configuration file found for board NUCLEO-H7S3L8
2024-04-23 18:11:48,940 [INFO] DbBoards:161 - Board is not supported: NUCLEO-H7S3L8
2024-04-23 18:11:48,998 [WARN] PackLoader:240 - Cannot read IP mode file for STMicroelectronics.X-CUBE-AZRTOS-H7RS.1.0.0
2024-04-23 18:11:49,028 [INFO] BoardInfo:889 - No configuration file found for board NUCLEO-U031R8
2024-04-23 18:11:49,028 [WARN] PackLoader:240 - Cannot read IP mode file for STMicroelectronics.FP-ATR-ASTRA1.2.0.0
2024-04-23 18:11:49,029 [INFO] DbBoards:161 - Board is not supported: NUCLEO-U031R8
2024-04-23 18:11:49,032 [INFO] BoardInfo:889 - No configuration file found for board NUCLEO-U083RC
2024-04-23 18:11:49,033 [INFO] DbBoards:161 - Board is not supported: NUCLEO-U083RC
2024-04-23 18:11:49,054 [WARN] PackLoader:240 - Cannot read IP mode file for STMicroelectronics.X-CUBE-TOF1.3.4.0
2024-04-23 18:11:49,066 [INFO] BoardInfo:889 - No configuration file found for board P-NUCLEO-WB55
2024-04-23 18:11:49,067 [INFO] DbBoards:161 - Kit is not supported: P-NUCLEO-WB55
2024-04-23 18:11:49,082 [INFO] BoardInfo:889 - No configuration file found for board STEVAL-BFA001V1B
2024-04-23 18:11:49,083 [INFO] DbBoards:161 - Kit is not supported: STEVAL-BFA001V1B
2024-04-23 18:11:49,086 [INFO] BoardInfo:889 - No configuration file found for board STEVAL-BFA001V2B
2024-04-23 18:11:49,087 [INFO] DbBoards:161 - Kit is not supported: STEVAL-BFA001V2B
2024-04-23 18:11:49,089 [WARN] PackLoader:240 - Cannot read IP mode file for STMicroelectronics.X-CUBE-TOF1.3.4.1
2024-04-23 18:11:49,138 [INFO] WebApp:192 - Starting web application
2024-04-23 18:11:49,138 [INFO] WebApp:544 - Web application path used C:\ST\STM32CubeIDE_1.14.1\STM32CubeIDE\plugins\com.st.stm32cube.common.mx_6.10.0.202311202037\db\plugins\mcufinder\reactClient1\index.html
2024-04-23 18:11:49,147 [WARN] PackLoader:240 - Cannot read IP mode file for STMicroelectronics.X-CUBE-AZRTOS-H7.3.2.0
2024-04-23 18:11:49,153 [INFO] ThirdParty:978 - Integrity check success = true
2024-04-23 18:11:49,153 [INFO] IntegrityCheckThread:100 - exiting critical section [integrity check]
2024-04-23 18:11:49,153 [INFO] IntegrityCheckThread:103 - End integrity checks thread
2024-04-23 18:11:49,251 [INFO] BoardInfo:889 - No configuration file found for board STM32H7S78-DK
2024-04-23 18:11:49,251 [INFO] DbBoards:161 - Board is not supported: STM32H7S78-DK
2024-04-23 18:11:49,296 [INFO] BoardInfo:889 - No configuration file found for board STM32U083C-DK
2024-04-23 18:11:49,297 [INFO] DbBoards:161 - Board is not supported: STM32U083C-DK
2024-04-23 18:11:49,310 [INFO] DbBoards:168 - Found 198 boards, 190 are supported
2024-04-23 18:11:49,311 [INFO] DbBoards:169 - Found 198 boards, 3 of them is supported for  Bsp
2024-04-23 18:11:49,316 [INFO] ApiDb:423 - Load user favorites file C:\Users\conne/.stm32cubeide/favorites.boards.txt: 0 item(s)
2024-04-23 18:11:49,316 [INFO] ApiDb:427 - User favorites Boards=[]
2024-04-23 18:11:49,316 [INFO] DbBoards:198 - Set 0 / 0 favorites Boards
2024-04-23 18:11:49,317 [INFO] McuFinderGlobals:76 - Set McuFinderConnectedMode to true
2024-04-23 18:11:49,327 [INFO] MultiScanPanel:200 - Auto-refresh data requested => check proxy status ongoing
2024-04-23 18:11:49,331 [INFO] FinderPluginLoader:95 - Searching for filters in installed packs
2024-04-23 18:11:50,782 [INFO] LoadUrlFilesThread:185 - End of LoadServerUrlFiles without Thread
2024-04-23 18:11:50,795 [INFO] DetailPanel:341 - Set advertising image to C:/Users/conne/STM32Cube/Repository/\en.prom-stm32wl3-mcu-finder.jpg
2024-04-23 18:12:10,273 [ERROR] LogOutputStream:75 - [STDERR_REDIRECT] SLF4J: Failed to load class "org.slf4j.impl.StaticLoggerBinder".
2024-04-23 18:12:10,276 [ERROR] LogOutputStream:75 - [STDERR_REDIRECT] SLF4J: Defaulting to no-operation (NOP) logger implementation
2024-04-23 18:12:10,277 [ERROR] LogOutputStream:75 - [STDERR_REDIRECT] SLF4J: See http://www.slf4j.org/codes.html#StaticLoggerBinder for further details.
2024-04-23 18:12:39,434 [INFO] MainUpdater:2873 - connection check result : 10
2024-04-23 18:12:39,434 [INFO] MainUpdater:2873 - connection check result : 10
2024-04-23 18:12:39,470 [INFO] MicroXplorer:468 - Change Database Path : 
2024-04-23 18:12:39,470 [INFO] MicroXplorer:498 - Change Database Version : DB.6.0.100
2024-04-23 18:12:39,505 [WARN] ThirdParty:871 - waiting for thirdparty lock release [close project]
2024-04-23 18:12:39,505 [INFO] ThirdParty:873 - entering critical section [close project]
2024-04-23 18:12:39,506 [INFO] ThirdParty:883 - exiting critical section [close project]
2024-04-23 18:12:39,511 [INFO] PinOutPanel:1499 - setPackage(No Configuration,No Configuration)
2024-04-23 18:12:39,520 [INFO] UtilMem:75 - Begin LoadConfig() Used Memory: 493736328 Bytes (529530880)
2024-04-23 18:12:39,523 [INFO] MicroXplorer:468 - Change Database Path : 
2024-04-23 18:12:39,524 [INFO] MicroXplorer:498 - Change Database Version : DB.6.0.100
2024-04-23 18:12:39,524 [INFO] OpenFileManager:312 - Change cursor
2024-04-23 18:12:39,655 [INFO] Mcu:2016 - Initializing MCU STM32F407VGTx STM32F407VGTx STM32F407VGT6
2024-04-23 18:12:41,814 [INFO] Context:659 - Trying to add GPIOservice into a context  which must be forbidden
2024-04-23 18:12:42,318 [INFO] ImportTextPane:194 - (OptionalMessage_ERROR) Unable to find key (Mcu.ThirdPartyNb) in loaded IOC file
2024-04-23 18:12:42,318 [INFO] ImportTextPane:194 - (OptionalMessage_ERROR) Unable to find key (Mcu.PinsNb) in loaded IOC file
2024-04-23 18:12:42,318 [INFO] ImportTextPane:194 - (OptionalMessage_ERROR) Unable to find key (Mcu.IPNb) in loaded IOC file
2024-04-23 18:12:42,408 [INFO] RtosManager:555 - Registered RTOS mode: class=CMSIS, group=RTOS, mode=CMSIS_V1, owner=FREERTOS
2024-04-23 18:12:42,408 [INFO] RtosManager:555 - Registered RTOS mode: class=CMSIS, group=RTOS2, mode=CMSIS_V2, owner=FREERTOS
2024-04-23 18:12:42,408 [INFO] RtosManager:555 - Registered RTOS mode: class=RTOS, group=Core, mode=CMSIS_V1, owner=FREERTOS
2024-04-23 18:12:42,408 [INFO] RtosManager:555 - Registered RTOS mode: class=RTOS, group=Core, mode=CMSIS_V2, owner=FREERTOS
2024-04-23 18:12:42,409 [WARN] ModelIntegratedComponent:184 - Missing modes for component STMicroelectronics:FreeRTOS:0.0.1:STMicroelectronics:RTOS:FreeRTOS:Core:::10.2.0:
2024-04-23 18:12:42,429 [WARN] ModelIntegratedComponent:63 - No mode defined for component null
2024-04-23 18:12:42,429 [WARN] ModelIntegratedComponent:63 - No mode defined for component null
2024-04-23 18:12:42,429 [WARN] ModelIntegratedComponent:63 - No mode defined for component null
2024-04-23 18:12:42,429 [WARN] ModelIntegratedComponent:63 - No mode defined for component null
2024-04-23 18:12:42,431 [WARN] ModelIntegratedComponent:63 - No mode defined for component null
2024-04-23 18:12:42,431 [WARN] ModelIntegratedComponent:63 - No mode defined for component null
2024-04-23 18:12:42,431 [WARN] ModelIntegratedComponent:63 - No mode defined for component null
2024-04-23 18:12:42,431 [WARN] ModelIntegratedComponent:63 - No mode defined for component null
2024-04-23 18:12:42,431 [WARN] ModelIntegratedComponent:63 - No mode defined for component null
2024-04-23 18:12:42,431 [WARN] ModelIntegratedComponent:63 - No mode defined for component null
2024-04-23 18:12:42,431 [WARN] ModelIntegratedComponent:63 - No mode defined for component null
2024-04-23 18:12:42,431 [WARN] ModelIntegratedComponent:63 - No mode defined for component null
2024-04-23 18:12:42,431 [WARN] ModelIntegratedComponent:63 - No mode defined for component null
2024-04-23 18:12:42,431 [WARN] ModelIntegratedComponent:63 - No mode defined for component null
2024-04-23 18:12:42,432 [WARN] ModelIntegratedComponent:63 - No mode defined for component null
2024-04-23 18:12:42,432 [WARN] ModelIntegratedComponent:63 - No mode defined for component null
2024-04-23 18:12:42,432 [WARN] ModelIntegratedComponent:63 - No mode defined for component null
2024-04-23 18:12:42,432 [WARN] ModelIntegratedComponent:63 - No mode defined for component null
2024-04-23 18:12:42,432 [WARN] ModelIntegratedComponent:63 - No mode defined for component null
2024-04-23 18:12:42,432 [WARN] ModelIntegratedComponent:63 - No mode defined for component null
2024-04-23 18:12:42,432 [WARN] ModelIntegratedComponent:63 - No mode defined for component null
2024-04-23 18:12:42,432 [WARN] ModelIntegratedComponent:63 - No mode defined for component null
2024-04-23 18:12:42,432 [WARN] ModelIntegratedComponent:63 - No mode defined for component null
2024-04-23 18:12:42,432 [WARN] ModelIntegratedComponent:63 - No mode defined for component null
2024-04-23 18:12:42,432 [WARN] ModelIntegratedComponent:63 - No mode defined for component null
2024-04-23 18:12:42,433 [WARN] ModelIntegratedComponent:63 - No mode defined for component null
2024-04-23 18:12:42,433 [WARN] ModelIntegratedComponent:63 - No mode defined for component null
2024-04-23 18:12:42,433 [WARN] ModelIntegratedComponent:63 - No mode defined for component null
2024-04-23 18:12:42,433 [WARN] ModelIntegratedComponent:63 - No mode defined for component null
2024-04-23 18:12:42,433 [WARN] ModelIntegratedComponent:63 - No mode defined for component null
2024-04-23 18:12:42,433 [WARN] ModelIntegratedComponent:63 - No mode defined for component null
2024-04-23 18:12:42,433 [WARN] ModelIntegratedComponent:63 - No mode defined for component null
2024-04-23 18:12:42,433 [WARN] ModelIntegratedComponent:63 - No mode defined for component null
2024-04-23 18:12:42,546 [INFO] ThirdPartyModel:298 - Start build external matchings
2024-04-23 18:12:43,047 [INFO] ThirdPartyModel:316 - End build external matchings
2024-04-23 18:12:43,395 [INFO] UtilMem:75 - End LoadConfig() Used Memory: 202310072 Bytes (529530880)
2024-04-23 18:12:43,429 [INFO] MicroXplorer:468 - Change Database Path : 
2024-04-23 18:12:43,430 [INFO] MicroXplorer:498 - Change Database Version : DB.6.0.100
2024-04-23 18:12:43,431 [WARN] ThirdParty:833 - waiting for thirdparty lock release [change project]
2024-04-23 18:12:43,431 [INFO] ThirdParty:835 - entering critical section [change project]
2024-04-23 18:12:43,431 [INFO] ThirdParty:1030 - CMSIS Pack Vendor :STMicroelectronics USBPD 4.1
2024-04-23 18:12:43,432 [INFO] ThirdParty:1030 - CMSIS Pack Vendor :STMicroelectronics X-CUBE-GNSS1 6.0.0
2024-04-23 18:12:43,432 [INFO] ThirdParty:1030 - CMSIS Pack Vendor :STMicroelectronics USB_HOST 2.0.0
2024-04-23 18:12:43,432 [INFO] ThirdParty:1030 - CMSIS Pack Vendor :STMicroelectronics FP-SNS-MOTENVWB1 1.4.0
2024-04-23 18:12:43,432 [INFO] ThirdParty:1030 - CMSIS Pack Vendor :STMicroelectronics X-CUBE-AZRTOS-F4 1.1.0
2024-04-23 18:12:43,432 [INFO] ThirdParty:1030 - CMSIS Pack Vendor :STMicroelectronics LIBJPEG 8.0.0
2024-04-23 18:12:43,432 [INFO] ThirdParty:1030 - CMSIS Pack Vendor :STMicroelectronics X-CUBE-SMBUS 2.1.0
2024-04-23 18:12:43,432 [INFO] ThirdParty:1030 - CMSIS Pack Vendor :STMicroelectronics USB_DEVICE 3.0.0
2024-04-23 18:12:43,432 [INFO] ThirdParty:1030 - CMSIS Pack Vendor :STMicroelectronics X-CUBE-TCPP 4.1.0
2024-04-23 18:12:43,432 [INFO] ThirdParty:1030 - CMSIS Pack Vendor :STMicroelectronics X-CUBE-AZRTOS-WB 2.0.0
2024-04-23 18:12:43,432 [INFO] ThirdParty:1030 - CMSIS Pack Vendor :wolfSSL I-CUBE-wolfSSL 5.6.6
2024-04-23 18:12:43,432 [INFO] ThirdParty:1030 - CMSIS Pack Vendor :STMicroelectronics X-CUBE-TOUCHGFX 4.23.1
2024-04-23 18:12:43,432 [INFO] ThirdParty:1030 - CMSIS Pack Vendor :STMicroelectronics X-CUBE-TOUCHGFX 4.23.0
2024-04-23 18:12:43,432 [INFO] ThirdParty:1030 - CMSIS Pack Vendor :STMicroelectronics X-CUBE-TOUCHGFX 4.23.2
2024-04-23 18:12:43,432 [INFO] ThirdParty:1030 - CMSIS Pack Vendor :STMicroelectronics X-CUBE-AZRTOS-F7 1.1.0
2024-04-23 18:12:43,432 [INFO] ThirdParty:1030 - CMSIS Pack Vendor :STMicroelectronics X-CUBE-AZRTOS-L5 2.0.0
2024-04-23 18:12:43,432 [INFO] ThirdParty:1030 - CMSIS Pack Vendor :STMicroelectronics USB_DEVICE 2.0.0
2024-04-23 18:12:43,432 [INFO] ThirdParty:1030 - CMSIS Pack Vendor :STMicroelectronics X-CUBE-NFC6 3.1.0
2024-04-23 18:12:43,432 [INFO] ThirdParty:1030 - CMSIS Pack Vendor :ITTIA_DB I-CUBE-ITTIADB 8.8.0
2024-04-23 18:12:43,433 [INFO] ThirdParty:1030 - CMSIS Pack Vendor :STMicroelectronics FP-SNS-MOTENV1 4.3.2
2024-04-23 18:12:43,433 [INFO] ThirdParty:1030 - CMSIS Pack Vendor :STMicroelectronics X-CUBE-ALGOBUILD 1.3.0
2024-04-23 18:12:43,433 [INFO] ThirdParty:1030 - CMSIS Pack Vendor :STMicroelectronics FreeRTOS 0.0.1
2024-04-23 18:12:43,433 [INFO] ThirdParty:1030 - CMSIS Pack Vendor :STMicroelectronics X-CUBE-AZRTOS-G0 1.1.0
2024-04-23 18:12:43,433 [INFO] ThirdParty:1030 - CMSIS Pack Vendor :STMicroelectronics X-CUBE-SAFEA1 1.2.2
2024-04-23 18:12:43,433 [INFO] ThirdParty:1030 - CMSIS Pack Vendor :STMicroelectronics X-CUBE-NFC4 3.0.0
2024-04-23 18:12:43,433 [INFO] ThirdParty:1030 - CMSIS Pack Vendor :STMicroelectronics X-CUBE-SUBG2 5.0.0
2024-04-23 18:12:43,433 [INFO] ThirdParty:1030 - CMSIS Pack Vendor :STMicroelectronics STM32_WPAN 1.0.0
2024-04-23 18:12:43,433 [INFO] ThirdParty:1030 - CMSIS Pack Vendor :STMicroelectronics lwIP 2.0.3
2024-04-23 18:12:43,433 [INFO] ThirdParty:1030 - CMSIS Pack Vendor :STMicroelectronics FP-SNS-FLIGHT1 5.0.2
2024-04-23 18:12:43,433 [INFO] ThirdParty:1030 - CMSIS Pack Vendor :STMicroelectronics USB_HOST 1.0.0
2024-04-23 18:12:43,433 [INFO] ThirdParty:1030 - CMSIS Pack Vendor :STMicroelectronics X-CUBE-AI 9.0.0
2024-04-23 18:12:43,433 [INFO] ThirdParty:1030 - CMSIS Pack Vendor :STMicroelectronics X-CUBE-AZRTOS-G4 2.0.0
2024-04-23 18:12:43,433 [INFO] ThirdParty:1030 - CMSIS Pack Vendor :STMicroelectronics PDM2PCM 3.1.0
2024-04-23 18:12:43,433 [INFO] ThirdParty:1030 - CMSIS Pack Vendor :Infineon AIROC-Wi-Fi-Bluetooth-STM32 1.5.1
2024-04-23 18:12:43,433 [INFO] ThirdParty:1030 - CMSIS Pack Vendor :STMicroelectronics PDM2PCM 3.3.0
2024-04-23 18:12:43,433 [INFO] ThirdParty:1030 - CMSIS Pack Vendor :STMicroelectronics X-CUBE-DISPLAY 3.0.0
2024-04-23 18:12:43,433 [INFO] ThirdParty:1030 - CMSIS Pack Vendor :STMicroelectronics FP-SNS-MOTENVWB1 1.3.1
2024-04-23 18:12:43,433 [INFO] ThirdParty:1030 - CMSIS Pack Vendor :STMicroelectronics X-CUBE-BLE1 7.0.0
2024-04-23 18:12:43,433 [INFO] ThirdParty:1030 - CMSIS Pack Vendor :STMicroelectronics FP-ATR-SIGFOX1 3.2.0
2024-04-23 18:12:43,433 [INFO] ThirdParty:1030 - CMSIS Pack Vendor :STMicroelectronics X-CUBE-ISPU 2.0.0
2024-04-23 18:12:43,433 [INFO] ThirdParty:1030 - CMSIS Pack Vendor :STMicroelectronics X-CUBE-EEPRMA1 5.1.0
2024-04-23 18:12:43,433 [INFO] ThirdParty:1030 - CMSIS Pack Vendor :STMicroelectronics HAL Drivers 0.0.0
2024-04-23 18:12:43,433 [INFO] ThirdParty:1030 - CMSIS Pack Vendor :STMicroelectronics MBEDTLS 2.16.2
2024-04-23 18:12:43,434 [INFO] ThirdParty:1030 - CMSIS Pack Vendor :emotas I-CUBE-CANOPEN 1.3.0
2024-04-23 18:12:43,434 [INFO] ThirdParty:1030 - CMSIS Pack Vendor :STMicroelectronics X-CUBE-MEMS1 10.0.0
2024-04-23 18:12:43,434 [INFO] ThirdParty:1030 - CMSIS Pack Vendor :STMicroelectronics X-CUBE-FREERTOS 1.1.0
2024-04-23 18:12:43,434 [INFO] ThirdParty:1030 - CMSIS Pack Vendor :STMicroelectronics X-CUBE-NFC7 1.0.1
2024-04-23 18:12:43,434 [INFO] ThirdParty:1030 - CMSIS Pack Vendor :STMicroelectronics MBEDTLS 2.14.1
2024-04-23 18:12:43,434 [INFO] ThirdParty:1030 - CMSIS Pack Vendor :STMicroelectronics X-CUBE-NFC6 3.0.0
2024-04-23 18:12:43,434 [INFO] ThirdParty:1030 - CMSIS Pack Vendor :portGmbH I-Cube-SoM-uGOAL 1.1.0
2024-04-23 18:12:43,434 [INFO] ThirdParty:1030 - CMSIS Pack Vendor :STMicroelectronics X-CUBE-ALS 1.0.1
2024-04-23 18:12:43,434 [INFO] ThirdParty:1030 - CMSIS Pack Vendor :STMicroelectronics X-CUBE-BLEMGR 3.1.0
2024-04-23 18:12:43,434 [INFO] ThirdParty:1030 - CMSIS Pack Vendor :STMicroelectronics ThreadX 1.0.0
2024-04-23 18:12:43,434 [INFO] ThirdParty:1030 - CMSIS Pack Vendor :STMicroelectronics FP-SNS-SMARTAG2 1.2.0
2024-04-23 18:12:43,434 [INFO] ThirdParty:1030 - CMSIS Pack Vendor :STMicroelectronics X-CUBE-AZRTOS-WL 2.0.0
2024-04-23 18:12:43,434 [INFO] ThirdParty:1030 - CMSIS Pack Vendor :SEGGER I-CUBE-embOS 1.3.1
2024-04-23 18:12:43,434 [INFO] ThirdParty:1030 - CMSIS Pack Vendor :STMicroelectronics FP-SNS-MOTENV1 5.0.0
2024-04-23 18:12:43,434 [INFO] ThirdParty:1030 - CMSIS Pack Vendor :STMicroelectronics USB_DEVICE 1.0.0
2024-04-23 18:12:43,435 [INFO] ThirdParty:1030 - CMSIS Pack Vendor :STMicroelectronics X-CUBE-AI 8.1.0
2024-04-23 18:12:43,435 [INFO] ThirdParty:1030 - CMSIS Pack Vendor :STMicroelectronics X-CUBE-AZRTOS-H7RS 1.0.0
2024-04-23 18:12:43,435 [INFO] ThirdParty:1030 - CMSIS Pack Vendor :STMicroelectronics X-CUBE-AZRTOS-L4 2.0.0
2024-04-23 18:12:43,435 [INFO] ThirdParty:1030 - CMSIS Pack Vendor :STMicroelectronics ThreadX 0.0.2
2024-04-23 18:12:43,435 [INFO] ThirdParty:1030 - CMSIS Pack Vendor :WES I-CUBE-Cesium 1.3.0
2024-04-23 18:12:43,435 [INFO] ThirdParty:1030 - CMSIS Pack Vendor :STMicroelectronics FP-ATR-ASTRA1 2.0.0
2024-04-23 18:12:43,435 [INFO] ThirdParty:1030 - CMSIS Pack Vendor :STMicroelectronics lwIP 2.1.2
2024-04-23 18:12:43,435 [INFO] ThirdParty:1030 - CMSIS Pack Vendor :STMicroelectronics X-CUBE-SFXS2LP1 4.0.0
2024-04-23 18:12:43,435 [INFO] ThirdParty:1030 - CMSIS Pack Vendor :STMicroelectronics X-CUBE-BLE2 3.3.0
2024-04-23 18:12:43,435 [INFO] ThirdParty:1030 - CMSIS Pack Vendor :STMicroelectronics X-CUBE-TOF1 3.4.0
2024-04-23 18:12:43,435 [INFO] ThirdParty:1030 - CMSIS Pack Vendor :STMicroelectronics X-CUBE-TOF1 3.4.1
2024-04-23 18:12:43,435 [INFO] ThirdParty:1030 - CMSIS Pack Vendor :STMicroelectronics X-CUBE-AZRTOS-H7 3.2.0
2024-04-23 18:12:43,435 [INFO] ThirdParty:1030 - CMSIS Pack Vendor :STMicroelectronics PDM2PCM 3.2.0
2024-04-23 18:12:43,435 [INFO] ThirdParty:841 - exiting critical section [change project]
2024-04-23 18:12:43,916 [INFO] PinOutPanel:1499 - setPackage(No Configuration,No Configuration)
2024-04-23 18:12:43,917 [INFO] PinOutPanel:1499 - setPackage(STM32F407VGTx,LQFP100)
2024-04-23 18:12:44,331 [INFO] UtilMem:75 - Before build in PCC Used Memory: 431789264 Bytes (529530880)
2024-04-23 18:12:45,090 [INFO] UtilMem:75 - After build in PCC Used Memory: 258586944 Bytes (529530880)
2024-04-23 18:12:45,117 [INFO] IPUIPlugin:80 - create IPUIPlugin
2024-04-23 18:12:45,117 [INFO] IPUIPlugin:80 - create IPUIPlugin
2024-04-23 18:12:45,117 [INFO] IPUIPlugin:80 - create IPUIPlugin
2024-04-23 18:12:45,117 [INFO] IPUIPlugin:80 - create IPUIPlugin
2024-04-23 18:12:45,117 [INFO] IPUIPlugin:80 - create IPUIPlugin
2024-04-23 18:12:45,118 [INFO] IPUIPlugin:80 - create IPUIPlugin
2024-04-23 18:12:45,118 [INFO] IPUIPlugin:80 - create IPUIPlugin
2024-04-23 18:12:45,118 [INFO] IPUIPlugin:80 - create IPUIPlugin
2024-04-23 18:12:45,118 [INFO] IPUIPlugin:80 - create IPUIPlugin
2024-04-23 18:12:45,118 [INFO] IPUIPlugin:80 - create IPUIPlugin
2024-04-23 18:12:45,118 [INFO] IPUIPlugin:80 - create IPUIPlugin
2024-04-23 18:12:45,118 [INFO] IPUIPlugin:80 - create IPUIPlugin
2024-04-23 18:12:45,118 [INFO] IPUIPlugin:80 - create IPUIPlugin
2024-04-23 18:12:45,118 [INFO] IPUIPlugin:80 - create IPUIPlugin
2024-04-23 18:12:45,118 [INFO] IPUIPlugin:80 - create IPUIPlugin
2024-04-23 18:12:45,118 [INFO] IPUIPlugin:80 - create IPUIPlugin
2024-04-23 18:12:45,120 [INFO] IPUIPlugin:80 - create IPUIPlugin
2024-04-23 18:12:45,120 [INFO] IPUIPlugin:80 - create IPUIPlugin
2024-04-23 18:12:45,120 [INFO] IPUIPlugin:80 - create IPUIPlugin
2024-04-23 18:12:45,120 [INFO] IPUIPlugin:80 - create IPUIPlugin
2024-04-23 18:12:45,120 [INFO] IPUIPlugin:80 - create IPUIPlugin
2024-04-23 18:12:45,120 [INFO] IPUIPlugin:80 - create IPUIPlugin
2024-04-23 18:12:45,121 [INFO] IPUIPlugin:80 - create IPUIPlugin
2024-04-23 18:12:45,121 [INFO] IPUIPlugin:80 - create IPUIPlugin
2024-04-23 18:12:45,121 [INFO] IPUIPlugin:80 - create IPUIPlugin
2024-04-23 18:12:45,121 [INFO] IPUIPlugin:80 - create IPUIPlugin
2024-04-23 18:12:45,121 [INFO] IPUIPlugin:80 - create IPUIPlugin
2024-04-23 18:12:45,121 [INFO] IPUIPlugin:80 - create IPUIPlugin
2024-04-23 18:12:45,121 [INFO] IPUIPlugin:80 - create IPUIPlugin
2024-04-23 18:12:45,122 [INFO] IPUIPlugin:80 - create IPUIPlugin
2024-04-23 18:12:45,122 [INFO] IPUIPlugin:80 - create IPUIPlugin
2024-04-23 18:12:45,122 [INFO] IPUIPlugin:80 - create IPUIPlugin
2024-04-23 18:12:45,122 [INFO] IPUIPlugin:80 - create IPUIPlugin
2024-04-23 18:12:45,122 [INFO] IPUIPlugin:80 - create IPUIPlugin
2024-04-23 18:12:45,122 [INFO] IPUIPlugin:80 - create IPUIPlugin
2024-04-23 18:12:45,122 [INFO] IPUIPlugin:80 - create IPUIPlugin
2024-04-23 18:12:45,123 [INFO] IPUIPlugin:80 - create IPUIPlugin
2024-04-23 18:12:45,123 [INFO] IPUIPlugin:80 - create IPUIPlugin
2024-04-23 18:12:45,123 [INFO] IPUIPlugin:80 - create IPUIPlugin
2024-04-23 18:12:45,123 [INFO] IPUIPlugin:80 - create IPUIPlugin
2024-04-23 18:12:45,123 [INFO] IPUIPlugin:80 - create IPUIPlugin
2024-04-23 18:12:45,123 [INFO] IPUIPlugin:80 - create IPUIPlugin
2024-04-23 18:12:45,124 [INFO] IPUIPlugin:80 - create IPUIPlugin
2024-04-23 18:12:45,124 [INFO] IPUIPlugin:80 - create IPUIPlugin
2024-04-23 18:12:45,124 [INFO] IPUIPlugin:80 - create IPUIPlugin
2024-04-23 18:12:45,125 [INFO] IPUIPlugin:80 - create IPUIPlugin
2024-04-23 18:12:45,125 [INFO] IPUIPlugin:80 - create IPUIPlugin
2024-04-23 18:12:45,125 [INFO] IPUIPlugin:80 - create IPUIPlugin
2024-04-23 18:12:45,125 [INFO] IPUIPlugin:80 - create IPUIPlugin
2024-04-23 18:12:45,126 [INFO] IPUIPlugin:80 - create IPUIPlugin
2024-04-23 18:12:45,126 [INFO] IPUIPlugin:80 - create IPUIPlugin
2024-04-23 18:12:45,126 [INFO] IPUIPlugin:80 - create IPUIPlugin
2024-04-23 18:12:45,127 [INFO] IPUIPlugin:80 - create IPUIPlugin
2024-04-23 18:12:45,127 [INFO] IPUIPlugin:80 - create IPUIPlugin
2024-04-23 18:12:45,128 [INFO] IPUIPlugin:80 - create IPUIPlugin
2024-04-23 18:12:45,128 [INFO] IPUIPlugin:80 - create IPUIPlugin
2024-04-23 18:12:45,129 [INFO] IPUIPlugin:80 - create IPUIPlugin
2024-04-23 18:12:45,129 [INFO] IPUIPlugin:80 - create IPUIPlugin
2024-04-23 18:12:45,328 [INFO] ApiDbMcu:508 - Load IP Config File for PDM2PCM
2024-04-23 18:12:45,531 [INFO] CADModel:165 - CPN selected for project levelSTM32F407VGT6
2024-04-23 18:12:45,531 [INFO] CADModel:114 - Register for checkConnection events
2024-04-23 18:12:45,582 [INFO] OpenFileManager:343 - Restore cursor
2024-04-23 18:12:46,173 [INFO] UtilMem:75 - End SaveConfig() Used Memory: 344241704 Bytes (529530880)
2024-04-23 18:12:46,284 [INFO] UtilMem:75 - End SaveConfig() Used Memory: 366261800 Bytes (529530880)
2024-04-23 18:12:46,657 [INFO] BlockDiagram:2759 - set Specific Code input for plugin: RCC
2024-04-23 18:12:46,657 [INFO] BlockDiagram:2759 - set Specific Code input for plugin: NVIC
2024-04-23 18:12:46,659 [INFO] CodeGenerator:807 - code generatio: config db path: C:\ST\STM32CubeIDE_1.14.1\STM32CubeIDE\plugins\com.st.stm32cube.common.mx_6.10.0.202311202037\\db\
2024-04-23 18:12:47,056 [INFO] CodeEngine:255 - oldGeneratedFile, C:\Users\conne\STM32CubeIDE\workspace_1.14.1\ugagua_timer\MXTmpFiles\license.tmp_save
2024-04-23 18:12:47,526 [INFO] CodeEngine:279 - Generated code: C:\Users\conne\STM32CubeIDE\workspace_1.14.1\ugagua_timer\MXTmpFiles\license.tmp
2024-04-23 18:12:47,569 [INFO] CodeEngine:255 - oldGeneratedFile, C:\Users\conne\STM32CubeIDE\workspace_1.14.1\ugagua_timer\Core\Src\stm32f4xx_it.c_save
2024-04-23 18:12:47,743 [INFO] CodeEngine:279 - Generated code: C:\Users\conne\STM32CubeIDE\workspace_1.14.1\ugagua_timer\Core\Src\stm32f4xx_it.c
2024-04-23 18:12:47,760 [INFO] CodeEngine:255 - oldGeneratedFile, C:\Users\conne\STM32CubeIDE\workspace_1.14.1\ugagua_timer\Core\Inc\stm32f4xx_it.h_save
2024-04-23 18:12:47,863 [INFO] CodeEngine:279 - Generated code: C:\Users\conne\STM32CubeIDE\workspace_1.14.1\ugagua_timer\Core\Inc\stm32f4xx_it.h
2024-04-23 18:12:47,975 [INFO] CodeEngine:255 - oldGeneratedFile, C:\Users\conne\STM32CubeIDE\workspace_1.14.1\ugagua_timer\Core\Src\stm32f4xx_hal_msp.c_save
2024-04-23 18:12:48,140 [INFO] CodeEngine:279 - Generated code: C:\Users\conne\STM32CubeIDE\workspace_1.14.1\ugagua_timer\Core\Src\stm32f4xx_hal_msp.c
2024-04-23 18:12:48,169 [INFO] CodeEngine:255 - oldGeneratedFile, C:\Users\conne\STM32CubeIDE\workspace_1.14.1\ugagua_timer\MXTmpFiles\system.tmp_save
2024-04-23 18:12:48,251 [INFO] CodeEngine:279 - Generated code: C:\Users\conne\STM32CubeIDE\workspace_1.14.1\ugagua_timer\MXTmpFiles\system.tmp
2024-04-23 18:12:48,279 [INFO] CodeEngine:311 - oldGeneratedFile, C:\Users\conne\STM32CubeIDE\workspace_1.14.1\ugagua_timer\Core\Inc\stm32f4xx_hal_conf.h_save
2024-04-23 18:12:48,530 [INFO] CodeEngine:335 - Generated code: C:\Users\conne\STM32CubeIDE\workspace_1.14.1\ugagua_timer\Core\Inc\stm32f4xx_hal_conf.h
2024-04-23 18:12:48,632 [INFO] CodeEngine:255 - oldGeneratedFile, C:\Users\conne\STM32CubeIDE\workspace_1.14.1\ugagua_timer\Core\Inc\main.h_save
2024-04-23 18:12:48,765 [INFO] CodeEngine:279 - Generated code: C:\Users\conne\STM32CubeIDE\workspace_1.14.1\ugagua_timer\Core\Inc\main.h
2024-04-23 18:12:48,780 [INFO] CodeEngine:255 - oldGeneratedFile, C:\Users\conne\STM32CubeIDE\workspace_1.14.1\ugagua_timer\Core\Src\main.c_save
2024-04-23 18:12:48,947 [INFO] CodeEngine:279 - Generated code: C:\Users\conne\STM32CubeIDE\workspace_1.14.1\ugagua_timer\Core\Src\main.c
2024-04-23 18:12:49,787 [INFO] ProjectBuilder:3076 - Time for Copy HAL[1] : 353mS.
2024-04-23 18:12:49,799 [INFO] ProjectBuilder:4485 - Project Generator version: 4.2.0-B44
2024-04-23 18:12:50,071 [INFO] ConfigFileManager:1495 - The Die is : DIE413
2024-04-23 18:12:50,094 [INFO] ApiDbMcu:508 - Load IP Config File for FATFS
2024-04-23 18:12:50,114 [INFO] ApiDbMcu:508 - Load IP Config File for FREERTOS
2024-04-23 18:12:50,130 [INFO] ApiDbMcu:508 - Load IP Config File for LIBJPEG
2024-04-23 18:12:50,155 [INFO] ApiDbMcu:508 - Load IP Config File for LWIP
2024-04-23 18:12:50,195 [INFO] ApiDbMcu:508 - Load IP Config File for MBEDTLS
2024-04-23 18:12:50,221 [INFO] ApiDbMcu:508 - Load IP Config File for USB_DEVICE
2024-04-23 18:12:50,256 [INFO] ApiDbMcu:508 - Load IP Config File for USB_HOST
2024-04-23 18:12:51,464 [INFO] LogOutputStream:77 - [STDOUT_REDIRECT] 
2024-04-23 18:12:54,789 [INFO] ProjectBuilder:4747 - Time for Generating toolchain IDE Files: 4990mS.
2024-04-23 18:12:54,790 [INFO] ProjectBuilder:2947 - Time for Copy CMSIS : 0mS.
2024-04-23 18:12:54,794 [INFO] ProjectBuilder:2947 - Time for Copy CMSIS : 0mS.
2024-04-23 18:12:55,891 [INFO] McuFinderGlobals:76 - Set McuFinderConnectedMode to true
2024-04-23 18:12:55,894 [INFO] ApiDb:448 - Save user favorites file C:\Users\conne/.stm32cubeide/favorites.mcus.txt: 0 item(s)
2024-04-23 18:12:55,894 [INFO] ApiDb:452 - User favorites MCUs=[]
2024-04-23 18:13:23,220 [INFO] NvicIntPanel:101 - NVIC parent = com.st.microxplorer.plugins.ip.nvic.MultiNvicIntPanel[,0,0,0x0,invalid,layout=javax.swing.BoxLayout,alignmentX=0.0,alignmentY=0.0,border=,flags=9,maximumSize=,minimumSize=,preferredSize=]
2024-04-23 18:15:49,927 [INFO] NvicIntPanel:101 - NVIC parent = com.st.microxplorer.plugins.ip.nvic.MultiNvicIntPanel[,0,0,0x0,invalid,layout=javax.swing.BoxLayout,alignmentX=0.0,alignmentY=0.0,border=,flags=9,maximumSize=,minimumSize=,preferredSize=]
2024-04-23 18:16:11,275 [INFO] NvicIntPanel:101 - NVIC parent = com.st.microxplorer.plugins.ip.nvic.MultiNvicIntPanel[,0,0,0x0,invalid,layout=javax.swing.BoxLayout,alignmentX=0.0,alignmentY=0.0,border=,flags=9,maximumSize=,minimumSize=,preferredSize=]
2024-04-23 18:16:31,315 [INFO] NvicIntPanel:101 - NVIC parent = com.st.microxplorer.plugins.ip.nvic.MultiNvicIntPanel[,0,0,0x0,invalid,layout=javax.swing.BoxLayout,alignmentX=0.0,alignmentY=0.0,border=,flags=9,maximumSize=,minimumSize=,preferredSize=]
2024-04-23 18:16:35,782 [INFO] NvicIntPanel:101 - NVIC parent = com.st.microxplorer.plugins.ip.nvic.MultiNvicIntPanel[,0,0,0x0,invalid,layout=javax.swing.BoxLayout,alignmentX=0.0,alignmentY=0.0,border=,flags=9,maximumSize=,minimumSize=,preferredSize=]
2024-04-23 18:17:10,083 [INFO] UtilMem:75 - End SaveConfig() Used Memory: 706601392 Bytes (1073741824)
2024-04-23 18:17:14,345 [INFO] UtilMem:75 - End SaveConfig() Used Memory: 733152672 Bytes (1073741824)
2024-04-23 18:17:14,636 [INFO] BlockDiagram:2759 - set Specific Code input for plugin: TIM6_7
2024-04-23 18:17:14,636 [INFO] BlockDiagram:2759 - set Specific Code input for plugin: SYS
2024-04-23 18:17:14,636 [INFO] BlockDiagram:2759 - set Specific Code input for plugin: RCC
2024-04-23 18:17:14,636 [INFO] BlockDiagram:2759 - set Specific Code input for plugin: NVIC
2024-04-23 18:17:14,636 [INFO] BlockDiagram:2759 - set Specific Code input for plugin: GPIO
2024-04-23 18:17:14,638 [INFO] CodeGenerator:807 - code generatio: config db path: C:\ST\STM32CubeIDE_1.14.1\STM32CubeIDE\plugins\com.st.stm32cube.common.mx_6.10.0.202311202037\\db\
2024-04-23 18:17:14,773 [INFO] CodeEngine:255 - oldGeneratedFile, C:\Users\conne\STM32CubeIDE\workspace_1.14.1\ugagua_timer\MXTmpFiles\license.tmp_save
2024-04-23 18:17:14,867 [INFO] CodeEngine:279 - Generated code: C:\Users\conne\STM32CubeIDE\workspace_1.14.1\ugagua_timer\MXTmpFiles\license.tmp
2024-04-23 18:17:14,899 [INFO] CodeEngine:255 - oldGeneratedFile, C:\Users\conne\STM32CubeIDE\workspace_1.14.1\ugagua_timer\MXTmpFiles\gpio.tmp_save
2024-04-23 18:17:15,014 [INFO] CodeEngine:279 - Generated code: C:\Users\conne\STM32CubeIDE\workspace_1.14.1\ugagua_timer\MXTmpFiles\gpio.tmp
2024-04-23 18:17:15,109 [INFO] CodeEngine:255 - oldGeneratedFile, C:\Users\conne\STM32CubeIDE\workspace_1.14.1\ugagua_timer\Core\Src\stm32f4xx_it.c_save
2024-04-23 18:17:15,247 [INFO] CodeEngine:279 - Generated code: C:\Users\conne\STM32CubeIDE\workspace_1.14.1\ugagua_timer\Core\Src\stm32f4xx_it.c
2024-04-23 18:17:15,277 [INFO] CodeEngine:255 - oldGeneratedFile, C:\Users\conne\STM32CubeIDE\workspace_1.14.1\ugagua_timer\Core\Inc\stm32f4xx_it.h_save
2024-04-23 18:17:15,414 [INFO] CodeEngine:279 - Generated code: C:\Users\conne\STM32CubeIDE\workspace_1.14.1\ugagua_timer\Core\Inc\stm32f4xx_it.h
2024-04-23 18:17:15,454 [INFO] CodeEngine:255 - oldGeneratedFile, C:\Users\conne\STM32CubeIDE\workspace_1.14.1\ugagua_timer\Core\Src\stm32f4xx_hal_msp.c_save
2024-04-23 18:17:15,579 [INFO] CodeEngine:279 - Generated code: C:\Users\conne\STM32CubeIDE\workspace_1.14.1\ugagua_timer\Core\Src\stm32f4xx_hal_msp.c
2024-04-23 18:17:15,596 [INFO] CodeEngine:255 - oldGeneratedFile, C:\Users\conne\STM32CubeIDE\workspace_1.14.1\ugagua_timer\MXTmpFiles\system.tmp_save
2024-04-23 18:17:15,666 [INFO] CodeEngine:279 - Generated code: C:\Users\conne\STM32CubeIDE\workspace_1.14.1\ugagua_timer\MXTmpFiles\system.tmp
2024-04-23 18:17:15,714 [INFO] CodeEngine:311 - oldGeneratedFile, C:\Users\conne\STM32CubeIDE\workspace_1.14.1\ugagua_timer\Core\Inc\stm32f4xx_hal_conf.h_save
2024-04-23 18:17:15,834 [INFO] CodeEngine:335 - Generated code: C:\Users\conne\STM32CubeIDE\workspace_1.14.1\ugagua_timer\Core\Inc\stm32f4xx_hal_conf.h
2024-04-23 18:17:15,877 [WARN] IPConfigManager:3440 - IP not found : TIM
2024-04-23 18:17:15,878 [WARN] CodeGenerator:3939 - IP not found : null
2024-04-23 18:17:15,914 [INFO] CodeEngine:255 - oldGeneratedFile, C:\Users\conne\STM32CubeIDE\workspace_1.14.1\ugagua_timer\Core\Inc\main.h_save
2024-04-23 18:17:16,004 [INFO] CodeEngine:279 - Generated code: C:\Users\conne\STM32CubeIDE\workspace_1.14.1\ugagua_timer\Core\Inc\main.h
2024-04-23 18:17:16,025 [INFO] CodeEngine:255 - oldGeneratedFile, C:\Users\conne\STM32CubeIDE\workspace_1.14.1\ugagua_timer\Core\Src\main.c_save
2024-04-23 18:17:16,161 [INFO] CodeEngine:279 - Generated code: C:\Users\conne\STM32CubeIDE\workspace_1.14.1\ugagua_timer\Core\Src\main.c
2024-04-23 18:17:17,048 [INFO] ProjectBuilder:3076 - Time for Copy HAL[1] : 330mS.
2024-04-23 18:17:17,052 [INFO] ProjectBuilder:4485 - Project Generator version: 4.2.0-B44
2024-04-23 18:17:17,267 [INFO] ConfigFileManager:1495 - The Die is : DIE413
2024-04-23 18:17:19,516 [INFO] ProjectBuilder:4747 - Time for Generating toolchain IDE Files: 2464mS.
2024-04-23 18:17:19,517 [INFO] ProjectBuilder:2947 - Time for Copy CMSIS : 0mS.
2024-04-23 18:17:19,522 [INFO] ProjectBuilder:2947 - Time for Copy CMSIS : 0mS.
2024-04-23 20:54:04,515 [ERROR] ConfigurationRetriever:142 - IOException on connection: Read timed out
2024-04-23 20:54:06,966 [ERROR] LogOutputStream:75 - [STDERR_REDIRECT] 
