2024-04-30 00:01:46,787 [ERROR] LogOutputStream:75 - [STDERR_REDIRECT] 
2024-04-30 00:03:38,159 [INFO] Activator:176 - 


2024-04-30 00:03:38,160 [INFO] Activator:177 - !SESSION log4j initialized
2024-04-30 00:03:44,230 [INFO] LogOutputStream:77 - [STDOUT_REDIRECT] 
2024-04-30 00:03:49,595 [INFO] ApplicationProperties:184 - Using Application install path: C:\ST\STM32CubeIDE_1.14.1\STM32CubeIDE\plugins\com.st.stm32cube.common.mx_6.10.0.202311202037
2024-04-30 00:03:49,609 [INFO] DbMcusXml:78 - Set database path to: C:\ST\STM32CubeIDE_1.14.1\STM32CubeIDE\plugins\com.st.stm32cube.common.mx_6.10.0.202311202037\\db\/mcu/
2024-04-30 00:03:49,609 [INFO] ApiDb:274 - Set plugin database path to: C:\ST\STM32CubeIDE_1.14.1\STM32CubeIDE\plugins\com.st.stm32cube.common.mx_6.10.0.202311202037\\db\/plugins/boardmanager/
2024-04-30 00:03:49,609 [WARN] ApiDb:259 - Overriding images path with different value:  => C:\ST\STM32CubeIDE_1.14.1\STM32CubeIDE\plugins\com.st.stm32cube.common.mx_6.10.0.202311202037\\db\/plugins/mcufinder/images/
2024-04-30 00:03:49,615 [INFO] ApiDb:250 - Set database path to: C:\Users\conne\.stmcufinder\plugins\mcufinder//mcu/
2024-04-30 00:03:49,616 [INFO] DbMcusAds:125 - Set database path to: C:\Users\conne\.stmcufinder\plugins\mcufinder//mcu/
2024-04-30 00:03:49,617 [INFO] CrossReferenceDbSqlite:203 - Set database path to: C:\Users\conne\.stmcufinder\plugins\mcufinder//mcu/cs/
2024-04-30 00:03:49,693 [INFO] RulesReader:64 - Compatibility file has been processed (297 Rules)
2024-04-30 00:03:49,774 [INFO] DbMcusXml:78 - Set database path to: C:\ST\STM32CubeIDE_1.14.1\STM32CubeIDE\plugins\com.st.stm32cube.common.mx_6.10.0.202311202037\\db\/mcu/
2024-04-30 00:03:49,774 [INFO] ApiDb:274 - Set plugin database path to: C:\ST\STM32CubeIDE_1.14.1\STM32CubeIDE\plugins\com.st.stm32cube.common.mx_6.10.0.202311202037\\db\/plugins/boardmanager/
2024-04-30 00:03:49,774 [INFO] ApiDb:261 - Set plugin images path to: C:\ST\STM32CubeIDE_1.14.1\STM32CubeIDE\plugins\com.st.stm32cube.common.mx_6.10.0.202311202037\\db\/plugins/mcufinder/images/
2024-04-30 00:03:49,775 [WARN] DbFile:41 - Overriding database path with different value: C:\Users\conne\.stmcufinder\plugins\mcufinder/ => C:\Users\conne\.stmcufinder\plugins\mcufinder
2024-04-30 00:03:49,775 [INFO] ApiDb:250 - Set database path to: C:\Users\conne\.stmcufinder\plugins\mcufinder//mcu/
2024-04-30 00:03:49,775 [WARN] DbFile:41 - Overriding database path with different value: C:\Users\conne\.stmcufinder\plugins\mcufinder/ => C:\Users\conne\.stmcufinder\plugins\mcufinder
2024-04-30 00:03:49,775 [INFO] DbMcusAds:125 - Set database path to: C:\Users\conne\.stmcufinder\plugins\mcufinder//mcu/
2024-04-30 00:03:49,775 [WARN] DbFile:41 - Overriding database path with different value: C:\Users\conne\.stmcufinder\plugins\mcufinder/ => C:\Users\conne\.stmcufinder\plugins\mcufinder
2024-04-30 00:03:49,775 [WARN] DbFile:41 - Overriding database path with different value: C:\Users\conne\.stmcufinder\plugins\mcufinder/ => C:\Users\conne\.stmcufinder\plugins\mcufinder
2024-04-30 00:03:49,775 [INFO] CrossReferenceDbSqlite:203 - Set database path to: C:\Users\conne\.stmcufinder\plugins\mcufinder//mcu/cs/
2024-04-30 00:03:49,853 [INFO] MainPanel:264 - HeapMemory: 268435456
2024-04-30 00:03:49,942 [INFO] DbMcusXml:78 - Set database path to: C:\ST\STM32CubeIDE_1.14.1\STM32CubeIDE\plugins\com.st.stm32cube.common.mx_6.10.0.202311202037\\db\/mcu/
2024-04-30 00:03:49,943 [INFO] ApiDb:274 - Set plugin database path to: C:\ST\STM32CubeIDE_1.14.1\STM32CubeIDE\plugins\com.st.stm32cube.common.mx_6.10.0.202311202037\\db\/plugins/boardmanager/
2024-04-30 00:03:49,943 [INFO] ApiDb:261 - Set plugin images path to: C:\ST\STM32CubeIDE_1.14.1\STM32CubeIDE\plugins\com.st.stm32cube.common.mx_6.10.0.202311202037\\db\/plugins/mcufinder/images/
2024-04-30 00:03:49,943 [WARN] DbFile:41 - Overriding database path with different value: C:\Users\conne\.stmcufinder\plugins\mcufinder/ => C:\Users\conne\.stmcufinder\plugins\mcufinder
2024-04-30 00:03:49,943 [INFO] ApiDb:250 - Set database path to: C:\Users\conne\.stmcufinder\plugins\mcufinder//mcu/
2024-04-30 00:03:49,943 [WARN] DbFile:41 - Overriding database path with different value: C:\Users\conne\.stmcufinder\plugins\mcufinder/ => C:\Users\conne\.stmcufinder\plugins\mcufinder
2024-04-30 00:03:49,943 [INFO] DbMcusAds:125 - Set database path to: C:\Users\conne\.stmcufinder\plugins\mcufinder//mcu/
2024-04-30 00:03:49,943 [WARN] DbFile:41 - Overriding database path with different value: C:\Users\conne\.stmcufinder\plugins\mcufinder/ => C:\Users\conne\.stmcufinder\plugins\mcufinder
2024-04-30 00:03:49,943 [WARN] DbFile:41 - Overriding database path with different value: C:\Users\conne\.stmcufinder\plugins\mcufinder/ => C:\Users\conne\.stmcufinder\plugins\mcufinder
2024-04-30 00:03:49,943 [INFO] CrossReferenceDbSqlite:203 - Set database path to: C:\Users\conne\.stmcufinder\plugins\mcufinder//mcu/cs/
2024-04-30 00:03:49,959 [INFO] ApplicationProperties:184 - Using Application install path: C:\ST\STM32CubeIDE_1.14.1\STM32CubeIDE\plugins\com.st.stm32cube.common.mx_6.10.0.202311202037
2024-04-30 00:03:49,960 [INFO] PluginManage:196 - Search for loadable plugins [exclusion list=, ]
2024-04-30 00:03:49,962 [INFO] PluginManage:310 - Check plugin analytics
2024-04-30 00:03:50,145 [INFO] AnalyticsPlugin:253 - Accepted Software Licenses: 
2024-04-30 00:03:50,146 [INFO] AnalyticsPlugin:255 - Accepted CMSIS Pack Licenses: 
2024-04-30 00:03:50,146 [INFO] AnalyticsPlugin:257 - Accepted Firmware Licenses: FW.F4.1.28.0
2024-04-30 00:03:50,148 [INFO] PluginManage:359 - Loaded plugin analytics (category:tool,tabindex:-1)
2024-04-30 00:03:50,148 [INFO] PluginManage:310 - Check plugin cadmodel
2024-04-30 00:03:50,164 [INFO] CADModel:105 - Init CAD model plugin
2024-04-30 00:03:50,165 [INFO] PluginManage:359 - Loaded plugin cadmodel (category:power,tabindex:5)
2024-04-30 00:03:50,165 [INFO] PluginManage:310 - Check plugin clock
2024-04-30 00:03:50,189 [INFO] PluginManage:359 - Loaded plugin clock (category:base,tabindex:2)
2024-04-30 00:03:50,189 [INFO] PluginManage:310 - Check plugin ddr
2024-04-30 00:03:50,193 [INFO] PluginManage:359 - Loaded plugin ddr (category:tool,tabindex:6)
2024-04-30 00:03:50,195 [INFO] PluginManage:310 - Check plugin filemanager
2024-04-30 00:03:50,329 [INFO] PluginManage:359 - Loaded plugin filemanager (category:base,tabindex:10)
2024-04-30 00:03:50,330 [INFO] PluginManage:310 - Check plugin ipmanager
2024-04-30 00:03:50,337 [INFO] PluginManage:359 - Loaded plugin ipmanager (category:base,tabindex:5)
2024-04-30 00:03:50,337 [INFO] PluginManage:310 - Check plugin lpbam
2024-04-30 00:03:50,349 [INFO] PluginManage:359 - Loaded plugin lpbam (category:base,tabindex:0)
2024-04-30 00:03:50,349 [INFO] PluginManage:310 - Check plugin memorymap
2024-04-30 00:03:50,369 [INFO] PluginManage:359 - Loaded plugin memorymap (category:base,tabindex:4)
2024-04-30 00:03:50,369 [INFO] PluginManage:310 - Check plugin pinoutandconfiguration
2024-04-30 00:03:50,382 [INFO] PluginManage:359 - Loaded plugin pinoutandconfiguration (category:base,tabindex:1)
2024-04-30 00:03:50,382 [INFO] PluginManage:310 - Check plugin pinoutconfig
2024-04-30 00:03:50,464 [WARN] SupportedApi:132 - Cannot load RTOS API schema: s4s-elt-must-match.1: The content of 'definitions' must match (annotation?, (simpleType | complexType)?, (unique | key | keyref)*)). A problem was found starting at: attribute.
2024-04-30 00:03:50,582 [INFO] PluginManage:359 - Loaded plugin pinoutconfig (category:base,tabindex:0)
2024-04-30 00:03:50,582 [INFO] PluginManage:310 - Check plugin power
2024-04-30 00:03:50,599 [INFO] PluginManage:359 - Loaded plugin power (category:power,tabindex:4)
2024-04-30 00:03:50,599 [INFO] PluginManage:310 - Check plugin projectmanager
2024-04-30 00:03:50,634 [INFO] PluginManage:359 - Loaded plugin projectmanager (category:projectmanager,tabindex:3)
2024-04-30 00:03:50,634 [INFO] PluginManage:310 - Check plugin thirdparty
2024-04-30 00:03:50,863 [INFO] PluginManage:359 - Loaded plugin thirdparty (category:base,tabindex:-1)
2024-04-30 00:03:50,863 [INFO] PluginManage:310 - Check plugin tools
2024-04-30 00:03:50,863 [WARN] IntegrityCheckThread:84 - waiting for thirdparty lock release [integrity check]
2024-04-30 00:03:50,864 [INFO] IntegrityCheckThread:86 - entering critical section [integrity check]
2024-04-30 00:03:50,864 [INFO] ThirdPartyUpdaterWithRetryManager:70 - Updater plugin not ready yet. [1/15]
2024-04-30 00:03:50,893 [INFO] PluginManage:359 - Loaded plugin tools (category:base,tabindex:7)
2024-04-30 00:03:50,893 [INFO] PluginManage:310 - Check plugin tutovideos
2024-04-30 00:03:51,044 [INFO] PluginManage:359 - Loaded plugin tutovideos (category:base,tabindex:-1)
2024-04-30 00:03:51,044 [INFO] PluginManage:310 - Check plugin updater
2024-04-30 00:03:51,055 [INFO] PluginManage:359 - Loaded plugin updater (category:base,tabindex:12)
2024-04-30 00:03:51,055 [INFO] PluginManage:310 - Check plugin userauth
2024-04-30 00:03:51,061 [INFO] UserAuth:114 - Init User Auth plugin
2024-04-30 00:03:51,061 [INFO] PluginManage:359 - Loaded plugin userauth (category:base,tabindex:14)
2024-04-30 00:03:51,062 [INFO] PluginManage:283 - PluginManage : Loaded plugins [17]
2024-04-30 00:03:51,235 [INFO] PinOutPanel:1499 - setPackage(No Configuration,No Configuration)
2024-04-30 00:03:51,296 [INFO] CADModel:165 - CPN selected for project level
2024-04-30 00:03:51,298 [INFO] CADModel:114 - Register for checkConnection events
2024-04-30 00:03:51,319 [INFO] IPUIPlugin:80 - create IPUIPlugin
2024-04-30 00:03:51,319 [INFO] PluginManager:220 - loadIPPluginJar : add adc
2024-04-30 00:03:51,345 [INFO] IPUIPlugin:80 - create IPUIPlugin
2024-04-30 00:03:51,345 [INFO] PluginManager:220 - loadIPPluginJar : add aes
2024-04-30 00:03:51,372 [INFO] IPUIPlugin:80 - create IPUIPlugin
2024-04-30 00:03:51,374 [INFO] PluginManager:220 - loadIPPluginJar : add can
2024-04-30 00:03:51,396 [INFO] IPUIPlugin:80 - create IPUIPlugin
2024-04-30 00:03:51,396 [INFO] PluginManager:220 - loadIPPluginJar : add comp
2024-04-30 00:03:51,420 [INFO] IPUIPlugin:80 - create IPUIPlugin
2024-04-30 00:03:51,420 [INFO] PluginManager:220 - loadIPPluginJar : add cryp
2024-04-30 00:03:51,440 [INFO] IPUIPlugin:80 - create IPUIPlugin
2024-04-30 00:03:51,440 [INFO] PluginManager:220 - loadIPPluginJar : add dfsdm
2024-04-30 00:03:51,453 [INFO] IPUIPlugin:80 - create IPUIPlugin
2024-04-30 00:03:51,453 [INFO] PluginManager:220 - loadIPPluginJar : add dma
2024-04-30 00:03:51,483 [INFO] IPUIPlugin:80 - create IPUIPlugin
2024-04-30 00:03:51,484 [INFO] PluginManager:220 - loadIPPluginJar : add dma3
2024-04-30 00:03:51,502 [INFO] IPUIPlugin:80 - create IPUIPlugin
2024-04-30 00:03:51,502 [INFO] PluginManager:220 - loadIPPluginJar : add fatfs
2024-04-30 00:03:51,536 [INFO] IPUIPlugin:80 - create IPUIPlugin
2024-04-30 00:03:51,536 [INFO] PluginManager:220 - loadIPPluginJar : add fmc
2024-04-30 00:03:51,548 [INFO] IPUIPlugin:80 - create IPUIPlugin
2024-04-30 00:03:51,548 [INFO] PluginManager:220 - loadIPPluginJar : add freertos
2024-04-30 00:03:51,562 [INFO] IPUIPlugin:80 - create IPUIPlugin
2024-04-30 00:03:51,562 [INFO] PluginManager:220 - loadIPPluginJar : add genericplugin
2024-04-30 00:03:51,633 [INFO] IPUIPlugin:80 - create IPUIPlugin
2024-04-30 00:03:51,633 [INFO] PluginManager:220 - loadIPPluginJar : add gfxmmu
2024-04-30 00:03:51,786 [INFO] IPUIPlugin:80 - create IPUIPlugin
2024-04-30 00:03:51,786 [INFO] PluginManager:220 - loadIPPluginJar : add gic
2024-04-30 00:03:51,803 [INFO] IPUIPlugin:80 - create IPUIPlugin
2024-04-30 00:03:51,804 [INFO] PluginManager:220 - loadIPPluginJar : add gpio
2024-04-30 00:03:51,890 [INFO] IPUIPlugin:80 - create IPUIPlugin
2024-04-30 00:03:51,890 [INFO] PluginManager:220 - loadIPPluginJar : add gtzc
2024-04-30 00:03:51,914 [INFO] IPUIPlugin:80 - create IPUIPlugin
2024-04-30 00:03:51,915 [INFO] PluginManager:220 - loadIPPluginJar : add hash
2024-04-30 00:03:51,952 [INFO] IPUIPlugin:80 - create IPUIPlugin
2024-04-30 00:03:51,952 [INFO] PluginManager:220 - loadIPPluginJar : add i2c
2024-04-30 00:03:51,980 [INFO] IPUIPlugin:80 - create IPUIPlugin
2024-04-30 00:03:51,980 [INFO] PluginManager:220 - loadIPPluginJar : add i2s
2024-04-30 00:03:52,009 [INFO] IPUIPlugin:80 - create IPUIPlugin
2024-04-30 00:03:52,009 [INFO] PluginManager:220 - loadIPPluginJar : add i3c
2024-04-30 00:03:52,083 [INFO] IPUIPlugin:80 - create IPUIPlugin
2024-04-30 00:03:52,083 [INFO] PluginManager:220 - loadIPPluginJar : add ipddr
2024-04-30 00:03:52,147 [INFO] IPUIPlugin:80 - create IPUIPlugin
2024-04-30 00:03:52,147 [INFO] PluginManager:220 - loadIPPluginJar : add linkedlist
2024-04-30 00:03:52,172 [INFO] IPUIPlugin:80 - create IPUIPlugin
2024-04-30 00:03:52,173 [INFO] PluginManager:220 - loadIPPluginJar : add lorawan
2024-04-30 00:03:52,208 [INFO] IPUIPlugin:80 - create IPUIPlugin
2024-04-30 00:03:52,208 [INFO] PluginManager:220 - loadIPPluginJar : add ltdc
2024-04-30 00:03:52,219 [INFO] IPUIPlugin:80 - create IPUIPlugin
2024-04-30 00:03:52,219 [INFO] PluginManager:220 - loadIPPluginJar : add mdma
2024-04-30 00:03:52,229 [INFO] IPUIPlugin:80 - create IPUIPlugin
2024-04-30 00:03:52,229 [INFO] PluginManager:220 - loadIPPluginJar : add nvic
2024-04-30 00:03:52,254 [INFO] IPUIPlugin:80 - create IPUIPlugin
2024-04-30 00:03:52,254 [INFO] PluginManager:220 - loadIPPluginJar : add opamp
2024-04-30 00:03:52,303 [INFO] IPUIPlugin:80 - create IPUIPlugin
2024-04-30 00:03:52,303 [INFO] PluginManager:220 - loadIPPluginJar : add openamp
2024-04-30 00:03:52,341 [INFO] IPUIPlugin:80 - create IPUIPlugin
2024-04-30 00:03:52,341 [INFO] PluginManager:220 - loadIPPluginJar : add pdm2pcm
2024-04-30 00:03:52,354 [INFO] IPUIPlugin:80 - create IPUIPlugin
2024-04-30 00:03:52,356 [INFO] PluginManager:220 - loadIPPluginJar : add plateformsettings
2024-04-30 00:03:52,372 [INFO] IPUIPlugin:80 - create IPUIPlugin
2024-04-30 00:03:52,372 [INFO] PluginManager:220 - loadIPPluginJar : add quadspi
2024-04-30 00:03:52,382 [INFO] IPUIPlugin:80 - create IPUIPlugin
2024-04-30 00:03:52,382 [INFO] PluginManager:220 - loadIPPluginJar : add resmgrutility
2024-04-30 00:03:52,416 [INFO] IPUIPlugin:80 - create IPUIPlugin
2024-04-30 00:03:52,416 [INFO] PluginManager:220 - loadIPPluginJar : add sai
2024-04-30 00:03:52,443 [INFO] IPUIPlugin:80 - create IPUIPlugin
2024-04-30 00:03:52,443 [INFO] PluginManager:220 - loadIPPluginJar : add spi
2024-04-30 00:03:52,499 [INFO] IPUIPlugin:80 - create IPUIPlugin
2024-04-30 00:03:52,500 [INFO] PluginManager:220 - loadIPPluginJar : add stm32_wpan
2024-04-30 00:03:52,522 [INFO] IPUIPlugin:80 - create IPUIPlugin
2024-04-30 00:03:52,522 [INFO] PluginManager:220 - loadIPPluginJar : add tim
2024-04-30 00:03:52,582 [INFO] IPUIPlugin:80 - create IPUIPlugin
2024-04-30 00:03:52,582 [INFO] PluginManager:220 - loadIPPluginJar : add touchsensing
2024-04-30 00:03:52,599 [INFO] IPUIPlugin:80 - create IPUIPlugin
2024-04-30 00:03:52,599 [INFO] PluginManager:220 - loadIPPluginJar : add tracer_emb
2024-04-30 00:03:52,615 [INFO] IPUIPlugin:80 - create IPUIPlugin
2024-04-30 00:03:52,615 [INFO] PluginManager:220 - loadIPPluginJar : add ts
2024-04-30 00:03:52,631 [INFO] IPUIPlugin:80 - create IPUIPlugin
2024-04-30 00:03:52,631 [INFO] PluginManager:220 - loadIPPluginJar : add tsc
2024-04-30 00:03:52,647 [INFO] IPUIPlugin:80 - create IPUIPlugin
2024-04-30 00:03:52,647 [INFO] PluginManager:220 - loadIPPluginJar : add ucpd
2024-04-30 00:03:52,681 [INFO] IPUIPlugin:80 - create IPUIPlugin
2024-04-30 00:03:52,681 [INFO] PluginManager:220 - loadIPPluginJar : add usart
2024-04-30 00:03:52,712 [INFO] IPUIPlugin:80 - create IPUIPlugin
2024-04-30 00:03:52,712 [INFO] PluginManager:220 - loadIPPluginJar : add usbx
2024-04-30 00:03:52,826 [INFO] CADModel:165 - CPN selected for project level
2024-04-30 00:03:52,826 [INFO] CADModel:114 - Register for checkConnection events
2024-04-30 00:03:52,826 [FATAL] Updater:308 - Updater called before beeing initialized
2024-04-30 00:03:52,827 [ERROR] CADModel:125 - Updater not yet initialized, retry later 
2024-04-30 00:03:52,938 [INFO] CADModel:165 - CPN selected for project level
2024-04-30 00:03:52,938 [INFO] CADModel:114 - Register for checkConnection events
2024-04-30 00:03:52,938 [FATAL] Updater:308 - Updater called before beeing initialized
2024-04-30 00:03:52,938 [ERROR] CADModel:125 - Updater not yet initialized, retry later 
2024-04-30 00:03:52,940 [FATAL] Updater:308 - Updater called before beeing initialized
2024-04-30 00:03:53,019 [FATAL] Updater:308 - Updater called before beeing initialized
2024-04-30 00:03:53,028 [INFO] DbMcusAds:53 - JSON generation date=Wed Nov 29 19:52:27 KST 2023 (1701255147349)
2024-04-30 00:03:53,028 [FATAL] Updater:308 - Updater called before beeing initialized
2024-04-30 00:03:53,086 [WARN] DetailPanel:346 - Failed to get advertising image, set to default
2024-04-30 00:03:53,160 [FATAL] Updater:308 - Updater called before beeing initialized
2024-04-30 00:03:53,161 [FATAL] Updater:308 - Updater called before beeing initialized
2024-04-30 00:03:53,161 [FATAL] Updater:308 - Updater called before beeing initialized
2024-04-30 00:03:53,161 [WARN] DetailPanel:346 - Failed to get advertising image, set to default
2024-04-30 00:03:53,162 [FATAL] Updater:308 - Updater called before beeing initialized
2024-04-30 00:03:53,266 [ERROR] Updater:1120 - MainUpdater not yet initialized. External WinMGr cannot be set.
2024-04-30 00:03:53,279 [INFO] Updater:1056 - Updater Version found : 6.10.0
2024-04-30 00:03:53,301 [INFO] ApplicationProperties:184 - Using Application install path: C:\ST\STM32CubeIDE_1.14.1\STM32CubeIDE\plugins\com.st.stm32cube.common.mx_6.10.0.202311202037
2024-04-30 00:03:53,867 [INFO] ThirdPartyUpdaterWithRetryManager:70 - Updater plugin not ready yet. [2/15]
2024-04-30 00:03:54,888 [ERROR] LogOutputStream:75 - [STDERR_REDIRECT] Apr 30, 2024 12:03:54 AM java.util.prefs.WindowsPreferences <init>
2024-04-30 00:03:54,889 [ERROR] LogOutputStream:75 - [STDERR_REDIRECT] WARNING: Could not open/create prefs root node Software\JavaSoft\Prefs at root 0xffffffff80000002. Windows RegCreateKeyEx(...) returned error code 5.
2024-04-30 00:03:54,889 [ERROR] LogOutputStream:75 - [STDERR_REDIRECT] 
2024-04-30 00:03:55,342 [INFO] MainUpdater:2873 - connection check result : 10
2024-04-30 00:03:55,342 [INFO] MainUpdater:290 - Updater Check For Update Now.
2024-04-30 00:03:55,342 [INFO] MicroXplorer:498 - Change Database Version : DB.6.0.100
2024-04-30 00:03:55,357 [INFO] McuFinderGlobals:63 - Set McuFinder mode to 2 (CubeIDE integrated)
2024-04-30 00:03:55,358 [INFO] UserAuth:180 - activating auth plugin
2024-04-30 00:03:55,362 [INFO] UserAuth:404 - Internet connection configuration mode: 1
2024-04-30 00:03:55,396 [INFO] JxBrowserEngine:152 - Initiate JxBrowser Engine with user profile folder
2024-04-30 00:03:55,546 [INFO] CheckServerUpdateThread:120 - End of CheckServer Thread
2024-04-30 00:03:57,199 [WARN] PackLoader:240 - Cannot read IP mode file for STMicroelectronics.FP-SNS-MOTENVWB1.1.4.0
2024-04-30 00:03:57,228 [WARN] PackLoader:240 - Cannot read IP mode file for STMicroelectronics.X-CUBE-SMBUS.2.1.0
2024-04-30 00:03:57,249 [WARN] PackLoader:240 - Cannot read IP mode file for STMicroelectronics.X-CUBE-TOUCHGFX.4.23.1
2024-04-30 00:03:57,264 [WARN] PackLoader:240 - Cannot read IP mode file for STMicroelectronics.X-CUBE-TOUCHGFX.4.23.0
2024-04-30 00:03:57,280 [WARN] PackLoader:240 - Cannot read IP mode file for STMicroelectronics.X-CUBE-TOUCHGFX.4.23.2
2024-04-30 00:03:57,330 [WARN] PackLoader:240 - Cannot read IP mode file for STMicroelectronics.X-CUBE-AZRTOS-F7.1.1.0
2024-04-30 00:03:57,351 [WARN] PackLoader:240 - Cannot read IP mode file for STMicroelectronics.FP-SNS-MOTENV1.4.3.2
2024-04-30 00:03:57,368 [INFO] WebApp:161 - Instantiating new browser for Auth
2024-04-30 00:03:57,371 [WARN] PackLoader:240 - Cannot read IP mode file for STMicroelectronics.FP-SNS-FLIGHT1.5.0.2
2024-04-30 00:03:57,409 [WARN] PackLoader:240 - Cannot read IP mode file for STMicroelectronics.X-CUBE-DISPLAY.3.0.0
2024-04-30 00:03:57,470 [WARN] PackLoader:240 - Cannot read IP mode file for STMicroelectronics.X-CUBE-BLE1.7.0.0
2024-04-30 00:03:57,495 [WARN] PackLoader:240 - Cannot read IP mode file for emotas.I-CUBE-CANOPEN.1.3.0
2024-04-30 00:03:57,538 [WARN] PackLoader:240 - Cannot read IP mode file for STMicroelectronics.X-CUBE-BLEMGR.3.1.0
2024-04-30 00:03:57,569 [WARN] PackLoader:240 - Cannot read IP mode file for STMicroelectronics.FP-SNS-SMARTAG2.1.2.0
2024-04-30 00:03:57,602 [INFO] LogOutputStream:77 - [STDOUT_REDIRECT] 1 : Invalid condition id : UX_CORESTACK_Condition cause : null
2024-04-30 00:03:57,603 [INFO] LogOutputStream:77 - [STDOUT_REDIRECT] 1 : Invalid condition id : UX_CORESTACK_Condition cause : null
2024-04-30 00:03:57,606 [INFO] LogOutputStream:77 - [STDOUT_REDIRECT] 1 : Invalid condition id : UX_CORESTACK_Condition cause : null
2024-04-30 00:03:57,609 [INFO] LogOutputStream:77 - [STDOUT_REDIRECT] 1 : Invalid condition id : UX_CORESTACK_Condition cause : null
2024-04-30 00:03:57,611 [INFO] LogOutputStream:77 - [STDOUT_REDIRECT] 1 : Invalid condition id : UX_CORESTACK_Condition cause : null
2024-04-30 00:03:57,619 [WARN] PackLoader:240 - Cannot read IP mode file for STMicroelectronics.X-CUBE-AZRTOS-WL.2.0.0
2024-04-30 00:03:57,648 [WARN] PackLoader:240 - Cannot read IP mode file for STMicroelectronics.FP-SNS-MOTENV1.5.0.0
2024-04-30 00:03:57,674 [WARN] PackLoader:240 - Cannot read IP mode file for WES.I-CUBE-Cesium.1.3.0
2024-04-30 00:03:57,694 [WARN] PackLoader:240 - Cannot read IP mode file for STMicroelectronics.X-CUBE-BLE2.3.3.0
2024-04-30 00:03:57,718 [WARN] PackLoader:240 - Cannot read IP mode file for STMicroelectronics.X-CUBE-TCPP.4.1.0
2024-04-30 00:03:57,759 [WARN] PackLoader:240 - Cannot read IP mode file for STMicroelectronics.X-CUBE-ALGOBUILD.1.3.0
2024-04-30 00:03:57,809 [WARN] PackLoader:240 - Cannot read IP mode file for STMicroelectronics.X-CUBE-AZRTOS-G0.1.1.0
2024-04-30 00:03:57,836 [WARN] PackLoader:240 - Cannot read IP mode file for STMicroelectronics.X-CUBE-SAFEA1.1.2.2
2024-04-30 00:03:57,863 [WARN] PackLoader:240 - Cannot read IP mode file for STMicroelectronics.X-CUBE-NFC4.3.0.0
2024-04-30 00:03:57,883 [WARN] PackLoader:240 - Cannot read IP mode file for STMicroelectronics.FP-ATR-SIGFOX1.3.2.0
2024-04-30 00:03:57,903 [WARN] PackLoader:240 - Cannot read IP mode file for STMicroelectronics.X-CUBE-EEPRMA1.5.1.0
2024-04-30 00:03:57,981 [WARN] PackLoader:240 - Cannot read IP mode file for SEGGER.I-CUBE-embOS.1.3.1
2024-04-30 00:03:58,052 [WARN] PackLoader:240 - Cannot read IP mode file for STMicroelectronics.X-CUBE-GNSS1.6.0.0
2024-04-30 00:03:58,099 [WARN] PackLoader:240 - Cannot read IP mode file for STMicroelectronics.X-CUBE-AZRTOS-F4.1.1.0
2024-04-30 00:03:58,128 [WARN] PackLoader:240 - Cannot read IP mode file for STMicroelectronics.X-CUBE-FREERTOS.1.2.0
2024-04-30 00:03:58,161 [WARN] PackLoader:240 - Cannot read IP mode file for wolfSSL.I-CUBE-wolfSSL.5.6.6
2024-04-30 00:03:58,209 [WARN] PackLoader:240 - Cannot read IP mode file for STMicroelectronics.X-CUBE-AZRTOS-L5.2.0.0
2024-04-30 00:03:58,242 [WARN] PackLoader:240 - Cannot read IP mode file for STMicroelectronics.X-CUBE-NFC6.3.1.0
2024-04-30 00:03:58,280 [WARN] PackLoader:240 - Cannot read IP mode file for ITTIA_DB.I-CUBE-ITTIADB.8.8.0
2024-04-30 00:03:58,301 [WARN] PackLoader:240 - Cannot read IP mode file for STMicroelectronics.X-CUBE-AI.9.0.0
2024-04-30 00:03:58,326 [WARN] PackLoader:240 - Cannot read IP mode file for STMicroelectronics.X-CUBE-NFC7.1.0.1
2024-04-30 00:03:58,384 [WARN] PackLoader:240 - Cannot read IP mode file for STMicroelectronics.X-CUBE-NFC6.3.0.0
2024-04-30 00:03:58,407 [WARN] PackLoader:240 - Cannot read IP mode file for STMicroelectronics.X-CUBE-AI.8.1.0
2024-04-30 00:03:58,467 [WARN] ConditionMgr:438 - getConditionDescription Invalid condition id : LAN8742 Phy interface Condition cause : null
2024-04-30 00:03:58,468 [WARN] PackLoader:240 - Cannot read IP mode file for STMicroelectronics.X-CUBE-AZRTOS-L4.2.0.0
2024-04-30 00:03:58,471 [WARN] ConditionMgr:1039 - genDependencies : Invalid condition id : LAN8742 Phy interface Condition cause : null
2024-04-30 00:03:58,472 [WARN] ConditionMgr:1039 - genDependencies : Invalid condition id : LAN8742 Phy interface Condition cause : null
2024-04-30 00:03:58,473 [WARN] ConditionMgr:1039 - genDependencies : Invalid condition id : LAN8742 Phy interface Condition cause : null
2024-04-30 00:03:58,496 [WARN] PackLoader:240 - Cannot read IP mode file for STMicroelectronics.X-CUBE-SFXS2LP1.4.0.0
2024-04-30 00:03:58,529 [WARN] ConditionMgr:438 - getConditionDescription Invalid condition id : UX DEVICE CLASS RTOS Condition cause : null
2024-04-30 00:03:58,530 [WARN] ConditionMgr:438 - getConditionDescription Invalid condition id : UX DEVICE CLASS RTOS Condition cause : null
2024-04-30 00:03:58,532 [WARN] PackLoader:240 - Cannot read IP mode file for STMicroelectronics.X-CUBE-AZRTOS-WB.2.0.0
2024-04-30 00:03:58,533 [WARN] ConditionMgr:1039 - genDependencies : Invalid condition id : UX DEVICE CLASS RTOS Condition cause : null
2024-04-30 00:03:58,533 [WARN] ConditionMgr:1039 - genDependencies : Invalid condition id : UX DEVICE CLASS RTOS Condition cause : null
2024-04-30 00:03:58,534 [WARN] ConditionMgr:1039 - genDependencies : Invalid condition id : UX DEVICE CLASS RTOS Condition cause : null
2024-04-30 00:03:58,534 [WARN] ConditionMgr:1039 - genDependencies : Invalid condition id : UX DEVICE CLASS RTOS Condition cause : null
2024-04-30 00:03:58,535 [WARN] ConditionMgr:1039 - genDependencies : Invalid condition id : UX DEVICE CLASS RTOS Condition cause : null
2024-04-30 00:03:58,566 [WARN] PackLoader:240 - Cannot read IP mode file for STMicroelectronics.X-CUBE-SUBG2.5.0.0
2024-04-30 00:03:58,600 [WARN] PackLoader:240 - Cannot read IP mode file for STMicroelectronics.X-CUBE-AZRTOS-G4.2.0.0
2024-04-30 00:03:58,634 [WARN] PackLoader:240 - Cannot read IP mode file for Infineon.AIROC-Wi-Fi-Bluetooth-STM32.1.5.1
2024-04-30 00:03:58,656 [WARN] PackLoader:240 - Cannot read IP mode file for STMicroelectronics.FP-SNS-MOTENVWB1.1.3.1
2024-04-30 00:03:58,674 [WARN] PackLoader:240 - Cannot read IP mode file for STMicroelectronics.X-CUBE-ISPU.2.0.0
2024-04-30 00:03:58,688 [INFO] WebApp:780 - Register for checkConnection events
2024-04-30 00:03:58,688 [INFO] WebApp:414 - Apply proxy settings
2024-04-30 00:03:58,688 [INFO] WebApp:499 - Chromium requires no authentication
2024-04-30 00:03:58,705 [INFO] WebApp:442 - Direct internet connection detected
2024-04-30 00:03:58,734 [WARN] PackLoader:240 - Cannot read IP mode file for STMicroelectronics.X-CUBE-MEMS1.10.0.0
2024-04-30 00:03:58,885 [WARN] PackLoader:240 - Cannot read IP mode file for STMicroelectronics.X-CUBE-FREERTOS.1.1.0
2024-04-30 00:03:58,905 [WARN] PackLoader:240 - Cannot read IP mode file for portGmbH.I-Cube-SoM-uGOAL.1.1.0
2024-04-30 00:03:58,922 [WARN] PackLoader:240 - Cannot read IP mode file for STMicroelectronics.X-CUBE-ALS.1.0.1
2024-04-30 00:03:58,951 [WARN] PackLoader:240 - Cannot read IP mode file for STMicroelectronics.X-CUBE-AZRTOS-H7RS.1.0.0
2024-04-30 00:03:58,964 [WARN] PackLoader:240 - Cannot read IP mode file for STMicroelectronics.FP-ATR-ASTRA1.2.0.0
2024-04-30 00:03:58,985 [WARN] PackLoader:240 - Cannot read IP mode file for STMicroelectronics.X-CUBE-TOF1.3.4.0
2024-04-30 00:03:59,013 [WARN] PackLoader:240 - Cannot read IP mode file for STMicroelectronics.X-CUBE-TOF1.3.4.1
2024-04-30 00:03:59,078 [INFO] WebApp:192 - Starting web application
2024-04-30 00:03:59,079 [INFO] WebApp:544 - Web application path used C:\ST\STM32CubeIDE_1.14.1\STM32CubeIDE\plugins\com.st.stm32cube.common.mx_6.10.0.202311202037\db\plugins\mcufinder\reactClient1\index.html
2024-04-30 00:03:59,128 [WARN] PackLoader:240 - Cannot read IP mode file for STMicroelectronics.X-CUBE-AZRTOS-H7.3.2.0
2024-04-30 00:03:59,135 [INFO] ThirdParty:978 - Integrity check success = true
2024-04-30 00:03:59,136 [INFO] IntegrityCheckThread:100 - exiting critical section [integrity check]
2024-04-30 00:03:59,136 [INFO] IntegrityCheckThread:103 - End integrity checks thread
2024-04-30 00:04:20,347 [ERROR] LogOutputStream:75 - [STDERR_REDIRECT] SLF4J: Failed to load class "org.slf4j.impl.StaticLoggerBinder".
2024-04-30 00:04:20,348 [ERROR] LogOutputStream:75 - [STDERR_REDIRECT] SLF4J: Defaulting to no-operation (NOP) logger implementation
2024-04-30 00:04:20,349 [ERROR] LogOutputStream:75 - [STDERR_REDIRECT] SLF4J: See http://www.slf4j.org/codes.html#StaticLoggerBinder for further details.
