2024-08-30 11:07:13,459 [INFO] McuFinderGlobals:63 - Set McuFinder mode to 2 (CubeIDE integrated)
2024-08-30 11:07:13,938 [INFO] MainUpdater:2873 - connection check result : 10
2024-08-30 11:07:13,964 [INFO] McuFinderGlobals:76 - Set McuFinderConnectedMode to true
2024-08-30 11:07:14,161 [INFO] ServerAccessManage:473 - Download File mcusAds.json._tmp_
2024-08-30 11:07:14,290 [INFO] LoadUrlFilesThread:156 - End of LoadUrlFiles Thread
2024-08-30 11:07:14,914 [INFO] ServerAccessManage:473 - Download File cube-finder-db.zip
2024-08-30 11:07:20,399 [INFO] FileExtend:240 - Unzip File : cube-finder-db.zip
2024-08-30 11:07:20,399 [INFO] FileExtend:255 - Standard Zip Deflate
2024-08-30 11:07:21,294 [INFO] LoadUrlFilesThread:156 - End of LoadUrlFiles Thread
2024-08-30 11:07:22,486 [INFO] ServerAccessManage:473 - Download File crdb.zip
2024-08-30 11:07:23,874 [INFO] FileExtend:240 - Unzip File : crdb.zip
2024-08-30 11:07:23,874 [INFO] FileExtend:255 - Standard Zip Deflate
2024-08-30 11:07:24,000 [INFO] LoadUrlFilesThread:156 - End of LoadUrlFiles Thread
2024-08-30 11:07:24,261 [INFO] ServerAccessManage:473 - Download File tutoVideoDB.zip
2024-08-30 11:07:24,286 [INFO] FileExtend:240 - Unzip File : tutoVideoDB.zip
2024-08-30 11:07:24,286 [INFO] FileExtend:255 - Standard Zip Deflate
2024-08-30 11:07:24,405 [INFO] LoadUrlFilesThread:156 - End of LoadUrlFiles Thread
2024-08-30 11:07:24,414 [WARN] DbFile:41 - Overriding database path with different value: C:\Users\conne\.stmcufinder\plugins\mcufinder/ => C:\Users\conne\.stmcufinder\plugins\mcufinder
2024-08-30 11:07:24,669 [INFO] ServerAccessManage:473 - Download File api_config.json
2024-08-30 11:07:24,791 [INFO] LoadUrlFilesThread:156 - End of LoadUrlFiles Thread
2024-08-30 11:07:24,795 [INFO] DbMcusAds:53 - JSON generation date=Thu May 16 18:22:00 KST 2024 (1715851320667)
2024-08-30 11:07:24,821 [INFO] LoadUrlFilesThread:185 - End of LoadServerUrlFiles without Thread
2024-08-30 11:07:24,822 [INFO] TargetSelectorAdapter:259 - Refresh data is successful
2024-08-30 11:07:25,025 [INFO] ApiDb:581 - Connected to CubeFinder SQLite database (C:\Users\conne\.stmcufinder\plugins\mcufinder\mcu\cube-finder-db.db)
2024-08-30 11:07:25,065 [INFO] ApiDb:668 - CubeFinder database Data Model version=2.1
2024-08-30 11:07:25,066 [INFO] ApiDb:669 - CubeFinder database Configuration version=3.0.39
2024-08-30 11:07:25,067 [INFO] ApiDb:670 - CubeFinder database generation date=2024-08-06 (1722941618)
2024-08-30 11:07:25,067 [INFO] ApiDb:671 - CubeFinder database FW Pack versions=[FP-ATR-ASTRA1_V2.0.0, FP-SNS-FLIGHT1_V5.0.2, FP-SNS-MOTENV1_V5.0.0, FP-SNS-MOTENVWB1_V1.4.0, FP-SNS-SMARTAG2_V1.2.0, FP-SNS-STBOX1_V2.0.0, STM32Cube_FW_C0_V1.2.0, STM32Cube_FW_F4_V1.28.0, STM32Cube_FW_F7_V1.17.2, STM32Cube_FW_G0_V1.6.2, STM32Cube_FW_G4_V1.6.0, STM32Cube_FW_H5_V1.3.0, STM32Cube_FW_H7RS_V1.1.0, STM32Cube_FW_H7_V1.11.2, STM32Cube_FW_L0_V1.12.2, STM32Cube_FW_L5_V1.5.1, STM32Cube_FW_U0_V1.1.0, STM32Cube_FW_U5_V1.6.0, STM32Cube_FW_WB0_V1.0.0, STM32Cube_FW_WBA_V1.4.1, STM32Cube_FW_WB_V1.20.0, STM32Cube_FW_WL_V1.3.0, X-CUBE-ALGOBUILD_V1.4.0, X-CUBE-ALS_V1.0.2, X-CUBE-AZRTOS-F4_V1.1.0, X-CUBE-AZRTOS-F7_V1.1.0, X-CUBE-AZRTOS-G0_V1.1.0, X-CUBE-AZRTOS-G4_V2.0.0, X-CUBE-AZRTOS-H7RS_V1.0.0, X-CUBE-AZRTOS-H7_V3.2.0, X-CUBE-AZRTOS-L4_V2.0.0, X-CUBE-AZRTOS-L5_V1.1.0, X-CUBE-AZRTOS-WB_V2.0.0, X-CUBE-AZRTOS-WL_V2.0.0, X-CUBE-BLE1_V7.0.0, X-CUBE-BLE2_V3.3.0, X-CUBE-BLEMGR_V3.1.0, X-CUBE-EEPRMA1_V5.1.0, X-CUBE-FREERTOS_V1.2.0, X-CUBE-GNSS1_V6.0.0, X-CUBE-MEMS1_V10.0.0, X-CUBE-NFC4_V3.0.0, X-CUBE-NFC7_V1.0.1, X-CUBE-SFXS2LP1_V4.0.0, X-CUBE-SUBG2_V5.0.0, X-CUBE-TOF1_V3.4.2]
2024-08-30 11:07:26,267 [INFO] ApiDb:240 - Found 371 in-development CPN: [B-G473E-ZEST1S, B-WB1M-WPAN1, B-WL5M-SUBG1, NUCLEO-C031C6, NUCLEO-H503RB, NUCLEO-H563ZI, NUCLEO-U545RE-Q, NUCLEO-U5A5ZJ-Q, NUCLEO-WBA52CG, NUCLEO-WBA55CG, STEVAL-MKBOXPRO, STEVAL-PROTEUS1, STEVAL-STWINBX1, STM320518-EVAL, STM32C0116-DK, STM32C011D6Y3TR, STM32C011D6Y6TR, STM32C011F4P3, STM32C011F4P6, STM32C011F4U3, STM32C011F4U6TR, STM32C011F6P3, STM32C011F6P6, STM32C011F6U3, STM32C011F6U6TR, STM32C011J4M3, STM32C011J4M6, STM32C011J6M3, STM32C011J6M6, STM32C0316-DK, STM32C031C4T3, STM32C031C4T6, STM32C031C4U3, STM32C031C4U6, STM32C031C6T3, STM32C031C6T6, STM32C031C6U3, STM32C031C6U6, STM32C031F4P3, STM32C031F4P6, STM32C031F6P3, STM32C031F6P6, STM32C031G4U3, STM32C031G4U6, STM32C031G6U3, STM32C031G6U6, STM32C031K4T3, STM32C031K4T6, STM32C031K4U3, STM32C031K4U6, STM32C031K6T3, STM32C031K6T6, STM32C031K6U3, STM32C031K6U6, STM32G071K8TXN, STM32G071K8UXN, STM32G081GBU6N, STM32G081KBT6N, STM32G081KBUXN, STM32G0B1CCT6N, STM32G0B1KCT6, STM32G0B1NEY6TR, STM32G0B1RCT6N, STM32G0C1CCT6, STM32G0C1CCT6N, STM32G0C1CCU6N, STM32G0C1CET6N, STM32G0C1CEU6N, STM32G0C1KCT6, STM32G0C1NEY6TR, STM32G0C1RCI6N, STM32G0C1RCT6N, STM32G0C1REI6N, STM32G0C1RET6N, STM32G0C1VCI6, STM32G0C1VEI6, STM32G471CCT6, STM32G471CCU6, STM32G471CET3, STM32G471CET6, STM32G471CEU3, STM32G471CEU6, STM32G471MCT6, STM32G471MET3, STM32G471MET6, STM32G471MEY6TR, STM32G471QCT6, STM32G471QET3, STM32G471RCT6, STM32G471RET3, STM32G471RET6, STM32G471VCH6, STM32G471VCI6, STM32G471VCT6, STM32G471VEH3, STM32G471VEH6, STM32G471VEI3, STM32G471VEI6, STM32G471VET3, STM32G471VET6, STM32G474CCT6, STM32H503CBT6, STM32H503CBU6, STM32H503EBY6TR, STM32H503KBU6, STM32H503RBT6, STM32H562AGI6, STM32H562AII6, STM32H562IGK6, STM32H562IGT6, STM32H562IIK6, STM32H562IIT6, STM32H562RGT6, STM32H562RGV6, STM32H562RIT6, STM32H562RIV6, STM32H562VGT6, STM32H562VIT6, STM32H562ZGT6, STM32H562ZIT6, STM32H563AGI6, STM32H563AII3Q, STM32H563AII6, STM32H563IGK6, STM32H563IGT6, STM32H563IIK3Q, STM32H563IIK6, STM32H563IIT3Q, STM32H563IIT6, STM32H563MIY3QTR, STM32H563RGT6, STM32H563RGV6, STM32H563RIT6, STM32H563RIV6, STM32H563VGT6, STM32H563VIT3Q, STM32H563VIT6, STM32H563ZGT6, STM32H563ZIT3Q, STM32H563ZIT6, STM32H573AII3Q, STM32H573AII6, STM32H573I-DK, STM32H573IIK3Q, STM32H573IIK6, STM32H573IIT3Q, STM32H573IIT6, STM32H573MIY3QTR, STM32H573RIT6, STM32H573RIV6, STM32H573VIT3Q, STM32H573VIT6, STM32H573ZIT3Q, STM32H573ZIT6, STM32L4R5QGI6STR, STM32MP131AAE3, STM32MP131AAF3, STM32MP131AAG3, STM32MP131CAE3, STM32MP131CAF3, STM32MP131CAG3, STM32MP131DAE7, STM32MP131DAF7, STM32MP131DAG7, STM32MP131FAE7, STM32MP131FAF7, STM32MP131FAG7, STM32MP133AAE3, STM32MP133AAF3, STM32MP133AAG3, STM32MP133CAE3, STM32MP133CAF3, STM32MP133CAG3, STM32MP133DAE7, STM32MP133DAF7, STM32MP133DAG7, STM32MP133FAE7, STM32MP133FAF7, STM32MP133FAG7, STM32MP135AAE3, STM32MP135AAF3, STM32MP135AAG3, STM32MP135CAE3, STM32MP135CAF3, STM32MP135CAG3, STM32MP135DAE7, STM32MP135DAF7, STM32MP135DAG7, STM32MP135F-DK, STM32MP135FAE7, STM32MP135FAF7, STM32MP135FAF7T, STM32MP135FAF7U, STM32MP135FAG7, STM32U535CBT6, STM32U535CBT6Q, STM32U535CBU6, STM32U535CBU6Q, STM32U535CCT6, STM32U535CCT6Q, STM32U535CCU6, STM32U535CCU6Q, STM32U535CET6, STM32U535CET6Q, STM32U535CEU6, STM32U535CEU6Q, STM32U535JEY6QTR, STM32U535NCY6QTR, STM32U535NEY6QTR, STM32U535RBI6, STM32U535RBI6Q, STM32U535RBT6, STM32U535RBT6Q, STM32U535RCI6, STM32U535RCI6Q, STM32U535RCT6, STM32U535RCT6Q, STM32U535REI6, STM32U535REI6Q, STM32U535RET6, STM32U535RET6Q, STM32U535VCI6, STM32U535VCI6Q, STM32U535VCT6, STM32U535VCT6Q, STM32U535VEI6, STM32U535VEI6Q, STM32U535VET6, STM32U535VET6Q, STM32U545CET6, STM32U545CET6Q, STM32U545CEU6, STM32U545CEU6Q, STM32U545JEY6QTR, STM32U545NEY6QTR, STM32U545REI6, STM32U545REI6Q, STM32U545RET6, STM32U545RET6Q, STM32U545VEI6, STM32U545VEI6Q, STM32U545VET6, STM32U545VET6Q, STM32U595AIH6, STM32U595AIH6Q, STM32U595AJH6, STM32U595AJH6Q, STM32U595QII6, STM32U595QII6Q, STM32U595QJI6, STM32U595QJI6Q, STM32U595RIT6, STM32U595RIT6Q, STM32U595RJT6, STM32U595RJT6Q, STM32U595VIT6, STM32U595VIT6Q, STM32U595VJT6, STM32U595VJT6Q, STM32U595ZIT6, STM32U595ZIT6Q, STM32U595ZIY6QTR, STM32U595ZJT6, STM32U595ZJT6Q, STM32U595ZJY6QTR, STM32U599BJY6QTR, STM32U599NIH6Q, STM32U599NJH6Q, STM32U599VIT6Q, STM32U599VJT6, STM32U599VJT6Q, STM32U599ZIT6Q, STM32U599ZIY6QTR, STM32U599ZJT6Q, STM32U599ZJY6QTR, STM32U5A5AJH6, STM32U5A5AJH6Q, STM32U5A5QJI6, STM32U5A5QJI6Q, STM32U5A5RJT6, STM32U5A5RJT6Q, STM32U5A5VJT6, STM32U5A5VJT6Q, STM32U5A5ZJT6, STM32U5A5ZJT6Q, STM32U5A5ZJY6QTR, STM32U5A9BJY6QTR, STM32U5A9J-DK, STM32U5A9NJH6Q, STM32U5A9VJT6Q, STM32U5A9ZJT6Q, STM32U5A9ZJY6QTR, STM32U5F7VIT6, STM32U5F7VIT6Q, STM32U5F7VJT6, STM32U5F7VJT6Q, STM32U5F9BJY6QTR, STM32U5F9NJH6Q, STM32U5F9VIT6Q, STM32U5F9VJT6Q, STM32U5F9ZIJ6QTR, STM32U5F9ZIT6Q, STM32U5F9ZJJ6QTR, STM32U5F9ZJT6Q, STM32U5G7VJT6, STM32U5G7VJT6Q, STM32U5G9BJY6QTR, STM32U5G9J-DK1, STM32U5G9J-DK2, STM32U5G9NJH6Q, STM32U5G9VJT6Q, STM32U5G9ZJJ6QTR, STM32U5G9ZJT6Q, STM32WB1MMCH6, STM32WBA50KEU6, STM32WBA50KEU6TR, STM32WBA50KGU6, STM32WBA50KGU6TR, STM32WBA52CEU6, STM32WBA52CEU6TR, STM32WBA52CEU7, STM32WBA52CEU7TR, STM32WBA52CGU6, STM32WBA52CGU6TR, STM32WBA52CGU6U, STM32WBA52CGU7, STM32WBA52CGU7TR, STM32WBA52KEU6, STM32WBA52KEU6TR, STM32WBA52KGU6, STM32WBA52KGU6TR, STM32WBA54CEU6, STM32WBA54CEU6TR, STM32WBA54CEU7, STM32WBA54CEU7TR, STM32WBA54CGU6, STM32WBA54CGU6TR, STM32WBA54CGU7, STM32WBA54CGU7TR, STM32WBA54KEU6, STM32WBA54KEU6TR, STM32WBA54KEU7, STM32WBA54KEU7TR, STM32WBA54KGU6, STM32WBA54KGU6TR, STM32WBA54KGU7, STM32WBA54KGU7TR, STM32WBA55CEU6, STM32WBA55CEU6TR, STM32WBA55CEU7, STM32WBA55CEU7TR, STM32WBA55CGU6, STM32WBA55CGU6TR, STM32WBA55CGU6U, STM32WBA55CGU7, STM32WBA55CGU7TR, STM32WBA55G-DK1, STM32WBA55HEF6, STM32WBA55HEF7, STM32WBA55HGF6, STM32WBA55HGF7, STM32WBA55UEI6, STM32WBA55UEI6TR, STM32WBA55UEI7, STM32WBA55UEI7TR, STM32WBA55UGI6, STM32WBA55UGI6TR, STM32WBA55UGI7, STM32WBA55UGI7TR, STM32WL5MOCH6, STM32WL5MOCH6TR]
2024-08-30 11:07:26,272 [INFO] DbMcus:218 - Found 4203 MCUs, 4203 are supported
2024-08-30 11:07:26,284 [INFO] ApiDb:423 - Load user favorites file C:\Users\conne/.stm32cubeide/favorites.mcus.txt: 1 item(s)
2024-08-30 11:07:26,285 [INFO] ApiDb:427 - User favorites MCUs=[STM32F407VGT6]
2024-08-30 11:07:26,285 [INFO] DbMcus:224 - Set 1 / 1 favorites MCUs
2024-08-30 11:07:26,567 [INFO] ApiDb:668 - CubeFinder database Data Model version=2.1
2024-08-30 11:07:26,567 [INFO] ApiDb:669 - CubeFinder database Configuration version=3.0.39
2024-08-30 11:07:26,567 [INFO] ApiDb:670 - CubeFinder database generation date=2024-08-06 (1722941618)
2024-08-30 11:07:26,567 [INFO] ApiDb:671 - CubeFinder database FW Pack versions=[FP-ATR-ASTRA1_V2.0.0, FP-SNS-FLIGHT1_V5.0.2, FP-SNS-MOTENV1_V5.0.0, FP-SNS-MOTENVWB1_V1.4.0, FP-SNS-SMARTAG2_V1.2.0, FP-SNS-STBOX1_V2.0.0, STM32Cube_FW_C0_V1.2.0, STM32Cube_FW_F4_V1.28.0, STM32Cube_FW_F7_V1.17.2, STM32Cube_FW_G0_V1.6.2, STM32Cube_FW_G4_V1.6.0, STM32Cube_FW_H5_V1.3.0, STM32Cube_FW_H7RS_V1.1.0, STM32Cube_FW_H7_V1.11.2, STM32Cube_FW_L0_V1.12.2, STM32Cube_FW_L5_V1.5.1, STM32Cube_FW_U0_V1.1.0, STM32Cube_FW_U5_V1.6.0, STM32Cube_FW_WB0_V1.0.0, STM32Cube_FW_WBA_V1.4.1, STM32Cube_FW_WB_V1.20.0, STM32Cube_FW_WL_V1.3.0, X-CUBE-ALGOBUILD_V1.4.0, X-CUBE-ALS_V1.0.2, X-CUBE-AZRTOS-F4_V1.1.0, X-CUBE-AZRTOS-F7_V1.1.0, X-CUBE-AZRTOS-G0_V1.1.0, X-CUBE-AZRTOS-G4_V2.0.0, X-CUBE-AZRTOS-H7RS_V1.0.0, X-CUBE-AZRTOS-H7_V3.2.0, X-CUBE-AZRTOS-L4_V2.0.0, X-CUBE-AZRTOS-L5_V1.1.0, X-CUBE-AZRTOS-WB_V2.0.0, X-CUBE-AZRTOS-WL_V2.0.0, X-CUBE-BLE1_V7.0.0, X-CUBE-BLE2_V3.3.0, X-CUBE-BLEMGR_V3.1.0, X-CUBE-EEPRMA1_V5.1.0, X-CUBE-FREERTOS_V1.2.0, X-CUBE-GNSS1_V6.0.0, X-CUBE-MEMS1_V10.0.0, X-CUBE-NFC4_V3.0.0, X-CUBE-NFC7_V1.0.1, X-CUBE-SFXS2LP1_V4.0.0, X-CUBE-SUBG2_V5.0.0, X-CUBE-TOF1_V3.4.2]
2024-08-30 11:07:26,605 [INFO] DbBoardsSqlite:226 - include board P-NUCLEO-WB55-NUCLEO as a kit item of type 'Nucleo-64'
2024-08-30 11:07:26,606 [INFO] DbBoardsSqlite:226 - include board P-NUCLEO-WB55-USBDONGLE as a kit item of type 'Nucleo USB Dongle'
2024-08-30 11:07:26,606 [INFO] DbBoardsSqlite:226 - include board STEVAL-IDP005V1 as a kit item of type 'Evaluation Board'
2024-08-30 11:07:26,606 [INFO] DbBoardsSqlite:226 - include board STEVAL-IDP005V2 as a kit item of type 'Evaluation Board'
2024-08-30 11:07:26,638 [INFO] ApiDb:240 - Found 371 in-development CPN: [B-G473E-ZEST1S, B-WB1M-WPAN1, B-WL5M-SUBG1, NUCLEO-C031C6, NUCLEO-H503RB, NUCLEO-H563ZI, NUCLEO-U545RE-Q, NUCLEO-U5A5ZJ-Q, NUCLEO-WBA52CG, NUCLEO-WBA55CG, STEVAL-MKBOXPRO, STEVAL-PROTEUS1, STEVAL-STWINBX1, STM320518-EVAL, STM32C0116-DK, STM32C011D6Y3TR, STM32C011D6Y6TR, STM32C011F4P3, STM32C011F4P6, STM32C011F4U3, STM32C011F4U6TR, STM32C011F6P3, STM32C011F6P6, STM32C011F6U3, STM32C011F6U6TR, STM32C011J4M3, STM32C011J4M6, STM32C011J6M3, STM32C011J6M6, STM32C0316-DK, STM32C031C4T3, STM32C031C4T6, STM32C031C4U3, STM32C031C4U6, STM32C031C6T3, STM32C031C6T6, STM32C031C6U3, STM32C031C6U6, STM32C031F4P3, STM32C031F4P6, STM32C031F6P3, STM32C031F6P6, STM32C031G4U3, STM32C031G4U6, STM32C031G6U3, STM32C031G6U6, STM32C031K4T3, STM32C031K4T6, STM32C031K4U3, STM32C031K4U6, STM32C031K6T3, STM32C031K6T6, STM32C031K6U3, STM32C031K6U6, STM32G071K8TXN, STM32G071K8UXN, STM32G081GBU6N, STM32G081KBT6N, STM32G081KBUXN, STM32G0B1CCT6N, STM32G0B1KCT6, STM32G0B1NEY6TR, STM32G0B1RCT6N, STM32G0C1CCT6, STM32G0C1CCT6N, STM32G0C1CCU6N, STM32G0C1CET6N, STM32G0C1CEU6N, STM32G0C1KCT6, STM32G0C1NEY6TR, STM32G0C1RCI6N, STM32G0C1RCT6N, STM32G0C1REI6N, STM32G0C1RET6N, STM32G0C1VCI6, STM32G0C1VEI6, STM32G471CCT6, STM32G471CCU6, STM32G471CET3, STM32G471CET6, STM32G471CEU3, STM32G471CEU6, STM32G471MCT6, STM32G471MET3, STM32G471MET6, STM32G471MEY6TR, STM32G471QCT6, STM32G471QET3, STM32G471RCT6, STM32G471RET3, STM32G471RET6, STM32G471VCH6, STM32G471VCI6, STM32G471VCT6, STM32G471VEH3, STM32G471VEH6, STM32G471VEI3, STM32G471VEI6, STM32G471VET3, STM32G471VET6, STM32G474CCT6, STM32H503CBT6, STM32H503CBU6, STM32H503EBY6TR, STM32H503KBU6, STM32H503RBT6, STM32H562AGI6, STM32H562AII6, STM32H562IGK6, STM32H562IGT6, STM32H562IIK6, STM32H562IIT6, STM32H562RGT6, STM32H562RGV6, STM32H562RIT6, STM32H562RIV6, STM32H562VGT6, STM32H562VIT6, STM32H562ZGT6, STM32H562ZIT6, STM32H563AGI6, STM32H563AII3Q, STM32H563AII6, STM32H563IGK6, STM32H563IGT6, STM32H563IIK3Q, STM32H563IIK6, STM32H563IIT3Q, STM32H563IIT6, STM32H563MIY3QTR, STM32H563RGT6, STM32H563RGV6, STM32H563RIT6, STM32H563RIV6, STM32H563VGT6, STM32H563VIT3Q, STM32H563VIT6, STM32H563ZGT6, STM32H563ZIT3Q, STM32H563ZIT6, STM32H573AII3Q, STM32H573AII6, STM32H573I-DK, STM32H573IIK3Q, STM32H573IIK6, STM32H573IIT3Q, STM32H573IIT6, STM32H573MIY3QTR, STM32H573RIT6, STM32H573RIV6, STM32H573VIT3Q, STM32H573VIT6, STM32H573ZIT3Q, STM32H573ZIT6, STM32L4R5QGI6STR, STM32MP131AAE3, STM32MP131AAF3, STM32MP131AAG3, STM32MP131CAE3, STM32MP131CAF3, STM32MP131CAG3, STM32MP131DAE7, STM32MP131DAF7, STM32MP131DAG7, STM32MP131FAE7, STM32MP131FAF7, STM32MP131FAG7, STM32MP133AAE3, STM32MP133AAF3, STM32MP133AAG3, STM32MP133CAE3, STM32MP133CAF3, STM32MP133CAG3, STM32MP133DAE7, STM32MP133DAF7, STM32MP133DAG7, STM32MP133FAE7, STM32MP133FAF7, STM32MP133FAG7, STM32MP135AAE3, STM32MP135AAF3, STM32MP135AAG3, STM32MP135CAE3, STM32MP135CAF3, STM32MP135CAG3, STM32MP135DAE7, STM32MP135DAF7, STM32MP135DAG7, STM32MP135F-DK, STM32MP135FAE7, STM32MP135FAF7, STM32MP135FAF7T, STM32MP135FAF7U, STM32MP135FAG7, STM32U535CBT6, STM32U535CBT6Q, STM32U535CBU6, STM32U535CBU6Q, STM32U535CCT6, STM32U535CCT6Q, STM32U535CCU6, STM32U535CCU6Q, STM32U535CET6, STM32U535CET6Q, STM32U535CEU6, STM32U535CEU6Q, STM32U535JEY6QTR, STM32U535NCY6QTR, STM32U535NEY6QTR, STM32U535RBI6, STM32U535RBI6Q, STM32U535RBT6, STM32U535RBT6Q, STM32U535RCI6, STM32U535RCI6Q, STM32U535RCT6, STM32U535RCT6Q, STM32U535REI6, STM32U535REI6Q, STM32U535RET6, STM32U535RET6Q, STM32U535VCI6, STM32U535VCI6Q, STM32U535VCT6, STM32U535VCT6Q, STM32U535VEI6, STM32U535VEI6Q, STM32U535VET6, STM32U535VET6Q, STM32U545CET6, STM32U545CET6Q, STM32U545CEU6, STM32U545CEU6Q, STM32U545JEY6QTR, STM32U545NEY6QTR, STM32U545REI6, STM32U545REI6Q, STM32U545RET6, STM32U545RET6Q, STM32U545VEI6, STM32U545VEI6Q, STM32U545VET6, STM32U545VET6Q, STM32U595AIH6, STM32U595AIH6Q, STM32U595AJH6, STM32U595AJH6Q, STM32U595QII6, STM32U595QII6Q, STM32U595QJI6, STM32U595QJI6Q, STM32U595RIT6, STM32U595RIT6Q, STM32U595RJT6, STM32U595RJT6Q, STM32U595VIT6, STM32U595VIT6Q, STM32U595VJT6, STM32U595VJT6Q, STM32U595ZIT6, STM32U595ZIT6Q, STM32U595ZIY6QTR, STM32U595ZJT6, STM32U595ZJT6Q, STM32U595ZJY6QTR, STM32U599BJY6QTR, STM32U599NIH6Q, STM32U599NJH6Q, STM32U599VIT6Q, STM32U599VJT6, STM32U599VJT6Q, STM32U599ZIT6Q, STM32U599ZIY6QTR, STM32U599ZJT6Q, STM32U599ZJY6QTR, STM32U5A5AJH6, STM32U5A5AJH6Q, STM32U5A5QJI6, STM32U5A5QJI6Q, STM32U5A5RJT6, STM32U5A5RJT6Q, STM32U5A5VJT6, STM32U5A5VJT6Q, STM32U5A5ZJT6, STM32U5A5ZJT6Q, STM32U5A5ZJY6QTR, STM32U5A9BJY6QTR, STM32U5A9J-DK, STM32U5A9NJH6Q, STM32U5A9VJT6Q, STM32U5A9ZJT6Q, STM32U5A9ZJY6QTR, STM32U5F7VIT6, STM32U5F7VIT6Q, STM32U5F7VJT6, STM32U5F7VJT6Q, STM32U5F9BJY6QTR, STM32U5F9NJH6Q, STM32U5F9VIT6Q, STM32U5F9VJT6Q, STM32U5F9ZIJ6QTR, STM32U5F9ZIT6Q, STM32U5F9ZJJ6QTR, STM32U5F9ZJT6Q, STM32U5G7VJT6, STM32U5G7VJT6Q, STM32U5G9BJY6QTR, STM32U5G9J-DK1, STM32U5G9J-DK2, STM32U5G9NJH6Q, STM32U5G9VJT6Q, STM32U5G9ZJJ6QTR, STM32U5G9ZJT6Q, STM32WB1MMCH6, STM32WBA50KEU6, STM32WBA50KEU6TR, STM32WBA50KGU6, STM32WBA50KGU6TR, STM32WBA52CEU6, STM32WBA52CEU6TR, STM32WBA52CEU7, STM32WBA52CEU7TR, STM32WBA52CGU6, STM32WBA52CGU6TR, STM32WBA52CGU6U, STM32WBA52CGU7, STM32WBA52CGU7TR, STM32WBA52KEU6, STM32WBA52KEU6TR, STM32WBA52KGU6, STM32WBA52KGU6TR, STM32WBA54CEU6, STM32WBA54CEU6TR, STM32WBA54CEU7, STM32WBA54CEU7TR, STM32WBA54CGU6, STM32WBA54CGU6TR, STM32WBA54CGU7, STM32WBA54CGU7TR, STM32WBA54KEU6, STM32WBA54KEU6TR, STM32WBA54KEU7, STM32WBA54KEU7TR, STM32WBA54KGU6, STM32WBA54KGU6TR, STM32WBA54KGU7, STM32WBA54KGU7TR, STM32WBA55CEU6, STM32WBA55CEU6TR, STM32WBA55CEU7, STM32WBA55CEU7TR, STM32WBA55CGU6, STM32WBA55CGU6TR, STM32WBA55CGU6U, STM32WBA55CGU7, STM32WBA55CGU7TR, STM32WBA55G-DK1, STM32WBA55HEF6, STM32WBA55HEF7, STM32WBA55HGF6, STM32WBA55HGF7, STM32WBA55UEI6, STM32WBA55UEI6TR, STM32WBA55UEI7, STM32WBA55UEI7TR, STM32WBA55UGI6, STM32WBA55UGI6TR, STM32WBA55UGI7, STM32WBA55UGI7TR, STM32WL5MOCH6, STM32WL5MOCH6TR]
2024-08-30 11:07:26,734 [INFO] BoardInfo:889 - No configuration file found for board NUCLEO-H533RE
2024-08-30 11:07:26,734 [INFO] DbBoards:161 - Board is not supported: NUCLEO-H533RE
2024-08-30 11:07:26,746 [INFO] BoardInfo:889 - No configuration file found for board NUCLEO-H7S3L8
2024-08-30 11:07:26,747 [INFO] DbBoards:161 - Board is not supported: NUCLEO-H7S3L8
2024-08-30 11:07:26,774 [INFO] BoardInfo:889 - No configuration file found for board NUCLEO-U031R8
2024-08-30 11:07:26,774 [INFO] DbBoards:161 - Board is not supported: NUCLEO-U031R8
2024-08-30 11:07:26,776 [INFO] BoardInfo:889 - No configuration file found for board NUCLEO-U083RC
2024-08-30 11:07:26,776 [INFO] DbBoards:161 - Board is not supported: NUCLEO-U083RC
2024-08-30 11:07:26,784 [INFO] BoardInfo:889 - No configuration file found for board NUCLEO-WB05KZ
2024-08-30 11:07:26,785 [INFO] DbBoards:161 - Board is not supported: NUCLEO-WB05KZ
2024-08-30 11:07:26,786 [INFO] BoardInfo:889 - No configuration file found for board NUCLEO-WB07CC
2024-08-30 11:07:26,786 [INFO] DbBoards:161 - Board is not supported: NUCLEO-WB07CC
2024-08-30 11:07:26,787 [INFO] BoardInfo:889 - No configuration file found for board NUCLEO-WB09KE
2024-08-30 11:07:26,787 [INFO] DbBoards:161 - Board is not supported: NUCLEO-WB09KE
2024-08-30 11:07:26,797 [INFO] BoardInfo:889 - No configuration file found for board P-NUCLEO-WB55
2024-08-30 11:07:26,797 [INFO] DbBoards:161 - Kit is not supported: P-NUCLEO-WB55
2024-08-30 11:07:26,803 [INFO] BoardInfo:889 - No configuration file found for board STEVAL-BFA001V1B
2024-08-30 11:07:26,803 [INFO] DbBoards:161 - Kit is not supported: STEVAL-BFA001V1B
2024-08-30 11:07:26,804 [INFO] BoardInfo:889 - No configuration file found for board STEVAL-BFA001V2B
2024-08-30 11:07:26,804 [INFO] DbBoards:161 - Kit is not supported: STEVAL-BFA001V2B
2024-08-30 11:07:26,877 [INFO] BoardInfo:889 - No configuration file found for board STM32H7S78-DK
2024-08-30 11:07:26,878 [INFO] DbBoards:161 - Board is not supported: STM32H7S78-DK
2024-08-30 11:07:26,891 [INFO] BoardInfo:889 - No configuration file found for board STM32MP257F-DK
2024-08-30 11:07:26,891 [INFO] DbBoards:161 - Board is not supported: STM32MP257F-DK
2024-08-30 11:07:26,891 [INFO] BoardInfo:889 - No configuration file found for board STM32MP257F-EV1
2024-08-30 11:07:26,892 [INFO] DbBoards:161 - Board is not supported: STM32MP257F-EV1
2024-08-30 11:07:26,892 [INFO] BoardInfo:889 - No configuration file found for board STM32U083C-DK
2024-08-30 11:07:26,892 [INFO] DbBoards:161 - Board is not supported: STM32U083C-DK
2024-08-30 11:07:26,897 [INFO] DbBoards:168 - Found 200 boards, 186 are supported
2024-08-30 11:07:26,897 [INFO] DbBoards:169 - Found 200 boards, 3 of them is supported for  Bsp
2024-08-30 11:07:26,900 [INFO] ApiDb:423 - Load user favorites file C:\Users\conne/.stm32cubeide/favorites.boards.txt: 0 item(s)
2024-08-30 11:07:26,900 [INFO] ApiDb:427 - User favorites Boards=[]
2024-08-30 11:07:26,901 [INFO] DbBoards:198 - Set 0 / 0 favorites Boards
2024-08-30 11:07:26,902 [INFO] ApiDb:668 - CubeFinder database Data Model version=2.1
2024-08-30 11:07:26,902 [INFO] ApiDb:669 - CubeFinder database Configuration version=3.0.39
2024-08-30 11:07:26,903 [INFO] ApiDb:670 - CubeFinder database generation date=2024-08-06 (1722941618)
2024-08-30 11:07:26,903 [INFO] ApiDb:671 - CubeFinder database FW Pack versions=[FP-ATR-ASTRA1_V2.0.0, FP-SNS-FLIGHT1_V5.0.2, FP-SNS-MOTENV1_V5.0.0, FP-SNS-MOTENVWB1_V1.4.0, FP-SNS-SMARTAG2_V1.2.0, FP-SNS-STBOX1_V2.0.0, STM32Cube_FW_C0_V1.2.0, STM32Cube_FW_F4_V1.28.0, STM32Cube_FW_F7_V1.17.2, STM32Cube_FW_G0_V1.6.2, STM32Cube_FW_G4_V1.6.0, STM32Cube_FW_H5_V1.3.0, STM32Cube_FW_H7RS_V1.1.0, STM32Cube_FW_H7_V1.11.2, STM32Cube_FW_L0_V1.12.2, STM32Cube_FW_L5_V1.5.1, STM32Cube_FW_U0_V1.1.0, STM32Cube_FW_U5_V1.6.0, STM32Cube_FW_WB0_V1.0.0, STM32Cube_FW_WBA_V1.4.1, STM32Cube_FW_WB_V1.20.0, STM32Cube_FW_WL_V1.3.0, X-CUBE-ALGOBUILD_V1.4.0, X-CUBE-ALS_V1.0.2, X-CUBE-AZRTOS-F4_V1.1.0, X-CUBE-AZRTOS-F7_V1.1.0, X-CUBE-AZRTOS-G0_V1.1.0, X-CUBE-AZRTOS-G4_V2.0.0, X-CUBE-AZRTOS-H7RS_V1.0.0, X-CUBE-AZRTOS-H7_V3.2.0, X-CUBE-AZRTOS-L4_V2.0.0, X-CUBE-AZRTOS-L5_V1.1.0, X-CUBE-AZRTOS-WB_V2.0.0, X-CUBE-AZRTOS-WL_V2.0.0, X-CUBE-BLE1_V7.0.0, X-CUBE-BLE2_V3.3.0, X-CUBE-BLEMGR_V3.1.0, X-CUBE-EEPRMA1_V5.1.0, X-CUBE-FREERTOS_V1.2.0, X-CUBE-GNSS1_V6.0.0, X-CUBE-MEMS1_V10.0.0, X-CUBE-NFC4_V3.0.0, X-CUBE-NFC7_V1.0.1, X-CUBE-SFXS2LP1_V4.0.0, X-CUBE-SUBG2_V5.0.0, X-CUBE-TOF1_V3.4.2]
2024-08-30 11:07:27,354 [ERROR] DbExamplesSqlite:437 - Missing JSON key: board_cpn
2024-08-30 11:07:27,354 [ERROR] DbExamplesSqlite:437 - Missing JSON key: board_cpn
2024-08-30 11:07:27,354 [ERROR] DbExamplesSqlite:437 - Missing JSON key: board_cpn
2024-08-30 11:07:27,354 [ERROR] DbExamplesSqlite:437 - Missing JSON key: board_cpn
2024-08-30 11:07:27,432 [ERROR] DbExamplesSqlite:437 - Missing JSON key: board_cpn
2024-08-30 11:07:27,432 [ERROR] DbExamplesSqlite:437 - Missing JSON key: board_cpn
2024-08-30 11:07:27,432 [ERROR] DbExamplesSqlite:437 - Missing JSON key: board_cpn
2024-08-30 11:07:27,432 [ERROR] DbExamplesSqlite:437 - Missing JSON key: board_cpn
2024-08-30 11:07:27,433 [ERROR] DbExamplesSqlite:437 - Missing JSON key: board_cpn
2024-08-30 11:07:27,433 [ERROR] DbExamplesSqlite:437 - Missing JSON key: board_cpn
2024-08-30 11:07:27,433 [ERROR] DbExamplesSqlite:437 - Missing JSON key: board_cpn
2024-08-30 11:07:27,433 [ERROR] DbExamplesSqlite:437 - Missing JSON key: board_cpn
2024-08-30 11:07:27,433 [ERROR] DbExamplesSqlite:437 - Missing JSON key: board_cpn
2024-08-30 11:07:27,433 [INFO] DbExamplesSqlite:395 - Ignored 28 examples not supported by CubeIDE
2024-08-30 11:07:27,433 [INFO] DbExamplesSqlite:396 - Found 8608 examples active
2024-08-30 11:07:27,433 [INFO] DbExamplesSqlite:397 - Found 0 examples obsolete
2024-08-30 11:07:27,433 [INFO] DbExamplesSqlite:398 - Found 0 examples under development
2024-08-30 11:07:27,434 [INFO] DbExamplesSqlite:399 - Found 10 examples not building
2024-08-30 11:07:27,435 [INFO] DbExamples:125 - Found 8590 examples
2024-08-30 11:07:27,553 [ERROR] DbExamples:208 - Found 308 examples with invalid data (board or MCU)
2024-08-30 11:07:27,554 [INFO] DbExamples:222 - Found 107 boards with related examples
2024-08-30 11:07:27,554 [INFO] DbExamples:235 - Found 86 MCUs with related examples
2024-08-30 11:07:27,579 [INFO] ApiDb:423 - Load user favorites file C:\Users\conne/.stm32cubeide/favorites.examples.txt: 1 item(s)
2024-08-30 11:07:27,579 [INFO] ApiDb:427 - User favorites Examples=[STM32CUBEF4-SWX-20562]
2024-08-30 11:07:27,579 [INFO] DbExamples:250 - Set 1 / 1 favorites Examples
2024-08-30 11:07:28,107 [INFO] McuFinderGlobals:76 - Set McuFinderConnectedMode to true
2024-08-30 11:07:28,115 [INFO] MultiScanPanel:200 - Auto-refresh data requested => check proxy status ongoing
2024-08-30 11:07:28,119 [INFO] FinderPluginLoader:95 - Searching for filters in installed packs
2024-08-30 11:07:29,001 [INFO] LoadUrlFilesThread:185 - End of LoadServerUrlFiles without Thread
2024-08-30 11:07:29,009 [INFO] DetailPanel:341 - Set advertising image to C:/Users/conne/STM32Cube/Repository/\en.prom-stm32h7rs-mcu-finder.jpg
2024-08-30 11:09:21,298 [INFO] McuResultTable:1403 - Mark MCU STM32F407VGT6J as favorite
2024-08-30 11:09:22,007 [INFO] McuResultTable:1403 - Unmark MCU STM32F407VGT6J as favorite
2024-08-30 11:09:23,011 [INFO] McuResultTable:1403 - Unmark MCU STM32F407VGT6 as favorite
2024-08-30 11:09:23,559 [INFO] McuResultTable:1403 - Mark MCU STM32F407VGT6 as favorite
2024-08-30 11:10:21,947 [INFO] McuResultTable:1403 - Unmark MCU STM32F407VGT6 as favorite
2024-08-30 11:10:31,813 [INFO] McuResultTable:1403 - Mark MCU STM32F407VGT6 as favorite
2024-08-30 11:11:44,230 [INFO] MainUpdater:2873 - connection check result : 10
2024-08-30 11:11:44,230 [INFO] MainUpdater:2873 - connection check result : 10
2024-08-30 11:11:44,265 [INFO] MicroXplorer:468 - Change Database Path : 
2024-08-30 11:11:44,265 [INFO] MicroXplorer:498 - Change Database Version : DB.6.0.100
2024-08-30 11:11:44,270 [WARN] ThirdParty:871 - waiting for thirdparty lock release [close project]
2024-08-30 11:11:44,270 [INFO] ThirdParty:873 - entering critical section [close project]
2024-08-30 11:11:44,271 [INFO] ThirdParty:883 - exiting critical section [close project]
2024-08-30 11:11:44,273 [INFO] PinOutPanel:1499 - setPackage(No Configuration,No Configuration)
2024-08-30 11:11:44,278 [INFO] UtilMem:75 - Begin LoadConfig() Used Memory: 299047568 Bytes (538968064)
2024-08-30 11:11:44,279 [INFO] MicroXplorer:468 - Change Database Path : 
2024-08-30 11:11:44,279 [INFO] MicroXplorer:498 - Change Database Version : DB.6.0.100
2024-08-30 11:11:44,279 [INFO] OpenFileManager:312 - Change cursor
2024-08-30 11:11:44,395 [INFO] Mcu:2016 - Initializing MCU STM32F407VGTx STM32F407VGTx STM32F407VGT6
2024-08-30 11:11:45,963 [INFO] Context:659 - Trying to add GPIOservice into a context  which must be forbidden
2024-08-30 11:11:46,367 [INFO] ImportTextPane:194 - (OptionalMessage_ERROR) Unable to find key (Mcu.ThirdPartyNb) in loaded IOC file
2024-08-30 11:11:46,367 [INFO] ImportTextPane:194 - (OptionalMessage_ERROR) Unable to find key (Mcu.PinsNb) in loaded IOC file
2024-08-30 11:11:46,368 [INFO] ImportTextPane:194 - (OptionalMessage_ERROR) Unable to find key (Mcu.IPNb) in loaded IOC file
2024-08-30 11:11:46,549 [INFO] RtosManager:555 - Registered RTOS mode: class=CMSIS, group=RTOS, mode=CMSIS_V1, owner=FREERTOS
2024-08-30 11:11:46,549 [INFO] RtosManager:555 - Registered RTOS mode: class=CMSIS, group=RTOS2, mode=CMSIS_V2, owner=FREERTOS
2024-08-30 11:11:46,549 [INFO] RtosManager:555 - Registered RTOS mode: class=RTOS, group=Core, mode=CMSIS_V1, owner=FREERTOS
2024-08-30 11:11:46,549 [INFO] RtosManager:555 - Registered RTOS mode: class=RTOS, group=Core, mode=CMSIS_V2, owner=FREERTOS
2024-08-30 11:11:46,550 [WARN] ModelIntegratedComponent:184 - Missing modes for component STMicroelectronics:FreeRTOS:0.0.1:STMicroelectronics:RTOS:FreeRTOS:Core:::10.2.0:
2024-08-30 11:11:46,565 [WARN] ModelIntegratedComponent:63 - No mode defined for component null
2024-08-30 11:11:46,565 [WARN] ModelIntegratedComponent:63 - No mode defined for component null
2024-08-30 11:11:46,565 [WARN] ModelIntegratedComponent:63 - No mode defined for component null
2024-08-30 11:11:46,566 [WARN] ModelIntegratedComponent:63 - No mode defined for component null
2024-08-30 11:11:46,566 [WARN] ModelIntegratedComponent:63 - No mode defined for component null
2024-08-30 11:11:46,566 [WARN] ModelIntegratedComponent:63 - No mode defined for component null
2024-08-30 11:11:46,566 [WARN] ModelIntegratedComponent:63 - No mode defined for component null
2024-08-30 11:11:46,566 [WARN] ModelIntegratedComponent:63 - No mode defined for component null
2024-08-30 11:11:46,566 [WARN] ModelIntegratedComponent:63 - No mode defined for component null
2024-08-30 11:11:46,566 [WARN] ModelIntegratedComponent:63 - No mode defined for component null
2024-08-30 11:11:46,566 [WARN] ModelIntegratedComponent:63 - No mode defined for component null
2024-08-30 11:11:46,566 [WARN] ModelIntegratedComponent:63 - No mode defined for component null
2024-08-30 11:11:46,566 [WARN] ModelIntegratedComponent:63 - No mode defined for component null
2024-08-30 11:11:46,566 [WARN] ModelIntegratedComponent:63 - No mode defined for component null
2024-08-30 11:11:46,566 [WARN] ModelIntegratedComponent:63 - No mode defined for component null
2024-08-30 11:11:46,566 [WARN] ModelIntegratedComponent:63 - No mode defined for component null
2024-08-30 11:11:46,566 [WARN] ModelIntegratedComponent:63 - No mode defined for component null
2024-08-30 11:11:46,566 [WARN] ModelIntegratedComponent:63 - No mode defined for component null
2024-08-30 11:11:46,567 [WARN] ModelIntegratedComponent:63 - No mode defined for component null
2024-08-30 11:11:46,567 [WARN] ModelIntegratedComponent:63 - No mode defined for component null
2024-08-30 11:11:46,567 [WARN] ModelIntegratedComponent:63 - No mode defined for component null
2024-08-30 11:11:46,567 [WARN] ModelIntegratedComponent:63 - No mode defined for component null
2024-08-30 11:11:46,567 [WARN] ModelIntegratedComponent:63 - No mode defined for component null
2024-08-30 11:11:46,567 [WARN] ModelIntegratedComponent:63 - No mode defined for component null
2024-08-30 11:11:46,567 [WARN] ModelIntegratedComponent:63 - No mode defined for component null
2024-08-30 11:11:46,567 [WARN] ModelIntegratedComponent:63 - No mode defined for component null
2024-08-30 11:11:46,567 [WARN] ModelIntegratedComponent:63 - No mode defined for component null
2024-08-30 11:11:46,567 [WARN] ModelIntegratedComponent:63 - No mode defined for component null
2024-08-30 11:11:46,567 [WARN] ModelIntegratedComponent:63 - No mode defined for component null
2024-08-30 11:11:46,567 [WARN] ModelIntegratedComponent:63 - No mode defined for component null
2024-08-30 11:11:46,567 [WARN] ModelIntegratedComponent:63 - No mode defined for component null
2024-08-30 11:11:46,567 [WARN] ModelIntegratedComponent:63 - No mode defined for component null
2024-08-30 11:11:46,567 [WARN] ModelIntegratedComponent:63 - No mode defined for component null
2024-08-30 11:11:46,686 [INFO] ThirdPartyModel:298 - Start build external matchings
2024-08-30 11:11:47,291 [INFO] ThirdPartyModel:316 - End build external matchings
2024-08-30 11:11:47,655 [INFO] UtilMem:75 - End LoadConfig() Used Memory: 321561624 Bytes (538968064)
2024-08-30 11:11:47,695 [INFO] MicroXplorer:468 - Change Database Path : 
2024-08-30 11:11:47,696 [INFO] MicroXplorer:498 - Change Database Version : DB.6.0.100
2024-08-30 11:11:47,696 [WARN] ThirdParty:833 - waiting for thirdparty lock release [change project]
2024-08-30 11:11:47,696 [INFO] ThirdParty:835 - entering critical section [change project]
2024-08-30 11:11:47,696 [INFO] ThirdParty:1030 - CMSIS Pack Vendor :STMicroelectronics USBPD 4.1
2024-08-30 11:11:47,696 [INFO] ThirdParty:1030 - CMSIS Pack Vendor :STMicroelectronics X-CUBE-AZRTOS-H7 3.3.0
2024-08-30 11:11:47,696 [INFO] ThirdParty:1030 - CMSIS Pack Vendor :STMicroelectronics X-CUBE-GNSS1 6.0.0
2024-08-30 11:11:47,696 [INFO] ThirdParty:1030 - CMSIS Pack Vendor :STMicroelectronics USB_HOST 2.0.0
2024-08-30 11:11:47,696 [INFO] ThirdParty:1030 - CMSIS Pack Vendor :STMicroelectronics FP-SNS-MOTENVWB1 1.4.0
2024-08-30 11:11:47,696 [INFO] ThirdParty:1030 - CMSIS Pack Vendor :STMicroelectronics X-CUBE-AZRTOS-F4 1.1.0
2024-08-30 11:11:47,696 [INFO] ThirdParty:1030 - CMSIS Pack Vendor :STMicroelectronics LIBJPEG 8.0.0
2024-08-30 11:11:47,696 [INFO] ThirdParty:1030 - CMSIS Pack Vendor :STMicroelectronics X-CUBE-SMBUS 2.1.0
2024-08-30 11:11:47,696 [INFO] ThirdParty:1030 - CMSIS Pack Vendor :STMicroelectronics USB_DEVICE 3.0.0
2024-08-30 11:11:47,696 [INFO] ThirdParty:1030 - CMSIS Pack Vendor :STMicroelectronics X-CUBE-TCPP 4.1.0
2024-08-30 11:11:47,696 [INFO] ThirdParty:1030 - CMSIS Pack Vendor :STMicroelectronics X-CUBE-FREERTOS 1.2.0
2024-08-30 11:11:47,696 [INFO] ThirdParty:1030 - CMSIS Pack Vendor :STMicroelectronics X-CUBE-AZRTOS-WB 2.0.0
2024-08-30 11:11:47,696 [INFO] ThirdParty:1030 - CMSIS Pack Vendor :wolfSSL I-CUBE-wolfSSL 5.6.6
2024-08-30 11:11:47,696 [INFO] ThirdParty:1030 - CMSIS Pack Vendor :STMicroelectronics X-CUBE-TOUCHGFX 4.23.1
2024-08-30 11:11:47,696 [INFO] ThirdParty:1030 - CMSIS Pack Vendor :STMicroelectronics X-CUBE-TOUCHGFX 4.23.0
2024-08-30 11:11:47,696 [INFO] ThirdParty:1030 - CMSIS Pack Vendor :STMicroelectronics X-CUBE-TOUCHGFX 4.23.2
2024-08-30 11:11:47,696 [INFO] ThirdParty:1030 - CMSIS Pack Vendor :STMicroelectronics X-CUBE-AZRTOS-F7 1.1.0
2024-08-30 11:11:47,696 [INFO] ThirdParty:1030 - CMSIS Pack Vendor :STMicroelectronics X-CUBE-AZRTOS-L5 2.0.0
2024-08-30 11:11:47,696 [INFO] ThirdParty:1030 - CMSIS Pack Vendor :STMicroelectronics USB_DEVICE 2.0.0
2024-08-30 11:11:47,696 [INFO] ThirdParty:1030 - CMSIS Pack Vendor :STMicroelectronics X-CUBE-NFC6 3.1.0
2024-08-30 11:11:47,696 [INFO] ThirdParty:1030 - CMSIS Pack Vendor :ITTIA_DB I-CUBE-ITTIADB 8.8.0
2024-08-30 11:11:47,696 [INFO] ThirdParty:1030 - CMSIS Pack Vendor :STMicroelectronics FP-SNS-STBOX1 2.0.0
2024-08-30 11:11:47,696 [INFO] ThirdParty:1030 - CMSIS Pack Vendor :STMicroelectronics FP-SNS-MOTENV1 4.3.2
2024-08-30 11:11:47,696 [INFO] ThirdParty:1030 - CMSIS Pack Vendor :STMicroelectronics X-CUBE-ALGOBUILD 1.3.0
2024-08-30 11:11:47,696 [INFO] ThirdParty:1030 - CMSIS Pack Vendor :STMicroelectronics X-CUBE-MEMS1 11.0.0
2024-08-30 11:11:47,696 [INFO] ThirdParty:1030 - CMSIS Pack Vendor :STMicroelectronics FreeRTOS 0.0.1
2024-08-30 11:11:47,696 [INFO] ThirdParty:1030 - CMSIS Pack Vendor :STMicroelectronics X-CUBE-AZRTOS-G0 1.1.0
2024-08-30 11:11:47,696 [INFO] ThirdParty:1030 - CMSIS Pack Vendor :STMicroelectronics X-CUBE-SAFEA1 1.2.2
2024-08-30 11:11:47,696 [INFO] ThirdParty:1030 - CMSIS Pack Vendor :STMicroelectronics X-CUBE-NFC4 3.0.0
2024-08-30 11:11:47,696 [INFO] ThirdParty:1030 - CMSIS Pack Vendor :STMicroelectronics X-CUBE-DPower 1.2.0
2024-08-30 11:11:47,696 [INFO] ThirdParty:1030 - CMSIS Pack Vendor :STMicroelectronics X-CUBE-SUBG2 5.0.0
2024-08-30 11:11:47,697 [INFO] ThirdParty:1030 - CMSIS Pack Vendor :STMicroelectronics STM32_WPAN 1.0.0
2024-08-30 11:11:47,697 [INFO] ThirdParty:1030 - CMSIS Pack Vendor :EmbeddedOffice I-CUBE-FS-RTOS 1.0.1
2024-08-30 11:11:47,697 [INFO] ThirdParty:1030 - CMSIS Pack Vendor :STMicroelectronics lwIP 2.0.3
2024-08-30 11:11:47,697 [INFO] ThirdParty:1030 - CMSIS Pack Vendor :STMicroelectronics FP-SNS-FLIGHT1 5.0.2
2024-08-30 11:11:47,697 [INFO] ThirdParty:1030 - CMSIS Pack Vendor :Cesanta I-CUBE-Mongoose 7.13.0
2024-08-30 11:11:47,697 [INFO] ThirdParty:1030 - CMSIS Pack Vendor :STMicroelectronics USB_HOST 1.0.0
2024-08-30 11:11:47,697 [INFO] ThirdParty:1030 - CMSIS Pack Vendor :STMicroelectronics X-CUBE-AI 9.0.0
2024-08-30 11:11:47,697 [INFO] ThirdParty:1030 - CMSIS Pack Vendor :STMicroelectronics X-CUBE-AZRTOS-G4 2.0.0
2024-08-30 11:11:47,697 [INFO] ThirdParty:1030 - CMSIS Pack Vendor :STMicroelectronics PDM2PCM 3.1.0
2024-08-30 11:11:47,697 [INFO] ThirdParty:1030 - CMSIS Pack Vendor :Infineon AIROC-Wi-Fi-Bluetooth-STM32 1.5.1
2024-08-30 11:11:47,697 [INFO] ThirdParty:1030 - CMSIS Pack Vendor :STMicroelectronics PDM2PCM 3.3.0
2024-08-30 11:11:47,697 [INFO] ThirdParty:1030 - CMSIS Pack Vendor :STMicroelectronics X-CUBE-DISPLAY 3.0.0
2024-08-30 11:11:47,697 [INFO] ThirdParty:1030 - CMSIS Pack Vendor :RealThread X-CUBE-RT-Thread_Nano 4.1.1
2024-08-30 11:11:47,697 [INFO] ThirdParty:1030 - CMSIS Pack Vendor :STMicroelectronics FP-SNS-MOTENVWB1 1.3.1
2024-08-30 11:11:47,697 [INFO] ThirdParty:1030 - CMSIS Pack Vendor :STMicroelectronics X-CUBE-BLE1 7.0.0
2024-08-30 11:11:47,697 [INFO] ThirdParty:1030 - CMSIS Pack Vendor :STMicroelectronics FP-ATR-SIGFOX1 3.2.0
2024-08-30 11:11:47,697 [INFO] ThirdParty:1030 - CMSIS Pack Vendor :STMicroelectronics X-CUBE-ISPU 2.0.0
2024-08-30 11:11:47,697 [INFO] ThirdParty:1030 - CMSIS Pack Vendor :STMicroelectronics X-CUBE-EEPRMA1 5.1.0
2024-08-30 11:11:47,697 [INFO] ThirdParty:1030 - CMSIS Pack Vendor :STMicroelectronics HAL Drivers 0.0.0
2024-08-30 11:11:47,697 [INFO] ThirdParty:1030 - CMSIS Pack Vendor :STMicroelectronics MBEDTLS 2.16.2
2024-08-30 11:11:47,697 [INFO] ThirdParty:1030 - CMSIS Pack Vendor :STMicroelectronics X-CUBE-ALS 1.0.2
2024-08-30 11:11:47,698 [INFO] ThirdParty:1030 - CMSIS Pack Vendor :emotas I-CUBE-CANOPEN 1.3.0
2024-08-30 11:11:47,698 [INFO] ThirdParty:1030 - CMSIS Pack Vendor :STMicroelectronics X-CUBE-MEMS1 10.0.0
2024-08-30 11:11:47,698 [INFO] ThirdParty:1030 - CMSIS Pack Vendor :STMicroelectronics X-CUBE-FREERTOS 1.1.0
2024-08-30 11:11:47,699 [INFO] ThirdParty:1030 - CMSIS Pack Vendor :STMicroelectronics X-CUBE-NFC7 1.0.1
2024-08-30 11:11:47,699 [INFO] ThirdParty:1030 - CMSIS Pack Vendor :STMicroelectronics MBEDTLS 2.14.1
2024-08-30 11:11:47,699 [INFO] ThirdParty:1030 - CMSIS Pack Vendor :STMicroelectronics X-CUBE-TOUCHGFX 4.24.0
2024-08-30 11:11:47,699 [INFO] ThirdParty:1030 - CMSIS Pack Vendor :wolfSSL I-CUBE-wolfTPM 3.2.0
2024-08-30 11:11:47,699 [INFO] ThirdParty:1030 - CMSIS Pack Vendor :STMicroelectronics X-CUBE-NFC6 3.0.0
2024-08-30 11:11:47,699 [INFO] ThirdParty:1030 - CMSIS Pack Vendor :portGmbH I-Cube-SoM-uGOAL 1.1.0
2024-08-30 11:11:47,699 [INFO] ThirdParty:1030 - CMSIS Pack Vendor :STMicroelectronics X-CUBE-ALS 1.0.1
2024-08-30 11:11:47,699 [INFO] ThirdParty:1030 - CMSIS Pack Vendor :STMicroelectronics X-CUBE-BLEMGR 3.1.0
2024-08-30 11:11:47,699 [INFO] ThirdParty:1030 - CMSIS Pack Vendor :STMicroelectronics ThreadX 1.0.0
2024-08-30 11:11:47,699 [INFO] ThirdParty:1030 - CMSIS Pack Vendor :STMicroelectronics FP-SNS-SMARTAG2 1.2.0
2024-08-30 11:11:47,699 [INFO] ThirdParty:1030 - CMSIS Pack Vendor :STMicroelectronics X-CUBE-AZRTOS-WL 2.0.0
2024-08-30 11:11:47,699 [INFO] ThirdParty:1030 - CMSIS Pack Vendor :SEGGER I-CUBE-embOS 1.3.1
2024-08-30 11:11:47,699 [INFO] ThirdParty:1030 - CMSIS Pack Vendor :STMicroelectronics X-CUBE-ALGOBUILD 1.4.0
2024-08-30 11:11:47,699 [INFO] ThirdParty:1030 - CMSIS Pack Vendor :STMicroelectronics FP-SNS-MOTENV1 5.0.0
2024-08-30 11:11:47,699 [INFO] ThirdParty:1030 - CMSIS Pack Vendor :STMicroelectronics USB_DEVICE 1.0.0
2024-08-30 11:11:47,699 [INFO] ThirdParty:1030 - CMSIS Pack Vendor :STMicroelectronics X-CUBE-AI 8.1.0
2024-08-30 11:11:47,699 [INFO] ThirdParty:1030 - CMSIS Pack Vendor :STMicroelectronics X-CUBE-AZRTOS-H7RS 1.0.0
2024-08-30 11:11:47,699 [INFO] ThirdParty:1030 - CMSIS Pack Vendor :wolfSSL I-CUBE-wolfMQTT 1.19.0
2024-08-30 11:11:47,699 [INFO] ThirdParty:1030 - CMSIS Pack Vendor :STMicroelectronics X-CUBE-AZRTOS-L4 2.0.0
2024-08-30 11:11:47,700 [INFO] ThirdParty:1030 - CMSIS Pack Vendor :STMicroelectronics ThreadX 0.0.2
2024-08-30 11:11:47,700 [INFO] ThirdParty:1030 - CMSIS Pack Vendor :WES I-CUBE-Cesium 1.3.0
2024-08-30 11:11:47,700 [INFO] ThirdParty:1030 - CMSIS Pack Vendor :STMicroelectronics FP-ATR-ASTRA1 2.0.0
2024-08-30 11:11:47,700 [INFO] ThirdParty:1030 - CMSIS Pack Vendor :STMicroelectronics lwIP 2.1.2
2024-08-30 11:11:47,700 [INFO] ThirdParty:1030 - CMSIS Pack Vendor :STMicroelectronics X-CUBE-SFXS2LP1 4.0.0
2024-08-30 11:11:47,700 [INFO] ThirdParty:1030 - CMSIS Pack Vendor :STMicroelectronics X-CUBE-BLE2 3.3.0
2024-08-30 11:11:47,700 [INFO] ThirdParty:1030 - CMSIS Pack Vendor :STMicroelectronics X-CUBE-TOF1 3.4.2
2024-08-30 11:11:47,700 [INFO] ThirdParty:1030 - CMSIS Pack Vendor :STMicroelectronics X-CUBE-TOF1 3.4.0
2024-08-30 11:11:47,700 [INFO] ThirdParty:1030 - CMSIS Pack Vendor :STMicroelectronics X-CUBE-TOF1 3.4.1
2024-08-30 11:11:47,700 [INFO] ThirdParty:1030 - CMSIS Pack Vendor :STMicroelectronics X-CUBE-AZRTOS-H7 3.2.0
2024-08-30 11:11:47,700 [INFO] ThirdParty:1030 - CMSIS Pack Vendor :STMicroelectronics PDM2PCM 3.2.0
2024-08-30 11:11:47,700 [INFO] ThirdParty:1030 - CMSIS Pack Vendor :wolfSSL I-CUBE-wolfSSH 1.4.17
2024-08-30 11:11:47,700 [INFO] ThirdParty:841 - exiting critical section [change project]
2024-08-30 11:11:48,012 [INFO] PinOutPanel:1499 - setPackage(No Configuration,No Configuration)
2024-08-30 11:11:48,014 [INFO] PinOutPanel:1499 - setPackage(STM32F407VGTx,LQFP100)
2024-08-30 11:11:48,567 [INFO] UtilMem:75 - Before build in PCC Used Memory: 232713232 Bytes (538968064)
2024-08-30 11:11:49,383 [INFO] UtilMem:75 - After build in PCC Used Memory: 308238152 Bytes (538968064)
2024-08-30 11:11:49,407 [INFO] IPUIPlugin:80 - create IPUIPlugin
2024-08-30 11:11:49,407 [INFO] IPUIPlugin:80 - create IPUIPlugin
2024-08-30 11:11:49,407 [INFO] IPUIPlugin:80 - create IPUIPlugin
2024-08-30 11:11:49,407 [INFO] IPUIPlugin:80 - create IPUIPlugin
2024-08-30 11:11:49,407 [INFO] IPUIPlugin:80 - create IPUIPlugin
2024-08-30 11:11:49,408 [INFO] IPUIPlugin:80 - create IPUIPlugin
2024-08-30 11:11:49,408 [INFO] IPUIPlugin:80 - create IPUIPlugin
2024-08-30 11:11:49,408 [INFO] IPUIPlugin:80 - create IPUIPlugin
2024-08-30 11:11:49,408 [INFO] IPUIPlugin:80 - create IPUIPlugin
2024-08-30 11:11:49,408 [INFO] IPUIPlugin:80 - create IPUIPlugin
2024-08-30 11:11:49,408 [INFO] IPUIPlugin:80 - create IPUIPlugin
2024-08-30 11:11:49,409 [INFO] IPUIPlugin:80 - create IPUIPlugin
2024-08-30 11:11:49,409 [INFO] IPUIPlugin:80 - create IPUIPlugin
2024-08-30 11:11:49,409 [INFO] IPUIPlugin:80 - create IPUIPlugin
2024-08-30 11:11:49,409 [INFO] IPUIPlugin:80 - create IPUIPlugin
2024-08-30 11:11:49,410 [INFO] IPUIPlugin:80 - create IPUIPlugin
2024-08-30 11:11:49,410 [INFO] IPUIPlugin:80 - create IPUIPlugin
2024-08-30 11:11:49,410 [INFO] IPUIPlugin:80 - create IPUIPlugin
2024-08-30 11:11:49,410 [INFO] IPUIPlugin:80 - create IPUIPlugin
2024-08-30 11:11:49,411 [INFO] IPUIPlugin:80 - create IPUIPlugin
2024-08-30 11:11:49,411 [INFO] IPUIPlugin:80 - create IPUIPlugin
2024-08-30 11:11:49,411 [INFO] IPUIPlugin:80 - create IPUIPlugin
2024-08-30 11:11:49,412 [INFO] IPUIPlugin:80 - create IPUIPlugin
2024-08-30 11:11:49,412 [INFO] IPUIPlugin:80 - create IPUIPlugin
2024-08-30 11:11:49,412 [INFO] IPUIPlugin:80 - create IPUIPlugin
2024-08-30 11:11:49,412 [INFO] IPUIPlugin:80 - create IPUIPlugin
2024-08-30 11:11:49,412 [INFO] IPUIPlugin:80 - create IPUIPlugin
2024-08-30 11:11:49,413 [INFO] IPUIPlugin:80 - create IPUIPlugin
2024-08-30 11:11:49,413 [INFO] IPUIPlugin:80 - create IPUIPlugin
2024-08-30 11:11:49,413 [INFO] IPUIPlugin:80 - create IPUIPlugin
2024-08-30 11:11:49,414 [INFO] IPUIPlugin:80 - create IPUIPlugin
2024-08-30 11:11:49,414 [INFO] IPUIPlugin:80 - create IPUIPlugin
2024-08-30 11:11:49,414 [INFO] IPUIPlugin:80 - create IPUIPlugin
2024-08-30 11:11:49,415 [INFO] IPUIPlugin:80 - create IPUIPlugin
2024-08-30 11:11:49,415 [INFO] IPUIPlugin:80 - create IPUIPlugin
2024-08-30 11:11:49,415 [INFO] IPUIPlugin:80 - create IPUIPlugin
2024-08-30 11:11:49,415 [INFO] IPUIPlugin:80 - create IPUIPlugin
2024-08-30 11:11:49,416 [INFO] IPUIPlugin:80 - create IPUIPlugin
2024-08-30 11:11:49,416 [INFO] IPUIPlugin:80 - create IPUIPlugin
2024-08-30 11:11:49,416 [INFO] IPUIPlugin:80 - create IPUIPlugin
2024-08-30 11:11:49,417 [INFO] IPUIPlugin:80 - create IPUIPlugin
2024-08-30 11:11:49,417 [INFO] IPUIPlugin:80 - create IPUIPlugin
2024-08-30 11:11:49,417 [INFO] IPUIPlugin:80 - create IPUIPlugin
2024-08-30 11:11:49,417 [INFO] IPUIPlugin:80 - create IPUIPlugin
2024-08-30 11:11:49,417 [INFO] IPUIPlugin:80 - create IPUIPlugin
2024-08-30 11:11:49,419 [INFO] IPUIPlugin:80 - create IPUIPlugin
2024-08-30 11:11:49,419 [INFO] IPUIPlugin:80 - create IPUIPlugin
2024-08-30 11:11:49,419 [INFO] IPUIPlugin:80 - create IPUIPlugin
2024-08-30 11:11:49,419 [INFO] IPUIPlugin:80 - create IPUIPlugin
2024-08-30 11:11:49,419 [INFO] IPUIPlugin:80 - create IPUIPlugin
2024-08-30 11:11:49,420 [INFO] IPUIPlugin:80 - create IPUIPlugin
2024-08-30 11:11:49,420 [INFO] IPUIPlugin:80 - create IPUIPlugin
2024-08-30 11:11:49,420 [INFO] IPUIPlugin:80 - create IPUIPlugin
2024-08-30 11:11:49,421 [INFO] IPUIPlugin:80 - create IPUIPlugin
2024-08-30 11:11:49,422 [INFO] IPUIPlugin:80 - create IPUIPlugin
2024-08-30 11:11:49,423 [INFO] IPUIPlugin:80 - create IPUIPlugin
2024-08-30 11:11:49,424 [INFO] IPUIPlugin:80 - create IPUIPlugin
2024-08-30 11:11:49,424 [INFO] IPUIPlugin:80 - create IPUIPlugin
2024-08-30 11:11:49,539 [INFO] ApiDbMcu:508 - Load IP Config File for PDM2PCM
2024-08-30 11:11:49,763 [INFO] CADModel:165 - CPN selected for project levelSTM32F407VGT6
2024-08-30 11:11:49,763 [INFO] CADModel:114 - Register for checkConnection events
2024-08-30 11:11:49,815 [INFO] OpenFileManager:343 - Restore cursor
2024-08-30 11:11:50,294 [INFO] UtilMem:75 - End SaveConfig() Used Memory: 434067272 Bytes (538968064)
2024-08-30 11:11:50,399 [INFO] UtilMem:75 - End SaveConfig() Used Memory: 457078920 Bytes (538968064)
2024-08-30 11:11:50,930 [INFO] BlockDiagram:2759 - set Specific Code input for plugin: RCC
2024-08-30 11:11:50,930 [INFO] BlockDiagram:2759 - set Specific Code input for plugin: NVIC
2024-08-30 11:11:50,933 [INFO] CodeGenerator:807 - code generatio: config db path: C:\ST\STM32CubeIDE_1.14.1\STM32CubeIDE\plugins\com.st.stm32cube.common.mx_6.10.0.202311202037\\db\
2024-08-30 11:11:51,183 [INFO] CodeEngine:255 - oldGeneratedFile, C:\Users\conne\STM32CubeIDE\workspace_1.14.1\gasan_gpio\MXTmpFiles\license.tmp_save
2024-08-30 11:11:51,538 [INFO] CodeEngine:279 - Generated code: C:\Users\conne\STM32CubeIDE\workspace_1.14.1\gasan_gpio\MXTmpFiles\license.tmp
2024-08-30 11:11:51,578 [INFO] CodeEngine:255 - oldGeneratedFile, C:\Users\conne\STM32CubeIDE\workspace_1.14.1\gasan_gpio\Core\Src\stm32f4xx_it.c_save
2024-08-30 11:11:51,753 [INFO] CodeEngine:279 - Generated code: C:\Users\conne\STM32CubeIDE\workspace_1.14.1\gasan_gpio\Core\Src\stm32f4xx_it.c
2024-08-30 11:11:51,771 [INFO] CodeEngine:255 - oldGeneratedFile, C:\Users\conne\STM32CubeIDE\workspace_1.14.1\gasan_gpio\Core\Inc\stm32f4xx_it.h_save
2024-08-30 11:11:51,863 [INFO] CodeEngine:279 - Generated code: C:\Users\conne\STM32CubeIDE\workspace_1.14.1\gasan_gpio\Core\Inc\stm32f4xx_it.h
2024-08-30 11:11:52,039 [INFO] CodeEngine:255 - oldGeneratedFile, C:\Users\conne\STM32CubeIDE\workspace_1.14.1\gasan_gpio\Core\Src\stm32f4xx_hal_msp.c_save
2024-08-30 11:11:52,177 [INFO] CodeEngine:279 - Generated code: C:\Users\conne\STM32CubeIDE\workspace_1.14.1\gasan_gpio\Core\Src\stm32f4xx_hal_msp.c
2024-08-30 11:11:52,188 [INFO] CodeEngine:255 - oldGeneratedFile, C:\Users\conne\STM32CubeIDE\workspace_1.14.1\gasan_gpio\MXTmpFiles\system.tmp_save
2024-08-30 11:11:52,239 [INFO] CodeEngine:279 - Generated code: C:\Users\conne\STM32CubeIDE\workspace_1.14.1\gasan_gpio\MXTmpFiles\system.tmp
2024-08-30 11:11:52,268 [INFO] CodeEngine:311 - oldGeneratedFile, C:\Users\conne\STM32CubeIDE\workspace_1.14.1\gasan_gpio\Core\Inc\stm32f4xx_hal_conf.h_save
2024-08-30 11:11:52,390 [INFO] CodeEngine:335 - Generated code: C:\Users\conne\STM32CubeIDE\workspace_1.14.1\gasan_gpio\Core\Inc\stm32f4xx_hal_conf.h
2024-08-30 11:11:52,483 [INFO] CodeEngine:255 - oldGeneratedFile, C:\Users\conne\STM32CubeIDE\workspace_1.14.1\gasan_gpio\Core\Inc\main.h_save
2024-08-30 11:11:52,594 [INFO] CodeEngine:279 - Generated code: C:\Users\conne\STM32CubeIDE\workspace_1.14.1\gasan_gpio\Core\Inc\main.h
2024-08-30 11:11:52,606 [INFO] CodeEngine:255 - oldGeneratedFile, C:\Users\conne\STM32CubeIDE\workspace_1.14.1\gasan_gpio\Core\Src\main.c_save
2024-08-30 11:11:52,769 [INFO] CodeEngine:279 - Generated code: C:\Users\conne\STM32CubeIDE\workspace_1.14.1\gasan_gpio\Core\Src\main.c
2024-08-30 11:11:53,404 [INFO] ProjectBuilder:3076 - Time for Copy HAL[1] : 169mS.
2024-08-30 11:11:53,408 [INFO] ProjectBuilder:4485 - Project Generator version: 4.2.0-B44
2024-08-30 11:11:53,583 [INFO] ConfigFileManager:1495 - The Die is : DIE413
2024-08-30 11:11:53,598 [INFO] ApiDbMcu:508 - Load IP Config File for FATFS
2024-08-30 11:11:53,612 [INFO] ApiDbMcu:508 - Load IP Config File for FREERTOS
2024-08-30 11:11:53,625 [INFO] ApiDbMcu:508 - Load IP Config File for LIBJPEG
2024-08-30 11:11:53,637 [INFO] ApiDbMcu:508 - Load IP Config File for LWIP
2024-08-30 11:11:53,681 [INFO] ApiDbMcu:508 - Load IP Config File for MBEDTLS
2024-08-30 11:11:53,702 [INFO] ApiDbMcu:508 - Load IP Config File for USB_DEVICE
2024-08-30 11:11:53,719 [INFO] ApiDbMcu:508 - Load IP Config File for USB_HOST
