2024-08-02 10:14:49,799 [INFO] MainUpdater:2873 - connection check result : 10
2024-08-02 10:14:49,991 [INFO] McuFinderGlobals:76 - Set McuFinderConnectedMode to true
2024-08-02 10:14:49,997 [INFO] MultiScanPanel:200 - Auto-refresh data requested => check proxy status ongoing
2024-08-02 10:14:49,999 [INFO] FinderPluginLoader:95 - Searching for filters in installed packs
2024-08-02 10:14:50,760 [INFO] LoadUrlFilesThread:185 - End of LoadServerUrlFiles without Thread
2024-08-02 10:14:50,760 [INFO] DetailPanel:341 - Set advertising image to C:/Users/conne/STM32Cube/Repository/\en.prom-stm32h7rs-mcu-finder.jpg
2024-08-02 10:21:18,145 [INFO] MainUpdater:2873 - connection check result : 10
2024-08-02 10:21:18,145 [INFO] MainUpdater:2873 - connection check result : 10
2024-08-02 10:21:18,177 [INFO] MicroXplorer:468 - Change Database Path : 
2024-08-02 10:21:18,178 [INFO] MicroXplorer:498 - Change Database Version : DB.6.0.100
2024-08-02 10:21:18,210 [ERROR] ProjectManagerView:394 - 
java.lang.NullPointerException: Cannot invoke "javax.swing.JTextField.getText()" because the return value of "java.util.List.get(int)" is null
	at com.st.microxplorer.plugins.projectmanager.gui.ProjectChoiceTab$10.caretUpdate(ProjectChoiceTab.java:2493) ~[filemanager.jar:?]
	at javax.swing.text.JTextComponent.fireCaretUpdate(JTextComponent.java:412) ~[?:?]
	at javax.swing.text.JTextComponent$MutableCaretEvent.fire(JTextComponent.java:4491) ~[?:?]
	at javax.swing.text.JTextComponent$MutableCaretEvent.stateChanged(JTextComponent.java:4513) ~[?:?]
	at javax.swing.text.DefaultCaret.fireStateChanged(DefaultCaret.java:842) ~[?:?]
	at javax.swing.text.DefaultCaret.changeCaretPosition(DefaultCaret.java:1313) ~[?:?]
	at javax.swing.text.DefaultCaret.handleSetDot(DefaultCaret.java:1212) ~[?:?]
	at javax.swing.text.DefaultCaret.setDot(DefaultCaret.java:1193) ~[?:?]
	at javax.swing.text.DefaultCaret$Handler.insertUpdate(DefaultCaret.java:1789) ~[?:?]
	at javax.swing.text.AbstractDocument.fireInsertUpdate(AbstractDocument.java:226) ~[?:?]
	at javax.swing.text.AbstractDocument.handleInsertString(AbstractDocument.java:780) ~[?:?]
	at javax.swing.text.AbstractDocument.insertString(AbstractDocument.java:739) ~[?:?]
	at javax.swing.text.PlainDocument.insertString(PlainDocument.java:131) ~[?:?]
	at javax.swing.text.AbstractDocument.replace(AbstractDocument.java:698) ~[?:?]
	at javax.swing.text.JTextComponent.setText(JTextComponent.java:1729) ~[?:?]
	at com.st.microxplorer.plugins.projectmanager.gui.ProjectChoiceTab.createHeapStackFields(ProjectChoiceTab.java:933) ~[filemanager.jar:?]
	at com.st.microxplorer.plugins.projectmanager.gui.ProjectChoiceTab.buildLinkSettingsPanel(ProjectChoiceTab.java:3426) ~[filemanager.jar:?]
	at com.st.microxplorer.plugins.projectmanager.gui.ProjectChoiceTab.defineWindowsFields(ProjectChoiceTab.java:1813) ~[filemanager.jar:?]
	at com.st.microxplorer.plugins.projectmanager.gui.ProjectChoiceTab.updateSettings(ProjectChoiceTab.java:533) ~[filemanager.jar:?]
	at com.st.microxplorer.plugins.projectmanager.gui.ProjectSettingsPanel.UpdateDialog(ProjectSettingsPanel.java:244) ~[filemanager.jar:?]
	at com.st.microxplorer.plugins.projectmanager.ProjectManagerView.propertyChange(ProjectManagerView.java:391) ~[filemanager.jar:?]
	at java.beans.PropertyChangeSupport.fire(PropertyChangeSupport.java:343) ~[?:?]
	at java.beans.PropertyChangeSupport.firePropertyChange(PropertyChangeSupport.java:335) ~[?:?]
	at java.beans.PropertyChangeSupport.firePropertyChange(PropertyChangeSupport.java:268) ~[?:?]
	at com.st.microxplorer.util.MXPropertyChangeSupport.firePropertyChange(MXPropertyChangeSupport.java:54) ~[STM32CubeMX.jar:?]
	at com.st.microxplorer.mxsystem.MxSystem.closeConfig(MxSystem.java:900) ~[STM32CubeMX.jar:?]
	at com.st.microxplorer.maingui.MainPanel.closeConfig(MainPanel.java:776) ~[STM32CubeMX.jar:?]
	at com.st.microxplorer.plugins.filemanager.engine.OpenFileManager.loadConfigurationFile(OpenFileManager.java:245) ~[filemanager.jar:?]
	at com.st.microxplorer.plugins.filemanager.engine.MainFileManager.userLoadConfig(MainFileManager.java:290) ~[filemanager.jar:?]
	at com.st.microxplorer.plugins.filemanager.FileManagerView.getSpecificTask(FileManagerView.java:247) ~[filemanager.jar:?]
	at com.st.stm32cube.common.mx.editor.CubeMxEditor.getMxTabbedPaneInstance(CubeMxEditor.java:1184) ~[com.st.stm32cube.common.mx_6.10.0.202311202037/:?]
	at com.st.stm32cube.common.mx.editor.CubeMxEditor$12$1.createSwingComponent(CubeMxEditor.java:1065) ~[com.st.stm32cube.common.mx_6.10.0.202311202037/:?]
	at com.st.stm32cube.common.mx.oss.core.awtswtbridge.EmbeddedSwingComposite.doComponentCreation(EmbeddedSwingComposite.java:492) ~[com.st.stm32cube.common.mx.oss_6.10.0.202311202037/:?]
	at com.st.stm32cube.common.mx.oss.core.awtswtbridge.EmbeddedSwingComposite$4.run(EmbeddedSwingComposite.java:291) ~[com.st.stm32cube.common.mx.oss_6.10.0.202311202037/:?]
	at com.st.stm32cube.common.mx.oss.core.awtswtbridge.AwtEnvironment$2.run(AwtEnvironment.java:166) ~[com.st.stm32cube.common.mx.oss_6.10.0.202311202037/:?]
	at java.awt.event.InvocationEvent.dispatch(InvocationEvent.java:318) ~[?:?]
	at java.awt.EventQueue.dispatchEventImpl(EventQueue.java:773) ~[?:?]
	at java.awt.EventQueue$4.run(EventQueue.java:720) ~[?:?]
	at java.awt.EventQueue$4.run(EventQueue.java:714) ~[?:?]
	at java.security.AccessController.doPrivileged(AccessController.java:399) ~[?:?]
	at java.security.ProtectionDomain$JavaSecurityAccessImpl.doIntersectionPrivilege(ProtectionDomain.java:86) ~[?:?]
	at java.awt.EventQueue.dispatchEvent(EventQueue.java:742) ~[?:?]
	at java.awt.EventDispatchThread.pumpOneEventForFilters(EventDispatchThread.java:203) ~[?:?]
	at java.awt.EventDispatchThread.pumpEventsForFilter(EventDispatchThread.java:124) ~[?:?]
	at java.awt.EventDispatchThread.pumpEventsForHierarchy(EventDispatchThread.java:113) ~[?:?]
	at java.awt.EventDispatchThread.pumpEvents(EventDispatchThread.java:109) ~[?:?]
	at java.awt.EventDispatchThread.pumpEvents(EventDispatchThread.java:101) ~[?:?]
	at java.awt.EventDispatchThread.run(EventDispatchThread.java:90) ~[?:?]
2024-08-02 10:21:18,213 [WARN] ThirdParty:871 - waiting for thirdparty lock release [close project]
2024-08-02 10:21:18,213 [INFO] ThirdParty:873 - entering critical section [close project]
2024-08-02 10:21:18,213 [INFO] ThirdParty:883 - exiting critical section [close project]
2024-08-02 10:21:18,216 [INFO] PinOutPanel:1499 - setPackage(No Configuration,No Configuration)
2024-08-02 10:21:18,223 [WARN] IpParametersView:151 - Warning: This peripheral hasn't parameters
2024-08-02 10:21:18,231 [WARN] MainPanel:272 - <html><b><center>Warning: This peripheral has no parameters to be configured<br></b></html>
2024-08-02 10:21:18,235 [INFO] UtilMem:75 - Begin LoadConfig() Used Memory: 782915496 Bytes (1073741824)
2024-08-02 10:21:18,235 [INFO] MicroXplorer:468 - Change Database Path : 
2024-08-02 10:21:18,235 [INFO] MicroXplorer:498 - Change Database Version : DB.6.0.100
2024-08-02 10:21:18,235 [INFO] OpenFileManager:312 - Change cursor
2024-08-02 10:21:18,265 [INFO] RulesReader:64 - Compatibility file has been processed (297 Rules)
2024-08-02 10:21:18,282 [INFO] Mcu:2016 - Initializing MCU STM32F407VGTx STM32F407VGTx STM32F407VGT6
2024-08-02 10:21:19,841 [INFO] Context:659 - Trying to add GPIOservice into a context  which must be forbidden
2024-08-02 10:21:20,041 [INFO] ImportTextPane:194 - (OptionalMessage_ERROR) Unable to find key (Mcu.ThirdPartyNb) in loaded IOC file
2024-08-02 10:21:20,041 [INFO] ImportTextPane:194 - (OptionalMessage_ERROR) Unable to find key (Mcu.PinsNb) in loaded IOC file
2024-08-02 10:21:20,041 [INFO] ImportTextPane:194 - (OptionalMessage_ERROR) Unable to find key (Mcu.IPNb) in loaded IOC file
2024-08-02 10:21:20,068 [INFO] RtosManager:555 - Registered RTOS mode: class=CMSIS, group=RTOS, mode=CMSIS_V1, owner=FREERTOS
2024-08-02 10:21:20,068 [INFO] RtosManager:555 - Registered RTOS mode: class=CMSIS, group=RTOS2, mode=CMSIS_V2, owner=FREERTOS
2024-08-02 10:21:20,068 [INFO] RtosManager:555 - Registered RTOS mode: class=RTOS, group=Core, mode=CMSIS_V1, owner=FREERTOS
2024-08-02 10:21:20,068 [INFO] RtosManager:555 - Registered RTOS mode: class=RTOS, group=Core, mode=CMSIS_V2, owner=FREERTOS
2024-08-02 10:21:20,068 [WARN] ModelIntegratedComponent:184 - Missing modes for component STMicroelectronics:FreeRTOS:0.0.1:STMicroelectronics:RTOS:FreeRTOS:Core:::10.2.0:
2024-08-02 10:21:20,079 [WARN] ModelIntegratedComponent:63 - No mode defined for component null
2024-08-02 10:21:20,079 [WARN] ModelIntegratedComponent:63 - No mode defined for component null
2024-08-02 10:21:20,079 [WARN] ModelIntegratedComponent:63 - No mode defined for component null
2024-08-02 10:21:20,079 [WARN] ModelIntegratedComponent:63 - No mode defined for component null
2024-08-02 10:21:20,079 [WARN] ModelIntegratedComponent:63 - No mode defined for component null
2024-08-02 10:21:20,079 [WARN] ModelIntegratedComponent:63 - No mode defined for component null
2024-08-02 10:21:20,079 [WARN] ModelIntegratedComponent:63 - No mode defined for component null
2024-08-02 10:21:20,079 [WARN] ModelIntegratedComponent:63 - No mode defined for component null
2024-08-02 10:21:20,079 [WARN] ModelIntegratedComponent:63 - No mode defined for component null
2024-08-02 10:21:20,079 [WARN] ModelIntegratedComponent:63 - No mode defined for component null
2024-08-02 10:21:20,079 [WARN] ModelIntegratedComponent:63 - No mode defined for component null
2024-08-02 10:21:20,079 [WARN] ModelIntegratedComponent:63 - No mode defined for component null
2024-08-02 10:21:20,079 [WARN] ModelIntegratedComponent:63 - No mode defined for component null
2024-08-02 10:21:20,079 [WARN] ModelIntegratedComponent:63 - No mode defined for component null
2024-08-02 10:21:20,079 [WARN] ModelIntegratedComponent:63 - No mode defined for component null
2024-08-02 10:21:20,079 [WARN] ModelIntegratedComponent:63 - No mode defined for component null
2024-08-02 10:21:20,080 [WARN] ModelIntegratedComponent:63 - No mode defined for component null
2024-08-02 10:21:20,080 [WARN] ModelIntegratedComponent:63 - No mode defined for component null
2024-08-02 10:21:20,080 [WARN] ModelIntegratedComponent:63 - No mode defined for component null
2024-08-02 10:21:20,080 [WARN] ModelIntegratedComponent:63 - No mode defined for component null
2024-08-02 10:21:20,080 [WARN] ModelIntegratedComponent:63 - No mode defined for component null
2024-08-02 10:21:20,080 [WARN] ModelIntegratedComponent:63 - No mode defined for component null
2024-08-02 10:21:20,080 [WARN] ModelIntegratedComponent:63 - No mode defined for component null
2024-08-02 10:21:20,080 [WARN] ModelIntegratedComponent:63 - No mode defined for component null
2024-08-02 10:21:20,080 [WARN] ModelIntegratedComponent:63 - No mode defined for component null
2024-08-02 10:21:20,080 [WARN] ModelIntegratedComponent:63 - No mode defined for component null
2024-08-02 10:21:20,080 [WARN] ModelIntegratedComponent:63 - No mode defined for component null
2024-08-02 10:21:20,080 [WARN] ModelIntegratedComponent:63 - No mode defined for component null
2024-08-02 10:21:20,080 [WARN] ModelIntegratedComponent:63 - No mode defined for component null
2024-08-02 10:21:20,080 [WARN] ModelIntegratedComponent:63 - No mode defined for component null
2024-08-02 10:21:20,080 [WARN] ModelIntegratedComponent:63 - No mode defined for component null
2024-08-02 10:21:20,080 [WARN] ModelIntegratedComponent:63 - No mode defined for component null
2024-08-02 10:21:20,080 [WARN] ModelIntegratedComponent:63 - No mode defined for component null
2024-08-02 10:21:20,221 [INFO] ThirdPartyModel:298 - Start build external matchings
2024-08-02 10:21:20,627 [INFO] ThirdPartyModel:316 - End build external matchings
2024-08-02 10:21:20,870 [INFO] UtilMem:75 - End LoadConfig() Used Memory: 830584344 Bytes (1073741824)
2024-08-02 10:21:20,896 [INFO] MicroXplorer:468 - Change Database Path : 
2024-08-02 10:21:20,897 [INFO] MicroXplorer:498 - Change Database Version : DB.6.0.100
2024-08-02 10:21:20,897 [WARN] ThirdParty:833 - waiting for thirdparty lock release [change project]
2024-08-02 10:21:20,897 [INFO] ThirdParty:835 - entering critical section [change project]
2024-08-02 10:21:20,897 [INFO] ThirdParty:1030 - CMSIS Pack Vendor :STMicroelectronics USBPD 4.1
2024-08-02 10:21:20,897 [INFO] ThirdParty:1030 - CMSIS Pack Vendor :STMicroelectronics X-CUBE-GNSS1 6.0.0
2024-08-02 10:21:20,897 [INFO] ThirdParty:1030 - CMSIS Pack Vendor :STMicroelectronics USB_HOST 2.0.0
2024-08-02 10:21:20,897 [INFO] ThirdParty:1030 - CMSIS Pack Vendor :STMicroelectronics FP-SNS-MOTENVWB1 1.4.0
2024-08-02 10:21:20,897 [INFO] ThirdParty:1030 - CMSIS Pack Vendor :STMicroelectronics X-CUBE-AZRTOS-F4 1.1.0
2024-08-02 10:21:20,897 [INFO] ThirdParty:1030 - CMSIS Pack Vendor :STMicroelectronics LIBJPEG 8.0.0
2024-08-02 10:21:20,897 [INFO] ThirdParty:1030 - CMSIS Pack Vendor :STMicroelectronics X-CUBE-SMBUS 2.1.0
2024-08-02 10:21:20,897 [INFO] ThirdParty:1030 - CMSIS Pack Vendor :STMicroelectronics USB_DEVICE 3.0.0
2024-08-02 10:21:20,897 [INFO] ThirdParty:1030 - CMSIS Pack Vendor :STMicroelectronics X-CUBE-TCPP 4.1.0
2024-08-02 10:21:20,897 [INFO] ThirdParty:1030 - CMSIS Pack Vendor :STMicroelectronics X-CUBE-FREERTOS 1.2.0
2024-08-02 10:21:20,897 [INFO] ThirdParty:1030 - CMSIS Pack Vendor :STMicroelectronics X-CUBE-AZRTOS-WB 2.0.0
2024-08-02 10:21:20,897 [INFO] ThirdParty:1030 - CMSIS Pack Vendor :wolfSSL I-CUBE-wolfSSL 5.6.6
2024-08-02 10:21:20,898 [INFO] ThirdParty:1030 - CMSIS Pack Vendor :STMicroelectronics X-CUBE-TOUCHGFX 4.23.1
2024-08-02 10:21:20,898 [INFO] ThirdParty:1030 - CMSIS Pack Vendor :STMicroelectronics X-CUBE-TOUCHGFX 4.23.0
2024-08-02 10:21:20,898 [INFO] ThirdParty:1030 - CMSIS Pack Vendor :STMicroelectronics X-CUBE-TOUCHGFX 4.23.2
2024-08-02 10:21:20,898 [INFO] ThirdParty:1030 - CMSIS Pack Vendor :STMicroelectronics X-CUBE-AZRTOS-F7 1.1.0
2024-08-02 10:21:20,898 [INFO] ThirdParty:1030 - CMSIS Pack Vendor :STMicroelectronics X-CUBE-AZRTOS-L5 2.0.0
2024-08-02 10:21:20,898 [INFO] ThirdParty:1030 - CMSIS Pack Vendor :STMicroelectronics USB_DEVICE 2.0.0
2024-08-02 10:21:20,898 [INFO] ThirdParty:1030 - CMSIS Pack Vendor :STMicroelectronics X-CUBE-NFC6 3.1.0
2024-08-02 10:21:20,898 [INFO] ThirdParty:1030 - CMSIS Pack Vendor :ITTIA_DB I-CUBE-ITTIADB 8.8.0
2024-08-02 10:21:20,898 [INFO] ThirdParty:1030 - CMSIS Pack Vendor :STMicroelectronics FP-SNS-STBOX1 2.0.0
2024-08-02 10:21:20,898 [INFO] ThirdParty:1030 - CMSIS Pack Vendor :STMicroelectronics FP-SNS-MOTENV1 4.3.2
2024-08-02 10:21:20,898 [INFO] ThirdParty:1030 - CMSIS Pack Vendor :STMicroelectronics X-CUBE-ALGOBUILD 1.3.0
2024-08-02 10:21:20,898 [INFO] ThirdParty:1030 - CMSIS Pack Vendor :STMicroelectronics FreeRTOS 0.0.1
2024-08-02 10:21:20,898 [INFO] ThirdParty:1030 - CMSIS Pack Vendor :STMicroelectronics X-CUBE-AZRTOS-G0 1.1.0
2024-08-02 10:21:20,898 [INFO] ThirdParty:1030 - CMSIS Pack Vendor :STMicroelectronics X-CUBE-SAFEA1 1.2.2
2024-08-02 10:21:20,898 [INFO] ThirdParty:1030 - CMSIS Pack Vendor :STMicroelectronics X-CUBE-NFC4 3.0.0
2024-08-02 10:21:20,898 [INFO] ThirdParty:1030 - CMSIS Pack Vendor :STMicroelectronics X-CUBE-DPower 1.2.0
2024-08-02 10:21:20,898 [INFO] ThirdParty:1030 - CMSIS Pack Vendor :STMicroelectronics X-CUBE-SUBG2 5.0.0
2024-08-02 10:21:20,898 [INFO] ThirdParty:1030 - CMSIS Pack Vendor :STMicroelectronics STM32_WPAN 1.0.0
2024-08-02 10:21:20,898 [INFO] ThirdParty:1030 - CMSIS Pack Vendor :EmbeddedOffice I-CUBE-FS-RTOS 1.0.1
2024-08-02 10:21:20,898 [INFO] ThirdParty:1030 - CMSIS Pack Vendor :STMicroelectronics lwIP 2.0.3
2024-08-02 10:21:20,898 [INFO] ThirdParty:1030 - CMSIS Pack Vendor :STMicroelectronics FP-SNS-FLIGHT1 5.0.2
2024-08-02 10:21:20,898 [INFO] ThirdParty:1030 - CMSIS Pack Vendor :Cesanta I-CUBE-Mongoose 7.13.0
2024-08-02 10:21:20,898 [INFO] ThirdParty:1030 - CMSIS Pack Vendor :STMicroelectronics USB_HOST 1.0.0
2024-08-02 10:21:20,898 [INFO] ThirdParty:1030 - CMSIS Pack Vendor :STMicroelectronics X-CUBE-AI 9.0.0
2024-08-02 10:21:20,898 [INFO] ThirdParty:1030 - CMSIS Pack Vendor :STMicroelectronics X-CUBE-AZRTOS-G4 2.0.0
2024-08-02 10:21:20,898 [INFO] ThirdParty:1030 - CMSIS Pack Vendor :STMicroelectronics PDM2PCM 3.1.0
2024-08-02 10:21:20,898 [INFO] ThirdParty:1030 - CMSIS Pack Vendor :Infineon AIROC-Wi-Fi-Bluetooth-STM32 1.5.1
2024-08-02 10:21:20,898 [INFO] ThirdParty:1030 - CMSIS Pack Vendor :STMicroelectronics PDM2PCM 3.3.0
2024-08-02 10:21:20,898 [INFO] ThirdParty:1030 - CMSIS Pack Vendor :STMicroelectronics X-CUBE-DISPLAY 3.0.0
2024-08-02 10:21:20,898 [INFO] ThirdParty:1030 - CMSIS Pack Vendor :RealThread X-CUBE-RT-Thread_Nano 4.1.1
2024-08-02 10:21:20,898 [INFO] ThirdParty:1030 - CMSIS Pack Vendor :STMicroelectronics FP-SNS-MOTENVWB1 1.3.1
2024-08-02 10:21:20,899 [INFO] ThirdParty:1030 - CMSIS Pack Vendor :STMicroelectronics X-CUBE-BLE1 7.0.0
2024-08-02 10:21:20,899 [INFO] ThirdParty:1030 - CMSIS Pack Vendor :STMicroelectronics FP-ATR-SIGFOX1 3.2.0
2024-08-02 10:21:20,899 [INFO] ThirdParty:1030 - CMSIS Pack Vendor :STMicroelectronics X-CUBE-ISPU 2.0.0
2024-08-02 10:21:20,899 [INFO] ThirdParty:1030 - CMSIS Pack Vendor :STMicroelectronics X-CUBE-EEPRMA1 5.1.0
2024-08-02 10:21:20,899 [INFO] ThirdParty:1030 - CMSIS Pack Vendor :STMicroelectronics HAL Drivers 0.0.0
2024-08-02 10:21:20,899 [INFO] ThirdParty:1030 - CMSIS Pack Vendor :STMicroelectronics MBEDTLS 2.16.2
2024-08-02 10:21:20,899 [INFO] ThirdParty:1030 - CMSIS Pack Vendor :STMicroelectronics X-CUBE-ALS 1.0.2
2024-08-02 10:21:20,899 [INFO] ThirdParty:1030 - CMSIS Pack Vendor :emotas I-CUBE-CANOPEN 1.3.0
2024-08-02 10:21:20,899 [INFO] ThirdParty:1030 - CMSIS Pack Vendor :STMicroelectronics X-CUBE-MEMS1 10.0.0
2024-08-02 10:21:20,899 [INFO] ThirdParty:1030 - CMSIS Pack Vendor :STMicroelectronics X-CUBE-FREERTOS 1.1.0
2024-08-02 10:21:20,899 [INFO] ThirdParty:1030 - CMSIS Pack Vendor :STMicroelectronics X-CUBE-NFC7 1.0.1
2024-08-02 10:21:20,899 [INFO] ThirdParty:1030 - CMSIS Pack Vendor :STMicroelectronics MBEDTLS 2.14.1
2024-08-02 10:21:20,899 [INFO] ThirdParty:1030 - CMSIS Pack Vendor :STMicroelectronics X-CUBE-TOUCHGFX 4.24.0
2024-08-02 10:21:20,899 [INFO] ThirdParty:1030 - CMSIS Pack Vendor :wolfSSL I-CUBE-wolfTPM 3.2.0
2024-08-02 10:21:20,899 [INFO] ThirdParty:1030 - CMSIS Pack Vendor :STMicroelectronics X-CUBE-NFC6 3.0.0
2024-08-02 10:21:20,899 [INFO] ThirdParty:1030 - CMSIS Pack Vendor :portGmbH I-Cube-SoM-uGOAL 1.1.0
2024-08-02 10:21:20,899 [INFO] ThirdParty:1030 - CMSIS Pack Vendor :STMicroelectronics X-CUBE-ALS 1.0.1
2024-08-02 10:21:20,899 [INFO] ThirdParty:1030 - CMSIS Pack Vendor :STMicroelectronics X-CUBE-BLEMGR 3.1.0
2024-08-02 10:21:20,899 [INFO] ThirdParty:1030 - CMSIS Pack Vendor :STMicroelectronics ThreadX 1.0.0
2024-08-02 10:21:20,899 [INFO] ThirdParty:1030 - CMSIS Pack Vendor :STMicroelectronics FP-SNS-SMARTAG2 1.2.0
2024-08-02 10:21:20,899 [INFO] ThirdParty:1030 - CMSIS Pack Vendor :STMicroelectronics X-CUBE-AZRTOS-WL 2.0.0
2024-08-02 10:21:20,899 [INFO] ThirdParty:1030 - CMSIS Pack Vendor :SEGGER I-CUBE-embOS 1.3.1
2024-08-02 10:21:20,899 [INFO] ThirdParty:1030 - CMSIS Pack Vendor :STMicroelectronics X-CUBE-ALGOBUILD 1.4.0
2024-08-02 10:21:20,899 [INFO] ThirdParty:1030 - CMSIS Pack Vendor :STMicroelectronics FP-SNS-MOTENV1 5.0.0
2024-08-02 10:21:20,899 [INFO] ThirdParty:1030 - CMSIS Pack Vendor :STMicroelectronics USB_DEVICE 1.0.0
2024-08-02 10:21:20,899 [INFO] ThirdParty:1030 - CMSIS Pack Vendor :STMicroelectronics X-CUBE-AI 8.1.0
2024-08-02 10:21:20,899 [INFO] ThirdParty:1030 - CMSIS Pack Vendor :STMicroelectronics X-CUBE-AZRTOS-H7RS 1.0.0
2024-08-02 10:21:20,899 [INFO] ThirdParty:1030 - CMSIS Pack Vendor :wolfSSL I-CUBE-wolfMQTT 1.19.0
2024-08-02 10:21:20,899 [INFO] ThirdParty:1030 - CMSIS Pack Vendor :STMicroelectronics X-CUBE-AZRTOS-L4 2.0.0
2024-08-02 10:21:20,899 [INFO] ThirdParty:1030 - CMSIS Pack Vendor :STMicroelectronics ThreadX 0.0.2
2024-08-02 10:21:20,899 [INFO] ThirdParty:1030 - CMSIS Pack Vendor :WES I-CUBE-Cesium 1.3.0
2024-08-02 10:21:20,899 [INFO] ThirdParty:1030 - CMSIS Pack Vendor :STMicroelectronics FP-ATR-ASTRA1 2.0.0
2024-08-02 10:21:20,899 [INFO] ThirdParty:1030 - CMSIS Pack Vendor :STMicroelectronics lwIP 2.1.2
2024-08-02 10:21:20,899 [INFO] ThirdParty:1030 - CMSIS Pack Vendor :STMicroelectronics X-CUBE-SFXS2LP1 4.0.0
2024-08-02 10:21:20,899 [INFO] ThirdParty:1030 - CMSIS Pack Vendor :STMicroelectronics X-CUBE-BLE2 3.3.0
2024-08-02 10:21:20,899 [INFO] ThirdParty:1030 - CMSIS Pack Vendor :STMicroelectronics X-CUBE-TOF1 3.4.2
2024-08-02 10:21:20,900 [INFO] ThirdParty:1030 - CMSIS Pack Vendor :STMicroelectronics X-CUBE-TOF1 3.4.0
2024-08-02 10:21:20,900 [INFO] ThirdParty:1030 - CMSIS Pack Vendor :STMicroelectronics X-CUBE-TOF1 3.4.1
2024-08-02 10:21:20,900 [INFO] ThirdParty:1030 - CMSIS Pack Vendor :STMicroelectronics X-CUBE-AZRTOS-H7 3.2.0
2024-08-02 10:21:20,900 [INFO] ThirdParty:1030 - CMSIS Pack Vendor :STMicroelectronics PDM2PCM 3.2.0
2024-08-02 10:21:20,900 [INFO] ThirdParty:1030 - CMSIS Pack Vendor :wolfSSL I-CUBE-wolfSSH 1.4.17
2024-08-02 10:21:20,900 [INFO] ThirdParty:841 - exiting critical section [change project]
2024-08-02 10:21:21,141 [INFO] PinOutPanel:1499 - setPackage(No Configuration,No Configuration)
2024-08-02 10:21:21,146 [INFO] PinOutPanel:1499 - setPackage(STM32F407VGTx,LQFP100)
2024-08-02 10:21:21,392 [INFO] UtilMem:75 - Before build in PCC Used Memory: 713047416 Bytes (1073741824)
2024-08-02 10:21:21,704 [INFO] UtilMem:75 - After build in PCC Used Memory: 758662520 Bytes (1073741824)
2024-08-02 10:21:21,736 [INFO] IPUIPlugin:80 - create IPUIPlugin
2024-08-02 10:21:21,736 [INFO] IPUIPlugin:80 - create IPUIPlugin
2024-08-02 10:21:21,736 [INFO] IPUIPlugin:80 - create IPUIPlugin
2024-08-02 10:21:21,736 [INFO] IPUIPlugin:80 - create IPUIPlugin
2024-08-02 10:21:21,736 [INFO] IPUIPlugin:80 - create IPUIPlugin
2024-08-02 10:21:21,737 [INFO] IPUIPlugin:80 - create IPUIPlugin
2024-08-02 10:21:21,737 [INFO] IPUIPlugin:80 - create IPUIPlugin
2024-08-02 10:21:21,737 [INFO] IPUIPlugin:80 - create IPUIPlugin
2024-08-02 10:21:21,737 [INFO] IPUIPlugin:80 - create IPUIPlugin
2024-08-02 10:21:21,737 [INFO] IPUIPlugin:80 - create IPUIPlugin
2024-08-02 10:21:21,737 [INFO] IPUIPlugin:80 - create IPUIPlugin
2024-08-02 10:21:21,737 [INFO] IPUIPlugin:80 - create IPUIPlugin
2024-08-02 10:21:21,737 [INFO] IPUIPlugin:80 - create IPUIPlugin
2024-08-02 10:21:21,737 [INFO] IPUIPlugin:80 - create IPUIPlugin
2024-08-02 10:21:21,737 [INFO] IPUIPlugin:80 - create IPUIPlugin
2024-08-02 10:21:21,737 [INFO] IPUIPlugin:80 - create IPUIPlugin
2024-08-02 10:21:21,737 [INFO] IPUIPlugin:80 - create IPUIPlugin
2024-08-02 10:21:21,737 [INFO] IPUIPlugin:80 - create IPUIPlugin
2024-08-02 10:21:21,737 [INFO] IPUIPlugin:80 - create IPUIPlugin
2024-08-02 10:21:21,737 [INFO] IPUIPlugin:80 - create IPUIPlugin
2024-08-02 10:21:21,738 [INFO] IPUIPlugin:80 - create IPUIPlugin
2024-08-02 10:21:21,738 [INFO] IPUIPlugin:80 - create IPUIPlugin
2024-08-02 10:21:21,738 [INFO] IPUIPlugin:80 - create IPUIPlugin
2024-08-02 10:21:21,738 [INFO] IPUIPlugin:80 - create IPUIPlugin
2024-08-02 10:21:21,738 [INFO] IPUIPlugin:80 - create IPUIPlugin
2024-08-02 10:21:21,738 [INFO] IPUIPlugin:80 - create IPUIPlugin
2024-08-02 10:21:21,738 [INFO] IPUIPlugin:80 - create IPUIPlugin
2024-08-02 10:21:21,738 [INFO] IPUIPlugin:80 - create IPUIPlugin
2024-08-02 10:21:21,739 [INFO] IPUIPlugin:80 - create IPUIPlugin
2024-08-02 10:21:21,739 [INFO] IPUIPlugin:80 - create IPUIPlugin
2024-08-02 10:21:21,739 [INFO] IPUIPlugin:80 - create IPUIPlugin
2024-08-02 10:21:21,739 [INFO] IPUIPlugin:80 - create IPUIPlugin
2024-08-02 10:21:21,739 [INFO] IPUIPlugin:80 - create IPUIPlugin
2024-08-02 10:21:21,739 [INFO] IPUIPlugin:80 - create IPUIPlugin
2024-08-02 10:21:21,739 [INFO] IPUIPlugin:80 - create IPUIPlugin
2024-08-02 10:21:21,740 [INFO] IPUIPlugin:80 - create IPUIPlugin
2024-08-02 10:21:21,740 [INFO] IPUIPlugin:80 - create IPUIPlugin
2024-08-02 10:21:21,740 [INFO] IPUIPlugin:80 - create IPUIPlugin
2024-08-02 10:21:21,740 [INFO] IPUIPlugin:80 - create IPUIPlugin
2024-08-02 10:21:21,740 [INFO] IPUIPlugin:80 - create IPUIPlugin
2024-08-02 10:21:21,740 [INFO] IPUIPlugin:80 - create IPUIPlugin
2024-08-02 10:21:21,740 [INFO] IPUIPlugin:80 - create IPUIPlugin
2024-08-02 10:21:21,741 [INFO] IPUIPlugin:80 - create IPUIPlugin
2024-08-02 10:21:21,741 [INFO] IPUIPlugin:80 - create IPUIPlugin
2024-08-02 10:21:21,741 [INFO] IPUIPlugin:80 - create IPUIPlugin
2024-08-02 10:21:21,741 [INFO] IPUIPlugin:80 - create IPUIPlugin
2024-08-02 10:21:21,741 [INFO] IPUIPlugin:80 - create IPUIPlugin
2024-08-02 10:21:21,742 [INFO] IPUIPlugin:80 - create IPUIPlugin
2024-08-02 10:21:21,742 [INFO] IPUIPlugin:80 - create IPUIPlugin
2024-08-02 10:21:21,742 [INFO] IPUIPlugin:80 - create IPUIPlugin
2024-08-02 10:21:21,742 [INFO] IPUIPlugin:80 - create IPUIPlugin
2024-08-02 10:21:21,742 [INFO] IPUIPlugin:80 - create IPUIPlugin
2024-08-02 10:21:21,743 [INFO] IPUIPlugin:80 - create IPUIPlugin
2024-08-02 10:21:21,743 [INFO] IPUIPlugin:80 - create IPUIPlugin
2024-08-02 10:21:21,743 [INFO] IPUIPlugin:80 - create IPUIPlugin
2024-08-02 10:21:21,744 [INFO] IPUIPlugin:80 - create IPUIPlugin
2024-08-02 10:21:21,745 [INFO] IPUIPlugin:80 - create IPUIPlugin
2024-08-02 10:21:21,746 [INFO] IPUIPlugin:80 - create IPUIPlugin
2024-08-02 10:21:21,769 [INFO] ApiDbMcu:508 - Load IP Config File for PDM2PCM
2024-08-02 10:21:21,802 [INFO] CADModel:165 - CPN selected for project levelSTM32F407VGT6
2024-08-02 10:21:21,802 [INFO] CADModel:114 - Register for checkConnection events
2024-08-02 10:21:21,856 [INFO] OpenFileManager:343 - Restore cursor
2024-08-02 10:21:22,119 [INFO] UtilMem:75 - End SaveConfig() Used Memory: 865332272 Bytes (1073741824)
2024-08-02 10:21:22,157 [INFO] UtilMem:75 - End SaveConfig() Used Memory: 889040456 Bytes (1073741824)
2024-08-02 10:21:22,273 [INFO] BlockDiagram:2759 - set Specific Code input for plugin: RCC
2024-08-02 10:21:22,273 [INFO] BlockDiagram:2759 - set Specific Code input for plugin: NVIC
2024-08-02 10:21:22,274 [INFO] CodeGenerator:807 - code generatio: config db path: C:\ST\STM32CubeIDE_1.14.1\STM32CubeIDE\plugins\com.st.stm32cube.common.mx_6.10.0.202311202037\\db\
2024-08-02 10:21:22,566 [INFO] CodeEngine:255 - oldGeneratedFile, C:\Users\conne\STM32CubeIDE\workspace_1.14.1\uga_int_gpio\MXTmpFiles\license.tmp_save
2024-08-02 10:21:22,699 [INFO] CodeEngine:279 - Generated code: C:\Users\conne\STM32CubeIDE\workspace_1.14.1\uga_int_gpio\MXTmpFiles\license.tmp
2024-08-02 10:21:22,749 [INFO] CodeEngine:255 - oldGeneratedFile, C:\Users\conne\STM32CubeIDE\workspace_1.14.1\uga_int_gpio\Core\Src\stm32f4xx_it.c_save
2024-08-02 10:21:22,949 [INFO] CodeEngine:279 - Generated code: C:\Users\conne\STM32CubeIDE\workspace_1.14.1\uga_int_gpio\Core\Src\stm32f4xx_it.c
2024-08-02 10:21:22,957 [INFO] CodeEngine:255 - oldGeneratedFile, C:\Users\conne\STM32CubeIDE\workspace_1.14.1\uga_int_gpio\Core\Inc\stm32f4xx_it.h_save
2024-08-02 10:21:23,003 [INFO] CodeEngine:279 - Generated code: C:\Users\conne\STM32CubeIDE\workspace_1.14.1\uga_int_gpio\Core\Inc\stm32f4xx_it.h
2024-08-02 10:21:23,050 [INFO] CodeEngine:255 - oldGeneratedFile, C:\Users\conne\STM32CubeIDE\workspace_1.14.1\uga_int_gpio\Core\Src\stm32f4xx_hal_msp.c_save
2024-08-02 10:21:23,117 [INFO] CodeEngine:279 - Generated code: C:\Users\conne\STM32CubeIDE\workspace_1.14.1\uga_int_gpio\Core\Src\stm32f4xx_hal_msp.c
2024-08-02 10:21:23,127 [INFO] CodeEngine:255 - oldGeneratedFile, C:\Users\conne\STM32CubeIDE\workspace_1.14.1\uga_int_gpio\MXTmpFiles\system.tmp_save
2024-08-02 10:21:23,192 [INFO] CodeEngine:279 - Generated code: C:\Users\conne\STM32CubeIDE\workspace_1.14.1\uga_int_gpio\MXTmpFiles\system.tmp
2024-08-02 10:21:23,212 [INFO] CodeEngine:311 - oldGeneratedFile, C:\Users\conne\STM32CubeIDE\workspace_1.14.1\uga_int_gpio\Core\Inc\stm32f4xx_hal_conf.h_save
2024-08-02 10:21:23,274 [INFO] CodeEngine:335 - Generated code: C:\Users\conne\STM32CubeIDE\workspace_1.14.1\uga_int_gpio\Core\Inc\stm32f4xx_hal_conf.h
2024-08-02 10:21:23,322 [INFO] CodeEngine:255 - oldGeneratedFile, C:\Users\conne\STM32CubeIDE\workspace_1.14.1\uga_int_gpio\Core\Inc\main.h_save
2024-08-02 10:21:23,416 [INFO] CodeEngine:279 - Generated code: C:\Users\conne\STM32CubeIDE\workspace_1.14.1\uga_int_gpio\Core\Inc\main.h
2024-08-02 10:21:23,433 [INFO] CodeEngine:255 - oldGeneratedFile, C:\Users\conne\STM32CubeIDE\workspace_1.14.1\uga_int_gpio\Core\Src\main.c_save
2024-08-02 10:21:23,507 [INFO] CodeEngine:279 - Generated code: C:\Users\conne\STM32CubeIDE\workspace_1.14.1\uga_int_gpio\Core\Src\main.c
2024-08-02 10:21:24,145 [INFO] ProjectBuilder:3076 - Time for Copy HAL[1] : 198mS.
2024-08-02 10:21:24,149 [INFO] ProjectBuilder:4485 - Project Generator version: 4.2.0-B44
2024-08-02 10:21:24,314 [INFO] ConfigFileManager:1495 - The Die is : DIE413
2024-08-02 10:21:24,325 [INFO] ApiDbMcu:508 - Load IP Config File for FATFS
2024-08-02 10:21:24,337 [INFO] ApiDbMcu:508 - Load IP Config File for FREERTOS
2024-08-02 10:21:24,347 [INFO] ApiDbMcu:508 - Load IP Config File for LIBJPEG
2024-08-02 10:21:24,358 [INFO] ApiDbMcu:508 - Load IP Config File for LWIP
2024-08-02 10:21:24,369 [INFO] ApiDbMcu:508 - Load IP Config File for MBEDTLS
2024-08-02 10:21:24,382 [INFO] ApiDbMcu:508 - Load IP Config File for USB_DEVICE
2024-08-02 10:21:24,389 [INFO] ApiDbMcu:508 - Load IP Config File for USB_HOST
2024-08-02 10:21:26,725 [INFO] ProjectBuilder:4747 - Time for Generating toolchain IDE Files: 2576mS.
2024-08-02 10:21:26,726 [INFO] ProjectBuilder:2947 - Time for Copy CMSIS : 1mS.
2024-08-02 10:21:26,727 [INFO] ProjectBuilder:2947 - Time for Copy CMSIS : 0mS.
2024-08-02 10:21:27,311 [INFO] McuFinderGlobals:76 - Set McuFinderConnectedMode to true
2024-08-02 10:21:27,315 [INFO] ApiDb:448 - Save user favorites file C:\Users\conne/.stm32cubeide/favorites.mcus.txt: 0 item(s)
2024-08-02 10:21:27,315 [INFO] ApiDb:452 - User favorites MCUs=[]
2024-08-02 10:27:28,520 [INFO] Gpio:277 - dependency for GPIO [RCC, SYS]
2024-08-02 10:27:52,321 [INFO] Gpio:277 - dependency for GPIO [RCC, SYS]
2024-08-02 10:27:52,362 [INFO] NvicIntPanel:101 - NVIC parent = com.st.microxplorer.plugins.ip.nvic.MultiNvicIntPanel[,0,0,0x0,invalid,layout=javax.swing.BoxLayout,alignmentX=0.0,alignmentY=0.0,border=,flags=9,maximumSize=,minimumSize=,preferredSize=]
2024-08-02 10:28:04,911 [INFO] Gpio:277 - dependency for GPIO [RCC, SYS]
2024-08-02 10:28:26,655 [INFO] Gpio:277 - dependency for GPIO [RCC, SYS]
2024-08-02 10:28:26,689 [INFO] NvicIntPanel:101 - NVIC parent = com.st.microxplorer.plugins.ip.nvic.MultiNvicIntPanel[,0,0,0x0,invalid,layout=javax.swing.BoxLayout,alignmentX=0.0,alignmentY=0.0,border=,flags=9,maximumSize=,minimumSize=,preferredSize=]
2024-08-02 10:28:50,827 [INFO] Gpio:277 - dependency for GPIO [RCC, SYS]
2024-08-02 10:32:38,849 [INFO] Gpio:277 - dependency for GPIO [RCC, SYS]
2024-08-02 10:37:00,462 [INFO] UtilMem:75 - End SaveConfig() Used Memory: 690649272 Bytes (1073741824)
2024-08-02 10:37:02,572 [INFO] UtilMem:75 - End SaveConfig() Used Memory: 777683800 Bytes (1073741824)
2024-08-02 10:37:02,666 [INFO] BlockDiagram:2759 - set Specific Code input for plugin: SYS
2024-08-02 10:37:02,666 [INFO] BlockDiagram:2759 - set Specific Code input for plugin: RCC
2024-08-02 10:37:02,666 [INFO] BlockDiagram:2759 - set Specific Code input for plugin: NVIC
2024-08-02 10:37:02,666 [INFO] BlockDiagram:2759 - set Specific Code input for plugin: GPIO
2024-08-02 10:37:02,667 [INFO] CodeGenerator:807 - code generatio: config db path: C:\ST\STM32CubeIDE_1.14.1\STM32CubeIDE\plugins\com.st.stm32cube.common.mx_6.10.0.202311202037\\db\
2024-08-02 10:37:02,757 [INFO] CodeEngine:255 - oldGeneratedFile, C:\Users\conne\STM32CubeIDE\workspace_1.14.1\uga_int_gpio\MXTmpFiles\license.tmp_save
2024-08-02 10:37:02,907 [INFO] CodeEngine:279 - Generated code: C:\Users\conne\STM32CubeIDE\workspace_1.14.1\uga_int_gpio\MXTmpFiles\license.tmp
2024-08-02 10:37:02,960 [INFO] CodeEngine:255 - oldGeneratedFile, C:\Users\conne\STM32CubeIDE\workspace_1.14.1\uga_int_gpio\MXTmpFiles\gpio.tmp_save
2024-08-02 10:37:03,017 [INFO] CodeEngine:279 - Generated code: C:\Users\conne\STM32CubeIDE\workspace_1.14.1\uga_int_gpio\MXTmpFiles\gpio.tmp
2024-08-02 10:37:03,033 [INFO] CodeEngine:255 - oldGeneratedFile, C:\Users\conne\STM32CubeIDE\workspace_1.14.1\uga_int_gpio\Core\Src\stm32f4xx_it.c_save
2024-08-02 10:37:03,201 [INFO] CodeEngine:279 - Generated code: C:\Users\conne\STM32CubeIDE\workspace_1.14.1\uga_int_gpio\Core\Src\stm32f4xx_it.c
2024-08-02 10:37:03,208 [INFO] CodeEngine:255 - oldGeneratedFile, C:\Users\conne\STM32CubeIDE\workspace_1.14.1\uga_int_gpio\Core\Inc\stm32f4xx_it.h_save
2024-08-02 10:37:03,325 [INFO] CodeEngine:279 - Generated code: C:\Users\conne\STM32CubeIDE\workspace_1.14.1\uga_int_gpio\Core\Inc\stm32f4xx_it.h
2024-08-02 10:37:03,351 [INFO] CodeEngine:255 - oldGeneratedFile, C:\Users\conne\STM32CubeIDE\workspace_1.14.1\uga_int_gpio\Core\Src\stm32f4xx_hal_msp.c_save
2024-08-02 10:37:03,479 [INFO] CodeEngine:279 - Generated code: C:\Users\conne\STM32CubeIDE\workspace_1.14.1\uga_int_gpio\Core\Src\stm32f4xx_hal_msp.c
2024-08-02 10:37:03,484 [INFO] CodeEngine:255 - oldGeneratedFile, C:\Users\conne\STM32CubeIDE\workspace_1.14.1\uga_int_gpio\MXTmpFiles\system.tmp_save
2024-08-02 10:37:03,561 [INFO] CodeEngine:279 - Generated code: C:\Users\conne\STM32CubeIDE\workspace_1.14.1\uga_int_gpio\MXTmpFiles\system.tmp
2024-08-02 10:37:03,581 [INFO] CodeEngine:311 - oldGeneratedFile, C:\Users\conne\STM32CubeIDE\workspace_1.14.1\uga_int_gpio\Core\Inc\stm32f4xx_hal_conf.h_save
2024-08-02 10:37:03,658 [INFO] CodeEngine:335 - Generated code: C:\Users\conne\STM32CubeIDE\workspace_1.14.1\uga_int_gpio\Core\Inc\stm32f4xx_hal_conf.h
2024-08-02 10:37:03,686 [INFO] CodeEngine:255 - oldGeneratedFile, C:\Users\conne\STM32CubeIDE\workspace_1.14.1\uga_int_gpio\Core\Inc\main.h_save
2024-08-02 10:37:03,744 [INFO] CodeEngine:279 - Generated code: C:\Users\conne\STM32CubeIDE\workspace_1.14.1\uga_int_gpio\Core\Inc\main.h
2024-08-02 10:37:03,755 [INFO] CodeEngine:255 - oldGeneratedFile, C:\Users\conne\STM32CubeIDE\workspace_1.14.1\uga_int_gpio\Core\Src\main.c_save
2024-08-02 10:37:03,823 [INFO] CodeEngine:279 - Generated code: C:\Users\conne\STM32CubeIDE\workspace_1.14.1\uga_int_gpio\Core\Src\main.c
2024-08-02 10:37:04,403 [INFO] ProjectBuilder:3076 - Time for Copy HAL[1] : 238mS.
2024-08-02 10:37:04,410 [INFO] ProjectBuilder:4485 - Project Generator version: 4.2.0-B44
2024-08-02 10:37:04,607 [INFO] ConfigFileManager:1495 - The Die is : DIE413
2024-08-02 10:37:05,814 [INFO] ProjectBuilder:4747 - Time for Generating toolchain IDE Files: 1405mS.
2024-08-02 10:37:05,815 [INFO] ProjectBuilder:2947 - Time for Copy CMSIS : 1mS.
2024-08-02 10:37:05,820 [INFO] ProjectBuilder:2947 - Time for Copy CMSIS : 0mS.
2024-08-02 11:29:47,976 [INFO] MainUpdater:2873 - connection check result : 10
2024-08-02 11:29:47,976 [INFO] MainUpdater:2873 - connection check result : 10
2024-08-02 11:29:47,987 [INFO] MicroXplorer:468 - Change Database Path : 
2024-08-02 11:29:47,987 [INFO] MicroXplorer:498 - Change Database Version : DB.6.0.100
2024-08-02 11:29:47,991 [ERROR] ProjectManagerView:394 - 
java.lang.NullPointerException: Cannot invoke "javax.swing.JTextField.getText()" because the return value of "java.util.List.get(int)" is null
	at com.st.microxplorer.plugins.projectmanager.gui.ProjectChoiceTab$10.caretUpdate(ProjectChoiceTab.java:2493) ~[filemanager.jar:?]
	at javax.swing.text.JTextComponent.fireCaretUpdate(JTextComponent.java:412) ~[?:?]
	at javax.swing.text.JTextComponent$MutableCaretEvent.fire(JTextComponent.java:4491) ~[?:?]
	at javax.swing.text.JTextComponent$MutableCaretEvent.stateChanged(JTextComponent.java:4513) ~[?:?]
	at javax.swing.text.DefaultCaret.fireStateChanged(DefaultCaret.java:842) ~[?:?]
	at javax.swing.text.DefaultCaret.changeCaretPosition(DefaultCaret.java:1313) ~[?:?]
	at javax.swing.text.DefaultCaret.handleSetDot(DefaultCaret.java:1212) ~[?:?]
	at javax.swing.text.DefaultCaret.setDot(DefaultCaret.java:1193) ~[?:?]
	at javax.swing.text.DefaultCaret$Handler.insertUpdate(DefaultCaret.java:1789) ~[?:?]
	at javax.swing.text.AbstractDocument.fireInsertUpdate(AbstractDocument.java:226) ~[?:?]
	at javax.swing.text.AbstractDocument.handleInsertString(AbstractDocument.java:780) ~[?:?]
	at javax.swing.text.AbstractDocument.insertString(AbstractDocument.java:739) ~[?:?]
	at javax.swing.text.PlainDocument.insertString(PlainDocument.java:131) ~[?:?]
	at javax.swing.text.AbstractDocument.replace(AbstractDocument.java:698) ~[?:?]
	at javax.swing.text.JTextComponent.setText(JTextComponent.java:1729) ~[?:?]
	at com.st.microxplorer.plugins.projectmanager.gui.ProjectChoiceTab.createHeapStackFields(ProjectChoiceTab.java:933) ~[filemanager.jar:?]
	at com.st.microxplorer.plugins.projectmanager.gui.ProjectChoiceTab.buildLinkSettingsPanel(ProjectChoiceTab.java:3426) ~[filemanager.jar:?]
	at com.st.microxplorer.plugins.projectmanager.gui.ProjectChoiceTab.defineWindowsFields(ProjectChoiceTab.java:1813) ~[filemanager.jar:?]
	at com.st.microxplorer.plugins.projectmanager.gui.ProjectChoiceTab.updateSettings(ProjectChoiceTab.java:533) ~[filemanager.jar:?]
	at com.st.microxplorer.plugins.projectmanager.gui.ProjectSettingsPanel.UpdateDialog(ProjectSettingsPanel.java:244) ~[filemanager.jar:?]
	at com.st.microxplorer.plugins.projectmanager.ProjectManagerView.propertyChange(ProjectManagerView.java:391) ~[filemanager.jar:?]
	at java.beans.PropertyChangeSupport.fire(PropertyChangeSupport.java:343) ~[?:?]
	at java.beans.PropertyChangeSupport.firePropertyChange(PropertyChangeSupport.java:335) ~[?:?]
	at java.beans.PropertyChangeSupport.firePropertyChange(PropertyChangeSupport.java:268) ~[?:?]
	at com.st.microxplorer.util.MXPropertyChangeSupport.firePropertyChange(MXPropertyChangeSupport.java:54) ~[STM32CubeMX.jar:?]
	at com.st.microxplorer.mxsystem.MxSystem.closeConfig(MxSystem.java:900) ~[STM32CubeMX.jar:?]
	at com.st.microxplorer.maingui.MainPanel.closeConfig(MainPanel.java:776) ~[STM32CubeMX.jar:?]
	at com.st.microxplorer.plugins.filemanager.engine.OpenFileManager.loadConfigurationFile(OpenFileManager.java:245) ~[filemanager.jar:?]
	at com.st.microxplorer.plugins.filemanager.engine.MainFileManager.userLoadConfig(MainFileManager.java:290) ~[filemanager.jar:?]
	at com.st.microxplorer.plugins.filemanager.FileManagerView.getSpecificTask(FileManagerView.java:247) ~[filemanager.jar:?]
	at com.st.stm32cube.common.mx.editor.CubeMxEditor.getMxTabbedPaneInstance(CubeMxEditor.java:1184) ~[com.st.stm32cube.common.mx_6.10.0.202311202037/:?]
	at com.st.stm32cube.common.mx.editor.CubeMxEditor$12$1.createSwingComponent(CubeMxEditor.java:1065) ~[com.st.stm32cube.common.mx_6.10.0.202311202037/:?]
	at com.st.stm32cube.common.mx.oss.core.awtswtbridge.EmbeddedSwingComposite.doComponentCreation(EmbeddedSwingComposite.java:492) ~[com.st.stm32cube.common.mx.oss_6.10.0.202311202037/:?]
	at com.st.stm32cube.common.mx.oss.core.awtswtbridge.EmbeddedSwingComposite$4.run(EmbeddedSwingComposite.java:291) ~[com.st.stm32cube.common.mx.oss_6.10.0.202311202037/:?]
	at com.st.stm32cube.common.mx.oss.core.awtswtbridge.AwtEnvironment$2.run(AwtEnvironment.java:166) ~[com.st.stm32cube.common.mx.oss_6.10.0.202311202037/:?]
	at java.awt.event.InvocationEvent.dispatch(InvocationEvent.java:318) ~[?:?]
	at java.awt.EventQueue.dispatchEventImpl(EventQueue.java:773) ~[?:?]
	at java.awt.EventQueue$4.run(EventQueue.java:720) ~[?:?]
	at java.awt.EventQueue$4.run(EventQueue.java:714) ~[?:?]
	at java.security.AccessController.doPrivileged(AccessController.java:399) ~[?:?]
	at java.security.ProtectionDomain$JavaSecurityAccessImpl.doIntersectionPrivilege(ProtectionDomain.java:86) ~[?:?]
	at java.awt.EventQueue.dispatchEvent(EventQueue.java:742) ~[?:?]
	at java.awt.EventDispatchThread.pumpOneEventForFilters(EventDispatchThread.java:203) ~[?:?]
	at java.awt.EventDispatchThread.pumpEventsForFilter(EventDispatchThread.java:124) ~[?:?]
	at java.awt.EventDispatchThread.pumpEventsForHierarchy(EventDispatchThread.java:113) ~[?:?]
	at java.awt.EventDispatchThread.pumpEvents(EventDispatchThread.java:109) ~[?:?]
	at java.awt.EventDispatchThread.pumpEvents(EventDispatchThread.java:101) ~[?:?]
	at java.awt.EventDispatchThread.run(EventDispatchThread.java:90) ~[?:?]
2024-08-02 11:29:47,992 [WARN] ThirdParty:871 - waiting for thirdparty lock release [close project]
2024-08-02 11:29:47,992 [INFO] ThirdParty:873 - entering critical section [close project]
2024-08-02 11:29:47,992 [INFO] ThirdParty:883 - exiting critical section [close project]
2024-08-02 11:29:47,993 [INFO] PinOutPanel:1499 - setPackage(No Configuration,No Configuration)
2024-08-02 11:29:47,997 [WARN] IpParametersView:151 - Warning: This peripheral hasn't parameters
2024-08-02 11:29:48,001 [WARN] MainPanel:272 - <html><b><center>Warning: This peripheral has no parameters to be configured<br></b></html>
2024-08-02 11:29:48,004 [INFO] UtilMem:75 - Begin LoadConfig() Used Memory: 736257272 Bytes (1073741824)
2024-08-02 11:29:48,004 [INFO] MicroXplorer:468 - Change Database Path : 
2024-08-02 11:29:48,004 [INFO] MicroXplorer:498 - Change Database Version : DB.6.0.100
2024-08-02 11:29:48,004 [INFO] OpenFileManager:312 - Change cursor
2024-08-02 11:29:48,018 [INFO] RulesReader:64 - Compatibility file has been processed (297 Rules)
2024-08-02 11:29:48,020 [INFO] Mcu:2016 - Initializing MCU STM32F407V(E-G)Tx STM32F407VGTx STM32F407VGT6
2024-08-02 11:29:48,957 [INFO] Context:659 - Trying to add GPIOservice into a context  which must be forbidden
2024-08-02 11:29:49,141 [INFO] RtosManager:555 - Registered RTOS mode: class=CMSIS, group=RTOS, mode=CMSIS_V1, owner=FREERTOS
2024-08-02 11:29:49,142 [INFO] RtosManager:555 - Registered RTOS mode: class=CMSIS, group=RTOS2, mode=CMSIS_V2, owner=FREERTOS
2024-08-02 11:29:49,142 [INFO] RtosManager:555 - Registered RTOS mode: class=RTOS, group=Core, mode=CMSIS_V1, owner=FREERTOS
2024-08-02 11:29:49,142 [INFO] RtosManager:555 - Registered RTOS mode: class=RTOS, group=Core, mode=CMSIS_V2, owner=FREERTOS
2024-08-02 11:29:49,142 [WARN] ModelIntegratedComponent:184 - Missing modes for component STMicroelectronics:FreeRTOS:0.0.1:STMicroelectronics:RTOS:FreeRTOS:Core:::10.2.0:
2024-08-02 11:29:49,145 [WARN] ModelIntegratedComponent:63 - No mode defined for component null
2024-08-02 11:29:49,145 [WARN] ModelIntegratedComponent:63 - No mode defined for component null
2024-08-02 11:29:49,145 [WARN] ModelIntegratedComponent:63 - No mode defined for component null
2024-08-02 11:29:49,145 [WARN] ModelIntegratedComponent:63 - No mode defined for component null
2024-08-02 11:29:49,145 [WARN] ModelIntegratedComponent:63 - No mode defined for component null
2024-08-02 11:29:49,145 [WARN] ModelIntegratedComponent:63 - No mode defined for component null
2024-08-02 11:29:49,145 [WARN] ModelIntegratedComponent:63 - No mode defined for component null
2024-08-02 11:29:49,145 [WARN] ModelIntegratedComponent:63 - No mode defined for component null
2024-08-02 11:29:49,145 [WARN] ModelIntegratedComponent:63 - No mode defined for component null
2024-08-02 11:29:49,145 [WARN] ModelIntegratedComponent:63 - No mode defined for component null
2024-08-02 11:29:49,145 [WARN] ModelIntegratedComponent:63 - No mode defined for component null
2024-08-02 11:29:49,145 [WARN] ModelIntegratedComponent:63 - No mode defined for component null
2024-08-02 11:29:49,145 [WARN] ModelIntegratedComponent:63 - No mode defined for component null
2024-08-02 11:29:49,145 [WARN] ModelIntegratedComponent:63 - No mode defined for component null
2024-08-02 11:29:49,145 [WARN] ModelIntegratedComponent:63 - No mode defined for component null
2024-08-02 11:29:49,145 [WARN] ModelIntegratedComponent:63 - No mode defined for component null
2024-08-02 11:29:49,145 [WARN] ModelIntegratedComponent:63 - No mode defined for component null
2024-08-02 11:29:49,145 [WARN] ModelIntegratedComponent:63 - No mode defined for component null
2024-08-02 11:29:49,145 [WARN] ModelIntegratedComponent:63 - No mode defined for component null
2024-08-02 11:29:49,145 [WARN] ModelIntegratedComponent:63 - No mode defined for component null
2024-08-02 11:29:49,145 [WARN] ModelIntegratedComponent:63 - No mode defined for component null
2024-08-02 11:29:49,145 [WARN] ModelIntegratedComponent:63 - No mode defined for component null
2024-08-02 11:29:49,145 [WARN] ModelIntegratedComponent:63 - No mode defined for component null
2024-08-02 11:29:49,145 [WARN] ModelIntegratedComponent:63 - No mode defined for component null
2024-08-02 11:29:49,145 [WARN] ModelIntegratedComponent:63 - No mode defined for component null
2024-08-02 11:29:49,145 [WARN] ModelIntegratedComponent:63 - No mode defined for component null
2024-08-02 11:29:49,145 [WARN] ModelIntegratedComponent:63 - No mode defined for component null
2024-08-02 11:29:49,145 [WARN] ModelIntegratedComponent:63 - No mode defined for component null
2024-08-02 11:29:49,146 [WARN] ModelIntegratedComponent:63 - No mode defined for component null
2024-08-02 11:29:49,146 [WARN] ModelIntegratedComponent:63 - No mode defined for component null
2024-08-02 11:29:49,146 [WARN] ModelIntegratedComponent:63 - No mode defined for component null
2024-08-02 11:29:49,146 [WARN] ModelIntegratedComponent:63 - No mode defined for component null
2024-08-02 11:29:49,146 [WARN] ModelIntegratedComponent:63 - No mode defined for component null
2024-08-02 11:29:49,192 [INFO] ThirdPartyModel:298 - Start build external matchings
2024-08-02 11:29:49,734 [INFO] ThirdPartyModel:316 - End build external matchings
2024-08-02 11:29:49,740 [INFO] ImportTextPane:194 - (OptionalMessage_ERROR) IP (RCC) : Parameter (RTCHSEDivFreq_Value) has invalid value (12500000)
2024-08-02 11:29:49,906 [INFO] UtilMem:75 - End LoadConfig() Used Memory: 855227168 Bytes (1073741824)
2024-08-02 11:29:49,951 [INFO] MicroXplorer:468 - Change Database Path : 
2024-08-02 11:29:49,951 [INFO] MicroXplorer:498 - Change Database Version : DB.6.0.100
2024-08-02 11:29:49,952 [WARN] ThirdParty:833 - waiting for thirdparty lock release [change project]
2024-08-02 11:29:49,952 [INFO] ThirdParty:835 - entering critical section [change project]
2024-08-02 11:29:49,952 [INFO] ThirdParty:1030 - CMSIS Pack Vendor :STMicroelectronics USBPD 4.1
2024-08-02 11:29:49,952 [INFO] ThirdParty:1030 - CMSIS Pack Vendor :STMicroelectronics X-CUBE-GNSS1 6.0.0
2024-08-02 11:29:49,952 [INFO] ThirdParty:1030 - CMSIS Pack Vendor :STMicroelectronics USB_HOST 2.0.0
2024-08-02 11:29:49,952 [INFO] ThirdParty:1030 - CMSIS Pack Vendor :STMicroelectronics FP-SNS-MOTENVWB1 1.4.0
2024-08-02 11:29:49,952 [INFO] ThirdParty:1030 - CMSIS Pack Vendor :STMicroelectronics X-CUBE-AZRTOS-F4 1.1.0
2024-08-02 11:29:49,952 [INFO] ThirdParty:1030 - CMSIS Pack Vendor :STMicroelectronics LIBJPEG 8.0.0
2024-08-02 11:29:49,952 [INFO] ThirdParty:1030 - CMSIS Pack Vendor :STMicroelectronics X-CUBE-SMBUS 2.1.0
2024-08-02 11:29:49,952 [INFO] ThirdParty:1030 - CMSIS Pack Vendor :STMicroelectronics USB_DEVICE 3.0.0
2024-08-02 11:29:49,952 [INFO] ThirdParty:1030 - CMSIS Pack Vendor :STMicroelectronics X-CUBE-TCPP 4.1.0
2024-08-02 11:29:49,952 [INFO] ThirdParty:1030 - CMSIS Pack Vendor :STMicroelectronics X-CUBE-FREERTOS 1.2.0
2024-08-02 11:29:49,952 [INFO] ThirdParty:1030 - CMSIS Pack Vendor :STMicroelectronics X-CUBE-AZRTOS-WB 2.0.0
2024-08-02 11:29:49,952 [INFO] ThirdParty:1030 - CMSIS Pack Vendor :wolfSSL I-CUBE-wolfSSL 5.6.6
2024-08-02 11:29:49,952 [INFO] ThirdParty:1030 - CMSIS Pack Vendor :STMicroelectronics X-CUBE-TOUCHGFX 4.23.1
2024-08-02 11:29:49,952 [INFO] ThirdParty:1030 - CMSIS Pack Vendor :STMicroelectronics X-CUBE-TOUCHGFX 4.23.0
2024-08-02 11:29:49,952 [INFO] ThirdParty:1030 - CMSIS Pack Vendor :STMicroelectronics X-CUBE-TOUCHGFX 4.23.2
2024-08-02 11:29:49,952 [INFO] ThirdParty:1030 - CMSIS Pack Vendor :STMicroelectronics X-CUBE-AZRTOS-F7 1.1.0
2024-08-02 11:29:49,952 [INFO] ThirdParty:1030 - CMSIS Pack Vendor :STMicroelectronics X-CUBE-AZRTOS-L5 2.0.0
2024-08-02 11:29:49,952 [INFO] ThirdParty:1030 - CMSIS Pack Vendor :STMicroelectronics USB_DEVICE 2.0.0
2024-08-02 11:29:49,952 [INFO] ThirdParty:1030 - CMSIS Pack Vendor :STMicroelectronics X-CUBE-NFC6 3.1.0
2024-08-02 11:29:49,952 [INFO] ThirdParty:1030 - CMSIS Pack Vendor :ITTIA_DB I-CUBE-ITTIADB 8.8.0
2024-08-02 11:29:49,952 [INFO] ThirdParty:1030 - CMSIS Pack Vendor :STMicroelectronics FP-SNS-STBOX1 2.0.0
2024-08-02 11:29:49,952 [INFO] ThirdParty:1030 - CMSIS Pack Vendor :STMicroelectronics FP-SNS-MOTENV1 4.3.2
2024-08-02 11:29:49,952 [INFO] ThirdParty:1030 - CMSIS Pack Vendor :STMicroelectronics X-CUBE-ALGOBUILD 1.3.0
2024-08-02 11:29:49,952 [INFO] ThirdParty:1030 - CMSIS Pack Vendor :STMicroelectronics FreeRTOS 0.0.1
2024-08-02 11:29:49,952 [INFO] ThirdParty:1030 - CMSIS Pack Vendor :STMicroelectronics X-CUBE-AZRTOS-G0 1.1.0
2024-08-02 11:29:49,952 [INFO] ThirdParty:1030 - CMSIS Pack Vendor :STMicroelectronics X-CUBE-SAFEA1 1.2.2
2024-08-02 11:29:49,952 [INFO] ThirdParty:1030 - CMSIS Pack Vendor :STMicroelectronics X-CUBE-NFC4 3.0.0
2024-08-02 11:29:49,952 [INFO] ThirdParty:1030 - CMSIS Pack Vendor :STMicroelectronics X-CUBE-DPower 1.2.0
2024-08-02 11:29:49,952 [INFO] ThirdParty:1030 - CMSIS Pack Vendor :STMicroelectronics X-CUBE-SUBG2 5.0.0
2024-08-02 11:29:49,952 [INFO] ThirdParty:1030 - CMSIS Pack Vendor :STMicroelectronics STM32_WPAN 1.0.0
2024-08-02 11:29:49,952 [INFO] ThirdParty:1030 - CMSIS Pack Vendor :EmbeddedOffice I-CUBE-FS-RTOS 1.0.1
2024-08-02 11:29:49,952 [INFO] ThirdParty:1030 - CMSIS Pack Vendor :STMicroelectronics lwIP 2.0.3
2024-08-02 11:29:49,952 [INFO] ThirdParty:1030 - CMSIS Pack Vendor :STMicroelectronics FP-SNS-FLIGHT1 5.0.2
2024-08-02 11:29:49,952 [INFO] ThirdParty:1030 - CMSIS Pack Vendor :Cesanta I-CUBE-Mongoose 7.13.0
2024-08-02 11:29:49,952 [INFO] ThirdParty:1030 - CMSIS Pack Vendor :STMicroelectronics USB_HOST 1.0.0
2024-08-02 11:29:49,952 [INFO] ThirdParty:1030 - CMSIS Pack Vendor :STMicroelectronics X-CUBE-AI 9.0.0
2024-08-02 11:29:49,952 [INFO] ThirdParty:1030 - CMSIS Pack Vendor :STMicroelectronics X-CUBE-AZRTOS-G4 2.0.0
2024-08-02 11:29:49,952 [INFO] ThirdParty:1030 - CMSIS Pack Vendor :STMicroelectronics PDM2PCM 3.1.0
2024-08-02 11:29:49,952 [INFO] ThirdParty:1030 - CMSIS Pack Vendor :Infineon AIROC-Wi-Fi-Bluetooth-STM32 1.5.1
2024-08-02 11:29:49,952 [INFO] ThirdParty:1030 - CMSIS Pack Vendor :STMicroelectronics PDM2PCM 3.3.0
2024-08-02 11:29:49,952 [INFO] ThirdParty:1030 - CMSIS Pack Vendor :STMicroelectronics X-CUBE-DISPLAY 3.0.0
2024-08-02 11:29:49,952 [INFO] ThirdParty:1030 - CMSIS Pack Vendor :RealThread X-CUBE-RT-Thread_Nano 4.1.1
2024-08-02 11:29:49,952 [INFO] ThirdParty:1030 - CMSIS Pack Vendor :STMicroelectronics FP-SNS-MOTENVWB1 1.3.1
2024-08-02 11:29:49,952 [INFO] ThirdParty:1030 - CMSIS Pack Vendor :STMicroelectronics X-CUBE-BLE1 7.0.0
2024-08-02 11:29:49,952 [INFO] ThirdParty:1030 - CMSIS Pack Vendor :STMicroelectronics FP-ATR-SIGFOX1 3.2.0
2024-08-02 11:29:49,952 [INFO] ThirdParty:1030 - CMSIS Pack Vendor :STMicroelectronics X-CUBE-ISPU 2.0.0
2024-08-02 11:29:49,952 [INFO] ThirdParty:1030 - CMSIS Pack Vendor :STMicroelectronics X-CUBE-EEPRMA1 5.1.0
2024-08-02 11:29:49,952 [INFO] ThirdParty:1030 - CMSIS Pack Vendor :STMicroelectronics HAL Drivers 0.0.0
2024-08-02 11:29:49,952 [INFO] ThirdParty:1030 - CMSIS Pack Vendor :STMicroelectronics MBEDTLS 2.16.2
2024-08-02 11:29:49,952 [INFO] ThirdParty:1030 - CMSIS Pack Vendor :STMicroelectronics X-CUBE-ALS 1.0.2
2024-08-02 11:29:49,952 [INFO] ThirdParty:1030 - CMSIS Pack Vendor :emotas I-CUBE-CANOPEN 1.3.0
2024-08-02 11:29:49,952 [INFO] ThirdParty:1030 - CMSIS Pack Vendor :STMicroelectronics X-CUBE-MEMS1 10.0.0
2024-08-02 11:29:49,952 [INFO] ThirdParty:1030 - CMSIS Pack Vendor :STMicroelectronics X-CUBE-FREERTOS 1.1.0
2024-08-02 11:29:49,952 [INFO] ThirdParty:1030 - CMSIS Pack Vendor :STMicroelectronics X-CUBE-NFC7 1.0.1
2024-08-02 11:29:49,952 [INFO] ThirdParty:1030 - CMSIS Pack Vendor :STMicroelectronics MBEDTLS 2.14.1
2024-08-02 11:29:49,952 [INFO] ThirdParty:1030 - CMSIS Pack Vendor :STMicroelectronics X-CUBE-TOUCHGFX 4.24.0
2024-08-02 11:29:49,952 [INFO] ThirdParty:1030 - CMSIS Pack Vendor :wolfSSL I-CUBE-wolfTPM 3.2.0
2024-08-02 11:29:49,952 [INFO] ThirdParty:1030 - CMSIS Pack Vendor :STMicroelectronics X-CUBE-NFC6 3.0.0
2024-08-02 11:29:49,952 [INFO] ThirdParty:1030 - CMSIS Pack Vendor :portGmbH I-Cube-SoM-uGOAL 1.1.0
2024-08-02 11:29:49,952 [INFO] ThirdParty:1030 - CMSIS Pack Vendor :STMicroelectronics X-CUBE-ALS 1.0.1
2024-08-02 11:29:49,952 [INFO] ThirdParty:1030 - CMSIS Pack Vendor :STMicroelectronics X-CUBE-BLEMGR 3.1.0
2024-08-02 11:29:49,952 [INFO] ThirdParty:1030 - CMSIS Pack Vendor :STMicroelectronics ThreadX 1.0.0
2024-08-02 11:29:49,952 [INFO] ThirdParty:1030 - CMSIS Pack Vendor :STMicroelectronics FP-SNS-SMARTAG2 1.2.0
2024-08-02 11:29:49,952 [INFO] ThirdParty:1030 - CMSIS Pack Vendor :STMicroelectronics X-CUBE-AZRTOS-WL 2.0.0
2024-08-02 11:29:49,952 [INFO] ThirdParty:1030 - CMSIS Pack Vendor :SEGGER I-CUBE-embOS 1.3.1
2024-08-02 11:29:49,952 [INFO] ThirdParty:1030 - CMSIS Pack Vendor :STMicroelectronics X-CUBE-ALGOBUILD 1.4.0
2024-08-02 11:29:49,952 [INFO] ThirdParty:1030 - CMSIS Pack Vendor :STMicroelectronics FP-SNS-MOTENV1 5.0.0
2024-08-02 11:29:49,952 [INFO] ThirdParty:1030 - CMSIS Pack Vendor :STMicroelectronics USB_DEVICE 1.0.0
2024-08-02 11:29:49,952 [INFO] ThirdParty:1030 - CMSIS Pack Vendor :STMicroelectronics X-CUBE-AI 8.1.0
2024-08-02 11:29:49,952 [INFO] ThirdParty:1030 - CMSIS Pack Vendor :STMicroelectronics X-CUBE-AZRTOS-H7RS 1.0.0
2024-08-02 11:29:49,952 [INFO] ThirdParty:1030 - CMSIS Pack Vendor :wolfSSL I-CUBE-wolfMQTT 1.19.0
2024-08-02 11:29:49,952 [INFO] ThirdParty:1030 - CMSIS Pack Vendor :STMicroelectronics X-CUBE-AZRTOS-L4 2.0.0
2024-08-02 11:29:49,952 [INFO] ThirdParty:1030 - CMSIS Pack Vendor :STMicroelectronics ThreadX 0.0.2
2024-08-02 11:29:49,952 [INFO] ThirdParty:1030 - CMSIS Pack Vendor :WES I-CUBE-Cesium 1.3.0
2024-08-02 11:29:49,952 [INFO] ThirdParty:1030 - CMSIS Pack Vendor :STMicroelectronics FP-ATR-ASTRA1 2.0.0
2024-08-02 11:29:49,952 [INFO] ThirdParty:1030 - CMSIS Pack Vendor :STMicroelectronics lwIP 2.1.2
2024-08-02 11:29:49,952 [INFO] ThirdParty:1030 - CMSIS Pack Vendor :STMicroelectronics X-CUBE-SFXS2LP1 4.0.0
2024-08-02 11:29:49,952 [INFO] ThirdParty:1030 - CMSIS Pack Vendor :STMicroelectronics X-CUBE-BLE2 3.3.0
2024-08-02 11:29:49,952 [INFO] ThirdParty:1030 - CMSIS Pack Vendor :STMicroelectronics X-CUBE-TOF1 3.4.2
2024-08-02 11:29:49,952 [INFO] ThirdParty:1030 - CMSIS Pack Vendor :STMicroelectronics X-CUBE-TOF1 3.4.0
2024-08-02 11:29:49,952 [INFO] ThirdParty:1030 - CMSIS Pack Vendor :STMicroelectronics X-CUBE-TOF1 3.4.1
2024-08-02 11:29:49,952 [INFO] ThirdParty:1030 - CMSIS Pack Vendor :STMicroelectronics X-CUBE-AZRTOS-H7 3.2.0
2024-08-02 11:29:49,952 [INFO] ThirdParty:1030 - CMSIS Pack Vendor :STMicroelectronics PDM2PCM 3.2.0
2024-08-02 11:29:49,952 [INFO] ThirdParty:1030 - CMSIS Pack Vendor :wolfSSL I-CUBE-wolfSSH 1.4.17
2024-08-02 11:29:49,953 [INFO] ThirdParty:841 - exiting critical section [change project]
2024-08-02 11:29:50,106 [INFO] PinOutPanel:1499 - setPackage(No Configuration,No Configuration)
2024-08-02 11:29:50,107 [INFO] PinOutPanel:1499 - setPackage(STM32F407VGTx,LQFP100)
2024-08-02 11:29:50,328 [INFO] UtilMem:75 - Before build in PCC Used Memory: 868301456 Bytes (1073741824)
2024-08-02 11:29:50,528 [INFO] UtilMem:75 - After build in PCC Used Memory: 913398280 Bytes (1073741824)
2024-08-02 11:29:50,541 [INFO] IPUIPlugin:80 - create IPUIPlugin
2024-08-02 11:29:50,541 [INFO] IPUIPlugin:80 - create IPUIPlugin
2024-08-02 11:29:50,541 [INFO] IPUIPlugin:80 - create IPUIPlugin
2024-08-02 11:29:50,541 [INFO] IPUIPlugin:80 - create IPUIPlugin
2024-08-02 11:29:50,541 [INFO] IPUIPlugin:80 - create IPUIPlugin
2024-08-02 11:29:50,541 [INFO] IPUIPlugin:80 - create IPUIPlugin
2024-08-02 11:29:50,541 [INFO] IPUIPlugin:80 - create IPUIPlugin
2024-08-02 11:29:50,541 [INFO] IPUIPlugin:80 - create IPUIPlugin
2024-08-02 11:29:50,541 [INFO] IPUIPlugin:80 - create IPUIPlugin
2024-08-02 11:29:50,541 [INFO] IPUIPlugin:80 - create IPUIPlugin
2024-08-02 11:29:50,541 [INFO] IPUIPlugin:80 - create IPUIPlugin
2024-08-02 11:29:50,542 [INFO] IPUIPlugin:80 - create IPUIPlugin
2024-08-02 11:29:50,542 [INFO] IPUIPlugin:80 - create IPUIPlugin
2024-08-02 11:29:50,542 [INFO] IPUIPlugin:80 - create IPUIPlugin
2024-08-02 11:29:50,542 [INFO] IPUIPlugin:80 - create IPUIPlugin
2024-08-02 11:29:50,542 [INFO] IPUIPlugin:80 - create IPUIPlugin
2024-08-02 11:29:50,542 [INFO] IPUIPlugin:80 - create IPUIPlugin
2024-08-02 11:29:50,542 [INFO] IPUIPlugin:80 - create IPUIPlugin
2024-08-02 11:29:50,542 [INFO] IPUIPlugin:80 - create IPUIPlugin
2024-08-02 11:29:50,542 [INFO] IPUIPlugin:80 - create IPUIPlugin
2024-08-02 11:29:50,542 [INFO] IPUIPlugin:80 - create IPUIPlugin
2024-08-02 11:29:50,542 [INFO] IPUIPlugin:80 - create IPUIPlugin
2024-08-02 11:29:50,542 [INFO] IPUIPlugin:80 - create IPUIPlugin
2024-08-02 11:29:50,542 [INFO] IPUIPlugin:80 - create IPUIPlugin
2024-08-02 11:29:50,542 [INFO] IPUIPlugin:80 - create IPUIPlugin
2024-08-02 11:29:50,542 [INFO] IPUIPlugin:80 - create IPUIPlugin
2024-08-02 11:29:50,542 [INFO] IPUIPlugin:80 - create IPUIPlugin
2024-08-02 11:29:50,542 [INFO] IPUIPlugin:80 - create IPUIPlugin
2024-08-02 11:29:50,542 [INFO] IPUIPlugin:80 - create IPUIPlugin
2024-08-02 11:29:50,543 [INFO] IPUIPlugin:80 - create IPUIPlugin
2024-08-02 11:29:50,543 [INFO] IPUIPlugin:80 - create IPUIPlugin
2024-08-02 11:29:50,543 [INFO] IPUIPlugin:80 - create IPUIPlugin
2024-08-02 11:29:50,543 [INFO] IPUIPlugin:80 - create IPUIPlugin
2024-08-02 11:29:50,543 [INFO] IPUIPlugin:80 - create IPUIPlugin
2024-08-02 11:29:50,543 [INFO] IPUIPlugin:80 - create IPUIPlugin
2024-08-02 11:29:50,543 [INFO] IPUIPlugin:80 - create IPUIPlugin
2024-08-02 11:29:50,543 [INFO] IPUIPlugin:80 - create IPUIPlugin
2024-08-02 11:29:50,543 [INFO] IPUIPlugin:80 - create IPUIPlugin
2024-08-02 11:29:50,543 [INFO] IPUIPlugin:80 - create IPUIPlugin
2024-08-02 11:29:50,543 [INFO] IPUIPlugin:80 - create IPUIPlugin
2024-08-02 11:29:50,543 [INFO] IPUIPlugin:80 - create IPUIPlugin
2024-08-02 11:29:50,544 [INFO] IPUIPlugin:80 - create IPUIPlugin
2024-08-02 11:29:50,544 [INFO] IPUIPlugin:80 - create IPUIPlugin
2024-08-02 11:29:50,544 [INFO] IPUIPlugin:80 - create IPUIPlugin
2024-08-02 11:29:50,544 [INFO] IPUIPlugin:80 - create IPUIPlugin
2024-08-02 11:29:50,544 [INFO] IPUIPlugin:80 - create IPUIPlugin
2024-08-02 11:29:50,544 [INFO] IPUIPlugin:80 - create IPUIPlugin
2024-08-02 11:29:50,544 [INFO] IPUIPlugin:80 - create IPUIPlugin
2024-08-02 11:29:50,544 [INFO] IPUIPlugin:80 - create IPUIPlugin
2024-08-02 11:29:50,544 [INFO] IPUIPlugin:80 - create IPUIPlugin
2024-08-02 11:29:50,544 [INFO] IPUIPlugin:80 - create IPUIPlugin
2024-08-02 11:29:50,545 [INFO] IPUIPlugin:80 - create IPUIPlugin
2024-08-02 11:29:50,545 [INFO] IPUIPlugin:80 - create IPUIPlugin
2024-08-02 11:29:50,545 [INFO] IPUIPlugin:80 - create IPUIPlugin
2024-08-02 11:29:50,545 [INFO] IPUIPlugin:80 - create IPUIPlugin
2024-08-02 11:29:50,545 [INFO] IPUIPlugin:80 - create IPUIPlugin
2024-08-02 11:29:50,546 [INFO] IPUIPlugin:80 - create IPUIPlugin
2024-08-02 11:29:50,546 [INFO] IPUIPlugin:80 - create IPUIPlugin
2024-08-02 11:29:50,547 [INFO] ApiDbMcu:508 - Load IP Config File for PDM2PCM
2024-08-02 11:29:50,562 [INFO] CADModel:165 - CPN selected for project levelSTM32F407VGT6
2024-08-02 11:29:50,562 [INFO] CADModel:114 - Register for checkConnection events
2024-08-02 11:29:50,612 [INFO] OpenFileManager:343 - Restore cursor
2024-08-02 11:30:00,859 [INFO] Gpio:277 - dependency for GPIO [RCC, SYS]
2024-08-02 11:30:12,452 [INFO] Gpio:277 - dependency for GPIO [RCC, SYS]
2024-08-02 11:30:12,469 [INFO] NvicIntPanel:101 - NVIC parent = com.st.microxplorer.plugins.ip.nvic.MultiNvicIntPanel[,0,0,0x0,invalid,layout=javax.swing.BoxLayout,alignmentX=0.0,alignmentY=0.0,border=,flags=9,maximumSize=,minimumSize=,preferredSize=]
2024-08-02 11:30:36,049 [INFO] UtilMem:75 - End SaveConfig() Used Memory: 696775400 Bytes (1073741824)
2024-08-02 11:30:38,610 [INFO] UtilMem:75 - End SaveConfig() Used Memory: 846199528 Bytes (1073741824)
2024-08-02 11:30:38,773 [INFO] BlockDiagram:2759 - set Specific Code input for plugin: SYS
2024-08-02 11:30:38,774 [INFO] BlockDiagram:2759 - set Specific Code input for plugin: RCC
2024-08-02 11:30:38,774 [INFO] BlockDiagram:2759 - set Specific Code input for plugin: NVIC
2024-08-02 11:30:38,774 [INFO] BlockDiagram:2759 - set Specific Code input for plugin: GPIO
2024-08-02 11:30:38,775 [INFO] CodeGenerator:807 - code generatio: config db path: C:\ST\STM32CubeIDE_1.14.1\STM32CubeIDE\plugins\com.st.stm32cube.common.mx_6.10.0.202311202037\\db\
2024-08-02 11:30:38,938 [INFO] CodeEngine:255 - oldGeneratedFile, C:\Users\conne\STM32CubeIDE\workspace_1.14.1\uga_int_gpio\MXTmpFiles\license.tmp_save
2024-08-02 11:30:39,085 [INFO] CodeEngine:279 - Generated code: C:\Users\conne\STM32CubeIDE\workspace_1.14.1\uga_int_gpio\MXTmpFiles\license.tmp
2024-08-02 11:30:39,135 [INFO] CodeEngine:255 - oldGeneratedFile, C:\Users\conne\STM32CubeIDE\workspace_1.14.1\uga_int_gpio\MXTmpFiles\gpio.tmp_save
2024-08-02 11:30:39,242 [INFO] CodeEngine:279 - Generated code: C:\Users\conne\STM32CubeIDE\workspace_1.14.1\uga_int_gpio\MXTmpFiles\gpio.tmp
2024-08-02 11:30:39,267 [INFO] CodeEngine:255 - oldGeneratedFile, C:\Users\conne\STM32CubeIDE\workspace_1.14.1\uga_int_gpio\Core\Src\stm32f4xx_it.c_save
2024-08-02 11:30:39,436 [INFO] CodeEngine:279 - Generated code: C:\Users\conne\STM32CubeIDE\workspace_1.14.1\uga_int_gpio\Core\Src\stm32f4xx_it.c
2024-08-02 11:30:39,447 [INFO] CodeEngine:255 - oldGeneratedFile, C:\Users\conne\STM32CubeIDE\workspace_1.14.1\uga_int_gpio\Core\Inc\stm32f4xx_it.h_save
2024-08-02 11:30:39,492 [INFO] CodeEngine:279 - Generated code: C:\Users\conne\STM32CubeIDE\workspace_1.14.1\uga_int_gpio\Core\Inc\stm32f4xx_it.h
2024-08-02 11:30:39,508 [INFO] CodeEngine:255 - oldGeneratedFile, C:\Users\conne\STM32CubeIDE\workspace_1.14.1\uga_int_gpio\Core\Src\stm32f4xx_hal_msp.c_save
2024-08-02 11:30:39,567 [INFO] CodeEngine:279 - Generated code: C:\Users\conne\STM32CubeIDE\workspace_1.14.1\uga_int_gpio\Core\Src\stm32f4xx_hal_msp.c
2024-08-02 11:30:39,570 [INFO] CodeEngine:255 - oldGeneratedFile, C:\Users\conne\STM32CubeIDE\workspace_1.14.1\uga_int_gpio\MXTmpFiles\system.tmp_save
2024-08-02 11:30:39,609 [INFO] CodeEngine:279 - Generated code: C:\Users\conne\STM32CubeIDE\workspace_1.14.1\uga_int_gpio\MXTmpFiles\system.tmp
2024-08-02 11:30:39,622 [INFO] CodeEngine:311 - oldGeneratedFile, C:\Users\conne\STM32CubeIDE\workspace_1.14.1\uga_int_gpio\Core\Inc\stm32f4xx_hal_conf.h_save
2024-08-02 11:30:39,685 [INFO] CodeEngine:335 - Generated code: C:\Users\conne\STM32CubeIDE\workspace_1.14.1\uga_int_gpio\Core\Inc\stm32f4xx_hal_conf.h
2024-08-02 11:30:39,716 [INFO] CodeEngine:255 - oldGeneratedFile, C:\Users\conne\STM32CubeIDE\workspace_1.14.1\uga_int_gpio\Core\Inc\main.h_save
2024-08-02 11:30:39,768 [INFO] CodeEngine:279 - Generated code: C:\Users\conne\STM32CubeIDE\workspace_1.14.1\uga_int_gpio\Core\Inc\main.h
2024-08-02 11:30:39,778 [INFO] CodeEngine:255 - oldGeneratedFile, C:\Users\conne\STM32CubeIDE\workspace_1.14.1\uga_int_gpio\Core\Src\main.c_save
2024-08-02 11:30:39,896 [INFO] CodeEngine:279 - Generated code: C:\Users\conne\STM32CubeIDE\workspace_1.14.1\uga_int_gpio\Core\Src\main.c
2024-08-02 11:30:40,402 [INFO] ProjectBuilder:3076 - Time for Copy HAL[1] : 134mS.
2024-08-02 11:30:40,404 [INFO] ProjectBuilder:4485 - Project Generator version: 4.2.0-B44
2024-08-02 11:30:40,757 [INFO] ConfigFileManager:1495 - The Die is : DIE413
2024-08-02 11:30:40,761 [INFO] ApiDbMcu:508 - Load IP Config File for FATFS
2024-08-02 11:30:40,768 [INFO] ApiDbMcu:508 - Load IP Config File for FREERTOS
2024-08-02 11:30:40,770 [INFO] ApiDbMcu:508 - Load IP Config File for LIBJPEG
2024-08-02 11:30:40,778 [INFO] ApiDbMcu:508 - Load IP Config File for LWIP
2024-08-02 11:30:40,784 [INFO] ApiDbMcu:508 - Load IP Config File for MBEDTLS
2024-08-02 11:30:40,791 [INFO] ApiDbMcu:508 - Load IP Config File for USB_DEVICE
2024-08-02 11:30:40,795 [INFO] ApiDbMcu:508 - Load IP Config File for USB_HOST
2024-08-02 11:30:42,132 [INFO] ProjectBuilder:4747 - Time for Generating toolchain IDE Files: 1728mS.
2024-08-02 11:30:42,133 [INFO] ProjectBuilder:2947 - Time for Copy CMSIS : 1mS.
2024-08-02 11:30:42,136 [INFO] ProjectBuilder:2947 - Time for Copy CMSIS : 0mS.
2024-08-02 14:29:14,329 [INFO] MainUpdater:2873 - connection check result : 10
2024-08-02 14:29:14,411 [INFO] McuFinderGlobals:76 - Set McuFinderConnectedMode to true
2024-08-02 14:29:14,415 [INFO] MultiScanPanel:200 - Auto-refresh data requested => check proxy status ongoing
2024-08-02 14:29:14,415 [INFO] FinderPluginLoader:95 - Searching for filters in installed packs
2024-08-02 14:29:15,282 [INFO] LoadUrlFilesThread:185 - End of LoadServerUrlFiles without Thread
2024-08-02 14:29:15,283 [INFO] DetailPanel:341 - Set advertising image to C:/Users/conne/STM32Cube/Repository/\en.prom-stm32h7rs-mcu-finder.jpg
2024-08-02 14:30:42,363 [INFO] MainUpdater:2873 - connection check result : 10
2024-08-02 14:30:42,363 [INFO] MainUpdater:2873 - connection check result : 10
2024-08-02 14:30:42,387 [INFO] MicroXplorer:468 - Change Database Path : 
2024-08-02 14:30:42,387 [INFO] MicroXplorer:498 - Change Database Version : DB.6.0.100
2024-08-02 14:30:42,412 [ERROR] ProjectManagerView:394 - 
java.lang.NullPointerException: Cannot invoke "javax.swing.JTextField.getText()" because the return value of "java.util.List.get(int)" is null
	at com.st.microxplorer.plugins.projectmanager.gui.ProjectChoiceTab$10.caretUpdate(ProjectChoiceTab.java:2493) ~[filemanager.jar:?]
	at javax.swing.text.JTextComponent.fireCaretUpdate(JTextComponent.java:412) ~[?:?]
	at javax.swing.text.JTextComponent$MutableCaretEvent.fire(JTextComponent.java:4491) ~[?:?]
	at javax.swing.text.JTextComponent$MutableCaretEvent.stateChanged(JTextComponent.java:4513) ~[?:?]
	at javax.swing.text.DefaultCaret.fireStateChanged(DefaultCaret.java:842) ~[?:?]
	at javax.swing.text.DefaultCaret.changeCaretPosition(DefaultCaret.java:1313) ~[?:?]
	at javax.swing.text.DefaultCaret.handleSetDot(DefaultCaret.java:1212) ~[?:?]
	at javax.swing.text.DefaultCaret.setDot(DefaultCaret.java:1193) ~[?:?]
	at javax.swing.text.DefaultCaret$Handler.insertUpdate(DefaultCaret.java:1789) ~[?:?]
	at javax.swing.text.AbstractDocument.fireInsertUpdate(AbstractDocument.java:226) ~[?:?]
	at javax.swing.text.AbstractDocument.handleInsertString(AbstractDocument.java:780) ~[?:?]
	at javax.swing.text.AbstractDocument.insertString(AbstractDocument.java:739) ~[?:?]
	at javax.swing.text.PlainDocument.insertString(PlainDocument.java:131) ~[?:?]
	at javax.swing.text.AbstractDocument.replace(AbstractDocument.java:698) ~[?:?]
	at javax.swing.text.JTextComponent.setText(JTextComponent.java:1729) ~[?:?]
	at com.st.microxplorer.plugins.projectmanager.gui.ProjectChoiceTab.createHeapStackFields(ProjectChoiceTab.java:933) ~[filemanager.jar:?]
	at com.st.microxplorer.plugins.projectmanager.gui.ProjectChoiceTab.buildLinkSettingsPanel(ProjectChoiceTab.java:3426) ~[filemanager.jar:?]
	at com.st.microxplorer.plugins.projectmanager.gui.ProjectChoiceTab.defineWindowsFields(ProjectChoiceTab.java:1813) ~[filemanager.jar:?]
	at com.st.microxplorer.plugins.projectmanager.gui.ProjectChoiceTab.updateSettings(ProjectChoiceTab.java:533) ~[filemanager.jar:?]
	at com.st.microxplorer.plugins.projectmanager.gui.ProjectSettingsPanel.UpdateDialog(ProjectSettingsPanel.java:244) ~[filemanager.jar:?]
	at com.st.microxplorer.plugins.projectmanager.ProjectManagerView.propertyChange(ProjectManagerView.java:391) ~[filemanager.jar:?]
	at java.beans.PropertyChangeSupport.fire(PropertyChangeSupport.java:343) ~[?:?]
	at java.beans.PropertyChangeSupport.firePropertyChange(PropertyChangeSupport.java:335) ~[?:?]
	at java.beans.PropertyChangeSupport.firePropertyChange(PropertyChangeSupport.java:268) ~[?:?]
	at com.st.microxplorer.util.MXPropertyChangeSupport.firePropertyChange(MXPropertyChangeSupport.java:54) ~[STM32CubeMX.jar:?]
	at com.st.microxplorer.mxsystem.MxSystem.closeConfig(MxSystem.java:900) ~[STM32CubeMX.jar:?]
	at com.st.microxplorer.maingui.MainPanel.closeConfig(MainPanel.java:776) ~[STM32CubeMX.jar:?]
	at com.st.microxplorer.plugins.filemanager.engine.OpenFileManager.loadConfigurationFile(OpenFileManager.java:245) ~[filemanager.jar:?]
	at com.st.microxplorer.plugins.filemanager.engine.MainFileManager.userLoadConfig(MainFileManager.java:290) ~[filemanager.jar:?]
	at com.st.microxplorer.plugins.filemanager.FileManagerView.getSpecificTask(FileManagerView.java:247) ~[filemanager.jar:?]
	at com.st.stm32cube.common.mx.editor.CubeMxEditor.getMxTabbedPaneInstance(CubeMxEditor.java:1184) ~[com.st.stm32cube.common.mx_6.10.0.202311202037/:?]
	at com.st.stm32cube.common.mx.editor.CubeMxEditor$12$1.createSwingComponent(CubeMxEditor.java:1065) ~[com.st.stm32cube.common.mx_6.10.0.202311202037/:?]
	at com.st.stm32cube.common.mx.oss.core.awtswtbridge.EmbeddedSwingComposite.doComponentCreation(EmbeddedSwingComposite.java:492) ~[com.st.stm32cube.common.mx.oss_6.10.0.202311202037/:?]
	at com.st.stm32cube.common.mx.oss.core.awtswtbridge.EmbeddedSwingComposite$4.run(EmbeddedSwingComposite.java:291) ~[com.st.stm32cube.common.mx.oss_6.10.0.202311202037/:?]
	at com.st.stm32cube.common.mx.oss.core.awtswtbridge.AwtEnvironment$2.run(AwtEnvironment.java:166) ~[com.st.stm32cube.common.mx.oss_6.10.0.202311202037/:?]
	at java.awt.event.InvocationEvent.dispatch(InvocationEvent.java:318) ~[?:?]
	at java.awt.EventQueue.dispatchEventImpl(EventQueue.java:773) ~[?:?]
	at java.awt.EventQueue$4.run(EventQueue.java:720) ~[?:?]
	at java.awt.EventQueue$4.run(EventQueue.java:714) ~[?:?]
	at java.security.AccessController.doPrivileged(AccessController.java:399) ~[?:?]
	at java.security.ProtectionDomain$JavaSecurityAccessImpl.doIntersectionPrivilege(ProtectionDomain.java:86) ~[?:?]
	at java.awt.EventQueue.dispatchEvent(EventQueue.java:742) ~[?:?]
	at java.awt.EventDispatchThread.pumpOneEventForFilters(EventDispatchThread.java:203) ~[?:?]
	at java.awt.EventDispatchThread.pumpEventsForFilter(EventDispatchThread.java:124) ~[?:?]
	at java.awt.EventDispatchThread.pumpEventsForHierarchy(EventDispatchThread.java:113) ~[?:?]
	at java.awt.EventDispatchThread.pumpEvents(EventDispatchThread.java:109) ~[?:?]
	at java.awt.EventDispatchThread.pumpEvents(EventDispatchThread.java:101) ~[?:?]
	at java.awt.EventDispatchThread.run(EventDispatchThread.java:90) ~[?:?]
2024-08-02 14:30:42,414 [WARN] ThirdParty:871 - waiting for thirdparty lock release [close project]
2024-08-02 14:30:42,414 [INFO] ThirdParty:873 - entering critical section [close project]
2024-08-02 14:30:42,414 [INFO] ThirdParty:883 - exiting critical section [close project]
2024-08-02 14:30:42,417 [INFO] PinOutPanel:1499 - setPackage(No Configuration,No Configuration)
2024-08-02 14:30:42,427 [WARN] IpParametersView:151 - Warning: This peripheral hasn't parameters
2024-08-02 14:30:42,452 [WARN] MainPanel:272 - <html><b><center>Warning: This peripheral has no parameters to be configured<br></b></html>
2024-08-02 14:30:42,455 [INFO] UtilMem:75 - Begin LoadConfig() Used Memory: 710636792 Bytes (1073741824)
2024-08-02 14:30:42,455 [INFO] MicroXplorer:468 - Change Database Path : 
2024-08-02 14:30:42,455 [INFO] MicroXplorer:498 - Change Database Version : DB.6.0.100
2024-08-02 14:30:42,455 [INFO] OpenFileManager:312 - Change cursor
2024-08-02 14:30:42,484 [INFO] RulesReader:64 - Compatibility file has been processed (297 Rules)
2024-08-02 14:30:42,502 [INFO] Mcu:2016 - Initializing MCU STM32F407VGTx STM32F407VGTx STM32F407VGT6
2024-08-02 14:30:44,209 [INFO] Context:659 - Trying to add GPIOservice into a context  which must be forbidden
2024-08-02 14:30:44,362 [INFO] ImportTextPane:194 - (OptionalMessage_ERROR) Unable to find key (Mcu.ThirdPartyNb) in loaded IOC file
2024-08-02 14:30:44,362 [INFO] ImportTextPane:194 - (OptionalMessage_ERROR) Unable to find key (Mcu.PinsNb) in loaded IOC file
2024-08-02 14:30:44,362 [INFO] ImportTextPane:194 - (OptionalMessage_ERROR) Unable to find key (Mcu.IPNb) in loaded IOC file
2024-08-02 14:30:44,374 [INFO] RtosManager:555 - Registered RTOS mode: class=CMSIS, group=RTOS, mode=CMSIS_V1, owner=FREERTOS
2024-08-02 14:30:44,374 [INFO] RtosManager:555 - Registered RTOS mode: class=CMSIS, group=RTOS2, mode=CMSIS_V2, owner=FREERTOS
2024-08-02 14:30:44,374 [INFO] RtosManager:555 - Registered RTOS mode: class=RTOS, group=Core, mode=CMSIS_V1, owner=FREERTOS
2024-08-02 14:30:44,374 [INFO] RtosManager:555 - Registered RTOS mode: class=RTOS, group=Core, mode=CMSIS_V2, owner=FREERTOS
2024-08-02 14:30:44,374 [WARN] ModelIntegratedComponent:184 - Missing modes for component STMicroelectronics:FreeRTOS:0.0.1:STMicroelectronics:RTOS:FreeRTOS:Core:::10.2.0:
2024-08-02 14:30:44,378 [WARN] ModelIntegratedComponent:63 - No mode defined for component null
2024-08-02 14:30:44,378 [WARN] ModelIntegratedComponent:63 - No mode defined for component null
2024-08-02 14:30:44,378 [WARN] ModelIntegratedComponent:63 - No mode defined for component null
2024-08-02 14:30:44,378 [WARN] ModelIntegratedComponent:63 - No mode defined for component null
2024-08-02 14:30:44,378 [WARN] ModelIntegratedComponent:63 - No mode defined for component null
2024-08-02 14:30:44,378 [WARN] ModelIntegratedComponent:63 - No mode defined for component null
2024-08-02 14:30:44,378 [WARN] ModelIntegratedComponent:63 - No mode defined for component null
2024-08-02 14:30:44,378 [WARN] ModelIntegratedComponent:63 - No mode defined for component null
2024-08-02 14:30:44,378 [WARN] ModelIntegratedComponent:63 - No mode defined for component null
2024-08-02 14:30:44,378 [WARN] ModelIntegratedComponent:63 - No mode defined for component null
2024-08-02 14:30:44,378 [WARN] ModelIntegratedComponent:63 - No mode defined for component null
2024-08-02 14:30:44,378 [WARN] ModelIntegratedComponent:63 - No mode defined for component null
2024-08-02 14:30:44,378 [WARN] ModelIntegratedComponent:63 - No mode defined for component null
2024-08-02 14:30:44,378 [WARN] ModelIntegratedComponent:63 - No mode defined for component null
2024-08-02 14:30:44,378 [WARN] ModelIntegratedComponent:63 - No mode defined for component null
2024-08-02 14:30:44,378 [WARN] ModelIntegratedComponent:63 - No mode defined for component null
2024-08-02 14:30:44,378 [WARN] ModelIntegratedComponent:63 - No mode defined for component null
2024-08-02 14:30:44,378 [WARN] ModelIntegratedComponent:63 - No mode defined for component null
2024-08-02 14:30:44,378 [WARN] ModelIntegratedComponent:63 - No mode defined for component null
2024-08-02 14:30:44,378 [WARN] ModelIntegratedComponent:63 - No mode defined for component null
2024-08-02 14:30:44,378 [WARN] ModelIntegratedComponent:63 - No mode defined for component null
2024-08-02 14:30:44,378 [WARN] ModelIntegratedComponent:63 - No mode defined for component null
2024-08-02 14:30:44,378 [WARN] ModelIntegratedComponent:63 - No mode defined for component null
2024-08-02 14:30:44,378 [WARN] ModelIntegratedComponent:63 - No mode defined for component null
2024-08-02 14:30:44,378 [WARN] ModelIntegratedComponent:63 - No mode defined for component null
2024-08-02 14:30:44,378 [WARN] ModelIntegratedComponent:63 - No mode defined for component null
2024-08-02 14:30:44,378 [WARN] ModelIntegratedComponent:63 - No mode defined for component null
2024-08-02 14:30:44,378 [WARN] ModelIntegratedComponent:63 - No mode defined for component null
2024-08-02 14:30:44,378 [WARN] ModelIntegratedComponent:63 - No mode defined for component null
2024-08-02 14:30:44,378 [WARN] ModelIntegratedComponent:63 - No mode defined for component null
2024-08-02 14:30:44,378 [WARN] ModelIntegratedComponent:63 - No mode defined for component null
2024-08-02 14:30:44,378 [WARN] ModelIntegratedComponent:63 - No mode defined for component null
2024-08-02 14:30:44,378 [WARN] ModelIntegratedComponent:63 - No mode defined for component null
2024-08-02 14:30:44,446 [INFO] ThirdPartyModel:298 - Start build external matchings
2024-08-02 14:30:45,052 [INFO] ThirdPartyModel:316 - End build external matchings
2024-08-02 14:30:45,247 [INFO] UtilMem:75 - End LoadConfig() Used Memory: 735045192 Bytes (1073741824)
2024-08-02 14:30:45,304 [INFO] MicroXplorer:468 - Change Database Path : 
2024-08-02 14:30:45,304 [INFO] MicroXplorer:498 - Change Database Version : DB.6.0.100
2024-08-02 14:30:45,305 [WARN] ThirdParty:833 - waiting for thirdparty lock release [change project]
2024-08-02 14:30:45,305 [INFO] ThirdParty:835 - entering critical section [change project]
2024-08-02 14:30:45,305 [INFO] ThirdParty:1030 - CMSIS Pack Vendor :STMicroelectronics USBPD 4.1
2024-08-02 14:30:45,305 [INFO] ThirdParty:1030 - CMSIS Pack Vendor :STMicroelectronics X-CUBE-GNSS1 6.0.0
2024-08-02 14:30:45,305 [INFO] ThirdParty:1030 - CMSIS Pack Vendor :STMicroelectronics USB_HOST 2.0.0
2024-08-02 14:30:45,305 [INFO] ThirdParty:1030 - CMSIS Pack Vendor :STMicroelectronics FP-SNS-MOTENVWB1 1.4.0
2024-08-02 14:30:45,305 [INFO] ThirdParty:1030 - CMSIS Pack Vendor :STMicroelectronics X-CUBE-AZRTOS-F4 1.1.0
2024-08-02 14:30:45,305 [INFO] ThirdParty:1030 - CMSIS Pack Vendor :STMicroelectronics LIBJPEG 8.0.0
2024-08-02 14:30:45,305 [INFO] ThirdParty:1030 - CMSIS Pack Vendor :STMicroelectronics X-CUBE-SMBUS 2.1.0
2024-08-02 14:30:45,305 [INFO] ThirdParty:1030 - CMSIS Pack Vendor :STMicroelectronics USB_DEVICE 3.0.0
2024-08-02 14:30:45,305 [INFO] ThirdParty:1030 - CMSIS Pack Vendor :STMicroelectronics X-CUBE-TCPP 4.1.0
2024-08-02 14:30:45,305 [INFO] ThirdParty:1030 - CMSIS Pack Vendor :STMicroelectronics X-CUBE-FREERTOS 1.2.0
2024-08-02 14:30:45,305 [INFO] ThirdParty:1030 - CMSIS Pack Vendor :STMicroelectronics X-CUBE-AZRTOS-WB 2.0.0
2024-08-02 14:30:45,305 [INFO] ThirdParty:1030 - CMSIS Pack Vendor :wolfSSL I-CUBE-wolfSSL 5.6.6
2024-08-02 14:30:45,305 [INFO] ThirdParty:1030 - CMSIS Pack Vendor :STMicroelectronics X-CUBE-TOUCHGFX 4.23.1
2024-08-02 14:30:45,305 [INFO] ThirdParty:1030 - CMSIS Pack Vendor :STMicroelectronics X-CUBE-TOUCHGFX 4.23.0
2024-08-02 14:30:45,305 [INFO] ThirdParty:1030 - CMSIS Pack Vendor :STMicroelectronics X-CUBE-TOUCHGFX 4.23.2
2024-08-02 14:30:45,305 [INFO] ThirdParty:1030 - CMSIS Pack Vendor :STMicroelectronics X-CUBE-AZRTOS-F7 1.1.0
2024-08-02 14:30:45,305 [INFO] ThirdParty:1030 - CMSIS Pack Vendor :STMicroelectronics X-CUBE-AZRTOS-L5 2.0.0
2024-08-02 14:30:45,305 [INFO] ThirdParty:1030 - CMSIS Pack Vendor :STMicroelectronics USB_DEVICE 2.0.0
2024-08-02 14:30:45,305 [INFO] ThirdParty:1030 - CMSIS Pack Vendor :STMicroelectronics X-CUBE-NFC6 3.1.0
2024-08-02 14:30:45,305 [INFO] ThirdParty:1030 - CMSIS Pack Vendor :ITTIA_DB I-CUBE-ITTIADB 8.8.0
2024-08-02 14:30:45,306 [INFO] ThirdParty:1030 - CMSIS Pack Vendor :STMicroelectronics FP-SNS-STBOX1 2.0.0
2024-08-02 14:30:45,306 [INFO] ThirdParty:1030 - CMSIS Pack Vendor :STMicroelectronics FP-SNS-MOTENV1 4.3.2
2024-08-02 14:30:45,306 [INFO] ThirdParty:1030 - CMSIS Pack Vendor :STMicroelectronics X-CUBE-ALGOBUILD 1.3.0
2024-08-02 14:30:45,306 [INFO] ThirdParty:1030 - CMSIS Pack Vendor :STMicroelectronics FreeRTOS 0.0.1
2024-08-02 14:30:45,306 [INFO] ThirdParty:1030 - CMSIS Pack Vendor :STMicroelectronics X-CUBE-AZRTOS-G0 1.1.0
2024-08-02 14:30:45,306 [INFO] ThirdParty:1030 - CMSIS Pack Vendor :STMicroelectronics X-CUBE-SAFEA1 1.2.2
2024-08-02 14:30:45,306 [INFO] ThirdParty:1030 - CMSIS Pack Vendor :STMicroelectronics X-CUBE-NFC4 3.0.0
2024-08-02 14:30:45,306 [INFO] ThirdParty:1030 - CMSIS Pack Vendor :STMicroelectronics X-CUBE-DPower 1.2.0
2024-08-02 14:30:45,306 [INFO] ThirdParty:1030 - CMSIS Pack Vendor :STMicroelectronics X-CUBE-SUBG2 5.0.0
2024-08-02 14:30:45,306 [INFO] ThirdParty:1030 - CMSIS Pack Vendor :STMicroelectronics STM32_WPAN 1.0.0
2024-08-02 14:30:45,306 [INFO] ThirdParty:1030 - CMSIS Pack Vendor :EmbeddedOffice I-CUBE-FS-RTOS 1.0.1
2024-08-02 14:30:45,306 [INFO] ThirdParty:1030 - CMSIS Pack Vendor :STMicroelectronics lwIP 2.0.3
2024-08-02 14:30:45,306 [INFO] ThirdParty:1030 - CMSIS Pack Vendor :STMicroelectronics FP-SNS-FLIGHT1 5.0.2
2024-08-02 14:30:45,306 [INFO] ThirdParty:1030 - CMSIS Pack Vendor :Cesanta I-CUBE-Mongoose 7.13.0
2024-08-02 14:30:45,306 [INFO] ThirdParty:1030 - CMSIS Pack Vendor :STMicroelectronics USB_HOST 1.0.0
2024-08-02 14:30:45,306 [INFO] ThirdParty:1030 - CMSIS Pack Vendor :STMicroelectronics X-CUBE-AI 9.0.0
2024-08-02 14:30:45,306 [INFO] ThirdParty:1030 - CMSIS Pack Vendor :STMicroelectronics X-CUBE-AZRTOS-G4 2.0.0
2024-08-02 14:30:45,306 [INFO] ThirdParty:1030 - CMSIS Pack Vendor :STMicroelectronics PDM2PCM 3.1.0
2024-08-02 14:30:45,306 [INFO] ThirdParty:1030 - CMSIS Pack Vendor :Infineon AIROC-Wi-Fi-Bluetooth-STM32 1.5.1
2024-08-02 14:30:45,306 [INFO] ThirdParty:1030 - CMSIS Pack Vendor :STMicroelectronics PDM2PCM 3.3.0
2024-08-02 14:30:45,307 [INFO] ThirdParty:1030 - CMSIS Pack Vendor :STMicroelectronics X-CUBE-DISPLAY 3.0.0
2024-08-02 14:30:45,307 [INFO] ThirdParty:1030 - CMSIS Pack Vendor :RealThread X-CUBE-RT-Thread_Nano 4.1.1
2024-08-02 14:30:45,307 [INFO] ThirdParty:1030 - CMSIS Pack Vendor :STMicroelectronics FP-SNS-MOTENVWB1 1.3.1
2024-08-02 14:30:45,307 [INFO] ThirdParty:1030 - CMSIS Pack Vendor :STMicroelectronics X-CUBE-BLE1 7.0.0
2024-08-02 14:30:45,307 [INFO] ThirdParty:1030 - CMSIS Pack Vendor :STMicroelectronics FP-ATR-SIGFOX1 3.2.0
2024-08-02 14:30:45,307 [INFO] ThirdParty:1030 - CMSIS Pack Vendor :STMicroelectronics X-CUBE-ISPU 2.0.0
2024-08-02 14:30:45,307 [INFO] ThirdParty:1030 - CMSIS Pack Vendor :STMicroelectronics X-CUBE-EEPRMA1 5.1.0
2024-08-02 14:30:45,307 [INFO] ThirdParty:1030 - CMSIS Pack Vendor :STMicroelectronics HAL Drivers 0.0.0
2024-08-02 14:30:45,307 [INFO] ThirdParty:1030 - CMSIS Pack Vendor :STMicroelectronics MBEDTLS 2.16.2
2024-08-02 14:30:45,307 [INFO] ThirdParty:1030 - CMSIS Pack Vendor :STMicroelectronics X-CUBE-ALS 1.0.2
2024-08-02 14:30:45,307 [INFO] ThirdParty:1030 - CMSIS Pack Vendor :emotas I-CUBE-CANOPEN 1.3.0
2024-08-02 14:30:45,307 [INFO] ThirdParty:1030 - CMSIS Pack Vendor :STMicroelectronics X-CUBE-MEMS1 10.0.0
2024-08-02 14:30:45,307 [INFO] ThirdParty:1030 - CMSIS Pack Vendor :STMicroelectronics X-CUBE-FREERTOS 1.1.0
2024-08-02 14:30:45,307 [INFO] ThirdParty:1030 - CMSIS Pack Vendor :STMicroelectronics X-CUBE-NFC7 1.0.1
2024-08-02 14:30:45,307 [INFO] ThirdParty:1030 - CMSIS Pack Vendor :STMicroelectronics MBEDTLS 2.14.1
2024-08-02 14:30:45,307 [INFO] ThirdParty:1030 - CMSIS Pack Vendor :STMicroelectronics X-CUBE-TOUCHGFX 4.24.0
2024-08-02 14:30:45,307 [INFO] ThirdParty:1030 - CMSIS Pack Vendor :wolfSSL I-CUBE-wolfTPM 3.2.0
2024-08-02 14:30:45,307 [INFO] ThirdParty:1030 - CMSIS Pack Vendor :STMicroelectronics X-CUBE-NFC6 3.0.0
2024-08-02 14:30:45,307 [INFO] ThirdParty:1030 - CMSIS Pack Vendor :portGmbH I-Cube-SoM-uGOAL 1.1.0
2024-08-02 14:30:45,307 [INFO] ThirdParty:1030 - CMSIS Pack Vendor :STMicroelectronics X-CUBE-ALS 1.0.1
2024-08-02 14:30:45,307 [INFO] ThirdParty:1030 - CMSIS Pack Vendor :STMicroelectronics X-CUBE-BLEMGR 3.1.0
2024-08-02 14:30:45,307 [INFO] ThirdParty:1030 - CMSIS Pack Vendor :STMicroelectronics ThreadX 1.0.0
2024-08-02 14:30:45,307 [INFO] ThirdParty:1030 - CMSIS Pack Vendor :STMicroelectronics FP-SNS-SMARTAG2 1.2.0
2024-08-02 14:30:45,307 [INFO] ThirdParty:1030 - CMSIS Pack Vendor :STMicroelectronics X-CUBE-AZRTOS-WL 2.0.0
2024-08-02 14:30:45,308 [INFO] ThirdParty:1030 - CMSIS Pack Vendor :SEGGER I-CUBE-embOS 1.3.1
2024-08-02 14:30:45,308 [INFO] ThirdParty:1030 - CMSIS Pack Vendor :STMicroelectronics X-CUBE-ALGOBUILD 1.4.0
2024-08-02 14:30:45,308 [INFO] ThirdParty:1030 - CMSIS Pack Vendor :STMicroelectronics FP-SNS-MOTENV1 5.0.0
2024-08-02 14:30:45,308 [INFO] ThirdParty:1030 - CMSIS Pack Vendor :STMicroelectronics USB_DEVICE 1.0.0
2024-08-02 14:30:45,308 [INFO] ThirdParty:1030 - CMSIS Pack Vendor :STMicroelectronics X-CUBE-AI 8.1.0
2024-08-02 14:30:45,308 [INFO] ThirdParty:1030 - CMSIS Pack Vendor :STMicroelectronics X-CUBE-AZRTOS-H7RS 1.0.0
2024-08-02 14:30:45,308 [INFO] ThirdParty:1030 - CMSIS Pack Vendor :wolfSSL I-CUBE-wolfMQTT 1.19.0
2024-08-02 14:30:45,308 [INFO] ThirdParty:1030 - CMSIS Pack Vendor :STMicroelectronics X-CUBE-AZRTOS-L4 2.0.0
2024-08-02 14:30:45,308 [INFO] ThirdParty:1030 - CMSIS Pack Vendor :STMicroelectronics ThreadX 0.0.2
2024-08-02 14:30:45,308 [INFO] ThirdParty:1030 - CMSIS Pack Vendor :WES I-CUBE-Cesium 1.3.0
2024-08-02 14:30:45,308 [INFO] ThirdParty:1030 - CMSIS Pack Vendor :STMicroelectronics FP-ATR-ASTRA1 2.0.0
2024-08-02 14:30:45,308 [INFO] ThirdParty:1030 - CMSIS Pack Vendor :STMicroelectronics lwIP 2.1.2
2024-08-02 14:30:45,308 [INFO] ThirdParty:1030 - CMSIS Pack Vendor :STMicroelectronics X-CUBE-SFXS2LP1 4.0.0
2024-08-02 14:30:45,308 [INFO] ThirdParty:1030 - CMSIS Pack Vendor :STMicroelectronics X-CUBE-BLE2 3.3.0
2024-08-02 14:30:45,308 [INFO] ThirdParty:1030 - CMSIS Pack Vendor :STMicroelectronics X-CUBE-TOF1 3.4.2
2024-08-02 14:30:45,308 [INFO] ThirdParty:1030 - CMSIS Pack Vendor :STMicroelectronics X-CUBE-TOF1 3.4.0
2024-08-02 14:30:45,308 [INFO] ThirdParty:1030 - CMSIS Pack Vendor :STMicroelectronics X-CUBE-TOF1 3.4.1
2024-08-02 14:30:45,308 [INFO] ThirdParty:1030 - CMSIS Pack Vendor :STMicroelectronics X-CUBE-AZRTOS-H7 3.2.0
2024-08-02 14:30:45,308 [INFO] ThirdParty:1030 - CMSIS Pack Vendor :STMicroelectronics PDM2PCM 3.2.0
2024-08-02 14:30:45,308 [INFO] ThirdParty:1030 - CMSIS Pack Vendor :wolfSSL I-CUBE-wolfSSH 1.4.17
2024-08-02 14:30:45,309 [INFO] ThirdParty:841 - exiting critical section [change project]
2024-08-02 14:30:45,566 [INFO] PinOutPanel:1499 - setPackage(No Configuration,No Configuration)
2024-08-02 14:30:45,569 [INFO] PinOutPanel:1499 - setPackage(STM32F407VGTx,LQFP100)
2024-08-02 14:30:45,785 [INFO] UtilMem:75 - Before build in PCC Used Memory: 710194864 Bytes (1073741824)
2024-08-02 14:30:45,969 [INFO] UtilMem:75 - After build in PCC Used Memory: 711470936 Bytes (1073741824)
2024-08-02 14:30:45,994 [INFO] IPUIPlugin:80 - create IPUIPlugin
2024-08-02 14:30:45,994 [INFO] IPUIPlugin:80 - create IPUIPlugin
2024-08-02 14:30:45,994 [INFO] IPUIPlugin:80 - create IPUIPlugin
2024-08-02 14:30:45,994 [INFO] IPUIPlugin:80 - create IPUIPlugin
2024-08-02 14:30:45,994 [INFO] IPUIPlugin:80 - create IPUIPlugin
2024-08-02 14:30:45,995 [INFO] IPUIPlugin:80 - create IPUIPlugin
2024-08-02 14:30:45,995 [INFO] IPUIPlugin:80 - create IPUIPlugin
2024-08-02 14:30:45,995 [INFO] IPUIPlugin:80 - create IPUIPlugin
2024-08-02 14:30:45,995 [INFO] IPUIPlugin:80 - create IPUIPlugin
2024-08-02 14:30:45,995 [INFO] IPUIPlugin:80 - create IPUIPlugin
2024-08-02 14:30:45,995 [INFO] IPUIPlugin:80 - create IPUIPlugin
2024-08-02 14:30:45,995 [INFO] IPUIPlugin:80 - create IPUIPlugin
2024-08-02 14:30:45,995 [INFO] IPUIPlugin:80 - create IPUIPlugin
2024-08-02 14:30:45,995 [INFO] IPUIPlugin:80 - create IPUIPlugin
2024-08-02 14:30:45,995 [INFO] IPUIPlugin:80 - create IPUIPlugin
2024-08-02 14:30:45,995 [INFO] IPUIPlugin:80 - create IPUIPlugin
2024-08-02 14:30:45,995 [INFO] IPUIPlugin:80 - create IPUIPlugin
2024-08-02 14:30:45,995 [INFO] IPUIPlugin:80 - create IPUIPlugin
2024-08-02 14:30:45,995 [INFO] IPUIPlugin:80 - create IPUIPlugin
2024-08-02 14:30:45,995 [INFO] IPUIPlugin:80 - create IPUIPlugin
2024-08-02 14:30:45,996 [INFO] IPUIPlugin:80 - create IPUIPlugin
2024-08-02 14:30:45,996 [INFO] IPUIPlugin:80 - create IPUIPlugin
2024-08-02 14:30:45,996 [INFO] IPUIPlugin:80 - create IPUIPlugin
2024-08-02 14:30:45,996 [INFO] IPUIPlugin:80 - create IPUIPlugin
2024-08-02 14:30:45,996 [INFO] IPUIPlugin:80 - create IPUIPlugin
2024-08-02 14:30:45,996 [INFO] IPUIPlugin:80 - create IPUIPlugin
2024-08-02 14:30:45,996 [INFO] IPUIPlugin:80 - create IPUIPlugin
2024-08-02 14:30:45,996 [INFO] IPUIPlugin:80 - create IPUIPlugin
2024-08-02 14:30:45,997 [INFO] IPUIPlugin:80 - create IPUIPlugin
2024-08-02 14:30:45,997 [INFO] IPUIPlugin:80 - create IPUIPlugin
2024-08-02 14:30:45,997 [INFO] IPUIPlugin:80 - create IPUIPlugin
2024-08-02 14:30:45,997 [INFO] IPUIPlugin:80 - create IPUIPlugin
2024-08-02 14:30:45,997 [INFO] IPUIPlugin:80 - create IPUIPlugin
2024-08-02 14:30:45,997 [INFO] IPUIPlugin:80 - create IPUIPlugin
2024-08-02 14:30:45,997 [INFO] IPUIPlugin:80 - create IPUIPlugin
2024-08-02 14:30:45,997 [INFO] IPUIPlugin:80 - create IPUIPlugin
2024-08-02 14:30:45,998 [INFO] IPUIPlugin:80 - create IPUIPlugin
2024-08-02 14:30:45,998 [INFO] IPUIPlugin:80 - create IPUIPlugin
2024-08-02 14:30:45,998 [INFO] IPUIPlugin:80 - create IPUIPlugin
2024-08-02 14:30:45,998 [INFO] IPUIPlugin:80 - create IPUIPlugin
2024-08-02 14:30:45,998 [INFO] IPUIPlugin:80 - create IPUIPlugin
2024-08-02 14:30:45,998 [INFO] IPUIPlugin:80 - create IPUIPlugin
2024-08-02 14:30:45,999 [INFO] IPUIPlugin:80 - create IPUIPlugin
2024-08-02 14:30:45,999 [INFO] IPUIPlugin:80 - create IPUIPlugin
2024-08-02 14:30:45,999 [INFO] IPUIPlugin:80 - create IPUIPlugin
2024-08-02 14:30:45,999 [INFO] IPUIPlugin:80 - create IPUIPlugin
2024-08-02 14:30:45,999 [INFO] IPUIPlugin:80 - create IPUIPlugin
2024-08-02 14:30:45,999 [INFO] IPUIPlugin:80 - create IPUIPlugin
2024-08-02 14:30:46,000 [INFO] IPUIPlugin:80 - create IPUIPlugin
2024-08-02 14:30:46,000 [INFO] IPUIPlugin:80 - create IPUIPlugin
2024-08-02 14:30:46,000 [INFO] IPUIPlugin:80 - create IPUIPlugin
2024-08-02 14:30:46,000 [INFO] IPUIPlugin:80 - create IPUIPlugin
2024-08-02 14:30:46,000 [INFO] IPUIPlugin:80 - create IPUIPlugin
2024-08-02 14:30:46,002 [INFO] IPUIPlugin:80 - create IPUIPlugin
2024-08-02 14:30:46,002 [INFO] IPUIPlugin:80 - create IPUIPlugin
2024-08-02 14:30:46,002 [INFO] IPUIPlugin:80 - create IPUIPlugin
2024-08-02 14:30:46,003 [INFO] IPUIPlugin:80 - create IPUIPlugin
2024-08-02 14:30:46,003 [INFO] IPUIPlugin:80 - create IPUIPlugin
2024-08-02 14:30:46,024 [INFO] ApiDbMcu:508 - Load IP Config File for PDM2PCM
2024-08-02 14:30:46,055 [INFO] CADModel:165 - CPN selected for project levelSTM32F407VGT6
2024-08-02 14:30:46,055 [INFO] CADModel:114 - Register for checkConnection events
2024-08-02 14:30:46,107 [INFO] OpenFileManager:343 - Restore cursor
2024-08-02 14:30:46,454 [INFO] UtilMem:75 - End SaveConfig() Used Memory: 741001736 Bytes (1073741824)
2024-08-02 14:30:46,517 [INFO] UtilMem:75 - End SaveConfig() Used Memory: 764570224 Bytes (1073741824)
2024-08-02 14:30:46,737 [INFO] BlockDiagram:2759 - set Specific Code input for plugin: RCC
2024-08-02 14:30:46,737 [INFO] BlockDiagram:2759 - set Specific Code input for plugin: NVIC
2024-08-02 14:30:46,739 [INFO] CodeGenerator:807 - code generatio: config db path: C:\ST\STM32CubeIDE_1.14.1\STM32CubeIDE\plugins\com.st.stm32cube.common.mx_6.10.0.202311202037\\db\
2024-08-02 14:30:46,872 [INFO] CodeEngine:255 - oldGeneratedFile, C:\Users\conne\STM32CubeIDE\workspace_1.14.1\uga_serial_exe\MXTmpFiles\license.tmp_save
2024-08-02 14:30:46,921 [INFO] CodeEngine:279 - Generated code: C:\Users\conne\STM32CubeIDE\workspace_1.14.1\uga_serial_exe\MXTmpFiles\license.tmp
2024-08-02 14:30:46,936 [INFO] CodeEngine:255 - oldGeneratedFile, C:\Users\conne\STM32CubeIDE\workspace_1.14.1\uga_serial_exe\Core\Src\stm32f4xx_it.c_save
2024-08-02 14:30:47,153 [INFO] CodeEngine:279 - Generated code: C:\Users\conne\STM32CubeIDE\workspace_1.14.1\uga_serial_exe\Core\Src\stm32f4xx_it.c
2024-08-02 14:30:47,165 [INFO] CodeEngine:255 - oldGeneratedFile, C:\Users\conne\STM32CubeIDE\workspace_1.14.1\uga_serial_exe\Core\Inc\stm32f4xx_it.h_save
2024-08-02 14:30:47,215 [INFO] CodeEngine:279 - Generated code: C:\Users\conne\STM32CubeIDE\workspace_1.14.1\uga_serial_exe\Core\Inc\stm32f4xx_it.h
2024-08-02 14:30:47,262 [INFO] CodeEngine:255 - oldGeneratedFile, C:\Users\conne\STM32CubeIDE\workspace_1.14.1\uga_serial_exe\Core\Src\stm32f4xx_hal_msp.c_save
2024-08-02 14:30:47,325 [INFO] CodeEngine:279 - Generated code: C:\Users\conne\STM32CubeIDE\workspace_1.14.1\uga_serial_exe\Core\Src\stm32f4xx_hal_msp.c
2024-08-02 14:30:47,333 [INFO] CodeEngine:255 - oldGeneratedFile, C:\Users\conne\STM32CubeIDE\workspace_1.14.1\uga_serial_exe\MXTmpFiles\system.tmp_save
2024-08-02 14:30:47,376 [INFO] CodeEngine:279 - Generated code: C:\Users\conne\STM32CubeIDE\workspace_1.14.1\uga_serial_exe\MXTmpFiles\system.tmp
2024-08-02 14:30:47,390 [INFO] CodeEngine:311 - oldGeneratedFile, C:\Users\conne\STM32CubeIDE\workspace_1.14.1\uga_serial_exe\Core\Inc\stm32f4xx_hal_conf.h_save
2024-08-02 14:30:47,447 [INFO] CodeEngine:335 - Generated code: C:\Users\conne\STM32CubeIDE\workspace_1.14.1\uga_serial_exe\Core\Inc\stm32f4xx_hal_conf.h
2024-08-02 14:30:47,488 [INFO] CodeEngine:255 - oldGeneratedFile, C:\Users\conne\STM32CubeIDE\workspace_1.14.1\uga_serial_exe\Core\Inc\main.h_save
2024-08-02 14:30:47,657 [INFO] CodeEngine:279 - Generated code: C:\Users\conne\STM32CubeIDE\workspace_1.14.1\uga_serial_exe\Core\Inc\main.h
2024-08-02 14:30:47,675 [INFO] CodeEngine:255 - oldGeneratedFile, C:\Users\conne\STM32CubeIDE\workspace_1.14.1\uga_serial_exe\Core\Src\main.c_save
2024-08-02 14:30:47,816 [INFO] CodeEngine:279 - Generated code: C:\Users\conne\STM32CubeIDE\workspace_1.14.1\uga_serial_exe\Core\Src\main.c
2024-08-02 14:30:48,450 [INFO] ProjectBuilder:3076 - Time for Copy HAL[1] : 235mS.
2024-08-02 14:30:48,454 [INFO] ProjectBuilder:4485 - Project Generator version: 4.2.0-B44
2024-08-02 14:30:48,742 [INFO] ConfigFileManager:1495 - The Die is : DIE413
2024-08-02 14:30:48,755 [INFO] ApiDbMcu:508 - Load IP Config File for FATFS
2024-08-02 14:30:48,768 [INFO] ApiDbMcu:508 - Load IP Config File for FREERTOS
2024-08-02 14:30:48,778 [INFO] ApiDbMcu:508 - Load IP Config File for LIBJPEG
2024-08-02 14:30:48,788 [INFO] ApiDbMcu:508 - Load IP Config File for LWIP
2024-08-02 14:30:48,798 [INFO] ApiDbMcu:508 - Load IP Config File for MBEDTLS
2024-08-02 14:30:48,806 [INFO] ApiDbMcu:508 - Load IP Config File for USB_DEVICE
2024-08-02 14:30:48,816 [INFO] ApiDbMcu:508 - Load IP Config File for USB_HOST
2024-08-02 14:30:51,015 [INFO] ProjectBuilder:4747 - Time for Generating toolchain IDE Files: 2561mS.
2024-08-02 14:30:51,016 [INFO] ProjectBuilder:2947 - Time for Copy CMSIS : 0mS.
2024-08-02 14:30:51,017 [INFO] ProjectBuilder:2947 - Time for Copy CMSIS : 0mS.
2024-08-02 14:30:51,592 [INFO] McuFinderGlobals:76 - Set McuFinderConnectedMode to true
2024-08-02 14:30:51,594 [INFO] ApiDb:448 - Save user favorites file C:\Users\conne/.stm32cubeide/favorites.mcus.txt: 0 item(s)
2024-08-02 14:30:51,594 [INFO] ApiDb:452 - User favorites MCUs=[]
2024-08-02 14:36:23,107 [INFO] NvicIntPanel:101 - NVIC parent = com.st.microxplorer.plugins.ip.nvic.MultiNvicIntPanel[,0,0,0x0,invalid,layout=javax.swing.BoxLayout,alignmentX=0.0,alignmentY=0.0,border=,flags=9,maximumSize=,minimumSize=,preferredSize=]
2024-08-02 14:36:46,632 [INFO] NvicIntPanel:101 - NVIC parent = com.st.microxplorer.plugins.ip.nvic.MultiNvicIntPanel[,0,0,0x0,invalid,layout=javax.swing.BoxLayout,alignmentX=0.0,alignmentY=0.0,border=,flags=9,maximumSize=,minimumSize=,preferredSize=]
2024-08-02 14:40:12,756 [INFO] Gpio:277 - dependency for GPIO [RCC, SYS, USART2]
2024-08-02 14:40:58,930 [INFO] UtilMem:75 - End SaveConfig() Used Memory: 738218176 Bytes (1073741824)
2024-08-02 14:41:00,943 [INFO] UtilMem:75 - End SaveConfig() Used Memory: 753237512 Bytes (1073741824)
2024-08-02 14:41:01,107 [INFO] BlockDiagram:2759 - set Specific Code input for plugin: SYS
2024-08-02 14:41:01,107 [INFO] BlockDiagram:2759 - set Specific Code input for plugin: RCC
2024-08-02 14:41:01,107 [INFO] BlockDiagram:2759 - set Specific Code input for plugin: NVIC
2024-08-02 14:41:01,107 [INFO] BlockDiagram:2759 - set Specific Code input for plugin: USART
2024-08-02 14:41:01,108 [INFO] BlockDiagram:2759 - set Specific Code input for plugin: GPIO
2024-08-02 14:41:01,109 [INFO] CodeGenerator:807 - code generatio: config db path: C:\ST\STM32CubeIDE_1.14.1\STM32CubeIDE\plugins\com.st.stm32cube.common.mx_6.10.0.202311202037\\db\
2024-08-02 14:41:01,279 [INFO] CodeEngine:255 - oldGeneratedFile, C:\Users\conne\STM32CubeIDE\workspace_1.14.1\uga_serial_exe\MXTmpFiles\license.tmp_save
2024-08-02 14:41:01,378 [INFO] CodeEngine:279 - Generated code: C:\Users\conne\STM32CubeIDE\workspace_1.14.1\uga_serial_exe\MXTmpFiles\license.tmp
2024-08-02 14:41:01,470 [INFO] CodeEngine:255 - oldGeneratedFile, C:\Users\conne\STM32CubeIDE\workspace_1.14.1\uga_serial_exe\MXTmpFiles\gpio.tmp_save
2024-08-02 14:41:01,570 [INFO] CodeEngine:279 - Generated code: C:\Users\conne\STM32CubeIDE\workspace_1.14.1\uga_serial_exe\MXTmpFiles\gpio.tmp
2024-08-02 14:41:01,631 [INFO] CodeEngine:255 - oldGeneratedFile, C:\Users\conne\STM32CubeIDE\workspace_1.14.1\uga_serial_exe\Core\Src\stm32f4xx_it.c_save
2024-08-02 14:41:01,835 [INFO] CodeEngine:279 - Generated code: C:\Users\conne\STM32CubeIDE\workspace_1.14.1\uga_serial_exe\Core\Src\stm32f4xx_it.c
2024-08-02 14:41:01,839 [INFO] CodeEngine:255 - oldGeneratedFile, C:\Users\conne\STM32CubeIDE\workspace_1.14.1\uga_serial_exe\Core\Inc\stm32f4xx_it.h_save
2024-08-02 14:41:01,893 [INFO] CodeEngine:279 - Generated code: C:\Users\conne\STM32CubeIDE\workspace_1.14.1\uga_serial_exe\Core\Inc\stm32f4xx_it.h
2024-08-02 14:41:01,974 [INFO] CodeEngine:255 - oldGeneratedFile, C:\Users\conne\STM32CubeIDE\workspace_1.14.1\uga_serial_exe\Core\Src\stm32f4xx_hal_msp.c_save
2024-08-02 14:41:02,068 [INFO] CodeEngine:279 - Generated code: C:\Users\conne\STM32CubeIDE\workspace_1.14.1\uga_serial_exe\Core\Src\stm32f4xx_hal_msp.c
2024-08-02 14:41:02,071 [INFO] CodeEngine:255 - oldGeneratedFile, C:\Users\conne\STM32CubeIDE\workspace_1.14.1\uga_serial_exe\MXTmpFiles\system.tmp_save
2024-08-02 14:41:02,102 [INFO] CodeEngine:279 - Generated code: C:\Users\conne\STM32CubeIDE\workspace_1.14.1\uga_serial_exe\MXTmpFiles\system.tmp
2024-08-02 14:41:02,117 [INFO] CodeEngine:311 - oldGeneratedFile, C:\Users\conne\STM32CubeIDE\workspace_1.14.1\uga_serial_exe\Core\Inc\stm32f4xx_hal_conf.h_save
2024-08-02 14:41:02,181 [INFO] CodeEngine:335 - Generated code: C:\Users\conne\STM32CubeIDE\workspace_1.14.1\uga_serial_exe\Core\Inc\stm32f4xx_hal_conf.h
2024-08-02 14:41:02,214 [INFO] CodeEngine:255 - oldGeneratedFile, C:\Users\conne\STM32CubeIDE\workspace_1.14.1\uga_serial_exe\Core\Inc\main.h_save
2024-08-02 14:41:02,314 [INFO] CodeEngine:279 - Generated code: C:\Users\conne\STM32CubeIDE\workspace_1.14.1\uga_serial_exe\Core\Inc\main.h
2024-08-02 14:41:02,332 [INFO] CodeEngine:255 - oldGeneratedFile, C:\Users\conne\STM32CubeIDE\workspace_1.14.1\uga_serial_exe\Core\Src\main.c_save
2024-08-02 14:41:02,456 [INFO] CodeEngine:279 - Generated code: C:\Users\conne\STM32CubeIDE\workspace_1.14.1\uga_serial_exe\Core\Src\main.c
2024-08-02 14:41:02,907 [INFO] ProjectBuilder:3076 - Time for Copy HAL[1] : 112mS.
2024-08-02 14:41:02,909 [INFO] ProjectBuilder:4485 - Project Generator version: 4.2.0-B44
2024-08-02 14:41:03,182 [INFO] ConfigFileManager:1495 - The Die is : DIE413
2024-08-02 14:41:04,468 [INFO] ProjectBuilder:4747 - Time for Generating toolchain IDE Files: 1559mS.
2024-08-02 14:41:04,469 [INFO] ProjectBuilder:2947 - Time for Copy CMSIS : 1mS.
2024-08-02 14:41:04,473 [INFO] ProjectBuilder:2947 - Time for Copy CMSIS : 0mS.
