2024-05-03 16:54:34,131 [INFO] Activator:176 - 


2024-05-03 16:54:34,136 [INFO] Activator:177 - !SESSION log4j initialized
2024-05-03 16:54:39,982 [INFO] LogOutputStream:77 - [STDOUT_REDIRECT] 
2024-05-03 16:54:44,330 [INFO] ApplicationProperties:184 - Using Application install path: C:\ST\STM32CubeIDE_1.14.1\STM32CubeIDE\plugins\com.st.stm32cube.common.mx_6.10.0.202311202037
2024-05-03 16:54:44,346 [INFO] DbMcusXml:78 - Set database path to: C:\ST\STM32CubeIDE_1.14.1\STM32CubeIDE\plugins\com.st.stm32cube.common.mx_6.10.0.202311202037\\db\/mcu/
2024-05-03 16:54:44,346 [INFO] ApiDb:274 - Set plugin database path to: C:\ST\STM32CubeIDE_1.14.1\STM32CubeIDE\plugins\com.st.stm32cube.common.mx_6.10.0.202311202037\\db\/plugins/boardmanager/
2024-05-03 16:54:44,347 [WARN] ApiDb:259 - Overriding images path with different value:  => C:\ST\STM32CubeIDE_1.14.1\STM32CubeIDE\plugins\com.st.stm32cube.common.mx_6.10.0.202311202037\\db\/plugins/mcufinder/images/
2024-05-03 16:54:44,352 [INFO] ApiDb:250 - Set database path to: C:\Users\conne\.stmcufinder\plugins\mcufinder//mcu/
2024-05-03 16:54:44,353 [INFO] DbMcusAds:125 - Set database path to: C:\Users\conne\.stmcufinder\plugins\mcufinder//mcu/
2024-05-03 16:54:44,354 [INFO] CrossReferenceDbSqlite:203 - Set database path to: C:\Users\conne\.stmcufinder\plugins\mcufinder//mcu/cs/
2024-05-03 16:54:44,478 [INFO] RulesReader:64 - Compatibility file has been processed (297 Rules)
2024-05-03 16:54:44,550 [INFO] DbMcusXml:78 - Set database path to: C:\ST\STM32CubeIDE_1.14.1\STM32CubeIDE\plugins\com.st.stm32cube.common.mx_6.10.0.202311202037\\db\/mcu/
2024-05-03 16:54:44,550 [INFO] ApiDb:274 - Set plugin database path to: C:\ST\STM32CubeIDE_1.14.1\STM32CubeIDE\plugins\com.st.stm32cube.common.mx_6.10.0.202311202037\\db\/plugins/boardmanager/
2024-05-03 16:54:44,550 [INFO] ApiDb:261 - Set plugin images path to: C:\ST\STM32CubeIDE_1.14.1\STM32CubeIDE\plugins\com.st.stm32cube.common.mx_6.10.0.202311202037\\db\/plugins/mcufinder/images/
2024-05-03 16:54:44,550 [WARN] DbFile:41 - Overriding database path with different value: C:\Users\conne\.stmcufinder\plugins\mcufinder/ => C:\Users\conne\.stmcufinder\plugins\mcufinder
2024-05-03 16:54:44,551 [INFO] ApiDb:250 - Set database path to: C:\Users\conne\.stmcufinder\plugins\mcufinder//mcu/
2024-05-03 16:54:44,551 [WARN] DbFile:41 - Overriding database path with different value: C:\Users\conne\.stmcufinder\plugins\mcufinder/ => C:\Users\conne\.stmcufinder\plugins\mcufinder
2024-05-03 16:54:44,551 [INFO] DbMcusAds:125 - Set database path to: C:\Users\conne\.stmcufinder\plugins\mcufinder//mcu/
2024-05-03 16:54:44,551 [WARN] DbFile:41 - Overriding database path with different value: C:\Users\conne\.stmcufinder\plugins\mcufinder/ => C:\Users\conne\.stmcufinder\plugins\mcufinder
2024-05-03 16:54:44,551 [WARN] DbFile:41 - Overriding database path with different value: C:\Users\conne\.stmcufinder\plugins\mcufinder/ => C:\Users\conne\.stmcufinder\plugins\mcufinder
2024-05-03 16:54:44,551 [INFO] CrossReferenceDbSqlite:203 - Set database path to: C:\Users\conne\.stmcufinder\plugins\mcufinder//mcu/cs/
2024-05-03 16:54:44,616 [INFO] MainPanel:264 - HeapMemory: 268435456
2024-05-03 16:54:44,687 [INFO] DbMcusXml:78 - Set database path to: C:\ST\STM32CubeIDE_1.14.1\STM32CubeIDE\plugins\com.st.stm32cube.common.mx_6.10.0.202311202037\\db\/mcu/
2024-05-03 16:54:44,688 [INFO] ApiDb:274 - Set plugin database path to: C:\ST\STM32CubeIDE_1.14.1\STM32CubeIDE\plugins\com.st.stm32cube.common.mx_6.10.0.202311202037\\db\/plugins/boardmanager/
2024-05-03 16:54:44,688 [INFO] ApiDb:261 - Set plugin images path to: C:\ST\STM32CubeIDE_1.14.1\STM32CubeIDE\plugins\com.st.stm32cube.common.mx_6.10.0.202311202037\\db\/plugins/mcufinder/images/
2024-05-03 16:54:44,688 [WARN] DbFile:41 - Overriding database path with different value: C:\Users\conne\.stmcufinder\plugins\mcufinder/ => C:\Users\conne\.stmcufinder\plugins\mcufinder
2024-05-03 16:54:44,688 [INFO] ApiDb:250 - Set database path to: C:\Users\conne\.stmcufinder\plugins\mcufinder//mcu/
2024-05-03 16:54:44,688 [WARN] DbFile:41 - Overriding database path with different value: C:\Users\conne\.stmcufinder\plugins\mcufinder/ => C:\Users\conne\.stmcufinder\plugins\mcufinder
2024-05-03 16:54:44,688 [INFO] DbMcusAds:125 - Set database path to: C:\Users\conne\.stmcufinder\plugins\mcufinder//mcu/
2024-05-03 16:54:44,688 [WARN] DbFile:41 - Overriding database path with different value: C:\Users\conne\.stmcufinder\plugins\mcufinder/ => C:\Users\conne\.stmcufinder\plugins\mcufinder
2024-05-03 16:54:44,688 [WARN] DbFile:41 - Overriding database path with different value: C:\Users\conne\.stmcufinder\plugins\mcufinder/ => C:\Users\conne\.stmcufinder\plugins\mcufinder
2024-05-03 16:54:44,688 [INFO] CrossReferenceDbSqlite:203 - Set database path to: C:\Users\conne\.stmcufinder\plugins\mcufinder//mcu/cs/
2024-05-03 16:54:44,703 [INFO] ApplicationProperties:184 - Using Application install path: C:\ST\STM32CubeIDE_1.14.1\STM32CubeIDE\plugins\com.st.stm32cube.common.mx_6.10.0.202311202037
2024-05-03 16:54:44,703 [INFO] PluginManage:196 - Search for loadable plugins [exclusion list=, ]
2024-05-03 16:54:44,704 [INFO] PluginManage:310 - Check plugin analytics
2024-05-03 16:54:44,865 [INFO] AnalyticsPlugin:253 - Accepted Software Licenses: 
2024-05-03 16:54:44,867 [INFO] AnalyticsPlugin:255 - Accepted CMSIS Pack Licenses: 
2024-05-03 16:54:44,867 [INFO] AnalyticsPlugin:257 - Accepted Firmware Licenses: 
2024-05-03 16:54:44,869 [INFO] PluginManage:359 - Loaded plugin analytics (category:tool,tabindex:-1)
2024-05-03 16:54:44,869 [INFO] PluginManage:310 - Check plugin cadmodel
2024-05-03 16:54:44,889 [INFO] CADModel:105 - Init CAD model plugin
2024-05-03 16:54:44,889 [INFO] PluginManage:359 - Loaded plugin cadmodel (category:power,tabindex:5)
2024-05-03 16:54:44,889 [INFO] PluginManage:310 - Check plugin clock
2024-05-03 16:54:44,910 [INFO] PluginManage:359 - Loaded plugin clock (category:base,tabindex:2)
2024-05-03 16:54:44,910 [INFO] PluginManage:310 - Check plugin ddr
2024-05-03 16:54:44,913 [INFO] PluginManage:359 - Loaded plugin ddr (category:tool,tabindex:6)
2024-05-03 16:54:44,913 [INFO] PluginManage:310 - Check plugin filemanager
2024-05-03 16:54:45,045 [INFO] PluginManage:359 - Loaded plugin filemanager (category:base,tabindex:10)
2024-05-03 16:54:45,045 [INFO] PluginManage:310 - Check plugin ipmanager
2024-05-03 16:54:45,051 [INFO] PluginManage:359 - Loaded plugin ipmanager (category:base,tabindex:5)
2024-05-03 16:54:45,051 [INFO] PluginManage:310 - Check plugin lpbam
2024-05-03 16:54:45,067 [INFO] PluginManage:359 - Loaded plugin lpbam (category:base,tabindex:0)
2024-05-03 16:54:45,067 [INFO] PluginManage:310 - Check plugin memorymap
2024-05-03 16:54:45,090 [INFO] PluginManage:359 - Loaded plugin memorymap (category:base,tabindex:4)
2024-05-03 16:54:45,090 [INFO] PluginManage:310 - Check plugin pinoutandconfiguration
2024-05-03 16:54:45,106 [INFO] PluginManage:359 - Loaded plugin pinoutandconfiguration (category:base,tabindex:1)
2024-05-03 16:54:45,106 [INFO] PluginManage:310 - Check plugin pinoutconfig
2024-05-03 16:54:45,178 [WARN] SupportedApi:132 - Cannot load RTOS API schema: s4s-elt-must-match.1: The content of 'definitions' must match (annotation?, (simpleType | complexType)?, (unique | key | keyref)*)). A problem was found starting at: attribute.
2024-05-03 16:54:45,312 [INFO] PluginManage:359 - Loaded plugin pinoutconfig (category:base,tabindex:0)
2024-05-03 16:54:45,312 [INFO] PluginManage:310 - Check plugin power
2024-05-03 16:54:45,333 [INFO] PluginManage:359 - Loaded plugin power (category:power,tabindex:4)
2024-05-03 16:54:45,333 [INFO] PluginManage:310 - Check plugin projectmanager
2024-05-03 16:54:45,350 [INFO] PluginManage:359 - Loaded plugin projectmanager (category:projectmanager,tabindex:3)
2024-05-03 16:54:45,351 [INFO] PluginManage:310 - Check plugin thirdparty
2024-05-03 16:54:45,620 [INFO] PluginManage:359 - Loaded plugin thirdparty (category:base,tabindex:-1)
2024-05-03 16:54:45,620 [INFO] PluginManage:310 - Check plugin tools
2024-05-03 16:54:45,620 [WARN] IntegrityCheckThread:84 - waiting for thirdparty lock release [integrity check]
2024-05-03 16:54:45,620 [INFO] IntegrityCheckThread:86 - entering critical section [integrity check]
2024-05-03 16:54:45,620 [INFO] ThirdPartyUpdaterWithRetryManager:70 - Updater plugin not ready yet. [1/15]
2024-05-03 16:54:45,683 [INFO] PluginManage:359 - Loaded plugin tools (category:base,tabindex:7)
2024-05-03 16:54:45,683 [INFO] PluginManage:310 - Check plugin tutovideos
2024-05-03 16:54:45,874 [INFO] PluginManage:359 - Loaded plugin tutovideos (category:base,tabindex:-1)
2024-05-03 16:54:45,874 [INFO] PluginManage:310 - Check plugin updater
2024-05-03 16:54:45,886 [INFO] PluginManage:359 - Loaded plugin updater (category:base,tabindex:12)
2024-05-03 16:54:45,886 [INFO] PluginManage:310 - Check plugin userauth
2024-05-03 16:54:45,890 [INFO] UserAuth:114 - Init User Auth plugin
2024-05-03 16:54:45,890 [INFO] PluginManage:359 - Loaded plugin userauth (category:base,tabindex:14)
2024-05-03 16:54:45,891 [INFO] PluginManage:283 - PluginManage : Loaded plugins [17]
2024-05-03 16:54:46,045 [INFO] PinOutPanel:1499 - setPackage(No Configuration,No Configuration)
2024-05-03 16:54:46,103 [INFO] CADModel:165 - CPN selected for project level
2024-05-03 16:54:46,103 [INFO] CADModel:114 - Register for checkConnection events
2024-05-03 16:54:46,124 [INFO] IPUIPlugin:80 - create IPUIPlugin
2024-05-03 16:54:46,124 [INFO] PluginManager:220 - loadIPPluginJar : add adc
2024-05-03 16:54:46,148 [INFO] IPUIPlugin:80 - create IPUIPlugin
2024-05-03 16:54:46,149 [INFO] PluginManager:220 - loadIPPluginJar : add aes
2024-05-03 16:54:46,178 [INFO] IPUIPlugin:80 - create IPUIPlugin
2024-05-03 16:54:46,179 [INFO] PluginManager:220 - loadIPPluginJar : add can
2024-05-03 16:54:46,196 [INFO] IPUIPlugin:80 - create IPUIPlugin
2024-05-03 16:54:46,196 [INFO] PluginManager:220 - loadIPPluginJar : add comp
2024-05-03 16:54:46,217 [INFO] IPUIPlugin:80 - create IPUIPlugin
2024-05-03 16:54:46,218 [INFO] PluginManager:220 - loadIPPluginJar : add cryp
2024-05-03 16:54:46,239 [INFO] IPUIPlugin:80 - create IPUIPlugin
2024-05-03 16:54:46,239 [INFO] PluginManager:220 - loadIPPluginJar : add dfsdm
2024-05-03 16:54:46,249 [INFO] IPUIPlugin:80 - create IPUIPlugin
2024-05-03 16:54:46,249 [INFO] PluginManager:220 - loadIPPluginJar : add dma
2024-05-03 16:54:46,281 [INFO] IPUIPlugin:80 - create IPUIPlugin
2024-05-03 16:54:46,281 [INFO] PluginManager:220 - loadIPPluginJar : add dma3
2024-05-03 16:54:46,296 [INFO] IPUIPlugin:80 - create IPUIPlugin
2024-05-03 16:54:46,296 [INFO] PluginManager:220 - loadIPPluginJar : add fatfs
2024-05-03 16:54:46,328 [INFO] IPUIPlugin:80 - create IPUIPlugin
2024-05-03 16:54:46,328 [INFO] PluginManager:220 - loadIPPluginJar : add fmc
2024-05-03 16:54:46,339 [INFO] IPUIPlugin:80 - create IPUIPlugin
2024-05-03 16:54:46,339 [INFO] PluginManager:220 - loadIPPluginJar : add freertos
2024-05-03 16:54:46,355 [INFO] IPUIPlugin:80 - create IPUIPlugin
2024-05-03 16:54:46,355 [INFO] PluginManager:220 - loadIPPluginJar : add genericplugin
2024-05-03 16:54:46,416 [INFO] IPUIPlugin:80 - create IPUIPlugin
2024-05-03 16:54:46,416 [INFO] PluginManager:220 - loadIPPluginJar : add gfxmmu
2024-05-03 16:54:46,500 [INFO] IPUIPlugin:80 - create IPUIPlugin
2024-05-03 16:54:46,500 [INFO] PluginManager:220 - loadIPPluginJar : add gic
2024-05-03 16:54:46,510 [INFO] IPUIPlugin:80 - create IPUIPlugin
2024-05-03 16:54:46,510 [INFO] PluginManager:220 - loadIPPluginJar : add gpio
2024-05-03 16:54:46,567 [INFO] IPUIPlugin:80 - create IPUIPlugin
2024-05-03 16:54:46,567 [INFO] PluginManager:220 - loadIPPluginJar : add gtzc
2024-05-03 16:54:46,589 [INFO] IPUIPlugin:80 - create IPUIPlugin
2024-05-03 16:54:46,589 [INFO] PluginManager:220 - loadIPPluginJar : add hash
2024-05-03 16:54:46,626 [INFO] IPUIPlugin:80 - create IPUIPlugin
2024-05-03 16:54:46,626 [INFO] PluginManager:220 - loadIPPluginJar : add i2c
2024-05-03 16:54:46,653 [INFO] IPUIPlugin:80 - create IPUIPlugin
2024-05-03 16:54:46,653 [INFO] PluginManager:220 - loadIPPluginJar : add i2s
2024-05-03 16:54:46,679 [INFO] IPUIPlugin:80 - create IPUIPlugin
2024-05-03 16:54:46,680 [INFO] PluginManager:220 - loadIPPluginJar : add i3c
2024-05-03 16:54:46,753 [INFO] IPUIPlugin:80 - create IPUIPlugin
2024-05-03 16:54:46,753 [INFO] PluginManager:220 - loadIPPluginJar : add ipddr
2024-05-03 16:54:46,811 [INFO] IPUIPlugin:80 - create IPUIPlugin
2024-05-03 16:54:46,812 [INFO] PluginManager:220 - loadIPPluginJar : add linkedlist
2024-05-03 16:54:46,834 [INFO] IPUIPlugin:80 - create IPUIPlugin
2024-05-03 16:54:46,834 [INFO] PluginManager:220 - loadIPPluginJar : add lorawan
2024-05-03 16:54:46,861 [INFO] IPUIPlugin:80 - create IPUIPlugin
2024-05-03 16:54:46,861 [INFO] PluginManager:220 - loadIPPluginJar : add ltdc
2024-05-03 16:54:46,871 [INFO] IPUIPlugin:80 - create IPUIPlugin
2024-05-03 16:54:46,871 [INFO] PluginManager:220 - loadIPPluginJar : add mdma
2024-05-03 16:54:46,882 [INFO] IPUIPlugin:80 - create IPUIPlugin
2024-05-03 16:54:46,882 [INFO] PluginManager:220 - loadIPPluginJar : add nvic
2024-05-03 16:54:46,904 [INFO] IPUIPlugin:80 - create IPUIPlugin
2024-05-03 16:54:46,906 [INFO] PluginManager:220 - loadIPPluginJar : add opamp
2024-05-03 16:54:46,944 [INFO] IPUIPlugin:80 - create IPUIPlugin
2024-05-03 16:54:46,944 [INFO] PluginManager:220 - loadIPPluginJar : add openamp
2024-05-03 16:54:46,973 [INFO] IPUIPlugin:80 - create IPUIPlugin
2024-05-03 16:54:46,973 [INFO] PluginManager:220 - loadIPPluginJar : add pdm2pcm
2024-05-03 16:54:46,986 [INFO] IPUIPlugin:80 - create IPUIPlugin
2024-05-03 16:54:46,988 [INFO] PluginManager:220 - loadIPPluginJar : add plateformsettings
2024-05-03 16:54:47,003 [INFO] IPUIPlugin:80 - create IPUIPlugin
2024-05-03 16:54:47,003 [INFO] PluginManager:220 - loadIPPluginJar : add quadspi
2024-05-03 16:54:47,011 [INFO] IPUIPlugin:80 - create IPUIPlugin
2024-05-03 16:54:47,011 [INFO] PluginManager:220 - loadIPPluginJar : add resmgrutility
2024-05-03 16:54:47,042 [INFO] IPUIPlugin:80 - create IPUIPlugin
2024-05-03 16:54:47,042 [INFO] PluginManager:220 - loadIPPluginJar : add sai
2024-05-03 16:54:47,064 [INFO] IPUIPlugin:80 - create IPUIPlugin
2024-05-03 16:54:47,064 [INFO] PluginManager:220 - loadIPPluginJar : add spi
2024-05-03 16:54:47,108 [INFO] IPUIPlugin:80 - create IPUIPlugin
2024-05-03 16:54:47,108 [INFO] PluginManager:220 - loadIPPluginJar : add stm32_wpan
2024-05-03 16:54:47,125 [INFO] IPUIPlugin:80 - create IPUIPlugin
2024-05-03 16:54:47,125 [INFO] PluginManager:220 - loadIPPluginJar : add tim
2024-05-03 16:54:47,160 [INFO] IPUIPlugin:80 - create IPUIPlugin
2024-05-03 16:54:47,160 [INFO] PluginManager:220 - loadIPPluginJar : add touchsensing
2024-05-03 16:54:47,176 [INFO] IPUIPlugin:80 - create IPUIPlugin
2024-05-03 16:54:47,176 [INFO] PluginManager:220 - loadIPPluginJar : add tracer_emb
2024-05-03 16:54:47,191 [INFO] IPUIPlugin:80 - create IPUIPlugin
2024-05-03 16:54:47,191 [INFO] PluginManager:220 - loadIPPluginJar : add ts
2024-05-03 16:54:47,205 [INFO] IPUIPlugin:80 - create IPUIPlugin
2024-05-03 16:54:47,205 [INFO] PluginManager:220 - loadIPPluginJar : add tsc
2024-05-03 16:54:47,219 [INFO] IPUIPlugin:80 - create IPUIPlugin
2024-05-03 16:54:47,219 [INFO] PluginManager:220 - loadIPPluginJar : add ucpd
2024-05-03 16:54:47,246 [INFO] IPUIPlugin:80 - create IPUIPlugin
2024-05-03 16:54:47,246 [INFO] PluginManager:220 - loadIPPluginJar : add usart
2024-05-03 16:54:47,273 [INFO] IPUIPlugin:80 - create IPUIPlugin
2024-05-03 16:54:47,274 [INFO] PluginManager:220 - loadIPPluginJar : add usbx
2024-05-03 16:54:47,391 [INFO] CADModel:165 - CPN selected for project level
2024-05-03 16:54:47,391 [INFO] CADModel:114 - Register for checkConnection events
2024-05-03 16:54:47,392 [FATAL] Updater:308 - Updater called before beeing initialized
2024-05-03 16:54:47,392 [ERROR] CADModel:125 - Updater not yet initialized, retry later 
2024-05-03 16:54:47,494 [INFO] CADModel:165 - CPN selected for project level
2024-05-03 16:54:47,494 [INFO] CADModel:114 - Register for checkConnection events
2024-05-03 16:54:47,494 [FATAL] Updater:308 - Updater called before beeing initialized
2024-05-03 16:54:47,494 [ERROR] CADModel:125 - Updater not yet initialized, retry later 
2024-05-03 16:54:47,496 [FATAL] Updater:308 - Updater called before beeing initialized
2024-05-03 16:54:47,581 [FATAL] Updater:308 - Updater called before beeing initialized
2024-05-03 16:54:47,588 [INFO] DbMcusAds:53 - JSON generation date=Wed Nov 29 19:52:27 KST 2023 (1701255147349)
2024-05-03 16:54:47,588 [FATAL] Updater:308 - Updater called before beeing initialized
2024-05-03 16:54:47,694 [WARN] DetailPanel:346 - Failed to get advertising image, set to default
2024-05-03 16:54:47,763 [FATAL] Updater:308 - Updater called before beeing initialized
2024-05-03 16:54:47,764 [FATAL] Updater:308 - Updater called before beeing initialized
2024-05-03 16:54:47,765 [FATAL] Updater:308 - Updater called before beeing initialized
2024-05-03 16:54:47,765 [WARN] DetailPanel:346 - Failed to get advertising image, set to default
2024-05-03 16:54:47,765 [FATAL] Updater:308 - Updater called before beeing initialized
2024-05-03 16:54:47,871 [ERROR] Updater:1120 - MainUpdater not yet initialized. External WinMGr cannot be set.
2024-05-03 16:54:47,879 [INFO] Updater:1056 - Updater Version found : 6.10.0
2024-05-03 16:54:47,893 [INFO] ApplicationProperties:184 - Using Application install path: C:\ST\STM32CubeIDE_1.14.1\STM32CubeIDE\plugins\com.st.stm32cube.common.mx_6.10.0.202311202037
2024-05-03 16:54:48,623 [INFO] ThirdPartyUpdaterWithRetryManager:70 - Updater plugin not ready yet. [2/15]
2024-05-03 16:54:49,468 [ERROR] LogOutputStream:75 - [STDERR_REDIRECT] May 03, 2024 4:54:49 PM java.util.prefs.WindowsPreferences <init>
2024-05-03 16:54:49,470 [ERROR] LogOutputStream:75 - [STDERR_REDIRECT] WARNING: Could not open/create prefs root node Software\JavaSoft\Prefs at root 0xffffffff80000002. Windows RegCreateKeyEx(...) returned error code 5.
2024-05-03 16:54:49,470 [ERROR] LogOutputStream:75 - [STDERR_REDIRECT] 
2024-05-03 16:54:50,090 [INFO] MainUpdater:2873 - connection check result : 10
2024-05-03 16:54:50,090 [INFO] MainUpdater:290 - Updater Check For Update Now.
2024-05-03 16:54:50,091 [INFO] MicroXplorer:498 - Change Database Version : DB.6.0.100
2024-05-03 16:54:50,116 [INFO] McuFinderGlobals:63 - Set McuFinder mode to 2 (CubeIDE integrated)
2024-05-03 16:54:50,117 [INFO] UserAuth:180 - activating auth plugin
2024-05-03 16:54:50,119 [INFO] UserAuth:404 - Internet connection configuration mode: 1
2024-05-03 16:54:50,154 [INFO] JxBrowserEngine:152 - Initiate JxBrowser Engine with user profile folder
2024-05-03 16:54:50,300 [INFO] CheckServerUpdateThread:120 - End of CheckServer Thread
2024-05-03 16:54:51,748 [WARN] PackLoader:240 - Cannot read IP mode file for STMicroelectronics.FP-SNS-MOTENVWB1.1.4.0
2024-05-03 16:54:51,763 [WARN] PackLoader:240 - Cannot read IP mode file for STMicroelectronics.X-CUBE-SMBUS.2.1.0
2024-05-03 16:54:51,776 [WARN] PackLoader:240 - Cannot read IP mode file for STMicroelectronics.X-CUBE-TOUCHGFX.4.23.1
2024-05-03 16:54:51,785 [WARN] PackLoader:240 - Cannot read IP mode file for STMicroelectronics.X-CUBE-TOUCHGFX.4.23.0
2024-05-03 16:54:51,792 [WARN] PackLoader:240 - Cannot read IP mode file for STMicroelectronics.X-CUBE-TOUCHGFX.4.23.2
2024-05-03 16:54:51,831 [WARN] PackLoader:240 - Cannot read IP mode file for STMicroelectronics.X-CUBE-AZRTOS-F7.1.1.0
2024-05-03 16:54:51,853 [WARN] PackLoader:240 - Cannot read IP mode file for STMicroelectronics.FP-SNS-MOTENV1.4.3.2
2024-05-03 16:54:51,871 [WARN] PackLoader:240 - Cannot read IP mode file for STMicroelectronics.FP-SNS-FLIGHT1.5.0.2
2024-05-03 16:54:51,888 [WARN] PackLoader:240 - Cannot read IP mode file for STMicroelectronics.X-CUBE-DISPLAY.3.0.0
2024-05-03 16:54:51,908 [WARN] PackLoader:240 - Cannot read IP mode file for STMicroelectronics.X-CUBE-BLE1.7.0.0
2024-05-03 16:54:51,919 [WARN] PackLoader:240 - Cannot read IP mode file for emotas.I-CUBE-CANOPEN.1.3.0
2024-05-03 16:54:51,939 [WARN] PackLoader:240 - Cannot read IP mode file for STMicroelectronics.X-CUBE-BLEMGR.3.1.0
2024-05-03 16:54:51,955 [WARN] PackLoader:240 - Cannot read IP mode file for STMicroelectronics.FP-SNS-SMARTAG2.1.2.0
2024-05-03 16:54:51,980 [INFO] LogOutputStream:77 - [STDOUT_REDIRECT] 1 : Invalid condition id : UX_CORESTACK_Condition cause : null
2024-05-03 16:54:51,982 [INFO] LogOutputStream:77 - [STDOUT_REDIRECT] 1 : Invalid condition id : UX_CORESTACK_Condition cause : null
2024-05-03 16:54:51,984 [INFO] LogOutputStream:77 - [STDOUT_REDIRECT] 1 : Invalid condition id : UX_CORESTACK_Condition cause : null
2024-05-03 16:54:51,986 [INFO] LogOutputStream:77 - [STDOUT_REDIRECT] 1 : Invalid condition id : UX_CORESTACK_Condition cause : null
2024-05-03 16:54:51,987 [INFO] LogOutputStream:77 - [STDOUT_REDIRECT] 1 : Invalid condition id : UX_CORESTACK_Condition cause : null
2024-05-03 16:54:51,989 [WARN] PackLoader:240 - Cannot read IP mode file for STMicroelectronics.X-CUBE-AZRTOS-WL.2.0.0
2024-05-03 16:54:51,999 [WARN] PackLoader:240 - Cannot read IP mode file for STMicroelectronics.FP-SNS-MOTENV1.5.0.0
2024-05-03 16:54:52,012 [WARN] PackLoader:240 - Cannot read IP mode file for WES.I-CUBE-Cesium.1.3.0
2024-05-03 16:54:52,022 [WARN] PackLoader:240 - Cannot read IP mode file for STMicroelectronics.X-CUBE-BLE2.3.3.0
2024-05-03 16:54:52,033 [WARN] PackLoader:240 - Cannot read IP mode file for STMicroelectronics.X-CUBE-TCPP.4.1.0
2024-05-03 16:54:52,050 [WARN] PackLoader:240 - Cannot read IP mode file for STMicroelectronics.X-CUBE-ALGOBUILD.1.3.0
2024-05-03 16:54:52,077 [WARN] PackLoader:240 - Cannot read IP mode file for STMicroelectronics.X-CUBE-AZRTOS-G0.1.1.0
2024-05-03 16:54:52,093 [WARN] PackLoader:240 - Cannot read IP mode file for STMicroelectronics.X-CUBE-SAFEA1.1.2.2
2024-05-03 16:54:52,106 [WARN] PackLoader:240 - Cannot read IP mode file for STMicroelectronics.X-CUBE-NFC4.3.0.0
2024-05-03 16:54:52,125 [WARN] PackLoader:240 - Cannot read IP mode file for STMicroelectronics.FP-ATR-SIGFOX1.3.2.0
2024-05-03 16:54:52,140 [WARN] PackLoader:240 - Cannot read IP mode file for STMicroelectronics.X-CUBE-EEPRMA1.5.1.0
2024-05-03 16:54:52,188 [WARN] PackLoader:240 - Cannot read IP mode file for SEGGER.I-CUBE-embOS.1.3.1
2024-05-03 16:54:52,217 [WARN] PackLoader:240 - Cannot read IP mode file for STMicroelectronics.X-CUBE-GNSS1.6.0.0
2024-05-03 16:54:52,243 [WARN] PackLoader:240 - Cannot read IP mode file for STMicroelectronics.X-CUBE-AZRTOS-F4.1.1.0
2024-05-03 16:54:52,259 [WARN] PackLoader:240 - Cannot read IP mode file for STMicroelectronics.X-CUBE-FREERTOS.1.2.0
2024-05-03 16:54:52,270 [WARN] PackLoader:240 - Cannot read IP mode file for wolfSSL.I-CUBE-wolfSSL.5.6.6
2024-05-03 16:54:52,295 [WARN] PackLoader:240 - Cannot read IP mode file for STMicroelectronics.X-CUBE-AZRTOS-L5.2.0.0
2024-05-03 16:54:52,312 [WARN] PackLoader:240 - Cannot read IP mode file for STMicroelectronics.X-CUBE-NFC6.3.1.0
2024-05-03 16:54:52,326 [WARN] PackLoader:240 - Cannot read IP mode file for ITTIA_DB.I-CUBE-ITTIADB.8.8.0
2024-05-03 16:54:52,339 [WARN] PackLoader:240 - Cannot read IP mode file for STMicroelectronics.X-CUBE-AI.9.0.0
2024-05-03 16:54:52,353 [WARN] PackLoader:240 - Cannot read IP mode file for STMicroelectronics.X-CUBE-NFC7.1.0.1
2024-05-03 16:54:52,367 [WARN] PackLoader:240 - Cannot read IP mode file for STMicroelectronics.X-CUBE-NFC6.3.0.0
2024-05-03 16:54:52,384 [WARN] PackLoader:240 - Cannot read IP mode file for STMicroelectronics.X-CUBE-AI.8.1.0
2024-05-03 16:54:52,417 [WARN] ConditionMgr:438 - getConditionDescription Invalid condition id : LAN8742 Phy interface Condition cause : null
2024-05-03 16:54:52,418 [WARN] PackLoader:240 - Cannot read IP mode file for STMicroelectronics.X-CUBE-AZRTOS-L4.2.0.0
2024-05-03 16:54:52,419 [WARN] ConditionMgr:1039 - genDependencies : Invalid condition id : LAN8742 Phy interface Condition cause : null
2024-05-03 16:54:52,420 [WARN] ConditionMgr:1039 - genDependencies : Invalid condition id : LAN8742 Phy interface Condition cause : null
2024-05-03 16:54:52,420 [WARN] ConditionMgr:1039 - genDependencies : Invalid condition id : LAN8742 Phy interface Condition cause : null
2024-05-03 16:54:52,438 [WARN] PackLoader:240 - Cannot read IP mode file for STMicroelectronics.X-CUBE-SFXS2LP1.4.0.0
2024-05-03 16:54:52,463 [WARN] ConditionMgr:438 - getConditionDescription Invalid condition id : UX DEVICE CLASS RTOS Condition cause : null
2024-05-03 16:54:52,464 [WARN] ConditionMgr:438 - getConditionDescription Invalid condition id : UX DEVICE CLASS RTOS Condition cause : null
2024-05-03 16:54:52,466 [WARN] PackLoader:240 - Cannot read IP mode file for STMicroelectronics.X-CUBE-AZRTOS-WB.2.0.0
2024-05-03 16:54:52,466 [WARN] ConditionMgr:1039 - genDependencies : Invalid condition id : UX DEVICE CLASS RTOS Condition cause : null
2024-05-03 16:54:52,466 [WARN] ConditionMgr:1039 - genDependencies : Invalid condition id : UX DEVICE CLASS RTOS Condition cause : null
2024-05-03 16:54:52,467 [WARN] ConditionMgr:1039 - genDependencies : Invalid condition id : UX DEVICE CLASS RTOS Condition cause : null
2024-05-03 16:54:52,467 [WARN] ConditionMgr:1039 - genDependencies : Invalid condition id : UX DEVICE CLASS RTOS Condition cause : null
2024-05-03 16:54:52,467 [WARN] ConditionMgr:1039 - genDependencies : Invalid condition id : UX DEVICE CLASS RTOS Condition cause : null
2024-05-03 16:54:52,492 [WARN] PackLoader:240 - Cannot read IP mode file for STMicroelectronics.X-CUBE-SUBG2.5.0.0
2024-05-03 16:54:52,642 [WARN] PackLoader:240 - Cannot read IP mode file for STMicroelectronics.X-CUBE-AZRTOS-G4.2.0.0
2024-05-03 16:54:52,669 [WARN] PackLoader:240 - Cannot read IP mode file for Infineon.AIROC-Wi-Fi-Bluetooth-STM32.1.5.1
2024-05-03 16:54:52,687 [WARN] PackLoader:240 - Cannot read IP mode file for STMicroelectronics.FP-SNS-MOTENVWB1.1.3.1
2024-05-03 16:54:52,700 [WARN] PackLoader:240 - Cannot read IP mode file for STMicroelectronics.X-CUBE-ISPU.2.0.0
2024-05-03 16:54:52,736 [WARN] PackLoader:240 - Cannot read IP mode file for STMicroelectronics.X-CUBE-MEMS1.10.0.0
2024-05-03 16:54:52,865 [WARN] PackLoader:240 - Cannot read IP mode file for STMicroelectronics.X-CUBE-FREERTOS.1.1.0
2024-05-03 16:54:52,883 [WARN] PackLoader:240 - Cannot read IP mode file for portGmbH.I-Cube-SoM-uGOAL.1.1.0
2024-05-03 16:54:52,899 [WARN] PackLoader:240 - Cannot read IP mode file for STMicroelectronics.X-CUBE-ALS.1.0.1
2024-05-03 16:54:52,922 [WARN] PackLoader:240 - Cannot read IP mode file for STMicroelectronics.X-CUBE-AZRTOS-H7RS.1.0.0
2024-05-03 16:54:52,934 [WARN] PackLoader:240 - Cannot read IP mode file for STMicroelectronics.FP-ATR-ASTRA1.2.0.0
2024-05-03 16:54:52,955 [WARN] PackLoader:240 - Cannot read IP mode file for STMicroelectronics.X-CUBE-TOF1.3.4.0
2024-05-03 16:54:52,991 [WARN] PackLoader:240 - Cannot read IP mode file for STMicroelectronics.X-CUBE-TOF1.3.4.1
2024-05-03 16:54:53,025 [WARN] PackLoader:240 - Cannot read IP mode file for STMicroelectronics.X-CUBE-AZRTOS-H7.3.2.0
2024-05-03 16:54:53,027 [INFO] ThirdParty:978 - Integrity check success = true
2024-05-03 16:54:53,027 [INFO] IntegrityCheckThread:100 - exiting critical section [integrity check]
2024-05-03 16:54:53,027 [INFO] IntegrityCheckThread:103 - End integrity checks thread
2024-05-03 16:54:55,354 [INFO] WebApp:161 - Instantiating new browser for Auth
2024-05-03 16:54:56,123 [INFO] WebApp:780 - Register for checkConnection events
2024-05-03 16:54:56,123 [INFO] WebApp:414 - Apply proxy settings
2024-05-03 16:54:56,123 [INFO] WebApp:499 - Chromium requires no authentication
2024-05-03 16:54:56,134 [INFO] WebApp:442 - Direct internet connection detected
2024-05-03 16:54:56,278 [INFO] WebApp:192 - Starting web application
2024-05-03 16:54:56,278 [INFO] WebApp:544 - Web application path used C:\ST\STM32CubeIDE_1.14.1\STM32CubeIDE\plugins\com.st.stm32cube.common.mx_6.10.0.202311202037\db\plugins\mcufinder\reactClient1\index.html
2024-05-03 16:55:02,746 [INFO] McuFinderGlobals:63 - Set McuFinder mode to 2 (CubeIDE integrated)
2024-05-03 16:55:02,765 [INFO] MainUpdater:2873 - connection check result : 10
2024-05-03 16:55:02,780 [INFO] McuFinderGlobals:76 - Set McuFinderConnectedMode to true
2024-05-03 16:55:02,939 [INFO] ServerAccessManage:473 - Download File mcusAds.json._tmp_
2024-05-03 16:55:03,056 [INFO] LoadUrlFilesThread:156 - End of LoadUrlFiles Thread
2024-05-03 16:55:03,771 [INFO] ServerAccessManage:473 - Download File cube-finder-db.zip
2024-05-03 16:55:06,180 [INFO] FileExtend:240 - Unzip File : cube-finder-db.zip
2024-05-03 16:55:06,180 [INFO] FileExtend:255 - Standard Zip Deflate
2024-05-03 16:55:06,908 [INFO] LoadUrlFilesThread:156 - End of LoadUrlFiles Thread
2024-05-03 16:55:08,183 [INFO] ServerAccessManage:473 - Download File crdb.zip
2024-05-03 16:55:09,628 [INFO] FileExtend:240 - Unzip File : crdb.zip
2024-05-03 16:55:09,629 [INFO] FileExtend:255 - Standard Zip Deflate
2024-05-03 16:55:09,770 [INFO] LoadUrlFilesThread:156 - End of LoadUrlFiles Thread
2024-05-03 16:55:09,946 [INFO] ServerAccessManage:473 - Download File tutoVideoDB.zip
2024-05-03 16:55:09,953 [INFO] FileExtend:240 - Unzip File : tutoVideoDB.zip
2024-05-03 16:55:09,953 [INFO] FileExtend:255 - Standard Zip Deflate
2024-05-03 16:55:10,086 [INFO] LoadUrlFilesThread:156 - End of LoadUrlFiles Thread
2024-05-03 16:55:10,088 [WARN] DbFile:41 - Overriding database path with different value: C:\Users\conne\.stmcufinder\plugins\mcufinder/ => C:\Users\conne\.stmcufinder\plugins\mcufinder
2024-05-03 16:55:10,251 [INFO] ServerAccessManage:473 - Download File api_config.json
2024-05-03 16:55:10,369 [INFO] LoadUrlFilesThread:156 - End of LoadUrlFiles Thread
2024-05-03 16:55:10,370 [INFO] DbMcusAds:53 - JSON generation date=Thu May 02 17:37:29 KST 2024 (1714639049318)
2024-05-03 16:55:10,430 [INFO] ServerAccessManage:473 - Download File 
2024-05-03 16:55:10,439 [INFO] LoadUrlFilesThread:185 - End of LoadServerUrlFiles without Thread
2024-05-03 16:55:10,440 [INFO] TargetSelectorAdapter:259 - Refresh data is successful
2024-05-03 16:55:10,587 [INFO] ApiDb:581 - Connected to CubeFinder SQLite database (C:\Users\conne\.stmcufinder\plugins\mcufinder\mcu\cube-finder-db.db)
2024-05-03 16:55:10,634 [INFO] ApiDb:668 - CubeFinder database Data Model version=2.1
2024-05-03 16:55:10,634 [INFO] ApiDb:669 - CubeFinder database Configuration version=3.0.39
2024-05-03 16:55:10,634 [INFO] ApiDb:670 - CubeFinder database generation date=2024-04-16 (1713193726)
2024-05-03 16:55:10,634 [INFO] ApiDb:671 - CubeFinder database FW Pack versions=[FP-ATR-ASTRA1_V2.0.0, FP-SNS-FLIGHT1_V5.0.1, FP-SNS-FLIGHT1_V5.0.2, FP-SNS-MOTENV1_V4.3.1, FP-SNS-MOTENV1_V4.3.2, FP-SNS-MOTENVWB1_V1.3.1, FP-SNS-SMARTAG2_V1.2.0, STM32Cube_FW_C0_V1.1.0, STM32Cube_FW_F4_V1.28.0, STM32Cube_FW_F7_V1.17.0, STM32Cube_FW_G0_V1.6.2, STM32Cube_FW_G4_V1.5.2, STM32Cube_FW_H5_V0.5.1, STM32Cube_FW_H5_V1.1.1, STM32Cube_FW_H5_V1.2.0, STM32Cube_FW_H5_V1.2.0RC4, STM32Cube_FW_H7RS_V1.0.0, STM32Cube_FW_H7RS_V1.0.0RC4, STM32Cube_FW_H7_V1.11.0, STM32Cube_FW_L0_V1.12.2, STM32Cube_FW_L5_V1.5.1, STM32Cube_FW_U0_V1.0.0, STM32Cube_FW_U0_V1.0.0RC1, STM32Cube_FW_U5_V1.3.0RC4, STM32Cube_FW_U5_V1.5.0, STM32Cube_FW_U5_V1.5.0RC1, STM32Cube_FW_WBA_V1.0.0RC1, STM32Cube_FW_WBA_V1.2.0, STM32Cube_FW_WBA_V1.2.0RC2, STM32Cube_FW_WBA_V1.3.0, STM32Cube_FW_WBA_V1.3.0RC1, STM32Cube_FW_WB_V1.15.0RC1, STM32Cube_FW_WB_V1.16.0, STM32Cube_FW_WB_V1.16.0RC2, STM32Cube_FW_WB_V1.18.0, STM32Cube_FW_WB_V1.19.0, STM32Cube_FW_WL_V1.3.0, X-CUBE-ALGOBUILD_V1.3.0, X-CUBE-ALS_V1.0.1, X-CUBE-AZRTOS-F4_V1.1.0, X-CUBE-AZRTOS-F7_V1.1.0, X-CUBE-AZRTOS-G0_V1.1.0, X-CUBE-AZRTOS-G4_V2.0.0, X-CUBE-AZRTOS-H7_V3.2.0, X-CUBE-AZRTOS-L4_V1.0.0, X-CUBE-AZRTOS-L4_V2.0.0, X-CUBE-AZRTOS-L5_V1.1.0, X-CUBE-AZRTOS-WB_V2.0.0, X-CUBE-AZRTOS-WL_V2.0.0, X-CUBE-BLE1_V7.0.0, X-CUBE-BLE2_V3.3.0, X-CUBE-BLEMGR_V3.1.0, X-CUBE-EEPRMA1_V4.1.0, X-CUBE-EEPRMA1_V5.1.0, X-CUBE-FREERTOS_V1.1.0, X-CUBE-GNSS1_V6.0.0, X-CUBE-MEMS1_V10.0.0, X-CUBE-MEMS1_V9.1.0, X-CUBE-MEMS1_V9.4.0, X-CUBE-MEMS1_V9.6.0, X-CUBE-NFC4_V3.0.0, X-CUBE-NFC7_V1.0.1, X-CUBE-SFXS2LP1_V4.0.0, X-CUBE-SUBG2_V5.0.0, X-CUBE-TOF1_V3.4.0]
2024-05-03 16:55:11,806 [INFO] ApiDb:240 - Found 371 in-development CPN: [B-G473E-ZEST1S, B-WB1M-WPAN1, B-WL5M-SUBG1, NUCLEO-C031C6, NUCLEO-H503RB, NUCLEO-H563ZI, NUCLEO-U545RE-Q, NUCLEO-U5A5ZJ-Q, NUCLEO-WBA52CG, NUCLEO-WBA55CG, STEVAL-MKBOXPRO, STEVAL-PROTEUS1, STEVAL-STWINBX1, STM320518-EVAL, STM32C0116-DK, STM32C011D6Y3TR, STM32C011D6Y6TR, STM32C011F4P3, STM32C011F4P6, STM32C011F4U3, STM32C011F4U6TR, STM32C011F6P3, STM32C011F6P6, STM32C011F6U3, STM32C011F6U6TR, STM32C011J4M3, STM32C011J4M6, STM32C011J6M3, STM32C011J6M6, STM32C0316-DK, STM32C031C4T3, STM32C031C4T6, STM32C031C4U3, STM32C031C4U6, STM32C031C6T3, STM32C031C6T6, STM32C031C6U3, STM32C031C6U6, STM32C031F4P3, STM32C031F4P6, STM32C031F6P3, STM32C031F6P6, STM32C031G4U3, STM32C031G4U6, STM32C031G6U3, STM32C031G6U6, STM32C031K4T3, STM32C031K4T6, STM32C031K4U3, STM32C031K4U6, STM32C031K6T3, STM32C031K6T6, STM32C031K6U3, STM32C031K6U6, STM32G071K8TXN, STM32G071K8UXN, STM32G081GBU6N, STM32G081KBT6N, STM32G081KBUXN, STM32G0B1CCT6N, STM32G0B1KCT6, STM32G0B1NEY6TR, STM32G0B1RCT6N, STM32G0C1CCT6, STM32G0C1CCT6N, STM32G0C1CCU6N, STM32G0C1CET6N, STM32G0C1CEU6N, STM32G0C1KCT6, STM32G0C1NEY6TR, STM32G0C1RCI6N, STM32G0C1RCT6N, STM32G0C1REI6N, STM32G0C1RET6N, STM32G0C1VCI6, STM32G0C1VEI6, STM32G471CCT6, STM32G471CCU6, STM32G471CET3, STM32G471CET6, STM32G471CEU3, STM32G471CEU6, STM32G471MCT6, STM32G471MET3, STM32G471MET6, STM32G471MEY6TR, STM32G471QCT6, STM32G471QET3, STM32G471RCT6, STM32G471RET3, STM32G471RET6, STM32G471VCH6, STM32G471VCI6, STM32G471VCT6, STM32G471VEH3, STM32G471VEH6, STM32G471VEI3, STM32G471VEI6, STM32G471VET3, STM32G471VET6, STM32G474CCT6, STM32H503CBT6, STM32H503CBU6, STM32H503EBY6TR, STM32H503KBU6, STM32H503RBT6, STM32H562AGI6, STM32H562AII6, STM32H562IGK6, STM32H562IGT6, STM32H562IIK6, STM32H562IIT6, STM32H562RGT6, STM32H562RGV6, STM32H562RIT6, STM32H562RIV6, STM32H562VGT6, STM32H562VIT6, STM32H562ZGT6, STM32H562ZIT6, STM32H563AGI6, STM32H563AII3Q, STM32H563AII6, STM32H563IGK6, STM32H563IGT6, STM32H563IIK3Q, STM32H563IIK6, STM32H563IIT3Q, STM32H563IIT6, STM32H563MIY3QTR, STM32H563RGT6, STM32H563RGV6, STM32H563RIT6, STM32H563RIV6, STM32H563VGT6, STM32H563VIT3Q, STM32H563VIT6, STM32H563ZGT6, STM32H563ZIT3Q, STM32H563ZIT6, STM32H573AII3Q, STM32H573AII6, STM32H573I-DK, STM32H573IIK3Q, STM32H573IIK6, STM32H573IIT3Q, STM32H573IIT6, STM32H573MIY3QTR, STM32H573RIT6, STM32H573RIV6, STM32H573VIT3Q, STM32H573VIT6, STM32H573ZIT3Q, STM32H573ZIT6, STM32L4R5QGI6STR, STM32MP131AAE3, STM32MP131AAF3, STM32MP131AAG3, STM32MP131CAE3, STM32MP131CAF3, STM32MP131CAG3, STM32MP131DAE7, STM32MP131DAF7, STM32MP131DAG7, STM32MP131FAE7, STM32MP131FAF7, STM32MP131FAG7, STM32MP133AAE3, STM32MP133AAF3, STM32MP133AAG3, STM32MP133CAE3, STM32MP133CAF3, STM32MP133CAG3, STM32MP133DAE7, STM32MP133DAF7, STM32MP133DAG7, STM32MP133FAE7, STM32MP133FAF7, STM32MP133FAG7, STM32MP135AAE3, STM32MP135AAF3, STM32MP135AAG3, STM32MP135CAE3, STM32MP135CAF3, STM32MP135CAG3, STM32MP135DAE7, STM32MP135DAF7, STM32MP135DAG7, STM32MP135F-DK, STM32MP135FAE7, STM32MP135FAF7, STM32MP135FAF7T, STM32MP135FAF7U, STM32MP135FAG7, STM32U535CBT6, STM32U535CBT6Q, STM32U535CBU6, STM32U535CBU6Q, STM32U535CCT6, STM32U535CCT6Q, STM32U535CCU6, STM32U535CCU6Q, STM32U535CET6, STM32U535CET6Q, STM32U535CEU6, STM32U535CEU6Q, STM32U535JEY6QTR, STM32U535NCY6QTR, STM32U535NEY6QTR, STM32U535RBI6, STM32U535RBI6Q, STM32U535RBT6, STM32U535RBT6Q, STM32U535RCI6, STM32U535RCI6Q, STM32U535RCT6, STM32U535RCT6Q, STM32U535REI6, STM32U535REI6Q, STM32U535RET6, STM32U535RET6Q, STM32U535VCI6, STM32U535VCI6Q, STM32U535VCT6, STM32U535VCT6Q, STM32U535VEI6, STM32U535VEI6Q, STM32U535VET6, STM32U535VET6Q, STM32U545CET6, STM32U545CET6Q, STM32U545CEU6, STM32U545CEU6Q, STM32U545JEY6QTR, STM32U545NEY6QTR, STM32U545REI6, STM32U545REI6Q, STM32U545RET6, STM32U545RET6Q, STM32U545VEI6, STM32U545VEI6Q, STM32U545VET6, STM32U545VET6Q, STM32U595AIH6, STM32U595AIH6Q, STM32U595AJH6, STM32U595AJH6Q, STM32U595QII6, STM32U595QII6Q, STM32U595QJI6, STM32U595QJI6Q, STM32U595RIT6, STM32U595RIT6Q, STM32U595RJT6, STM32U595RJT6Q, STM32U595VIT6, STM32U595VIT6Q, STM32U595VJT6, STM32U595VJT6Q, STM32U595ZIT6, STM32U595ZIT6Q, STM32U595ZIY6QTR, STM32U595ZJT6, STM32U595ZJT6Q, STM32U595ZJY6QTR, STM32U599BJY6QTR, STM32U599NIH6Q, STM32U599NJH6Q, STM32U599VIT6Q, STM32U599VJT6, STM32U599VJT6Q, STM32U599ZIT6Q, STM32U599ZIY6QTR, STM32U599ZJT6Q, STM32U599ZJY6QTR, STM32U5A5AJH6, STM32U5A5AJH6Q, STM32U5A5QJI6, STM32U5A5QJI6Q, STM32U5A5RJT6, STM32U5A5RJT6Q, STM32U5A5VJT6, STM32U5A5VJT6Q, STM32U5A5ZJT6, STM32U5A5ZJT6Q, STM32U5A5ZJY6QTR, STM32U5A9BJY6QTR, STM32U5A9J-DK, STM32U5A9NJH6Q, STM32U5A9VJT6Q, STM32U5A9ZJT6Q, STM32U5A9ZJY6QTR, STM32U5F7VIT6, STM32U5F7VIT6Q, STM32U5F7VJT6, STM32U5F7VJT6Q, STM32U5F9BJY6QTR, STM32U5F9NJH6Q, STM32U5F9VIT6Q, STM32U5F9VJT6Q, STM32U5F9ZIJ6QTR, STM32U5F9ZIT6Q, STM32U5F9ZJJ6QTR, STM32U5F9ZJT6Q, STM32U5G7VJT6, STM32U5G7VJT6Q, STM32U5G9BJY6QTR, STM32U5G9J-DK1, STM32U5G9J-DK2, STM32U5G9NJH6Q, STM32U5G9VJT6Q, STM32U5G9ZJJ6QTR, STM32U5G9ZJT6Q, STM32WB1MMCH6, STM32WBA50KEU6, STM32WBA50KEU6TR, STM32WBA50KGU6, STM32WBA50KGU6TR, STM32WBA52CEU6, STM32WBA52CEU6TR, STM32WBA52CEU7, STM32WBA52CEU7TR, STM32WBA52CGU6, STM32WBA52CGU6TR, STM32WBA52CGU6U, STM32WBA52CGU7, STM32WBA52CGU7TR, STM32WBA52KEU6, STM32WBA52KEU6TR, STM32WBA52KGU6, STM32WBA52KGU6TR, STM32WBA54CEU6, STM32WBA54CEU6TR, STM32WBA54CEU7, STM32WBA54CEU7TR, STM32WBA54CGU6, STM32WBA54CGU6TR, STM32WBA54CGU7, STM32WBA54CGU7TR, STM32WBA54KEU6, STM32WBA54KEU6TR, STM32WBA54KEU7, STM32WBA54KEU7TR, STM32WBA54KGU6, STM32WBA54KGU6TR, STM32WBA54KGU7, STM32WBA54KGU7TR, STM32WBA55CEU6, STM32WBA55CEU6TR, STM32WBA55CEU7, STM32WBA55CEU7TR, STM32WBA55CGU6, STM32WBA55CGU6TR, STM32WBA55CGU6U, STM32WBA55CGU7, STM32WBA55CGU7TR, STM32WBA55G-DK1, STM32WBA55HEF6, STM32WBA55HEF7, STM32WBA55HGF6, STM32WBA55HGF7, STM32WBA55UEI6, STM32WBA55UEI6TR, STM32WBA55UEI7, STM32WBA55UEI7TR, STM32WBA55UGI6, STM32WBA55UGI6TR, STM32WBA55UGI7, STM32WBA55UGI7TR, STM32WL5MOCH6, STM32WL5MOCH6TR]
2024-05-03 16:55:11,810 [INFO] DbMcus:218 - Found 4092 MCUs, 4092 are supported
2024-05-03 16:55:11,810 [INFO] ApiDb:423 - Load user favorites file C:\Users\conne/.stm32cubeide/favorites.mcus.txt: 0 item(s)
2024-05-03 16:55:11,810 [INFO] ApiDb:427 - User favorites MCUs=[]
2024-05-03 16:55:11,810 [INFO] DbMcus:224 - Set 0 / 0 favorites MCUs
2024-05-03 16:55:12,000 [INFO] ApiDb:668 - CubeFinder database Data Model version=2.1
2024-05-03 16:55:12,001 [INFO] ApiDb:669 - CubeFinder database Configuration version=3.0.39
2024-05-03 16:55:12,001 [INFO] ApiDb:670 - CubeFinder database generation date=2024-04-16 (1713193726)
2024-05-03 16:55:12,001 [INFO] ApiDb:671 - CubeFinder database FW Pack versions=[FP-ATR-ASTRA1_V2.0.0, FP-SNS-FLIGHT1_V5.0.1, FP-SNS-FLIGHT1_V5.0.2, FP-SNS-MOTENV1_V4.3.1, FP-SNS-MOTENV1_V4.3.2, FP-SNS-MOTENVWB1_V1.3.1, FP-SNS-SMARTAG2_V1.2.0, STM32Cube_FW_C0_V1.1.0, STM32Cube_FW_F4_V1.28.0, STM32Cube_FW_F7_V1.17.0, STM32Cube_FW_G0_V1.6.2, STM32Cube_FW_G4_V1.5.2, STM32Cube_FW_H5_V0.5.1, STM32Cube_FW_H5_V1.1.1, STM32Cube_FW_H5_V1.2.0, STM32Cube_FW_H5_V1.2.0RC4, STM32Cube_FW_H7RS_V1.0.0, STM32Cube_FW_H7RS_V1.0.0RC4, STM32Cube_FW_H7_V1.11.0, STM32Cube_FW_L0_V1.12.2, STM32Cube_FW_L5_V1.5.1, STM32Cube_FW_U0_V1.0.0, STM32Cube_FW_U0_V1.0.0RC1, STM32Cube_FW_U5_V1.3.0RC4, STM32Cube_FW_U5_V1.5.0, STM32Cube_FW_U5_V1.5.0RC1, STM32Cube_FW_WBA_V1.0.0RC1, STM32Cube_FW_WBA_V1.2.0, STM32Cube_FW_WBA_V1.2.0RC2, STM32Cube_FW_WBA_V1.3.0, STM32Cube_FW_WBA_V1.3.0RC1, STM32Cube_FW_WB_V1.15.0RC1, STM32Cube_FW_WB_V1.16.0, STM32Cube_FW_WB_V1.16.0RC2, STM32Cube_FW_WB_V1.18.0, STM32Cube_FW_WB_V1.19.0, STM32Cube_FW_WL_V1.3.0, X-CUBE-ALGOBUILD_V1.3.0, X-CUBE-ALS_V1.0.1, X-CUBE-AZRTOS-F4_V1.1.0, X-CUBE-AZRTOS-F7_V1.1.0, X-CUBE-AZRTOS-G0_V1.1.0, X-CUBE-AZRTOS-G4_V2.0.0, X-CUBE-AZRTOS-H7_V3.2.0, X-CUBE-AZRTOS-L4_V1.0.0, X-CUBE-AZRTOS-L4_V2.0.0, X-CUBE-AZRTOS-L5_V1.1.0, X-CUBE-AZRTOS-WB_V2.0.0, X-CUBE-AZRTOS-WL_V2.0.0, X-CUBE-BLE1_V7.0.0, X-CUBE-BLE2_V3.3.0, X-CUBE-BLEMGR_V3.1.0, X-CUBE-EEPRMA1_V4.1.0, X-CUBE-EEPRMA1_V5.1.0, X-CUBE-FREERTOS_V1.1.0, X-CUBE-GNSS1_V6.0.0, X-CUBE-MEMS1_V10.0.0, X-CUBE-MEMS1_V9.1.0, X-CUBE-MEMS1_V9.4.0, X-CUBE-MEMS1_V9.6.0, X-CUBE-NFC4_V3.0.0, X-CUBE-NFC7_V1.0.1, X-CUBE-SFXS2LP1_V4.0.0, X-CUBE-SUBG2_V5.0.0, X-CUBE-TOF1_V3.4.0]
2024-05-03 16:55:12,038 [INFO] DbBoardsSqlite:226 - include board P-NUCLEO-WB55-NUCLEO as a kit item of type 'Nucleo-64'
2024-05-03 16:55:12,038 [INFO] DbBoardsSqlite:226 - include board P-NUCLEO-WB55-USBDONGLE as a kit item of type 'Nucleo USB Dongle'
2024-05-03 16:55:12,038 [INFO] DbBoardsSqlite:226 - include board STEVAL-IDP005V1 as a kit item of type 'Evaluation Board'
2024-05-03 16:55:12,038 [INFO] DbBoardsSqlite:226 - include board STEVAL-IDP005V2 as a kit item of type 'Evaluation Board'
2024-05-03 16:55:12,074 [INFO] ApiDb:240 - Found 371 in-development CPN: [B-G473E-ZEST1S, B-WB1M-WPAN1, B-WL5M-SUBG1, NUCLEO-C031C6, NUCLEO-H503RB, NUCLEO-H563ZI, NUCLEO-U545RE-Q, NUCLEO-U5A5ZJ-Q, NUCLEO-WBA52CG, NUCLEO-WBA55CG, STEVAL-MKBOXPRO, STEVAL-PROTEUS1, STEVAL-STWINBX1, STM320518-EVAL, STM32C0116-DK, STM32C011D6Y3TR, STM32C011D6Y6TR, STM32C011F4P3, STM32C011F4P6, STM32C011F4U3, STM32C011F4U6TR, STM32C011F6P3, STM32C011F6P6, STM32C011F6U3, STM32C011F6U6TR, STM32C011J4M3, STM32C011J4M6, STM32C011J6M3, STM32C011J6M6, STM32C0316-DK, STM32C031C4T3, STM32C031C4T6, STM32C031C4U3, STM32C031C4U6, STM32C031C6T3, STM32C031C6T6, STM32C031C6U3, STM32C031C6U6, STM32C031F4P3, STM32C031F4P6, STM32C031F6P3, STM32C031F6P6, STM32C031G4U3, STM32C031G4U6, STM32C031G6U3, STM32C031G6U6, STM32C031K4T3, STM32C031K4T6, STM32C031K4U3, STM32C031K4U6, STM32C031K6T3, STM32C031K6T6, STM32C031K6U3, STM32C031K6U6, STM32G071K8TXN, STM32G071K8UXN, STM32G081GBU6N, STM32G081KBT6N, STM32G081KBUXN, STM32G0B1CCT6N, STM32G0B1KCT6, STM32G0B1NEY6TR, STM32G0B1RCT6N, STM32G0C1CCT6, STM32G0C1CCT6N, STM32G0C1CCU6N, STM32G0C1CET6N, STM32G0C1CEU6N, STM32G0C1KCT6, STM32G0C1NEY6TR, STM32G0C1RCI6N, STM32G0C1RCT6N, STM32G0C1REI6N, STM32G0C1RET6N, STM32G0C1VCI6, STM32G0C1VEI6, STM32G471CCT6, STM32G471CCU6, STM32G471CET3, STM32G471CET6, STM32G471CEU3, STM32G471CEU6, STM32G471MCT6, STM32G471MET3, STM32G471MET6, STM32G471MEY6TR, STM32G471QCT6, STM32G471QET3, STM32G471RCT6, STM32G471RET3, STM32G471RET6, STM32G471VCH6, STM32G471VCI6, STM32G471VCT6, STM32G471VEH3, STM32G471VEH6, STM32G471VEI3, STM32G471VEI6, STM32G471VET3, STM32G471VET6, STM32G474CCT6, STM32H503CBT6, STM32H503CBU6, STM32H503EBY6TR, STM32H503KBU6, STM32H503RBT6, STM32H562AGI6, STM32H562AII6, STM32H562IGK6, STM32H562IGT6, STM32H562IIK6, STM32H562IIT6, STM32H562RGT6, STM32H562RGV6, STM32H562RIT6, STM32H562RIV6, STM32H562VGT6, STM32H562VIT6, STM32H562ZGT6, STM32H562ZIT6, STM32H563AGI6, STM32H563AII3Q, STM32H563AII6, STM32H563IGK6, STM32H563IGT6, STM32H563IIK3Q, STM32H563IIK6, STM32H563IIT3Q, STM32H563IIT6, STM32H563MIY3QTR, STM32H563RGT6, STM32H563RGV6, STM32H563RIT6, STM32H563RIV6, STM32H563VGT6, STM32H563VIT3Q, STM32H563VIT6, STM32H563ZGT6, STM32H563ZIT3Q, STM32H563ZIT6, STM32H573AII3Q, STM32H573AII6, STM32H573I-DK, STM32H573IIK3Q, STM32H573IIK6, STM32H573IIT3Q, STM32H573IIT6, STM32H573MIY3QTR, STM32H573RIT6, STM32H573RIV6, STM32H573VIT3Q, STM32H573VIT6, STM32H573ZIT3Q, STM32H573ZIT6, STM32L4R5QGI6STR, STM32MP131AAE3, STM32MP131AAF3, STM32MP131AAG3, STM32MP131CAE3, STM32MP131CAF3, STM32MP131CAG3, STM32MP131DAE7, STM32MP131DAF7, STM32MP131DAG7, STM32MP131FAE7, STM32MP131FAF7, STM32MP131FAG7, STM32MP133AAE3, STM32MP133AAF3, STM32MP133AAG3, STM32MP133CAE3, STM32MP133CAF3, STM32MP133CAG3, STM32MP133DAE7, STM32MP133DAF7, STM32MP133DAG7, STM32MP133FAE7, STM32MP133FAF7, STM32MP133FAG7, STM32MP135AAE3, STM32MP135AAF3, STM32MP135AAG3, STM32MP135CAE3, STM32MP135CAF3, STM32MP135CAG3, STM32MP135DAE7, STM32MP135DAF7, STM32MP135DAG7, STM32MP135F-DK, STM32MP135FAE7, STM32MP135FAF7, STM32MP135FAF7T, STM32MP135FAF7U, STM32MP135FAG7, STM32U535CBT6, STM32U535CBT6Q, STM32U535CBU6, STM32U535CBU6Q, STM32U535CCT6, STM32U535CCT6Q, STM32U535CCU6, STM32U535CCU6Q, STM32U535CET6, STM32U535CET6Q, STM32U535CEU6, STM32U535CEU6Q, STM32U535JEY6QTR, STM32U535NCY6QTR, STM32U535NEY6QTR, STM32U535RBI6, STM32U535RBI6Q, STM32U535RBT6, STM32U535RBT6Q, STM32U535RCI6, STM32U535RCI6Q, STM32U535RCT6, STM32U535RCT6Q, STM32U535REI6, STM32U535REI6Q, STM32U535RET6, STM32U535RET6Q, STM32U535VCI6, STM32U535VCI6Q, STM32U535VCT6, STM32U535VCT6Q, STM32U535VEI6, STM32U535VEI6Q, STM32U535VET6, STM32U535VET6Q, STM32U545CET6, STM32U545CET6Q, STM32U545CEU6, STM32U545CEU6Q, STM32U545JEY6QTR, STM32U545NEY6QTR, STM32U545REI6, STM32U545REI6Q, STM32U545RET6, STM32U545RET6Q, STM32U545VEI6, STM32U545VEI6Q, STM32U545VET6, STM32U545VET6Q, STM32U595AIH6, STM32U595AIH6Q, STM32U595AJH6, STM32U595AJH6Q, STM32U595QII6, STM32U595QII6Q, STM32U595QJI6, STM32U595QJI6Q, STM32U595RIT6, STM32U595RIT6Q, STM32U595RJT6, STM32U595RJT6Q, STM32U595VIT6, STM32U595VIT6Q, STM32U595VJT6, STM32U595VJT6Q, STM32U595ZIT6, STM32U595ZIT6Q, STM32U595ZIY6QTR, STM32U595ZJT6, STM32U595ZJT6Q, STM32U595ZJY6QTR, STM32U599BJY6QTR, STM32U599NIH6Q, STM32U599NJH6Q, STM32U599VIT6Q, STM32U599VJT6, STM32U599VJT6Q, STM32U599ZIT6Q, STM32U599ZIY6QTR, STM32U599ZJT6Q, STM32U599ZJY6QTR, STM32U5A5AJH6, STM32U5A5AJH6Q, STM32U5A5QJI6, STM32U5A5QJI6Q, STM32U5A5RJT6, STM32U5A5RJT6Q, STM32U5A5VJT6, STM32U5A5VJT6Q, STM32U5A5ZJT6, STM32U5A5ZJT6Q, STM32U5A5ZJY6QTR, STM32U5A9BJY6QTR, STM32U5A9J-DK, STM32U5A9NJH6Q, STM32U5A9VJT6Q, STM32U5A9ZJT6Q, STM32U5A9ZJY6QTR, STM32U5F7VIT6, STM32U5F7VIT6Q, STM32U5F7VJT6, STM32U5F7VJT6Q, STM32U5F9BJY6QTR, STM32U5F9NJH6Q, STM32U5F9VIT6Q, STM32U5F9VJT6Q, STM32U5F9ZIJ6QTR, STM32U5F9ZIT6Q, STM32U5F9ZJJ6QTR, STM32U5F9ZJT6Q, STM32U5G7VJT6, STM32U5G7VJT6Q, STM32U5G9BJY6QTR, STM32U5G9J-DK1, STM32U5G9J-DK2, STM32U5G9NJH6Q, STM32U5G9VJT6Q, STM32U5G9ZJJ6QTR, STM32U5G9ZJT6Q, STM32WB1MMCH6, STM32WBA50KEU6, STM32WBA50KEU6TR, STM32WBA50KGU6, STM32WBA50KGU6TR, STM32WBA52CEU6, STM32WBA52CEU6TR, STM32WBA52CEU7, STM32WBA52CEU7TR, STM32WBA52CGU6, STM32WBA52CGU6TR, STM32WBA52CGU6U, STM32WBA52CGU7, STM32WBA52CGU7TR, STM32WBA52KEU6, STM32WBA52KEU6TR, STM32WBA52KGU6, STM32WBA52KGU6TR, STM32WBA54CEU6, STM32WBA54CEU6TR, STM32WBA54CEU7, STM32WBA54CEU7TR, STM32WBA54CGU6, STM32WBA54CGU6TR, STM32WBA54CGU7, STM32WBA54CGU7TR, STM32WBA54KEU6, STM32WBA54KEU6TR, STM32WBA54KEU7, STM32WBA54KEU7TR, STM32WBA54KGU6, STM32WBA54KGU6TR, STM32WBA54KGU7, STM32WBA54KGU7TR, STM32WBA55CEU6, STM32WBA55CEU6TR, STM32WBA55CEU7, STM32WBA55CEU7TR, STM32WBA55CGU6, STM32WBA55CGU6TR, STM32WBA55CGU6U, STM32WBA55CGU7, STM32WBA55CGU7TR, STM32WBA55G-DK1, STM32WBA55HEF6, STM32WBA55HEF7, STM32WBA55HGF6, STM32WBA55HGF7, STM32WBA55UEI6, STM32WBA55UEI6TR, STM32WBA55UEI7, STM32WBA55UEI7TR, STM32WBA55UGI6, STM32WBA55UGI6TR, STM32WBA55UGI7, STM32WBA55UGI7TR, STM32WL5MOCH6, STM32WL5MOCH6TR]
2024-05-03 16:55:12,141 [INFO] BoardInfo:889 - No configuration file found for board NUCLEO-H533RE
2024-05-03 16:55:12,141 [INFO] DbBoards:161 - Board is not supported: NUCLEO-H533RE
2024-05-03 16:55:12,156 [INFO] BoardInfo:889 - No configuration file found for board NUCLEO-H7S3L8
2024-05-03 16:55:12,156 [INFO] DbBoards:161 - Board is not supported: NUCLEO-H7S3L8
2024-05-03 16:55:12,192 [INFO] BoardInfo:889 - No configuration file found for board NUCLEO-U031R8
2024-05-03 16:55:12,193 [INFO] DbBoards:161 - Board is not supported: NUCLEO-U031R8
2024-05-03 16:55:12,193 [INFO] BoardInfo:889 - No configuration file found for board NUCLEO-U083RC
2024-05-03 16:55:12,193 [INFO] DbBoards:161 - Board is not supported: NUCLEO-U083RC
2024-05-03 16:55:12,201 [INFO] BoardInfo:889 - No configuration file found for board P-NUCLEO-WB55
2024-05-03 16:55:12,201 [INFO] DbBoards:161 - Kit is not supported: P-NUCLEO-WB55
2024-05-03 16:55:12,204 [INFO] BoardInfo:889 - No configuration file found for board STEVAL-BFA001V1B
2024-05-03 16:55:12,204 [INFO] DbBoards:161 - Kit is not supported: STEVAL-BFA001V1B
2024-05-03 16:55:12,205 [INFO] BoardInfo:889 - No configuration file found for board STEVAL-BFA001V2B
2024-05-03 16:55:12,205 [INFO] DbBoards:161 - Kit is not supported: STEVAL-BFA001V2B
2024-05-03 16:55:12,267 [INFO] BoardInfo:889 - No configuration file found for board STM32H7S78-DK
2024-05-03 16:55:12,267 [INFO] DbBoards:161 - Board is not supported: STM32H7S78-DK
2024-05-03 16:55:12,291 [INFO] BoardInfo:889 - No configuration file found for board STM32U083C-DK
2024-05-03 16:55:12,292 [INFO] DbBoards:161 - Board is not supported: STM32U083C-DK
2024-05-03 16:55:12,298 [INFO] DbBoards:168 - Found 199 boards, 190 are supported
2024-05-03 16:55:12,299 [INFO] DbBoards:169 - Found 199 boards, 3 of them is supported for  Bsp
2024-05-03 16:55:12,300 [INFO] ApiDb:423 - Load user favorites file C:\Users\conne/.stm32cubeide/favorites.boards.txt: 0 item(s)
2024-05-03 16:55:12,300 [INFO] ApiDb:427 - User favorites Boards=[]
2024-05-03 16:55:12,300 [INFO] DbBoards:198 - Set 0 / 0 favorites Boards
2024-05-03 16:55:12,302 [INFO] ApiDb:668 - CubeFinder database Data Model version=2.1
2024-05-03 16:55:12,302 [INFO] ApiDb:669 - CubeFinder database Configuration version=3.0.39
2024-05-03 16:55:12,302 [INFO] ApiDb:670 - CubeFinder database generation date=2024-04-16 (1713193726)
2024-05-03 16:55:12,302 [INFO] ApiDb:671 - CubeFinder database FW Pack versions=[FP-ATR-ASTRA1_V2.0.0, FP-SNS-FLIGHT1_V5.0.1, FP-SNS-FLIGHT1_V5.0.2, FP-SNS-MOTENV1_V4.3.1, FP-SNS-MOTENV1_V4.3.2, FP-SNS-MOTENVWB1_V1.3.1, FP-SNS-SMARTAG2_V1.2.0, STM32Cube_FW_C0_V1.1.0, STM32Cube_FW_F4_V1.28.0, STM32Cube_FW_F7_V1.17.0, STM32Cube_FW_G0_V1.6.2, STM32Cube_FW_G4_V1.5.2, STM32Cube_FW_H5_V0.5.1, STM32Cube_FW_H5_V1.1.1, STM32Cube_FW_H5_V1.2.0, STM32Cube_FW_H5_V1.2.0RC4, STM32Cube_FW_H7RS_V1.0.0, STM32Cube_FW_H7RS_V1.0.0RC4, STM32Cube_FW_H7_V1.11.0, STM32Cube_FW_L0_V1.12.2, STM32Cube_FW_L5_V1.5.1, STM32Cube_FW_U0_V1.0.0, STM32Cube_FW_U0_V1.0.0RC1, STM32Cube_FW_U5_V1.3.0RC4, STM32Cube_FW_U5_V1.5.0, STM32Cube_FW_U5_V1.5.0RC1, STM32Cube_FW_WBA_V1.0.0RC1, STM32Cube_FW_WBA_V1.2.0, STM32Cube_FW_WBA_V1.2.0RC2, STM32Cube_FW_WBA_V1.3.0, STM32Cube_FW_WBA_V1.3.0RC1, STM32Cube_FW_WB_V1.15.0RC1, STM32Cube_FW_WB_V1.16.0, STM32Cube_FW_WB_V1.16.0RC2, STM32Cube_FW_WB_V1.18.0, STM32Cube_FW_WB_V1.19.0, STM32Cube_FW_WL_V1.3.0, X-CUBE-ALGOBUILD_V1.3.0, X-CUBE-ALS_V1.0.1, X-CUBE-AZRTOS-F4_V1.1.0, X-CUBE-AZRTOS-F7_V1.1.0, X-CUBE-AZRTOS-G0_V1.1.0, X-CUBE-AZRTOS-G4_V2.0.0, X-CUBE-AZRTOS-H7_V3.2.0, X-CUBE-AZRTOS-L4_V1.0.0, X-CUBE-AZRTOS-L4_V2.0.0, X-CUBE-AZRTOS-L5_V1.1.0, X-CUBE-AZRTOS-WB_V2.0.0, X-CUBE-AZRTOS-WL_V2.0.0, X-CUBE-BLE1_V7.0.0, X-CUBE-BLE2_V3.3.0, X-CUBE-BLEMGR_V3.1.0, X-CUBE-EEPRMA1_V4.1.0, X-CUBE-EEPRMA1_V5.1.0, X-CUBE-FREERTOS_V1.1.0, X-CUBE-GNSS1_V6.0.0, X-CUBE-MEMS1_V10.0.0, X-CUBE-MEMS1_V9.1.0, X-CUBE-MEMS1_V9.4.0, X-CUBE-MEMS1_V9.6.0, X-CUBE-NFC4_V3.0.0, X-CUBE-NFC7_V1.0.1, X-CUBE-SFXS2LP1_V4.0.0, X-CUBE-SUBG2_V5.0.0, X-CUBE-TOF1_V3.4.0]
2024-05-03 16:55:12,818 [ERROR] DbExamplesSqlite:437 - Missing JSON key: board_cpn
2024-05-03 16:55:12,818 [ERROR] DbExamplesSqlite:437 - Missing JSON key: board_cpn
2024-05-03 16:55:12,819 [ERROR] DbExamplesSqlite:437 - Missing JSON key: board_cpn
2024-05-03 16:55:12,819 [ERROR] DbExamplesSqlite:437 - Missing JSON key: board_cpn
2024-05-03 16:55:12,877 [INFO] DbExamplesSqlite:395 - Ignored 60 examples not supported by CubeIDE
2024-05-03 16:55:12,877 [INFO] DbExamplesSqlite:396 - Found 8152 examples active
2024-05-03 16:55:12,877 [INFO] DbExamplesSqlite:397 - Found 871 examples obsolete
2024-05-03 16:55:12,877 [INFO] DbExamplesSqlite:398 - Found 0 examples under development
2024-05-03 16:55:12,877 [INFO] DbExamplesSqlite:399 - Found 10 examples not building
2024-05-03 16:55:12,879 [INFO] DbExamples:125 - Found 8102 examples
2024-05-03 16:55:12,892 [INFO] DbExamples:222 - Found 101 boards with related examples
2024-05-03 16:55:12,893 [INFO] DbExamples:235 - Found 86 MCUs with related examples
2024-05-03 16:55:12,916 [INFO] ApiDb:423 - Load user favorites file C:\Users\conne/.stm32cubeide/favorites.examples.txt: 1 item(s)
2024-05-03 16:55:12,916 [INFO] ApiDb:427 - User favorites Examples=[STM32CUBEF4-SWX-20562]
2024-05-03 16:55:12,916 [INFO] DbExamples:250 - Set 1 / 1 favorites Examples
2024-05-03 16:55:13,205 [INFO] McuFinderGlobals:76 - Set McuFinderConnectedMode to true
2024-05-03 16:55:13,215 [INFO] MultiScanPanel:200 - Auto-refresh data requested => check proxy status ongoing
2024-05-03 16:55:13,218 [INFO] FinderPluginLoader:95 - Searching for filters in installed packs
2024-05-03 16:55:14,215 [INFO] LoadUrlFilesThread:185 - End of LoadServerUrlFiles without Thread
2024-05-03 16:55:14,242 [INFO] DetailPanel:341 - Set advertising image to C:/Users/conne/STM32Cube/Repository/\en.prom-stm32h7rs-mcu-finder.png
2024-05-03 16:55:17,381 [ERROR] LogOutputStream:75 - [STDERR_REDIRECT] SLF4J: Failed to load class "org.slf4j.impl.StaticLoggerBinder".
2024-05-03 16:55:17,381 [ERROR] LogOutputStream:75 - [STDERR_REDIRECT] SLF4J: Defaulting to no-operation (NOP) logger implementation
2024-05-03 16:55:17,381 [ERROR] LogOutputStream:75 - [STDERR_REDIRECT] SLF4J: See http://www.slf4j.org/codes.html#StaticLoggerBinder for further details.
2024-05-03 16:56:07,727 [INFO] MainUpdater:2873 - connection check result : 10
2024-05-03 16:56:07,728 [INFO] MainUpdater:2873 - connection check result : 10
2024-05-03 16:56:07,754 [INFO] MicroXplorer:468 - Change Database Path : 
2024-05-03 16:56:07,754 [INFO] MicroXplorer:498 - Change Database Version : DB.6.0.100
2024-05-03 16:56:07,758 [WARN] ThirdParty:871 - waiting for thirdparty lock release [close project]
2024-05-03 16:56:07,758 [INFO] ThirdParty:873 - entering critical section [close project]
2024-05-03 16:56:07,758 [INFO] ThirdParty:883 - exiting critical section [close project]
2024-05-03 16:56:07,761 [INFO] PinOutPanel:1499 - setPackage(No Configuration,No Configuration)
2024-05-03 16:56:07,768 [INFO] UtilMem:75 - Begin LoadConfig() Used Memory: 474938512 Bytes (576716800)
2024-05-03 16:56:07,770 [INFO] MicroXplorer:468 - Change Database Path : 
2024-05-03 16:56:07,771 [INFO] MicroXplorer:498 - Change Database Version : DB.6.0.100
2024-05-03 16:56:07,771 [INFO] OpenFileManager:312 - Change cursor
2024-05-03 16:56:07,826 [INFO] Mcu:2016 - Initializing MCU STM32F103C8Tx STM32F103C8Tx STM32F103C8T6
2024-05-03 16:56:08,876 [INFO] Context:659 - Trying to add GPIOservice into a context  which must be forbidden
2024-05-03 16:56:09,096 [INFO] ImportTextPane:194 - (OptionalMessage_ERROR) Unable to find key (Mcu.ThirdPartyNb) in loaded IOC file
2024-05-03 16:56:09,096 [INFO] ImportTextPane:194 - (OptionalMessage_ERROR) Unable to find key (Mcu.PinsNb) in loaded IOC file
2024-05-03 16:56:09,096 [INFO] ImportTextPane:194 - (OptionalMessage_ERROR) Unable to find key (Mcu.IPNb) in loaded IOC file
2024-05-03 16:56:09,159 [INFO] RtosManager:555 - Registered RTOS mode: class=CMSIS, group=RTOS, mode=CMSIS_V1, owner=FREERTOS
2024-05-03 16:56:09,159 [INFO] RtosManager:555 - Registered RTOS mode: class=CMSIS, group=RTOS2, mode=CMSIS_V2, owner=FREERTOS
2024-05-03 16:56:09,159 [INFO] RtosManager:555 - Registered RTOS mode: class=RTOS, group=Core, mode=CMSIS_V1, owner=FREERTOS
2024-05-03 16:56:09,159 [INFO] RtosManager:555 - Registered RTOS mode: class=RTOS, group=Core, mode=CMSIS_V2, owner=FREERTOS
2024-05-03 16:56:09,160 [WARN] ModelIntegratedComponent:184 - Missing modes for component STMicroelectronics:FreeRTOS:0.0.1:STMicroelectronics:RTOS:FreeRTOS:Core:::10.2.0:
2024-05-03 16:56:09,174 [WARN] ModelIntegratedComponent:63 - No mode defined for component null
2024-05-03 16:56:09,175 [WARN] ModelIntegratedComponent:63 - No mode defined for component null
2024-05-03 16:56:09,175 [WARN] ModelIntegratedComponent:63 - No mode defined for component null
2024-05-03 16:56:09,175 [WARN] ModelIntegratedComponent:63 - No mode defined for component null
2024-05-03 16:56:09,175 [WARN] ModelIntegratedComponent:63 - No mode defined for component null
2024-05-03 16:56:09,175 [WARN] ModelIntegratedComponent:63 - No mode defined for component null
2024-05-03 16:56:09,175 [WARN] ModelIntegratedComponent:63 - No mode defined for component null
2024-05-03 16:56:09,175 [WARN] ModelIntegratedComponent:63 - No mode defined for component null
2024-05-03 16:56:09,175 [WARN] ModelIntegratedComponent:63 - No mode defined for component null
2024-05-03 16:56:09,175 [WARN] ModelIntegratedComponent:63 - No mode defined for component null
2024-05-03 16:56:09,175 [WARN] ModelIntegratedComponent:63 - No mode defined for component null
2024-05-03 16:56:09,175 [WARN] ModelIntegratedComponent:63 - No mode defined for component null
2024-05-03 16:56:09,175 [WARN] ModelIntegratedComponent:63 - No mode defined for component null
2024-05-03 16:56:09,175 [WARN] ModelIntegratedComponent:63 - No mode defined for component null
2024-05-03 16:56:09,177 [WARN] ModelIntegratedComponent:63 - No mode defined for component null
2024-05-03 16:56:09,177 [WARN] ModelIntegratedComponent:63 - No mode defined for component null
2024-05-03 16:56:09,177 [WARN] ModelIntegratedComponent:63 - No mode defined for component null
2024-05-03 16:56:09,177 [WARN] ModelIntegratedComponent:63 - No mode defined for component null
2024-05-03 16:56:09,177 [WARN] ModelIntegratedComponent:63 - No mode defined for component null
2024-05-03 16:56:09,177 [WARN] ModelIntegratedComponent:63 - No mode defined for component null
2024-05-03 16:56:09,177 [WARN] ModelIntegratedComponent:63 - No mode defined for component null
2024-05-03 16:56:09,177 [WARN] ModelIntegratedComponent:63 - No mode defined for component null
2024-05-03 16:56:09,177 [WARN] ModelIntegratedComponent:63 - No mode defined for component null
2024-05-03 16:56:09,177 [WARN] ModelIntegratedComponent:63 - No mode defined for component null
2024-05-03 16:56:09,177 [WARN] ModelIntegratedComponent:63 - No mode defined for component null
2024-05-03 16:56:09,177 [WARN] ModelIntegratedComponent:63 - No mode defined for component null
2024-05-03 16:56:09,177 [WARN] ModelIntegratedComponent:63 - No mode defined for component null
2024-05-03 16:56:09,177 [WARN] ModelIntegratedComponent:63 - No mode defined for component null
2024-05-03 16:56:09,177 [WARN] ModelIntegratedComponent:63 - No mode defined for component null
2024-05-03 16:56:09,177 [WARN] ModelIntegratedComponent:63 - No mode defined for component null
2024-05-03 16:56:09,177 [WARN] ModelIntegratedComponent:63 - No mode defined for component null
2024-05-03 16:56:09,177 [WARN] ModelIntegratedComponent:63 - No mode defined for component null
2024-05-03 16:56:09,177 [WARN] ModelIntegratedComponent:63 - No mode defined for component null
2024-05-03 16:56:09,259 [INFO] ThirdPartyModel:298 - Start build external matchings
2024-05-03 16:56:09,553 [INFO] ThirdPartyModel:316 - End build external matchings
2024-05-03 16:56:09,783 [INFO] UtilMem:75 - End LoadConfig() Used Memory: 487447088 Bytes (767557632)
2024-05-03 16:56:09,823 [INFO] MicroXplorer:468 - Change Database Path : 
2024-05-03 16:56:09,823 [INFO] MicroXplorer:498 - Change Database Version : DB.6.0.100
2024-05-03 16:56:09,824 [WARN] ThirdParty:833 - waiting for thirdparty lock release [change project]
2024-05-03 16:56:09,824 [INFO] ThirdParty:835 - entering critical section [change project]
2024-05-03 16:56:09,824 [INFO] ThirdParty:1030 - CMSIS Pack Vendor :STMicroelectronics USBPD 4.1
2024-05-03 16:56:09,824 [INFO] ThirdParty:1030 - CMSIS Pack Vendor :STMicroelectronics X-CUBE-GNSS1 6.0.0
2024-05-03 16:56:09,824 [INFO] ThirdParty:1030 - CMSIS Pack Vendor :STMicroelectronics USB_HOST 2.0.0
2024-05-03 16:56:09,824 [INFO] ThirdParty:1030 - CMSIS Pack Vendor :STMicroelectronics FP-SNS-MOTENVWB1 1.4.0
2024-05-03 16:56:09,824 [INFO] ThirdParty:1030 - CMSIS Pack Vendor :STMicroelectronics X-CUBE-AZRTOS-F4 1.1.0
2024-05-03 16:56:09,824 [INFO] ThirdParty:1030 - CMSIS Pack Vendor :STMicroelectronics LIBJPEG 8.0.0
2024-05-03 16:56:09,824 [INFO] ThirdParty:1030 - CMSIS Pack Vendor :STMicroelectronics X-CUBE-SMBUS 2.1.0
2024-05-03 16:56:09,824 [INFO] ThirdParty:1030 - CMSIS Pack Vendor :STMicroelectronics USB_DEVICE 3.0.0
2024-05-03 16:56:09,824 [INFO] ThirdParty:1030 - CMSIS Pack Vendor :STMicroelectronics X-CUBE-TCPP 4.1.0
2024-05-03 16:56:09,824 [INFO] ThirdParty:1030 - CMSIS Pack Vendor :STMicroelectronics X-CUBE-FREERTOS 1.2.0
2024-05-03 16:56:09,824 [INFO] ThirdParty:1030 - CMSIS Pack Vendor :STMicroelectronics X-CUBE-AZRTOS-WB 2.0.0
2024-05-03 16:56:09,824 [INFO] ThirdParty:1030 - CMSIS Pack Vendor :wolfSSL I-CUBE-wolfSSL 5.6.6
2024-05-03 16:56:09,826 [INFO] ThirdParty:1030 - CMSIS Pack Vendor :STMicroelectronics X-CUBE-TOUCHGFX 4.23.1
2024-05-03 16:56:09,826 [INFO] ThirdParty:1030 - CMSIS Pack Vendor :STMicroelectronics X-CUBE-TOUCHGFX 4.23.0
2024-05-03 16:56:09,826 [INFO] ThirdParty:1030 - CMSIS Pack Vendor :STMicroelectronics X-CUBE-TOUCHGFX 4.23.2
2024-05-03 16:56:09,826 [INFO] ThirdParty:1030 - CMSIS Pack Vendor :STMicroelectronics X-CUBE-AZRTOS-F7 1.1.0
2024-05-03 16:56:09,826 [INFO] ThirdParty:1030 - CMSIS Pack Vendor :STMicroelectronics X-CUBE-AZRTOS-L5 2.0.0
2024-05-03 16:56:09,826 [INFO] ThirdParty:1030 - CMSIS Pack Vendor :STMicroelectronics USB_DEVICE 2.0.0
2024-05-03 16:56:09,826 [INFO] ThirdParty:1030 - CMSIS Pack Vendor :STMicroelectronics X-CUBE-NFC6 3.1.0
2024-05-03 16:56:09,826 [INFO] ThirdParty:1030 - CMSIS Pack Vendor :ITTIA_DB I-CUBE-ITTIADB 8.8.0
2024-05-03 16:56:09,826 [INFO] ThirdParty:1030 - CMSIS Pack Vendor :STMicroelectronics FP-SNS-MOTENV1 4.3.2
2024-05-03 16:56:09,826 [INFO] ThirdParty:1030 - CMSIS Pack Vendor :STMicroelectronics X-CUBE-ALGOBUILD 1.3.0
2024-05-03 16:56:09,826 [INFO] ThirdParty:1030 - CMSIS Pack Vendor :STMicroelectronics FreeRTOS 0.0.1
2024-05-03 16:56:09,826 [INFO] ThirdParty:1030 - CMSIS Pack Vendor :STMicroelectronics X-CUBE-AZRTOS-G0 1.1.0
2024-05-03 16:56:09,826 [INFO] ThirdParty:1030 - CMSIS Pack Vendor :STMicroelectronics X-CUBE-SAFEA1 1.2.2
2024-05-03 16:56:09,826 [INFO] ThirdParty:1030 - CMSIS Pack Vendor :STMicroelectronics X-CUBE-NFC4 3.0.0
2024-05-03 16:56:09,827 [INFO] ThirdParty:1030 - CMSIS Pack Vendor :STMicroelectronics X-CUBE-SUBG2 5.0.0
2024-05-03 16:56:09,827 [INFO] ThirdParty:1030 - CMSIS Pack Vendor :STMicroelectronics STM32_WPAN 1.0.0
2024-05-03 16:56:09,827 [INFO] ThirdParty:1030 - CMSIS Pack Vendor :STMicroelectronics lwIP 2.0.3
2024-05-03 16:56:09,827 [INFO] ThirdParty:1030 - CMSIS Pack Vendor :STMicroelectronics FP-SNS-FLIGHT1 5.0.2
2024-05-03 16:56:09,827 [INFO] ThirdParty:1030 - CMSIS Pack Vendor :STMicroelectronics USB_HOST 1.0.0
2024-05-03 16:56:09,827 [INFO] ThirdParty:1030 - CMSIS Pack Vendor :STMicroelectronics X-CUBE-AI 9.0.0
2024-05-03 16:56:09,827 [INFO] ThirdParty:1030 - CMSIS Pack Vendor :STMicroelectronics X-CUBE-AZRTOS-G4 2.0.0
2024-05-03 16:56:09,828 [INFO] ThirdParty:1030 - CMSIS Pack Vendor :STMicroelectronics PDM2PCM 3.1.0
2024-05-03 16:56:09,828 [INFO] ThirdParty:1030 - CMSIS Pack Vendor :Infineon AIROC-Wi-Fi-Bluetooth-STM32 1.5.1
2024-05-03 16:56:09,828 [INFO] ThirdParty:1030 - CMSIS Pack Vendor :STMicroelectronics PDM2PCM 3.3.0
2024-05-03 16:56:09,828 [INFO] ThirdParty:1030 - CMSIS Pack Vendor :STMicroelectronics X-CUBE-DISPLAY 3.0.0
2024-05-03 16:56:09,828 [INFO] ThirdParty:1030 - CMSIS Pack Vendor :STMicroelectronics FP-SNS-MOTENVWB1 1.3.1
2024-05-03 16:56:09,828 [INFO] ThirdParty:1030 - CMSIS Pack Vendor :STMicroelectronics X-CUBE-BLE1 7.0.0
2024-05-03 16:56:09,828 [INFO] ThirdParty:1030 - CMSIS Pack Vendor :STMicroelectronics FP-ATR-SIGFOX1 3.2.0
2024-05-03 16:56:09,828 [INFO] ThirdParty:1030 - CMSIS Pack Vendor :STMicroelectronics X-CUBE-ISPU 2.0.0
2024-05-03 16:56:09,828 [INFO] ThirdParty:1030 - CMSIS Pack Vendor :STMicroelectronics X-CUBE-EEPRMA1 5.1.0
2024-05-03 16:56:09,828 [INFO] ThirdParty:1030 - CMSIS Pack Vendor :STMicroelectronics HAL Drivers 0.0.0
2024-05-03 16:56:09,829 [INFO] ThirdParty:1030 - CMSIS Pack Vendor :STMicroelectronics MBEDTLS 2.16.2
2024-05-03 16:56:09,829 [INFO] ThirdParty:1030 - CMSIS Pack Vendor :emotas I-CUBE-CANOPEN 1.3.0
2024-05-03 16:56:09,829 [INFO] ThirdParty:1030 - CMSIS Pack Vendor :STMicroelectronics X-CUBE-MEMS1 10.0.0
2024-05-03 16:56:09,829 [INFO] ThirdParty:1030 - CMSIS Pack Vendor :STMicroelectronics X-CUBE-FREERTOS 1.1.0
2024-05-03 16:56:09,829 [INFO] ThirdParty:1030 - CMSIS Pack Vendor :STMicroelectronics X-CUBE-NFC7 1.0.1
2024-05-03 16:56:09,829 [INFO] ThirdParty:1030 - CMSIS Pack Vendor :STMicroelectronics MBEDTLS 2.14.1
2024-05-03 16:56:09,829 [INFO] ThirdParty:1030 - CMSIS Pack Vendor :STMicroelectronics X-CUBE-NFC6 3.0.0
2024-05-03 16:56:09,829 [INFO] ThirdParty:1030 - CMSIS Pack Vendor :portGmbH I-Cube-SoM-uGOAL 1.1.0
2024-05-03 16:56:09,829 [INFO] ThirdParty:1030 - CMSIS Pack Vendor :STMicroelectronics X-CUBE-ALS 1.0.1
2024-05-03 16:56:09,829 [INFO] ThirdParty:1030 - CMSIS Pack Vendor :STMicroelectronics X-CUBE-BLEMGR 3.1.0
2024-05-03 16:56:09,829 [INFO] ThirdParty:1030 - CMSIS Pack Vendor :STMicroelectronics ThreadX 1.0.0
2024-05-03 16:56:09,829 [INFO] ThirdParty:1030 - CMSIS Pack Vendor :STMicroelectronics FP-SNS-SMARTAG2 1.2.0
2024-05-03 16:56:09,830 [INFO] ThirdParty:1030 - CMSIS Pack Vendor :STMicroelectronics X-CUBE-AZRTOS-WL 2.0.0
2024-05-03 16:56:09,830 [INFO] ThirdParty:1030 - CMSIS Pack Vendor :SEGGER I-CUBE-embOS 1.3.1
2024-05-03 16:56:09,830 [INFO] ThirdParty:1030 - CMSIS Pack Vendor :STMicroelectronics FP-SNS-MOTENV1 5.0.0
2024-05-03 16:56:09,830 [INFO] ThirdParty:1030 - CMSIS Pack Vendor :STMicroelectronics USB_DEVICE 1.0.0
2024-05-03 16:56:09,830 [INFO] ThirdParty:1030 - CMSIS Pack Vendor :STMicroelectronics X-CUBE-AI 8.1.0
2024-05-03 16:56:09,830 [INFO] ThirdParty:1030 - CMSIS Pack Vendor :STMicroelectronics X-CUBE-AZRTOS-H7RS 1.0.0
2024-05-03 16:56:09,830 [INFO] ThirdParty:1030 - CMSIS Pack Vendor :STMicroelectronics X-CUBE-AZRTOS-L4 2.0.0
2024-05-03 16:56:09,830 [INFO] ThirdParty:1030 - CMSIS Pack Vendor :STMicroelectronics ThreadX 0.0.2
2024-05-03 16:56:09,830 [INFO] ThirdParty:1030 - CMSIS Pack Vendor :WES I-CUBE-Cesium 1.3.0
2024-05-03 16:56:09,831 [INFO] ThirdParty:1030 - CMSIS Pack Vendor :STMicroelectronics FP-ATR-ASTRA1 2.0.0
2024-05-03 16:56:09,831 [INFO] ThirdParty:1030 - CMSIS Pack Vendor :STMicroelectronics lwIP 2.1.2
2024-05-03 16:56:09,831 [INFO] ThirdParty:1030 - CMSIS Pack Vendor :STMicroelectronics X-CUBE-SFXS2LP1 4.0.0
2024-05-03 16:56:09,831 [INFO] ThirdParty:1030 - CMSIS Pack Vendor :STMicroelectronics X-CUBE-BLE2 3.3.0
2024-05-03 16:56:09,831 [INFO] ThirdParty:1030 - CMSIS Pack Vendor :STMicroelectronics X-CUBE-TOF1 3.4.0
2024-05-03 16:56:09,831 [INFO] ThirdParty:1030 - CMSIS Pack Vendor :STMicroelectronics X-CUBE-TOF1 3.4.1
2024-05-03 16:56:09,831 [INFO] ThirdParty:1030 - CMSIS Pack Vendor :STMicroelectronics X-CUBE-AZRTOS-H7 3.2.0
2024-05-03 16:56:09,831 [INFO] ThirdParty:1030 - CMSIS Pack Vendor :STMicroelectronics PDM2PCM 3.2.0
2024-05-03 16:56:09,832 [INFO] ThirdParty:841 - exiting critical section [change project]
2024-05-03 16:56:10,124 [INFO] PinOutPanel:1499 - setPackage(No Configuration,No Configuration)
2024-05-03 16:56:10,126 [INFO] PinOutPanel:1499 - setPackage(STM32F103C8Tx,LQFP48)
2024-05-03 16:56:10,435 [INFO] UtilMem:75 - Before build in PCC Used Memory: 642144536 Bytes (817889280)
2024-05-03 16:56:11,170 [INFO] UtilMem:75 - After build in PCC Used Memory: 455855552 Bytes (817889280)
2024-05-03 16:56:11,187 [INFO] IPUIPlugin:80 - create IPUIPlugin
2024-05-03 16:56:11,187 [INFO] IPUIPlugin:80 - create IPUIPlugin
2024-05-03 16:56:11,187 [INFO] IPUIPlugin:80 - create IPUIPlugin
2024-05-03 16:56:11,187 [INFO] IPUIPlugin:80 - create IPUIPlugin
2024-05-03 16:56:11,187 [INFO] IPUIPlugin:80 - create IPUIPlugin
2024-05-03 16:56:11,187 [INFO] IPUIPlugin:80 - create IPUIPlugin
2024-05-03 16:56:11,187 [INFO] IPUIPlugin:80 - create IPUIPlugin
2024-05-03 16:56:11,187 [INFO] IPUIPlugin:80 - create IPUIPlugin
2024-05-03 16:56:11,188 [INFO] IPUIPlugin:80 - create IPUIPlugin
2024-05-03 16:56:11,188 [INFO] IPUIPlugin:80 - create IPUIPlugin
2024-05-03 16:56:11,188 [INFO] IPUIPlugin:80 - create IPUIPlugin
2024-05-03 16:56:11,188 [INFO] IPUIPlugin:80 - create IPUIPlugin
2024-05-03 16:56:11,188 [INFO] IPUIPlugin:80 - create IPUIPlugin
2024-05-03 16:56:11,189 [INFO] IPUIPlugin:80 - create IPUIPlugin
2024-05-03 16:56:11,189 [INFO] IPUIPlugin:80 - create IPUIPlugin
2024-05-03 16:56:11,189 [INFO] IPUIPlugin:80 - create IPUIPlugin
2024-05-03 16:56:11,189 [INFO] IPUIPlugin:80 - create IPUIPlugin
2024-05-03 16:56:11,189 [INFO] IPUIPlugin:80 - create IPUIPlugin
2024-05-03 16:56:11,189 [INFO] IPUIPlugin:80 - create IPUIPlugin
2024-05-03 16:56:11,189 [INFO] IPUIPlugin:80 - create IPUIPlugin
2024-05-03 16:56:11,190 [INFO] IPUIPlugin:80 - create IPUIPlugin
2024-05-03 16:56:11,190 [INFO] IPUIPlugin:80 - create IPUIPlugin
2024-05-03 16:56:11,190 [INFO] IPUIPlugin:80 - create IPUIPlugin
2024-05-03 16:56:11,190 [INFO] IPUIPlugin:80 - create IPUIPlugin
2024-05-03 16:56:11,191 [INFO] IPUIPlugin:80 - create IPUIPlugin
2024-05-03 16:56:11,191 [INFO] IPUIPlugin:80 - create IPUIPlugin
2024-05-03 16:56:11,191 [INFO] IPUIPlugin:80 - create IPUIPlugin
2024-05-03 16:56:11,372 [INFO] CADModel:165 - CPN selected for project levelSTM32F103C8T6
2024-05-03 16:56:11,372 [INFO] CADModel:114 - Register for checkConnection events
2024-05-03 16:56:11,415 [INFO] OpenFileManager:343 - Restore cursor
2024-05-03 16:56:11,863 [INFO] UtilMem:75 - End SaveConfig() Used Memory: 530840984 Bytes (817889280)
2024-05-03 16:56:19,385 [INFO] McuFinderGlobals:76 - Set McuFinderConnectedMode to true
2024-05-03 16:56:19,388 [INFO] ApiDb:448 - Save user favorites file C:\Users\conne/.stm32cubeide/favorites.mcus.txt: 0 item(s)
2024-05-03 16:56:19,388 [INFO] ApiDb:452 - User favorites MCUs=[]
