2024-04-28 23:14:49,440 [INFO] MainUpdater:2873 - connection check result : 10
2024-04-28 23:14:49,458 [INFO] MainUpdater:2873 - connection check result : 10
2024-04-28 23:14:49,511 [INFO] MicroXplorer:468 - Change Database Path : 
2024-04-28 23:14:49,511 [INFO] MicroXplorer:498 - Change Database Version : DB.6.0.100
2024-04-28 23:14:49,518 [WARN] ThirdParty:871 - waiting for thirdparty lock release [close project]
2024-04-28 23:14:49,518 [INFO] ThirdParty:873 - entering critical section [close project]
2024-04-28 23:14:49,521 [INFO] ThirdParty:883 - exiting critical section [close project]
2024-04-28 23:14:49,528 [INFO] PinOutPanel:1499 - setPackage(No Configuration,No Configuration)
2024-04-28 23:14:49,537 [INFO] UtilMem:75 - Begin LoadConfig() Used Memory: 894618864 Bytes (1073741824)
2024-04-28 23:14:49,539 [INFO] MicroXplorer:468 - Change Database Path : 
2024-04-28 23:14:49,539 [INFO] MicroXplorer:498 - Change Database Version : DB.6.0.100
2024-04-28 23:14:49,539 [INFO] OpenFileManager:312 - Change cursor
2024-04-28 23:14:49,599 [INFO] Mcu:2016 - Initializing MCU STM32F407V(E-G)Tx STM32F407VGTx STM32F407VGT6
2024-04-28 23:14:52,492 [INFO] Context:659 - Trying to add GPIOservice into a context  which must be forbidden
2024-04-28 23:14:53,461 [INFO] RtosManager:555 - Registered RTOS mode: class=CMSIS, group=RTOS, mode=CMSIS_V1, owner=FREERTOS
2024-04-28 23:14:53,461 [INFO] RtosManager:555 - Registered RTOS mode: class=CMSIS, group=RTOS2, mode=CMSIS_V2, owner=FREERTOS
2024-04-28 23:14:53,461 [INFO] RtosManager:555 - Registered RTOS mode: class=RTOS, group=Core, mode=CMSIS_V1, owner=FREERTOS
2024-04-28 23:14:53,462 [INFO] RtosManager:555 - Registered RTOS mode: class=RTOS, group=Core, mode=CMSIS_V2, owner=FREERTOS
2024-04-28 23:14:53,462 [WARN] ModelIntegratedComponent:184 - Missing modes for component STMicroelectronics:FreeRTOS:0.0.1:STMicroelectronics:RTOS:FreeRTOS:Core:::10.2.0:
2024-04-28 23:14:53,487 [WARN] ModelIntegratedComponent:63 - No mode defined for component null
2024-04-28 23:14:53,487 [WARN] ModelIntegratedComponent:63 - No mode defined for component null
2024-04-28 23:14:53,487 [WARN] ModelIntegratedComponent:63 - No mode defined for component null
2024-04-28 23:14:53,487 [WARN] ModelIntegratedComponent:63 - No mode defined for component null
2024-04-28 23:14:53,487 [WARN] ModelIntegratedComponent:63 - No mode defined for component null
2024-04-28 23:14:53,487 [WARN] ModelIntegratedComponent:63 - No mode defined for component null
2024-04-28 23:14:53,487 [WARN] ModelIntegratedComponent:63 - No mode defined for component null
2024-04-28 23:14:53,487 [WARN] ModelIntegratedComponent:63 - No mode defined for component null
2024-04-28 23:14:53,487 [WARN] ModelIntegratedComponent:63 - No mode defined for component null
2024-04-28 23:14:53,487 [WARN] ModelIntegratedComponent:63 - No mode defined for component null
2024-04-28 23:14:53,487 [WARN] ModelIntegratedComponent:63 - No mode defined for component null
2024-04-28 23:14:53,487 [WARN] ModelIntegratedComponent:63 - No mode defined for component null
2024-04-28 23:14:53,487 [WARN] ModelIntegratedComponent:63 - No mode defined for component null
2024-04-28 23:14:53,487 [WARN] ModelIntegratedComponent:63 - No mode defined for component null
2024-04-28 23:14:53,487 [WARN] ModelIntegratedComponent:63 - No mode defined for component null
2024-04-28 23:14:53,487 [WARN] ModelIntegratedComponent:63 - No mode defined for component null
2024-04-28 23:14:53,487 [WARN] ModelIntegratedComponent:63 - No mode defined for component null
2024-04-28 23:14:53,487 [WARN] ModelIntegratedComponent:63 - No mode defined for component null
2024-04-28 23:14:53,487 [WARN] ModelIntegratedComponent:63 - No mode defined for component null
2024-04-28 23:14:53,487 [WARN] ModelIntegratedComponent:63 - No mode defined for component null
2024-04-28 23:14:53,487 [WARN] ModelIntegratedComponent:63 - No mode defined for component null
2024-04-28 23:14:53,487 [WARN] ModelIntegratedComponent:63 - No mode defined for component null
2024-04-28 23:14:53,487 [WARN] ModelIntegratedComponent:63 - No mode defined for component null
2024-04-28 23:14:53,488 [WARN] ModelIntegratedComponent:63 - No mode defined for component null
2024-04-28 23:14:53,488 [WARN] ModelIntegratedComponent:63 - No mode defined for component null
2024-04-28 23:14:53,488 [WARN] ModelIntegratedComponent:63 - No mode defined for component null
2024-04-28 23:14:53,488 [WARN] ModelIntegratedComponent:63 - No mode defined for component null
2024-04-28 23:14:53,488 [WARN] ModelIntegratedComponent:63 - No mode defined for component null
2024-04-28 23:14:53,488 [WARN] ModelIntegratedComponent:63 - No mode defined for component null
2024-04-28 23:14:53,488 [WARN] ModelIntegratedComponent:63 - No mode defined for component null
2024-04-28 23:14:53,488 [WARN] ModelIntegratedComponent:63 - No mode defined for component null
2024-04-28 23:14:53,488 [WARN] ModelIntegratedComponent:63 - No mode defined for component null
2024-04-28 23:14:53,488 [WARN] ModelIntegratedComponent:63 - No mode defined for component null
2024-04-28 23:14:53,561 [INFO] ThirdPartyModel:298 - Start build external matchings
2024-04-28 23:14:53,780 [INFO] ThirdPartyModel:316 - End build external matchings
2024-04-28 23:14:54,265 [INFO] UtilMem:75 - End LoadConfig() Used Memory: 611089064 Bytes (1073741824)
2024-04-28 23:14:54,281 [INFO] ApiDb:581 - Connected to CubeFinder SQLite database (C:\Users\conne\.stmcufinder\plugins\mcufinder\mcu\cube-finder-db.db)
2024-04-28 23:14:54,556 [INFO] MicroXplorer:468 - Change Database Path : 
2024-04-28 23:14:54,556 [INFO] MicroXplorer:498 - Change Database Version : DB.6.0.100
2024-04-28 23:14:54,556 [WARN] ThirdParty:833 - waiting for thirdparty lock release [change project]
2024-04-28 23:14:54,571 [INFO] ThirdParty:835 - entering critical section [change project]
2024-04-28 23:14:54,572 [INFO] ThirdParty:1030 - CMSIS Pack Vendor :STMicroelectronics USBPD 4.1
2024-04-28 23:14:54,572 [INFO] ThirdParty:1030 - CMSIS Pack Vendor :STMicroelectronics X-CUBE-GNSS1 6.0.0
2024-04-28 23:14:54,572 [INFO] ThirdParty:1030 - CMSIS Pack Vendor :STMicroelectronics USB_HOST 2.0.0
2024-04-28 23:14:54,572 [INFO] ThirdParty:1030 - CMSIS Pack Vendor :STMicroelectronics FP-SNS-MOTENVWB1 1.4.0
2024-04-28 23:14:54,572 [INFO] ThirdParty:1030 - CMSIS Pack Vendor :STMicroelectronics X-CUBE-AZRTOS-F4 1.1.0
2024-04-28 23:14:54,572 [INFO] ThirdParty:1030 - CMSIS Pack Vendor :STMicroelectronics LIBJPEG 8.0.0
2024-04-28 23:14:54,572 [INFO] ThirdParty:1030 - CMSIS Pack Vendor :STMicroelectronics X-CUBE-SMBUS 2.1.0
2024-04-28 23:14:54,572 [INFO] ThirdParty:1030 - CMSIS Pack Vendor :STMicroelectronics USB_DEVICE 3.0.0
2024-04-28 23:14:54,572 [INFO] ThirdParty:1030 - CMSIS Pack Vendor :STMicroelectronics X-CUBE-TCPP 4.1.0
2024-04-28 23:14:54,572 [INFO] ThirdParty:1030 - CMSIS Pack Vendor :STMicroelectronics X-CUBE-AZRTOS-WB 2.0.0
2024-04-28 23:14:54,572 [INFO] ThirdParty:1030 - CMSIS Pack Vendor :wolfSSL I-CUBE-wolfSSL 5.6.6
2024-04-28 23:14:54,572 [INFO] ThirdParty:1030 - CMSIS Pack Vendor :STMicroelectronics X-CUBE-TOUCHGFX 4.23.1
2024-04-28 23:14:54,572 [INFO] ThirdParty:1030 - CMSIS Pack Vendor :STMicroelectronics X-CUBE-TOUCHGFX 4.23.0
2024-04-28 23:14:54,572 [INFO] ThirdParty:1030 - CMSIS Pack Vendor :STMicroelectronics X-CUBE-TOUCHGFX 4.23.2
2024-04-28 23:14:54,572 [INFO] ThirdParty:1030 - CMSIS Pack Vendor :STMicroelectronics X-CUBE-AZRTOS-F7 1.1.0
2024-04-28 23:14:54,572 [INFO] ThirdParty:1030 - CMSIS Pack Vendor :STMicroelectronics X-CUBE-AZRTOS-L5 2.0.0
2024-04-28 23:14:54,572 [INFO] ThirdParty:1030 - CMSIS Pack Vendor :STMicroelectronics USB_DEVICE 2.0.0
2024-04-28 23:14:54,572 [INFO] ThirdParty:1030 - CMSIS Pack Vendor :STMicroelectronics X-CUBE-NFC6 3.1.0
2024-04-28 23:14:54,572 [INFO] ThirdParty:1030 - CMSIS Pack Vendor :ITTIA_DB I-CUBE-ITTIADB 8.8.0
2024-04-28 23:14:54,572 [INFO] ThirdParty:1030 - CMSIS Pack Vendor :STMicroelectronics FP-SNS-MOTENV1 4.3.2
2024-04-28 23:14:54,572 [INFO] ThirdParty:1030 - CMSIS Pack Vendor :STMicroelectronics X-CUBE-ALGOBUILD 1.3.0
2024-04-28 23:14:54,572 [INFO] ThirdParty:1030 - CMSIS Pack Vendor :STMicroelectronics FreeRTOS 0.0.1
2024-04-28 23:14:54,572 [INFO] ThirdParty:1030 - CMSIS Pack Vendor :STMicroelectronics X-CUBE-AZRTOS-G0 1.1.0
2024-04-28 23:14:54,572 [INFO] ThirdParty:1030 - CMSIS Pack Vendor :STMicroelectronics X-CUBE-SAFEA1 1.2.2
2024-04-28 23:14:54,572 [INFO] ThirdParty:1030 - CMSIS Pack Vendor :STMicroelectronics X-CUBE-NFC4 3.0.0
2024-04-28 23:14:54,572 [INFO] ThirdParty:1030 - CMSIS Pack Vendor :STMicroelectronics X-CUBE-SUBG2 5.0.0
2024-04-28 23:14:54,572 [INFO] ThirdParty:1030 - CMSIS Pack Vendor :STMicroelectronics STM32_WPAN 1.0.0
2024-04-28 23:14:54,572 [INFO] ThirdParty:1030 - CMSIS Pack Vendor :STMicroelectronics lwIP 2.0.3
2024-04-28 23:14:54,572 [INFO] ThirdParty:1030 - CMSIS Pack Vendor :STMicroelectronics FP-SNS-FLIGHT1 5.0.2
2024-04-28 23:14:54,572 [INFO] ThirdParty:1030 - CMSIS Pack Vendor :STMicroelectronics USB_HOST 1.0.0
2024-04-28 23:14:54,572 [INFO] ThirdParty:1030 - CMSIS Pack Vendor :STMicroelectronics X-CUBE-AI 9.0.0
2024-04-28 23:14:54,572 [INFO] ThirdParty:1030 - CMSIS Pack Vendor :STMicroelectronics X-CUBE-AZRTOS-G4 2.0.0
2024-04-28 23:14:54,572 [INFO] ThirdParty:1030 - CMSIS Pack Vendor :STMicroelectronics PDM2PCM 3.1.0
2024-04-28 23:14:54,572 [INFO] ThirdParty:1030 - CMSIS Pack Vendor :Infineon AIROC-Wi-Fi-Bluetooth-STM32 1.5.1
2024-04-28 23:14:54,572 [INFO] ThirdParty:1030 - CMSIS Pack Vendor :STMicroelectronics PDM2PCM 3.3.0
2024-04-28 23:14:54,572 [INFO] ThirdParty:1030 - CMSIS Pack Vendor :STMicroelectronics X-CUBE-DISPLAY 3.0.0
2024-04-28 23:14:54,572 [INFO] ThirdParty:1030 - CMSIS Pack Vendor :STMicroelectronics FP-SNS-MOTENVWB1 1.3.1
2024-04-28 23:14:54,572 [INFO] ThirdParty:1030 - CMSIS Pack Vendor :STMicroelectronics X-CUBE-BLE1 7.0.0
2024-04-28 23:14:54,572 [INFO] ThirdParty:1030 - CMSIS Pack Vendor :STMicroelectronics FP-ATR-SIGFOX1 3.2.0
2024-04-28 23:14:54,572 [INFO] ThirdParty:1030 - CMSIS Pack Vendor :STMicroelectronics X-CUBE-ISPU 2.0.0
2024-04-28 23:14:54,572 [INFO] ThirdParty:1030 - CMSIS Pack Vendor :STMicroelectronics X-CUBE-EEPRMA1 5.1.0
2024-04-28 23:14:54,572 [INFO] ThirdParty:1030 - CMSIS Pack Vendor :STMicroelectronics HAL Drivers 0.0.0
2024-04-28 23:14:54,572 [INFO] ThirdParty:1030 - CMSIS Pack Vendor :STMicroelectronics MBEDTLS 2.16.2
2024-04-28 23:14:54,572 [INFO] ThirdParty:1030 - CMSIS Pack Vendor :emotas I-CUBE-CANOPEN 1.3.0
2024-04-28 23:14:54,572 [INFO] ThirdParty:1030 - CMSIS Pack Vendor :STMicroelectronics X-CUBE-MEMS1 10.0.0
2024-04-28 23:14:54,572 [INFO] ThirdParty:1030 - CMSIS Pack Vendor :STMicroelectronics X-CUBE-FREERTOS 1.1.0
2024-04-28 23:14:54,572 [INFO] ThirdParty:1030 - CMSIS Pack Vendor :STMicroelectronics X-CUBE-NFC7 1.0.1
2024-04-28 23:14:54,572 [INFO] ThirdParty:1030 - CMSIS Pack Vendor :STMicroelectronics MBEDTLS 2.14.1
2024-04-28 23:14:54,572 [INFO] ThirdParty:1030 - CMSIS Pack Vendor :STMicroelectronics X-CUBE-NFC6 3.0.0
2024-04-28 23:14:54,572 [INFO] ThirdParty:1030 - CMSIS Pack Vendor :portGmbH I-Cube-SoM-uGOAL 1.1.0
2024-04-28 23:14:54,572 [INFO] ThirdParty:1030 - CMSIS Pack Vendor :STMicroelectronics X-CUBE-ALS 1.0.1
2024-04-28 23:14:54,572 [INFO] ThirdParty:1030 - CMSIS Pack Vendor :STMicroelectronics X-CUBE-BLEMGR 3.1.0
2024-04-28 23:14:54,572 [INFO] ThirdParty:1030 - CMSIS Pack Vendor :STMicroelectronics ThreadX 1.0.0
2024-04-28 23:14:54,572 [INFO] ThirdParty:1030 - CMSIS Pack Vendor :STMicroelectronics FP-SNS-SMARTAG2 1.2.0
2024-04-28 23:14:54,572 [INFO] ThirdParty:1030 - CMSIS Pack Vendor :STMicroelectronics X-CUBE-AZRTOS-WL 2.0.0
2024-04-28 23:14:54,572 [INFO] ThirdParty:1030 - CMSIS Pack Vendor :SEGGER I-CUBE-embOS 1.3.1
2024-04-28 23:14:54,572 [INFO] ThirdParty:1030 - CMSIS Pack Vendor :STMicroelectronics FP-SNS-MOTENV1 5.0.0
2024-04-28 23:14:54,572 [INFO] ThirdParty:1030 - CMSIS Pack Vendor :STMicroelectronics USB_DEVICE 1.0.0
2024-04-28 23:14:54,572 [INFO] ThirdParty:1030 - CMSIS Pack Vendor :STMicroelectronics X-CUBE-AI 8.1.0
2024-04-28 23:14:54,572 [INFO] ThirdParty:1030 - CMSIS Pack Vendor :STMicroelectronics X-CUBE-AZRTOS-H7RS 1.0.0
2024-04-28 23:14:54,572 [INFO] ThirdParty:1030 - CMSIS Pack Vendor :STMicroelectronics X-CUBE-AZRTOS-L4 2.0.0
2024-04-28 23:14:54,572 [INFO] ThirdParty:1030 - CMSIS Pack Vendor :STMicroelectronics ThreadX 0.0.2
2024-04-28 23:14:54,572 [INFO] ThirdParty:1030 - CMSIS Pack Vendor :WES I-CUBE-Cesium 1.3.0
2024-04-28 23:14:54,572 [INFO] ThirdParty:1030 - CMSIS Pack Vendor :STMicroelectronics FP-ATR-ASTRA1 2.0.0
2024-04-28 23:14:54,572 [INFO] ThirdParty:1030 - CMSIS Pack Vendor :STMicroelectronics lwIP 2.1.2
2024-04-28 23:14:54,572 [INFO] ThirdParty:1030 - CMSIS Pack Vendor :STMicroelectronics X-CUBE-SFXS2LP1 4.0.0
2024-04-28 23:14:54,572 [INFO] ThirdParty:1030 - CMSIS Pack Vendor :STMicroelectronics X-CUBE-BLE2 3.3.0
2024-04-28 23:14:54,572 [INFO] ThirdParty:1030 - CMSIS Pack Vendor :STMicroelectronics X-CUBE-TOF1 3.4.0
2024-04-28 23:14:54,572 [INFO] ThirdParty:1030 - CMSIS Pack Vendor :STMicroelectronics X-CUBE-TOF1 3.4.1
2024-04-28 23:14:54,572 [INFO] ThirdParty:1030 - CMSIS Pack Vendor :STMicroelectronics X-CUBE-AZRTOS-H7 3.2.0
2024-04-28 23:14:54,572 [INFO] ThirdParty:1030 - CMSIS Pack Vendor :STMicroelectronics PDM2PCM 3.2.0
2024-04-28 23:14:54,572 [INFO] ThirdParty:841 - exiting critical section [change project]
2024-04-28 23:14:54,981 [INFO] PinOutPanel:1499 - setPackage(No Configuration,No Configuration)
2024-04-28 23:14:54,985 [INFO] PinOutPanel:1499 - setPackage(STM32F407VGTx,LQFP100)
2024-04-28 23:14:55,398 [INFO] UtilMem:75 - Before build in PCC Used Memory: 639938264 Bytes (1073741824)
2024-04-28 23:14:56,301 [INFO] UtilMem:75 - After build in PCC Used Memory: 724346584 Bytes (1073741824)
2024-04-28 23:14:56,332 [INFO] IPUIPlugin:80 - create IPUIPlugin
2024-04-28 23:14:56,332 [INFO] IPUIPlugin:80 - create IPUIPlugin
2024-04-28 23:14:56,332 [INFO] IPUIPlugin:80 - create IPUIPlugin
2024-04-28 23:14:56,332 [INFO] IPUIPlugin:80 - create IPUIPlugin
2024-04-28 23:14:56,332 [INFO] IPUIPlugin:80 - create IPUIPlugin
2024-04-28 23:14:56,332 [INFO] IPUIPlugin:80 - create IPUIPlugin
2024-04-28 23:14:56,332 [INFO] IPUIPlugin:80 - create IPUIPlugin
2024-04-28 23:14:56,332 [INFO] IPUIPlugin:80 - create IPUIPlugin
2024-04-28 23:14:56,332 [INFO] IPUIPlugin:80 - create IPUIPlugin
2024-04-28 23:14:56,333 [INFO] IPUIPlugin:80 - create IPUIPlugin
2024-04-28 23:14:56,333 [INFO] IPUIPlugin:80 - create IPUIPlugin
2024-04-28 23:14:56,333 [INFO] IPUIPlugin:80 - create IPUIPlugin
2024-04-28 23:14:56,334 [INFO] IPUIPlugin:80 - create IPUIPlugin
2024-04-28 23:14:56,334 [INFO] IPUIPlugin:80 - create IPUIPlugin
2024-04-28 23:14:56,334 [INFO] IPUIPlugin:80 - create IPUIPlugin
2024-04-28 23:14:56,334 [INFO] IPUIPlugin:80 - create IPUIPlugin
2024-04-28 23:14:56,334 [INFO] IPUIPlugin:80 - create IPUIPlugin
2024-04-28 23:14:56,334 [INFO] IPUIPlugin:80 - create IPUIPlugin
2024-04-28 23:14:56,334 [INFO] IPUIPlugin:80 - create IPUIPlugin
2024-04-28 23:14:56,334 [INFO] IPUIPlugin:80 - create IPUIPlugin
2024-04-28 23:14:56,334 [INFO] IPUIPlugin:80 - create IPUIPlugin
2024-04-28 23:14:56,334 [INFO] IPUIPlugin:80 - create IPUIPlugin
2024-04-28 23:14:56,334 [INFO] IPUIPlugin:80 - create IPUIPlugin
2024-04-28 23:14:56,334 [INFO] IPUIPlugin:80 - create IPUIPlugin
2024-04-28 23:14:56,335 [INFO] IPUIPlugin:80 - create IPUIPlugin
2024-04-28 23:14:56,335 [INFO] IPUIPlugin:80 - create IPUIPlugin
2024-04-28 23:14:56,335 [INFO] IPUIPlugin:80 - create IPUIPlugin
2024-04-28 23:14:56,336 [INFO] IPUIPlugin:80 - create IPUIPlugin
2024-04-28 23:14:56,336 [INFO] IPUIPlugin:80 - create IPUIPlugin
2024-04-28 23:14:56,337 [INFO] IPUIPlugin:80 - create IPUIPlugin
2024-04-28 23:14:56,337 [INFO] IPUIPlugin:80 - create IPUIPlugin
2024-04-28 23:14:56,338 [INFO] IPUIPlugin:80 - create IPUIPlugin
2024-04-28 23:14:56,338 [INFO] IPUIPlugin:80 - create IPUIPlugin
2024-04-28 23:14:56,339 [INFO] IPUIPlugin:80 - create IPUIPlugin
2024-04-28 23:14:56,339 [INFO] IPUIPlugin:80 - create IPUIPlugin
2024-04-28 23:14:56,339 [INFO] IPUIPlugin:80 - create IPUIPlugin
2024-04-28 23:14:56,339 [INFO] IPUIPlugin:80 - create IPUIPlugin
2024-04-28 23:14:56,339 [INFO] IPUIPlugin:80 - create IPUIPlugin
2024-04-28 23:14:56,339 [INFO] IPUIPlugin:80 - create IPUIPlugin
2024-04-28 23:14:56,339 [INFO] IPUIPlugin:80 - create IPUIPlugin
2024-04-28 23:14:56,339 [INFO] IPUIPlugin:80 - create IPUIPlugin
2024-04-28 23:14:56,339 [INFO] IPUIPlugin:80 - create IPUIPlugin
2024-04-28 23:14:56,339 [INFO] IPUIPlugin:80 - create IPUIPlugin
2024-04-28 23:14:56,340 [INFO] IPUIPlugin:80 - create IPUIPlugin
2024-04-28 23:14:56,340 [INFO] IPUIPlugin:80 - create IPUIPlugin
2024-04-28 23:14:56,343 [INFO] IPUIPlugin:80 - create IPUIPlugin
2024-04-28 23:14:56,343 [INFO] IPUIPlugin:80 - create IPUIPlugin
2024-04-28 23:14:56,344 [INFO] IPUIPlugin:80 - create IPUIPlugin
2024-04-28 23:14:56,345 [INFO] IPUIPlugin:80 - create IPUIPlugin
2024-04-28 23:14:56,345 [INFO] IPUIPlugin:80 - create IPUIPlugin
2024-04-28 23:14:56,346 [INFO] IPUIPlugin:80 - create IPUIPlugin
2024-04-28 23:14:56,346 [INFO] IPUIPlugin:80 - create IPUIPlugin
2024-04-28 23:14:56,346 [INFO] IPUIPlugin:80 - create IPUIPlugin
2024-04-28 23:14:56,347 [INFO] IPUIPlugin:80 - create IPUIPlugin
2024-04-28 23:14:56,348 [INFO] IPUIPlugin:80 - create IPUIPlugin
2024-04-28 23:14:56,349 [INFO] IPUIPlugin:80 - create IPUIPlugin
2024-04-28 23:14:56,349 [INFO] IPUIPlugin:80 - create IPUIPlugin
2024-04-28 23:14:56,349 [INFO] IPUIPlugin:80 - create IPUIPlugin
2024-04-28 23:14:56,652 [INFO] ApiDbMcu:508 - Load IP Config File for PDM2PCM
2024-04-28 23:14:57,274 [INFO] CADModel:165 - CPN selected for project levelSTM32F407VGT6
2024-04-28 23:14:57,274 [INFO] CADModel:114 - Register for checkConnection events
2024-04-28 23:14:57,317 [INFO] OpenFileManager:343 - Restore cursor
2024-04-28 23:18:02,423 [INFO] NvicIntPanel:101 - NVIC parent = com.st.microxplorer.plugins.ip.nvic.MultiNvicIntPanel[,0,0,584x271,layout=javax.swing.BoxLayout,alignmentX=0.0,alignmentY=0.0,border=,flags=9,maximumSize=,minimumSize=,preferredSize=]
2024-04-28 23:18:03,997 [INFO] NvicIntPanel:101 - NVIC parent = com.st.microxplorer.plugins.ip.nvic.MultiNvicIntPanel[,0,0,0x0,invalid,layout=javax.swing.BoxLayout,alignmentX=0.0,alignmentY=0.0,border=,flags=9,maximumSize=,minimumSize=,preferredSize=]
2024-04-28 23:18:32,649 [INFO] UtilMem:75 - End SaveConfig() Used Memory: 817680776 Bytes (1073741824)
2024-04-28 23:18:35,515 [INFO] UtilMem:75 - End SaveConfig() Used Memory: 912538912 Bytes (1073741824)
2024-04-28 23:18:36,172 [INFO] BlockDiagram:2759 - set Specific Code input for plugin: SYS
2024-04-28 23:18:36,172 [INFO] BlockDiagram:2759 - set Specific Code input for plugin: RCC
2024-04-28 23:18:36,172 [INFO] BlockDiagram:2759 - set Specific Code input for plugin: NVIC
2024-04-28 23:18:36,172 [INFO] BlockDiagram:2759 - set Specific Code input for plugin: USART
2024-04-28 23:18:36,174 [INFO] BlockDiagram:2759 - set Specific Code input for plugin: GPIO
2024-04-28 23:18:36,176 [INFO] CodeGenerator:807 - code generatio: config db path: C:\ST\STM32CubeIDE_1.14.1\STM32CubeIDE\plugins\com.st.stm32cube.common.mx_6.10.0.202311202037\\db\
2024-04-28 23:18:36,504 [INFO] CodeEngine:255 - oldGeneratedFile, C:\Users\conne\STM32CubeIDE\workspace_1.14.1\cobuemx_uart_tx_rx_int\MXTmpFiles\license.tmp_save
2024-04-28 23:18:36,942 [INFO] CodeEngine:279 - Generated code: C:\Users\conne\STM32CubeIDE\workspace_1.14.1\cobuemx_uart_tx_rx_int\MXTmpFiles\license.tmp
2024-04-28 23:18:37,057 [INFO] CodeEngine:255 - oldGeneratedFile, C:\Users\conne\STM32CubeIDE\workspace_1.14.1\cobuemx_uart_tx_rx_int\MXTmpFiles\gpio.tmp_save
2024-04-28 23:18:37,231 [INFO] CodeEngine:279 - Generated code: C:\Users\conne\STM32CubeIDE\workspace_1.14.1\cobuemx_uart_tx_rx_int\MXTmpFiles\gpio.tmp
2024-04-28 23:18:37,455 [INFO] CodeEngine:255 - oldGeneratedFile, C:\Users\conne\STM32CubeIDE\workspace_1.14.1\cobuemx_uart_tx_rx_int\Core\Src\stm32f4xx_it.c_save
2024-04-28 23:18:37,682 [INFO] CodeEngine:279 - Generated code: C:\Users\conne\STM32CubeIDE\workspace_1.14.1\cobuemx_uart_tx_rx_int\Core\Src\stm32f4xx_it.c
2024-04-28 23:18:37,720 [INFO] CodeEngine:255 - oldGeneratedFile, C:\Users\conne\STM32CubeIDE\workspace_1.14.1\cobuemx_uart_tx_rx_int\Core\Inc\stm32f4xx_it.h_save
2024-04-28 23:18:37,855 [INFO] CodeEngine:279 - Generated code: C:\Users\conne\STM32CubeIDE\workspace_1.14.1\cobuemx_uart_tx_rx_int\Core\Inc\stm32f4xx_it.h
2024-04-28 23:18:37,899 [INFO] CodeEngine:255 - oldGeneratedFile, C:\Users\conne\STM32CubeIDE\workspace_1.14.1\cobuemx_uart_tx_rx_int\Core\Src\stm32f4xx_hal_msp.c_save
2024-04-28 23:18:38,078 [INFO] CodeEngine:279 - Generated code: C:\Users\conne\STM32CubeIDE\workspace_1.14.1\cobuemx_uart_tx_rx_int\Core\Src\stm32f4xx_hal_msp.c
2024-04-28 23:18:38,094 [INFO] CodeEngine:255 - oldGeneratedFile, C:\Users\conne\STM32CubeIDE\workspace_1.14.1\cobuemx_uart_tx_rx_int\MXTmpFiles\system.tmp_save
2024-04-28 23:18:38,170 [INFO] CodeEngine:279 - Generated code: C:\Users\conne\STM32CubeIDE\workspace_1.14.1\cobuemx_uart_tx_rx_int\MXTmpFiles\system.tmp
2024-04-28 23:18:38,214 [INFO] CodeEngine:311 - oldGeneratedFile, C:\Users\conne\STM32CubeIDE\workspace_1.14.1\cobuemx_uart_tx_rx_int\Core\Inc\stm32f4xx_hal_conf.h_save
2024-04-28 23:18:38,332 [INFO] CodeEngine:335 - Generated code: C:\Users\conne\STM32CubeIDE\workspace_1.14.1\cobuemx_uart_tx_rx_int\Core\Inc\stm32f4xx_hal_conf.h
2024-04-28 23:18:38,412 [INFO] CodeEngine:255 - oldGeneratedFile, C:\Users\conne\STM32CubeIDE\workspace_1.14.1\cobuemx_uart_tx_rx_int\Core\Inc\main.h_save
2024-04-28 23:18:38,555 [INFO] CodeEngine:279 - Generated code: C:\Users\conne\STM32CubeIDE\workspace_1.14.1\cobuemx_uart_tx_rx_int\Core\Inc\main.h
2024-04-28 23:18:38,585 [INFO] CodeEngine:255 - oldGeneratedFile, C:\Users\conne\STM32CubeIDE\workspace_1.14.1\cobuemx_uart_tx_rx_int\Core\Src\main.c_save
2024-04-28 23:18:38,771 [INFO] CodeEngine:279 - Generated code: C:\Users\conne\STM32CubeIDE\workspace_1.14.1\cobuemx_uart_tx_rx_int\Core\Src\main.c
2024-04-28 23:18:39,596 [INFO] ProjectBuilder:3076 - Time for Copy HAL[1] : 319mS.
2024-04-28 23:18:39,602 [INFO] ProjectBuilder:4485 - Project Generator version: 4.2.0-B44
2024-04-28 23:18:39,924 [INFO] ConfigFileManager:1495 - The Die is : DIE413
2024-04-28 23:18:39,946 [INFO] ApiDbMcu:508 - Load IP Config File for FATFS
2024-04-28 23:18:39,965 [INFO] ApiDbMcu:508 - Load IP Config File for FREERTOS
2024-04-28 23:18:39,980 [INFO] ApiDbMcu:508 - Load IP Config File for LIBJPEG
2024-04-28 23:18:40,005 [INFO] ApiDbMcu:508 - Load IP Config File for LWIP
2024-04-28 23:18:40,026 [INFO] ApiDbMcu:508 - Load IP Config File for MBEDTLS
2024-04-28 23:18:40,051 [INFO] ApiDbMcu:508 - Load IP Config File for USB_DEVICE
2024-04-28 23:18:40,066 [INFO] ApiDbMcu:508 - Load IP Config File for USB_HOST
