2024-05-24 10:14:32,223 [INFO] Activator:176 - 


2024-05-24 10:14:32,227 [INFO] Activator:177 - !SESSION log4j initialized
2024-05-24 10:14:36,972 [INFO] LogOutputStream:77 - [STDOUT_REDIRECT] 
2024-05-24 10:14:38,799 [INFO] ApplicationProperties:184 - Using Application install path: C:\ST\STM32CubeIDE_1.14.1\STM32CubeIDE\plugins\com.st.stm32cube.common.mx_6.10.0.202311202037
2024-05-24 10:14:38,815 [INFO] DbMcusXml:78 - Set database path to: C:\ST\STM32CubeIDE_1.14.1\STM32CubeIDE\plugins\com.st.stm32cube.common.mx_6.10.0.202311202037\\db\/mcu/
2024-05-24 10:14:38,815 [INFO] ApiDb:274 - Set plugin database path to: C:\ST\STM32CubeIDE_1.14.1\STM32CubeIDE\plugins\com.st.stm32cube.common.mx_6.10.0.202311202037\\db\/plugins/boardmanager/
2024-05-24 10:14:38,815 [WARN] ApiDb:259 - Overriding images path with different value:  => C:\ST\STM32CubeIDE_1.14.1\STM32CubeIDE\plugins\com.st.stm32cube.common.mx_6.10.0.202311202037\\db\/plugins/mcufinder/images/
2024-05-24 10:14:38,823 [INFO] ApiDb:250 - Set database path to: C:\Users\conne\.stmcufinder\plugins\mcufinder//mcu/
2024-05-24 10:14:38,823 [INFO] DbMcusAds:125 - Set database path to: C:\Users\conne\.stmcufinder\plugins\mcufinder//mcu/
2024-05-24 10:14:38,826 [INFO] CrossReferenceDbSqlite:203 - Set database path to: C:\Users\conne\.stmcufinder\plugins\mcufinder//mcu/cs/
2024-05-24 10:14:38,902 [INFO] RulesReader:64 - Compatibility file has been processed (297 Rules)
2024-05-24 10:14:38,959 [INFO] DbMcusXml:78 - Set database path to: C:\ST\STM32CubeIDE_1.14.1\STM32CubeIDE\plugins\com.st.stm32cube.common.mx_6.10.0.202311202037\\db\/mcu/
2024-05-24 10:14:38,959 [INFO] ApiDb:274 - Set plugin database path to: C:\ST\STM32CubeIDE_1.14.1\STM32CubeIDE\plugins\com.st.stm32cube.common.mx_6.10.0.202311202037\\db\/plugins/boardmanager/
2024-05-24 10:14:38,959 [INFO] ApiDb:261 - Set plugin images path to: C:\ST\STM32CubeIDE_1.14.1\STM32CubeIDE\plugins\com.st.stm32cube.common.mx_6.10.0.202311202037\\db\/plugins/mcufinder/images/
2024-05-24 10:14:38,959 [WARN] DbFile:41 - Overriding database path with different value: C:\Users\conne\.stmcufinder\plugins\mcufinder/ => C:\Users\conne\.stmcufinder\plugins\mcufinder
2024-05-24 10:14:38,960 [INFO] ApiDb:250 - Set database path to: C:\Users\conne\.stmcufinder\plugins\mcufinder//mcu/
2024-05-24 10:14:38,960 [WARN] DbFile:41 - Overriding database path with different value: C:\Users\conne\.stmcufinder\plugins\mcufinder/ => C:\Users\conne\.stmcufinder\plugins\mcufinder
2024-05-24 10:14:38,960 [INFO] DbMcusAds:125 - Set database path to: C:\Users\conne\.stmcufinder\plugins\mcufinder//mcu/
2024-05-24 10:14:38,960 [WARN] DbFile:41 - Overriding database path with different value: C:\Users\conne\.stmcufinder\plugins\mcufinder/ => C:\Users\conne\.stmcufinder\plugins\mcufinder
2024-05-24 10:14:38,960 [WARN] DbFile:41 - Overriding database path with different value: C:\Users\conne\.stmcufinder\plugins\mcufinder/ => C:\Users\conne\.stmcufinder\plugins\mcufinder
2024-05-24 10:14:38,960 [INFO] CrossReferenceDbSqlite:203 - Set database path to: C:\Users\conne\.stmcufinder\plugins\mcufinder//mcu/cs/
2024-05-24 10:14:39,018 [INFO] MainPanel:264 - HeapMemory: 268435456
2024-05-24 10:14:39,095 [INFO] DbMcusXml:78 - Set database path to: C:\ST\STM32CubeIDE_1.14.1\STM32CubeIDE\plugins\com.st.stm32cube.common.mx_6.10.0.202311202037\\db\/mcu/
2024-05-24 10:14:39,095 [INFO] ApiDb:274 - Set plugin database path to: C:\ST\STM32CubeIDE_1.14.1\STM32CubeIDE\plugins\com.st.stm32cube.common.mx_6.10.0.202311202037\\db\/plugins/boardmanager/
2024-05-24 10:14:39,095 [INFO] ApiDb:261 - Set plugin images path to: C:\ST\STM32CubeIDE_1.14.1\STM32CubeIDE\plugins\com.st.stm32cube.common.mx_6.10.0.202311202037\\db\/plugins/mcufinder/images/
2024-05-24 10:14:39,096 [WARN] DbFile:41 - Overriding database path with different value: C:\Users\conne\.stmcufinder\plugins\mcufinder/ => C:\Users\conne\.stmcufinder\plugins\mcufinder
2024-05-24 10:14:39,096 [INFO] ApiDb:250 - Set database path to: C:\Users\conne\.stmcufinder\plugins\mcufinder//mcu/
2024-05-24 10:14:39,096 [WARN] DbFile:41 - Overriding database path with different value: C:\Users\conne\.stmcufinder\plugins\mcufinder/ => C:\Users\conne\.stmcufinder\plugins\mcufinder
2024-05-24 10:14:39,096 [INFO] DbMcusAds:125 - Set database path to: C:\Users\conne\.stmcufinder\plugins\mcufinder//mcu/
2024-05-24 10:14:39,096 [WARN] DbFile:41 - Overriding database path with different value: C:\Users\conne\.stmcufinder\plugins\mcufinder/ => C:\Users\conne\.stmcufinder\plugins\mcufinder
2024-05-24 10:14:39,096 [WARN] DbFile:41 - Overriding database path with different value: C:\Users\conne\.stmcufinder\plugins\mcufinder/ => C:\Users\conne\.stmcufinder\plugins\mcufinder
2024-05-24 10:14:39,096 [INFO] CrossReferenceDbSqlite:203 - Set database path to: C:\Users\conne\.stmcufinder\plugins\mcufinder//mcu/cs/
2024-05-24 10:14:39,110 [INFO] ApplicationProperties:184 - Using Application install path: C:\ST\STM32CubeIDE_1.14.1\STM32CubeIDE\plugins\com.st.stm32cube.common.mx_6.10.0.202311202037
2024-05-24 10:14:39,110 [INFO] PluginManage:196 - Search for loadable plugins [exclusion list=, ]
2024-05-24 10:14:39,112 [INFO] PluginManage:310 - Check plugin analytics
2024-05-24 10:14:39,288 [INFO] AnalyticsPlugin:253 - Accepted Software Licenses: 
2024-05-24 10:14:39,288 [INFO] AnalyticsPlugin:255 - Accepted CMSIS Pack Licenses: 
2024-05-24 10:14:39,289 [INFO] AnalyticsPlugin:257 - Accepted Firmware Licenses: 
2024-05-24 10:14:39,293 [INFO] PluginManage:359 - Loaded plugin analytics (category:tool,tabindex:-1)
2024-05-24 10:14:39,293 [INFO] PluginManage:310 - Check plugin cadmodel
2024-05-24 10:14:39,300 [INFO] CADModel:105 - Init CAD model plugin
2024-05-24 10:14:39,301 [INFO] PluginManage:359 - Loaded plugin cadmodel (category:power,tabindex:5)
2024-05-24 10:14:39,301 [INFO] PluginManage:310 - Check plugin clock
2024-05-24 10:14:39,319 [INFO] PluginManage:359 - Loaded plugin clock (category:base,tabindex:2)
2024-05-24 10:14:39,319 [INFO] PluginManage:310 - Check plugin ddr
2024-05-24 10:14:39,323 [INFO] PluginManage:359 - Loaded plugin ddr (category:tool,tabindex:6)
2024-05-24 10:14:39,325 [INFO] PluginManage:310 - Check plugin filemanager
2024-05-24 10:14:39,443 [INFO] PluginManage:359 - Loaded plugin filemanager (category:base,tabindex:10)
2024-05-24 10:14:39,443 [INFO] PluginManage:310 - Check plugin ipmanager
2024-05-24 10:14:39,448 [INFO] PluginManage:359 - Loaded plugin ipmanager (category:base,tabindex:5)
2024-05-24 10:14:39,448 [INFO] PluginManage:310 - Check plugin lpbam
2024-05-24 10:14:39,454 [INFO] PluginManage:359 - Loaded plugin lpbam (category:base,tabindex:0)
2024-05-24 10:14:39,454 [INFO] PluginManage:310 - Check plugin memorymap
2024-05-24 10:14:39,465 [INFO] PluginManage:359 - Loaded plugin memorymap (category:base,tabindex:4)
2024-05-24 10:14:39,465 [INFO] PluginManage:310 - Check plugin pinoutandconfiguration
2024-05-24 10:14:39,471 [INFO] PluginManage:359 - Loaded plugin pinoutandconfiguration (category:base,tabindex:1)
2024-05-24 10:14:39,471 [INFO] PluginManage:310 - Check plugin pinoutconfig
2024-05-24 10:14:39,541 [WARN] SupportedApi:132 - Cannot load RTOS API schema: s4s-elt-must-match.1: The content of 'definitions' must match (annotation?, (simpleType | complexType)?, (unique | key | keyref)*)). A problem was found starting at: attribute.
2024-05-24 10:14:39,648 [INFO] PluginManage:359 - Loaded plugin pinoutconfig (category:base,tabindex:0)
2024-05-24 10:14:39,648 [INFO] PluginManage:310 - Check plugin power
2024-05-24 10:14:39,660 [INFO] PluginManage:359 - Loaded plugin power (category:power,tabindex:4)
2024-05-24 10:14:39,660 [INFO] PluginManage:310 - Check plugin projectmanager
2024-05-24 10:14:39,672 [INFO] PluginManage:359 - Loaded plugin projectmanager (category:projectmanager,tabindex:3)
2024-05-24 10:14:39,672 [INFO] PluginManage:310 - Check plugin thirdparty
2024-05-24 10:14:39,831 [WARN] IntegrityCheckThread:84 - waiting for thirdparty lock release [integrity check]
2024-05-24 10:14:39,832 [INFO] PluginManage:359 - Loaded plugin thirdparty (category:base,tabindex:-1)
2024-05-24 10:14:39,832 [INFO] IntegrityCheckThread:86 - entering critical section [integrity check]
2024-05-24 10:14:39,832 [INFO] PluginManage:310 - Check plugin tools
2024-05-24 10:14:39,832 [INFO] ThirdPartyUpdaterWithRetryManager:70 - Updater plugin not ready yet. [1/15]
2024-05-24 10:14:39,837 [INFO] PluginManage:359 - Loaded plugin tools (category:base,tabindex:7)
2024-05-24 10:14:39,837 [INFO] PluginManage:310 - Check plugin tutovideos
2024-05-24 10:14:39,981 [INFO] PluginManage:359 - Loaded plugin tutovideos (category:base,tabindex:-1)
2024-05-24 10:14:39,981 [INFO] PluginManage:310 - Check plugin updater
2024-05-24 10:14:39,994 [INFO] PluginManage:359 - Loaded plugin updater (category:base,tabindex:12)
2024-05-24 10:14:39,994 [INFO] PluginManage:310 - Check plugin userauth
2024-05-24 10:14:39,999 [INFO] UserAuth:114 - Init User Auth plugin
2024-05-24 10:14:39,999 [INFO] PluginManage:359 - Loaded plugin userauth (category:base,tabindex:14)
2024-05-24 10:14:40,000 [INFO] PluginManage:283 - PluginManage : Loaded plugins [17]
2024-05-24 10:14:40,156 [INFO] PinOutPanel:1499 - setPackage(No Configuration,No Configuration)
2024-05-24 10:14:40,214 [INFO] CADModel:165 - CPN selected for project level
2024-05-24 10:14:40,214 [INFO] CADModel:114 - Register for checkConnection events
2024-05-24 10:14:40,230 [INFO] IPUIPlugin:80 - create IPUIPlugin
2024-05-24 10:14:40,231 [INFO] PluginManager:220 - loadIPPluginJar : add adc
2024-05-24 10:14:40,233 [INFO] IPUIPlugin:80 - create IPUIPlugin
2024-05-24 10:14:40,233 [INFO] PluginManager:220 - loadIPPluginJar : add aes
2024-05-24 10:14:40,236 [INFO] IPUIPlugin:80 - create IPUIPlugin
2024-05-24 10:14:40,236 [INFO] PluginManager:220 - loadIPPluginJar : add can
2024-05-24 10:14:40,237 [INFO] IPUIPlugin:80 - create IPUIPlugin
2024-05-24 10:14:40,237 [INFO] PluginManager:220 - loadIPPluginJar : add comp
2024-05-24 10:14:40,240 [INFO] IPUIPlugin:80 - create IPUIPlugin
2024-05-24 10:14:40,240 [INFO] PluginManager:220 - loadIPPluginJar : add cryp
2024-05-24 10:14:40,243 [INFO] IPUIPlugin:80 - create IPUIPlugin
2024-05-24 10:14:40,243 [INFO] PluginManager:220 - loadIPPluginJar : add dfsdm
2024-05-24 10:14:40,248 [INFO] IPUIPlugin:80 - create IPUIPlugin
2024-05-24 10:14:40,249 [INFO] PluginManager:220 - loadIPPluginJar : add dma
2024-05-24 10:14:40,251 [INFO] IPUIPlugin:80 - create IPUIPlugin
2024-05-24 10:14:40,251 [INFO] PluginManager:220 - loadIPPluginJar : add dma3
2024-05-24 10:14:40,252 [INFO] IPUIPlugin:80 - create IPUIPlugin
2024-05-24 10:14:40,252 [INFO] PluginManager:220 - loadIPPluginJar : add fatfs
2024-05-24 10:14:40,258 [INFO] IPUIPlugin:80 - create IPUIPlugin
2024-05-24 10:14:40,258 [INFO] PluginManager:220 - loadIPPluginJar : add fmc
2024-05-24 10:14:40,265 [INFO] IPUIPlugin:80 - create IPUIPlugin
2024-05-24 10:14:40,266 [INFO] PluginManager:220 - loadIPPluginJar : add freertos
2024-05-24 10:14:40,268 [INFO] IPUIPlugin:80 - create IPUIPlugin
2024-05-24 10:14:40,268 [INFO] PluginManager:220 - loadIPPluginJar : add genericplugin
2024-05-24 10:14:40,271 [INFO] IPUIPlugin:80 - create IPUIPlugin
2024-05-24 10:14:40,271 [INFO] PluginManager:220 - loadIPPluginJar : add gfxmmu
2024-05-24 10:14:40,275 [INFO] IPUIPlugin:80 - create IPUIPlugin
2024-05-24 10:14:40,275 [INFO] PluginManager:220 - loadIPPluginJar : add gic
2024-05-24 10:14:40,280 [INFO] IPUIPlugin:80 - create IPUIPlugin
2024-05-24 10:14:40,280 [INFO] PluginManager:220 - loadIPPluginJar : add gpio
2024-05-24 10:14:40,283 [INFO] IPUIPlugin:80 - create IPUIPlugin
2024-05-24 10:14:40,283 [INFO] PluginManager:220 - loadIPPluginJar : add gtzc
2024-05-24 10:14:40,286 [INFO] IPUIPlugin:80 - create IPUIPlugin
2024-05-24 10:14:40,286 [INFO] PluginManager:220 - loadIPPluginJar : add hash
2024-05-24 10:14:40,288 [INFO] IPUIPlugin:80 - create IPUIPlugin
2024-05-24 10:14:40,289 [INFO] PluginManager:220 - loadIPPluginJar : add i2c
2024-05-24 10:14:40,291 [INFO] IPUIPlugin:80 - create IPUIPlugin
2024-05-24 10:14:40,291 [INFO] PluginManager:220 - loadIPPluginJar : add i2s
2024-05-24 10:14:40,294 [INFO] IPUIPlugin:80 - create IPUIPlugin
2024-05-24 10:14:40,294 [INFO] PluginManager:220 - loadIPPluginJar : add i3c
2024-05-24 10:14:40,296 [INFO] IPUIPlugin:80 - create IPUIPlugin
2024-05-24 10:14:40,296 [INFO] PluginManager:220 - loadIPPluginJar : add ipddr
2024-05-24 10:14:40,301 [INFO] IPUIPlugin:80 - create IPUIPlugin
2024-05-24 10:14:40,301 [INFO] PluginManager:220 - loadIPPluginJar : add linkedlist
2024-05-24 10:14:40,303 [INFO] IPUIPlugin:80 - create IPUIPlugin
2024-05-24 10:14:40,303 [INFO] PluginManager:220 - loadIPPluginJar : add lorawan
2024-05-24 10:14:40,305 [INFO] IPUIPlugin:80 - create IPUIPlugin
2024-05-24 10:14:40,305 [INFO] PluginManager:220 - loadIPPluginJar : add ltdc
2024-05-24 10:14:40,309 [INFO] IPUIPlugin:80 - create IPUIPlugin
2024-05-24 10:14:40,309 [INFO] PluginManager:220 - loadIPPluginJar : add mdma
2024-05-24 10:14:40,312 [INFO] IPUIPlugin:80 - create IPUIPlugin
2024-05-24 10:14:40,312 [INFO] PluginManager:220 - loadIPPluginJar : add nvic
2024-05-24 10:14:40,315 [INFO] IPUIPlugin:80 - create IPUIPlugin
2024-05-24 10:14:40,315 [INFO] PluginManager:220 - loadIPPluginJar : add opamp
2024-05-24 10:14:40,318 [INFO] IPUIPlugin:80 - create IPUIPlugin
2024-05-24 10:14:40,318 [INFO] PluginManager:220 - loadIPPluginJar : add openamp
2024-05-24 10:14:40,321 [INFO] IPUIPlugin:80 - create IPUIPlugin
2024-05-24 10:14:40,321 [INFO] PluginManager:220 - loadIPPluginJar : add pdm2pcm
2024-05-24 10:14:40,327 [INFO] IPUIPlugin:80 - create IPUIPlugin
2024-05-24 10:14:40,328 [INFO] PluginManager:220 - loadIPPluginJar : add plateformsettings
2024-05-24 10:14:40,329 [INFO] IPUIPlugin:80 - create IPUIPlugin
2024-05-24 10:14:40,330 [INFO] PluginManager:220 - loadIPPluginJar : add quadspi
2024-05-24 10:14:40,333 [INFO] IPUIPlugin:80 - create IPUIPlugin
2024-05-24 10:14:40,333 [INFO] PluginManager:220 - loadIPPluginJar : add resmgrutility
2024-05-24 10:14:40,336 [INFO] IPUIPlugin:80 - create IPUIPlugin
2024-05-24 10:14:40,336 [INFO] PluginManager:220 - loadIPPluginJar : add sai
2024-05-24 10:14:40,338 [INFO] IPUIPlugin:80 - create IPUIPlugin
2024-05-24 10:14:40,339 [INFO] PluginManager:220 - loadIPPluginJar : add spi
2024-05-24 10:14:40,344 [INFO] IPUIPlugin:80 - create IPUIPlugin
2024-05-24 10:14:40,344 [INFO] PluginManager:220 - loadIPPluginJar : add stm32_wpan
2024-05-24 10:14:40,346 [INFO] IPUIPlugin:80 - create IPUIPlugin
2024-05-24 10:14:40,346 [INFO] PluginManager:220 - loadIPPluginJar : add tim
2024-05-24 10:14:40,350 [INFO] IPUIPlugin:80 - create IPUIPlugin
2024-05-24 10:14:40,350 [INFO] PluginManager:220 - loadIPPluginJar : add touchsensing
2024-05-24 10:14:40,351 [INFO] IPUIPlugin:80 - create IPUIPlugin
2024-05-24 10:14:40,351 [INFO] PluginManager:220 - loadIPPluginJar : add tracer_emb
2024-05-24 10:14:40,355 [INFO] IPUIPlugin:80 - create IPUIPlugin
2024-05-24 10:14:40,355 [INFO] PluginManager:220 - loadIPPluginJar : add ts
2024-05-24 10:14:40,357 [INFO] IPUIPlugin:80 - create IPUIPlugin
2024-05-24 10:14:40,357 [INFO] PluginManager:220 - loadIPPluginJar : add tsc
2024-05-24 10:14:40,359 [INFO] IPUIPlugin:80 - create IPUIPlugin
2024-05-24 10:14:40,359 [INFO] PluginManager:220 - loadIPPluginJar : add ucpd
2024-05-24 10:14:40,362 [INFO] IPUIPlugin:80 - create IPUIPlugin
2024-05-24 10:14:40,362 [INFO] PluginManager:220 - loadIPPluginJar : add usart
2024-05-24 10:14:40,365 [INFO] IPUIPlugin:80 - create IPUIPlugin
2024-05-24 10:14:40,365 [INFO] PluginManager:220 - loadIPPluginJar : add usbx
2024-05-24 10:14:40,475 [INFO] CADModel:165 - CPN selected for project level
2024-05-24 10:14:40,475 [INFO] CADModel:114 - Register for checkConnection events
2024-05-24 10:14:40,475 [FATAL] Updater:308 - Updater called before beeing initialized
2024-05-24 10:14:40,476 [ERROR] CADModel:125 - Updater not yet initialized, retry later 
2024-05-24 10:14:40,582 [INFO] CADModel:165 - CPN selected for project level
2024-05-24 10:14:40,582 [INFO] CADModel:114 - Register for checkConnection events
2024-05-24 10:14:40,582 [FATAL] Updater:308 - Updater called before beeing initialized
2024-05-24 10:14:40,582 [ERROR] CADModel:125 - Updater not yet initialized, retry later 
2024-05-24 10:14:40,584 [FATAL] Updater:308 - Updater called before beeing initialized
2024-05-24 10:14:40,665 [FATAL] Updater:308 - Updater called before beeing initialized
2024-05-24 10:14:40,669 [INFO] DbMcusAds:53 - JSON generation date=Thu May 02 17:37:29 KST 2024 (1714639049318)
2024-05-24 10:14:40,669 [FATAL] Updater:308 - Updater called before beeing initialized
2024-05-24 10:14:40,704 [WARN] DetailPanel:346 - Failed to get advertising image, set to default
2024-05-24 10:14:40,767 [FATAL] Updater:308 - Updater called before beeing initialized
2024-05-24 10:14:40,769 [FATAL] Updater:308 - Updater called before beeing initialized
2024-05-24 10:14:40,769 [FATAL] Updater:308 - Updater called before beeing initialized
2024-05-24 10:14:40,769 [WARN] DetailPanel:346 - Failed to get advertising image, set to default
2024-05-24 10:14:40,769 [FATAL] Updater:308 - Updater called before beeing initialized
2024-05-24 10:14:40,815 [ERROR] Updater:1120 - MainUpdater not yet initialized. External WinMGr cannot be set.
2024-05-24 10:14:40,817 [INFO] Updater:1056 - Updater Version found : 6.10.0
2024-05-24 10:14:40,837 [INFO] ApplicationProperties:184 - Using Application install path: C:\ST\STM32CubeIDE_1.14.1\STM32CubeIDE\plugins\com.st.stm32cube.common.mx_6.10.0.202311202037
2024-05-24 10:14:42,435 [ERROR] LogOutputStream:75 - [STDERR_REDIRECT] May 24, 2024 10:14:42 AM java.util.prefs.WindowsPreferences <init>
2024-05-24 10:14:42,438 [ERROR] LogOutputStream:75 - [STDERR_REDIRECT] WARNING: Could not open/create prefs root node Software\JavaSoft\Prefs at root 0xffffffff80000002. Windows RegCreateKeyEx(...) returned error code 5.
2024-05-24 10:14:42,438 [ERROR] LogOutputStream:75 - [STDERR_REDIRECT] 
2024-05-24 10:14:42,841 [INFO] ThirdPartyUpdaterWithRetryManager:70 - Updater plugin not ready yet. [2/15]
2024-05-24 10:14:42,995 [INFO] MainUpdater:2873 - connection check result : 10
2024-05-24 10:14:42,995 [INFO] MainUpdater:3567 - Updater definition file requires update
2024-05-24 10:14:42,996 [INFO] MainUpdater:290 - Updater Check For Update Now.
2024-05-24 10:14:42,996 [INFO] MicroXplorer:498 - Change Database Version : DB.6.0.100
2024-05-24 10:14:43,001 [INFO] McuFinderGlobals:63 - Set McuFinder mode to 2 (CubeIDE integrated)
2024-05-24 10:14:43,001 [INFO] UserAuth:180 - activating auth plugin
2024-05-24 10:14:43,004 [INFO] UserAuth:404 - Internet connection configuration mode: 1
2024-05-24 10:14:43,020 [INFO] JxBrowserEngine:152 - Initiate JxBrowser Engine with user profile folder
2024-05-24 10:14:43,573 [INFO] ServerAccessManage:473 - Download File updaters.zip
2024-05-24 10:14:43,776 [INFO] WebApp:161 - Instantiating new browser for Auth
2024-05-24 10:14:43,856 [INFO] FileExtend:240 - Unzip File : updaters.zip
2024-05-24 10:14:43,856 [INFO] FileExtend:255 - Standard Zip Deflate
2024-05-24 10:14:44,313 [INFO] ServerAccessManage:473 - Download File PacksControlFlags.xml
2024-05-24 10:14:44,478 [INFO] ServerAccessManage:473 - Download File cubemx.pidx
2024-05-24 10:14:44,480 [INFO] WebApp:780 - Register for checkConnection events
2024-05-24 10:14:44,480 [INFO] WebApp:414 - Apply proxy settings
2024-05-24 10:14:44,480 [INFO] WebApp:499 - Chromium requires no authentication
2024-05-24 10:14:44,488 [INFO] WebApp:442 - Direct internet connection detected
2024-05-24 10:14:44,768 [INFO] WebApp:192 - Starting web application
2024-05-24 10:14:44,768 [INFO] WebApp:544 - Web application path used C:\ST\STM32CubeIDE_1.14.1\STM32CubeIDE\plugins\com.st.stm32cube.common.mx_6.10.0.202311202037\db\plugins\mcufinder\reactClient1\index.html
2024-05-24 10:14:45,080 [INFO] ServerAccessManage:473 - Download File STMicroelectronics.X-CUBE-ALS.pdsc
2024-05-24 10:14:45,848 [WARN] MainUpdater:1194 - Updater busy. Cannot search thirdparties
2024-05-24 10:14:45,848 [INFO] ThirdPartyUpdaterWithRetryManager:96 - Updater plugin is busy. [1/15]
2024-05-24 10:14:46,368 [WARN] PackLoader:240 - Cannot read IP mode file for STMicroelectronics.X-CUBE-ALS.1.0.2
2024-05-24 10:14:46,370 [INFO] PopulateThirdPartyThread:66 - Ending populate Thread
2024-05-24 10:14:46,372 [INFO] ThirdParty:1030 - CMSIS Pack Vendor :STMicroelectronics X-CUBE-ALS 1.0.2
2024-05-24 10:14:46,372 [INFO] LoadServerUpdatesThread:375 - End of LoadServerUpdate Thread
2024-05-24 10:14:46,471 [INFO] CheckServerUpdateThread:120 - End of CheckServer Thread
2024-05-24 10:14:48,971 [WARN] PackLoader:240 - Cannot read IP mode file for STMicroelectronics.FP-SNS-MOTENVWB1.1.4.0
2024-05-24 10:14:48,978 [WARN] PackLoader:240 - Cannot read IP mode file for STMicroelectronics.X-CUBE-SMBUS.2.1.0
2024-05-24 10:14:48,981 [WARN] PackLoader:240 - Cannot read IP mode file for STMicroelectronics.X-CUBE-TOUCHGFX.4.23.1
2024-05-24 10:14:48,984 [WARN] PackLoader:240 - Cannot read IP mode file for STMicroelectronics.X-CUBE-TOUCHGFX.4.23.0
2024-05-24 10:14:48,987 [WARN] PackLoader:240 - Cannot read IP mode file for STMicroelectronics.X-CUBE-TOUCHGFX.4.23.2
2024-05-24 10:14:49,001 [WARN] PackLoader:240 - Cannot read IP mode file for STMicroelectronics.X-CUBE-AZRTOS-F7.1.1.0
2024-05-24 10:14:49,008 [WARN] PackLoader:240 - Cannot read IP mode file for STMicroelectronics.FP-SNS-MOTENV1.4.3.2
2024-05-24 10:14:49,014 [WARN] PackLoader:240 - Cannot read IP mode file for STMicroelectronics.FP-SNS-FLIGHT1.5.0.2
2024-05-24 10:14:49,019 [WARN] PackLoader:240 - Cannot read IP mode file for STMicroelectronics.X-CUBE-DISPLAY.3.0.0
2024-05-24 10:14:49,030 [WARN] PackLoader:240 - Cannot read IP mode file for STMicroelectronics.X-CUBE-BLE1.7.0.0
2024-05-24 10:14:49,035 [WARN] PackLoader:240 - Cannot read IP mode file for emotas.I-CUBE-CANOPEN.1.3.0
2024-05-24 10:14:49,047 [WARN] PackLoader:240 - Cannot read IP mode file for STMicroelectronics.X-CUBE-BLEMGR.3.1.0
2024-05-24 10:14:49,052 [WARN] PackLoader:240 - Cannot read IP mode file for STMicroelectronics.FP-SNS-SMARTAG2.1.2.0
2024-05-24 10:14:49,057 [INFO] LogOutputStream:77 - [STDOUT_REDIRECT] 1 : Invalid condition id : UX_CORESTACK_Condition cause : null
2024-05-24 10:14:49,057 [INFO] LogOutputStream:77 - [STDOUT_REDIRECT] 1 : Invalid condition id : UX_CORESTACK_Condition cause : null
2024-05-24 10:14:49,058 [INFO] LogOutputStream:77 - [STDOUT_REDIRECT] 1 : Invalid condition id : UX_CORESTACK_Condition cause : null
2024-05-24 10:14:49,059 [INFO] LogOutputStream:77 - [STDOUT_REDIRECT] 1 : Invalid condition id : UX_CORESTACK_Condition cause : null
2024-05-24 10:14:49,060 [INFO] LogOutputStream:77 - [STDOUT_REDIRECT] 1 : Invalid condition id : UX_CORESTACK_Condition cause : null
2024-05-24 10:14:49,061 [WARN] PackLoader:240 - Cannot read IP mode file for STMicroelectronics.X-CUBE-AZRTOS-WL.2.0.0
2024-05-24 10:14:49,066 [WARN] PackLoader:240 - Cannot read IP mode file for STMicroelectronics.FP-SNS-MOTENV1.5.0.0
2024-05-24 10:14:49,073 [WARN] PackLoader:240 - Cannot read IP mode file for WES.I-CUBE-Cesium.1.3.0
2024-05-24 10:14:49,077 [WARN] PackLoader:240 - Cannot read IP mode file for STMicroelectronics.X-CUBE-BLE2.3.3.0
2024-05-24 10:14:49,081 [WARN] PackLoader:240 - Cannot read IP mode file for STMicroelectronics.X-CUBE-TCPP.4.1.0
2024-05-24 10:14:49,086 [WARN] PackLoader:240 - Cannot read IP mode file for STMicroelectronics.X-CUBE-ALGOBUILD.1.3.0
2024-05-24 10:14:49,100 [WARN] PackLoader:240 - Cannot read IP mode file for STMicroelectronics.X-CUBE-AZRTOS-G0.1.1.0
2024-05-24 10:14:49,109 [WARN] PackLoader:240 - Cannot read IP mode file for STMicroelectronics.X-CUBE-SAFEA1.1.2.2
2024-05-24 10:14:49,115 [WARN] PackLoader:240 - Cannot read IP mode file for STMicroelectronics.X-CUBE-NFC4.3.0.0
2024-05-24 10:14:49,120 [WARN] PackLoader:240 - Cannot read IP mode file for STMicroelectronics.FP-ATR-SIGFOX1.3.2.0
2024-05-24 10:14:49,127 [WARN] PackLoader:240 - Cannot read IP mode file for STMicroelectronics.X-CUBE-EEPRMA1.5.1.0
2024-05-24 10:14:49,152 [WARN] PackLoader:240 - Cannot read IP mode file for SEGGER.I-CUBE-embOS.1.3.1
2024-05-24 10:14:49,194 [WARN] PackLoader:240 - Cannot read IP mode file for STMicroelectronics.X-CUBE-ALGOBUILD.1.4.0
2024-05-24 10:14:49,202 [WARN] PackLoader:240 - Cannot read IP mode file for STMicroelectronics.X-CUBE-GNSS1.6.0.0
2024-05-24 10:14:49,218 [WARN] PackLoader:240 - Cannot read IP mode file for STMicroelectronics.X-CUBE-AZRTOS-F4.1.1.0
2024-05-24 10:14:49,227 [WARN] PackLoader:240 - Cannot read IP mode file for STMicroelectronics.X-CUBE-FREERTOS.1.2.0
2024-05-24 10:14:49,233 [WARN] PackLoader:240 - Cannot read IP mode file for wolfSSL.I-CUBE-wolfSSL.5.6.6
2024-05-24 10:14:49,243 [WARN] PackLoader:240 - Cannot read IP mode file for STMicroelectronics.X-CUBE-AZRTOS-L5.2.0.0
2024-05-24 10:14:49,250 [WARN] PackLoader:240 - Cannot read IP mode file for STMicroelectronics.X-CUBE-NFC6.3.1.0
2024-05-24 10:14:49,257 [WARN] PackLoader:240 - Cannot read IP mode file for ITTIA_DB.I-CUBE-ITTIADB.8.8.0
2024-05-24 10:14:49,260 [WARN] PackLoader:240 - Cannot read IP mode file for STMicroelectronics.X-CUBE-AI.9.0.0
2024-05-24 10:14:49,265 [WARN] PackLoader:240 - Cannot read IP mode file for STMicroelectronics.X-CUBE-NFC7.1.0.1
2024-05-24 10:14:49,269 [WARN] PackLoader:240 - Cannot read IP mode file for STMicroelectronics.X-CUBE-NFC6.3.0.0
2024-05-24 10:14:49,275 [WARN] PackLoader:240 - Cannot read IP mode file for STMicroelectronics.X-CUBE-AI.8.1.0
2024-05-24 10:14:49,290 [WARN] ConditionMgr:438 - getConditionDescription Invalid condition id : LAN8742 Phy interface Condition cause : null
2024-05-24 10:14:49,290 [WARN] PackLoader:240 - Cannot read IP mode file for STMicroelectronics.X-CUBE-AZRTOS-L4.2.0.0
2024-05-24 10:14:49,291 [WARN] ConditionMgr:1039 - genDependencies : Invalid condition id : LAN8742 Phy interface Condition cause : null
2024-05-24 10:14:49,291 [WARN] ConditionMgr:1039 - genDependencies : Invalid condition id : LAN8742 Phy interface Condition cause : null
2024-05-24 10:14:49,291 [WARN] ConditionMgr:1039 - genDependencies : Invalid condition id : LAN8742 Phy interface Condition cause : null
2024-05-24 10:14:49,300 [WARN] PackLoader:240 - Cannot read IP mode file for STMicroelectronics.X-CUBE-SFXS2LP1.4.0.0
2024-05-24 10:14:49,311 [WARN] ConditionMgr:438 - getConditionDescription Invalid condition id : UX DEVICE CLASS RTOS Condition cause : null
2024-05-24 10:14:49,312 [WARN] ConditionMgr:438 - getConditionDescription Invalid condition id : UX DEVICE CLASS RTOS Condition cause : null
2024-05-24 10:14:49,313 [WARN] PackLoader:240 - Cannot read IP mode file for STMicroelectronics.X-CUBE-AZRTOS-WB.2.0.0
2024-05-24 10:14:49,314 [WARN] ConditionMgr:1039 - genDependencies : Invalid condition id : UX DEVICE CLASS RTOS Condition cause : null
2024-05-24 10:14:49,314 [WARN] ConditionMgr:1039 - genDependencies : Invalid condition id : UX DEVICE CLASS RTOS Condition cause : null
2024-05-24 10:14:49,314 [WARN] ConditionMgr:1039 - genDependencies : Invalid condition id : UX DEVICE CLASS RTOS Condition cause : null
2024-05-24 10:14:49,314 [WARN] ConditionMgr:1039 - genDependencies : Invalid condition id : UX DEVICE CLASS RTOS Condition cause : null
2024-05-24 10:14:49,314 [WARN] ConditionMgr:1039 - genDependencies : Invalid condition id : UX DEVICE CLASS RTOS Condition cause : null
2024-05-24 10:14:49,321 [WARN] PackLoader:240 - Cannot read IP mode file for STMicroelectronics.X-CUBE-SUBG2.5.0.0
2024-05-24 10:14:49,329 [WARN] PackLoader:240 - Cannot read IP mode file for Cesanta.I-CUBE-Mongoose.7.13.0
2024-05-24 10:14:49,337 [WARN] PackLoader:240 - Cannot read IP mode file for STMicroelectronics.X-CUBE-AZRTOS-G4.2.0.0
2024-05-24 10:14:49,346 [WARN] PackLoader:240 - Cannot read IP mode file for Infineon.AIROC-Wi-Fi-Bluetooth-STM32.1.5.1
2024-05-24 10:14:49,351 [WARN] PackLoader:240 - Cannot read IP mode file for STMicroelectronics.FP-SNS-MOTENVWB1.1.3.1
2024-05-24 10:14:49,356 [WARN] PackLoader:240 - Cannot read IP mode file for STMicroelectronics.X-CUBE-ISPU.2.0.0
2024-05-24 10:14:49,360 [WARN] PackLoader:240 - Cannot read IP mode file for STMicroelectronics.X-CUBE-ALS.1.0.2
2024-05-24 10:14:49,383 [WARN] PackLoader:240 - Cannot read IP mode file for STMicroelectronics.X-CUBE-MEMS1.10.0.0
2024-05-24 10:14:49,457 [WARN] PackLoader:240 - Cannot read IP mode file for STMicroelectronics.X-CUBE-FREERTOS.1.1.0
2024-05-24 10:14:49,461 [WARN] PackLoader:240 - Cannot read IP mode file for portGmbH.I-Cube-SoM-uGOAL.1.1.0
2024-05-24 10:14:49,464 [WARN] PackLoader:240 - Cannot read IP mode file for STMicroelectronics.X-CUBE-ALS.1.0.1
2024-05-24 10:14:49,477 [WARN] PackLoader:240 - Cannot read IP mode file for STMicroelectronics.X-CUBE-AZRTOS-H7RS.1.0.0
2024-05-24 10:14:49,482 [WARN] PackLoader:240 - Cannot read IP mode file for STMicroelectronics.FP-ATR-ASTRA1.2.0.0
2024-05-24 10:14:49,491 [WARN] PackLoader:240 - Cannot read IP mode file for STMicroelectronics.X-CUBE-TOF1.3.4.0
2024-05-24 10:14:49,501 [WARN] PackLoader:240 - Cannot read IP mode file for STMicroelectronics.X-CUBE-TOF1.3.4.1
2024-05-24 10:14:49,519 [WARN] PackLoader:240 - Cannot read IP mode file for STMicroelectronics.X-CUBE-AZRTOS-H7.3.2.0
2024-05-24 10:14:49,521 [INFO] ThirdParty:978 - Integrity check success = true
2024-05-24 10:14:49,521 [INFO] IntegrityCheckThread:100 - exiting critical section [integrity check]
2024-05-24 10:14:49,521 [INFO] IntegrityCheckThread:103 - End integrity checks thread
2024-05-24 10:15:05,491 [ERROR] LogOutputStream:75 - [STDERR_REDIRECT] SLF4J: Failed to load class "org.slf4j.impl.StaticLoggerBinder".
2024-05-24 10:15:05,491 [ERROR] LogOutputStream:75 - [STDERR_REDIRECT] SLF4J: Defaulting to no-operation (NOP) logger implementation
2024-05-24 10:15:05,492 [ERROR] LogOutputStream:75 - [STDERR_REDIRECT] SLF4J: See http://www.slf4j.org/codes.html#StaticLoggerBinder for further details.
2024-05-24 10:20:59,849 [ERROR] LogOutputStream:75 - [STDERR_REDIRECT] 
2024-05-24 10:20:59,849 [ERROR] LogOutputStream:75 - [STDERR_REDIRECT] 
2024-05-24 10:27:53,631 [INFO] Activator:176 - 


2024-05-24 10:27:53,634 [INFO] Activator:177 - !SESSION log4j initialized
2024-05-24 10:27:58,113 [INFO] LogOutputStream:77 - [STDOUT_REDIRECT] 
2024-05-24 10:27:59,649 [INFO] ApplicationProperties:184 - Using Application install path: C:\ST\STM32CubeIDE_1.14.1\STM32CubeIDE\plugins\com.st.stm32cube.common.mx_6.10.0.202311202037
2024-05-24 10:27:59,663 [INFO] DbMcusXml:78 - Set database path to: C:\ST\STM32CubeIDE_1.14.1\STM32CubeIDE\plugins\com.st.stm32cube.common.mx_6.10.0.202311202037\\db\/mcu/
2024-05-24 10:27:59,663 [INFO] ApiDb:274 - Set plugin database path to: C:\ST\STM32CubeIDE_1.14.1\STM32CubeIDE\plugins\com.st.stm32cube.common.mx_6.10.0.202311202037\\db\/plugins/boardmanager/
2024-05-24 10:27:59,664 [WARN] ApiDb:259 - Overriding images path with different value:  => C:\ST\STM32CubeIDE_1.14.1\STM32CubeIDE\plugins\com.st.stm32cube.common.mx_6.10.0.202311202037\\db\/plugins/mcufinder/images/
2024-05-24 10:27:59,671 [INFO] ApiDb:250 - Set database path to: C:\Users\conne\.stmcufinder\plugins\mcufinder//mcu/
2024-05-24 10:27:59,672 [INFO] DbMcusAds:125 - Set database path to: C:\Users\conne\.stmcufinder\plugins\mcufinder//mcu/
2024-05-24 10:27:59,674 [INFO] CrossReferenceDbSqlite:203 - Set database path to: C:\Users\conne\.stmcufinder\plugins\mcufinder//mcu/cs/
2024-05-24 10:27:59,849 [INFO] RulesReader:64 - Compatibility file has been processed (297 Rules)
2024-05-24 10:27:59,942 [INFO] DbMcusXml:78 - Set database path to: C:\ST\STM32CubeIDE_1.14.1\STM32CubeIDE\plugins\com.st.stm32cube.common.mx_6.10.0.202311202037\\db\/mcu/
2024-05-24 10:27:59,942 [INFO] ApiDb:274 - Set plugin database path to: C:\ST\STM32CubeIDE_1.14.1\STM32CubeIDE\plugins\com.st.stm32cube.common.mx_6.10.0.202311202037\\db\/plugins/boardmanager/
2024-05-24 10:27:59,942 [INFO] ApiDb:261 - Set plugin images path to: C:\ST\STM32CubeIDE_1.14.1\STM32CubeIDE\plugins\com.st.stm32cube.common.mx_6.10.0.202311202037\\db\/plugins/mcufinder/images/
2024-05-24 10:27:59,943 [WARN] DbFile:41 - Overriding database path with different value: C:\Users\conne\.stmcufinder\plugins\mcufinder/ => C:\Users\conne\.stmcufinder\plugins\mcufinder
2024-05-24 10:27:59,943 [INFO] ApiDb:250 - Set database path to: C:\Users\conne\.stmcufinder\plugins\mcufinder//mcu/
2024-05-24 10:27:59,943 [WARN] DbFile:41 - Overriding database path with different value: C:\Users\conne\.stmcufinder\plugins\mcufinder/ => C:\Users\conne\.stmcufinder\plugins\mcufinder
2024-05-24 10:27:59,943 [INFO] DbMcusAds:125 - Set database path to: C:\Users\conne\.stmcufinder\plugins\mcufinder//mcu/
2024-05-24 10:27:59,943 [WARN] DbFile:41 - Overriding database path with different value: C:\Users\conne\.stmcufinder\plugins\mcufinder/ => C:\Users\conne\.stmcufinder\plugins\mcufinder
2024-05-24 10:27:59,943 [WARN] DbFile:41 - Overriding database path with different value: C:\Users\conne\.stmcufinder\plugins\mcufinder/ => C:\Users\conne\.stmcufinder\plugins\mcufinder
2024-05-24 10:27:59,943 [INFO] CrossReferenceDbSqlite:203 - Set database path to: C:\Users\conne\.stmcufinder\plugins\mcufinder//mcu/cs/
2024-05-24 10:28:00,013 [INFO] MainPanel:264 - HeapMemory: 268435456
2024-05-24 10:28:00,101 [INFO] DbMcusXml:78 - Set database path to: C:\ST\STM32CubeIDE_1.14.1\STM32CubeIDE\plugins\com.st.stm32cube.common.mx_6.10.0.202311202037\\db\/mcu/
2024-05-24 10:28:00,101 [INFO] ApiDb:274 - Set plugin database path to: C:\ST\STM32CubeIDE_1.14.1\STM32CubeIDE\plugins\com.st.stm32cube.common.mx_6.10.0.202311202037\\db\/plugins/boardmanager/
2024-05-24 10:28:00,101 [INFO] ApiDb:261 - Set plugin images path to: C:\ST\STM32CubeIDE_1.14.1\STM32CubeIDE\plugins\com.st.stm32cube.common.mx_6.10.0.202311202037\\db\/plugins/mcufinder/images/
2024-05-24 10:28:00,101 [WARN] DbFile:41 - Overriding database path with different value: C:\Users\conne\.stmcufinder\plugins\mcufinder/ => C:\Users\conne\.stmcufinder\plugins\mcufinder
2024-05-24 10:28:00,101 [INFO] ApiDb:250 - Set database path to: C:\Users\conne\.stmcufinder\plugins\mcufinder//mcu/
2024-05-24 10:28:00,101 [WARN] DbFile:41 - Overriding database path with different value: C:\Users\conne\.stmcufinder\plugins\mcufinder/ => C:\Users\conne\.stmcufinder\plugins\mcufinder
2024-05-24 10:28:00,101 [INFO] DbMcusAds:125 - Set database path to: C:\Users\conne\.stmcufinder\plugins\mcufinder//mcu/
2024-05-24 10:28:00,101 [WARN] DbFile:41 - Overriding database path with different value: C:\Users\conne\.stmcufinder\plugins\mcufinder/ => C:\Users\conne\.stmcufinder\plugins\mcufinder
2024-05-24 10:28:00,101 [WARN] DbFile:41 - Overriding database path with different value: C:\Users\conne\.stmcufinder\plugins\mcufinder/ => C:\Users\conne\.stmcufinder\plugins\mcufinder
2024-05-24 10:28:00,102 [INFO] CrossReferenceDbSqlite:203 - Set database path to: C:\Users\conne\.stmcufinder\plugins\mcufinder//mcu/cs/
2024-05-24 10:28:00,114 [INFO] ApplicationProperties:184 - Using Application install path: C:\ST\STM32CubeIDE_1.14.1\STM32CubeIDE\plugins\com.st.stm32cube.common.mx_6.10.0.202311202037
2024-05-24 10:28:00,115 [INFO] PluginManage:196 - Search for loadable plugins [exclusion list=, ]
2024-05-24 10:28:00,115 [INFO] PluginManage:310 - Check plugin analytics
2024-05-24 10:28:00,248 [INFO] AnalyticsPlugin:253 - Accepted Software Licenses: 
2024-05-24 10:28:00,248 [INFO] AnalyticsPlugin:255 - Accepted CMSIS Pack Licenses: 
2024-05-24 10:28:00,248 [INFO] AnalyticsPlugin:257 - Accepted Firmware Licenses: 
2024-05-24 10:28:00,252 [INFO] PluginManage:359 - Loaded plugin analytics (category:tool,tabindex:-1)
2024-05-24 10:28:00,252 [INFO] PluginManage:310 - Check plugin cadmodel
2024-05-24 10:28:00,254 [INFO] CADModel:105 - Init CAD model plugin
2024-05-24 10:28:00,255 [INFO] PluginManage:359 - Loaded plugin cadmodel (category:power,tabindex:5)
2024-05-24 10:28:00,255 [INFO] PluginManage:310 - Check plugin clock
2024-05-24 10:28:00,262 [INFO] PluginManage:359 - Loaded plugin clock (category:base,tabindex:2)
2024-05-24 10:28:00,262 [INFO] PluginManage:310 - Check plugin ddr
2024-05-24 10:28:00,263 [INFO] PluginManage:359 - Loaded plugin ddr (category:tool,tabindex:6)
2024-05-24 10:28:00,263 [INFO] PluginManage:310 - Check plugin filemanager
2024-05-24 10:28:00,401 [INFO] PluginManage:359 - Loaded plugin filemanager (category:base,tabindex:10)
2024-05-24 10:28:00,401 [INFO] PluginManage:310 - Check plugin ipmanager
2024-05-24 10:28:00,406 [INFO] PluginManage:359 - Loaded plugin ipmanager (category:base,tabindex:5)
2024-05-24 10:28:00,406 [INFO] PluginManage:310 - Check plugin lpbam
2024-05-24 10:28:00,412 [INFO] PluginManage:359 - Loaded plugin lpbam (category:base,tabindex:0)
2024-05-24 10:28:00,412 [INFO] PluginManage:310 - Check plugin memorymap
2024-05-24 10:28:00,420 [INFO] PluginManage:359 - Loaded plugin memorymap (category:base,tabindex:4)
2024-05-24 10:28:00,420 [INFO] PluginManage:310 - Check plugin pinoutandconfiguration
2024-05-24 10:28:00,426 [INFO] PluginManage:359 - Loaded plugin pinoutandconfiguration (category:base,tabindex:1)
2024-05-24 10:28:00,426 [INFO] PluginManage:310 - Check plugin pinoutconfig
2024-05-24 10:28:00,559 [WARN] SupportedApi:132 - Cannot load RTOS API schema: s4s-elt-must-match.1: The content of 'definitions' must match (annotation?, (simpleType | complexType)?, (unique | key | keyref)*)). A problem was found starting at: attribute.
2024-05-24 10:28:00,649 [INFO] PluginManage:359 - Loaded plugin pinoutconfig (category:base,tabindex:0)
2024-05-24 10:28:00,649 [INFO] PluginManage:310 - Check plugin power
2024-05-24 10:28:00,659 [INFO] PluginManage:359 - Loaded plugin power (category:power,tabindex:4)
2024-05-24 10:28:00,659 [INFO] PluginManage:310 - Check plugin projectmanager
2024-05-24 10:28:00,673 [INFO] PluginManage:359 - Loaded plugin projectmanager (category:projectmanager,tabindex:3)
2024-05-24 10:28:00,673 [INFO] PluginManage:310 - Check plugin thirdparty
2024-05-24 10:28:00,765 [INFO] PluginManage:359 - Loaded plugin thirdparty (category:base,tabindex:-1)
2024-05-24 10:28:00,765 [INFO] PluginManage:310 - Check plugin tools
2024-05-24 10:28:00,765 [WARN] IntegrityCheckThread:84 - waiting for thirdparty lock release [integrity check]
2024-05-24 10:28:00,765 [INFO] IntegrityCheckThread:86 - entering critical section [integrity check]
2024-05-24 10:28:00,766 [INFO] ThirdPartyUpdaterWithRetryManager:70 - Updater plugin not ready yet. [1/15]
2024-05-24 10:28:00,767 [INFO] PluginManage:359 - Loaded plugin tools (category:base,tabindex:7)
2024-05-24 10:28:00,767 [INFO] PluginManage:310 - Check plugin tutovideos
2024-05-24 10:28:00,891 [INFO] PluginManage:359 - Loaded plugin tutovideos (category:base,tabindex:-1)
2024-05-24 10:28:00,892 [INFO] PluginManage:310 - Check plugin updater
2024-05-24 10:28:00,901 [INFO] PluginManage:359 - Loaded plugin updater (category:base,tabindex:12)
2024-05-24 10:28:00,901 [INFO] PluginManage:310 - Check plugin userauth
2024-05-24 10:28:00,905 [INFO] UserAuth:114 - Init User Auth plugin
2024-05-24 10:28:00,905 [INFO] PluginManage:359 - Loaded plugin userauth (category:base,tabindex:14)
2024-05-24 10:28:00,905 [INFO] PluginManage:283 - PluginManage : Loaded plugins [17]
2024-05-24 10:28:01,166 [INFO] PinOutPanel:1499 - setPackage(No Configuration,No Configuration)
2024-05-24 10:28:01,262 [INFO] CADModel:165 - CPN selected for project level
2024-05-24 10:28:01,262 [INFO] CADModel:114 - Register for checkConnection events
2024-05-24 10:28:01,289 [INFO] IPUIPlugin:80 - create IPUIPlugin
2024-05-24 10:28:01,290 [INFO] PluginManager:220 - loadIPPluginJar : add adc
2024-05-24 10:28:01,294 [INFO] IPUIPlugin:80 - create IPUIPlugin
2024-05-24 10:28:01,294 [INFO] PluginManager:220 - loadIPPluginJar : add aes
2024-05-24 10:28:01,297 [INFO] IPUIPlugin:80 - create IPUIPlugin
2024-05-24 10:28:01,297 [INFO] PluginManager:220 - loadIPPluginJar : add can
2024-05-24 10:28:01,300 [INFO] IPUIPlugin:80 - create IPUIPlugin
2024-05-24 10:28:01,300 [INFO] PluginManager:220 - loadIPPluginJar : add comp
2024-05-24 10:28:01,302 [INFO] IPUIPlugin:80 - create IPUIPlugin
2024-05-24 10:28:01,302 [INFO] PluginManager:220 - loadIPPluginJar : add cryp
2024-05-24 10:28:01,306 [INFO] IPUIPlugin:80 - create IPUIPlugin
2024-05-24 10:28:01,306 [INFO] PluginManager:220 - loadIPPluginJar : add dfsdm
2024-05-24 10:28:01,314 [INFO] IPUIPlugin:80 - create IPUIPlugin
2024-05-24 10:28:01,315 [INFO] PluginManager:220 - loadIPPluginJar : add dma
2024-05-24 10:28:01,320 [INFO] IPUIPlugin:80 - create IPUIPlugin
2024-05-24 10:28:01,321 [INFO] PluginManager:220 - loadIPPluginJar : add dma3
2024-05-24 10:28:01,327 [INFO] IPUIPlugin:80 - create IPUIPlugin
2024-05-24 10:28:01,327 [INFO] PluginManager:220 - loadIPPluginJar : add fatfs
2024-05-24 10:28:01,336 [INFO] IPUIPlugin:80 - create IPUIPlugin
2024-05-24 10:28:01,336 [INFO] PluginManager:220 - loadIPPluginJar : add fmc
2024-05-24 10:28:01,350 [INFO] IPUIPlugin:80 - create IPUIPlugin
2024-05-24 10:28:01,350 [INFO] PluginManager:220 - loadIPPluginJar : add freertos
2024-05-24 10:28:01,354 [INFO] IPUIPlugin:80 - create IPUIPlugin
2024-05-24 10:28:01,355 [INFO] PluginManager:220 - loadIPPluginJar : add genericplugin
2024-05-24 10:28:01,363 [INFO] IPUIPlugin:80 - create IPUIPlugin
2024-05-24 10:28:01,364 [INFO] PluginManager:220 - loadIPPluginJar : add gfxmmu
2024-05-24 10:28:01,382 [INFO] IPUIPlugin:80 - create IPUIPlugin
2024-05-24 10:28:01,383 [INFO] PluginManager:220 - loadIPPluginJar : add gic
2024-05-24 10:28:01,396 [INFO] IPUIPlugin:80 - create IPUIPlugin
2024-05-24 10:28:01,396 [INFO] PluginManager:220 - loadIPPluginJar : add gpio
2024-05-24 10:28:01,401 [INFO] IPUIPlugin:80 - create IPUIPlugin
2024-05-24 10:28:01,401 [INFO] PluginManager:220 - loadIPPluginJar : add gtzc
2024-05-24 10:28:01,404 [INFO] IPUIPlugin:80 - create IPUIPlugin
2024-05-24 10:28:01,405 [INFO] PluginManager:220 - loadIPPluginJar : add hash
2024-05-24 10:28:01,414 [INFO] IPUIPlugin:80 - create IPUIPlugin
2024-05-24 10:28:01,414 [INFO] PluginManager:220 - loadIPPluginJar : add i2c
2024-05-24 10:28:01,418 [INFO] IPUIPlugin:80 - create IPUIPlugin
2024-05-24 10:28:01,419 [INFO] PluginManager:220 - loadIPPluginJar : add i2s
2024-05-24 10:28:01,424 [INFO] IPUIPlugin:80 - create IPUIPlugin
2024-05-24 10:28:01,424 [INFO] PluginManager:220 - loadIPPluginJar : add i3c
2024-05-24 10:28:01,432 [INFO] IPUIPlugin:80 - create IPUIPlugin
2024-05-24 10:28:01,433 [INFO] PluginManager:220 - loadIPPluginJar : add ipddr
2024-05-24 10:28:01,460 [INFO] IPUIPlugin:80 - create IPUIPlugin
2024-05-24 10:28:01,460 [INFO] PluginManager:220 - loadIPPluginJar : add linkedlist
2024-05-24 10:28:01,465 [INFO] IPUIPlugin:80 - create IPUIPlugin
2024-05-24 10:28:01,465 [INFO] PluginManager:220 - loadIPPluginJar : add lorawan
2024-05-24 10:28:01,468 [INFO] IPUIPlugin:80 - create IPUIPlugin
2024-05-24 10:28:01,468 [INFO] PluginManager:220 - loadIPPluginJar : add ltdc
2024-05-24 10:28:01,479 [INFO] IPUIPlugin:80 - create IPUIPlugin
2024-05-24 10:28:01,479 [INFO] PluginManager:220 - loadIPPluginJar : add mdma
2024-05-24 10:28:01,484 [INFO] IPUIPlugin:80 - create IPUIPlugin
2024-05-24 10:28:01,485 [INFO] PluginManager:220 - loadIPPluginJar : add nvic
2024-05-24 10:28:01,499 [INFO] IPUIPlugin:80 - create IPUIPlugin
2024-05-24 10:28:01,499 [INFO] PluginManager:220 - loadIPPluginJar : add opamp
2024-05-24 10:28:01,505 [INFO] IPUIPlugin:80 - create IPUIPlugin
2024-05-24 10:28:01,505 [INFO] PluginManager:220 - loadIPPluginJar : add openamp
2024-05-24 10:28:01,512 [INFO] IPUIPlugin:80 - create IPUIPlugin
2024-05-24 10:28:01,512 [INFO] PluginManager:220 - loadIPPluginJar : add pdm2pcm
2024-05-24 10:28:01,524 [INFO] IPUIPlugin:80 - create IPUIPlugin
2024-05-24 10:28:01,530 [INFO] PluginManager:220 - loadIPPluginJar : add plateformsettings
2024-05-24 10:28:01,534 [INFO] IPUIPlugin:80 - create IPUIPlugin
2024-05-24 10:28:01,534 [INFO] PluginManager:220 - loadIPPluginJar : add quadspi
2024-05-24 10:28:01,540 [INFO] IPUIPlugin:80 - create IPUIPlugin
2024-05-24 10:28:01,541 [INFO] PluginManager:220 - loadIPPluginJar : add resmgrutility
2024-05-24 10:28:01,547 [INFO] IPUIPlugin:80 - create IPUIPlugin
2024-05-24 10:28:01,547 [INFO] PluginManager:220 - loadIPPluginJar : add sai
2024-05-24 10:28:01,550 [INFO] IPUIPlugin:80 - create IPUIPlugin
2024-05-24 10:28:01,550 [INFO] PluginManager:220 - loadIPPluginJar : add spi
2024-05-24 10:28:01,561 [INFO] IPUIPlugin:80 - create IPUIPlugin
2024-05-24 10:28:01,561 [INFO] PluginManager:220 - loadIPPluginJar : add stm32_wpan
2024-05-24 10:28:01,563 [INFO] IPUIPlugin:80 - create IPUIPlugin
2024-05-24 10:28:01,563 [INFO] PluginManager:220 - loadIPPluginJar : add tim
2024-05-24 10:28:01,567 [INFO] IPUIPlugin:80 - create IPUIPlugin
2024-05-24 10:28:01,567 [INFO] PluginManager:220 - loadIPPluginJar : add touchsensing
2024-05-24 10:28:01,572 [INFO] IPUIPlugin:80 - create IPUIPlugin
2024-05-24 10:28:01,572 [INFO] PluginManager:220 - loadIPPluginJar : add tracer_emb
2024-05-24 10:28:01,575 [INFO] IPUIPlugin:80 - create IPUIPlugin
2024-05-24 10:28:01,576 [INFO] PluginManager:220 - loadIPPluginJar : add ts
2024-05-24 10:28:01,584 [INFO] IPUIPlugin:80 - create IPUIPlugin
2024-05-24 10:28:01,584 [INFO] PluginManager:220 - loadIPPluginJar : add tsc
2024-05-24 10:28:01,596 [INFO] IPUIPlugin:80 - create IPUIPlugin
2024-05-24 10:28:01,601 [INFO] PluginManager:220 - loadIPPluginJar : add ucpd
2024-05-24 10:28:01,608 [INFO] IPUIPlugin:80 - create IPUIPlugin
2024-05-24 10:28:01,609 [INFO] PluginManager:220 - loadIPPluginJar : add usart
2024-05-24 10:28:01,617 [INFO] IPUIPlugin:80 - create IPUIPlugin
2024-05-24 10:28:01,617 [INFO] PluginManager:220 - loadIPPluginJar : add usbx
2024-05-24 10:28:01,793 [INFO] CADModel:165 - CPN selected for project level
2024-05-24 10:28:01,793 [INFO] CADModel:114 - Register for checkConnection events
2024-05-24 10:28:01,794 [FATAL] Updater:308 - Updater called before beeing initialized
2024-05-24 10:28:01,794 [ERROR] CADModel:125 - Updater not yet initialized, retry later 
2024-05-24 10:28:01,976 [INFO] CADModel:165 - CPN selected for project level
2024-05-24 10:28:01,976 [INFO] CADModel:114 - Register for checkConnection events
2024-05-24 10:28:01,976 [FATAL] Updater:308 - Updater called before beeing initialized
2024-05-24 10:28:01,976 [ERROR] CADModel:125 - Updater not yet initialized, retry later 
2024-05-24 10:28:01,982 [FATAL] Updater:308 - Updater called before beeing initialized
2024-05-24 10:28:02,130 [FATAL] Updater:308 - Updater called before beeing initialized
2024-05-24 10:28:02,137 [INFO] DbMcusAds:53 - JSON generation date=Thu May 02 17:37:29 KST 2024 (1714639049318)
2024-05-24 10:28:02,137 [FATAL] Updater:308 - Updater called before beeing initialized
