2024-03-29 01:11:18,136 [INFO] McuFinderGlobals:63 - Set McuFinder mode to 2 (CubeIDE integrated)
2024-03-29 01:11:18,174 [INFO] MainUpdater:2873 - connection check result : 10
2024-03-29 01:11:18,192 [INFO] McuFinderGlobals:76 - Set McuFinderConnectedMode to true
2024-03-29 01:11:18,589 [INFO] ServerAccessManage:473 - Download File mcusAds.json._tmp_
2024-03-29 01:11:18,712 [INFO] LoadUrlFilesThread:156 - End of LoadUrlFiles Thread
2024-03-29 01:11:19,281 [INFO] ServerAccessManage:473 - Download File cube-finder-db.zip
2024-03-29 01:11:22,255 [INFO] FileExtend:240 - Unzip File : cube-finder-db.zip
2024-03-29 01:11:22,256 [INFO] FileExtend:255 - Standard Zip Deflate
2024-03-29 01:11:23,137 [INFO] LoadUrlFilesThread:156 - End of LoadUrlFiles Thread
2024-03-29 01:11:24,698 [INFO] ServerAccessManage:473 - Download File crdb.zip
2024-03-29 01:11:26,601 [INFO] FileExtend:240 - Unzip File : crdb.zip
2024-03-29 01:11:26,602 [INFO] FileExtend:255 - Standard Zip Deflate
2024-03-29 01:11:26,742 [INFO] LoadUrlFilesThread:156 - End of LoadUrlFiles Thread
2024-03-29 01:11:26,970 [INFO] ServerAccessManage:473 - Download File tutoVideoDB.zip
2024-03-29 01:11:27,119 [INFO] FileExtend:240 - Unzip File : tutoVideoDB.zip
2024-03-29 01:11:27,120 [INFO] FileExtend:255 - Standard Zip Deflate
2024-03-29 01:11:27,252 [INFO] LoadUrlFilesThread:156 - End of LoadUrlFiles Thread
2024-03-29 01:11:27,262 [WARN] DbFile:41 - Overriding database path with different value: C:\Users\conne\.stmcufinder\plugins\mcufinder/ => C:\Users\conne\.stmcufinder\plugins\mcufinder
2024-03-29 01:11:27,476 [INFO] ServerAccessManage:473 - Download File api_config.json
2024-03-29 01:11:27,591 [INFO] LoadUrlFilesThread:156 - End of LoadUrlFiles Thread
2024-03-29 01:11:27,593 [INFO] DbMcusAds:53 - JSON generation date=Wed Nov 29 19:52:27 KST 2023 (1701255147349)
2024-03-29 01:11:27,639 [INFO] LoadUrlFilesThread:185 - End of LoadServerUrlFiles without Thread
2024-03-29 01:11:27,640 [INFO] TargetSelectorAdapter:259 - Refresh data is successful
2024-03-29 01:11:27,888 [INFO] ApiDb:581 - Connected to CubeFinder SQLite database (C:\Users\conne\.stmcufinder\plugins\mcufinder\mcu\cube-finder-db.db)
2024-03-29 01:11:27,934 [INFO] ApiDb:668 - CubeFinder database Data Model version=2.1
2024-03-29 01:11:27,934 [INFO] ApiDb:669 - CubeFinder database Configuration version=3.0.39
2024-03-29 01:11:27,936 [INFO] ApiDb:670 - CubeFinder database generation date=2024-03-25 (1711369621)
2024-03-29 01:11:27,936 [INFO] ApiDb:671 - CubeFinder database FW Pack versions=[FP-ATR-ASTRA1_V2.0.0, FP-SNS-FLIGHT1_V5.0.1, FP-SNS-FLIGHT1_V5.0.2, FP-SNS-MOTENV1_V4.3.1, FP-SNS-MOTENV1_V4.3.2, FP-SNS-MOTENVWB1_V1.3.1, FP-SNS-SMARTAG2_V1.2.0, STM32Cube_FW_C0_V1.1.0, STM32Cube_FW_F4_V1.28.0, STM32Cube_FW_F7_V1.17.0, STM32Cube_FW_G0_V1.6.2, STM32Cube_FW_G4_V1.5.2, STM32Cube_FW_H5_V0.5.1, STM32Cube_FW_H5_V1.1.1, STM32Cube_FW_H5_V1.2.0, STM32Cube_FW_H5_V1.2.0RC4, STM32Cube_FW_H7RS_V1.0.0, STM32Cube_FW_H7RS_V1.0.0RC4, STM32Cube_FW_H7_V1.11.0, STM32Cube_FW_L0_V1.12.2, STM32Cube_FW_L5_V1.5.1, STM32Cube_FW_U0_V1.0.0, STM32Cube_FW_U0_V1.0.0RC1, STM32Cube_FW_U5_V1.3.0RC4, STM32Cube_FW_U5_V1.5.0, STM32Cube_FW_U5_V1.5.0RC1, STM32Cube_FW_WBA_V1.0.0RC1, STM32Cube_FW_WBA_V1.2.0, STM32Cube_FW_WBA_V1.2.0RC2, STM32Cube_FW_WBA_V1.3.0, STM32Cube_FW_WBA_V1.3.0RC1, STM32Cube_FW_WB_V1.15.0RC1, STM32Cube_FW_WB_V1.16.0, STM32Cube_FW_WB_V1.16.0RC2, STM32Cube_FW_WB_V1.18.0, STM32Cube_FW_WB_V1.19.0, STM32Cube_FW_WL_V1.3.0, X-CUBE-ALGOBUILD_V1.3.0, X-CUBE-ALS_V1.0.1, X-CUBE-AZRTOS-F4_V1.1.0, X-CUBE-AZRTOS-F7_V1.1.0, X-CUBE-AZRTOS-G0_V1.1.0, X-CUBE-AZRTOS-G4_V2.0.0, X-CUBE-AZRTOS-H7_V3.2.0, X-CUBE-AZRTOS-L4_V1.0.0, X-CUBE-AZRTOS-L4_V2.0.0, X-CUBE-AZRTOS-L5_V1.1.0, X-CUBE-AZRTOS-WB_V2.0.0, X-CUBE-AZRTOS-WL_V2.0.0, X-CUBE-BLE1_V7.0.0, X-CUBE-BLE2_V3.3.0, X-CUBE-BLEMGR_V3.1.0, X-CUBE-EEPRMA1_V4.1.0, X-CUBE-EEPRMA1_V5.1.0, X-CUBE-FREERTOS_V1.1.0, X-CUBE-GNSS1_V6.0.0, X-CUBE-MEMS1_V10.0.0, X-CUBE-MEMS1_V9.1.0, X-CUBE-MEMS1_V9.4.0, X-CUBE-MEMS1_V9.6.0, X-CUBE-NFC4_V3.0.0, X-CUBE-NFC7_V1.0.1, X-CUBE-SFXS2LP1_V4.0.0, X-CUBE-SUBG2_V5.0.0, X-CUBE-TOF1_V3.4.0]
2024-03-29 01:11:29,140 [INFO] ApiDb:240 - Found 371 in-development CPN: [B-G473E-ZEST1S, B-WB1M-WPAN1, B-WL5M-SUBG1, NUCLEO-C031C6, NUCLEO-H503RB, NUCLEO-H563ZI, NUCLEO-U545RE-Q, NUCLEO-U5A5ZJ-Q, NUCLEO-WBA52CG, NUCLEO-WBA55CG, STEVAL-MKBOXPRO, STEVAL-PROTEUS1, STEVAL-STWINBX1, STM320518-EVAL, STM32C0116-DK, STM32C011D6Y3TR, STM32C011D6Y6TR, STM32C011F4P3, STM32C011F4P6, STM32C011F4U3, STM32C011F4U6TR, STM32C011F6P3, STM32C011F6P6, STM32C011F6U3, STM32C011F6U6TR, STM32C011J4M3, STM32C011J4M6, STM32C011J6M3, STM32C011J6M6, STM32C0316-DK, STM32C031C4T3, STM32C031C4T6, STM32C031C4U3, STM32C031C4U6, STM32C031C6T3, STM32C031C6T6, STM32C031C6U3, STM32C031C6U6, STM32C031F4P3, STM32C031F4P6, STM32C031F6P3, STM32C031F6P6, STM32C031G4U3, STM32C031G4U6, STM32C031G6U3, STM32C031G6U6, STM32C031K4T3, STM32C031K4T6, STM32C031K4U3, STM32C031K4U6, STM32C031K6T3, STM32C031K6T6, STM32C031K6U3, STM32C031K6U6, STM32G071K8TXN, STM32G071K8UXN, STM32G081GBU6N, STM32G081KBT6N, STM32G081KBUXN, STM32G0B1CCT6N, STM32G0B1KCT6, STM32G0B1NEY6TR, STM32G0B1RCT6N, STM32G0C1CCT6, STM32G0C1CCT6N, STM32G0C1CCU6N, STM32G0C1CET6N, STM32G0C1CEU6N, STM32G0C1KCT6, STM32G0C1NEY6TR, STM32G0C1RCI6N, STM32G0C1RCT6N, STM32G0C1REI6N, STM32G0C1RET6N, STM32G0C1VCI6, STM32G0C1VEI6, STM32G471CCT6, STM32G471CCU6, STM32G471CET3, STM32G471CET6, STM32G471CEU3, STM32G471CEU6, STM32G471MCT6, STM32G471MET3, STM32G471MET6, STM32G471MEY6TR, STM32G471QCT6, STM32G471QET3, STM32G471RCT6, STM32G471RET3, STM32G471RET6, STM32G471VCH6, STM32G471VCI6, STM32G471VCT6, STM32G471VEH3, STM32G471VEH6, STM32G471VEI3, STM32G471VEI6, STM32G471VET3, STM32G471VET6, STM32G474CCT6, STM32H503CBT6, STM32H503CBU6, STM32H503EBY6TR, STM32H503KBU6, STM32H503RBT6, STM32H562AGI6, STM32H562AII6, STM32H562IGK6, STM32H562IGT6, STM32H562IIK6, STM32H562IIT6, STM32H562RGT6, STM32H562RGV6, STM32H562RIT6, STM32H562RIV6, STM32H562VGT6, STM32H562VIT6, STM32H562ZGT6, STM32H562ZIT6, STM32H563AGI6, STM32H563AII3Q, STM32H563AII6, STM32H563IGK6, STM32H563IGT6, STM32H563IIK3Q, STM32H563IIK6, STM32H563IIT3Q, STM32H563IIT6, STM32H563MIY3QTR, STM32H563RGT6, STM32H563RGV6, STM32H563RIT6, STM32H563RIV6, STM32H563VGT6, STM32H563VIT3Q, STM32H563VIT6, STM32H563ZGT6, STM32H563ZIT3Q, STM32H563ZIT6, STM32H573AII3Q, STM32H573AII6, STM32H573I-DK, STM32H573IIK3Q, STM32H573IIK6, STM32H573IIT3Q, STM32H573IIT6, STM32H573MIY3QTR, STM32H573RIT6, STM32H573RIV6, STM32H573VIT3Q, STM32H573VIT6, STM32H573ZIT3Q, STM32H573ZIT6, STM32L4R5QGI6STR, STM32MP131AAE3, STM32MP131AAF3, STM32MP131AAG3, STM32MP131CAE3, STM32MP131CAF3, STM32MP131CAG3, STM32MP131DAE7, STM32MP131DAF7, STM32MP131DAG7, STM32MP131FAE7, STM32MP131FAF7, STM32MP131FAG7, STM32MP133AAE3, STM32MP133AAF3, STM32MP133AAG3, STM32MP133CAE3, STM32MP133CAF3, STM32MP133CAG3, STM32MP133DAE7, STM32MP133DAF7, STM32MP133DAG7, STM32MP133FAE7, STM32MP133FAF7, STM32MP133FAG7, STM32MP135AAE3, STM32MP135AAF3, STM32MP135AAG3, STM32MP135CAE3, STM32MP135CAF3, STM32MP135CAG3, STM32MP135DAE7, STM32MP135DAF7, STM32MP135DAG7, STM32MP135F-DK, STM32MP135FAE7, STM32MP135FAF7, STM32MP135FAF7T, STM32MP135FAF7U, STM32MP135FAG7, STM32U535CBT6, STM32U535CBT6Q, STM32U535CBU6, STM32U535CBU6Q, STM32U535CCT6, STM32U535CCT6Q, STM32U535CCU6, STM32U535CCU6Q, STM32U535CET6, STM32U535CET6Q, STM32U535CEU6, STM32U535CEU6Q, STM32U535JEY6QTR, STM32U535NCY6QTR, STM32U535NEY6QTR, STM32U535RBI6, STM32U535RBI6Q, STM32U535RBT6, STM32U535RBT6Q, STM32U535RCI6, STM32U535RCI6Q, STM32U535RCT6, STM32U535RCT6Q, STM32U535REI6, STM32U535REI6Q, STM32U535RET6, STM32U535RET6Q, STM32U535VCI6, STM32U535VCI6Q, STM32U535VCT6, STM32U535VCT6Q, STM32U535VEI6, STM32U535VEI6Q, STM32U535VET6, STM32U535VET6Q, STM32U545CET6, STM32U545CET6Q, STM32U545CEU6, STM32U545CEU6Q, STM32U545JEY6QTR, STM32U545NEY6QTR, STM32U545REI6, STM32U545REI6Q, STM32U545RET6, STM32U545RET6Q, STM32U545VEI6, STM32U545VEI6Q, STM32U545VET6, STM32U545VET6Q, STM32U595AIH6, STM32U595AIH6Q, STM32U595AJH6, STM32U595AJH6Q, STM32U595QII6, STM32U595QII6Q, STM32U595QJI6, STM32U595QJI6Q, STM32U595RIT6, STM32U595RIT6Q, STM32U595RJT6, STM32U595RJT6Q, STM32U595VIT6, STM32U595VIT6Q, STM32U595VJT6, STM32U595VJT6Q, STM32U595ZIT6, STM32U595ZIT6Q, STM32U595ZIY6QTR, STM32U595ZJT6, STM32U595ZJT6Q, STM32U595ZJY6QTR, STM32U599BJY6QTR, STM32U599NIH6Q, STM32U599NJH6Q, STM32U599VIT6Q, STM32U599VJT6, STM32U599VJT6Q, STM32U599ZIT6Q, STM32U599ZIY6QTR, STM32U599ZJT6Q, STM32U599ZJY6QTR, STM32U5A5AJH6, STM32U5A5AJH6Q, STM32U5A5QJI6, STM32U5A5QJI6Q, STM32U5A5RJT6, STM32U5A5RJT6Q, STM32U5A5VJT6, STM32U5A5VJT6Q, STM32U5A5ZJT6, STM32U5A5ZJT6Q, STM32U5A5ZJY6QTR, STM32U5A9BJY6QTR, STM32U5A9J-DK, STM32U5A9NJH6Q, STM32U5A9VJT6Q, STM32U5A9ZJT6Q, STM32U5A9ZJY6QTR, STM32U5F7VIT6, STM32U5F7VIT6Q, STM32U5F7VJT6, STM32U5F7VJT6Q, STM32U5F9BJY6QTR, STM32U5F9NJH6Q, STM32U5F9VIT6Q, STM32U5F9VJT6Q, STM32U5F9ZIJ6QTR, STM32U5F9ZIT6Q, STM32U5F9ZJJ6QTR, STM32U5F9ZJT6Q, STM32U5G7VJT6, STM32U5G7VJT6Q, STM32U5G9BJY6QTR, STM32U5G9J-DK1, STM32U5G9J-DK2, STM32U5G9NJH6Q, STM32U5G9VJT6Q, STM32U5G9ZJJ6QTR, STM32U5G9ZJT6Q, STM32WB1MMCH6, STM32WBA50KEU6, STM32WBA50KEU6TR, STM32WBA50KGU6, STM32WBA50KGU6TR, STM32WBA52CEU6, STM32WBA52CEU6TR, STM32WBA52CEU7, STM32WBA52CEU7TR, STM32WBA52CGU6, STM32WBA52CGU6TR, STM32WBA52CGU6U, STM32WBA52CGU7, STM32WBA52CGU7TR, STM32WBA52KEU6, STM32WBA52KEU6TR, STM32WBA52KGU6, STM32WBA52KGU6TR, STM32WBA54CEU6, STM32WBA54CEU6TR, STM32WBA54CEU7, STM32WBA54CEU7TR, STM32WBA54CGU6, STM32WBA54CGU6TR, STM32WBA54CGU7, STM32WBA54CGU7TR, STM32WBA54KEU6, STM32WBA54KEU6TR, STM32WBA54KEU7, STM32WBA54KEU7TR, STM32WBA54KGU6, STM32WBA54KGU6TR, STM32WBA54KGU7, STM32WBA54KGU7TR, STM32WBA55CEU6, STM32WBA55CEU6TR, STM32WBA55CEU7, STM32WBA55CEU7TR, STM32WBA55CGU6, STM32WBA55CGU6TR, STM32WBA55CGU6U, STM32WBA55CGU7, STM32WBA55CGU7TR, STM32WBA55G-DK1, STM32WBA55HEF6, STM32WBA55HEF7, STM32WBA55HGF6, STM32WBA55HGF7, STM32WBA55UEI6, STM32WBA55UEI6TR, STM32WBA55UEI7, STM32WBA55UEI7TR, STM32WBA55UGI6, STM32WBA55UGI6TR, STM32WBA55UGI7, STM32WBA55UGI7TR, STM32WL5MOCH6, STM32WL5MOCH6TR]
2024-03-29 01:11:29,142 [INFO] DbMcus:218 - Found 4069 MCUs, 4069 are supported
2024-03-29 01:11:29,144 [INFO] ApiDb:423 - Load user favorites file C:\Users\conne/.stm32cubeide/favorites.mcus.txt: 0 item(s)
2024-03-29 01:11:29,145 [INFO] ApiDb:427 - User favorites MCUs=[]
2024-03-29 01:11:29,145 [INFO] DbMcus:224 - Set 0 / 0 favorites MCUs
2024-03-29 01:11:29,380 [INFO] ApiDb:668 - CubeFinder database Data Model version=2.1
2024-03-29 01:11:29,380 [INFO] ApiDb:669 - CubeFinder database Configuration version=3.0.39
2024-03-29 01:11:29,380 [INFO] ApiDb:670 - CubeFinder database generation date=2024-03-25 (1711369621)
2024-03-29 01:11:29,380 [INFO] ApiDb:671 - CubeFinder database FW Pack versions=[FP-ATR-ASTRA1_V2.0.0, FP-SNS-FLIGHT1_V5.0.1, FP-SNS-FLIGHT1_V5.0.2, FP-SNS-MOTENV1_V4.3.1, FP-SNS-MOTENV1_V4.3.2, FP-SNS-MOTENVWB1_V1.3.1, FP-SNS-SMARTAG2_V1.2.0, STM32Cube_FW_C0_V1.1.0, STM32Cube_FW_F4_V1.28.0, STM32Cube_FW_F7_V1.17.0, STM32Cube_FW_G0_V1.6.2, STM32Cube_FW_G4_V1.5.2, STM32Cube_FW_H5_V0.5.1, STM32Cube_FW_H5_V1.1.1, STM32Cube_FW_H5_V1.2.0, STM32Cube_FW_H5_V1.2.0RC4, STM32Cube_FW_H7RS_V1.0.0, STM32Cube_FW_H7RS_V1.0.0RC4, STM32Cube_FW_H7_V1.11.0, STM32Cube_FW_L0_V1.12.2, STM32Cube_FW_L5_V1.5.1, STM32Cube_FW_U0_V1.0.0, STM32Cube_FW_U0_V1.0.0RC1, STM32Cube_FW_U5_V1.3.0RC4, STM32Cube_FW_U5_V1.5.0, STM32Cube_FW_U5_V1.5.0RC1, STM32Cube_FW_WBA_V1.0.0RC1, STM32Cube_FW_WBA_V1.2.0, STM32Cube_FW_WBA_V1.2.0RC2, STM32Cube_FW_WBA_V1.3.0, STM32Cube_FW_WBA_V1.3.0RC1, STM32Cube_FW_WB_V1.15.0RC1, STM32Cube_FW_WB_V1.16.0, STM32Cube_FW_WB_V1.16.0RC2, STM32Cube_FW_WB_V1.18.0, STM32Cube_FW_WB_V1.19.0, STM32Cube_FW_WL_V1.3.0, X-CUBE-ALGOBUILD_V1.3.0, X-CUBE-ALS_V1.0.1, X-CUBE-AZRTOS-F4_V1.1.0, X-CUBE-AZRTOS-F7_V1.1.0, X-CUBE-AZRTOS-G0_V1.1.0, X-CUBE-AZRTOS-G4_V2.0.0, X-CUBE-AZRTOS-H7_V3.2.0, X-CUBE-AZRTOS-L4_V1.0.0, X-CUBE-AZRTOS-L4_V2.0.0, X-CUBE-AZRTOS-L5_V1.1.0, X-CUBE-AZRTOS-WB_V2.0.0, X-CUBE-AZRTOS-WL_V2.0.0, X-CUBE-BLE1_V7.0.0, X-CUBE-BLE2_V3.3.0, X-CUBE-BLEMGR_V3.1.0, X-CUBE-EEPRMA1_V4.1.0, X-CUBE-EEPRMA1_V5.1.0, X-CUBE-FREERTOS_V1.1.0, X-CUBE-GNSS1_V6.0.0, X-CUBE-MEMS1_V10.0.0, X-CUBE-MEMS1_V9.1.0, X-CUBE-MEMS1_V9.4.0, X-CUBE-MEMS1_V9.6.0, X-CUBE-NFC4_V3.0.0, X-CUBE-NFC7_V1.0.1, X-CUBE-SFXS2LP1_V4.0.0, X-CUBE-SUBG2_V5.0.0, X-CUBE-TOF1_V3.4.0]
2024-03-29 01:11:29,416 [INFO] DbBoardsSqlite:226 - include board P-NUCLEO-WB55-NUCLEO as a kit item of type 'Nucleo-64'
2024-03-29 01:11:29,416 [INFO] DbBoardsSqlite:226 - include board P-NUCLEO-WB55-USBDONGLE as a kit item of type 'Nucleo USB Dongle'
2024-03-29 01:11:29,416 [INFO] DbBoardsSqlite:226 - include board STEVAL-IDP005V1 as a kit item of type 'Evaluation Board'
2024-03-29 01:11:29,416 [INFO] DbBoardsSqlite:226 - include board STEVAL-IDP005V2 as a kit item of type 'Evaluation Board'
2024-03-29 01:11:29,455 [INFO] ApiDb:240 - Found 371 in-development CPN: [B-G473E-ZEST1S, B-WB1M-WPAN1, B-WL5M-SUBG1, NUCLEO-C031C6, NUCLEO-H503RB, NUCLEO-H563ZI, NUCLEO-U545RE-Q, NUCLEO-U5A5ZJ-Q, NUCLEO-WBA52CG, NUCLEO-WBA55CG, STEVAL-MKBOXPRO, STEVAL-PROTEUS1, STEVAL-STWINBX1, STM320518-EVAL, STM32C0116-DK, STM32C011D6Y3TR, STM32C011D6Y6TR, STM32C011F4P3, STM32C011F4P6, STM32C011F4U3, STM32C011F4U6TR, STM32C011F6P3, STM32C011F6P6, STM32C011F6U3, STM32C011F6U6TR, STM32C011J4M3, STM32C011J4M6, STM32C011J6M3, STM32C011J6M6, STM32C0316-DK, STM32C031C4T3, STM32C031C4T6, STM32C031C4U3, STM32C031C4U6, STM32C031C6T3, STM32C031C6T6, STM32C031C6U3, STM32C031C6U6, STM32C031F4P3, STM32C031F4P6, STM32C031F6P3, STM32C031F6P6, STM32C031G4U3, STM32C031G4U6, STM32C031G6U3, STM32C031G6U6, STM32C031K4T3, STM32C031K4T6, STM32C031K4U3, STM32C031K4U6, STM32C031K6T3, STM32C031K6T6, STM32C031K6U3, STM32C031K6U6, STM32G071K8TXN, STM32G071K8UXN, STM32G081GBU6N, STM32G081KBT6N, STM32G081KBUXN, STM32G0B1CCT6N, STM32G0B1KCT6, STM32G0B1NEY6TR, STM32G0B1RCT6N, STM32G0C1CCT6, STM32G0C1CCT6N, STM32G0C1CCU6N, STM32G0C1CET6N, STM32G0C1CEU6N, STM32G0C1KCT6, STM32G0C1NEY6TR, STM32G0C1RCI6N, STM32G0C1RCT6N, STM32G0C1REI6N, STM32G0C1RET6N, STM32G0C1VCI6, STM32G0C1VEI6, STM32G471CCT6, STM32G471CCU6, STM32G471CET3, STM32G471CET6, STM32G471CEU3, STM32G471CEU6, STM32G471MCT6, STM32G471MET3, STM32G471MET6, STM32G471MEY6TR, STM32G471QCT6, STM32G471QET3, STM32G471RCT6, STM32G471RET3, STM32G471RET6, STM32G471VCH6, STM32G471VCI6, STM32G471VCT6, STM32G471VEH3, STM32G471VEH6, STM32G471VEI3, STM32G471VEI6, STM32G471VET3, STM32G471VET6, STM32G474CCT6, STM32H503CBT6, STM32H503CBU6, STM32H503EBY6TR, STM32H503KBU6, STM32H503RBT6, STM32H562AGI6, STM32H562AII6, STM32H562IGK6, STM32H562IGT6, STM32H562IIK6, STM32H562IIT6, STM32H562RGT6, STM32H562RGV6, STM32H562RIT6, STM32H562RIV6, STM32H562VGT6, STM32H562VIT6, STM32H562ZGT6, STM32H562ZIT6, STM32H563AGI6, STM32H563AII3Q, STM32H563AII6, STM32H563IGK6, STM32H563IGT6, STM32H563IIK3Q, STM32H563IIK6, STM32H563IIT3Q, STM32H563IIT6, STM32H563MIY3QTR, STM32H563RGT6, STM32H563RGV6, STM32H563RIT6, STM32H563RIV6, STM32H563VGT6, STM32H563VIT3Q, STM32H563VIT6, STM32H563ZGT6, STM32H563ZIT3Q, STM32H563ZIT6, STM32H573AII3Q, STM32H573AII6, STM32H573I-DK, STM32H573IIK3Q, STM32H573IIK6, STM32H573IIT3Q, STM32H573IIT6, STM32H573MIY3QTR, STM32H573RIT6, STM32H573RIV6, STM32H573VIT3Q, STM32H573VIT6, STM32H573ZIT3Q, STM32H573ZIT6, STM32L4R5QGI6STR, STM32MP131AAE3, STM32MP131AAF3, STM32MP131AAG3, STM32MP131CAE3, STM32MP131CAF3, STM32MP131CAG3, STM32MP131DAE7, STM32MP131DAF7, STM32MP131DAG7, STM32MP131FAE7, STM32MP131FAF7, STM32MP131FAG7, STM32MP133AAE3, STM32MP133AAF3, STM32MP133AAG3, STM32MP133CAE3, STM32MP133CAF3, STM32MP133CAG3, STM32MP133DAE7, STM32MP133DAF7, STM32MP133DAG7, STM32MP133FAE7, STM32MP133FAF7, STM32MP133FAG7, STM32MP135AAE3, STM32MP135AAF3, STM32MP135AAG3, STM32MP135CAE3, STM32MP135CAF3, STM32MP135CAG3, STM32MP135DAE7, STM32MP135DAF7, STM32MP135DAG7, STM32MP135F-DK, STM32MP135FAE7, STM32MP135FAF7, STM32MP135FAF7T, STM32MP135FAF7U, STM32MP135FAG7, STM32U535CBT6, STM32U535CBT6Q, STM32U535CBU6, STM32U535CBU6Q, STM32U535CCT6, STM32U535CCT6Q, STM32U535CCU6, STM32U535CCU6Q, STM32U535CET6, STM32U535CET6Q, STM32U535CEU6, STM32U535CEU6Q, STM32U535JEY6QTR, STM32U535NCY6QTR, STM32U535NEY6QTR, STM32U535RBI6, STM32U535RBI6Q, STM32U535RBT6, STM32U535RBT6Q, STM32U535RCI6, STM32U535RCI6Q, STM32U535RCT6, STM32U535RCT6Q, STM32U535REI6, STM32U535REI6Q, STM32U535RET6, STM32U535RET6Q, STM32U535VCI6, STM32U535VCI6Q, STM32U535VCT6, STM32U535VCT6Q, STM32U535VEI6, STM32U535VEI6Q, STM32U535VET6, STM32U535VET6Q, STM32U545CET6, STM32U545CET6Q, STM32U545CEU6, STM32U545CEU6Q, STM32U545JEY6QTR, STM32U545NEY6QTR, STM32U545REI6, STM32U545REI6Q, STM32U545RET6, STM32U545RET6Q, STM32U545VEI6, STM32U545VEI6Q, STM32U545VET6, STM32U545VET6Q, STM32U595AIH6, STM32U595AIH6Q, STM32U595AJH6, STM32U595AJH6Q, STM32U595QII6, STM32U595QII6Q, STM32U595QJI6, STM32U595QJI6Q, STM32U595RIT6, STM32U595RIT6Q, STM32U595RJT6, STM32U595RJT6Q, STM32U595VIT6, STM32U595VIT6Q, STM32U595VJT6, STM32U595VJT6Q, STM32U595ZIT6, STM32U595ZIT6Q, STM32U595ZIY6QTR, STM32U595ZJT6, STM32U595ZJT6Q, STM32U595ZJY6QTR, STM32U599BJY6QTR, STM32U599NIH6Q, STM32U599NJH6Q, STM32U599VIT6Q, STM32U599VJT6, STM32U599VJT6Q, STM32U599ZIT6Q, STM32U599ZIY6QTR, STM32U599ZJT6Q, STM32U599ZJY6QTR, STM32U5A5AJH6, STM32U5A5AJH6Q, STM32U5A5QJI6, STM32U5A5QJI6Q, STM32U5A5RJT6, STM32U5A5RJT6Q, STM32U5A5VJT6, STM32U5A5VJT6Q, STM32U5A5ZJT6, STM32U5A5ZJT6Q, STM32U5A5ZJY6QTR, STM32U5A9BJY6QTR, STM32U5A9J-DK, STM32U5A9NJH6Q, STM32U5A9VJT6Q, STM32U5A9ZJT6Q, STM32U5A9ZJY6QTR, STM32U5F7VIT6, STM32U5F7VIT6Q, STM32U5F7VJT6, STM32U5F7VJT6Q, STM32U5F9BJY6QTR, STM32U5F9NJH6Q, STM32U5F9VIT6Q, STM32U5F9VJT6Q, STM32U5F9ZIJ6QTR, STM32U5F9ZIT6Q, STM32U5F9ZJJ6QTR, STM32U5F9ZJT6Q, STM32U5G7VJT6, STM32U5G7VJT6Q, STM32U5G9BJY6QTR, STM32U5G9J-DK1, STM32U5G9J-DK2, STM32U5G9NJH6Q, STM32U5G9VJT6Q, STM32U5G9ZJJ6QTR, STM32U5G9ZJT6Q, STM32WB1MMCH6, STM32WBA50KEU6, STM32WBA50KEU6TR, STM32WBA50KGU6, STM32WBA50KGU6TR, STM32WBA52CEU6, STM32WBA52CEU6TR, STM32WBA52CEU7, STM32WBA52CEU7TR, STM32WBA52CGU6, STM32WBA52CGU6TR, STM32WBA52CGU6U, STM32WBA52CGU7, STM32WBA52CGU7TR, STM32WBA52KEU6, STM32WBA52KEU6TR, STM32WBA52KGU6, STM32WBA52KGU6TR, STM32WBA54CEU6, STM32WBA54CEU6TR, STM32WBA54CEU7, STM32WBA54CEU7TR, STM32WBA54CGU6, STM32WBA54CGU6TR, STM32WBA54CGU7, STM32WBA54CGU7TR, STM32WBA54KEU6, STM32WBA54KEU6TR, STM32WBA54KEU7, STM32WBA54KEU7TR, STM32WBA54KGU6, STM32WBA54KGU6TR, STM32WBA54KGU7, STM32WBA54KGU7TR, STM32WBA55CEU6, STM32WBA55CEU6TR, STM32WBA55CEU7, STM32WBA55CEU7TR, STM32WBA55CGU6, STM32WBA55CGU6TR, STM32WBA55CGU6U, STM32WBA55CGU7, STM32WBA55CGU7TR, STM32WBA55G-DK1, STM32WBA55HEF6, STM32WBA55HEF7, STM32WBA55HGF6, STM32WBA55HGF7, STM32WBA55UEI6, STM32WBA55UEI6TR, STM32WBA55UEI7, STM32WBA55UEI7TR, STM32WBA55UGI6, STM32WBA55UGI6TR, STM32WBA55UGI7, STM32WBA55UGI7TR, STM32WL5MOCH6, STM32WL5MOCH6TR]
2024-03-29 01:11:29,526 [INFO] BoardInfo:889 - No configuration file found for board NUCLEO-H7S3L8
2024-03-29 01:11:29,527 [INFO] DbBoards:161 - Board is not supported: NUCLEO-H7S3L8
2024-03-29 01:11:29,542 [INFO] BoardInfo:889 - No configuration file found for board NUCLEO-U031R8
2024-03-29 01:11:29,542 [INFO] DbBoards:161 - Board is not supported: NUCLEO-U031R8
2024-03-29 01:11:29,543 [INFO] BoardInfo:889 - No configuration file found for board NUCLEO-U083RC
2024-03-29 01:11:29,543 [INFO] DbBoards:161 - Board is not supported: NUCLEO-U083RC
2024-03-29 01:11:29,552 [INFO] BoardInfo:889 - No configuration file found for board P-NUCLEO-WB55
2024-03-29 01:11:29,553 [INFO] DbBoards:161 - Kit is not supported: P-NUCLEO-WB55
2024-03-29 01:11:29,556 [INFO] BoardInfo:889 - No configuration file found for board STEVAL-BFA001V1B
2024-03-29 01:11:29,556 [INFO] DbBoards:161 - Kit is not supported: STEVAL-BFA001V1B
2024-03-29 01:11:29,557 [INFO] BoardInfo:889 - No configuration file found for board STEVAL-BFA001V2B
2024-03-29 01:11:29,557 [INFO] DbBoards:161 - Kit is not supported: STEVAL-BFA001V2B
2024-03-29 01:11:29,610 [INFO] BoardInfo:889 - No configuration file found for board STM32H7S78-DK
2024-03-29 01:11:29,610 [INFO] DbBoards:161 - Board is not supported: STM32H7S78-DK
2024-03-29 01:11:29,628 [INFO] BoardInfo:889 - No configuration file found for board STM32U083C-DK
2024-03-29 01:11:29,628 [INFO] DbBoards:161 - Board is not supported: STM32U083C-DK
2024-03-29 01:11:29,632 [INFO] DbBoards:168 - Found 198 boards, 190 are supported
2024-03-29 01:11:29,632 [INFO] DbBoards:169 - Found 198 boards, 3 of them is supported for  Bsp
2024-03-29 01:11:29,634 [INFO] ApiDb:423 - Load user favorites file C:\Users\conne/.stm32cubeide/favorites.boards.txt: 0 item(s)
2024-03-29 01:11:29,634 [INFO] ApiDb:427 - User favorites Boards=[]
2024-03-29 01:11:29,634 [INFO] DbBoards:198 - Set 0 / 0 favorites Boards
2024-03-29 01:11:29,636 [INFO] ApiDb:668 - CubeFinder database Data Model version=2.1
2024-03-29 01:11:29,636 [INFO] ApiDb:669 - CubeFinder database Configuration version=3.0.39
2024-03-29 01:11:29,637 [INFO] ApiDb:670 - CubeFinder database generation date=2024-03-25 (1711369621)
2024-03-29 01:11:29,637 [INFO] ApiDb:671 - CubeFinder database FW Pack versions=[FP-ATR-ASTRA1_V2.0.0, FP-SNS-FLIGHT1_V5.0.1, FP-SNS-FLIGHT1_V5.0.2, FP-SNS-MOTENV1_V4.3.1, FP-SNS-MOTENV1_V4.3.2, FP-SNS-MOTENVWB1_V1.3.1, FP-SNS-SMARTAG2_V1.2.0, STM32Cube_FW_C0_V1.1.0, STM32Cube_FW_F4_V1.28.0, STM32Cube_FW_F7_V1.17.0, STM32Cube_FW_G0_V1.6.2, STM32Cube_FW_G4_V1.5.2, STM32Cube_FW_H5_V0.5.1, STM32Cube_FW_H5_V1.1.1, STM32Cube_FW_H5_V1.2.0, STM32Cube_FW_H5_V1.2.0RC4, STM32Cube_FW_H7RS_V1.0.0, STM32Cube_FW_H7RS_V1.0.0RC4, STM32Cube_FW_H7_V1.11.0, STM32Cube_FW_L0_V1.12.2, STM32Cube_FW_L5_V1.5.1, STM32Cube_FW_U0_V1.0.0, STM32Cube_FW_U0_V1.0.0RC1, STM32Cube_FW_U5_V1.3.0RC4, STM32Cube_FW_U5_V1.5.0, STM32Cube_FW_U5_V1.5.0RC1, STM32Cube_FW_WBA_V1.0.0RC1, STM32Cube_FW_WBA_V1.2.0, STM32Cube_FW_WBA_V1.2.0RC2, STM32Cube_FW_WBA_V1.3.0, STM32Cube_FW_WBA_V1.3.0RC1, STM32Cube_FW_WB_V1.15.0RC1, STM32Cube_FW_WB_V1.16.0, STM32Cube_FW_WB_V1.16.0RC2, STM32Cube_FW_WB_V1.18.0, STM32Cube_FW_WB_V1.19.0, STM32Cube_FW_WL_V1.3.0, X-CUBE-ALGOBUILD_V1.3.0, X-CUBE-ALS_V1.0.1, X-CUBE-AZRTOS-F4_V1.1.0, X-CUBE-AZRTOS-F7_V1.1.0, X-CUBE-AZRTOS-G0_V1.1.0, X-CUBE-AZRTOS-G4_V2.0.0, X-CUBE-AZRTOS-H7_V3.2.0, X-CUBE-AZRTOS-L4_V1.0.0, X-CUBE-AZRTOS-L4_V2.0.0, X-CUBE-AZRTOS-L5_V1.1.0, X-CUBE-AZRTOS-WB_V2.0.0, X-CUBE-AZRTOS-WL_V2.0.0, X-CUBE-BLE1_V7.0.0, X-CUBE-BLE2_V3.3.0, X-CUBE-BLEMGR_V3.1.0, X-CUBE-EEPRMA1_V4.1.0, X-CUBE-EEPRMA1_V5.1.0, X-CUBE-FREERTOS_V1.1.0, X-CUBE-GNSS1_V6.0.0, X-CUBE-MEMS1_V10.0.0, X-CUBE-MEMS1_V9.1.0, X-CUBE-MEMS1_V9.4.0, X-CUBE-MEMS1_V9.6.0, X-CUBE-NFC4_V3.0.0, X-CUBE-NFC7_V1.0.1, X-CUBE-SFXS2LP1_V4.0.0, X-CUBE-SUBG2_V5.0.0, X-CUBE-TOF1_V3.4.0]
2024-03-29 01:11:30,431 [ERROR] DbExamplesSqlite:437 - Missing JSON key: board_cpn
2024-03-29 01:11:30,431 [ERROR] DbExamplesSqlite:437 - Missing JSON key: board_cpn
2024-03-29 01:11:30,431 [ERROR] DbExamplesSqlite:437 - Missing JSON key: board_cpn
2024-03-29 01:11:30,431 [ERROR] DbExamplesSqlite:437 - Missing JSON key: board_cpn
2024-03-29 01:11:30,492 [INFO] DbExamplesSqlite:395 - Ignored 60 examples not supported by CubeIDE
2024-03-29 01:11:30,492 [INFO] DbExamplesSqlite:396 - Found 8152 examples active
2024-03-29 01:11:30,492 [INFO] DbExamplesSqlite:397 - Found 871 examples obsolete
2024-03-29 01:11:30,492 [INFO] DbExamplesSqlite:398 - Found 0 examples under development
2024-03-29 01:11:30,492 [INFO] DbExamplesSqlite:399 - Found 10 examples not building
2024-03-29 01:11:30,494 [INFO] DbExamples:125 - Found 8102 examples
2024-03-29 01:11:30,511 [ERROR] DbExamples:208 - Found 48 examples with invalid data (board or MCU)
2024-03-29 01:11:30,511 [INFO] DbExamples:222 - Found 100 boards with related examples
2024-03-29 01:11:30,513 [INFO] DbExamples:235 - Found 85 MCUs with related examples
2024-03-29 01:11:30,534 [INFO] ApiDb:423 - Load user favorites file C:\Users\conne/.stm32cubeide/favorites.examples.txt: 1 item(s)
2024-03-29 01:11:30,534 [INFO] ApiDb:427 - User favorites Examples=[STM32CUBEF4-SWX-20562]
2024-03-29 01:11:30,535 [INFO] DbExamples:250 - Set 1 / 1 favorites Examples
2024-03-29 01:11:30,915 [INFO] McuFinderGlobals:76 - Set McuFinderConnectedMode to true
2024-03-29 01:11:30,936 [INFO] MultiScanPanel:200 - Auto-refresh data requested => check proxy status ongoing
2024-03-29 01:11:30,946 [INFO] FinderPluginLoader:95 - Searching for filters in installed packs
2024-03-29 01:11:32,160 [INFO] LoadUrlFilesThread:185 - End of LoadServerUrlFiles without Thread
2024-03-29 01:11:32,190 [INFO] DetailPanel:341 - Set advertising image to C:/Users/conne/STM32Cube/Repository/\en.prom-stm32wl3-mcu-finder.jpg
2024-03-29 01:11:38,205 [INFO] MultiScanPanel:200 - Auto-refresh data requested => check proxy status ongoing
2024-03-29 01:11:38,312 [INFO] LoadUrlFilesThread:185 - End of LoadServerUrlFiles without Thread
2024-03-29 01:11:38,312 [INFO] DetailPanel:341 - Set advertising image to C:/Users/conne/STM32Cube/Repository/\en.prom-stm32wl3-mcu-finder.jpg
2024-03-29 01:11:38,324 [INFO] MultiScanPanel:728 - adjusting invalid saved split location: 1.27
2024-03-29 01:11:38,325 [INFO] DbBoards:642 - Loading board mini-images...
2024-03-29 01:11:39,880 [INFO] DbBoards:665 - Loaded 198 board mini-images
2024-03-29 01:11:40,025 [INFO] MultiScanPanel:728 - adjusting invalid saved split location: 1.27
2024-03-29 01:11:40,045 [INFO] MultiScanPanel:728 - adjusting invalid saved split location: 1.27
2024-03-29 01:11:40,056 [INFO] MultiScanPanel:200 - Auto-refresh data requested => check proxy status ongoing
2024-03-29 01:11:40,064 [INFO] SoftwarePacks:127 - Download is needed for SW pack 'FP-ATR-ASTRA1_V2.0.0'
2024-03-29 01:11:40,065 [INFO] SoftwarePacks:127 - Download is needed for SW pack 'FP-SNS-FLIGHT1_V5.0.2'
2024-03-29 01:11:40,065 [INFO] SoftwarePacks:127 - Download is needed for SW pack 'FP-SNS-MOTENV1_V4.3.2'
2024-03-29 01:11:40,065 [INFO] SoftwarePacks:127 - Download is needed for SW pack 'FP-SNS-MOTENVWB1_V1.3.1'
2024-03-29 01:11:40,065 [INFO] SoftwarePacks:127 - Download is needed for SW pack 'FP-SNS-SMARTAG2_V1.2.0'
2024-03-29 01:11:40,084 [INFO] SoftwarePacks:127 - Download is needed for SW pack 'STM32Cube_FW_C0_V1.1.0'
2024-03-29 01:11:40,088 [INFO] SoftwarePacks:131 - Found SW pack 'STM32Cube_FW_F4_V1.28.0' up-to-date on disk.
2024-03-29 01:11:40,096 [INFO] SoftwarePacks:127 - Download is needed for SW pack 'STM32Cube_FW_F7_V1.17.0'
2024-03-29 01:11:40,103 [INFO] SoftwarePacks:127 - Download is needed for SW pack 'STM32Cube_FW_G0_V1.6.2'
2024-03-29 01:11:40,110 [INFO] SoftwarePacks:127 - Download is needed for SW pack 'STM32Cube_FW_G4_V1.5.2'
2024-03-29 01:11:40,119 [INFO] SoftwarePacks:127 - Download is needed for SW pack 'STM32Cube_FW_H5_V1.2.0'
2024-03-29 01:11:40,126 [INFO] SoftwarePacks:127 - Download is needed for SW pack 'STM32Cube_FW_H7RS_V1.0.0'
2024-03-29 01:11:40,134 [INFO] SoftwarePacks:127 - Download is needed for SW pack 'STM32Cube_FW_H7_V1.11.0'
2024-03-29 01:11:40,140 [INFO] SoftwarePacks:127 - Download is needed for SW pack 'STM32Cube_FW_L0_V1.12.2'
2024-03-29 01:11:40,148 [INFO] SoftwarePacks:127 - Download is needed for SW pack 'STM32Cube_FW_L5_V1.5.1'
2024-03-29 01:11:40,154 [INFO] SoftwarePacks:127 - Download is needed for SW pack 'STM32Cube_FW_U0_V1.0.0'
2024-03-29 01:11:40,158 [INFO] SoftwarePacks:127 - Download is needed for SW pack 'STM32Cube_FW_U5_V1.5.0'
2024-03-29 01:11:40,165 [INFO] SoftwarePacks:127 - Download is needed for SW pack 'STM32Cube_FW_WBA_V1.3.0'
2024-03-29 01:11:40,169 [INFO] SoftwarePacks:127 - Download is needed for SW pack 'STM32Cube_FW_WB_V1.19.0'
2024-03-29 01:11:40,173 [INFO] SoftwarePacks:127 - Download is needed for SW pack 'STM32Cube_FW_WL_V1.3.0'
2024-03-29 01:11:40,174 [INFO] SoftwarePacks:127 - Download is needed for SW pack 'X-CUBE-ALGOBUILD_V1.3.0'
2024-03-29 01:11:40,174 [INFO] SoftwarePacks:127 - Download is needed for SW pack 'X-CUBE-ALS_V1.0.1'
2024-03-29 01:11:40,174 [INFO] SoftwarePacks:127 - Download is needed for SW pack 'X-CUBE-AZRTOS-F4_V1.1.0'
2024-03-29 01:11:40,174 [INFO] SoftwarePacks:127 - Download is needed for SW pack 'X-CUBE-AZRTOS-F7_V1.1.0'
2024-03-29 01:11:40,174 [INFO] SoftwarePacks:127 - Download is needed for SW pack 'X-CUBE-AZRTOS-G0_V1.1.0'
2024-03-29 01:11:40,174 [INFO] SoftwarePacks:127 - Download is needed for SW pack 'X-CUBE-AZRTOS-G4_V2.0.0'
2024-03-29 01:11:40,176 [INFO] SoftwarePacks:127 - Download is needed for SW pack 'X-CUBE-AZRTOS-H7_V3.2.0'
2024-03-29 01:11:40,176 [INFO] SoftwarePacks:127 - Download is needed for SW pack 'X-CUBE-AZRTOS-L4_V2.0.0'
2024-03-29 01:11:40,176 [INFO] SoftwarePacks:127 - Download is needed for SW pack 'X-CUBE-AZRTOS-L5_V1.1.0'
2024-03-29 01:11:40,176 [INFO] SoftwarePacks:127 - Download is needed for SW pack 'X-CUBE-AZRTOS-WB_V2.0.0'
2024-03-29 01:11:40,176 [INFO] SoftwarePacks:127 - Download is needed for SW pack 'X-CUBE-AZRTOS-WL_V2.0.0'
2024-03-29 01:11:40,176 [INFO] SoftwarePacks:127 - Download is needed for SW pack 'X-CUBE-BLE1_V7.0.0'
2024-03-29 01:11:40,176 [INFO] SoftwarePacks:127 - Download is needed for SW pack 'X-CUBE-BLE2_V3.3.0'
2024-03-29 01:11:40,177 [INFO] SoftwarePacks:127 - Download is needed for SW pack 'X-CUBE-BLEMGR_V3.1.0'
2024-03-29 01:11:40,177 [INFO] SoftwarePacks:127 - Download is needed for SW pack 'X-CUBE-EEPRMA1_V5.1.0'
2024-03-29 01:11:40,177 [INFO] SoftwarePacks:127 - Download is needed for SW pack 'X-CUBE-FREERTOS_V1.1.0'
2024-03-29 01:11:40,177 [INFO] SoftwarePacks:127 - Download is needed for SW pack 'X-CUBE-GNSS1_V6.0.0'
2024-03-29 01:11:40,177 [INFO] SoftwarePacks:127 - Download is needed for SW pack 'X-CUBE-MEMS1_V10.0.0'
2024-03-29 01:11:40,177 [INFO] SoftwarePacks:127 - Download is needed for SW pack 'X-CUBE-NFC4_V3.0.0'
2024-03-29 01:11:40,177 [INFO] SoftwarePacks:127 - Download is needed for SW pack 'X-CUBE-NFC7_V1.0.1'
2024-03-29 01:11:40,177 [INFO] SoftwarePacks:127 - Download is needed for SW pack 'X-CUBE-SFXS2LP1_V4.0.0'
2024-03-29 01:11:40,178 [INFO] SoftwarePacks:127 - Download is needed for SW pack 'X-CUBE-SUBG2_V5.0.0'
2024-03-29 01:11:40,178 [INFO] SoftwarePacks:127 - Download is needed for SW pack 'X-CUBE-TOF1_V3.4.0'
2024-03-29 01:11:41,459 [INFO] LoadUrlFilesThread:185 - End of LoadServerUrlFiles without Thread
2024-03-29 01:11:41,459 [INFO] DetailPanel:341 - Set advertising image to C:/Users/conne/STM32Cube/Repository/\en.prom-stm32wl3-mcu-finder.jpg
2024-03-29 01:11:42,015 [ERROR] AppliInfo:139 - Unknown STM32CubeMX version: 6.11.0
2024-03-29 01:11:42,025 [ERROR] AppliInfo:139 - Unknown STM32CubeMX version: 6.11.0
2024-03-29 01:11:42,025 [ERROR] AppliInfo:139 - Unknown STM32CubeMX version: 6.11.0
2024-03-29 01:11:42,025 [ERROR] AppliInfo:139 - Unknown STM32CubeMX version: 6.11.0
2024-03-29 01:11:42,028 [ERROR] AppliInfo:139 - Unknown STM32CubeMX version: 6.11.0
2024-03-29 01:11:42,028 [ERROR] AppliInfo:139 - Unknown STM32CubeMX version: 6.11.0
2024-03-29 01:11:42,033 [ERROR] AppliInfo:139 - Unknown STM32CubeMX version: 6.11.0
2024-03-29 01:11:42,033 [ERROR] AppliInfo:139 - Unknown STM32CubeMX version: 6.11.0
2024-03-29 01:11:42,034 [ERROR] AppliInfo:139 - Unknown STM32CubeMX version: 6.11.0
2024-03-29 01:11:42,034 [ERROR] AppliInfo:139 - Unknown STM32CubeMX version: 6.11.0
2024-03-29 01:11:42,034 [ERROR] AppliInfo:139 - Unknown STM32CubeMX version: 6.11.0
2024-03-29 01:11:42,035 [ERROR] AppliInfo:139 - Unknown STM32CubeMX version: 6.11.0
2024-03-29 01:11:42,035 [ERROR] AppliInfo:139 - Unknown STM32CubeMX version: 6.11.0
2024-03-29 01:11:42,035 [ERROR] AppliInfo:139 - Unknown STM32CubeMX version: 6.11.0
2024-03-29 01:11:42,037 [ERROR] AppliInfo:139 - Unknown STM32CubeMX version: 6.11.0
2024-03-29 01:11:42,039 [ERROR] AppliInfo:139 - Unknown STM32CubeMX version: 6.11.0
2024-03-29 01:11:42,040 [ERROR] AppliInfo:139 - Unknown STM32CubeMX version: 6.11.0
2024-03-29 01:11:42,040 [ERROR] AppliInfo:139 - Unknown STM32CubeMX version: 6.11.0
2024-03-29 01:11:42,045 [ERROR] AppliInfo:139 - Unknown STM32CubeMX version: 6.11.0
2024-03-29 01:11:42,045 [ERROR] AppliInfo:139 - Unknown STM32CubeMX version: 6.11.0
2024-03-29 01:11:42,045 [ERROR] AppliInfo:139 - Unknown STM32CubeMX version: 6.11.0
2024-03-29 01:11:42,046 [ERROR] AppliInfo:139 - Unknown STM32CubeMX version: 6.11.0
2024-03-29 01:11:42,046 [ERROR] AppliInfo:139 - Unknown STM32CubeMX version: 6.11.0
2024-03-29 01:11:42,046 [ERROR] AppliInfo:139 - Unknown STM32CubeMX version: 6.11.0
2024-03-29 01:11:42,046 [ERROR] AppliInfo:139 - Unknown STM32CubeMX version: 6.11.0
2024-03-29 01:11:42,047 [ERROR] AppliInfo:139 - Unknown STM32CubeMX version: 6.11.0
2024-03-29 01:11:42,047 [ERROR] AppliInfo:139 - Unknown STM32CubeMX version: 6.11.0
2024-03-29 01:11:42,047 [ERROR] AppliInfo:139 - Unknown STM32CubeMX version: 6.11.0
2024-03-29 01:11:42,048 [ERROR] AppliInfo:139 - Unknown STM32CubeMX version: 6.11.0
2024-03-29 01:11:42,048 [ERROR] AppliInfo:139 - Unknown STM32CubeMX version: 6.11.0
2024-03-29 01:11:42,048 [ERROR] AppliInfo:139 - Unknown STM32CubeMX version: 6.11.0
2024-03-29 01:11:42,048 [ERROR] AppliInfo:139 - Unknown STM32CubeMX version: 6.11.0
2024-03-29 01:11:42,049 [ERROR] AppliInfo:139 - Unknown STM32CubeMX version: 6.11.0
2024-03-29 01:11:42,049 [ERROR] AppliInfo:139 - Unknown STM32CubeMX version: 6.11.0
2024-03-29 01:11:42,049 [ERROR] AppliInfo:139 - Unknown STM32CubeMX version: 6.11.0
2024-03-29 01:11:42,049 [ERROR] AppliInfo:139 - Unknown STM32CubeMX version: 6.11.0
2024-03-29 01:11:42,049 [ERROR] AppliInfo:139 - Unknown STM32CubeMX version: 6.11.0
2024-03-29 01:11:42,050 [ERROR] AppliInfo:139 - Unknown STM32CubeMX version: 6.11.0
2024-03-29 01:11:42,051 [ERROR] AppliInfo:139 - Unknown STM32CubeMX version: 6.11.0
2024-03-29 01:11:42,052 [ERROR] AppliInfo:139 - Unknown STM32CubeMX version: 6.11.0
2024-03-29 01:11:42,053 [ERROR] AppliInfo:139 - Unknown STM32CubeMX version: 6.11.0
2024-03-29 01:11:42,054 [ERROR] AppliInfo:139 - Unknown STM32CubeMX version: 6.11.0
2024-03-29 01:11:42,054 [ERROR] AppliInfo:139 - Unknown STM32CubeMX version: 6.11.0
2024-03-29 01:11:42,054 [ERROR] AppliInfo:139 - Unknown STM32CubeMX version: 6.11.0
2024-03-29 01:11:42,057 [ERROR] AppliInfo:139 - Unknown STM32CubeMX version: 6.11.0
2024-03-29 01:11:42,058 [ERROR] AppliInfo:139 - Unknown STM32CubeMX version: 6.11.0
2024-03-29 01:11:42,058 [ERROR] AppliInfo:139 - Unknown STM32CubeMX version: 6.11.0
2024-03-29 01:11:42,058 [ERROR] AppliInfo:139 - Unknown STM32CubeMX version: 6.11.0
2024-03-29 01:11:42,060 [ERROR] AppliInfo:139 - Unknown STM32CubeMX version: 6.11.0
2024-03-29 01:11:42,060 [ERROR] AppliInfo:139 - Unknown STM32CubeMX version: 6.11.0
2024-03-29 01:11:42,062 [ERROR] AppliInfo:139 - Unknown STM32CubeMX version: 6.11.0
2024-03-29 01:11:42,064 [ERROR] AppliInfo:139 - Unknown STM32CubeMX version: 6.11.0
2024-03-29 01:11:42,064 [ERROR] AppliInfo:139 - Unknown STM32CubeMX version: 6.11.0
2024-03-29 01:11:42,064 [ERROR] AppliInfo:139 - Unknown STM32CubeMX version: 6.11.0
2024-03-29 01:11:42,065 [ERROR] AppliInfo:139 - Unknown STM32CubeMX version: 6.11.0
2024-03-29 01:11:42,066 [ERROR] AppliInfo:139 - Unknown STM32CubeMX version: 6.11.0
2024-03-29 01:11:42,066 [ERROR] AppliInfo:139 - Unknown STM32CubeMX version: 6.11.0
2024-03-29 01:11:42,067 [ERROR] AppliInfo:139 - Unknown STM32CubeMX version: 6.11.0
2024-03-29 01:11:42,068 [ERROR] AppliInfo:139 - Unknown STM32CubeMX version: 6.11.0
2024-03-29 01:11:42,069 [ERROR] AppliInfo:139 - Unknown STM32CubeMX version: 6.11.0
2024-03-29 01:11:42,070 [ERROR] AppliInfo:139 - Unknown STM32CubeMX version: 6.11.0
2024-03-29 01:11:42,070 [ERROR] AppliInfo:139 - Unknown STM32CubeMX version: 6.11.0
2024-03-29 01:11:42,070 [ERROR] AppliInfo:139 - Unknown STM32CubeMX version: 6.11.0
2024-03-29 01:11:42,072 [ERROR] AppliInfo:139 - Unknown STM32CubeMX version: 6.11.0
2024-03-29 01:11:42,073 [ERROR] AppliInfo:139 - Unknown STM32CubeMX version: 6.11.0
2024-03-29 01:11:42,074 [ERROR] AppliInfo:139 - Unknown STM32CubeMX version: 6.11.0
2024-03-29 01:11:42,075 [ERROR] AppliInfo:139 - Unknown STM32CubeMX version: 6.11.0
2024-03-29 01:11:42,075 [ERROR] AppliInfo:139 - Unknown STM32CubeMX version: 6.11.0
2024-03-29 01:11:42,075 [ERROR] AppliInfo:139 - Unknown STM32CubeMX version: 6.11.0
2024-03-29 01:11:42,075 [ERROR] AppliInfo:139 - Unknown STM32CubeMX version: 6.11.0
2024-03-29 01:11:42,076 [ERROR] AppliInfo:139 - Unknown STM32CubeMX version: 6.11.0
2024-03-29 01:11:42,076 [ERROR] AppliInfo:139 - Unknown STM32CubeMX version: 6.11.0
2024-03-29 01:11:42,076 [ERROR] AppliInfo:139 - Unknown STM32CubeMX version: 6.11.0
2024-03-29 01:11:42,076 [ERROR] AppliInfo:139 - Unknown STM32CubeMX version: 6.11.0
2024-03-29 01:11:42,077 [ERROR] AppliInfo:139 - Unknown STM32CubeMX version: 6.11.0
2024-03-29 01:11:42,077 [ERROR] AppliInfo:139 - Unknown STM32CubeMX version: 6.11.0
2024-03-29 01:11:42,077 [ERROR] AppliInfo:139 - Unknown STM32CubeMX version: 6.11.0
2024-03-29 01:11:42,078 [ERROR] AppliInfo:139 - Unknown STM32CubeMX version: 6.11.0
2024-03-29 01:11:42,078 [ERROR] AppliInfo:139 - Unknown STM32CubeMX version: 6.11.0
2024-03-29 01:11:42,078 [ERROR] AppliInfo:139 - Unknown STM32CubeMX version: 6.11.0
2024-03-29 01:11:42,078 [ERROR] AppliInfo:139 - Unknown STM32CubeMX version: 6.11.0
2024-03-29 01:11:42,079 [ERROR] AppliInfo:139 - Unknown STM32CubeMX version: 6.11.0
2024-03-29 01:11:42,079 [ERROR] AppliInfo:139 - Unknown STM32CubeMX version: 6.11.0
2024-03-29 01:11:42,079 [ERROR] AppliInfo:139 - Unknown STM32CubeMX version: 6.11.0
2024-03-29 01:11:42,080 [ERROR] AppliInfo:139 - Unknown STM32CubeMX version: 6.11.0
2024-03-29 01:11:42,080 [ERROR] AppliInfo:139 - Unknown STM32CubeMX version: 6.11.0
2024-03-29 01:11:42,080 [ERROR] AppliInfo:139 - Unknown STM32CubeMX version: 6.11.0
2024-03-29 01:11:42,082 [ERROR] AppliInfo:139 - Unknown STM32CubeMX version: 6.11.0
2024-03-29 01:11:42,082 [ERROR] AppliInfo:139 - Unknown STM32CubeMX version: 6.11.0
2024-03-29 01:11:42,082 [ERROR] AppliInfo:139 - Unknown STM32CubeMX version: 6.11.0
2024-03-29 01:11:42,083 [ERROR] AppliInfo:139 - Unknown STM32CubeMX version: 6.11.0
2024-03-29 01:11:42,083 [ERROR] AppliInfo:139 - Unknown STM32CubeMX version: 6.11.0
2024-03-29 01:11:42,083 [ERROR] AppliInfo:139 - Unknown STM32CubeMX version: 6.11.0
2024-03-29 01:11:42,083 [ERROR] AppliInfo:139 - Unknown STM32CubeMX version: 6.11.0
2024-03-29 01:11:42,084 [ERROR] AppliInfo:139 - Unknown STM32CubeMX version: 6.11.0
2024-03-29 01:11:42,084 [ERROR] AppliInfo:139 - Unknown STM32CubeMX version: 6.11.0
2024-03-29 01:11:42,084 [ERROR] AppliInfo:139 - Unknown STM32CubeMX version: 6.11.0
2024-03-29 01:11:42,085 [ERROR] AppliInfo:139 - Unknown STM32CubeMX version: 6.11.0
2024-03-29 01:11:42,085 [ERROR] AppliInfo:139 - Unknown STM32CubeMX version: 6.11.0
2024-03-29 01:11:42,085 [ERROR] AppliInfo:139 - Unknown STM32CubeMX version: 6.11.0
2024-03-29 01:11:42,085 [ERROR] AppliInfo:139 - Unknown STM32CubeMX version: 6.11.0
2024-03-29 01:11:42,086 [ERROR] AppliInfo:139 - Unknown STM32CubeMX version: 6.11.0
2024-03-29 01:11:42,086 [ERROR] AppliInfo:139 - Unknown STM32CubeMX version: 6.11.0
2024-03-29 01:11:42,086 [ERROR] AppliInfo:139 - Unknown STM32CubeMX version: 6.11.0
2024-03-29 01:11:42,087 [ERROR] AppliInfo:139 - Unknown STM32CubeMX version: 6.11.0
2024-03-29 01:11:42,087 [ERROR] AppliInfo:139 - Unknown STM32CubeMX version: 6.11.0
2024-03-29 01:11:42,088 [ERROR] AppliInfo:139 - Unknown STM32CubeMX version: 6.11.0
2024-03-29 01:11:42,088 [ERROR] AppliInfo:139 - Unknown STM32CubeMX version: 6.11.0
2024-03-29 01:11:42,090 [ERROR] AppliInfo:139 - Unknown STM32CubeMX version: 6.11.0
2024-03-29 01:11:42,091 [ERROR] AppliInfo:139 - Unknown STM32CubeMX version: 6.11.0
2024-03-29 01:11:42,091 [ERROR] AppliInfo:139 - Unknown STM32CubeMX version: 6.11.0
2024-03-29 01:11:42,091 [ERROR] AppliInfo:139 - Unknown STM32CubeMX version: 6.11.0
2024-03-29 01:11:42,092 [ERROR] AppliInfo:139 - Unknown STM32CubeMX version: 6.11.0
2024-03-29 01:11:42,233 [ERROR] AppliInfo:139 - Unknown STM32CubeMX version: 6.11.0
2024-03-29 01:11:42,234 [ERROR] AppliInfo:139 - Unknown STM32CubeMX version: 6.11.0
2024-03-29 01:11:42,234 [ERROR] AppliInfo:139 - Unknown STM32CubeMX version: 6.11.0
2024-03-29 01:11:42,234 [ERROR] AppliInfo:139 - Unknown STM32CubeMX version: 6.11.0
2024-03-29 01:11:42,234 [ERROR] AppliInfo:139 - Unknown STM32CubeMX version: 6.11.0
2024-03-29 01:11:42,235 [ERROR] AppliInfo:139 - Unknown STM32CubeMX version: 6.11.0
2024-03-29 01:11:42,235 [ERROR] AppliInfo:139 - Unknown STM32CubeMX version: 6.11.0
2024-03-29 01:11:42,235 [ERROR] AppliInfo:139 - Unknown STM32CubeMX version: 6.11.0
2024-03-29 01:11:42,235 [ERROR] AppliInfo:139 - Unknown STM32CubeMX version: 6.11.0
2024-03-29 01:11:42,236 [ERROR] AppliInfo:139 - Unknown STM32CubeMX version: 6.11.0
2024-03-29 01:11:42,236 [ERROR] AppliInfo:139 - Unknown STM32CubeMX version: 6.11.0
2024-03-29 01:11:42,236 [ERROR] AppliInfo:139 - Unknown STM32CubeMX version: 6.11.0
2024-03-29 01:11:42,236 [ERROR] AppliInfo:139 - Unknown STM32CubeMX version: 6.11.0
2024-03-29 01:11:42,237 [ERROR] AppliInfo:139 - Unknown STM32CubeMX version: 6.11.0
2024-03-29 01:11:42,237 [ERROR] AppliInfo:139 - Unknown STM32CubeMX version: 6.11.0
2024-03-29 01:11:42,237 [ERROR] AppliInfo:139 - Unknown STM32CubeMX version: 6.11.0
2024-03-29 01:11:42,238 [ERROR] AppliInfo:139 - Unknown STM32CubeMX version: 6.11.0
2024-03-29 01:11:42,238 [ERROR] AppliInfo:139 - Unknown STM32CubeMX version: 6.11.0
2024-03-29 01:11:42,238 [ERROR] AppliInfo:139 - Unknown STM32CubeMX version: 6.11.0
2024-03-29 01:11:42,238 [ERROR] AppliInfo:139 - Unknown STM32CubeMX version: 6.11.0
2024-03-29 01:11:42,238 [ERROR] AppliInfo:139 - Unknown STM32CubeMX version: 6.11.0
2024-03-29 01:11:42,239 [ERROR] AppliInfo:139 - Unknown STM32CubeMX version: 6.11.0
2024-03-29 01:11:42,239 [ERROR] AppliInfo:139 - Unknown STM32CubeMX version: 6.11.0
2024-03-29 01:11:42,239 [ERROR] AppliInfo:139 - Unknown STM32CubeMX version: 6.11.0
2024-03-29 01:11:42,239 [ERROR] AppliInfo:139 - Unknown STM32CubeMX version: 6.11.0
2024-03-29 01:11:42,239 [ERROR] AppliInfo:139 - Unknown STM32CubeMX version: 6.11.0
2024-03-29 01:11:42,240 [ERROR] AppliInfo:139 - Unknown STM32CubeMX version: 6.11.0
2024-03-29 01:11:42,240 [ERROR] AppliInfo:139 - Unknown STM32CubeMX version: 6.11.0
2024-03-29 01:11:42,241 [ERROR] AppliInfo:139 - Unknown STM32CubeMX version: 6.11.0
2024-03-29 01:11:42,242 [ERROR] AppliInfo:139 - Unknown STM32CubeMX version: 6.11.0
2024-03-29 01:11:42,242 [ERROR] AppliInfo:139 - Unknown STM32CubeMX version: 6.11.0
2024-03-29 01:11:42,242 [ERROR] AppliInfo:139 - Unknown STM32CubeMX version: 6.11.0
2024-03-29 01:11:42,242 [ERROR] AppliInfo:139 - Unknown STM32CubeMX version: 6.11.0
2024-03-29 01:11:42,242 [ERROR] AppliInfo:139 - Unknown STM32CubeMX version: 6.11.0
2024-03-29 01:11:42,242 [ERROR] AppliInfo:139 - Unknown STM32CubeMX version: 6.11.0
2024-03-29 01:11:42,242 [ERROR] AppliInfo:139 - Unknown STM32CubeMX version: 6.11.0
2024-03-29 01:11:42,243 [ERROR] AppliInfo:139 - Unknown STM32CubeMX version: 6.11.0
2024-03-29 01:11:42,244 [ERROR] AppliInfo:139 - Unknown STM32CubeMX version: 6.11.0
2024-03-29 01:11:42,244 [ERROR] AppliInfo:139 - Unknown STM32CubeMX version: 6.11.0
2024-03-29 01:11:42,245 [ERROR] AppliInfo:139 - Unknown STM32CubeMX version: 6.11.0
2024-03-29 01:11:42,245 [ERROR] AppliInfo:139 - Unknown STM32CubeMX version: 6.11.0
2024-03-29 01:11:42,245 [ERROR] AppliInfo:139 - Unknown STM32CubeMX version: 6.11.0
2024-03-29 01:11:42,246 [ERROR] AppliInfo:139 - Unknown STM32CubeMX version: 6.11.0
2024-03-29 01:11:42,246 [ERROR] AppliInfo:139 - Unknown STM32CubeMX version: 6.11.0
2024-03-29 01:11:42,246 [ERROR] AppliInfo:139 - Unknown STM32CubeMX version: 6.11.0
2024-03-29 01:11:42,246 [ERROR] AppliInfo:139 - Unknown STM32CubeMX version: 6.11.0
2024-03-29 01:11:42,247 [ERROR] AppliInfo:139 - Unknown STM32CubeMX version: 6.11.0
2024-03-29 01:11:42,247 [ERROR] AppliInfo:139 - Unknown STM32CubeMX version: 6.11.0
2024-03-29 01:11:42,247 [ERROR] AppliInfo:139 - Unknown STM32CubeMX version: 6.11.0
2024-03-29 01:11:42,247 [ERROR] AppliInfo:139 - Unknown STM32CubeMX version: 6.11.0
2024-03-29 01:11:42,248 [ERROR] AppliInfo:139 - Unknown STM32CubeMX version: 6.11.0
2024-03-29 01:11:42,248 [ERROR] AppliInfo:139 - Unknown STM32CubeMX version: 6.11.0
2024-03-29 01:11:42,248 [ERROR] AppliInfo:139 - Unknown STM32CubeMX version: 6.11.0
2024-03-29 01:11:42,248 [ERROR] AppliInfo:139 - Unknown STM32CubeMX version: 6.11.0
2024-03-29 01:11:42,249 [ERROR] AppliInfo:139 - Unknown STM32CubeMX version: 6.11.0
2024-03-29 01:11:42,249 [ERROR] AppliInfo:139 - Unknown STM32CubeMX version: 6.11.0
2024-03-29 01:11:42,249 [ERROR] AppliInfo:139 - Unknown STM32CubeMX version: 6.11.0
2024-03-29 01:11:42,249 [ERROR] AppliInfo:139 - Unknown STM32CubeMX version: 6.11.0
2024-03-29 01:11:42,250 [ERROR] AppliInfo:139 - Unknown STM32CubeMX version: 6.11.0
2024-03-29 01:11:42,250 [ERROR] AppliInfo:139 - Unknown STM32CubeMX version: 6.11.0
2024-03-29 01:11:42,250 [ERROR] AppliInfo:139 - Unknown STM32CubeMX version: 6.11.0
2024-03-29 01:11:42,250 [ERROR] AppliInfo:139 - Unknown STM32CubeMX version: 6.11.0
2024-03-29 01:11:42,251 [ERROR] AppliInfo:139 - Unknown STM32CubeMX version: 6.11.0
2024-03-29 01:11:42,251 [ERROR] AppliInfo:139 - Unknown STM32CubeMX version: 6.11.0
2024-03-29 01:11:42,251 [ERROR] AppliInfo:139 - Unknown STM32CubeMX version: 6.11.0
2024-03-29 01:11:42,251 [ERROR] AppliInfo:139 - Unknown STM32CubeMX version: 6.11.0
2024-03-29 01:11:42,251 [ERROR] AppliInfo:139 - Unknown STM32CubeMX version: 6.11.0
2024-03-29 01:11:42,252 [ERROR] AppliInfo:139 - Unknown STM32CubeMX version: 6.11.0
2024-03-29 01:11:42,252 [ERROR] AppliInfo:139 - Unknown STM32CubeMX version: 6.11.0
2024-03-29 01:11:42,252 [ERROR] AppliInfo:139 - Unknown STM32CubeMX version: 6.11.0
2024-03-29 01:11:42,252 [ERROR] AppliInfo:139 - Unknown STM32CubeMX version: 6.11.0
2024-03-29 01:11:42,253 [ERROR] AppliInfo:139 - Unknown STM32CubeMX version: 6.11.0
2024-03-29 01:11:42,253 [ERROR] AppliInfo:139 - Unknown STM32CubeMX version: 6.11.0
2024-03-29 01:11:42,254 [ERROR] AppliInfo:139 - Unknown STM32CubeMX version: 6.11.0
2024-03-29 01:11:42,254 [ERROR] AppliInfo:139 - Unknown STM32CubeMX version: 6.11.0
2024-03-29 01:11:42,254 [ERROR] AppliInfo:139 - Unknown STM32CubeMX version: 6.11.0
2024-03-29 01:11:42,254 [ERROR] AppliInfo:139 - Unknown STM32CubeMX version: 6.11.0
2024-03-29 01:11:42,255 [ERROR] AppliInfo:139 - Unknown STM32CubeMX version: 6.11.0
2024-03-29 01:11:42,255 [ERROR] AppliInfo:139 - Unknown STM32CubeMX version: 6.11.0
2024-03-29 01:11:42,255 [ERROR] AppliInfo:139 - Unknown STM32CubeMX version: 6.11.0
2024-03-29 01:11:42,255 [ERROR] AppliInfo:139 - Unknown STM32CubeMX version: 6.11.0
2024-03-29 01:11:42,256 [ERROR] AppliInfo:139 - Unknown STM32CubeMX version: 6.11.0
2024-03-29 01:11:42,256 [ERROR] AppliInfo:139 - Unknown STM32CubeMX version: 6.11.0
2024-03-29 01:11:42,256 [ERROR] AppliInfo:139 - Unknown STM32CubeMX version: 6.11.0
2024-03-29 01:11:42,256 [ERROR] AppliInfo:139 - Unknown STM32CubeMX version: 6.11.0
2024-03-29 01:11:42,256 [ERROR] AppliInfo:139 - Unknown STM32CubeMX version: 6.11.0
2024-03-29 01:11:42,256 [ERROR] AppliInfo:139 - Unknown STM32CubeMX version: 6.11.0
2024-03-29 01:11:42,256 [ERROR] AppliInfo:139 - Unknown STM32CubeMX version: 6.11.0
2024-03-29 01:11:42,257 [ERROR] AppliInfo:139 - Unknown STM32CubeMX version: 6.11.0
2024-03-29 01:11:42,257 [ERROR] AppliInfo:139 - Unknown STM32CubeMX version: 6.11.0
2024-03-29 01:11:42,257 [ERROR] AppliInfo:139 - Unknown STM32CubeMX version: 6.11.0
2024-03-29 01:11:42,257 [ERROR] AppliInfo:139 - Unknown STM32CubeMX version: 6.11.0
2024-03-29 01:11:42,258 [ERROR] AppliInfo:139 - Unknown STM32CubeMX version: 6.11.0
2024-03-29 01:11:42,258 [ERROR] AppliInfo:139 - Unknown STM32CubeMX version: 6.11.0
2024-03-29 01:11:42,258 [ERROR] AppliInfo:139 - Unknown STM32CubeMX version: 6.11.0
2024-03-29 01:11:42,259 [ERROR] AppliInfo:139 - Unknown STM32CubeMX version: 6.11.0
2024-03-29 01:11:42,259 [ERROR] AppliInfo:139 - Unknown STM32CubeMX version: 6.11.0
2024-03-29 01:11:42,259 [ERROR] AppliInfo:139 - Unknown STM32CubeMX version: 6.11.0
2024-03-29 01:11:42,260 [ERROR] AppliInfo:139 - Unknown STM32CubeMX version: 6.11.0
2024-03-29 01:11:42,260 [ERROR] AppliInfo:139 - Unknown STM32CubeMX version: 6.11.0
2024-03-29 01:11:42,260 [ERROR] AppliInfo:139 - Unknown STM32CubeMX version: 6.11.0
2024-03-29 01:11:42,260 [ERROR] AppliInfo:139 - Unknown STM32CubeMX version: 6.11.0
2024-03-29 01:11:42,261 [ERROR] AppliInfo:139 - Unknown STM32CubeMX version: 6.11.0
2024-03-29 01:11:42,261 [ERROR] AppliInfo:139 - Unknown STM32CubeMX version: 6.11.0
2024-03-29 01:11:42,261 [ERROR] AppliInfo:139 - Unknown STM32CubeMX version: 6.11.0
2024-03-29 01:11:42,261 [ERROR] AppliInfo:139 - Unknown STM32CubeMX version: 6.11.0
2024-03-29 01:11:42,263 [ERROR] AppliInfo:139 - Unknown STM32CubeMX version: 6.11.0
2024-03-29 01:11:42,267 [ERROR] AppliInfo:139 - Unknown STM32CubeMX version: 6.11.0
2024-03-29 01:11:42,268 [ERROR] AppliInfo:139 - Unknown STM32CubeMX version: 6.11.0
2024-03-29 01:11:42,268 [ERROR] AppliInfo:139 - Unknown STM32CubeMX version: 6.11.0
2024-03-29 01:11:42,268 [ERROR] AppliInfo:139 - Unknown STM32CubeMX version: 6.11.0
2024-03-29 01:11:42,269 [ERROR] AppliInfo:139 - Unknown STM32CubeMX version: 6.11.0
2024-03-29 01:11:42,269 [ERROR] AppliInfo:139 - Unknown STM32CubeMX version: 6.11.0
2024-03-29 01:11:42,269 [ERROR] AppliInfo:139 - Unknown STM32CubeMX version: 6.11.0
2024-03-29 01:11:42,269 [ERROR] AppliInfo:139 - Unknown STM32CubeMX version: 6.11.0
2024-03-29 01:11:42,269 [ERROR] AppliInfo:139 - Unknown STM32CubeMX version: 6.11.0
2024-03-29 01:11:42,269 [ERROR] AppliInfo:139 - Unknown STM32CubeMX version: 6.11.0
2024-03-29 01:11:42,270 [ERROR] AppliInfo:139 - Unknown STM32CubeMX version: 6.11.0
2024-03-29 01:11:42,270 [ERROR] AppliInfo:139 - Unknown STM32CubeMX version: 6.11.0
2024-03-29 01:11:42,270 [ERROR] AppliInfo:139 - Unknown STM32CubeMX version: 6.11.0
2024-03-29 01:11:42,270 [ERROR] AppliInfo:139 - Unknown STM32CubeMX version: 6.11.0
2024-03-29 01:11:42,270 [ERROR] AppliInfo:139 - Unknown STM32CubeMX version: 6.11.0
2024-03-29 01:11:42,270 [ERROR] AppliInfo:139 - Unknown STM32CubeMX version: 6.11.0
2024-03-29 01:11:42,270 [ERROR] AppliInfo:139 - Unknown STM32CubeMX version: 6.11.0
2024-03-29 01:11:42,270 [ERROR] AppliInfo:139 - Unknown STM32CubeMX version: 6.11.0
2024-03-29 01:11:42,271 [ERROR] AppliInfo:139 - Unknown STM32CubeMX version: 6.11.0
2024-03-29 01:11:42,271 [ERROR] AppliInfo:139 - Unknown STM32CubeMX version: 6.11.0
2024-03-29 01:11:42,271 [ERROR] AppliInfo:139 - Unknown STM32CubeMX version: 6.11.0
2024-03-29 01:11:42,271 [ERROR] AppliInfo:139 - Unknown STM32CubeMX version: 6.11.0
2024-03-29 01:11:42,271 [ERROR] AppliInfo:139 - Unknown STM32CubeMX version: 6.11.0
2024-03-29 01:11:42,272 [ERROR] AppliInfo:139 - Unknown STM32CubeMX version: 6.11.0
2024-03-29 01:11:42,272 [ERROR] AppliInfo:139 - Unknown STM32CubeMX version: 6.11.0
2024-03-29 01:11:42,272 [ERROR] AppliInfo:139 - Unknown STM32CubeMX version: 6.11.0
2024-03-29 01:11:42,272 [ERROR] AppliInfo:139 - Unknown STM32CubeMX version: 6.11.0
2024-03-29 01:11:42,272 [ERROR] AppliInfo:139 - Unknown STM32CubeMX version: 6.11.0
2024-03-29 01:11:42,272 [ERROR] AppliInfo:139 - Unknown STM32CubeMX version: 6.11.0
2024-03-29 01:11:42,273 [ERROR] AppliInfo:139 - Unknown STM32CubeMX version: 6.11.0
2024-03-29 01:11:42,273 [ERROR] AppliInfo:139 - Unknown STM32CubeMX version: 6.11.0
2024-03-29 01:11:42,273 [ERROR] AppliInfo:139 - Unknown STM32CubeMX version: 6.11.0
2024-03-29 01:11:42,273 [ERROR] AppliInfo:139 - Unknown STM32CubeMX version: 6.11.0
2024-03-29 01:11:42,273 [ERROR] AppliInfo:139 - Unknown STM32CubeMX version: 6.11.0
2024-03-29 01:11:42,274 [ERROR] AppliInfo:139 - Unknown STM32CubeMX version: 6.11.0
2024-03-29 01:11:42,274 [ERROR] AppliInfo:139 - Unknown STM32CubeMX version: 6.11.0
2024-03-29 01:11:42,274 [ERROR] AppliInfo:139 - Unknown STM32CubeMX version: 6.11.0
2024-03-29 01:11:42,274 [ERROR] AppliInfo:139 - Unknown STM32CubeMX version: 6.11.0
2024-03-29 01:11:42,275 [ERROR] AppliInfo:139 - Unknown STM32CubeMX version: 6.11.0
2024-03-29 01:11:42,275 [ERROR] AppliInfo:139 - Unknown STM32CubeMX version: 6.11.0
2024-03-29 01:11:42,275 [ERROR] AppliInfo:139 - Unknown STM32CubeMX version: 6.11.0
2024-03-29 01:11:42,275 [ERROR] AppliInfo:139 - Unknown STM32CubeMX version: 6.11.0
2024-03-29 01:11:42,275 [ERROR] AppliInfo:139 - Unknown STM32CubeMX version: 6.11.0
2024-03-29 01:11:42,276 [ERROR] AppliInfo:139 - Unknown STM32CubeMX version: 6.11.0
2024-03-29 01:11:42,276 [ERROR] AppliInfo:139 - Unknown STM32CubeMX version: 6.11.0
2024-03-29 01:11:42,276 [ERROR] AppliInfo:139 - Unknown STM32CubeMX version: 6.11.0
2024-03-29 01:11:42,276 [ERROR] AppliInfo:139 - Unknown STM32CubeMX version: 6.11.0
2024-03-29 01:11:42,276 [ERROR] AppliInfo:139 - Unknown STM32CubeMX version: 6.11.0
2024-03-29 01:11:42,276 [ERROR] AppliInfo:139 - Unknown STM32CubeMX version: 6.11.0
2024-03-29 01:11:42,276 [ERROR] AppliInfo:139 - Unknown STM32CubeMX version: 6.11.0
2024-03-29 01:11:42,277 [ERROR] AppliInfo:139 - Unknown STM32CubeMX version: 6.11.0
2024-03-29 01:11:42,277 [ERROR] AppliInfo:139 - Unknown STM32CubeMX version: 6.11.0
2024-03-29 01:11:42,277 [ERROR] AppliInfo:139 - Unknown STM32CubeMX version: 6.11.0
2024-03-29 01:11:42,277 [ERROR] AppliInfo:139 - Unknown STM32CubeMX version: 6.11.0
2024-03-29 01:11:42,277 [ERROR] AppliInfo:139 - Unknown STM32CubeMX version: 6.11.0
2024-03-29 01:11:42,277 [ERROR] AppliInfo:139 - Unknown STM32CubeMX version: 6.11.0
2024-03-29 01:11:42,277 [ERROR] AppliInfo:139 - Unknown STM32CubeMX version: 6.11.0
2024-03-29 01:11:42,278 [ERROR] AppliInfo:139 - Unknown STM32CubeMX version: 6.11.0
2024-03-29 01:11:42,278 [ERROR] AppliInfo:139 - Unknown STM32CubeMX version: 6.11.0
2024-03-29 01:11:42,278 [ERROR] AppliInfo:139 - Unknown STM32CubeMX version: 6.11.0
2024-03-29 01:11:42,278 [ERROR] AppliInfo:139 - Unknown STM32CubeMX version: 6.11.0
2024-03-29 01:11:42,278 [ERROR] AppliInfo:139 - Unknown STM32CubeMX version: 6.11.0
2024-03-29 01:11:42,278 [ERROR] AppliInfo:139 - Unknown STM32CubeMX version: 6.11.0
2024-03-29 01:11:42,278 [ERROR] AppliInfo:139 - Unknown STM32CubeMX version: 6.11.0
2024-03-29 01:11:42,278 [ERROR] AppliInfo:139 - Unknown STM32CubeMX version: 6.11.0
2024-03-29 01:11:42,278 [ERROR] AppliInfo:139 - Unknown STM32CubeMX version: 6.11.0
2024-03-29 01:11:42,278 [ERROR] AppliInfo:139 - Unknown STM32CubeMX version: 6.11.0
2024-03-29 01:11:42,280 [ERROR] AppliInfo:139 - Unknown STM32CubeMX version: 6.11.0
2024-03-29 01:11:42,280 [ERROR] AppliInfo:139 - Unknown STM32CubeMX version: 6.11.0
2024-03-29 01:11:42,280 [ERROR] AppliInfo:139 - Unknown STM32CubeMX version: 6.11.0
2024-03-29 01:11:42,280 [ERROR] AppliInfo:139 - Unknown STM32CubeMX version: 6.11.0
2024-03-29 01:11:42,280 [ERROR] AppliInfo:139 - Unknown STM32CubeMX version: 6.11.0
2024-03-29 01:11:42,280 [ERROR] AppliInfo:139 - Unknown STM32CubeMX version: 6.11.0
2024-03-29 01:11:42,280 [ERROR] AppliInfo:139 - Unknown STM32CubeMX version: 6.11.0
2024-03-29 01:11:42,281 [ERROR] AppliInfo:139 - Unknown STM32CubeMX version: 6.11.0
2024-03-29 01:11:42,281 [ERROR] AppliInfo:139 - Unknown STM32CubeMX version: 6.11.0
2024-03-29 01:11:42,281 [ERROR] AppliInfo:139 - Unknown STM32CubeMX version: 6.11.0
2024-03-29 01:11:42,281 [ERROR] AppliInfo:139 - Unknown STM32CubeMX version: 6.11.0
2024-03-29 01:11:42,282 [ERROR] AppliInfo:139 - Unknown STM32CubeMX version: 6.11.0
2024-03-29 01:11:42,282 [ERROR] AppliInfo:139 - Unknown STM32CubeMX version: 6.11.0
2024-03-29 01:11:42,282 [ERROR] AppliInfo:139 - Unknown STM32CubeMX version: 6.11.0
2024-03-29 01:11:42,441 [ERROR] AppliInfo:139 - Unknown STM32CubeMX version: 6.11.0
2024-03-29 01:11:42,442 [ERROR] AppliInfo:139 - Unknown STM32CubeMX version: 6.11.0
2024-03-29 01:11:42,442 [ERROR] AppliInfo:139 - Unknown STM32CubeMX version: 6.11.0
2024-03-29 01:11:42,442 [ERROR] AppliInfo:139 - Unknown STM32CubeMX version: 6.11.0
2024-03-29 01:11:42,443 [ERROR] AppliInfo:139 - Unknown STM32CubeMX version: 6.11.0
2024-03-29 01:11:42,443 [ERROR] AppliInfo:139 - Unknown STM32CubeMX version: 6.11.0
2024-03-29 01:11:42,443 [ERROR] AppliInfo:139 - Unknown STM32CubeMX version: 6.11.0
2024-03-29 01:11:42,443 [ERROR] AppliInfo:139 - Unknown STM32CubeMX version: 6.11.0
2024-03-29 01:11:42,444 [ERROR] AppliInfo:139 - Unknown STM32CubeMX version: 6.11.0
2024-03-29 01:11:42,444 [ERROR] AppliInfo:139 - Unknown STM32CubeMX version: 6.11.0
2024-03-29 01:11:42,445 [ERROR] AppliInfo:139 - Unknown STM32CubeMX version: 6.11.0
2024-03-29 01:11:42,445 [ERROR] AppliInfo:139 - Unknown STM32CubeMX version: 6.11.0
2024-03-29 01:11:42,445 [ERROR] AppliInfo:139 - Unknown STM32CubeMX version: 6.11.0
2024-03-29 01:11:42,446 [ERROR] AppliInfo:139 - Unknown STM32CubeMX version: 6.11.0
2024-03-29 01:11:42,446 [ERROR] AppliInfo:139 - Unknown STM32CubeMX version: 6.11.0
2024-03-29 01:11:42,446 [ERROR] AppliInfo:139 - Unknown STM32CubeMX version: 6.11.0
2024-03-29 01:11:42,446 [ERROR] AppliInfo:139 - Unknown STM32CubeMX version: 6.11.0
2024-03-29 01:11:42,447 [ERROR] AppliInfo:139 - Unknown STM32CubeMX version: 6.11.0
2024-03-29 01:11:42,447 [ERROR] AppliInfo:139 - Unknown STM32CubeMX version: 6.11.0
2024-03-29 01:11:42,447 [ERROR] AppliInfo:139 - Unknown STM32CubeMX version: 6.11.0
2024-03-29 01:11:42,447 [ERROR] AppliInfo:139 - Unknown STM32CubeMX version: 6.11.0
2024-03-29 01:11:42,448 [ERROR] AppliInfo:139 - Unknown STM32CubeMX version: 6.11.0
2024-03-29 01:11:42,448 [ERROR] AppliInfo:139 - Unknown STM32CubeMX version: 6.11.0
2024-03-29 01:11:42,448 [ERROR] AppliInfo:139 - Unknown STM32CubeMX version: 6.11.0
2024-03-29 01:11:42,448 [ERROR] AppliInfo:139 - Unknown STM32CubeMX version: 6.11.0
2024-03-29 01:11:42,449 [ERROR] AppliInfo:139 - Unknown STM32CubeMX version: 6.11.0
2024-03-29 01:11:42,452 [ERROR] AppliInfo:139 - Unknown STM32CubeMX version: 6.11.0
2024-03-29 01:11:42,453 [ERROR] AppliInfo:139 - Unknown STM32CubeMX version: 6.11.0
2024-03-29 01:11:42,453 [ERROR] AppliInfo:139 - Unknown STM32CubeMX version: 6.11.0
2024-03-29 01:11:42,454 [ERROR] AppliInfo:139 - Unknown STM32CubeMX version: 6.11.0
2024-03-29 01:11:42,454 [ERROR] AppliInfo:139 - Unknown STM32CubeMX version: 6.11.0
2024-03-29 01:11:42,454 [ERROR] AppliInfo:139 - Unknown STM32CubeMX version: 6.11.0
2024-03-29 01:11:42,454 [ERROR] AppliInfo:139 - Unknown STM32CubeMX version: 6.11.0
2024-03-29 01:11:42,454 [ERROR] AppliInfo:139 - Unknown STM32CubeMX version: 6.11.0
2024-03-29 01:11:42,454 [ERROR] AppliInfo:139 - Unknown STM32CubeMX version: 6.11.0
2024-03-29 01:11:42,454 [ERROR] AppliInfo:139 - Unknown STM32CubeMX version: 6.11.0
2024-03-29 01:11:42,455 [ERROR] AppliInfo:139 - Unknown STM32CubeMX version: 6.11.0
2024-03-29 01:11:42,455 [ERROR] AppliInfo:139 - Unknown STM32CubeMX version: 6.11.0
2024-03-29 01:11:42,455 [ERROR] AppliInfo:139 - Unknown STM32CubeMX version: 6.11.0
2024-03-29 01:11:42,455 [ERROR] AppliInfo:139 - Unknown STM32CubeMX version: 6.11.0
2024-03-29 01:11:42,455 [ERROR] AppliInfo:139 - Unknown STM32CubeMX version: 6.11.0
2024-03-29 01:11:42,455 [ERROR] AppliInfo:139 - Unknown STM32CubeMX version: 6.11.0
2024-03-29 01:11:42,455 [ERROR] AppliInfo:139 - Unknown STM32CubeMX version: 6.11.0
2024-03-29 01:11:42,456 [ERROR] AppliInfo:139 - Unknown STM32CubeMX version: 6.11.0
2024-03-29 01:11:42,456 [ERROR] AppliInfo:139 - Unknown STM32CubeMX version: 6.11.0
2024-03-29 01:11:42,456 [ERROR] AppliInfo:139 - Unknown STM32CubeMX version: 6.11.0
2024-03-29 01:11:42,456 [ERROR] AppliInfo:139 - Unknown STM32CubeMX version: 6.11.0
2024-03-29 01:11:42,456 [ERROR] AppliInfo:139 - Unknown STM32CubeMX version: 6.11.0
2024-03-29 01:11:42,456 [ERROR] AppliInfo:139 - Unknown STM32CubeMX version: 6.11.0
2024-03-29 01:11:42,456 [ERROR] AppliInfo:139 - Unknown STM32CubeMX version: 6.11.0
2024-03-29 01:11:42,456 [ERROR] AppliInfo:139 - Unknown STM32CubeMX version: 6.11.0
2024-03-29 01:11:42,457 [ERROR] AppliInfo:139 - Unknown STM32CubeMX version: 6.11.0
2024-03-29 01:11:42,457 [ERROR] AppliInfo:139 - Unknown STM32CubeMX version: 6.11.0
2024-03-29 01:11:42,457 [ERROR] AppliInfo:139 - Unknown STM32CubeMX version: 6.11.0
2024-03-29 01:11:42,457 [ERROR] AppliInfo:139 - Unknown STM32CubeMX version: 6.11.0
2024-03-29 01:11:42,458 [ERROR] AppliInfo:139 - Unknown STM32CubeMX version: 6.11.0
2024-03-29 01:11:42,458 [ERROR] AppliInfo:139 - Unknown STM32CubeMX version: 6.11.0
2024-03-29 01:11:42,458 [ERROR] AppliInfo:139 - Unknown STM32CubeMX version: 6.11.0
2024-03-29 01:11:42,458 [ERROR] AppliInfo:139 - Unknown STM32CubeMX version: 6.11.0
2024-03-29 01:11:42,458 [ERROR] AppliInfo:139 - Unknown STM32CubeMX version: 6.11.0
2024-03-29 01:11:42,458 [ERROR] AppliInfo:139 - Unknown STM32CubeMX version: 6.11.0
2024-03-29 01:11:42,458 [ERROR] AppliInfo:139 - Unknown STM32CubeMX version: 6.11.0
2024-03-29 01:11:42,458 [ERROR] AppliInfo:139 - Unknown STM32CubeMX version: 6.11.0
2024-03-29 01:11:42,459 [ERROR] AppliInfo:139 - Unknown STM32CubeMX version: 6.11.0
2024-03-29 01:11:42,459 [ERROR] AppliInfo:139 - Unknown STM32CubeMX version: 6.11.0
2024-03-29 01:11:42,459 [ERROR] AppliInfo:139 - Unknown STM32CubeMX version: 6.11.0
2024-03-29 01:11:42,460 [ERROR] AppliInfo:139 - Unknown STM32CubeMX version: 6.11.0
2024-03-29 01:11:42,460 [ERROR] AppliInfo:139 - Unknown STM32CubeMX version: 6.11.0
2024-03-29 01:11:42,460 [ERROR] AppliInfo:139 - Unknown STM32CubeMX version: 6.11.0
2024-03-29 01:11:42,461 [ERROR] AppliInfo:139 - Unknown STM32CubeMX version: 6.11.0
2024-03-29 01:11:42,461 [ERROR] AppliInfo:139 - Unknown STM32CubeMX version: 6.11.0
2024-03-29 01:11:42,461 [ERROR] AppliInfo:139 - Unknown STM32CubeMX version: 6.11.0
2024-03-29 01:11:42,461 [ERROR] AppliInfo:139 - Unknown STM32CubeMX version: 6.11.0
2024-03-29 01:11:42,462 [ERROR] AppliInfo:139 - Unknown STM32CubeMX version: 6.11.0
2024-03-29 01:11:42,462 [ERROR] AppliInfo:139 - Unknown STM32CubeMX version: 6.11.0
2024-03-29 01:11:42,463 [ERROR] AppliInfo:139 - Unknown STM32CubeMX version: 6.11.0
2024-03-29 01:11:42,463 [ERROR] AppliInfo:139 - Unknown STM32CubeMX version: 6.11.0
2024-03-29 01:11:42,463 [ERROR] AppliInfo:139 - Unknown STM32CubeMX version: 6.11.0
2024-03-29 01:11:42,463 [ERROR] AppliInfo:139 - Unknown STM32CubeMX version: 6.11.0
2024-03-29 01:11:42,464 [ERROR] AppliInfo:139 - Unknown STM32CubeMX version: 6.11.0
2024-03-29 01:11:42,464 [ERROR] AppliInfo:139 - Unknown STM32CubeMX version: 6.11.0
2024-03-29 01:11:42,464 [ERROR] AppliInfo:139 - Unknown STM32CubeMX version: 6.11.0
2024-03-29 01:11:42,464 [ERROR] AppliInfo:139 - Unknown STM32CubeMX version: 6.11.0
2024-03-29 01:11:42,464 [ERROR] AppliInfo:139 - Unknown STM32CubeMX version: 6.11.0
2024-03-29 01:11:42,465 [ERROR] AppliInfo:139 - Unknown STM32CubeMX version: 6.11.0
2024-03-29 01:11:42,465 [ERROR] AppliInfo:139 - Unknown STM32CubeMX version: 6.11.0
2024-03-29 01:11:42,465 [ERROR] AppliInfo:139 - Unknown STM32CubeMX version: 6.11.0
2024-03-29 01:11:42,465 [ERROR] AppliInfo:139 - Unknown STM32CubeMX version: 6.11.0
2024-03-29 01:11:42,466 [ERROR] AppliInfo:139 - Unknown STM32CubeMX version: 6.11.0
2024-03-29 01:11:42,466 [ERROR] AppliInfo:139 - Unknown STM32CubeMX version: 6.11.0
2024-03-29 01:11:42,466 [ERROR] AppliInfo:139 - Unknown STM32CubeMX version: 6.11.0
2024-03-29 01:11:42,466 [ERROR] AppliInfo:139 - Unknown STM32CubeMX version: 6.11.0
2024-03-29 01:11:42,466 [ERROR] AppliInfo:139 - Unknown STM32CubeMX version: 6.11.0
2024-03-29 01:11:42,467 [ERROR] AppliInfo:139 - Unknown STM32CubeMX version: 6.11.0
2024-03-29 01:11:42,467 [ERROR] AppliInfo:139 - Unknown STM32CubeMX version: 6.11.0
2024-03-29 01:11:42,467 [ERROR] AppliInfo:139 - Unknown STM32CubeMX version: 6.11.0
2024-03-29 01:11:42,468 [ERROR] AppliInfo:139 - Unknown STM32CubeMX version: 6.11.0
2024-03-29 01:11:42,468 [ERROR] AppliInfo:139 - Unknown STM32CubeMX version: 6.11.0
2024-03-29 01:11:42,469 [ERROR] AppliInfo:139 - Unknown STM32CubeMX version: 6.11.0
2024-03-29 01:11:42,471 [ERROR] AppliInfo:139 - Unknown STM32CubeMX version: 6.11.0
2024-03-29 01:11:42,471 [ERROR] AppliInfo:139 - Unknown STM32CubeMX version: 6.11.0
2024-03-29 01:11:42,472 [ERROR] AppliInfo:139 - Unknown STM32CubeMX version: 6.11.0
2024-03-29 01:11:42,472 [ERROR] AppliInfo:139 - Unknown STM32CubeMX version: 6.11.0
2024-03-29 01:11:42,472 [ERROR] AppliInfo:139 - Unknown STM32CubeMX version: 6.11.0
2024-03-29 01:11:42,472 [ERROR] AppliInfo:139 - Unknown STM32CubeMX version: 6.11.0
2024-03-29 01:11:42,473 [ERROR] AppliInfo:139 - Unknown STM32CubeMX version: 6.11.0
2024-03-29 01:11:42,473 [ERROR] AppliInfo:139 - Unknown STM32CubeMX version: 6.11.0
2024-03-29 01:11:42,473 [ERROR] AppliInfo:139 - Unknown STM32CubeMX version: 6.11.0
2024-03-29 01:11:42,473 [ERROR] AppliInfo:139 - Unknown STM32CubeMX version: 6.11.0
2024-03-29 01:11:42,474 [ERROR] AppliInfo:139 - Unknown STM32CubeMX version: 6.11.0
2024-03-29 01:11:42,474 [ERROR] AppliInfo:139 - Unknown STM32CubeMX version: 6.11.0
2024-03-29 01:11:42,474 [ERROR] AppliInfo:139 - Unknown STM32CubeMX version: 6.11.0
2024-03-29 01:11:42,474 [ERROR] AppliInfo:139 - Unknown STM32CubeMX version: 6.11.0
2024-03-29 01:11:42,474 [ERROR] AppliInfo:139 - Unknown STM32CubeMX version: 6.11.0
2024-03-29 01:11:42,475 [ERROR] AppliInfo:139 - Unknown STM32CubeMX version: 6.11.0
2024-03-29 01:11:42,475 [ERROR] AppliInfo:139 - Unknown STM32CubeMX version: 6.11.0
2024-03-29 01:11:42,475 [ERROR] AppliInfo:139 - Unknown STM32CubeMX version: 6.11.0
2024-03-29 01:11:42,475 [ERROR] AppliInfo:139 - Unknown STM32CubeMX version: 6.11.0
2024-03-29 01:11:42,475 [ERROR] AppliInfo:139 - Unknown STM32CubeMX version: 6.11.0
2024-03-29 01:11:42,476 [ERROR] AppliInfo:139 - Unknown STM32CubeMX version: 6.11.0
2024-03-29 01:11:42,476 [ERROR] AppliInfo:139 - Unknown STM32CubeMX version: 6.11.0
2024-03-29 01:11:42,476 [ERROR] AppliInfo:139 - Unknown STM32CubeMX version: 6.11.0
2024-03-29 01:11:42,476 [ERROR] AppliInfo:139 - Unknown STM32CubeMX version: 6.11.0
2024-03-29 01:11:42,477 [ERROR] AppliInfo:139 - Unknown STM32CubeMX version: 6.11.0
2024-03-29 01:11:42,477 [ERROR] AppliInfo:139 - Unknown STM32CubeMX version: 6.11.0
2024-03-29 01:11:42,477 [ERROR] AppliInfo:139 - Unknown STM32CubeMX version: 6.11.0
2024-03-29 01:11:42,478 [ERROR] AppliInfo:139 - Unknown STM32CubeMX version: 6.11.0
2024-03-29 01:11:42,478 [ERROR] AppliInfo:139 - Unknown STM32CubeMX version: 6.11.0
2024-03-29 01:11:42,478 [ERROR] AppliInfo:139 - Unknown STM32CubeMX version: 6.11.0
2024-03-29 01:11:42,478 [ERROR] AppliInfo:139 - Unknown STM32CubeMX version: 6.11.0
2024-03-29 01:11:42,479 [ERROR] AppliInfo:139 - Unknown STM32CubeMX version: 6.11.0
2024-03-29 01:11:42,479 [ERROR] AppliInfo:139 - Unknown STM32CubeMX version: 6.11.0
2024-03-29 01:11:42,480 [ERROR] AppliInfo:139 - Unknown STM32CubeMX version: 6.11.0
2024-03-29 01:11:42,480 [ERROR] AppliInfo:139 - Unknown STM32CubeMX version: 6.11.0
2024-03-29 01:11:42,480 [ERROR] AppliInfo:139 - Unknown STM32CubeMX version: 6.11.0
2024-03-29 01:11:42,480 [ERROR] AppliInfo:139 - Unknown STM32CubeMX version: 6.11.0
2024-03-29 01:11:42,480 [ERROR] AppliInfo:139 - Unknown STM32CubeMX version: 6.11.0
2024-03-29 01:11:42,481 [ERROR] AppliInfo:139 - Unknown STM32CubeMX version: 6.11.0
2024-03-29 01:11:42,481 [ERROR] AppliInfo:139 - Unknown STM32CubeMX version: 6.11.0
2024-03-29 01:11:42,481 [ERROR] AppliInfo:139 - Unknown STM32CubeMX version: 6.11.0
2024-03-29 01:11:42,481 [ERROR] AppliInfo:139 - Unknown STM32CubeMX version: 6.11.0
2024-03-29 01:11:42,481 [ERROR] AppliInfo:139 - Unknown STM32CubeMX version: 6.11.0
2024-03-29 01:11:42,481 [ERROR] AppliInfo:139 - Unknown STM32CubeMX version: 6.11.0
2024-03-29 01:11:42,482 [ERROR] AppliInfo:139 - Unknown STM32CubeMX version: 6.11.0
2024-03-29 01:11:42,482 [ERROR] AppliInfo:139 - Unknown STM32CubeMX version: 6.11.0
2024-03-29 01:11:42,482 [ERROR] AppliInfo:139 - Unknown STM32CubeMX version: 6.11.0
2024-03-29 01:11:42,482 [ERROR] AppliInfo:139 - Unknown STM32CubeMX version: 6.11.0
2024-03-29 01:11:42,482 [ERROR] AppliInfo:139 - Unknown STM32CubeMX version: 6.11.0
2024-03-29 01:11:42,482 [ERROR] AppliInfo:139 - Unknown STM32CubeMX version: 6.11.0
2024-03-29 01:11:42,483 [ERROR] AppliInfo:139 - Unknown STM32CubeMX version: 6.11.0
2024-03-29 01:11:42,483 [ERROR] AppliInfo:139 - Unknown STM32CubeMX version: 6.11.0
2024-03-29 01:11:42,483 [ERROR] AppliInfo:139 - Unknown STM32CubeMX version: 6.11.0
2024-03-29 01:11:42,483 [ERROR] AppliInfo:139 - Unknown STM32CubeMX version: 6.11.0
2024-03-29 01:11:42,483 [ERROR] AppliInfo:139 - Unknown STM32CubeMX version: 6.11.0
2024-03-29 01:11:42,484 [ERROR] AppliInfo:139 - Unknown STM32CubeMX version: 6.11.0
2024-03-29 01:11:42,484 [ERROR] AppliInfo:139 - Unknown STM32CubeMX version: 6.11.0
2024-03-29 01:11:42,484 [ERROR] AppliInfo:139 - Unknown STM32CubeMX version: 6.11.0
2024-03-29 01:11:42,484 [ERROR] AppliInfo:139 - Unknown STM32CubeMX version: 6.11.0
2024-03-29 01:11:42,484 [ERROR] AppliInfo:139 - Unknown STM32CubeMX version: 6.11.0
2024-03-29 01:11:42,484 [ERROR] AppliInfo:139 - Unknown STM32CubeMX version: 6.11.0
2024-03-29 01:11:42,485 [ERROR] AppliInfo:139 - Unknown STM32CubeMX version: 6.11.0
2024-03-29 01:11:42,485 [ERROR] AppliInfo:139 - Unknown STM32CubeMX version: 6.11.0
2024-03-29 01:11:42,485 [ERROR] AppliInfo:139 - Unknown STM32CubeMX version: 6.11.0
2024-03-29 01:11:42,485 [ERROR] AppliInfo:139 - Unknown STM32CubeMX version: 6.11.0
2024-03-29 01:11:42,485 [ERROR] AppliInfo:139 - Unknown STM32CubeMX version: 6.11.0
2024-03-29 01:11:42,485 [ERROR] AppliInfo:139 - Unknown STM32CubeMX version: 6.11.0
2024-03-29 01:11:42,488 [ERROR] AppliInfo:139 - Unknown STM32CubeMX version: 6.11.0
2024-03-29 01:11:42,490 [ERROR] AppliInfo:139 - Unknown STM32CubeMX version: 6.11.0
2024-03-29 01:11:42,490 [ERROR] AppliInfo:139 - Unknown STM32CubeMX version: 6.11.0
2024-03-29 01:11:42,490 [ERROR] AppliInfo:139 - Unknown STM32CubeMX version: 6.11.0
2024-03-29 01:11:42,490 [ERROR] AppliInfo:139 - Unknown STM32CubeMX version: 6.11.0
2024-03-29 01:11:42,490 [ERROR] AppliInfo:139 - Unknown STM32CubeMX version: 6.11.0
2024-03-29 01:11:42,490 [ERROR] AppliInfo:139 - Unknown STM32CubeMX version: 6.11.0
2024-03-29 01:11:42,491 [ERROR] AppliInfo:139 - Unknown STM32CubeMX version: 6.11.0
2024-03-29 01:11:42,491 [ERROR] AppliInfo:139 - Unknown STM32CubeMX version: 6.11.0
2024-03-29 01:11:42,491 [ERROR] AppliInfo:139 - Unknown STM32CubeMX version: 6.11.0
2024-03-29 01:11:42,491 [ERROR] AppliInfo:139 - Unknown STM32CubeMX version: 6.11.0
2024-03-29 01:11:42,491 [ERROR] AppliInfo:139 - Unknown STM32CubeMX version: 6.11.0
2024-03-29 01:11:42,491 [ERROR] AppliInfo:139 - Unknown STM32CubeMX version: 6.11.0
2024-03-29 01:11:42,492 [ERROR] AppliInfo:139 - Unknown STM32CubeMX version: 6.11.0
2024-03-29 01:11:42,492 [ERROR] AppliInfo:139 - Unknown STM32CubeMX version: 6.11.0
2024-03-29 01:11:42,492 [ERROR] AppliInfo:139 - Unknown STM32CubeMX version: 6.11.0
2024-03-29 01:11:42,492 [ERROR] AppliInfo:139 - Unknown STM32CubeMX version: 6.11.0
2024-03-29 01:11:42,492 [ERROR] AppliInfo:139 - Unknown STM32CubeMX version: 6.11.0
2024-03-29 01:11:42,492 [ERROR] AppliInfo:139 - Unknown STM32CubeMX version: 6.11.0
2024-03-29 01:11:42,493 [ERROR] AppliInfo:139 - Unknown STM32CubeMX version: 6.11.0
2024-03-29 01:11:42,493 [ERROR] AppliInfo:139 - Unknown STM32CubeMX version: 6.11.0
2024-03-29 01:11:42,493 [ERROR] AppliInfo:139 - Unknown STM32CubeMX version: 6.11.0
2024-03-29 01:11:42,493 [ERROR] AppliInfo:139 - Unknown STM32CubeMX version: 6.11.0
2024-03-29 01:11:42,493 [ERROR] AppliInfo:139 - Unknown STM32CubeMX version: 6.11.0
2024-03-29 01:11:42,493 [ERROR] AppliInfo:139 - Unknown STM32CubeMX version: 6.11.0
2024-03-29 01:11:42,494 [ERROR] AppliInfo:139 - Unknown STM32CubeMX version: 6.11.0
2024-03-29 01:11:42,494 [ERROR] AppliInfo:139 - Unknown STM32CubeMX version: 6.11.0
2024-03-29 01:11:42,494 [ERROR] AppliInfo:139 - Unknown STM32CubeMX version: 6.11.0
2024-03-29 01:11:42,495 [ERROR] AppliInfo:139 - Unknown STM32CubeMX version: 6.11.0
2024-03-29 01:11:42,495 [ERROR] AppliInfo:139 - Unknown STM32CubeMX version: 6.11.0
2024-03-29 01:11:42,495 [ERROR] AppliInfo:139 - Unknown STM32CubeMX version: 6.11.0
2024-03-29 01:11:42,496 [ERROR] AppliInfo:139 - Unknown STM32CubeMX version: 6.11.0
2024-03-29 01:11:42,496 [ERROR] AppliInfo:139 - Unknown STM32CubeMX version: 6.11.0
2024-03-29 01:11:42,496 [ERROR] AppliInfo:139 - Unknown STM32CubeMX version: 6.11.0
2024-03-29 01:11:42,497 [ERROR] AppliInfo:139 - Unknown STM32CubeMX version: 6.11.0
2024-03-29 01:11:42,497 [ERROR] AppliInfo:139 - Unknown STM32CubeMX version: 6.11.0
2024-03-29 01:11:42,497 [ERROR] AppliInfo:139 - Unknown STM32CubeMX version: 6.11.0
2024-03-29 01:11:42,498 [ERROR] AppliInfo:139 - Unknown STM32CubeMX version: 6.11.0
2024-03-29 01:11:42,498 [ERROR] AppliInfo:139 - Unknown STM32CubeMX version: 6.11.0
2024-03-29 01:11:42,498 [ERROR] AppliInfo:139 - Unknown STM32CubeMX version: 6.11.0
2024-03-29 01:11:42,498 [ERROR] AppliInfo:139 - Unknown STM32CubeMX version: 6.11.0
2024-03-29 01:11:42,498 [ERROR] AppliInfo:139 - Unknown STM32CubeMX version: 6.11.0
2024-03-29 01:11:42,499 [ERROR] AppliInfo:139 - Unknown STM32CubeMX version: 6.11.0
2024-03-29 01:11:42,499 [ERROR] AppliInfo:139 - Unknown STM32CubeMX version: 6.11.0
2024-03-29 01:11:42,499 [ERROR] AppliInfo:139 - Unknown STM32CubeMX version: 6.11.0
2024-03-29 01:11:42,499 [ERROR] AppliInfo:139 - Unknown STM32CubeMX version: 6.11.0
2024-03-29 01:11:42,501 [ERROR] AppliInfo:139 - Unknown STM32CubeMX version: 6.11.0
2024-03-29 01:11:42,501 [ERROR] AppliInfo:139 - Unknown STM32CubeMX version: 6.11.0
2024-03-29 01:11:42,501 [ERROR] AppliInfo:139 - Unknown STM32CubeMX version: 6.11.0
2024-03-29 01:11:42,501 [ERROR] AppliInfo:139 - Unknown STM32CubeMX version: 6.11.0
2024-03-29 01:11:42,502 [ERROR] AppliInfo:139 - Unknown STM32CubeMX version: 6.11.0
2024-03-29 01:11:42,502 [ERROR] AppliInfo:139 - Unknown STM32CubeMX version: 6.11.0
2024-03-29 01:11:42,502 [ERROR] AppliInfo:139 - Unknown STM32CubeMX version: 6.11.0
2024-03-29 01:11:42,503 [ERROR] AppliInfo:139 - Unknown STM32CubeMX version: 6.11.0
2024-03-29 01:11:42,503 [ERROR] AppliInfo:139 - Unknown STM32CubeMX version: 6.11.0
2024-03-29 01:11:42,503 [ERROR] AppliInfo:139 - Unknown STM32CubeMX version: 6.11.0
2024-03-29 01:11:42,503 [ERROR] AppliInfo:139 - Unknown STM32CubeMX version: 6.11.0
2024-03-29 01:11:42,503 [ERROR] AppliInfo:139 - Unknown STM32CubeMX version: 6.11.0
2024-03-29 01:11:42,504 [ERROR] AppliInfo:139 - Unknown STM32CubeMX version: 6.11.0
2024-03-29 01:11:42,504 [ERROR] AppliInfo:139 - Unknown STM32CubeMX version: 6.11.0
2024-03-29 01:11:42,504 [ERROR] AppliInfo:139 - Unknown STM32CubeMX version: 6.11.0
2024-03-29 01:11:42,505 [ERROR] AppliInfo:139 - Unknown STM32CubeMX version: 6.11.0
2024-03-29 01:11:42,507 [ERROR] AppliInfo:139 - Unknown STM32CubeMX version: 6.11.0
2024-03-29 01:11:42,509 [ERROR] AppliInfo:139 - Unknown STM32CubeMX version: 6.11.0
2024-03-29 01:11:42,509 [ERROR] AppliInfo:139 - Unknown STM32CubeMX version: 6.11.0
2024-03-29 01:11:42,509 [ERROR] AppliInfo:139 - Unknown STM32CubeMX version: 6.11.0
2024-03-29 01:11:42,509 [ERROR] AppliInfo:139 - Unknown STM32CubeMX version: 6.11.0
2024-03-29 01:11:42,509 [ERROR] AppliInfo:139 - Unknown STM32CubeMX version: 6.11.0
2024-03-29 01:11:42,510 [ERROR] AppliInfo:139 - Unknown STM32CubeMX version: 6.11.0
2024-03-29 01:11:42,510 [ERROR] AppliInfo:139 - Unknown STM32CubeMX version: 6.11.0
2024-03-29 01:11:42,510 [ERROR] AppliInfo:139 - Unknown STM32CubeMX version: 6.11.0
2024-03-29 01:11:42,510 [ERROR] AppliInfo:139 - Unknown STM32CubeMX version: 6.11.0
2024-03-29 01:11:42,511 [ERROR] AppliInfo:139 - Unknown STM32CubeMX version: 6.11.0
2024-03-29 01:11:42,511 [ERROR] AppliInfo:139 - Unknown STM32CubeMX version: 6.11.0
2024-03-29 01:11:42,511 [ERROR] AppliInfo:139 - Unknown STM32CubeMX version: 6.11.0
2024-03-29 01:11:42,511 [ERROR] AppliInfo:139 - Unknown STM32CubeMX version: 6.11.0
2024-03-29 01:11:42,511 [ERROR] AppliInfo:139 - Unknown STM32CubeMX version: 6.11.0
2024-03-29 01:11:42,512 [ERROR] AppliInfo:139 - Unknown STM32CubeMX version: 6.11.0
2024-03-29 01:11:42,512 [ERROR] AppliInfo:139 - Unknown STM32CubeMX version: 6.11.0
2024-03-29 01:11:42,512 [ERROR] AppliInfo:139 - Unknown STM32CubeMX version: 6.11.0
2024-03-29 01:11:42,512 [ERROR] AppliInfo:139 - Unknown STM32CubeMX version: 6.11.0
2024-03-29 01:11:42,513 [ERROR] AppliInfo:139 - Unknown STM32CubeMX version: 6.11.0
2024-03-29 01:11:42,513 [ERROR] AppliInfo:139 - Unknown STM32CubeMX version: 6.11.0
2024-03-29 01:11:42,513 [ERROR] AppliInfo:139 - Unknown STM32CubeMX version: 6.11.0
2024-03-29 01:11:42,513 [ERROR] AppliInfo:139 - Unknown STM32CubeMX version: 6.11.0
2024-03-29 01:11:42,513 [ERROR] AppliInfo:139 - Unknown STM32CubeMX version: 6.11.0
2024-03-29 01:11:42,514 [ERROR] AppliInfo:139 - Unknown STM32CubeMX version: 6.11.0
2024-03-29 01:11:42,514 [ERROR] AppliInfo:139 - Unknown STM32CubeMX version: 6.11.0
2024-03-29 01:11:42,514 [ERROR] AppliInfo:139 - Unknown STM32CubeMX version: 6.11.0
2024-03-29 01:11:42,514 [ERROR] AppliInfo:139 - Unknown STM32CubeMX version: 6.11.0
2024-03-29 01:11:42,515 [ERROR] AppliInfo:139 - Unknown STM32CubeMX version: 6.11.0
2024-03-29 01:11:42,515 [ERROR] AppliInfo:139 - Unknown STM32CubeMX version: 6.11.0
2024-03-29 01:11:42,515 [ERROR] AppliInfo:139 - Unknown STM32CubeMX version: 6.11.0
2024-03-29 01:11:42,516 [ERROR] AppliInfo:139 - Unknown STM32CubeMX version: 6.11.0
2024-03-29 01:11:42,555 [ERROR] AppliInfo:139 - Unknown STM32CubeMX version: 6.11.0
2024-03-29 01:11:42,555 [ERROR] AppliInfo:139 - Unknown STM32CubeMX version: 6.11.0
2024-03-29 01:11:42,555 [ERROR] AppliInfo:139 - Unknown STM32CubeMX version: 6.11.0
2024-03-29 01:11:42,556 [ERROR] AppliInfo:139 - Unknown STM32CubeMX version: 6.11.0
2024-03-29 01:11:42,556 [ERROR] AppliInfo:139 - Unknown STM32CubeMX version: 6.11.0
2024-03-29 01:11:42,556 [ERROR] AppliInfo:139 - Unknown STM32CubeMX version: 6.11.0
2024-03-29 01:11:42,556 [ERROR] AppliInfo:139 - Unknown STM32CubeMX version: 6.11.0
2024-03-29 01:11:42,557 [ERROR] AppliInfo:139 - Unknown STM32CubeMX version: 6.11.0
2024-03-29 01:11:42,557 [ERROR] AppliInfo:139 - Unknown STM32CubeMX version: 6.11.0
2024-03-29 01:11:42,557 [ERROR] AppliInfo:139 - Unknown STM32CubeMX version: 6.11.0
2024-03-29 01:11:42,557 [ERROR] AppliInfo:139 - Unknown STM32CubeMX version: 6.11.0
2024-03-29 01:11:42,558 [ERROR] AppliInfo:139 - Unknown STM32CubeMX version: 6.11.0
2024-03-29 01:11:42,558 [ERROR] AppliInfo:139 - Unknown STM32CubeMX version: 6.11.0
2024-03-29 01:11:42,558 [ERROR] AppliInfo:139 - Unknown STM32CubeMX version: 6.11.0
2024-03-29 01:11:42,559 [ERROR] AppliInfo:139 - Unknown STM32CubeMX version: 6.11.0
2024-03-29 01:11:42,559 [ERROR] AppliInfo:139 - Unknown STM32CubeMX version: 6.11.0
2024-03-29 01:11:42,564 [ERROR] AppliInfo:139 - Unknown STM32CubeMX version: 6.11.0
2024-03-29 01:11:42,565 [ERROR] AppliInfo:139 - Unknown STM32CubeMX version: 6.11.0
2024-03-29 01:11:42,565 [ERROR] AppliInfo:139 - Unknown STM32CubeMX version: 6.11.0
2024-03-29 01:11:42,566 [ERROR] AppliInfo:139 - Unknown STM32CubeMX version: 6.11.0
2024-03-29 01:11:42,566 [ERROR] AppliInfo:139 - Unknown STM32CubeMX version: 6.11.0
2024-03-29 01:11:42,566 [ERROR] AppliInfo:139 - Unknown STM32CubeMX version: 6.11.0
2024-03-29 01:11:42,566 [ERROR] AppliInfo:139 - Unknown STM32CubeMX version: 6.11.0
2024-03-29 01:11:42,567 [ERROR] AppliInfo:139 - Unknown STM32CubeMX version: 6.11.0
2024-03-29 01:11:42,567 [ERROR] AppliInfo:139 - Unknown STM32CubeMX version: 6.11.0
2024-03-29 01:11:42,567 [ERROR] AppliInfo:139 - Unknown STM32CubeMX version: 6.11.0
2024-03-29 01:11:42,567 [ERROR] AppliInfo:139 - Unknown STM32CubeMX version: 6.11.0
2024-03-29 01:11:42,568 [ERROR] AppliInfo:139 - Unknown STM32CubeMX version: 6.11.0
2024-03-29 01:11:42,568 [ERROR] AppliInfo:139 - Unknown STM32CubeMX version: 6.11.0
2024-03-29 01:11:42,569 [ERROR] AppliInfo:139 - Unknown STM32CubeMX version: 6.11.0
2024-03-29 01:11:42,569 [ERROR] AppliInfo:139 - Unknown STM32CubeMX version: 6.11.0
2024-03-29 01:11:42,570 [ERROR] AppliInfo:139 - Unknown STM32CubeMX version: 6.11.0
2024-03-29 01:11:42,570 [ERROR] AppliInfo:139 - Unknown STM32CubeMX version: 6.11.0
2024-03-29 01:11:42,570 [ERROR] AppliInfo:139 - Unknown STM32CubeMX version: 6.11.0
2024-03-29 01:11:42,570 [ERROR] AppliInfo:139 - Unknown STM32CubeMX version: 6.11.0
2024-03-29 01:11:42,575 [ERROR] AppliInfo:139 - Unknown STM32CubeMX version: 6.11.0
2024-03-29 01:11:42,576 [ERROR] AppliInfo:139 - Unknown STM32CubeMX version: 6.11.0
2024-03-29 01:11:42,576 [ERROR] AppliInfo:139 - Unknown STM32CubeMX version: 6.11.0
2024-03-29 01:11:42,576 [ERROR] AppliInfo:139 - Unknown STM32CubeMX version: 6.11.0
2024-03-29 01:11:42,576 [ERROR] AppliInfo:139 - Unknown STM32CubeMX version: 6.11.0
2024-03-29 01:11:42,576 [ERROR] AppliInfo:139 - Unknown STM32CubeMX version: 6.11.0
2024-03-29 01:11:42,577 [ERROR] AppliInfo:139 - Unknown STM32CubeMX version: 6.11.0
2024-03-29 01:11:42,577 [ERROR] AppliInfo:139 - Unknown STM32CubeMX version: 6.11.0
2024-03-29 01:11:42,578 [ERROR] AppliInfo:139 - Unknown STM32CubeMX version: 6.11.0
2024-03-29 01:11:42,578 [ERROR] AppliInfo:139 - Unknown STM32CubeMX version: 6.11.0
2024-03-29 01:11:42,578 [ERROR] AppliInfo:139 - Unknown STM32CubeMX version: 6.11.0
2024-03-29 01:11:42,580 [ERROR] AppliInfo:139 - Unknown STM32CubeMX version: 6.11.0
2024-03-29 01:11:42,582 [ERROR] AppliInfo:139 - Unknown STM32CubeMX version: 6.11.0
2024-03-29 01:11:42,583 [ERROR] AppliInfo:139 - Unknown STM32CubeMX version: 6.11.0
2024-03-29 01:11:42,583 [ERROR] AppliInfo:139 - Unknown STM32CubeMX version: 6.11.0
2024-03-29 01:11:42,584 [ERROR] AppliInfo:139 - Unknown STM32CubeMX version: 6.11.0
2024-03-29 01:11:42,584 [ERROR] AppliInfo:139 - Unknown STM32CubeMX version: 6.11.0
2024-03-29 01:11:42,584 [ERROR] AppliInfo:139 - Unknown STM32CubeMX version: 6.11.0
2024-03-29 01:11:42,584 [ERROR] AppliInfo:139 - Unknown STM32CubeMX version: 6.11.0
2024-03-29 01:11:42,585 [ERROR] AppliInfo:139 - Unknown STM32CubeMX version: 6.11.0
2024-03-29 01:11:42,586 [ERROR] AppliInfo:139 - Unknown STM32CubeMX version: 6.11.0
2024-03-29 01:11:42,615 [ERROR] AppliInfo:139 - Unknown STM32CubeMX version: 6.11.0
2024-03-29 01:11:42,616 [ERROR] AppliInfo:139 - Unknown STM32CubeMX version: 6.11.0
2024-03-29 01:11:42,617 [ERROR] AppliInfo:139 - Unknown STM32CubeMX version: 6.11.0
2024-03-29 01:11:42,617 [ERROR] AppliInfo:139 - Unknown STM32CubeMX version: 6.11.0
2024-03-29 01:11:42,621 [ERROR] AppliInfo:139 - Unknown STM32CubeMX version: 6.11.0
2024-03-29 01:11:42,622 [ERROR] AppliInfo:139 - Unknown STM32CubeMX version: 6.11.0
2024-03-29 01:11:42,622 [ERROR] AppliInfo:139 - Unknown STM32CubeMX version: 6.11.0
2024-03-29 01:11:42,624 [ERROR] AppliInfo:139 - Unknown STM32CubeMX version: 6.11.0
2024-03-29 01:11:42,731 [ERROR] AppliInfo:139 - Unknown STM32CubeMX version: 6.11.0
2024-03-29 01:11:42,732 [ERROR] AppliInfo:139 - Unknown STM32CubeMX version: 6.11.0
2024-03-29 01:11:42,732 [ERROR] AppliInfo:139 - Unknown STM32CubeMX version: 6.11.0
2024-03-29 01:11:42,743 [ERROR] AppliInfo:139 - Unknown STM32CubeMX version: 6.11.0
2024-03-29 01:11:42,744 [ERROR] AppliInfo:139 - Unknown STM32CubeMX version: 6.11.0
2024-03-29 01:11:42,745 [ERROR] AppliInfo:139 - Unknown STM32CubeMX version: 6.11.0
2024-03-29 01:11:43,250 [ERROR] AppliInfo:139 - Unknown STM32CubeMX version: 6.11.0
2024-03-29 01:11:43,251 [ERROR] AppliInfo:139 - Unknown STM32CubeMX version: 6.11.0
2024-03-29 01:11:43,251 [ERROR] AppliInfo:139 - Unknown STM32CubeMX version: 6.11.0
2024-03-29 01:11:43,251 [ERROR] AppliInfo:139 - Unknown STM32CubeMX version: 6.11.0
2024-03-29 01:11:43,251 [ERROR] AppliInfo:139 - Unknown STM32CubeMX version: 6.11.0
2024-03-29 01:11:43,251 [ERROR] AppliInfo:139 - Unknown STM32CubeMX version: 6.11.0
2024-03-29 01:11:43,251 [ERROR] AppliInfo:139 - Unknown STM32CubeMX version: 6.11.0
2024-03-29 01:11:43,251 [ERROR] AppliInfo:139 - Unknown STM32CubeMX version: 6.11.0
2024-03-29 01:11:43,251 [ERROR] AppliInfo:139 - Unknown STM32CubeMX version: 6.11.0
2024-03-29 01:11:43,252 [ERROR] AppliInfo:139 - Unknown STM32CubeMX version: 6.11.0
2024-03-29 01:11:43,252 [ERROR] AppliInfo:139 - Unknown STM32CubeMX version: 6.11.0
2024-03-29 01:11:43,252 [ERROR] AppliInfo:139 - Unknown STM32CubeMX version: 6.11.0
2024-03-29 01:11:43,252 [ERROR] AppliInfo:139 - Unknown STM32CubeMX version: 6.11.0
2024-03-29 01:11:43,252 [ERROR] AppliInfo:139 - Unknown STM32CubeMX version: 6.11.0
2024-03-29 01:11:43,252 [ERROR] AppliInfo:139 - Unknown STM32CubeMX version: 6.11.0
2024-03-29 01:11:43,252 [ERROR] AppliInfo:139 - Unknown STM32CubeMX version: 6.11.0
2024-03-29 01:11:43,252 [ERROR] AppliInfo:139 - Unknown STM32CubeMX version: 6.11.0
2024-03-29 01:11:43,252 [ERROR] AppliInfo:139 - Unknown STM32CubeMX version: 6.11.0
2024-03-29 01:11:43,252 [ERROR] AppliInfo:139 - Unknown STM32CubeMX version: 6.11.0
2024-03-29 01:11:43,254 [ERROR] AppliInfo:139 - Unknown STM32CubeMX version: 6.11.0
2024-03-29 01:11:43,254 [ERROR] AppliInfo:139 - Unknown STM32CubeMX version: 6.11.0
2024-03-29 01:11:43,254 [ERROR] AppliInfo:139 - Unknown STM32CubeMX version: 6.11.0
2024-03-29 01:11:43,273 [ERROR] AppliInfo:139 - Unknown STM32CubeMX version: 6.11.0
2024-03-29 01:11:43,274 [ERROR] AppliInfo:139 - Unknown STM32CubeMX version: 6.11.0
2024-03-29 01:11:43,274 [ERROR] AppliInfo:139 - Unknown STM32CubeMX version: 6.11.0
2024-03-29 01:11:43,275 [ERROR] AppliInfo:139 - Unknown STM32CubeMX version: 6.11.0
2024-03-29 01:11:43,276 [ERROR] AppliInfo:139 - Unknown STM32CubeMX version: 6.11.0
2024-03-29 01:11:43,276 [ERROR] AppliInfo:139 - Unknown STM32CubeMX version: 6.11.0
2024-03-29 01:11:43,276 [ERROR] AppliInfo:139 - Unknown STM32CubeMX version: 6.11.0
2024-03-29 01:11:43,276 [ERROR] AppliInfo:139 - Unknown STM32CubeMX version: 6.11.0
2024-03-29 01:11:43,276 [ERROR] AppliInfo:139 - Unknown STM32CubeMX version: 6.11.0
2024-03-29 01:11:43,276 [ERROR] AppliInfo:139 - Unknown STM32CubeMX version: 6.11.0
2024-03-29 01:11:43,276 [ERROR] AppliInfo:139 - Unknown STM32CubeMX version: 6.11.0
2024-03-29 01:11:43,277 [ERROR] AppliInfo:139 - Unknown STM32CubeMX version: 6.11.0
2024-03-29 01:11:43,277 [ERROR] AppliInfo:139 - Unknown STM32CubeMX version: 6.11.0
2024-03-29 01:11:43,277 [ERROR] AppliInfo:139 - Unknown STM32CubeMX version: 6.11.0
2024-03-29 01:11:43,277 [ERROR] AppliInfo:139 - Unknown STM32CubeMX version: 6.11.0
2024-03-29 01:11:43,279 [ERROR] AppliInfo:139 - Unknown STM32CubeMX version: 6.11.0
2024-03-29 01:11:43,279 [ERROR] AppliInfo:139 - Unknown STM32CubeMX version: 6.11.0
2024-03-29 01:11:43,279 [ERROR] AppliInfo:139 - Unknown STM32CubeMX version: 6.11.0
2024-03-29 01:11:43,279 [ERROR] AppliInfo:139 - Unknown STM32CubeMX version: 6.11.0
2024-03-29 01:11:43,279 [ERROR] AppliInfo:139 - Unknown STM32CubeMX version: 6.11.0
2024-03-29 01:11:43,279 [ERROR] AppliInfo:139 - Unknown STM32CubeMX version: 6.11.0
2024-03-29 01:11:43,279 [ERROR] AppliInfo:139 - Unknown STM32CubeMX version: 6.11.0
2024-03-29 01:11:43,279 [ERROR] AppliInfo:139 - Unknown STM32CubeMX version: 6.11.0
2024-03-29 01:11:43,280 [ERROR] AppliInfo:139 - Unknown STM32CubeMX version: 6.11.0
2024-03-29 01:11:43,280 [ERROR] AppliInfo:139 - Unknown STM32CubeMX version: 6.11.0
2024-03-29 01:11:43,280 [ERROR] AppliInfo:139 - Unknown STM32CubeMX version: 6.11.0
2024-03-29 01:11:43,280 [ERROR] AppliInfo:139 - Unknown STM32CubeMX version: 6.11.0
2024-03-29 01:11:43,280 [ERROR] AppliInfo:139 - Unknown STM32CubeMX version: 6.11.0
2024-03-29 01:11:43,280 [ERROR] AppliInfo:139 - Unknown STM32CubeMX version: 6.11.0
2024-03-29 01:11:43,280 [ERROR] AppliInfo:139 - Unknown STM32CubeMX version: 6.11.0
2024-03-29 01:11:43,281 [ERROR] AppliInfo:139 - Unknown STM32CubeMX version: 6.11.0
2024-03-29 01:11:43,281 [ERROR] AppliInfo:139 - Unknown STM32CubeMX version: 6.11.0
2024-03-29 01:11:43,281 [ERROR] AppliInfo:139 - Unknown STM32CubeMX version: 6.11.0
2024-03-29 01:11:43,281 [ERROR] AppliInfo:139 - Unknown STM32CubeMX version: 6.11.0
2024-03-29 01:11:43,282 [ERROR] AppliInfo:139 - Unknown STM32CubeMX version: 6.11.0
2024-03-29 01:11:43,283 [ERROR] AppliInfo:139 - Unknown STM32CubeMX version: 6.11.0
2024-03-29 01:11:43,283 [ERROR] AppliInfo:139 - Unknown STM32CubeMX version: 6.11.0
2024-03-29 01:12:24,231 [INFO] SoftwarePacks:190 - Size of SW pack 'STM32Cube_FW_F4_V1.28.0' is: 611.0 MB
2024-03-29 01:12:53,721 [INFO] ExampleToolKit:668 - [info] 2024/03/29 01:12:53
2024-03-29 01:12:53,722 [INFO] ExampleToolKit:716 - [info] Start Project: Master
2024-03-29 01:12:53,726 [WARN] ExampleToolKit:778 - [WARNING] IDE PROJECT 'SW4STM32' NOT FOUND
2024-03-29 01:12:53,726 [INFO] ExampleToolKit:810 - [info] Project path: C:\Users\conne\STM32CubeIDE\workspace_1.14.1\Master
2024-03-29 01:12:53,896 [WARN] ExampleToolKit:2148 - [WARNING] IDE PROJECT 'SW4STM32'NOT FOUND
2024-03-29 01:12:53,910 [INFO] ExampleToolKit:1063 - [info] SW Package located in: C:\Users\conne\STM32Cube\Repository\STM32Cube_FW_F4_V1.28.0
2024-03-29 01:12:53,910 [INFO] ExampleToolKit:1068 - [info] SW Package copy: LITE
2024-03-29 01:12:59,614 [INFO] ExampleToolKit:882 - [info] Project 'Master' installed successfully
2024-03-29 01:12:59,614 [INFO] ExampleToolKit:908 - [info] 2024/03/29 01:12:59
2024-03-29 01:12:59,616 [INFO] ExampleToolKit:1027 - [info] Elapsed time: 0h 0m 5s 894ms
2024-03-29 01:13:02,597 [INFO] McuFinderGlobals:76 - Set McuFinderConnectedMode to true
2024-03-29 01:13:02,605 [INFO] ApiDb:448 - Save user favorites file C:\Users\conne/.stm32cubeide/favorites.mcus.txt: 0 item(s)
2024-03-29 01:13:02,605 [INFO] ApiDb:452 - User favorites MCUs=[]
2024-03-29 01:13:02,607 [INFO] ApiDb:448 - Save user favorites file C:\Users\conne/.stm32cubeide/favorites.boards.txt: 0 item(s)
2024-03-29 01:13:02,608 [INFO] ApiDb:452 - User favorites Boards=[]
2024-03-29 01:13:02,613 [INFO] ApiDb:448 - Save user favorites file C:\Users\conne/.stm32cubeide/favorites.examples.txt: 1 item(s)
2024-03-29 01:13:02,613 [INFO] ApiDb:452 - User favorites Examples=[STM32CUBEF4-SWX-20562]
