2024-04-16 00:07:29,955 [INFO] MainUpdater:2873 - connection check result : 10
2024-04-16 00:07:29,974 [INFO] MainUpdater:2873 - connection check result : 10
2024-04-16 00:07:30,420 [INFO] MicroXplorer:468 - Change Database Path : 
2024-04-16 00:07:30,421 [INFO] MicroXplorer:498 - Change Database Version : DB.6.0.100
2024-04-16 00:07:30,425 [ERROR] ProjectManagerView:394 - 
java.lang.NullPointerException: Cannot invoke "javax.swing.JTextField.getText()" because the return value of "java.util.List.get(int)" is null
	at com.st.microxplorer.plugins.projectmanager.gui.ProjectChoiceTab$10.caretUpdate(ProjectChoiceTab.java:2493) ~[filemanager.jar:?]
	at javax.swing.text.JTextComponent.fireCaretUpdate(JTextComponent.java:412) ~[?:?]
	at javax.swing.text.JTextComponent$MutableCaretEvent.fire(JTextComponent.java:4491) ~[?:?]
	at javax.swing.text.JTextComponent$MutableCaretEvent.stateChanged(JTextComponent.java:4513) ~[?:?]
	at javax.swing.text.DefaultCaret.fireStateChanged(DefaultCaret.java:842) ~[?:?]
	at javax.swing.text.DefaultCaret.changeCaretPosition(DefaultCaret.java:1313) ~[?:?]
	at javax.swing.text.DefaultCaret.handleSetDot(DefaultCaret.java:1212) ~[?:?]
	at javax.swing.text.DefaultCaret.setDot(DefaultCaret.java:1193) ~[?:?]
	at javax.swing.text.DefaultCaret$Handler.insertUpdate(DefaultCaret.java:1789) ~[?:?]
	at javax.swing.text.AbstractDocument.fireInsertUpdate(AbstractDocument.java:226) ~[?:?]
	at javax.swing.text.AbstractDocument.handleInsertString(AbstractDocument.java:780) ~[?:?]
	at javax.swing.text.AbstractDocument.insertString(AbstractDocument.java:739) ~[?:?]
	at javax.swing.text.PlainDocument.insertString(PlainDocument.java:131) ~[?:?]
	at javax.swing.text.AbstractDocument.replace(AbstractDocument.java:698) ~[?:?]
	at javax.swing.text.JTextComponent.setText(JTextComponent.java:1729) ~[?:?]
	at com.st.microxplorer.plugins.projectmanager.gui.ProjectChoiceTab.createHeapStackFields(ProjectChoiceTab.java:933) ~[filemanager.jar:?]
	at com.st.microxplorer.plugins.projectmanager.gui.ProjectChoiceTab.buildLinkSettingsPanel(ProjectChoiceTab.java:3426) ~[filemanager.jar:?]
	at com.st.microxplorer.plugins.projectmanager.gui.ProjectChoiceTab.defineWindowsFields(ProjectChoiceTab.java:1813) ~[filemanager.jar:?]
	at com.st.microxplorer.plugins.projectmanager.gui.ProjectChoiceTab.updateSettings(ProjectChoiceTab.java:533) ~[filemanager.jar:?]
	at com.st.microxplorer.plugins.projectmanager.gui.ProjectSettingsPanel.UpdateDialog(ProjectSettingsPanel.java:244) ~[filemanager.jar:?]
	at com.st.microxplorer.plugins.projectmanager.ProjectManagerView.propertyChange(ProjectManagerView.java:391) ~[filemanager.jar:?]
	at java.beans.PropertyChangeSupport.fire(PropertyChangeSupport.java:343) ~[?:?]
	at java.beans.PropertyChangeSupport.firePropertyChange(PropertyChangeSupport.java:335) ~[?:?]
	at java.beans.PropertyChangeSupport.firePropertyChange(PropertyChangeSupport.java:268) ~[?:?]
	at com.st.microxplorer.util.MXPropertyChangeSupport.firePropertyChange(MXPropertyChangeSupport.java:54) ~[STM32CubeMX.jar:?]
	at com.st.microxplorer.mxsystem.MxSystem.closeConfig(MxSystem.java:900) ~[STM32CubeMX.jar:?]
	at com.st.microxplorer.maingui.MainPanel.closeConfig(MainPanel.java:776) ~[STM32CubeMX.jar:?]
	at com.st.microxplorer.plugins.filemanager.engine.OpenFileManager.loadConfigurationFile(OpenFileManager.java:245) ~[filemanager.jar:?]
	at com.st.microxplorer.plugins.filemanager.engine.MainFileManager.userLoadConfig(MainFileManager.java:290) ~[filemanager.jar:?]
	at com.st.microxplorer.plugins.filemanager.FileManagerView.getSpecificTask(FileManagerView.java:247) ~[filemanager.jar:?]
	at com.st.stm32cube.common.mx.editor.CubeMxEditor.getMxTabbedPaneInstance(CubeMxEditor.java:1184) ~[com.st.stm32cube.common.mx_6.10.0.202311202037/:?]
	at com.st.stm32cube.common.mx.editor.CubeMxEditor$12$1.createSwingComponent(CubeMxEditor.java:1065) ~[com.st.stm32cube.common.mx_6.10.0.202311202037/:?]
	at com.st.stm32cube.common.mx.oss.core.awtswtbridge.EmbeddedSwingComposite.doComponentCreation(EmbeddedSwingComposite.java:492) ~[com.st.stm32cube.common.mx.oss_6.10.0.202311202037/:?]
	at com.st.stm32cube.common.mx.oss.core.awtswtbridge.EmbeddedSwingComposite$4.run(EmbeddedSwingComposite.java:291) ~[com.st.stm32cube.common.mx.oss_6.10.0.202311202037/:?]
	at com.st.stm32cube.common.mx.oss.core.awtswtbridge.AwtEnvironment$2.run(AwtEnvironment.java:166) ~[com.st.stm32cube.common.mx.oss_6.10.0.202311202037/:?]
	at java.awt.event.InvocationEvent.dispatch(InvocationEvent.java:318) ~[?:?]
	at java.awt.EventQueue.dispatchEventImpl(EventQueue.java:773) ~[?:?]
	at java.awt.EventQueue$4.run(EventQueue.java:720) ~[?:?]
	at java.awt.EventQueue$4.run(EventQueue.java:714) ~[?:?]
	at java.security.AccessController.doPrivileged(AccessController.java:399) ~[?:?]
	at java.security.ProtectionDomain$JavaSecurityAccessImpl.doIntersectionPrivilege(ProtectionDomain.java:86) ~[?:?]
	at java.awt.EventQueue.dispatchEvent(EventQueue.java:742) ~[?:?]
	at java.awt.EventDispatchThread.pumpOneEventForFilters(EventDispatchThread.java:203) ~[?:?]
	at java.awt.EventDispatchThread.pumpEventsForFilter(EventDispatchThread.java:124) ~[?:?]
	at java.awt.EventDispatchThread.pumpEventsForHierarchy(EventDispatchThread.java:113) ~[?:?]
	at java.awt.EventDispatchThread.pumpEvents(EventDispatchThread.java:109) ~[?:?]
	at java.awt.EventDispatchThread.pumpEvents(EventDispatchThread.java:101) ~[?:?]
	at java.awt.EventDispatchThread.run(EventDispatchThread.java:90) ~[?:?]
2024-04-16 00:07:30,426 [WARN] ThirdParty:871 - waiting for thirdparty lock release [close project]
2024-04-16 00:07:30,426 [INFO] ThirdParty:873 - entering critical section [close project]
2024-04-16 00:07:30,426 [INFO] ThirdParty:883 - exiting critical section [close project]
2024-04-16 00:07:30,426 [INFO] PinOutPanel:1499 - setPackage(No Configuration,No Configuration)
2024-04-16 00:07:30,429 [WARN] IpParametersView:151 - Warning: This peripheral hasn't parameters
2024-04-16 00:07:30,431 [WARN] MainPanel:272 - <html><b><center>Warning: This peripheral has no parameters to be configured<br></b></html>
2024-04-16 00:07:30,433 [INFO] UtilMem:75 - Begin LoadConfig() Used Memory: 828139552 Bytes (1048576000)
2024-04-16 00:07:30,433 [INFO] MicroXplorer:468 - Change Database Path : 
2024-04-16 00:07:30,433 [INFO] MicroXplorer:498 - Change Database Version : DB.6.0.100
2024-04-16 00:07:30,433 [INFO] OpenFileManager:312 - Change cursor
2024-04-16 00:07:30,441 [INFO] RulesReader:64 - Compatibility file has been processed (297 Rules)
2024-04-16 00:07:30,443 [INFO] Mcu:2016 - Initializing MCU STM32F407V(E-G)Tx STM32F407VGTx STM32F407VGT6
2024-04-16 00:07:31,282 [INFO] Context:659 - Trying to add GPIOservice into a context  which must be forbidden
2024-04-16 00:07:31,427 [INFO] RtosManager:555 - Registered RTOS mode: class=CMSIS, group=RTOS, mode=CMSIS_V1, owner=FREERTOS
2024-04-16 00:07:31,427 [INFO] RtosManager:555 - Registered RTOS mode: class=CMSIS, group=RTOS2, mode=CMSIS_V2, owner=FREERTOS
2024-04-16 00:07:31,427 [INFO] RtosManager:555 - Registered RTOS mode: class=RTOS, group=Core, mode=CMSIS_V1, owner=FREERTOS
2024-04-16 00:07:31,427 [INFO] RtosManager:555 - Registered RTOS mode: class=RTOS, group=Core, mode=CMSIS_V2, owner=FREERTOS
2024-04-16 00:07:31,427 [WARN] ModelIntegratedComponent:184 - Missing modes for component STMicroelectronics:FreeRTOS:0.0.1:STMicroelectronics:RTOS:FreeRTOS:Core:::10.2.0:
2024-04-16 00:07:31,430 [WARN] ModelIntegratedComponent:63 - No mode defined for component null
2024-04-16 00:07:31,430 [WARN] ModelIntegratedComponent:63 - No mode defined for component null
2024-04-16 00:07:31,430 [WARN] ModelIntegratedComponent:63 - No mode defined for component null
2024-04-16 00:07:31,430 [WARN] ModelIntegratedComponent:63 - No mode defined for component null
2024-04-16 00:07:31,430 [WARN] ModelIntegratedComponent:63 - No mode defined for component null
2024-04-16 00:07:31,430 [WARN] ModelIntegratedComponent:63 - No mode defined for component null
2024-04-16 00:07:31,430 [WARN] ModelIntegratedComponent:63 - No mode defined for component null
2024-04-16 00:07:31,430 [WARN] ModelIntegratedComponent:63 - No mode defined for component null
2024-04-16 00:07:31,430 [WARN] ModelIntegratedComponent:63 - No mode defined for component null
2024-04-16 00:07:31,430 [WARN] ModelIntegratedComponent:63 - No mode defined for component null
2024-04-16 00:07:31,430 [WARN] ModelIntegratedComponent:63 - No mode defined for component null
2024-04-16 00:07:31,430 [WARN] ModelIntegratedComponent:63 - No mode defined for component null
2024-04-16 00:07:31,430 [WARN] ModelIntegratedComponent:63 - No mode defined for component null
2024-04-16 00:07:31,430 [WARN] ModelIntegratedComponent:63 - No mode defined for component null
2024-04-16 00:07:31,430 [WARN] ModelIntegratedComponent:63 - No mode defined for component null
2024-04-16 00:07:31,430 [WARN] ModelIntegratedComponent:63 - No mode defined for component null
2024-04-16 00:07:31,430 [WARN] ModelIntegratedComponent:63 - No mode defined for component null
2024-04-16 00:07:31,430 [WARN] ModelIntegratedComponent:63 - No mode defined for component null
2024-04-16 00:07:31,430 [WARN] ModelIntegratedComponent:63 - No mode defined for component null
2024-04-16 00:07:31,430 [WARN] ModelIntegratedComponent:63 - No mode defined for component null
2024-04-16 00:07:31,430 [WARN] ModelIntegratedComponent:63 - No mode defined for component null
2024-04-16 00:07:31,430 [WARN] ModelIntegratedComponent:63 - No mode defined for component null
2024-04-16 00:07:31,430 [WARN] ModelIntegratedComponent:63 - No mode defined for component null
2024-04-16 00:07:31,430 [WARN] ModelIntegratedComponent:63 - No mode defined for component null
2024-04-16 00:07:31,430 [WARN] ModelIntegratedComponent:63 - No mode defined for component null
2024-04-16 00:07:31,430 [WARN] ModelIntegratedComponent:63 - No mode defined for component null
2024-04-16 00:07:31,430 [WARN] ModelIntegratedComponent:63 - No mode defined for component null
2024-04-16 00:07:31,430 [WARN] ModelIntegratedComponent:63 - No mode defined for component null
2024-04-16 00:07:31,430 [WARN] ModelIntegratedComponent:63 - No mode defined for component null
2024-04-16 00:07:31,430 [WARN] ModelIntegratedComponent:63 - No mode defined for component null
2024-04-16 00:07:31,430 [WARN] ModelIntegratedComponent:63 - No mode defined for component null
2024-04-16 00:07:31,430 [WARN] ModelIntegratedComponent:63 - No mode defined for component null
2024-04-16 00:07:31,430 [WARN] ModelIntegratedComponent:63 - No mode defined for component null
2024-04-16 00:07:31,474 [INFO] ThirdPartyModel:298 - Start build external matchings
2024-04-16 00:07:31,613 [INFO] ThirdPartyModel:316 - End build external matchings
2024-04-16 00:07:31,618 [INFO] ImportTextPane:194 - (OptionalMessage_ERROR) IP (RCC) : Parameter (RTCHSEDivFreq_Value) has invalid value (4000000)
2024-04-16 00:07:31,816 [INFO] UtilMem:75 - End LoadConfig() Used Memory: 730522256 Bytes (1048576000)
2024-04-16 00:07:31,885 [INFO] MicroXplorer:468 - Change Database Path : 
2024-04-16 00:07:31,886 [INFO] MicroXplorer:498 - Change Database Version : DB.6.0.100
2024-04-16 00:07:31,886 [WARN] ThirdParty:833 - waiting for thirdparty lock release [change project]
2024-04-16 00:07:31,886 [INFO] ThirdParty:835 - entering critical section [change project]
2024-04-16 00:07:31,886 [INFO] ThirdParty:1030 - CMSIS Pack Vendor :STMicroelectronics USBPD 4.1
2024-04-16 00:07:31,886 [INFO] ThirdParty:1030 - CMSIS Pack Vendor :STMicroelectronics X-CUBE-GNSS1 6.0.0
2024-04-16 00:07:31,886 [INFO] ThirdParty:1030 - CMSIS Pack Vendor :STMicroelectronics USB_HOST 2.0.0
2024-04-16 00:07:31,886 [INFO] ThirdParty:1030 - CMSIS Pack Vendor :STMicroelectronics X-CUBE-AZRTOS-F4 1.1.0
2024-04-16 00:07:31,886 [INFO] ThirdParty:1030 - CMSIS Pack Vendor :STMicroelectronics LIBJPEG 8.0.0
2024-04-16 00:07:31,886 [INFO] ThirdParty:1030 - CMSIS Pack Vendor :STMicroelectronics X-CUBE-SMBUS 2.1.0
2024-04-16 00:07:31,886 [INFO] ThirdParty:1030 - CMSIS Pack Vendor :STMicroelectronics USB_DEVICE 3.0.0
2024-04-16 00:07:31,886 [INFO] ThirdParty:1030 - CMSIS Pack Vendor :STMicroelectronics X-CUBE-TCPP 4.1.0
2024-04-16 00:07:31,886 [INFO] ThirdParty:1030 - CMSIS Pack Vendor :STMicroelectronics X-CUBE-AZRTOS-WB 2.0.0
2024-04-16 00:07:31,886 [INFO] ThirdParty:1030 - CMSIS Pack Vendor :wolfSSL I-CUBE-wolfSSL 5.6.6
2024-04-16 00:07:31,886 [INFO] ThirdParty:1030 - CMSIS Pack Vendor :STMicroelectronics X-CUBE-TOUCHGFX 4.23.1
2024-04-16 00:07:31,886 [INFO] ThirdParty:1030 - CMSIS Pack Vendor :STMicroelectronics X-CUBE-TOUCHGFX 4.23.0
2024-04-16 00:07:31,886 [INFO] ThirdParty:1030 - CMSIS Pack Vendor :STMicroelectronics X-CUBE-TOUCHGFX 4.23.2
2024-04-16 00:07:31,886 [INFO] ThirdParty:1030 - CMSIS Pack Vendor :STMicroelectronics X-CUBE-AZRTOS-F7 1.1.0
2024-04-16 00:07:31,886 [INFO] ThirdParty:1030 - CMSIS Pack Vendor :STMicroelectronics X-CUBE-AZRTOS-L5 2.0.0
2024-04-16 00:07:31,886 [INFO] ThirdParty:1030 - CMSIS Pack Vendor :STMicroelectronics USB_DEVICE 2.0.0
2024-04-16 00:07:31,886 [INFO] ThirdParty:1030 - CMSIS Pack Vendor :STMicroelectronics X-CUBE-NFC6 3.1.0
2024-04-16 00:07:31,886 [INFO] ThirdParty:1030 - CMSIS Pack Vendor :ITTIA_DB I-CUBE-ITTIADB 8.8.0
2024-04-16 00:07:31,886 [INFO] ThirdParty:1030 - CMSIS Pack Vendor :STMicroelectronics FP-SNS-MOTENV1 4.3.2
2024-04-16 00:07:31,886 [INFO] ThirdParty:1030 - CMSIS Pack Vendor :STMicroelectronics X-CUBE-ALGOBUILD 1.3.0
2024-04-16 00:07:31,886 [INFO] ThirdParty:1030 - CMSIS Pack Vendor :STMicroelectronics FreeRTOS 0.0.1
2024-04-16 00:07:31,886 [INFO] ThirdParty:1030 - CMSIS Pack Vendor :STMicroelectronics X-CUBE-AZRTOS-G0 1.1.0
2024-04-16 00:07:31,886 [INFO] ThirdParty:1030 - CMSIS Pack Vendor :STMicroelectronics X-CUBE-SAFEA1 1.2.2
2024-04-16 00:07:31,886 [INFO] ThirdParty:1030 - CMSIS Pack Vendor :STMicroelectronics X-CUBE-NFC4 3.0.0
2024-04-16 00:07:31,886 [INFO] ThirdParty:1030 - CMSIS Pack Vendor :STMicroelectronics X-CUBE-SUBG2 5.0.0
2024-04-16 00:07:31,886 [INFO] ThirdParty:1030 - CMSIS Pack Vendor :STMicroelectronics STM32_WPAN 1.0.0
2024-04-16 00:07:31,886 [INFO] ThirdParty:1030 - CMSIS Pack Vendor :STMicroelectronics lwIP 2.0.3
2024-04-16 00:07:31,886 [INFO] ThirdParty:1030 - CMSIS Pack Vendor :STMicroelectronics FP-SNS-FLIGHT1 5.0.2
2024-04-16 00:07:31,886 [INFO] ThirdParty:1030 - CMSIS Pack Vendor :STMicroelectronics USB_HOST 1.0.0
2024-04-16 00:07:31,886 [INFO] ThirdParty:1030 - CMSIS Pack Vendor :STMicroelectronics X-CUBE-AZRTOS-G4 2.0.0
2024-04-16 00:07:31,886 [INFO] ThirdParty:1030 - CMSIS Pack Vendor :STMicroelectronics PDM2PCM 3.1.0
2024-04-16 00:07:31,886 [INFO] ThirdParty:1030 - CMSIS Pack Vendor :Infineon AIROC-Wi-Fi-Bluetooth-STM32 1.5.1
2024-04-16 00:07:31,886 [INFO] ThirdParty:1030 - CMSIS Pack Vendor :STMicroelectronics PDM2PCM 3.3.0
2024-04-16 00:07:31,886 [INFO] ThirdParty:1030 - CMSIS Pack Vendor :STMicroelectronics X-CUBE-DISPLAY 3.0.0
2024-04-16 00:07:31,886 [INFO] ThirdParty:1030 - CMSIS Pack Vendor :STMicroelectronics FP-SNS-MOTENVWB1 1.3.1
2024-04-16 00:07:31,886 [INFO] ThirdParty:1030 - CMSIS Pack Vendor :STMicroelectronics X-CUBE-BLE1 7.0.0
2024-04-16 00:07:31,886 [INFO] ThirdParty:1030 - CMSIS Pack Vendor :STMicroelectronics FP-ATR-SIGFOX1 3.2.0
2024-04-16 00:07:31,886 [INFO] ThirdParty:1030 - CMSIS Pack Vendor :STMicroelectronics X-CUBE-ISPU 2.0.0
2024-04-16 00:07:31,886 [INFO] ThirdParty:1030 - CMSIS Pack Vendor :STMicroelectronics X-CUBE-EEPRMA1 5.1.0
2024-04-16 00:07:31,887 [INFO] ThirdParty:1030 - CMSIS Pack Vendor :STMicroelectronics HAL Drivers 0.0.0
2024-04-16 00:07:31,887 [INFO] ThirdParty:1030 - CMSIS Pack Vendor :STMicroelectronics MBEDTLS 2.16.2
2024-04-16 00:07:31,887 [INFO] ThirdParty:1030 - CMSIS Pack Vendor :emotas I-CUBE-CANOPEN 1.3.0
2024-04-16 00:07:31,887 [INFO] ThirdParty:1030 - CMSIS Pack Vendor :STMicroelectronics X-CUBE-MEMS1 10.0.0
2024-04-16 00:07:31,887 [INFO] ThirdParty:1030 - CMSIS Pack Vendor :STMicroelectronics X-CUBE-FREERTOS 1.1.0
2024-04-16 00:07:31,887 [INFO] ThirdParty:1030 - CMSIS Pack Vendor :STMicroelectronics X-CUBE-NFC7 1.0.1
2024-04-16 00:07:31,887 [INFO] ThirdParty:1030 - CMSIS Pack Vendor :STMicroelectronics MBEDTLS 2.14.1
2024-04-16 00:07:31,887 [INFO] ThirdParty:1030 - CMSIS Pack Vendor :STMicroelectronics X-CUBE-NFC6 3.0.0
2024-04-16 00:07:31,887 [INFO] ThirdParty:1030 - CMSIS Pack Vendor :portGmbH I-Cube-SoM-uGOAL 1.1.0
2024-04-16 00:07:31,887 [INFO] ThirdParty:1030 - CMSIS Pack Vendor :STMicroelectronics X-CUBE-ALS 1.0.1
2024-04-16 00:07:31,887 [INFO] ThirdParty:1030 - CMSIS Pack Vendor :STMicroelectronics X-CUBE-BLEMGR 3.1.0
2024-04-16 00:07:31,887 [INFO] ThirdParty:1030 - CMSIS Pack Vendor :STMicroelectronics ThreadX 1.0.0
2024-04-16 00:07:31,887 [INFO] ThirdParty:1030 - CMSIS Pack Vendor :STMicroelectronics FP-SNS-SMARTAG2 1.2.0
2024-04-16 00:07:31,887 [INFO] ThirdParty:1030 - CMSIS Pack Vendor :STMicroelectronics X-CUBE-AZRTOS-WL 2.0.0
2024-04-16 00:07:31,887 [INFO] ThirdParty:1030 - CMSIS Pack Vendor :SEGGER I-CUBE-embOS 1.3.1
2024-04-16 00:07:31,887 [INFO] ThirdParty:1030 - CMSIS Pack Vendor :STMicroelectronics FP-SNS-MOTENV1 5.0.0
2024-04-16 00:07:31,887 [INFO] ThirdParty:1030 - CMSIS Pack Vendor :STMicroelectronics USB_DEVICE 1.0.0
2024-04-16 00:07:31,887 [INFO] ThirdParty:1030 - CMSIS Pack Vendor :STMicroelectronics X-CUBE-AI 8.1.0
2024-04-16 00:07:31,887 [INFO] ThirdParty:1030 - CMSIS Pack Vendor :STMicroelectronics X-CUBE-AZRTOS-L4 2.0.0
2024-04-16 00:07:31,887 [INFO] ThirdParty:1030 - CMSIS Pack Vendor :STMicroelectronics ThreadX 0.0.2
2024-04-16 00:07:31,887 [INFO] ThirdParty:1030 - CMSIS Pack Vendor :WES I-CUBE-Cesium 1.3.0
2024-04-16 00:07:31,887 [INFO] ThirdParty:1030 - CMSIS Pack Vendor :STMicroelectronics FP-ATR-ASTRA1 2.0.0
2024-04-16 00:07:31,887 [INFO] ThirdParty:1030 - CMSIS Pack Vendor :STMicroelectronics lwIP 2.1.2
2024-04-16 00:07:31,887 [INFO] ThirdParty:1030 - CMSIS Pack Vendor :STMicroelectronics X-CUBE-SFXS2LP1 4.0.0
2024-04-16 00:07:31,887 [INFO] ThirdParty:1030 - CMSIS Pack Vendor :STMicroelectronics X-CUBE-BLE2 3.3.0
2024-04-16 00:07:31,887 [INFO] ThirdParty:1030 - CMSIS Pack Vendor :STMicroelectronics X-CUBE-TOF1 3.4.0
2024-04-16 00:07:31,887 [INFO] ThirdParty:1030 - CMSIS Pack Vendor :STMicroelectronics X-CUBE-TOF1 3.4.1
2024-04-16 00:07:31,887 [INFO] ThirdParty:1030 - CMSIS Pack Vendor :STMicroelectronics X-CUBE-AZRTOS-H7 3.2.0
2024-04-16 00:07:31,887 [INFO] ThirdParty:1030 - CMSIS Pack Vendor :STMicroelectronics PDM2PCM 3.2.0
2024-04-16 00:07:31,887 [INFO] ThirdParty:841 - exiting critical section [change project]
2024-04-16 00:07:32,065 [INFO] PinOutPanel:1499 - setPackage(No Configuration,No Configuration)
2024-04-16 00:07:32,067 [INFO] PinOutPanel:1499 - setPackage(STM32F407VGTx,LQFP100)
2024-04-16 00:07:32,277 [INFO] UtilMem:75 - Before build in PCC Used Memory: 618481728 Bytes (1048576000)
2024-04-16 00:07:32,361 [INFO] UtilMem:75 - After build in PCC Used Memory: 663576680 Bytes (1048576000)
2024-04-16 00:07:32,372 [INFO] IPUIPlugin:80 - create IPUIPlugin
2024-04-16 00:07:32,372 [INFO] IPUIPlugin:80 - create IPUIPlugin
2024-04-16 00:07:32,372 [INFO] IPUIPlugin:80 - create IPUIPlugin
2024-04-16 00:07:32,372 [INFO] IPUIPlugin:80 - create IPUIPlugin
2024-04-16 00:07:32,372 [INFO] IPUIPlugin:80 - create IPUIPlugin
2024-04-16 00:07:32,372 [INFO] IPUIPlugin:80 - create IPUIPlugin
2024-04-16 00:07:32,372 [INFO] IPUIPlugin:80 - create IPUIPlugin
2024-04-16 00:07:32,372 [INFO] IPUIPlugin:80 - create IPUIPlugin
2024-04-16 00:07:32,372 [INFO] IPUIPlugin:80 - create IPUIPlugin
2024-04-16 00:07:32,373 [INFO] IPUIPlugin:80 - create IPUIPlugin
2024-04-16 00:07:32,373 [INFO] IPUIPlugin:80 - create IPUIPlugin
2024-04-16 00:07:32,373 [INFO] IPUIPlugin:80 - create IPUIPlugin
2024-04-16 00:07:32,373 [INFO] IPUIPlugin:80 - create IPUIPlugin
2024-04-16 00:07:32,373 [INFO] IPUIPlugin:80 - create IPUIPlugin
2024-04-16 00:07:32,373 [INFO] IPUIPlugin:80 - create IPUIPlugin
2024-04-16 00:07:32,373 [INFO] IPUIPlugin:80 - create IPUIPlugin
2024-04-16 00:07:32,373 [INFO] IPUIPlugin:80 - create IPUIPlugin
2024-04-16 00:07:32,373 [INFO] IPUIPlugin:80 - create IPUIPlugin
2024-04-16 00:07:32,373 [INFO] IPUIPlugin:80 - create IPUIPlugin
2024-04-16 00:07:32,373 [INFO] IPUIPlugin:80 - create IPUIPlugin
2024-04-16 00:07:32,373 [INFO] IPUIPlugin:80 - create IPUIPlugin
2024-04-16 00:07:32,373 [INFO] IPUIPlugin:80 - create IPUIPlugin
2024-04-16 00:07:32,373 [INFO] IPUIPlugin:80 - create IPUIPlugin
2024-04-16 00:07:32,373 [INFO] IPUIPlugin:80 - create IPUIPlugin
2024-04-16 00:07:32,373 [INFO] IPUIPlugin:80 - create IPUIPlugin
2024-04-16 00:07:32,373 [INFO] IPUIPlugin:80 - create IPUIPlugin
2024-04-16 00:07:32,373 [INFO] IPUIPlugin:80 - create IPUIPlugin
2024-04-16 00:07:32,373 [INFO] IPUIPlugin:80 - create IPUIPlugin
2024-04-16 00:07:32,374 [INFO] IPUIPlugin:80 - create IPUIPlugin
2024-04-16 00:07:32,374 [INFO] IPUIPlugin:80 - create IPUIPlugin
2024-04-16 00:07:32,374 [INFO] IPUIPlugin:80 - create IPUIPlugin
2024-04-16 00:07:32,374 [INFO] IPUIPlugin:80 - create IPUIPlugin
2024-04-16 00:07:32,374 [INFO] IPUIPlugin:80 - create IPUIPlugin
2024-04-16 00:07:32,374 [INFO] IPUIPlugin:80 - create IPUIPlugin
2024-04-16 00:07:32,374 [INFO] IPUIPlugin:80 - create IPUIPlugin
2024-04-16 00:07:32,374 [INFO] IPUIPlugin:80 - create IPUIPlugin
2024-04-16 00:07:32,374 [INFO] IPUIPlugin:80 - create IPUIPlugin
2024-04-16 00:07:32,374 [INFO] IPUIPlugin:80 - create IPUIPlugin
2024-04-16 00:07:32,374 [INFO] IPUIPlugin:80 - create IPUIPlugin
2024-04-16 00:07:32,374 [INFO] IPUIPlugin:80 - create IPUIPlugin
2024-04-16 00:07:32,375 [INFO] IPUIPlugin:80 - create IPUIPlugin
2024-04-16 00:07:32,375 [INFO] IPUIPlugin:80 - create IPUIPlugin
2024-04-16 00:07:32,375 [INFO] IPUIPlugin:80 - create IPUIPlugin
2024-04-16 00:07:32,375 [INFO] IPUIPlugin:80 - create IPUIPlugin
2024-04-16 00:07:32,375 [INFO] IPUIPlugin:80 - create IPUIPlugin
2024-04-16 00:07:32,375 [INFO] IPUIPlugin:80 - create IPUIPlugin
2024-04-16 00:07:32,375 [INFO] IPUIPlugin:80 - create IPUIPlugin
2024-04-16 00:07:32,375 [INFO] IPUIPlugin:80 - create IPUIPlugin
2024-04-16 00:07:32,375 [INFO] IPUIPlugin:80 - create IPUIPlugin
2024-04-16 00:07:32,375 [INFO] IPUIPlugin:80 - create IPUIPlugin
2024-04-16 00:07:32,375 [INFO] IPUIPlugin:80 - create IPUIPlugin
2024-04-16 00:07:32,375 [INFO] IPUIPlugin:80 - create IPUIPlugin
2024-04-16 00:07:32,375 [INFO] IPUIPlugin:80 - create IPUIPlugin
2024-04-16 00:07:32,375 [INFO] IPUIPlugin:80 - create IPUIPlugin
2024-04-16 00:07:32,376 [INFO] IPUIPlugin:80 - create IPUIPlugin
2024-04-16 00:07:32,376 [INFO] IPUIPlugin:80 - create IPUIPlugin
2024-04-16 00:07:32,376 [INFO] IPUIPlugin:80 - create IPUIPlugin
2024-04-16 00:07:32,376 [INFO] IPUIPlugin:80 - create IPUIPlugin
2024-04-16 00:07:32,378 [INFO] ApiDbMcu:508 - Load IP Config File for PDM2PCM
2024-04-16 00:07:32,406 [INFO] CADModel:165 - CPN selected for project levelSTM32F407VGT6
2024-04-16 00:07:32,406 [INFO] CADModel:114 - Register for checkConnection events
2024-04-16 00:07:32,464 [INFO] OpenFileManager:343 - Restore cursor
2024-04-16 00:07:32,468 [INFO] ApiDb:581 - Connected to CubeFinder SQLite database (C:\Users\conne\.stmcufinder\plugins\mcufinder\mcu\cube-finder-db.db)
2024-04-16 00:07:48,352 [INFO] NvicIntPanel:101 - NVIC parent = com.st.microxplorer.plugins.ip.nvic.MultiNvicIntPanel[,0,0,0x0,invalid,layout=javax.swing.BoxLayout,alignmentX=0.0,alignmentY=0.0,border=,flags=9,maximumSize=,minimumSize=,preferredSize=]
2024-04-16 00:18:55,184 [INFO] MainUpdater:2873 - connection check result : 10
2024-04-16 00:18:55,184 [INFO] MainUpdater:2873 - connection check result : 10
2024-04-16 00:18:55,693 [INFO] MicroXplorer:468 - Change Database Path : 
2024-04-16 00:18:55,693 [INFO] MicroXplorer:498 - Change Database Version : DB.6.0.100
2024-04-16 00:18:55,696 [ERROR] ProjectManagerView:394 - 
java.lang.NullPointerException: Cannot invoke "javax.swing.JTextField.getText()" because the return value of "java.util.List.get(int)" is null
	at com.st.microxplorer.plugins.projectmanager.gui.ProjectChoiceTab$10.caretUpdate(ProjectChoiceTab.java:2493) ~[filemanager.jar:?]
	at javax.swing.text.JTextComponent.fireCaretUpdate(JTextComponent.java:412) ~[?:?]
	at javax.swing.text.JTextComponent$MutableCaretEvent.fire(JTextComponent.java:4491) ~[?:?]
	at javax.swing.text.JTextComponent$MutableCaretEvent.stateChanged(JTextComponent.java:4513) ~[?:?]
	at javax.swing.text.DefaultCaret.fireStateChanged(DefaultCaret.java:842) ~[?:?]
	at javax.swing.text.DefaultCaret.changeCaretPosition(DefaultCaret.java:1313) ~[?:?]
	at javax.swing.text.DefaultCaret.handleSetDot(DefaultCaret.java:1212) ~[?:?]
	at javax.swing.text.DefaultCaret.setDot(DefaultCaret.java:1193) ~[?:?]
	at javax.swing.text.DefaultCaret$Handler.insertUpdate(DefaultCaret.java:1789) ~[?:?]
	at javax.swing.text.AbstractDocument.fireInsertUpdate(AbstractDocument.java:226) ~[?:?]
	at javax.swing.text.AbstractDocument.handleInsertString(AbstractDocument.java:780) ~[?:?]
	at javax.swing.text.AbstractDocument.insertString(AbstractDocument.java:739) ~[?:?]
	at javax.swing.text.PlainDocument.insertString(PlainDocument.java:131) ~[?:?]
	at javax.swing.text.AbstractDocument.replace(AbstractDocument.java:698) ~[?:?]
	at javax.swing.text.JTextComponent.setText(JTextComponent.java:1729) ~[?:?]
	at com.st.microxplorer.plugins.projectmanager.gui.ProjectChoiceTab.createHeapStackFields(ProjectChoiceTab.java:933) ~[filemanager.jar:?]
	at com.st.microxplorer.plugins.projectmanager.gui.ProjectChoiceTab.buildLinkSettingsPanel(ProjectChoiceTab.java:3426) ~[filemanager.jar:?]
	at com.st.microxplorer.plugins.projectmanager.gui.ProjectChoiceTab.defineWindowsFields(ProjectChoiceTab.java:1813) ~[filemanager.jar:?]
	at com.st.microxplorer.plugins.projectmanager.gui.ProjectChoiceTab.updateSettings(ProjectChoiceTab.java:533) ~[filemanager.jar:?]
	at com.st.microxplorer.plugins.projectmanager.gui.ProjectSettingsPanel.UpdateDialog(ProjectSettingsPanel.java:244) ~[filemanager.jar:?]
	at com.st.microxplorer.plugins.projectmanager.ProjectManagerView.propertyChange(ProjectManagerView.java:391) ~[filemanager.jar:?]
	at java.beans.PropertyChangeSupport.fire(PropertyChangeSupport.java:343) ~[?:?]
	at java.beans.PropertyChangeSupport.firePropertyChange(PropertyChangeSupport.java:335) ~[?:?]
	at java.beans.PropertyChangeSupport.firePropertyChange(PropertyChangeSupport.java:268) ~[?:?]
	at com.st.microxplorer.util.MXPropertyChangeSupport.firePropertyChange(MXPropertyChangeSupport.java:54) ~[STM32CubeMX.jar:?]
	at com.st.microxplorer.mxsystem.MxSystem.closeConfig(MxSystem.java:900) ~[STM32CubeMX.jar:?]
	at com.st.microxplorer.maingui.MainPanel.closeConfig(MainPanel.java:776) ~[STM32CubeMX.jar:?]
	at com.st.microxplorer.plugins.filemanager.engine.OpenFileManager.loadConfigurationFile(OpenFileManager.java:245) ~[filemanager.jar:?]
	at com.st.microxplorer.plugins.filemanager.engine.MainFileManager.userLoadConfig(MainFileManager.java:290) ~[filemanager.jar:?]
	at com.st.microxplorer.plugins.filemanager.FileManagerView.getSpecificTask(FileManagerView.java:247) ~[filemanager.jar:?]
	at com.st.stm32cube.common.mx.editor.CubeMxEditor.getMxTabbedPaneInstance(CubeMxEditor.java:1184) ~[com.st.stm32cube.common.mx_6.10.0.202311202037/:?]
	at com.st.stm32cube.common.mx.editor.CubeMxEditor$12$1.createSwingComponent(CubeMxEditor.java:1065) ~[com.st.stm32cube.common.mx_6.10.0.202311202037/:?]
	at com.st.stm32cube.common.mx.oss.core.awtswtbridge.EmbeddedSwingComposite.doComponentCreation(EmbeddedSwingComposite.java:492) ~[com.st.stm32cube.common.mx.oss_6.10.0.202311202037/:?]
	at com.st.stm32cube.common.mx.oss.core.awtswtbridge.EmbeddedSwingComposite$4.run(EmbeddedSwingComposite.java:291) ~[com.st.stm32cube.common.mx.oss_6.10.0.202311202037/:?]
	at com.st.stm32cube.common.mx.oss.core.awtswtbridge.AwtEnvironment$2.run(AwtEnvironment.java:166) ~[com.st.stm32cube.common.mx.oss_6.10.0.202311202037/:?]
	at java.awt.event.InvocationEvent.dispatch(InvocationEvent.java:318) ~[?:?]
	at java.awt.EventQueue.dispatchEventImpl(EventQueue.java:773) ~[?:?]
	at java.awt.EventQueue$4.run(EventQueue.java:720) ~[?:?]
	at java.awt.EventQueue$4.run(EventQueue.java:714) ~[?:?]
	at java.security.AccessController.doPrivileged(AccessController.java:399) ~[?:?]
	at java.security.ProtectionDomain$JavaSecurityAccessImpl.doIntersectionPrivilege(ProtectionDomain.java:86) ~[?:?]
	at java.awt.EventQueue.dispatchEvent(EventQueue.java:742) ~[?:?]
	at java.awt.EventDispatchThread.pumpOneEventForFilters(EventDispatchThread.java:203) ~[?:?]
	at java.awt.EventDispatchThread.pumpEventsForFilter(EventDispatchThread.java:124) ~[?:?]
	at java.awt.EventDispatchThread.pumpEventsForHierarchy(EventDispatchThread.java:113) ~[?:?]
	at java.awt.EventDispatchThread.pumpEvents(EventDispatchThread.java:109) ~[?:?]
	at java.awt.EventDispatchThread.pumpEvents(EventDispatchThread.java:101) ~[?:?]
	at java.awt.EventDispatchThread.run(EventDispatchThread.java:90) ~[?:?]
2024-04-16 00:18:55,697 [WARN] ThirdParty:871 - waiting for thirdparty lock release [close project]
2024-04-16 00:18:55,697 [INFO] ThirdParty:873 - entering critical section [close project]
2024-04-16 00:18:55,697 [INFO] ThirdParty:883 - exiting critical section [close project]
2024-04-16 00:18:55,698 [INFO] PinOutPanel:1499 - setPackage(No Configuration,No Configuration)
2024-04-16 00:18:55,700 [WARN] IpParametersView:151 - Warning: This peripheral hasn't parameters
2024-04-16 00:18:55,702 [WARN] MainPanel:272 - <html><b><center>Warning: This peripheral has no parameters to be configured<br></b></html>
2024-04-16 00:18:55,703 [INFO] UtilMem:75 - Begin LoadConfig() Used Memory: 771731112 Bytes (1048576000)
2024-04-16 00:18:55,703 [INFO] MicroXplorer:468 - Change Database Path : 
2024-04-16 00:18:55,703 [INFO] MicroXplorer:498 - Change Database Version : DB.6.0.100
2024-04-16 00:18:55,703 [INFO] OpenFileManager:312 - Change cursor
2024-04-16 00:18:55,709 [INFO] Mcu:2016 - Initializing MCU STM32F407V(E-G)Tx STM32F407VGTx STM32F407VGT6
2024-04-16 00:18:56,511 [INFO] Context:659 - Trying to add GPIOservice into a context  which must be forbidden
2024-04-16 00:18:56,629 [INFO] RtosManager:555 - Registered RTOS mode: class=CMSIS, group=RTOS, mode=CMSIS_V1, owner=FREERTOS
2024-04-16 00:18:56,629 [INFO] RtosManager:555 - Registered RTOS mode: class=CMSIS, group=RTOS2, mode=CMSIS_V2, owner=FREERTOS
2024-04-16 00:18:56,629 [INFO] RtosManager:555 - Registered RTOS mode: class=RTOS, group=Core, mode=CMSIS_V1, owner=FREERTOS
2024-04-16 00:18:56,629 [INFO] RtosManager:555 - Registered RTOS mode: class=RTOS, group=Core, mode=CMSIS_V2, owner=FREERTOS
2024-04-16 00:18:56,629 [WARN] ModelIntegratedComponent:184 - Missing modes for component STMicroelectronics:FreeRTOS:0.0.1:STMicroelectronics:RTOS:FreeRTOS:Core:::10.2.0:
2024-04-16 00:18:56,631 [WARN] ModelIntegratedComponent:63 - No mode defined for component null
2024-04-16 00:18:56,631 [WARN] ModelIntegratedComponent:63 - No mode defined for component null
2024-04-16 00:18:56,631 [WARN] ModelIntegratedComponent:63 - No mode defined for component null
2024-04-16 00:18:56,631 [WARN] ModelIntegratedComponent:63 - No mode defined for component null
2024-04-16 00:18:56,631 [WARN] ModelIntegratedComponent:63 - No mode defined for component null
2024-04-16 00:18:56,631 [WARN] ModelIntegratedComponent:63 - No mode defined for component null
2024-04-16 00:18:56,631 [WARN] ModelIntegratedComponent:63 - No mode defined for component null
2024-04-16 00:18:56,631 [WARN] ModelIntegratedComponent:63 - No mode defined for component null
2024-04-16 00:18:56,631 [WARN] ModelIntegratedComponent:63 - No mode defined for component null
2024-04-16 00:18:56,631 [WARN] ModelIntegratedComponent:63 - No mode defined for component null
2024-04-16 00:18:56,631 [WARN] ModelIntegratedComponent:63 - No mode defined for component null
2024-04-16 00:18:56,631 [WARN] ModelIntegratedComponent:63 - No mode defined for component null
2024-04-16 00:18:56,631 [WARN] ModelIntegratedComponent:63 - No mode defined for component null
2024-04-16 00:18:56,631 [WARN] ModelIntegratedComponent:63 - No mode defined for component null
2024-04-16 00:18:56,631 [WARN] ModelIntegratedComponent:63 - No mode defined for component null
2024-04-16 00:18:56,631 [WARN] ModelIntegratedComponent:63 - No mode defined for component null
2024-04-16 00:18:56,631 [WARN] ModelIntegratedComponent:63 - No mode defined for component null
2024-04-16 00:18:56,631 [WARN] ModelIntegratedComponent:63 - No mode defined for component null
2024-04-16 00:18:56,631 [WARN] ModelIntegratedComponent:63 - No mode defined for component null
2024-04-16 00:18:56,631 [WARN] ModelIntegratedComponent:63 - No mode defined for component null
2024-04-16 00:18:56,631 [WARN] ModelIntegratedComponent:63 - No mode defined for component null
2024-04-16 00:18:56,631 [WARN] ModelIntegratedComponent:63 - No mode defined for component null
2024-04-16 00:18:56,631 [WARN] ModelIntegratedComponent:63 - No mode defined for component null
2024-04-16 00:18:56,631 [WARN] ModelIntegratedComponent:63 - No mode defined for component null
2024-04-16 00:18:56,631 [WARN] ModelIntegratedComponent:63 - No mode defined for component null
2024-04-16 00:18:56,631 [WARN] ModelIntegratedComponent:63 - No mode defined for component null
2024-04-16 00:18:56,631 [WARN] ModelIntegratedComponent:63 - No mode defined for component null
2024-04-16 00:18:56,631 [WARN] ModelIntegratedComponent:63 - No mode defined for component null
2024-04-16 00:18:56,631 [WARN] ModelIntegratedComponent:63 - No mode defined for component null
2024-04-16 00:18:56,631 [WARN] ModelIntegratedComponent:63 - No mode defined for component null
2024-04-16 00:18:56,631 [WARN] ModelIntegratedComponent:63 - No mode defined for component null
2024-04-16 00:18:56,631 [WARN] ModelIntegratedComponent:63 - No mode defined for component null
2024-04-16 00:18:56,632 [WARN] ModelIntegratedComponent:63 - No mode defined for component null
2024-04-16 00:18:56,668 [INFO] ThirdPartyModel:298 - Start build external matchings
2024-04-16 00:18:56,805 [INFO] ThirdPartyModel:316 - End build external matchings
2024-04-16 00:18:56,809 [INFO] ImportTextPane:194 - (OptionalMessage_ERROR) IP (RCC) : Parameter (RTCHSEDivFreq_Value) has invalid value (4000000)
2024-04-16 00:18:56,960 [INFO] UtilMem:75 - End LoadConfig() Used Memory: 800396008 Bytes (1048576000)
2024-04-16 00:18:57,008 [INFO] MicroXplorer:468 - Change Database Path : 
2024-04-16 00:18:57,008 [INFO] MicroXplorer:498 - Change Database Version : DB.6.0.100
2024-04-16 00:18:57,008 [WARN] ThirdParty:833 - waiting for thirdparty lock release [change project]
2024-04-16 00:18:57,008 [INFO] ThirdParty:835 - entering critical section [change project]
2024-04-16 00:18:57,008 [INFO] ThirdParty:1030 - CMSIS Pack Vendor :STMicroelectronics USBPD 4.1
2024-04-16 00:18:57,008 [INFO] ThirdParty:1030 - CMSIS Pack Vendor :STMicroelectronics X-CUBE-GNSS1 6.0.0
2024-04-16 00:18:57,008 [INFO] ThirdParty:1030 - CMSIS Pack Vendor :STMicroelectronics USB_HOST 2.0.0
2024-04-16 00:18:57,008 [INFO] ThirdParty:1030 - CMSIS Pack Vendor :STMicroelectronics X-CUBE-AZRTOS-F4 1.1.0
2024-04-16 00:18:57,008 [INFO] ThirdParty:1030 - CMSIS Pack Vendor :STMicroelectronics LIBJPEG 8.0.0
2024-04-16 00:18:57,008 [INFO] ThirdParty:1030 - CMSIS Pack Vendor :STMicroelectronics X-CUBE-SMBUS 2.1.0
2024-04-16 00:18:57,008 [INFO] ThirdParty:1030 - CMSIS Pack Vendor :STMicroelectronics USB_DEVICE 3.0.0
2024-04-16 00:18:57,008 [INFO] ThirdParty:1030 - CMSIS Pack Vendor :STMicroelectronics X-CUBE-TCPP 4.1.0
2024-04-16 00:18:57,008 [INFO] ThirdParty:1030 - CMSIS Pack Vendor :STMicroelectronics X-CUBE-AZRTOS-WB 2.0.0
2024-04-16 00:18:57,008 [INFO] ThirdParty:1030 - CMSIS Pack Vendor :wolfSSL I-CUBE-wolfSSL 5.6.6
2024-04-16 00:18:57,008 [INFO] ThirdParty:1030 - CMSIS Pack Vendor :STMicroelectronics X-CUBE-TOUCHGFX 4.23.1
2024-04-16 00:18:57,008 [INFO] ThirdParty:1030 - CMSIS Pack Vendor :STMicroelectronics X-CUBE-TOUCHGFX 4.23.0
2024-04-16 00:18:57,008 [INFO] ThirdParty:1030 - CMSIS Pack Vendor :STMicroelectronics X-CUBE-TOUCHGFX 4.23.2
2024-04-16 00:18:57,008 [INFO] ThirdParty:1030 - CMSIS Pack Vendor :STMicroelectronics X-CUBE-AZRTOS-F7 1.1.0
2024-04-16 00:18:57,008 [INFO] ThirdParty:1030 - CMSIS Pack Vendor :STMicroelectronics X-CUBE-AZRTOS-L5 2.0.0
2024-04-16 00:18:57,008 [INFO] ThirdParty:1030 - CMSIS Pack Vendor :STMicroelectronics USB_DEVICE 2.0.0
2024-04-16 00:18:57,008 [INFO] ThirdParty:1030 - CMSIS Pack Vendor :STMicroelectronics X-CUBE-NFC6 3.1.0
2024-04-16 00:18:57,008 [INFO] ThirdParty:1030 - CMSIS Pack Vendor :ITTIA_DB I-CUBE-ITTIADB 8.8.0
2024-04-16 00:18:57,008 [INFO] ThirdParty:1030 - CMSIS Pack Vendor :STMicroelectronics FP-SNS-MOTENV1 4.3.2
2024-04-16 00:18:57,008 [INFO] ThirdParty:1030 - CMSIS Pack Vendor :STMicroelectronics X-CUBE-ALGOBUILD 1.3.0
2024-04-16 00:18:57,008 [INFO] ThirdParty:1030 - CMSIS Pack Vendor :STMicroelectronics FreeRTOS 0.0.1
2024-04-16 00:18:57,009 [INFO] ThirdParty:1030 - CMSIS Pack Vendor :STMicroelectronics X-CUBE-AZRTOS-G0 1.1.0
2024-04-16 00:18:57,009 [INFO] ThirdParty:1030 - CMSIS Pack Vendor :STMicroelectronics X-CUBE-SAFEA1 1.2.2
2024-04-16 00:18:57,009 [INFO] ThirdParty:1030 - CMSIS Pack Vendor :STMicroelectronics X-CUBE-NFC4 3.0.0
2024-04-16 00:18:57,009 [INFO] ThirdParty:1030 - CMSIS Pack Vendor :STMicroelectronics X-CUBE-SUBG2 5.0.0
2024-04-16 00:18:57,009 [INFO] ThirdParty:1030 - CMSIS Pack Vendor :STMicroelectronics STM32_WPAN 1.0.0
2024-04-16 00:18:57,009 [INFO] ThirdParty:1030 - CMSIS Pack Vendor :STMicroelectronics lwIP 2.0.3
2024-04-16 00:18:57,009 [INFO] ThirdParty:1030 - CMSIS Pack Vendor :STMicroelectronics FP-SNS-FLIGHT1 5.0.2
2024-04-16 00:18:57,009 [INFO] ThirdParty:1030 - CMSIS Pack Vendor :STMicroelectronics USB_HOST 1.0.0
2024-04-16 00:18:57,009 [INFO] ThirdParty:1030 - CMSIS Pack Vendor :STMicroelectronics X-CUBE-AZRTOS-G4 2.0.0
2024-04-16 00:18:57,009 [INFO] ThirdParty:1030 - CMSIS Pack Vendor :STMicroelectronics PDM2PCM 3.1.0
2024-04-16 00:18:57,009 [INFO] ThirdParty:1030 - CMSIS Pack Vendor :Infineon AIROC-Wi-Fi-Bluetooth-STM32 1.5.1
2024-04-16 00:18:57,009 [INFO] ThirdParty:1030 - CMSIS Pack Vendor :STMicroelectronics PDM2PCM 3.3.0
2024-04-16 00:18:57,009 [INFO] ThirdParty:1030 - CMSIS Pack Vendor :STMicroelectronics X-CUBE-DISPLAY 3.0.0
2024-04-16 00:18:57,009 [INFO] ThirdParty:1030 - CMSIS Pack Vendor :STMicroelectronics FP-SNS-MOTENVWB1 1.3.1
2024-04-16 00:18:57,009 [INFO] ThirdParty:1030 - CMSIS Pack Vendor :STMicroelectronics X-CUBE-BLE1 7.0.0
2024-04-16 00:18:57,009 [INFO] ThirdParty:1030 - CMSIS Pack Vendor :STMicroelectronics FP-ATR-SIGFOX1 3.2.0
2024-04-16 00:18:57,009 [INFO] ThirdParty:1030 - CMSIS Pack Vendor :STMicroelectronics X-CUBE-ISPU 2.0.0
2024-04-16 00:18:57,009 [INFO] ThirdParty:1030 - CMSIS Pack Vendor :STMicroelectronics X-CUBE-EEPRMA1 5.1.0
2024-04-16 00:18:57,009 [INFO] ThirdParty:1030 - CMSIS Pack Vendor :STMicroelectronics HAL Drivers 0.0.0
2024-04-16 00:18:57,009 [INFO] ThirdParty:1030 - CMSIS Pack Vendor :STMicroelectronics MBEDTLS 2.16.2
2024-04-16 00:18:57,009 [INFO] ThirdParty:1030 - CMSIS Pack Vendor :emotas I-CUBE-CANOPEN 1.3.0
2024-04-16 00:18:57,009 [INFO] ThirdParty:1030 - CMSIS Pack Vendor :STMicroelectronics X-CUBE-MEMS1 10.0.0
2024-04-16 00:18:57,009 [INFO] ThirdParty:1030 - CMSIS Pack Vendor :STMicroelectronics X-CUBE-FREERTOS 1.1.0
2024-04-16 00:18:57,009 [INFO] ThirdParty:1030 - CMSIS Pack Vendor :STMicroelectronics X-CUBE-NFC7 1.0.1
2024-04-16 00:18:57,009 [INFO] ThirdParty:1030 - CMSIS Pack Vendor :STMicroelectronics MBEDTLS 2.14.1
2024-04-16 00:18:57,009 [INFO] ThirdParty:1030 - CMSIS Pack Vendor :STMicroelectronics X-CUBE-NFC6 3.0.0
2024-04-16 00:18:57,009 [INFO] ThirdParty:1030 - CMSIS Pack Vendor :portGmbH I-Cube-SoM-uGOAL 1.1.0
2024-04-16 00:18:57,009 [INFO] ThirdParty:1030 - CMSIS Pack Vendor :STMicroelectronics X-CUBE-ALS 1.0.1
2024-04-16 00:18:57,009 [INFO] ThirdParty:1030 - CMSIS Pack Vendor :STMicroelectronics X-CUBE-BLEMGR 3.1.0
2024-04-16 00:18:57,009 [INFO] ThirdParty:1030 - CMSIS Pack Vendor :STMicroelectronics ThreadX 1.0.0
2024-04-16 00:18:57,009 [INFO] ThirdParty:1030 - CMSIS Pack Vendor :STMicroelectronics FP-SNS-SMARTAG2 1.2.0
2024-04-16 00:18:57,009 [INFO] ThirdParty:1030 - CMSIS Pack Vendor :STMicroelectronics X-CUBE-AZRTOS-WL 2.0.0
2024-04-16 00:18:57,009 [INFO] ThirdParty:1030 - CMSIS Pack Vendor :SEGGER I-CUBE-embOS 1.3.1
2024-04-16 00:18:57,009 [INFO] ThirdParty:1030 - CMSIS Pack Vendor :STMicroelectronics FP-SNS-MOTENV1 5.0.0
2024-04-16 00:18:57,009 [INFO] ThirdParty:1030 - CMSIS Pack Vendor :STMicroelectronics USB_DEVICE 1.0.0
2024-04-16 00:18:57,009 [INFO] ThirdParty:1030 - CMSIS Pack Vendor :STMicroelectronics X-CUBE-AI 8.1.0
2024-04-16 00:18:57,009 [INFO] ThirdParty:1030 - CMSIS Pack Vendor :STMicroelectronics X-CUBE-AZRTOS-L4 2.0.0
2024-04-16 00:18:57,009 [INFO] ThirdParty:1030 - CMSIS Pack Vendor :STMicroelectronics ThreadX 0.0.2
2024-04-16 00:18:57,009 [INFO] ThirdParty:1030 - CMSIS Pack Vendor :WES I-CUBE-Cesium 1.3.0
2024-04-16 00:18:57,009 [INFO] ThirdParty:1030 - CMSIS Pack Vendor :STMicroelectronics FP-ATR-ASTRA1 2.0.0
2024-04-16 00:18:57,009 [INFO] ThirdParty:1030 - CMSIS Pack Vendor :STMicroelectronics lwIP 2.1.2
2024-04-16 00:18:57,009 [INFO] ThirdParty:1030 - CMSIS Pack Vendor :STMicroelectronics X-CUBE-SFXS2LP1 4.0.0
2024-04-16 00:18:57,009 [INFO] ThirdParty:1030 - CMSIS Pack Vendor :STMicroelectronics X-CUBE-BLE2 3.3.0
2024-04-16 00:18:57,009 [INFO] ThirdParty:1030 - CMSIS Pack Vendor :STMicroelectronics X-CUBE-TOF1 3.4.0
2024-04-16 00:18:57,009 [INFO] ThirdParty:1030 - CMSIS Pack Vendor :STMicroelectronics X-CUBE-TOF1 3.4.1
2024-04-16 00:18:57,009 [INFO] ThirdParty:1030 - CMSIS Pack Vendor :STMicroelectronics X-CUBE-AZRTOS-H7 3.2.0
2024-04-16 00:18:57,009 [INFO] ThirdParty:1030 - CMSIS Pack Vendor :STMicroelectronics PDM2PCM 3.2.0
2024-04-16 00:18:57,009 [INFO] ThirdParty:841 - exiting critical section [change project]
2024-04-16 00:18:57,154 [INFO] PinOutPanel:1499 - setPackage(No Configuration,No Configuration)
2024-04-16 00:18:57,156 [INFO] PinOutPanel:1499 - setPackage(STM32F407VGTx,LQFP100)
2024-04-16 00:18:57,362 [INFO] UtilMem:75 - Before build in PCC Used Memory: 642538896 Bytes (1048576000)
2024-04-16 00:18:57,436 [INFO] UtilMem:75 - After build in PCC Used Memory: 687627664 Bytes (1048576000)
2024-04-16 00:18:57,445 [INFO] IPUIPlugin:80 - create IPUIPlugin
2024-04-16 00:18:57,445 [INFO] IPUIPlugin:80 - create IPUIPlugin
2024-04-16 00:18:57,445 [INFO] IPUIPlugin:80 - create IPUIPlugin
2024-04-16 00:18:57,445 [INFO] IPUIPlugin:80 - create IPUIPlugin
2024-04-16 00:18:57,445 [INFO] IPUIPlugin:80 - create IPUIPlugin
2024-04-16 00:18:57,445 [INFO] IPUIPlugin:80 - create IPUIPlugin
2024-04-16 00:18:57,445 [INFO] IPUIPlugin:80 - create IPUIPlugin
2024-04-16 00:18:57,445 [INFO] IPUIPlugin:80 - create IPUIPlugin
2024-04-16 00:18:57,445 [INFO] IPUIPlugin:80 - create IPUIPlugin
2024-04-16 00:18:57,445 [INFO] IPUIPlugin:80 - create IPUIPlugin
2024-04-16 00:18:57,445 [INFO] IPUIPlugin:80 - create IPUIPlugin
2024-04-16 00:18:57,445 [INFO] IPUIPlugin:80 - create IPUIPlugin
2024-04-16 00:18:57,445 [INFO] IPUIPlugin:80 - create IPUIPlugin
2024-04-16 00:18:57,445 [INFO] IPUIPlugin:80 - create IPUIPlugin
2024-04-16 00:18:57,445 [INFO] IPUIPlugin:80 - create IPUIPlugin
2024-04-16 00:18:57,445 [INFO] IPUIPlugin:80 - create IPUIPlugin
2024-04-16 00:18:57,445 [INFO] IPUIPlugin:80 - create IPUIPlugin
2024-04-16 00:18:57,446 [INFO] IPUIPlugin:80 - create IPUIPlugin
2024-04-16 00:18:57,446 [INFO] IPUIPlugin:80 - create IPUIPlugin
2024-04-16 00:18:57,446 [INFO] IPUIPlugin:80 - create IPUIPlugin
2024-04-16 00:18:57,446 [INFO] IPUIPlugin:80 - create IPUIPlugin
2024-04-16 00:18:57,446 [INFO] IPUIPlugin:80 - create IPUIPlugin
2024-04-16 00:18:57,446 [INFO] IPUIPlugin:80 - create IPUIPlugin
2024-04-16 00:18:57,446 [INFO] IPUIPlugin:80 - create IPUIPlugin
2024-04-16 00:18:57,446 [INFO] IPUIPlugin:80 - create IPUIPlugin
2024-04-16 00:18:57,446 [INFO] IPUIPlugin:80 - create IPUIPlugin
2024-04-16 00:18:57,446 [INFO] IPUIPlugin:80 - create IPUIPlugin
2024-04-16 00:18:57,446 [INFO] IPUIPlugin:80 - create IPUIPlugin
2024-04-16 00:18:57,446 [INFO] IPUIPlugin:80 - create IPUIPlugin
2024-04-16 00:18:57,446 [INFO] IPUIPlugin:80 - create IPUIPlugin
2024-04-16 00:18:57,446 [INFO] IPUIPlugin:80 - create IPUIPlugin
2024-04-16 00:18:57,446 [INFO] IPUIPlugin:80 - create IPUIPlugin
2024-04-16 00:18:57,446 [INFO] IPUIPlugin:80 - create IPUIPlugin
2024-04-16 00:18:57,446 [INFO] IPUIPlugin:80 - create IPUIPlugin
2024-04-16 00:18:57,446 [INFO] IPUIPlugin:80 - create IPUIPlugin
2024-04-16 00:18:57,447 [INFO] IPUIPlugin:80 - create IPUIPlugin
2024-04-16 00:18:57,447 [INFO] IPUIPlugin:80 - create IPUIPlugin
2024-04-16 00:18:57,447 [INFO] IPUIPlugin:80 - create IPUIPlugin
2024-04-16 00:18:57,447 [INFO] IPUIPlugin:80 - create IPUIPlugin
2024-04-16 00:18:57,447 [INFO] IPUIPlugin:80 - create IPUIPlugin
2024-04-16 00:18:57,447 [INFO] IPUIPlugin:80 - create IPUIPlugin
2024-04-16 00:18:57,447 [INFO] IPUIPlugin:80 - create IPUIPlugin
2024-04-16 00:18:57,447 [INFO] IPUIPlugin:80 - create IPUIPlugin
2024-04-16 00:18:57,447 [INFO] IPUIPlugin:80 - create IPUIPlugin
2024-04-16 00:18:57,447 [INFO] IPUIPlugin:80 - create IPUIPlugin
2024-04-16 00:18:57,447 [INFO] IPUIPlugin:80 - create IPUIPlugin
2024-04-16 00:18:57,448 [INFO] IPUIPlugin:80 - create IPUIPlugin
2024-04-16 00:18:57,448 [INFO] IPUIPlugin:80 - create IPUIPlugin
2024-04-16 00:18:57,448 [INFO] IPUIPlugin:80 - create IPUIPlugin
2024-04-16 00:18:57,448 [INFO] IPUIPlugin:80 - create IPUIPlugin
2024-04-16 00:18:57,448 [INFO] IPUIPlugin:80 - create IPUIPlugin
2024-04-16 00:18:57,448 [INFO] IPUIPlugin:80 - create IPUIPlugin
2024-04-16 00:18:57,448 [INFO] IPUIPlugin:80 - create IPUIPlugin
2024-04-16 00:18:57,448 [INFO] IPUIPlugin:80 - create IPUIPlugin
2024-04-16 00:18:57,449 [INFO] IPUIPlugin:80 - create IPUIPlugin
2024-04-16 00:18:57,449 [INFO] IPUIPlugin:80 - create IPUIPlugin
2024-04-16 00:18:57,449 [INFO] IPUIPlugin:80 - create IPUIPlugin
2024-04-16 00:18:57,449 [INFO] IPUIPlugin:80 - create IPUIPlugin
2024-04-16 00:18:57,451 [INFO] ApiDbMcu:508 - Load IP Config File for PDM2PCM
2024-04-16 00:18:57,475 [INFO] CADModel:165 - CPN selected for project levelSTM32F407VGT6
2024-04-16 00:18:57,475 [INFO] CADModel:114 - Register for checkConnection events
2024-04-16 00:18:57,527 [INFO] OpenFileManager:343 - Restore cursor
2024-04-16 00:19:39,612 [INFO] UtilMem:75 - End SaveConfig() Used Memory: 740834400 Bytes (1048576000)
2024-04-16 00:19:41,378 [INFO] UtilMem:75 - End SaveConfig() Used Memory: 847266912 Bytes (1048576000)
2024-04-16 00:19:41,674 [INFO] UtilMem:75 - End SaveConfig() Used Memory: 414735472 Bytes (1048576000)
2024-04-16 00:19:41,844 [INFO] BlockDiagram:2759 - set Specific Code input for plugin: SYS
2024-04-16 00:19:41,844 [INFO] BlockDiagram:2759 - set Specific Code input for plugin: RCC
2024-04-16 00:19:41,844 [INFO] BlockDiagram:2759 - set Specific Code input for plugin: NVIC
2024-04-16 00:19:41,844 [INFO] BlockDiagram:2759 - set Specific Code input for plugin: USART
2024-04-16 00:19:41,844 [INFO] BlockDiagram:2759 - set Specific Code input for plugin: GPIO
2024-04-16 00:19:41,845 [INFO] CodeGenerator:807 - code generatio: config db path: C:\ST\STM32CubeIDE_1.14.1\STM32CubeIDE\plugins\com.st.stm32cube.common.mx_6.10.0.202311202037\\db\
2024-04-16 00:19:41,948 [INFO] CodeEngine:255 - oldGeneratedFile, C:\Users\conne\STM32CubeIDE\workspace_1.14.1\cobuemx_uart_tx_rx_int\MXTmpFiles\license.tmp_save
2024-04-16 00:19:42,031 [INFO] CodeEngine:279 - Generated code: C:\Users\conne\STM32CubeIDE\workspace_1.14.1\cobuemx_uart_tx_rx_int\MXTmpFiles\license.tmp
2024-04-16 00:19:42,050 [INFO] CodeEngine:255 - oldGeneratedFile, C:\Users\conne\STM32CubeIDE\workspace_1.14.1\cobuemx_uart_tx_rx_int\MXTmpFiles\gpio.tmp_save
2024-04-16 00:19:42,161 [INFO] CodeEngine:279 - Generated code: C:\Users\conne\STM32CubeIDE\workspace_1.14.1\cobuemx_uart_tx_rx_int\MXTmpFiles\gpio.tmp
2024-04-16 00:19:42,195 [INFO] CodeEngine:255 - oldGeneratedFile, C:\Users\conne\STM32CubeIDE\workspace_1.14.1\cobuemx_uart_tx_rx_int\Core\Src\stm32f4xx_it.c_save
2024-04-16 00:19:42,298 [INFO] CodeEngine:279 - Generated code: C:\Users\conne\STM32CubeIDE\workspace_1.14.1\cobuemx_uart_tx_rx_int\Core\Src\stm32f4xx_it.c
2024-04-16 00:19:42,314 [INFO] CodeEngine:255 - oldGeneratedFile, C:\Users\conne\STM32CubeIDE\workspace_1.14.1\cobuemx_uart_tx_rx_int\Core\Inc\stm32f4xx_it.h_save
2024-04-16 00:19:42,373 [INFO] CodeEngine:279 - Generated code: C:\Users\conne\STM32CubeIDE\workspace_1.14.1\cobuemx_uart_tx_rx_int\Core\Inc\stm32f4xx_it.h
2024-04-16 00:19:42,392 [INFO] CodeEngine:255 - oldGeneratedFile, C:\Users\conne\STM32CubeIDE\workspace_1.14.1\cobuemx_uart_tx_rx_int\Core\Src\stm32f4xx_hal_msp.c_save
2024-04-16 00:19:42,460 [INFO] CodeEngine:279 - Generated code: C:\Users\conne\STM32CubeIDE\workspace_1.14.1\cobuemx_uart_tx_rx_int\Core\Src\stm32f4xx_hal_msp.c
2024-04-16 00:19:42,463 [INFO] CodeEngine:255 - oldGeneratedFile, C:\Users\conne\STM32CubeIDE\workspace_1.14.1\cobuemx_uart_tx_rx_int\MXTmpFiles\system.tmp_save
2024-04-16 00:19:42,511 [INFO] CodeEngine:279 - Generated code: C:\Users\conne\STM32CubeIDE\workspace_1.14.1\cobuemx_uart_tx_rx_int\MXTmpFiles\system.tmp
2024-04-16 00:19:42,534 [INFO] CodeEngine:311 - oldGeneratedFile, C:\Users\conne\STM32CubeIDE\workspace_1.14.1\cobuemx_uart_tx_rx_int\Core\Inc\stm32f4xx_hal_conf.h_save
2024-04-16 00:19:42,635 [INFO] CodeEngine:335 - Generated code: C:\Users\conne\STM32CubeIDE\workspace_1.14.1\cobuemx_uart_tx_rx_int\Core\Inc\stm32f4xx_hal_conf.h
2024-04-16 00:19:42,751 [INFO] CodeEngine:255 - oldGeneratedFile, C:\Users\conne\STM32CubeIDE\workspace_1.14.1\cobuemx_uart_tx_rx_int\Core\Inc\main.h_save
2024-04-16 00:19:42,836 [INFO] CodeEngine:279 - Generated code: C:\Users\conne\STM32CubeIDE\workspace_1.14.1\cobuemx_uart_tx_rx_int\Core\Inc\main.h
2024-04-16 00:19:42,854 [INFO] CodeEngine:255 - oldGeneratedFile, C:\Users\conne\STM32CubeIDE\workspace_1.14.1\cobuemx_uart_tx_rx_int\Core\Src\main.c_save
2024-04-16 00:19:42,958 [INFO] CodeEngine:279 - Generated code: C:\Users\conne\STM32CubeIDE\workspace_1.14.1\cobuemx_uart_tx_rx_int\Core\Src\main.c
2024-04-16 00:19:43,406 [INFO] ProjectBuilder:3076 - Time for Copy HAL[1] : 102mS.
2024-04-16 00:19:43,408 [INFO] ProjectBuilder:4485 - Project Generator version: 4.2.0-B44
2024-04-16 00:19:43,497 [INFO] ConfigFileManager:1495 - The Die is : DIE413
2024-04-16 00:19:43,499 [INFO] ApiDbMcu:508 - Load IP Config File for FATFS
2024-04-16 00:19:43,501 [INFO] ApiDbMcu:508 - Load IP Config File for FREERTOS
2024-04-16 00:19:43,502 [INFO] ApiDbMcu:508 - Load IP Config File for LIBJPEG
2024-04-16 00:19:43,503 [INFO] ApiDbMcu:508 - Load IP Config File for LWIP
2024-04-16 00:19:43,506 [INFO] ApiDbMcu:508 - Load IP Config File for MBEDTLS
2024-04-16 00:19:43,509 [INFO] ApiDbMcu:508 - Load IP Config File for USB_DEVICE
2024-04-16 00:19:43,510 [INFO] ApiDbMcu:508 - Load IP Config File for USB_HOST
2024-04-16 00:19:44,597 [INFO] ProjectBuilder:4747 - Time for Generating toolchain IDE Files: 1189mS.
2024-04-16 00:19:44,598 [INFO] ProjectBuilder:2947 - Time for Copy CMSIS : 1mS.
2024-04-16 00:19:44,604 [INFO] ProjectBuilder:2947 - Time for Copy CMSIS : 0mS.
