2024-09-04 09:26:41,770 [INFO] UtilMem:75 - End SaveConfig() Used Memory: 742158288 Bytes (1073741824)
2024-09-04 09:26:52,057 [INFO] MainUpdater:2873 - connection check result : 10
2024-09-04 09:26:52,057 [INFO] MainUpdater:2873 - connection check result : 10
2024-09-04 09:26:52,153 [INFO] MicroXplorer:468 - Change Database Path : 
2024-09-04 09:26:52,153 [INFO] MicroXplorer:498 - Change Database Version : DB.6.0.100
2024-09-04 09:26:52,172 [ERROR] ProjectManagerView:394 - 
java.lang.NullPointerException: Cannot invoke "javax.swing.JTextField.getText()" because the return value of "java.util.List.get(int)" is null
	at com.st.microxplorer.plugins.projectmanager.gui.ProjectChoiceTab$10.caretUpdate(ProjectChoiceTab.java:2493) ~[filemanager.jar:?]
	at javax.swing.text.JTextComponent.fireCaretUpdate(JTextComponent.java:412) ~[?:?]
	at javax.swing.text.JTextComponent$MutableCaretEvent.fire(JTextComponent.java:4491) ~[?:?]
	at javax.swing.text.JTextComponent$MutableCaretEvent.stateChanged(JTextComponent.java:4513) ~[?:?]
	at javax.swing.text.DefaultCaret.fireStateChanged(DefaultCaret.java:842) ~[?:?]
	at javax.swing.text.DefaultCaret.changeCaretPosition(DefaultCaret.java:1313) ~[?:?]
	at javax.swing.text.DefaultCaret.handleSetDot(DefaultCaret.java:1212) ~[?:?]
	at javax.swing.text.DefaultCaret.setDot(DefaultCaret.java:1193) ~[?:?]
	at javax.swing.text.DefaultCaret$Handler.insertUpdate(DefaultCaret.java:1789) ~[?:?]
	at javax.swing.text.AbstractDocument.fireInsertUpdate(AbstractDocument.java:226) ~[?:?]
	at javax.swing.text.AbstractDocument.handleInsertString(AbstractDocument.java:780) ~[?:?]
	at javax.swing.text.AbstractDocument.insertString(AbstractDocument.java:739) ~[?:?]
	at javax.swing.text.PlainDocument.insertString(PlainDocument.java:131) ~[?:?]
	at javax.swing.text.AbstractDocument.replace(AbstractDocument.java:698) ~[?:?]
	at javax.swing.text.JTextComponent.setText(JTextComponent.java:1729) ~[?:?]
	at com.st.microxplorer.plugins.projectmanager.gui.ProjectChoiceTab.createHeapStackFields(ProjectChoiceTab.java:933) ~[filemanager.jar:?]
	at com.st.microxplorer.plugins.projectmanager.gui.ProjectChoiceTab.buildLinkSettingsPanel(ProjectChoiceTab.java:3426) ~[filemanager.jar:?]
	at com.st.microxplorer.plugins.projectmanager.gui.ProjectChoiceTab.defineWindowsFields(ProjectChoiceTab.java:1813) ~[filemanager.jar:?]
	at com.st.microxplorer.plugins.projectmanager.gui.ProjectChoiceTab.updateSettings(ProjectChoiceTab.java:533) ~[filemanager.jar:?]
	at com.st.microxplorer.plugins.projectmanager.gui.ProjectSettingsPanel.UpdateDialog(ProjectSettingsPanel.java:244) ~[filemanager.jar:?]
	at com.st.microxplorer.plugins.projectmanager.ProjectManagerView.propertyChange(ProjectManagerView.java:391) ~[filemanager.jar:?]
	at java.beans.PropertyChangeSupport.fire(PropertyChangeSupport.java:343) ~[?:?]
	at java.beans.PropertyChangeSupport.firePropertyChange(PropertyChangeSupport.java:335) ~[?:?]
	at java.beans.PropertyChangeSupport.firePropertyChange(PropertyChangeSupport.java:268) ~[?:?]
	at com.st.microxplorer.util.MXPropertyChangeSupport.firePropertyChange(MXPropertyChangeSupport.java:54) ~[STM32CubeMX.jar:?]
	at com.st.microxplorer.mxsystem.MxSystem.closeConfig(MxSystem.java:900) ~[STM32CubeMX.jar:?]
	at com.st.microxplorer.maingui.MainPanel.closeConfig(MainPanel.java:776) ~[STM32CubeMX.jar:?]
	at com.st.microxplorer.plugins.filemanager.engine.OpenFileManager.loadConfigurationFile(OpenFileManager.java:245) ~[filemanager.jar:?]
	at com.st.microxplorer.plugins.filemanager.engine.MainFileManager.userLoadConfig(MainFileManager.java:290) ~[filemanager.jar:?]
	at com.st.microxplorer.plugins.filemanager.FileManagerView.getSpecificTask(FileManagerView.java:247) ~[filemanager.jar:?]
	at com.st.stm32cube.common.mx.editor.CubeMxEditor.getMxTabbedPaneInstance(CubeMxEditor.java:1184) ~[com.st.stm32cube.common.mx_6.10.0.202311202037/:?]
	at com.st.stm32cube.common.mx.editor.CubeMxEditor$12$1.createSwingComponent(CubeMxEditor.java:1065) ~[com.st.stm32cube.common.mx_6.10.0.202311202037/:?]
	at com.st.stm32cube.common.mx.oss.core.awtswtbridge.EmbeddedSwingComposite.doComponentCreation(EmbeddedSwingComposite.java:492) ~[com.st.stm32cube.common.mx.oss_6.10.0.202311202037/:?]
	at com.st.stm32cube.common.mx.oss.core.awtswtbridge.EmbeddedSwingComposite$4.run(EmbeddedSwingComposite.java:291) ~[com.st.stm32cube.common.mx.oss_6.10.0.202311202037/:?]
	at com.st.stm32cube.common.mx.oss.core.awtswtbridge.AwtEnvironment$2.run(AwtEnvironment.java:166) ~[com.st.stm32cube.common.mx.oss_6.10.0.202311202037/:?]
	at java.awt.event.InvocationEvent.dispatch(InvocationEvent.java:318) ~[?:?]
	at java.awt.EventQueue.dispatchEventImpl(EventQueue.java:773) ~[?:?]
	at java.awt.EventQueue$4.run(EventQueue.java:720) ~[?:?]
	at java.awt.EventQueue$4.run(EventQueue.java:714) ~[?:?]
	at java.security.AccessController.doPrivileged(AccessController.java:399) ~[?:?]
	at java.security.ProtectionDomain$JavaSecurityAccessImpl.doIntersectionPrivilege(ProtectionDomain.java:86) ~[?:?]
	at java.awt.EventQueue.dispatchEvent(EventQueue.java:742) ~[?:?]
	at java.awt.EventDispatchThread.pumpOneEventForFilters(EventDispatchThread.java:203) ~[?:?]
	at java.awt.EventDispatchThread.pumpEventsForFilter(EventDispatchThread.java:124) ~[?:?]
	at java.awt.EventDispatchThread.pumpEventsForHierarchy(EventDispatchThread.java:113) ~[?:?]
	at java.awt.EventDispatchThread.pumpEvents(EventDispatchThread.java:109) ~[?:?]
	at java.awt.EventDispatchThread.pumpEvents(EventDispatchThread.java:101) ~[?:?]
	at java.awt.EventDispatchThread.run(EventDispatchThread.java:90) ~[?:?]
2024-09-04 09:26:52,174 [WARN] ThirdParty:871 - waiting for thirdparty lock release [close project]
2024-09-04 09:26:52,174 [INFO] ThirdParty:873 - entering critical section [close project]
2024-09-04 09:26:52,174 [INFO] ThirdParty:883 - exiting critical section [close project]
2024-09-04 09:26:52,176 [INFO] PinOutPanel:1499 - setPackage(No Configuration,No Configuration)
2024-09-04 09:26:52,181 [WARN] IpParametersView:151 - Warning: This peripheral hasn't parameters
2024-09-04 09:26:52,186 [WARN] MainPanel:272 - <html><b><center>Warning: This peripheral has no parameters to be configured<br></b></html>
2024-09-04 09:26:52,192 [INFO] UtilMem:75 - Begin LoadConfig() Used Memory: 772836232 Bytes (1073741824)
2024-09-04 09:26:52,193 [INFO] MicroXplorer:468 - Change Database Path : 
2024-09-04 09:26:52,193 [INFO] MicroXplorer:498 - Change Database Version : DB.6.0.100
2024-09-04 09:26:52,193 [INFO] OpenFileManager:312 - Change cursor
2024-09-04 09:26:52,227 [INFO] RulesReader:64 - Compatibility file has been processed (297 Rules)
2024-09-04 09:26:52,257 [INFO] Mcu:2016 - Initializing MCU STM32F407V(E-G)Tx STM32F407VGTx STM32F407VGT6
2024-09-04 09:26:53,759 [INFO] Context:659 - Trying to add GPIOservice into a context  which must be forbidden
2024-09-04 09:26:54,033 [INFO] RtosManager:555 - Registered RTOS mode: class=CMSIS, group=RTOS, mode=CMSIS_V1, owner=FREERTOS
2024-09-04 09:26:54,033 [INFO] RtosManager:555 - Registered RTOS mode: class=CMSIS, group=RTOS2, mode=CMSIS_V2, owner=FREERTOS
2024-09-04 09:26:54,033 [INFO] RtosManager:555 - Registered RTOS mode: class=RTOS, group=Core, mode=CMSIS_V1, owner=FREERTOS
2024-09-04 09:26:54,033 [INFO] RtosManager:555 - Registered RTOS mode: class=RTOS, group=Core, mode=CMSIS_V2, owner=FREERTOS
2024-09-04 09:26:54,033 [WARN] ModelIntegratedComponent:184 - Missing modes for component STMicroelectronics:FreeRTOS:0.0.1:STMicroelectronics:RTOS:FreeRTOS:Core:::10.2.0:
2024-09-04 09:26:54,042 [WARN] ModelIntegratedComponent:63 - No mode defined for component null
2024-09-04 09:26:54,042 [WARN] ModelIntegratedComponent:63 - No mode defined for component null
2024-09-04 09:26:54,042 [WARN] ModelIntegratedComponent:63 - No mode defined for component null
2024-09-04 09:26:54,042 [WARN] ModelIntegratedComponent:63 - No mode defined for component null
2024-09-04 09:26:54,042 [WARN] ModelIntegratedComponent:63 - No mode defined for component null
2024-09-04 09:26:54,042 [WARN] ModelIntegratedComponent:63 - No mode defined for component null
2024-09-04 09:26:54,042 [WARN] ModelIntegratedComponent:63 - No mode defined for component null
2024-09-04 09:26:54,042 [WARN] ModelIntegratedComponent:63 - No mode defined for component null
2024-09-04 09:26:54,042 [WARN] ModelIntegratedComponent:63 - No mode defined for component null
2024-09-04 09:26:54,042 [WARN] ModelIntegratedComponent:63 - No mode defined for component null
2024-09-04 09:26:54,042 [WARN] ModelIntegratedComponent:63 - No mode defined for component null
2024-09-04 09:26:54,042 [WARN] ModelIntegratedComponent:63 - No mode defined for component null
2024-09-04 09:26:54,042 [WARN] ModelIntegratedComponent:63 - No mode defined for component null
2024-09-04 09:26:54,042 [WARN] ModelIntegratedComponent:63 - No mode defined for component null
2024-09-04 09:26:54,042 [WARN] ModelIntegratedComponent:63 - No mode defined for component null
2024-09-04 09:26:54,042 [WARN] ModelIntegratedComponent:63 - No mode defined for component null
2024-09-04 09:26:54,042 [WARN] ModelIntegratedComponent:63 - No mode defined for component null
2024-09-04 09:26:54,042 [WARN] ModelIntegratedComponent:63 - No mode defined for component null
2024-09-04 09:26:54,042 [WARN] ModelIntegratedComponent:63 - No mode defined for component null
2024-09-04 09:26:54,042 [WARN] ModelIntegratedComponent:63 - No mode defined for component null
2024-09-04 09:26:54,042 [WARN] ModelIntegratedComponent:63 - No mode defined for component null
2024-09-04 09:26:54,042 [WARN] ModelIntegratedComponent:63 - No mode defined for component null
2024-09-04 09:26:54,042 [WARN] ModelIntegratedComponent:63 - No mode defined for component null
2024-09-04 09:26:54,042 [WARN] ModelIntegratedComponent:63 - No mode defined for component null
2024-09-04 09:26:54,042 [WARN] ModelIntegratedComponent:63 - No mode defined for component null
2024-09-04 09:26:54,042 [WARN] ModelIntegratedComponent:63 - No mode defined for component null
2024-09-04 09:26:54,042 [WARN] ModelIntegratedComponent:63 - No mode defined for component null
2024-09-04 09:26:54,042 [WARN] ModelIntegratedComponent:63 - No mode defined for component null
2024-09-04 09:26:54,042 [WARN] ModelIntegratedComponent:63 - No mode defined for component null
2024-09-04 09:26:54,042 [WARN] ModelIntegratedComponent:63 - No mode defined for component null
2024-09-04 09:26:54,042 [WARN] ModelIntegratedComponent:63 - No mode defined for component null
2024-09-04 09:26:54,042 [WARN] ModelIntegratedComponent:63 - No mode defined for component null
2024-09-04 09:26:54,042 [WARN] ModelIntegratedComponent:63 - No mode defined for component null
2024-09-04 09:26:54,117 [INFO] ThirdPartyModel:298 - Start build external matchings
2024-09-04 09:26:55,136 [INFO] ThirdPartyModel:316 - End build external matchings
2024-09-04 09:26:55,360 [INFO] UtilMem:75 - End LoadConfig() Used Memory: 923326760 Bytes (1073741824)
2024-09-04 09:26:55,403 [INFO] MicroXplorer:468 - Change Database Path : 
2024-09-04 09:26:55,403 [INFO] MicroXplorer:498 - Change Database Version : DB.6.0.100
2024-09-04 09:26:55,404 [WARN] ThirdParty:833 - waiting for thirdparty lock release [change project]
2024-09-04 09:26:55,404 [INFO] ThirdParty:835 - entering critical section [change project]
2024-09-04 09:26:55,404 [INFO] ThirdParty:1030 - CMSIS Pack Vendor :STMicroelectronics USBPD 4.1
2024-09-04 09:26:55,404 [INFO] ThirdParty:1030 - CMSIS Pack Vendor :STMicroelectronics X-CUBE-AZRTOS-H7 3.3.0
2024-09-04 09:26:55,404 [INFO] ThirdParty:1030 - CMSIS Pack Vendor :STMicroelectronics X-CUBE-GNSS1 6.0.0
2024-09-04 09:26:55,404 [INFO] ThirdParty:1030 - CMSIS Pack Vendor :STMicroelectronics USB_HOST 2.0.0
2024-09-04 09:26:55,404 [INFO] ThirdParty:1030 - CMSIS Pack Vendor :STMicroelectronics FP-SNS-MOTENVWB1 1.4.0
2024-09-04 09:26:55,404 [INFO] ThirdParty:1030 - CMSIS Pack Vendor :STMicroelectronics X-CUBE-AZRTOS-F4 1.1.0
2024-09-04 09:26:55,404 [INFO] ThirdParty:1030 - CMSIS Pack Vendor :STMicroelectronics LIBJPEG 8.0.0
2024-09-04 09:26:55,404 [INFO] ThirdParty:1030 - CMSIS Pack Vendor :STMicroelectronics X-CUBE-SMBUS 2.1.0
2024-09-04 09:26:55,404 [INFO] ThirdParty:1030 - CMSIS Pack Vendor :STMicroelectronics USB_DEVICE 3.0.0
2024-09-04 09:26:55,404 [INFO] ThirdParty:1030 - CMSIS Pack Vendor :STMicroelectronics X-CUBE-TCPP 4.1.0
2024-09-04 09:26:55,404 [INFO] ThirdParty:1030 - CMSIS Pack Vendor :STMicroelectronics X-CUBE-FREERTOS 1.2.0
2024-09-04 09:26:55,404 [INFO] ThirdParty:1030 - CMSIS Pack Vendor :STMicroelectronics X-CUBE-AZRTOS-WB 2.0.0
2024-09-04 09:26:55,404 [INFO] ThirdParty:1030 - CMSIS Pack Vendor :wolfSSL I-CUBE-wolfSSL 5.6.6
2024-09-04 09:26:55,404 [INFO] ThirdParty:1030 - CMSIS Pack Vendor :STMicroelectronics X-CUBE-TOUCHGFX 4.23.1
2024-09-04 09:26:55,404 [INFO] ThirdParty:1030 - CMSIS Pack Vendor :STMicroelectronics X-CUBE-TOUCHGFX 4.23.0
2024-09-04 09:26:55,404 [INFO] ThirdParty:1030 - CMSIS Pack Vendor :STMicroelectronics X-CUBE-TOUCHGFX 4.23.2
2024-09-04 09:26:55,404 [INFO] ThirdParty:1030 - CMSIS Pack Vendor :STMicroelectronics X-CUBE-AZRTOS-F7 1.1.0
2024-09-04 09:26:55,404 [INFO] ThirdParty:1030 - CMSIS Pack Vendor :STMicroelectronics X-CUBE-AZRTOS-L5 2.0.0
2024-09-04 09:26:55,404 [INFO] ThirdParty:1030 - CMSIS Pack Vendor :STMicroelectronics USB_DEVICE 2.0.0
2024-09-04 09:26:55,404 [INFO] ThirdParty:1030 - CMSIS Pack Vendor :STMicroelectronics X-CUBE-NFC6 3.1.0
2024-09-04 09:26:55,404 [INFO] ThirdParty:1030 - CMSIS Pack Vendor :ITTIA_DB I-CUBE-ITTIADB 8.8.0
2024-09-04 09:26:55,404 [INFO] ThirdParty:1030 - CMSIS Pack Vendor :STMicroelectronics FP-SNS-STBOX1 2.0.0
2024-09-04 09:26:55,404 [INFO] ThirdParty:1030 - CMSIS Pack Vendor :STMicroelectronics FP-SNS-MOTENV1 4.3.2
2024-09-04 09:26:55,404 [INFO] ThirdParty:1030 - CMSIS Pack Vendor :STMicroelectronics X-CUBE-ALGOBUILD 1.3.0
2024-09-04 09:26:55,404 [INFO] ThirdParty:1030 - CMSIS Pack Vendor :STMicroelectronics X-CUBE-MEMS1 11.0.0
2024-09-04 09:26:55,404 [INFO] ThirdParty:1030 - CMSIS Pack Vendor :STMicroelectronics FreeRTOS 0.0.1
2024-09-04 09:26:55,404 [INFO] ThirdParty:1030 - CMSIS Pack Vendor :STMicroelectronics X-CUBE-AZRTOS-G0 1.1.0
2024-09-04 09:26:55,404 [INFO] ThirdParty:1030 - CMSIS Pack Vendor :STMicroelectronics X-CUBE-SAFEA1 1.2.2
2024-09-04 09:26:55,404 [INFO] ThirdParty:1030 - CMSIS Pack Vendor :STMicroelectronics X-CUBE-NFC4 3.0.0
2024-09-04 09:26:55,404 [INFO] ThirdParty:1030 - CMSIS Pack Vendor :STMicroelectronics X-CUBE-DPower 1.2.0
2024-09-04 09:26:55,404 [INFO] ThirdParty:1030 - CMSIS Pack Vendor :STMicroelectronics X-CUBE-SUBG2 5.0.0
2024-09-04 09:26:55,404 [INFO] ThirdParty:1030 - CMSIS Pack Vendor :STMicroelectronics STM32_WPAN 1.0.0
2024-09-04 09:26:55,404 [INFO] ThirdParty:1030 - CMSIS Pack Vendor :EmbeddedOffice I-CUBE-FS-RTOS 1.0.1
2024-09-04 09:26:55,404 [INFO] ThirdParty:1030 - CMSIS Pack Vendor :STMicroelectronics lwIP 2.0.3
2024-09-04 09:26:55,404 [INFO] ThirdParty:1030 - CMSIS Pack Vendor :STMicroelectronics FP-SNS-FLIGHT1 5.0.2
2024-09-04 09:26:55,404 [INFO] ThirdParty:1030 - CMSIS Pack Vendor :Cesanta I-CUBE-Mongoose 7.13.0
2024-09-04 09:26:55,404 [INFO] ThirdParty:1030 - CMSIS Pack Vendor :STMicroelectronics USB_HOST 1.0.0
2024-09-04 09:26:55,405 [INFO] ThirdParty:1030 - CMSIS Pack Vendor :STMicroelectronics X-CUBE-AI 9.0.0
2024-09-04 09:26:55,405 [INFO] ThirdParty:1030 - CMSIS Pack Vendor :STMicroelectronics X-CUBE-AZRTOS-G4 2.0.0
2024-09-04 09:26:55,405 [INFO] ThirdParty:1030 - CMSIS Pack Vendor :STMicroelectronics PDM2PCM 3.1.0
2024-09-04 09:26:55,405 [INFO] ThirdParty:1030 - CMSIS Pack Vendor :Infineon AIROC-Wi-Fi-Bluetooth-STM32 1.5.1
2024-09-04 09:26:55,405 [INFO] ThirdParty:1030 - CMSIS Pack Vendor :STMicroelectronics PDM2PCM 3.3.0
2024-09-04 09:26:55,405 [INFO] ThirdParty:1030 - CMSIS Pack Vendor :STMicroelectronics X-CUBE-DISPLAY 3.0.0
2024-09-04 09:26:55,405 [INFO] ThirdParty:1030 - CMSIS Pack Vendor :RealThread X-CUBE-RT-Thread_Nano 4.1.1
2024-09-04 09:26:55,405 [INFO] ThirdParty:1030 - CMSIS Pack Vendor :STMicroelectronics FP-SNS-MOTENVWB1 1.3.1
2024-09-04 09:26:55,405 [INFO] ThirdParty:1030 - CMSIS Pack Vendor :STMicroelectronics X-CUBE-BLE1 7.0.0
2024-09-04 09:26:55,405 [INFO] ThirdParty:1030 - CMSIS Pack Vendor :STMicroelectronics FP-ATR-SIGFOX1 3.2.0
2024-09-04 09:26:55,405 [INFO] ThirdParty:1030 - CMSIS Pack Vendor :STMicroelectronics X-CUBE-ISPU 2.0.0
2024-09-04 09:26:55,405 [INFO] ThirdParty:1030 - CMSIS Pack Vendor :STMicroelectronics X-CUBE-EEPRMA1 5.1.0
2024-09-04 09:26:55,405 [INFO] ThirdParty:1030 - CMSIS Pack Vendor :STMicroelectronics HAL Drivers 0.0.0
2024-09-04 09:26:55,405 [INFO] ThirdParty:1030 - CMSIS Pack Vendor :STMicroelectronics MBEDTLS 2.16.2
2024-09-04 09:26:55,405 [INFO] ThirdParty:1030 - CMSIS Pack Vendor :STMicroelectronics X-CUBE-ALS 1.0.2
2024-09-04 09:26:55,405 [INFO] ThirdParty:1030 - CMSIS Pack Vendor :emotas I-CUBE-CANOPEN 1.3.0
2024-09-04 09:26:55,405 [INFO] ThirdParty:1030 - CMSIS Pack Vendor :STMicroelectronics X-CUBE-MEMS1 10.0.0
2024-09-04 09:26:55,406 [INFO] ThirdParty:1030 - CMSIS Pack Vendor :STMicroelectronics X-CUBE-FREERTOS 1.1.0
2024-09-04 09:26:55,406 [INFO] ThirdParty:1030 - CMSIS Pack Vendor :STMicroelectronics X-CUBE-NFC7 1.0.1
2024-09-04 09:26:55,406 [INFO] ThirdParty:1030 - CMSIS Pack Vendor :STMicroelectronics MBEDTLS 2.14.1
2024-09-04 09:26:55,406 [INFO] ThirdParty:1030 - CMSIS Pack Vendor :STMicroelectronics X-CUBE-TOUCHGFX 4.24.0
2024-09-04 09:26:55,406 [INFO] ThirdParty:1030 - CMSIS Pack Vendor :wolfSSL I-CUBE-wolfTPM 3.2.0
2024-09-04 09:26:55,406 [INFO] ThirdParty:1030 - CMSIS Pack Vendor :STMicroelectronics X-CUBE-NFC6 3.0.0
2024-09-04 09:26:55,406 [INFO] ThirdParty:1030 - CMSIS Pack Vendor :portGmbH I-Cube-SoM-uGOAL 1.1.0
2024-09-04 09:26:55,406 [INFO] ThirdParty:1030 - CMSIS Pack Vendor :STMicroelectronics X-CUBE-ALS 1.0.1
2024-09-04 09:26:55,406 [INFO] ThirdParty:1030 - CMSIS Pack Vendor :STMicroelectronics X-CUBE-BLEMGR 3.1.0
2024-09-04 09:26:55,406 [INFO] ThirdParty:1030 - CMSIS Pack Vendor :STMicroelectronics ThreadX 1.0.0
2024-09-04 09:26:55,406 [INFO] ThirdParty:1030 - CMSIS Pack Vendor :STMicroelectronics FP-SNS-SMARTAG2 1.2.0
2024-09-04 09:26:55,406 [INFO] ThirdParty:1030 - CMSIS Pack Vendor :STMicroelectronics X-CUBE-AZRTOS-WL 2.0.0
2024-09-04 09:26:55,406 [INFO] ThirdParty:1030 - CMSIS Pack Vendor :SEGGER I-CUBE-embOS 1.3.1
2024-09-04 09:26:55,406 [INFO] ThirdParty:1030 - CMSIS Pack Vendor :STMicroelectronics X-CUBE-ALGOBUILD 1.4.0
2024-09-04 09:26:55,406 [INFO] ThirdParty:1030 - CMSIS Pack Vendor :STMicroelectronics FP-SNS-MOTENV1 5.0.0
2024-09-04 09:26:55,406 [INFO] ThirdParty:1030 - CMSIS Pack Vendor :STMicroelectronics USB_DEVICE 1.0.0
2024-09-04 09:26:55,406 [INFO] ThirdParty:1030 - CMSIS Pack Vendor :STMicroelectronics X-CUBE-AI 8.1.0
2024-09-04 09:26:55,406 [INFO] ThirdParty:1030 - CMSIS Pack Vendor :STMicroelectronics X-CUBE-AZRTOS-H7RS 1.0.0
2024-09-04 09:26:55,406 [INFO] ThirdParty:1030 - CMSIS Pack Vendor :wolfSSL I-CUBE-wolfMQTT 1.19.0
2024-09-04 09:26:55,406 [INFO] ThirdParty:1030 - CMSIS Pack Vendor :STMicroelectronics X-CUBE-AZRTOS-L4 2.0.0
2024-09-04 09:26:55,406 [INFO] ThirdParty:1030 - CMSIS Pack Vendor :STMicroelectronics ThreadX 0.0.2
2024-09-04 09:26:55,406 [INFO] ThirdParty:1030 - CMSIS Pack Vendor :WES I-CUBE-Cesium 1.3.0
2024-09-04 09:26:55,406 [INFO] ThirdParty:1030 - CMSIS Pack Vendor :STMicroelectronics FP-ATR-ASTRA1 2.0.0
2024-09-04 09:26:55,407 [INFO] ThirdParty:1030 - CMSIS Pack Vendor :STMicroelectronics lwIP 2.1.2
2024-09-04 09:26:55,407 [INFO] ThirdParty:1030 - CMSIS Pack Vendor :STMicroelectronics X-CUBE-SFXS2LP1 4.0.0
2024-09-04 09:26:55,407 [INFO] ThirdParty:1030 - CMSIS Pack Vendor :STMicroelectronics X-CUBE-BLE2 3.3.0
2024-09-04 09:26:55,407 [INFO] ThirdParty:1030 - CMSIS Pack Vendor :STMicroelectronics X-CUBE-TOF1 3.4.2
2024-09-04 09:26:55,407 [INFO] ThirdParty:1030 - CMSIS Pack Vendor :STMicroelectronics X-CUBE-TOF1 3.4.0
2024-09-04 09:26:55,407 [INFO] ThirdParty:1030 - CMSIS Pack Vendor :STMicroelectronics X-CUBE-TOF1 3.4.1
2024-09-04 09:26:55,407 [INFO] ThirdParty:1030 - CMSIS Pack Vendor :STMicroelectronics X-CUBE-AZRTOS-H7 3.2.0
2024-09-04 09:26:55,407 [INFO] ThirdParty:1030 - CMSIS Pack Vendor :STMicroelectronics PDM2PCM 3.2.0
2024-09-04 09:26:55,407 [INFO] ThirdParty:1030 - CMSIS Pack Vendor :wolfSSL I-CUBE-wolfSSH 1.4.17
2024-09-04 09:26:55,407 [INFO] ThirdParty:841 - exiting critical section [change project]
2024-09-04 09:26:55,602 [INFO] PinOutPanel:1499 - setPackage(No Configuration,No Configuration)
2024-09-04 09:26:55,604 [INFO] PinOutPanel:1499 - setPackage(STM32F407VGTx,LQFP100)
2024-09-04 09:26:55,808 [INFO] UtilMem:75 - Before build in PCC Used Memory: 908501504 Bytes (1073741824)
2024-09-04 09:26:56,061 [INFO] UtilMem:75 - After build in PCC Used Memory: 953590272 Bytes (1073741824)
2024-09-04 09:26:56,100 [INFO] IPUIPlugin:80 - create IPUIPlugin
2024-09-04 09:26:56,100 [INFO] IPUIPlugin:80 - create IPUIPlugin
2024-09-04 09:26:56,100 [INFO] IPUIPlugin:80 - create IPUIPlugin
2024-09-04 09:26:56,100 [INFO] IPUIPlugin:80 - create IPUIPlugin
2024-09-04 09:26:56,100 [INFO] IPUIPlugin:80 - create IPUIPlugin
2024-09-04 09:26:56,100 [INFO] IPUIPlugin:80 - create IPUIPlugin
2024-09-04 09:26:56,100 [INFO] IPUIPlugin:80 - create IPUIPlugin
2024-09-04 09:26:56,100 [INFO] IPUIPlugin:80 - create IPUIPlugin
2024-09-04 09:26:56,100 [INFO] IPUIPlugin:80 - create IPUIPlugin
2024-09-04 09:26:56,101 [INFO] IPUIPlugin:80 - create IPUIPlugin
2024-09-04 09:26:56,101 [INFO] IPUIPlugin:80 - create IPUIPlugin
2024-09-04 09:26:56,101 [INFO] IPUIPlugin:80 - create IPUIPlugin
2024-09-04 09:26:56,101 [INFO] IPUIPlugin:80 - create IPUIPlugin
2024-09-04 09:26:56,101 [INFO] IPUIPlugin:80 - create IPUIPlugin
2024-09-04 09:26:56,101 [INFO] IPUIPlugin:80 - create IPUIPlugin
2024-09-04 09:26:56,101 [INFO] IPUIPlugin:80 - create IPUIPlugin
2024-09-04 09:26:56,101 [INFO] IPUIPlugin:80 - create IPUIPlugin
2024-09-04 09:26:56,101 [INFO] IPUIPlugin:80 - create IPUIPlugin
2024-09-04 09:26:56,101 [INFO] IPUIPlugin:80 - create IPUIPlugin
2024-09-04 09:26:56,101 [INFO] IPUIPlugin:80 - create IPUIPlugin
2024-09-04 09:26:56,102 [INFO] IPUIPlugin:80 - create IPUIPlugin
2024-09-04 09:26:56,102 [INFO] IPUIPlugin:80 - create IPUIPlugin
2024-09-04 09:26:56,102 [INFO] IPUIPlugin:80 - create IPUIPlugin
2024-09-04 09:26:56,102 [INFO] IPUIPlugin:80 - create IPUIPlugin
2024-09-04 09:26:56,102 [INFO] IPUIPlugin:80 - create IPUIPlugin
2024-09-04 09:26:56,102 [INFO] IPUIPlugin:80 - create IPUIPlugin
2024-09-04 09:26:56,103 [INFO] IPUIPlugin:80 - create IPUIPlugin
2024-09-04 09:26:56,103 [INFO] IPUIPlugin:80 - create IPUIPlugin
2024-09-04 09:26:56,103 [INFO] IPUIPlugin:80 - create IPUIPlugin
2024-09-04 09:26:56,103 [INFO] IPUIPlugin:80 - create IPUIPlugin
2024-09-04 09:26:56,103 [INFO] IPUIPlugin:80 - create IPUIPlugin
2024-09-04 09:26:56,104 [INFO] IPUIPlugin:80 - create IPUIPlugin
2024-09-04 09:26:56,104 [INFO] IPUIPlugin:80 - create IPUIPlugin
2024-09-04 09:26:56,104 [INFO] IPUIPlugin:80 - create IPUIPlugin
2024-09-04 09:26:56,104 [INFO] IPUIPlugin:80 - create IPUIPlugin
2024-09-04 09:26:56,104 [INFO] IPUIPlugin:80 - create IPUIPlugin
2024-09-04 09:26:56,104 [INFO] IPUIPlugin:80 - create IPUIPlugin
2024-09-04 09:26:56,104 [INFO] IPUIPlugin:80 - create IPUIPlugin
2024-09-04 09:26:56,105 [INFO] IPUIPlugin:80 - create IPUIPlugin
2024-09-04 09:26:56,105 [INFO] IPUIPlugin:80 - create IPUIPlugin
2024-09-04 09:26:56,105 [INFO] IPUIPlugin:80 - create IPUIPlugin
2024-09-04 09:26:56,105 [INFO] IPUIPlugin:80 - create IPUIPlugin
2024-09-04 09:26:56,105 [INFO] IPUIPlugin:80 - create IPUIPlugin
2024-09-04 09:26:56,106 [INFO] IPUIPlugin:80 - create IPUIPlugin
2024-09-04 09:26:56,106 [INFO] IPUIPlugin:80 - create IPUIPlugin
2024-09-04 09:26:56,106 [INFO] IPUIPlugin:80 - create IPUIPlugin
2024-09-04 09:26:56,106 [INFO] IPUIPlugin:80 - create IPUIPlugin
2024-09-04 09:26:56,107 [INFO] IPUIPlugin:80 - create IPUIPlugin
2024-09-04 09:26:56,107 [INFO] IPUIPlugin:80 - create IPUIPlugin
2024-09-04 09:26:56,107 [INFO] IPUIPlugin:80 - create IPUIPlugin
2024-09-04 09:26:56,108 [INFO] IPUIPlugin:80 - create IPUIPlugin
2024-09-04 09:26:56,108 [INFO] IPUIPlugin:80 - create IPUIPlugin
2024-09-04 09:26:56,108 [INFO] IPUIPlugin:80 - create IPUIPlugin
2024-09-04 09:26:56,109 [INFO] IPUIPlugin:80 - create IPUIPlugin
2024-09-04 09:26:56,109 [INFO] IPUIPlugin:80 - create IPUIPlugin
2024-09-04 09:26:56,110 [INFO] IPUIPlugin:80 - create IPUIPlugin
2024-09-04 09:26:56,110 [INFO] IPUIPlugin:80 - create IPUIPlugin
2024-09-04 09:26:56,111 [INFO] IPUIPlugin:80 - create IPUIPlugin
2024-09-04 09:26:56,128 [INFO] ApiDbMcu:508 - Load IP Config File for PDM2PCM
2024-09-04 09:26:56,158 [INFO] CADModel:165 - CPN selected for project levelSTM32F407VGT6
2024-09-04 09:26:56,158 [INFO] CADModel:114 - Register for checkConnection events
2024-09-04 09:26:56,235 [INFO] OpenFileManager:343 - Restore cursor
2024-09-04 09:27:15,145 [INFO] NvicIntPanel:101 - NVIC parent = com.st.microxplorer.plugins.ip.nvic.MultiNvicIntPanel[,0,0,450x200,layout=javax.swing.BoxLayout,alignmentX=0.0,alignmentY=0.0,border=,flags=9,maximumSize=,minimumSize=,preferredSize=]
2024-09-04 09:28:13,572 [INFO] MainUpdater:2873 - connection check result : 10
2024-09-04 09:28:13,572 [INFO] MainUpdater:2873 - connection check result : 10
2024-09-04 09:28:13,587 [INFO] MicroXplorer:468 - Change Database Path : 
2024-09-04 09:28:13,588 [INFO] MicroXplorer:498 - Change Database Version : DB.6.0.100
2024-09-04 09:28:13,592 [ERROR] ProjectManagerView:394 - 
java.lang.NullPointerException: Cannot invoke "javax.swing.JTextField.getText()" because the return value of "java.util.List.get(int)" is null
	at com.st.microxplorer.plugins.projectmanager.gui.ProjectChoiceTab$10.caretUpdate(ProjectChoiceTab.java:2493) ~[filemanager.jar:?]
	at javax.swing.text.JTextComponent.fireCaretUpdate(JTextComponent.java:412) ~[?:?]
	at javax.swing.text.JTextComponent$MutableCaretEvent.fire(JTextComponent.java:4491) ~[?:?]
	at javax.swing.text.JTextComponent$MutableCaretEvent.stateChanged(JTextComponent.java:4513) ~[?:?]
	at javax.swing.text.DefaultCaret.fireStateChanged(DefaultCaret.java:842) ~[?:?]
	at javax.swing.text.DefaultCaret.changeCaretPosition(DefaultCaret.java:1313) ~[?:?]
	at javax.swing.text.DefaultCaret.handleSetDot(DefaultCaret.java:1212) ~[?:?]
	at javax.swing.text.DefaultCaret.setDot(DefaultCaret.java:1193) ~[?:?]
	at javax.swing.text.DefaultCaret$Handler.insertUpdate(DefaultCaret.java:1789) ~[?:?]
	at javax.swing.text.AbstractDocument.fireInsertUpdate(AbstractDocument.java:226) ~[?:?]
	at javax.swing.text.AbstractDocument.handleInsertString(AbstractDocument.java:780) ~[?:?]
	at javax.swing.text.AbstractDocument.insertString(AbstractDocument.java:739) ~[?:?]
	at javax.swing.text.PlainDocument.insertString(PlainDocument.java:131) ~[?:?]
	at javax.swing.text.AbstractDocument.replace(AbstractDocument.java:698) ~[?:?]
	at javax.swing.text.JTextComponent.setText(JTextComponent.java:1729) ~[?:?]
	at com.st.microxplorer.plugins.projectmanager.gui.ProjectChoiceTab.createHeapStackFields(ProjectChoiceTab.java:933) ~[filemanager.jar:?]
	at com.st.microxplorer.plugins.projectmanager.gui.ProjectChoiceTab.buildLinkSettingsPanel(ProjectChoiceTab.java:3426) ~[filemanager.jar:?]
	at com.st.microxplorer.plugins.projectmanager.gui.ProjectChoiceTab.defineWindowsFields(ProjectChoiceTab.java:1813) ~[filemanager.jar:?]
	at com.st.microxplorer.plugins.projectmanager.gui.ProjectChoiceTab.updateSettings(ProjectChoiceTab.java:533) ~[filemanager.jar:?]
	at com.st.microxplorer.plugins.projectmanager.gui.ProjectSettingsPanel.UpdateDialog(ProjectSettingsPanel.java:244) ~[filemanager.jar:?]
	at com.st.microxplorer.plugins.projectmanager.ProjectManagerView.propertyChange(ProjectManagerView.java:391) ~[filemanager.jar:?]
	at java.beans.PropertyChangeSupport.fire(PropertyChangeSupport.java:343) ~[?:?]
	at java.beans.PropertyChangeSupport.firePropertyChange(PropertyChangeSupport.java:335) ~[?:?]
	at java.beans.PropertyChangeSupport.firePropertyChange(PropertyChangeSupport.java:268) ~[?:?]
	at com.st.microxplorer.util.MXPropertyChangeSupport.firePropertyChange(MXPropertyChangeSupport.java:54) ~[STM32CubeMX.jar:?]
	at com.st.microxplorer.mxsystem.MxSystem.closeConfig(MxSystem.java:900) ~[STM32CubeMX.jar:?]
	at com.st.microxplorer.maingui.MainPanel.closeConfig(MainPanel.java:776) ~[STM32CubeMX.jar:?]
	at com.st.microxplorer.plugins.filemanager.engine.OpenFileManager.loadConfigurationFile(OpenFileManager.java:245) ~[filemanager.jar:?]
	at com.st.microxplorer.plugins.filemanager.engine.MainFileManager.userLoadConfig(MainFileManager.java:290) ~[filemanager.jar:?]
	at com.st.microxplorer.plugins.filemanager.FileManagerView.getSpecificTask(FileManagerView.java:247) ~[filemanager.jar:?]
	at com.st.stm32cube.common.mx.editor.CubeMxEditor.getMxTabbedPaneInstance(CubeMxEditor.java:1184) ~[com.st.stm32cube.common.mx_6.10.0.202311202037/:?]
	at com.st.stm32cube.common.mx.editor.CubeMxEditor$12$1.createSwingComponent(CubeMxEditor.java:1065) ~[com.st.stm32cube.common.mx_6.10.0.202311202037/:?]
	at com.st.stm32cube.common.mx.oss.core.awtswtbridge.EmbeddedSwingComposite.doComponentCreation(EmbeddedSwingComposite.java:492) ~[com.st.stm32cube.common.mx.oss_6.10.0.202311202037/:?]
	at com.st.stm32cube.common.mx.oss.core.awtswtbridge.EmbeddedSwingComposite$4.run(EmbeddedSwingComposite.java:291) ~[com.st.stm32cube.common.mx.oss_6.10.0.202311202037/:?]
	at com.st.stm32cube.common.mx.oss.core.awtswtbridge.AwtEnvironment$2.run(AwtEnvironment.java:166) ~[com.st.stm32cube.common.mx.oss_6.10.0.202311202037/:?]
	at java.awt.event.InvocationEvent.dispatch(InvocationEvent.java:318) ~[?:?]
	at java.awt.EventQueue.dispatchEventImpl(EventQueue.java:773) ~[?:?]
	at java.awt.EventQueue$4.run(EventQueue.java:720) ~[?:?]
	at java.awt.EventQueue$4.run(EventQueue.java:714) ~[?:?]
	at java.security.AccessController.doPrivileged(AccessController.java:399) ~[?:?]
	at java.security.ProtectionDomain$JavaSecurityAccessImpl.doIntersectionPrivilege(ProtectionDomain.java:86) ~[?:?]
	at java.awt.EventQueue.dispatchEvent(EventQueue.java:742) ~[?:?]
	at java.awt.EventDispatchThread.pumpOneEventForFilters(EventDispatchThread.java:203) ~[?:?]
	at java.awt.EventDispatchThread.pumpEventsForFilter(EventDispatchThread.java:124) ~[?:?]
	at java.awt.EventDispatchThread.pumpEventsForHierarchy(EventDispatchThread.java:113) ~[?:?]
	at java.awt.EventDispatchThread.pumpEvents(EventDispatchThread.java:109) ~[?:?]
	at java.awt.EventDispatchThread.pumpEvents(EventDispatchThread.java:101) ~[?:?]
	at java.awt.EventDispatchThread.run(EventDispatchThread.java:90) ~[?:?]
2024-09-04 09:28:13,594 [WARN] ThirdParty:871 - waiting for thirdparty lock release [close project]
2024-09-04 09:28:13,594 [INFO] ThirdParty:873 - entering critical section [close project]
2024-09-04 09:28:13,594 [INFO] ThirdParty:883 - exiting critical section [close project]
2024-09-04 09:28:13,595 [INFO] PinOutPanel:1499 - setPackage(No Configuration,No Configuration)
2024-09-04 09:28:13,598 [WARN] IpParametersView:151 - Warning: This peripheral hasn't parameters
2024-09-04 09:28:13,601 [WARN] MainPanel:272 - <html><b><center>Warning: This peripheral has no parameters to be configured<br></b></html>
2024-09-04 09:28:13,603 [INFO] UtilMem:75 - Begin LoadConfig() Used Memory: 774527488 Bytes (1073741824)
2024-09-04 09:28:13,604 [INFO] MicroXplorer:468 - Change Database Path : 
2024-09-04 09:28:13,604 [INFO] MicroXplorer:498 - Change Database Version : DB.6.0.100
2024-09-04 09:28:13,604 [INFO] OpenFileManager:312 - Change cursor
2024-09-04 09:28:13,610 [INFO] Mcu:2016 - Initializing MCU STM32F407V(E-G)Tx STM32F407VGTx STM32F407VGT6
2024-09-04 09:28:14,979 [INFO] Context:659 - Trying to add GPIOservice into a context  which must be forbidden
2024-09-04 09:28:15,335 [INFO] RtosManager:555 - Registered RTOS mode: class=CMSIS, group=RTOS, mode=CMSIS_V1, owner=FREERTOS
2024-09-04 09:28:15,336 [INFO] RtosManager:555 - Registered RTOS mode: class=CMSIS, group=RTOS2, mode=CMSIS_V2, owner=FREERTOS
2024-09-04 09:28:15,336 [INFO] RtosManager:555 - Registered RTOS mode: class=RTOS, group=Core, mode=CMSIS_V1, owner=FREERTOS
2024-09-04 09:28:15,336 [INFO] RtosManager:555 - Registered RTOS mode: class=RTOS, group=Core, mode=CMSIS_V2, owner=FREERTOS
2024-09-04 09:28:15,336 [WARN] ModelIntegratedComponent:184 - Missing modes for component STMicroelectronics:FreeRTOS:0.0.1:STMicroelectronics:RTOS:FreeRTOS:Core:::10.2.0:
2024-09-04 09:28:15,342 [WARN] ModelIntegratedComponent:63 - No mode defined for component null
2024-09-04 09:28:15,342 [WARN] ModelIntegratedComponent:63 - No mode defined for component null
2024-09-04 09:28:15,342 [WARN] ModelIntegratedComponent:63 - No mode defined for component null
2024-09-04 09:28:15,342 [WARN] ModelIntegratedComponent:63 - No mode defined for component null
2024-09-04 09:28:15,342 [WARN] ModelIntegratedComponent:63 - No mode defined for component null
2024-09-04 09:28:15,342 [WARN] ModelIntegratedComponent:63 - No mode defined for component null
2024-09-04 09:28:15,342 [WARN] ModelIntegratedComponent:63 - No mode defined for component null
2024-09-04 09:28:15,343 [WARN] ModelIntegratedComponent:63 - No mode defined for component null
2024-09-04 09:28:15,343 [WARN] ModelIntegratedComponent:63 - No mode defined for component null
2024-09-04 09:28:15,343 [WARN] ModelIntegratedComponent:63 - No mode defined for component null
2024-09-04 09:28:15,343 [WARN] ModelIntegratedComponent:63 - No mode defined for component null
2024-09-04 09:28:15,343 [WARN] ModelIntegratedComponent:63 - No mode defined for component null
2024-09-04 09:28:15,343 [WARN] ModelIntegratedComponent:63 - No mode defined for component null
2024-09-04 09:28:15,343 [WARN] ModelIntegratedComponent:63 - No mode defined for component null
2024-09-04 09:28:15,343 [WARN] ModelIntegratedComponent:63 - No mode defined for component null
2024-09-04 09:28:15,343 [WARN] ModelIntegratedComponent:63 - No mode defined for component null
2024-09-04 09:28:15,343 [WARN] ModelIntegratedComponent:63 - No mode defined for component null
2024-09-04 09:28:15,343 [WARN] ModelIntegratedComponent:63 - No mode defined for component null
2024-09-04 09:28:15,343 [WARN] ModelIntegratedComponent:63 - No mode defined for component null
2024-09-04 09:28:15,343 [WARN] ModelIntegratedComponent:63 - No mode defined for component null
2024-09-04 09:28:15,343 [WARN] ModelIntegratedComponent:63 - No mode defined for component null
2024-09-04 09:28:15,343 [WARN] ModelIntegratedComponent:63 - No mode defined for component null
2024-09-04 09:28:15,343 [WARN] ModelIntegratedComponent:63 - No mode defined for component null
2024-09-04 09:28:15,343 [WARN] ModelIntegratedComponent:63 - No mode defined for component null
2024-09-04 09:28:15,343 [WARN] ModelIntegratedComponent:63 - No mode defined for component null
2024-09-04 09:28:15,343 [WARN] ModelIntegratedComponent:63 - No mode defined for component null
2024-09-04 09:28:15,343 [WARN] ModelIntegratedComponent:63 - No mode defined for component null
2024-09-04 09:28:15,343 [WARN] ModelIntegratedComponent:63 - No mode defined for component null
2024-09-04 09:28:15,343 [WARN] ModelIntegratedComponent:63 - No mode defined for component null
2024-09-04 09:28:15,343 [WARN] ModelIntegratedComponent:63 - No mode defined for component null
2024-09-04 09:28:15,343 [WARN] ModelIntegratedComponent:63 - No mode defined for component null
2024-09-04 09:28:15,343 [WARN] ModelIntegratedComponent:63 - No mode defined for component null
2024-09-04 09:28:15,343 [WARN] ModelIntegratedComponent:63 - No mode defined for component null
2024-09-04 09:28:15,418 [INFO] ThirdPartyModel:298 - Start build external matchings
2024-09-04 09:28:16,384 [INFO] ThirdPartyModel:316 - End build external matchings
2024-09-04 09:28:16,661 [INFO] UtilMem:75 - End LoadConfig() Used Memory: 893968392 Bytes (1073741824)
2024-09-04 09:28:16,687 [INFO] MicroXplorer:468 - Change Database Path : 
2024-09-04 09:28:16,688 [INFO] MicroXplorer:498 - Change Database Version : DB.6.0.100
2024-09-04 09:28:16,688 [WARN] ThirdParty:833 - waiting for thirdparty lock release [change project]
2024-09-04 09:28:16,688 [INFO] ThirdParty:835 - entering critical section [change project]
2024-09-04 09:28:16,688 [INFO] ThirdParty:1030 - CMSIS Pack Vendor :STMicroelectronics USBPD 4.1
2024-09-04 09:28:16,688 [INFO] ThirdParty:1030 - CMSIS Pack Vendor :STMicroelectronics X-CUBE-AZRTOS-H7 3.3.0
2024-09-04 09:28:16,688 [INFO] ThirdParty:1030 - CMSIS Pack Vendor :STMicroelectronics X-CUBE-GNSS1 6.0.0
2024-09-04 09:28:16,688 [INFO] ThirdParty:1030 - CMSIS Pack Vendor :STMicroelectronics USB_HOST 2.0.0
2024-09-04 09:28:16,688 [INFO] ThirdParty:1030 - CMSIS Pack Vendor :STMicroelectronics FP-SNS-MOTENVWB1 1.4.0
2024-09-04 09:28:16,688 [INFO] ThirdParty:1030 - CMSIS Pack Vendor :STMicroelectronics X-CUBE-AZRTOS-F4 1.1.0
2024-09-04 09:28:16,688 [INFO] ThirdParty:1030 - CMSIS Pack Vendor :STMicroelectronics LIBJPEG 8.0.0
2024-09-04 09:28:16,688 [INFO] ThirdParty:1030 - CMSIS Pack Vendor :STMicroelectronics X-CUBE-SMBUS 2.1.0
2024-09-04 09:28:16,688 [INFO] ThirdParty:1030 - CMSIS Pack Vendor :STMicroelectronics USB_DEVICE 3.0.0
2024-09-04 09:28:16,688 [INFO] ThirdParty:1030 - CMSIS Pack Vendor :STMicroelectronics X-CUBE-TCPP 4.1.0
2024-09-04 09:28:16,688 [INFO] ThirdParty:1030 - CMSIS Pack Vendor :STMicroelectronics X-CUBE-FREERTOS 1.2.0
2024-09-04 09:28:16,688 [INFO] ThirdParty:1030 - CMSIS Pack Vendor :STMicroelectronics X-CUBE-AZRTOS-WB 2.0.0
2024-09-04 09:28:16,688 [INFO] ThirdParty:1030 - CMSIS Pack Vendor :wolfSSL I-CUBE-wolfSSL 5.6.6
2024-09-04 09:28:16,688 [INFO] ThirdParty:1030 - CMSIS Pack Vendor :STMicroelectronics X-CUBE-TOUCHGFX 4.23.1
2024-09-04 09:28:16,688 [INFO] ThirdParty:1030 - CMSIS Pack Vendor :STMicroelectronics X-CUBE-TOUCHGFX 4.23.0
2024-09-04 09:28:16,688 [INFO] ThirdParty:1030 - CMSIS Pack Vendor :STMicroelectronics X-CUBE-TOUCHGFX 4.23.2
2024-09-04 09:28:16,688 [INFO] ThirdParty:1030 - CMSIS Pack Vendor :STMicroelectronics X-CUBE-AZRTOS-F7 1.1.0
2024-09-04 09:28:16,688 [INFO] ThirdParty:1030 - CMSIS Pack Vendor :STMicroelectronics X-CUBE-AZRTOS-L5 2.0.0
2024-09-04 09:28:16,689 [INFO] ThirdParty:1030 - CMSIS Pack Vendor :STMicroelectronics USB_DEVICE 2.0.0
2024-09-04 09:28:16,689 [INFO] ThirdParty:1030 - CMSIS Pack Vendor :STMicroelectronics X-CUBE-NFC6 3.1.0
2024-09-04 09:28:16,689 [INFO] ThirdParty:1030 - CMSIS Pack Vendor :ITTIA_DB I-CUBE-ITTIADB 8.8.0
2024-09-04 09:28:16,689 [INFO] ThirdParty:1030 - CMSIS Pack Vendor :STMicroelectronics FP-SNS-STBOX1 2.0.0
2024-09-04 09:28:16,689 [INFO] ThirdParty:1030 - CMSIS Pack Vendor :STMicroelectronics FP-SNS-MOTENV1 4.3.2
2024-09-04 09:28:16,689 [INFO] ThirdParty:1030 - CMSIS Pack Vendor :STMicroelectronics X-CUBE-ALGOBUILD 1.3.0
2024-09-04 09:28:16,689 [INFO] ThirdParty:1030 - CMSIS Pack Vendor :STMicroelectronics X-CUBE-MEMS1 11.0.0
2024-09-04 09:28:16,689 [INFO] ThirdParty:1030 - CMSIS Pack Vendor :STMicroelectronics FreeRTOS 0.0.1
2024-09-04 09:28:16,689 [INFO] ThirdParty:1030 - CMSIS Pack Vendor :STMicroelectronics X-CUBE-AZRTOS-G0 1.1.0
2024-09-04 09:28:16,689 [INFO] ThirdParty:1030 - CMSIS Pack Vendor :STMicroelectronics X-CUBE-SAFEA1 1.2.2
2024-09-04 09:28:16,689 [INFO] ThirdParty:1030 - CMSIS Pack Vendor :STMicroelectronics X-CUBE-NFC4 3.0.0
2024-09-04 09:28:16,689 [INFO] ThirdParty:1030 - CMSIS Pack Vendor :STMicroelectronics X-CUBE-DPower 1.2.0
2024-09-04 09:28:16,689 [INFO] ThirdParty:1030 - CMSIS Pack Vendor :STMicroelectronics X-CUBE-SUBG2 5.0.0
2024-09-04 09:28:16,689 [INFO] ThirdParty:1030 - CMSIS Pack Vendor :STMicroelectronics STM32_WPAN 1.0.0
2024-09-04 09:28:16,689 [INFO] ThirdParty:1030 - CMSIS Pack Vendor :EmbeddedOffice I-CUBE-FS-RTOS 1.0.1
2024-09-04 09:28:16,689 [INFO] ThirdParty:1030 - CMSIS Pack Vendor :STMicroelectronics lwIP 2.0.3
2024-09-04 09:28:16,689 [INFO] ThirdParty:1030 - CMSIS Pack Vendor :STMicroelectronics FP-SNS-FLIGHT1 5.0.2
2024-09-04 09:28:16,689 [INFO] ThirdParty:1030 - CMSIS Pack Vendor :Cesanta I-CUBE-Mongoose 7.13.0
2024-09-04 09:28:16,689 [INFO] ThirdParty:1030 - CMSIS Pack Vendor :STMicroelectronics USB_HOST 1.0.0
2024-09-04 09:28:16,689 [INFO] ThirdParty:1030 - CMSIS Pack Vendor :STMicroelectronics X-CUBE-AI 9.0.0
2024-09-04 09:28:16,689 [INFO] ThirdParty:1030 - CMSIS Pack Vendor :STMicroelectronics X-CUBE-AZRTOS-G4 2.0.0
2024-09-04 09:28:16,689 [INFO] ThirdParty:1030 - CMSIS Pack Vendor :STMicroelectronics PDM2PCM 3.1.0
2024-09-04 09:28:16,689 [INFO] ThirdParty:1030 - CMSIS Pack Vendor :Infineon AIROC-Wi-Fi-Bluetooth-STM32 1.5.1
2024-09-04 09:28:16,689 [INFO] ThirdParty:1030 - CMSIS Pack Vendor :STMicroelectronics PDM2PCM 3.3.0
2024-09-04 09:28:16,689 [INFO] ThirdParty:1030 - CMSIS Pack Vendor :STMicroelectronics X-CUBE-DISPLAY 3.0.0
2024-09-04 09:28:16,689 [INFO] ThirdParty:1030 - CMSIS Pack Vendor :RealThread X-CUBE-RT-Thread_Nano 4.1.1
2024-09-04 09:28:16,689 [INFO] ThirdParty:1030 - CMSIS Pack Vendor :STMicroelectronics FP-SNS-MOTENVWB1 1.3.1
2024-09-04 09:28:16,689 [INFO] ThirdParty:1030 - CMSIS Pack Vendor :STMicroelectronics X-CUBE-BLE1 7.0.0
2024-09-04 09:28:16,689 [INFO] ThirdParty:1030 - CMSIS Pack Vendor :STMicroelectronics FP-ATR-SIGFOX1 3.2.0
2024-09-04 09:28:16,689 [INFO] ThirdParty:1030 - CMSIS Pack Vendor :STMicroelectronics X-CUBE-ISPU 2.0.0
2024-09-04 09:28:16,689 [INFO] ThirdParty:1030 - CMSIS Pack Vendor :STMicroelectronics X-CUBE-EEPRMA1 5.1.0
2024-09-04 09:28:16,689 [INFO] ThirdParty:1030 - CMSIS Pack Vendor :STMicroelectronics HAL Drivers 0.0.0
2024-09-04 09:28:16,689 [INFO] ThirdParty:1030 - CMSIS Pack Vendor :STMicroelectronics MBEDTLS 2.16.2
2024-09-04 09:28:16,689 [INFO] ThirdParty:1030 - CMSIS Pack Vendor :STMicroelectronics X-CUBE-ALS 1.0.2
2024-09-04 09:28:16,689 [INFO] ThirdParty:1030 - CMSIS Pack Vendor :emotas I-CUBE-CANOPEN 1.3.0
2024-09-04 09:28:16,689 [INFO] ThirdParty:1030 - CMSIS Pack Vendor :STMicroelectronics X-CUBE-MEMS1 10.0.0
2024-09-04 09:28:16,689 [INFO] ThirdParty:1030 - CMSIS Pack Vendor :STMicroelectronics X-CUBE-FREERTOS 1.1.0
2024-09-04 09:28:16,689 [INFO] ThirdParty:1030 - CMSIS Pack Vendor :STMicroelectronics X-CUBE-NFC7 1.0.1
2024-09-04 09:28:16,689 [INFO] ThirdParty:1030 - CMSIS Pack Vendor :STMicroelectronics MBEDTLS 2.14.1
2024-09-04 09:28:16,689 [INFO] ThirdParty:1030 - CMSIS Pack Vendor :STMicroelectronics X-CUBE-TOUCHGFX 4.24.0
2024-09-04 09:28:16,689 [INFO] ThirdParty:1030 - CMSIS Pack Vendor :wolfSSL I-CUBE-wolfTPM 3.2.0
2024-09-04 09:28:16,689 [INFO] ThirdParty:1030 - CMSIS Pack Vendor :STMicroelectronics X-CUBE-NFC6 3.0.0
2024-09-04 09:28:16,689 [INFO] ThirdParty:1030 - CMSIS Pack Vendor :portGmbH I-Cube-SoM-uGOAL 1.1.0
2024-09-04 09:28:16,689 [INFO] ThirdParty:1030 - CMSIS Pack Vendor :STMicroelectronics X-CUBE-ALS 1.0.1
2024-09-04 09:28:16,689 [INFO] ThirdParty:1030 - CMSIS Pack Vendor :STMicroelectronics X-CUBE-BLEMGR 3.1.0
2024-09-04 09:28:16,689 [INFO] ThirdParty:1030 - CMSIS Pack Vendor :STMicroelectronics ThreadX 1.0.0
2024-09-04 09:28:16,689 [INFO] ThirdParty:1030 - CMSIS Pack Vendor :STMicroelectronics FP-SNS-SMARTAG2 1.2.0
2024-09-04 09:28:16,689 [INFO] ThirdParty:1030 - CMSIS Pack Vendor :STMicroelectronics X-CUBE-AZRTOS-WL 2.0.0
2024-09-04 09:28:16,689 [INFO] ThirdParty:1030 - CMSIS Pack Vendor :SEGGER I-CUBE-embOS 1.3.1
2024-09-04 09:28:16,689 [INFO] ThirdParty:1030 - CMSIS Pack Vendor :STMicroelectronics X-CUBE-ALGOBUILD 1.4.0
2024-09-04 09:28:16,690 [INFO] ThirdParty:1030 - CMSIS Pack Vendor :STMicroelectronics FP-SNS-MOTENV1 5.0.0
2024-09-04 09:28:16,690 [INFO] ThirdParty:1030 - CMSIS Pack Vendor :STMicroelectronics USB_DEVICE 1.0.0
2024-09-04 09:28:16,690 [INFO] ThirdParty:1030 - CMSIS Pack Vendor :STMicroelectronics X-CUBE-AI 8.1.0
2024-09-04 09:28:16,690 [INFO] ThirdParty:1030 - CMSIS Pack Vendor :STMicroelectronics X-CUBE-AZRTOS-H7RS 1.0.0
2024-09-04 09:28:16,690 [INFO] ThirdParty:1030 - CMSIS Pack Vendor :wolfSSL I-CUBE-wolfMQTT 1.19.0
2024-09-04 09:28:16,690 [INFO] ThirdParty:1030 - CMSIS Pack Vendor :STMicroelectronics X-CUBE-AZRTOS-L4 2.0.0
2024-09-04 09:28:16,690 [INFO] ThirdParty:1030 - CMSIS Pack Vendor :STMicroelectronics ThreadX 0.0.2
2024-09-04 09:28:16,690 [INFO] ThirdParty:1030 - CMSIS Pack Vendor :WES I-CUBE-Cesium 1.3.0
2024-09-04 09:28:16,690 [INFO] ThirdParty:1030 - CMSIS Pack Vendor :STMicroelectronics FP-ATR-ASTRA1 2.0.0
2024-09-04 09:28:16,690 [INFO] ThirdParty:1030 - CMSIS Pack Vendor :STMicroelectronics lwIP 2.1.2
2024-09-04 09:28:16,690 [INFO] ThirdParty:1030 - CMSIS Pack Vendor :STMicroelectronics X-CUBE-SFXS2LP1 4.0.0
2024-09-04 09:28:16,690 [INFO] ThirdParty:1030 - CMSIS Pack Vendor :STMicroelectronics X-CUBE-BLE2 3.3.0
2024-09-04 09:28:16,690 [INFO] ThirdParty:1030 - CMSIS Pack Vendor :STMicroelectronics X-CUBE-TOF1 3.4.2
2024-09-04 09:28:16,690 [INFO] ThirdParty:1030 - CMSIS Pack Vendor :STMicroelectronics X-CUBE-TOF1 3.4.0
2024-09-04 09:28:16,690 [INFO] ThirdParty:1030 - CMSIS Pack Vendor :STMicroelectronics X-CUBE-TOF1 3.4.1
2024-09-04 09:28:16,690 [INFO] ThirdParty:1030 - CMSIS Pack Vendor :STMicroelectronics X-CUBE-AZRTOS-H7 3.2.0
2024-09-04 09:28:16,690 [INFO] ThirdParty:1030 - CMSIS Pack Vendor :STMicroelectronics PDM2PCM 3.2.0
2024-09-04 09:28:16,690 [INFO] ThirdParty:1030 - CMSIS Pack Vendor :wolfSSL I-CUBE-wolfSSH 1.4.17
2024-09-04 09:28:16,690 [INFO] ThirdParty:841 - exiting critical section [change project]
2024-09-04 09:28:16,807 [INFO] PinOutPanel:1499 - setPackage(No Configuration,No Configuration)
2024-09-04 09:28:16,807 [INFO] PinOutPanel:1499 - setPackage(STM32F407VGTx,LQFP100)
2024-09-04 09:28:16,953 [INFO] UtilMem:75 - Before build in PCC Used Memory: 860048104 Bytes (1073741824)
2024-09-04 09:28:17,123 [INFO] UtilMem:75 - After build in PCC Used Memory: 904614632 Bytes (1073741824)
2024-09-04 09:28:17,145 [INFO] IPUIPlugin:80 - create IPUIPlugin
2024-09-04 09:28:17,145 [INFO] IPUIPlugin:80 - create IPUIPlugin
2024-09-04 09:28:17,145 [INFO] IPUIPlugin:80 - create IPUIPlugin
2024-09-04 09:28:17,145 [INFO] IPUIPlugin:80 - create IPUIPlugin
2024-09-04 09:28:17,145 [INFO] IPUIPlugin:80 - create IPUIPlugin
2024-09-04 09:28:17,145 [INFO] IPUIPlugin:80 - create IPUIPlugin
2024-09-04 09:28:17,146 [INFO] IPUIPlugin:80 - create IPUIPlugin
2024-09-04 09:28:17,146 [INFO] IPUIPlugin:80 - create IPUIPlugin
2024-09-04 09:28:17,146 [INFO] IPUIPlugin:80 - create IPUIPlugin
2024-09-04 09:28:17,146 [INFO] IPUIPlugin:80 - create IPUIPlugin
2024-09-04 09:28:17,146 [INFO] IPUIPlugin:80 - create IPUIPlugin
2024-09-04 09:28:17,146 [INFO] IPUIPlugin:80 - create IPUIPlugin
2024-09-04 09:28:17,146 [INFO] IPUIPlugin:80 - create IPUIPlugin
2024-09-04 09:28:17,146 [INFO] IPUIPlugin:80 - create IPUIPlugin
2024-09-04 09:28:17,146 [INFO] IPUIPlugin:80 - create IPUIPlugin
2024-09-04 09:28:17,146 [INFO] IPUIPlugin:80 - create IPUIPlugin
2024-09-04 09:28:17,146 [INFO] IPUIPlugin:80 - create IPUIPlugin
2024-09-04 09:28:17,146 [INFO] IPUIPlugin:80 - create IPUIPlugin
2024-09-04 09:28:17,146 [INFO] IPUIPlugin:80 - create IPUIPlugin
2024-09-04 09:28:17,147 [INFO] IPUIPlugin:80 - create IPUIPlugin
2024-09-04 09:28:17,147 [INFO] IPUIPlugin:80 - create IPUIPlugin
2024-09-04 09:28:17,147 [INFO] IPUIPlugin:80 - create IPUIPlugin
2024-09-04 09:28:17,147 [INFO] IPUIPlugin:80 - create IPUIPlugin
2024-09-04 09:28:17,147 [INFO] IPUIPlugin:80 - create IPUIPlugin
2024-09-04 09:28:17,147 [INFO] IPUIPlugin:80 - create IPUIPlugin
2024-09-04 09:28:17,147 [INFO] IPUIPlugin:80 - create IPUIPlugin
2024-09-04 09:28:17,149 [INFO] IPUIPlugin:80 - create IPUIPlugin
2024-09-04 09:28:17,149 [INFO] IPUIPlugin:80 - create IPUIPlugin
2024-09-04 09:28:17,149 [INFO] IPUIPlugin:80 - create IPUIPlugin
2024-09-04 09:28:17,149 [INFO] IPUIPlugin:80 - create IPUIPlugin
2024-09-04 09:28:17,149 [INFO] IPUIPlugin:80 - create IPUIPlugin
2024-09-04 09:28:17,150 [INFO] IPUIPlugin:80 - create IPUIPlugin
2024-09-04 09:28:17,150 [INFO] IPUIPlugin:80 - create IPUIPlugin
2024-09-04 09:28:17,150 [INFO] IPUIPlugin:80 - create IPUIPlugin
2024-09-04 09:28:17,151 [INFO] IPUIPlugin:80 - create IPUIPlugin
2024-09-04 09:28:17,151 [INFO] IPUIPlugin:80 - create IPUIPlugin
2024-09-04 09:28:17,151 [INFO] IPUIPlugin:80 - create IPUIPlugin
2024-09-04 09:28:17,152 [INFO] IPUIPlugin:80 - create IPUIPlugin
2024-09-04 09:28:17,152 [INFO] IPUIPlugin:80 - create IPUIPlugin
2024-09-04 09:28:17,152 [INFO] IPUIPlugin:80 - create IPUIPlugin
2024-09-04 09:28:17,152 [INFO] IPUIPlugin:80 - create IPUIPlugin
2024-09-04 09:28:17,153 [INFO] IPUIPlugin:80 - create IPUIPlugin
2024-09-04 09:28:17,153 [INFO] IPUIPlugin:80 - create IPUIPlugin
2024-09-04 09:28:17,153 [INFO] IPUIPlugin:80 - create IPUIPlugin
2024-09-04 09:28:17,153 [INFO] IPUIPlugin:80 - create IPUIPlugin
2024-09-04 09:28:17,154 [INFO] IPUIPlugin:80 - create IPUIPlugin
2024-09-04 09:28:17,154 [INFO] IPUIPlugin:80 - create IPUIPlugin
2024-09-04 09:28:17,155 [INFO] IPUIPlugin:80 - create IPUIPlugin
2024-09-04 09:28:17,155 [INFO] IPUIPlugin:80 - create IPUIPlugin
2024-09-04 09:28:17,155 [INFO] IPUIPlugin:80 - create IPUIPlugin
2024-09-04 09:28:17,156 [INFO] IPUIPlugin:80 - create IPUIPlugin
2024-09-04 09:28:17,156 [INFO] IPUIPlugin:80 - create IPUIPlugin
2024-09-04 09:28:17,157 [INFO] IPUIPlugin:80 - create IPUIPlugin
2024-09-04 09:28:17,157 [INFO] IPUIPlugin:80 - create IPUIPlugin
2024-09-04 09:28:17,157 [INFO] IPUIPlugin:80 - create IPUIPlugin
2024-09-04 09:28:17,158 [INFO] IPUIPlugin:80 - create IPUIPlugin
2024-09-04 09:28:17,158 [INFO] IPUIPlugin:80 - create IPUIPlugin
2024-09-04 09:28:17,159 [INFO] IPUIPlugin:80 - create IPUIPlugin
2024-09-04 09:28:17,161 [INFO] ApiDbMcu:508 - Load IP Config File for PDM2PCM
2024-09-04 09:28:17,237 [INFO] CADModel:165 - CPN selected for project levelSTM32F407VGT6
2024-09-04 09:28:17,237 [INFO] CADModel:114 - Register for checkConnection events
2024-09-04 09:28:17,291 [INFO] OpenFileManager:343 - Restore cursor
2024-09-04 09:29:38,409 [INFO] MainUpdater:2873 - connection check result : 10
2024-09-04 09:29:38,409 [INFO] MainUpdater:2873 - connection check result : 10
2024-09-04 09:29:38,423 [INFO] MicroXplorer:468 - Change Database Path : 
2024-09-04 09:29:38,423 [INFO] MicroXplorer:498 - Change Database Version : DB.6.0.100
2024-09-04 09:29:38,429 [ERROR] ProjectManagerView:394 - 
java.lang.NullPointerException: Cannot invoke "javax.swing.JTextField.getText()" because the return value of "java.util.List.get(int)" is null
	at com.st.microxplorer.plugins.projectmanager.gui.ProjectChoiceTab$10.caretUpdate(ProjectChoiceTab.java:2493) ~[filemanager.jar:?]
	at javax.swing.text.JTextComponent.fireCaretUpdate(JTextComponent.java:412) ~[?:?]
	at javax.swing.text.JTextComponent$MutableCaretEvent.fire(JTextComponent.java:4491) ~[?:?]
	at javax.swing.text.JTextComponent$MutableCaretEvent.stateChanged(JTextComponent.java:4513) ~[?:?]
	at javax.swing.text.DefaultCaret.fireStateChanged(DefaultCaret.java:842) ~[?:?]
	at javax.swing.text.DefaultCaret.changeCaretPosition(DefaultCaret.java:1313) ~[?:?]
	at javax.swing.text.DefaultCaret.handleSetDot(DefaultCaret.java:1212) ~[?:?]
	at javax.swing.text.DefaultCaret.setDot(DefaultCaret.java:1193) ~[?:?]
	at javax.swing.text.DefaultCaret$Handler.insertUpdate(DefaultCaret.java:1789) ~[?:?]
	at javax.swing.text.AbstractDocument.fireInsertUpdate(AbstractDocument.java:226) ~[?:?]
	at javax.swing.text.AbstractDocument.handleInsertString(AbstractDocument.java:780) ~[?:?]
	at javax.swing.text.AbstractDocument.insertString(AbstractDocument.java:739) ~[?:?]
	at javax.swing.text.PlainDocument.insertString(PlainDocument.java:131) ~[?:?]
	at javax.swing.text.AbstractDocument.replace(AbstractDocument.java:698) ~[?:?]
	at javax.swing.text.JTextComponent.setText(JTextComponent.java:1729) ~[?:?]
	at com.st.microxplorer.plugins.projectmanager.gui.ProjectChoiceTab.createHeapStackFields(ProjectChoiceTab.java:933) ~[filemanager.jar:?]
	at com.st.microxplorer.plugins.projectmanager.gui.ProjectChoiceTab.buildLinkSettingsPanel(ProjectChoiceTab.java:3426) ~[filemanager.jar:?]
	at com.st.microxplorer.plugins.projectmanager.gui.ProjectChoiceTab.defineWindowsFields(ProjectChoiceTab.java:1813) ~[filemanager.jar:?]
	at com.st.microxplorer.plugins.projectmanager.gui.ProjectChoiceTab.updateSettings(ProjectChoiceTab.java:533) ~[filemanager.jar:?]
	at com.st.microxplorer.plugins.projectmanager.gui.ProjectSettingsPanel.UpdateDialog(ProjectSettingsPanel.java:244) ~[filemanager.jar:?]
	at com.st.microxplorer.plugins.projectmanager.ProjectManagerView.propertyChange(ProjectManagerView.java:391) ~[filemanager.jar:?]
	at java.beans.PropertyChangeSupport.fire(PropertyChangeSupport.java:343) ~[?:?]
	at java.beans.PropertyChangeSupport.firePropertyChange(PropertyChangeSupport.java:335) ~[?:?]
	at java.beans.PropertyChangeSupport.firePropertyChange(PropertyChangeSupport.java:268) ~[?:?]
	at com.st.microxplorer.util.MXPropertyChangeSupport.firePropertyChange(MXPropertyChangeSupport.java:54) ~[STM32CubeMX.jar:?]
	at com.st.microxplorer.mxsystem.MxSystem.closeConfig(MxSystem.java:900) ~[STM32CubeMX.jar:?]
	at com.st.microxplorer.maingui.MainPanel.closeConfig(MainPanel.java:776) ~[STM32CubeMX.jar:?]
	at com.st.microxplorer.plugins.filemanager.engine.OpenFileManager.loadConfigurationFile(OpenFileManager.java:245) ~[filemanager.jar:?]
	at com.st.microxplorer.plugins.filemanager.engine.MainFileManager.userLoadConfig(MainFileManager.java:290) ~[filemanager.jar:?]
	at com.st.microxplorer.plugins.filemanager.FileManagerView.getSpecificTask(FileManagerView.java:247) ~[filemanager.jar:?]
	at com.st.stm32cube.common.mx.editor.CubeMxEditor.getMxTabbedPaneInstance(CubeMxEditor.java:1184) ~[com.st.stm32cube.common.mx_6.10.0.202311202037/:?]
	at com.st.stm32cube.common.mx.editor.CubeMxEditor$12$1.createSwingComponent(CubeMxEditor.java:1065) ~[com.st.stm32cube.common.mx_6.10.0.202311202037/:?]
	at com.st.stm32cube.common.mx.oss.core.awtswtbridge.EmbeddedSwingComposite.doComponentCreation(EmbeddedSwingComposite.java:492) ~[com.st.stm32cube.common.mx.oss_6.10.0.202311202037/:?]
	at com.st.stm32cube.common.mx.oss.core.awtswtbridge.EmbeddedSwingComposite$4.run(EmbeddedSwingComposite.java:291) ~[com.st.stm32cube.common.mx.oss_6.10.0.202311202037/:?]
	at com.st.stm32cube.common.mx.oss.core.awtswtbridge.AwtEnvironment$2.run(AwtEnvironment.java:166) ~[com.st.stm32cube.common.mx.oss_6.10.0.202311202037/:?]
	at java.awt.event.InvocationEvent.dispatch(InvocationEvent.java:318) ~[?:?]
	at java.awt.EventQueue.dispatchEventImpl(EventQueue.java:773) ~[?:?]
	at java.awt.EventQueue$4.run(EventQueue.java:720) ~[?:?]
	at java.awt.EventQueue$4.run(EventQueue.java:714) ~[?:?]
	at java.security.AccessController.doPrivileged(AccessController.java:399) ~[?:?]
	at java.security.ProtectionDomain$JavaSecurityAccessImpl.doIntersectionPrivilege(ProtectionDomain.java:86) ~[?:?]
	at java.awt.EventQueue.dispatchEvent(EventQueue.java:742) ~[?:?]
	at java.awt.EventDispatchThread.pumpOneEventForFilters(EventDispatchThread.java:203) ~[?:?]
	at java.awt.EventDispatchThread.pumpEventsForFilter(EventDispatchThread.java:124) ~[?:?]
	at java.awt.EventDispatchThread.pumpEventsForHierarchy(EventDispatchThread.java:113) ~[?:?]
	at java.awt.EventDispatchThread.pumpEvents(EventDispatchThread.java:109) ~[?:?]
	at java.awt.EventDispatchThread.pumpEvents(EventDispatchThread.java:101) ~[?:?]
	at java.awt.EventDispatchThread.run(EventDispatchThread.java:90) ~[?:?]
2024-09-04 09:29:38,430 [WARN] ThirdParty:871 - waiting for thirdparty lock release [close project]
2024-09-04 09:29:38,430 [INFO] ThirdParty:873 - entering critical section [close project]
2024-09-04 09:29:38,430 [INFO] ThirdParty:883 - exiting critical section [close project]
2024-09-04 09:29:38,431 [INFO] PinOutPanel:1499 - setPackage(No Configuration,No Configuration)
2024-09-04 09:29:38,435 [WARN] IpParametersView:151 - Warning: This peripheral hasn't parameters
2024-09-04 09:29:38,438 [WARN] MainPanel:272 - <html><b><center>Warning: This peripheral has no parameters to be configured<br></b></html>
2024-09-04 09:29:38,440 [INFO] UtilMem:75 - Begin LoadConfig() Used Memory: 901152264 Bytes (1073741824)
2024-09-04 09:29:38,442 [INFO] MicroXplorer:468 - Change Database Path : 
2024-09-04 09:29:38,442 [INFO] MicroXplorer:498 - Change Database Version : DB.6.0.100
2024-09-04 09:29:38,442 [INFO] OpenFileManager:312 - Change cursor
2024-09-04 09:29:38,450 [INFO] Mcu:2016 - Initializing MCU STM32F407V(E-G)Tx STM32F407VGTx STM32F407VGT7
2024-09-04 09:29:39,633 [INFO] Context:659 - Trying to add GPIOservice into a context  which must be forbidden
2024-09-04 09:29:39,997 [INFO] RtosManager:555 - Registered RTOS mode: class=CMSIS, group=RTOS, mode=CMSIS_V1, owner=FREERTOS
2024-09-04 09:29:39,997 [INFO] RtosManager:555 - Registered RTOS mode: class=CMSIS, group=RTOS2, mode=CMSIS_V2, owner=FREERTOS
2024-09-04 09:29:39,997 [INFO] RtosManager:555 - Registered RTOS mode: class=RTOS, group=Core, mode=CMSIS_V1, owner=FREERTOS
2024-09-04 09:29:39,997 [INFO] RtosManager:555 - Registered RTOS mode: class=RTOS, group=Core, mode=CMSIS_V2, owner=FREERTOS
2024-09-04 09:29:39,997 [WARN] ModelIntegratedComponent:184 - Missing modes for component STMicroelectronics:FreeRTOS:0.0.1:STMicroelectronics:RTOS:FreeRTOS:Core:::10.2.0:
2024-09-04 09:29:40,006 [WARN] ModelIntegratedComponent:63 - No mode defined for component null
2024-09-04 09:29:40,006 [WARN] ModelIntegratedComponent:63 - No mode defined for component null
2024-09-04 09:29:40,006 [WARN] ModelIntegratedComponent:63 - No mode defined for component null
2024-09-04 09:29:40,006 [WARN] ModelIntegratedComponent:63 - No mode defined for component null
2024-09-04 09:29:40,006 [WARN] ModelIntegratedComponent:63 - No mode defined for component null
2024-09-04 09:29:40,006 [WARN] ModelIntegratedComponent:63 - No mode defined for component null
2024-09-04 09:29:40,006 [WARN] ModelIntegratedComponent:63 - No mode defined for component null
2024-09-04 09:29:40,006 [WARN] ModelIntegratedComponent:63 - No mode defined for component null
2024-09-04 09:29:40,006 [WARN] ModelIntegratedComponent:63 - No mode defined for component null
2024-09-04 09:29:40,006 [WARN] ModelIntegratedComponent:63 - No mode defined for component null
2024-09-04 09:29:40,006 [WARN] ModelIntegratedComponent:63 - No mode defined for component null
2024-09-04 09:29:40,006 [WARN] ModelIntegratedComponent:63 - No mode defined for component null
2024-09-04 09:29:40,007 [WARN] ModelIntegratedComponent:63 - No mode defined for component null
2024-09-04 09:29:40,007 [WARN] ModelIntegratedComponent:63 - No mode defined for component null
2024-09-04 09:29:40,007 [WARN] ModelIntegratedComponent:63 - No mode defined for component null
2024-09-04 09:29:40,007 [WARN] ModelIntegratedComponent:63 - No mode defined for component null
2024-09-04 09:29:40,007 [WARN] ModelIntegratedComponent:63 - No mode defined for component null
2024-09-04 09:29:40,007 [WARN] ModelIntegratedComponent:63 - No mode defined for component null
2024-09-04 09:29:40,007 [WARN] ModelIntegratedComponent:63 - No mode defined for component null
2024-09-04 09:29:40,007 [WARN] ModelIntegratedComponent:63 - No mode defined for component null
2024-09-04 09:29:40,007 [WARN] ModelIntegratedComponent:63 - No mode defined for component null
2024-09-04 09:29:40,007 [WARN] ModelIntegratedComponent:63 - No mode defined for component null
2024-09-04 09:29:40,007 [WARN] ModelIntegratedComponent:63 - No mode defined for component null
2024-09-04 09:29:40,007 [WARN] ModelIntegratedComponent:63 - No mode defined for component null
2024-09-04 09:29:40,007 [WARN] ModelIntegratedComponent:63 - No mode defined for component null
2024-09-04 09:29:40,007 [WARN] ModelIntegratedComponent:63 - No mode defined for component null
2024-09-04 09:29:40,007 [WARN] ModelIntegratedComponent:63 - No mode defined for component null
2024-09-04 09:29:40,007 [WARN] ModelIntegratedComponent:63 - No mode defined for component null
2024-09-04 09:29:40,007 [WARN] ModelIntegratedComponent:63 - No mode defined for component null
2024-09-04 09:29:40,007 [WARN] ModelIntegratedComponent:63 - No mode defined for component null
2024-09-04 09:29:40,007 [WARN] ModelIntegratedComponent:63 - No mode defined for component null
2024-09-04 09:29:40,007 [WARN] ModelIntegratedComponent:63 - No mode defined for component null
2024-09-04 09:29:40,007 [WARN] ModelIntegratedComponent:63 - No mode defined for component null
2024-09-04 09:29:40,161 [INFO] ThirdPartyModel:298 - Start build external matchings
2024-09-04 09:29:41,185 [INFO] ThirdPartyModel:316 - End build external matchings
2024-09-04 09:29:41,193 [INFO] ImportTextPane:194 - (OptionalMessage_ERROR) IP (RCC) : Parameter (RTCHSEDivFreq_Value) has invalid value (4000000)
2024-09-04 09:29:41,396 [INFO] UtilMem:75 - End LoadConfig() Used Memory: 783514432 Bytes (1073741824)
2024-09-04 09:29:41,432 [INFO] MicroXplorer:468 - Change Database Path : 
2024-09-04 09:29:41,432 [INFO] MicroXplorer:498 - Change Database Version : DB.6.0.100
2024-09-04 09:29:41,432 [WARN] ThirdParty:833 - waiting for thirdparty lock release [change project]
2024-09-04 09:29:41,432 [INFO] ThirdParty:835 - entering critical section [change project]
2024-09-04 09:29:41,434 [INFO] ThirdParty:1030 - CMSIS Pack Vendor :STMicroelectronics USBPD 4.1
2024-09-04 09:29:41,434 [INFO] ThirdParty:1030 - CMSIS Pack Vendor :STMicroelectronics X-CUBE-AZRTOS-H7 3.3.0
2024-09-04 09:29:41,434 [INFO] ThirdParty:1030 - CMSIS Pack Vendor :STMicroelectronics X-CUBE-GNSS1 6.0.0
2024-09-04 09:29:41,434 [INFO] ThirdParty:1030 - CMSIS Pack Vendor :STMicroelectronics USB_HOST 2.0.0
2024-09-04 09:29:41,434 [INFO] ThirdParty:1030 - CMSIS Pack Vendor :STMicroelectronics FP-SNS-MOTENVWB1 1.4.0
2024-09-04 09:29:41,434 [INFO] ThirdParty:1030 - CMSIS Pack Vendor :STMicroelectronics X-CUBE-AZRTOS-F4 1.1.0
2024-09-04 09:29:41,434 [INFO] ThirdParty:1030 - CMSIS Pack Vendor :STMicroelectronics LIBJPEG 8.0.0
2024-09-04 09:29:41,434 [INFO] ThirdParty:1030 - CMSIS Pack Vendor :STMicroelectronics X-CUBE-SMBUS 2.1.0
2024-09-04 09:29:41,434 [INFO] ThirdParty:1030 - CMSIS Pack Vendor :STMicroelectronics USB_DEVICE 3.0.0
2024-09-04 09:29:41,434 [INFO] ThirdParty:1030 - CMSIS Pack Vendor :STMicroelectronics X-CUBE-TCPP 4.1.0
2024-09-04 09:29:41,434 [INFO] ThirdParty:1030 - CMSIS Pack Vendor :STMicroelectronics X-CUBE-FREERTOS 1.2.0
2024-09-04 09:29:41,434 [INFO] ThirdParty:1030 - CMSIS Pack Vendor :STMicroelectronics X-CUBE-AZRTOS-WB 2.0.0
2024-09-04 09:29:41,434 [INFO] ThirdParty:1030 - CMSIS Pack Vendor :wolfSSL I-CUBE-wolfSSL 5.6.6
2024-09-04 09:29:41,434 [INFO] ThirdParty:1030 - CMSIS Pack Vendor :STMicroelectronics X-CUBE-TOUCHGFX 4.23.1
2024-09-04 09:29:41,434 [INFO] ThirdParty:1030 - CMSIS Pack Vendor :STMicroelectronics X-CUBE-TOUCHGFX 4.23.0
2024-09-04 09:29:41,434 [INFO] ThirdParty:1030 - CMSIS Pack Vendor :STMicroelectronics X-CUBE-TOUCHGFX 4.23.2
2024-09-04 09:29:41,434 [INFO] ThirdParty:1030 - CMSIS Pack Vendor :STMicroelectronics X-CUBE-AZRTOS-F7 1.1.0
2024-09-04 09:29:41,434 [INFO] ThirdParty:1030 - CMSIS Pack Vendor :STMicroelectronics X-CUBE-AZRTOS-L5 2.0.0
2024-09-04 09:29:41,434 [INFO] ThirdParty:1030 - CMSIS Pack Vendor :STMicroelectronics USB_DEVICE 2.0.0
2024-09-04 09:29:41,434 [INFO] ThirdParty:1030 - CMSIS Pack Vendor :STMicroelectronics X-CUBE-NFC6 3.1.0
2024-09-04 09:29:41,434 [INFO] ThirdParty:1030 - CMSIS Pack Vendor :ITTIA_DB I-CUBE-ITTIADB 8.8.0
2024-09-04 09:29:41,434 [INFO] ThirdParty:1030 - CMSIS Pack Vendor :STMicroelectronics FP-SNS-STBOX1 2.0.0
2024-09-04 09:29:41,434 [INFO] ThirdParty:1030 - CMSIS Pack Vendor :STMicroelectronics FP-SNS-MOTENV1 4.3.2
2024-09-04 09:29:41,434 [INFO] ThirdParty:1030 - CMSIS Pack Vendor :STMicroelectronics X-CUBE-ALGOBUILD 1.3.0
2024-09-04 09:29:41,434 [INFO] ThirdParty:1030 - CMSIS Pack Vendor :STMicroelectronics X-CUBE-MEMS1 11.0.0
2024-09-04 09:29:41,434 [INFO] ThirdParty:1030 - CMSIS Pack Vendor :STMicroelectronics FreeRTOS 0.0.1
2024-09-04 09:29:41,434 [INFO] ThirdParty:1030 - CMSIS Pack Vendor :STMicroelectronics X-CUBE-AZRTOS-G0 1.1.0
2024-09-04 09:29:41,434 [INFO] ThirdParty:1030 - CMSIS Pack Vendor :STMicroelectronics X-CUBE-SAFEA1 1.2.2
2024-09-04 09:29:41,434 [INFO] ThirdParty:1030 - CMSIS Pack Vendor :STMicroelectronics X-CUBE-NFC4 3.0.0
2024-09-04 09:29:41,434 [INFO] ThirdParty:1030 - CMSIS Pack Vendor :STMicroelectronics X-CUBE-DPower 1.2.0
2024-09-04 09:29:41,434 [INFO] ThirdParty:1030 - CMSIS Pack Vendor :STMicroelectronics X-CUBE-SUBG2 5.0.0
2024-09-04 09:29:41,434 [INFO] ThirdParty:1030 - CMSIS Pack Vendor :STMicroelectronics STM32_WPAN 1.0.0
2024-09-04 09:29:41,434 [INFO] ThirdParty:1030 - CMSIS Pack Vendor :EmbeddedOffice I-CUBE-FS-RTOS 1.0.1
2024-09-04 09:29:41,434 [INFO] ThirdParty:1030 - CMSIS Pack Vendor :STMicroelectronics lwIP 2.0.3
2024-09-04 09:29:41,434 [INFO] ThirdParty:1030 - CMSIS Pack Vendor :STMicroelectronics FP-SNS-FLIGHT1 5.0.2
2024-09-04 09:29:41,434 [INFO] ThirdParty:1030 - CMSIS Pack Vendor :Cesanta I-CUBE-Mongoose 7.13.0
2024-09-04 09:29:41,434 [INFO] ThirdParty:1030 - CMSIS Pack Vendor :STMicroelectronics USB_HOST 1.0.0
2024-09-04 09:29:41,434 [INFO] ThirdParty:1030 - CMSIS Pack Vendor :STMicroelectronics X-CUBE-AI 9.0.0
2024-09-04 09:29:41,434 [INFO] ThirdParty:1030 - CMSIS Pack Vendor :STMicroelectronics X-CUBE-AZRTOS-G4 2.0.0
2024-09-04 09:29:41,434 [INFO] ThirdParty:1030 - CMSIS Pack Vendor :STMicroelectronics PDM2PCM 3.1.0
2024-09-04 09:29:41,434 [INFO] ThirdParty:1030 - CMSIS Pack Vendor :Infineon AIROC-Wi-Fi-Bluetooth-STM32 1.5.1
2024-09-04 09:29:41,434 [INFO] ThirdParty:1030 - CMSIS Pack Vendor :STMicroelectronics PDM2PCM 3.3.0
2024-09-04 09:29:41,434 [INFO] ThirdParty:1030 - CMSIS Pack Vendor :STMicroelectronics X-CUBE-DISPLAY 3.0.0
2024-09-04 09:29:41,434 [INFO] ThirdParty:1030 - CMSIS Pack Vendor :RealThread X-CUBE-RT-Thread_Nano 4.1.1
2024-09-04 09:29:41,434 [INFO] ThirdParty:1030 - CMSIS Pack Vendor :STMicroelectronics FP-SNS-MOTENVWB1 1.3.1
2024-09-04 09:29:41,434 [INFO] ThirdParty:1030 - CMSIS Pack Vendor :STMicroelectronics X-CUBE-BLE1 7.0.0
2024-09-04 09:29:41,434 [INFO] ThirdParty:1030 - CMSIS Pack Vendor :STMicroelectronics FP-ATR-SIGFOX1 3.2.0
2024-09-04 09:29:41,434 [INFO] ThirdParty:1030 - CMSIS Pack Vendor :STMicroelectronics X-CUBE-ISPU 2.0.0
2024-09-04 09:29:41,434 [INFO] ThirdParty:1030 - CMSIS Pack Vendor :STMicroelectronics X-CUBE-EEPRMA1 5.1.0
2024-09-04 09:29:41,434 [INFO] ThirdParty:1030 - CMSIS Pack Vendor :STMicroelectronics HAL Drivers 0.0.0
2024-09-04 09:29:41,434 [INFO] ThirdParty:1030 - CMSIS Pack Vendor :STMicroelectronics MBEDTLS 2.16.2
2024-09-04 09:29:41,434 [INFO] ThirdParty:1030 - CMSIS Pack Vendor :STMicroelectronics X-CUBE-ALS 1.0.2
2024-09-04 09:29:41,434 [INFO] ThirdParty:1030 - CMSIS Pack Vendor :emotas I-CUBE-CANOPEN 1.3.0
2024-09-04 09:29:41,434 [INFO] ThirdParty:1030 - CMSIS Pack Vendor :STMicroelectronics X-CUBE-MEMS1 10.0.0
2024-09-04 09:29:41,434 [INFO] ThirdParty:1030 - CMSIS Pack Vendor :STMicroelectronics X-CUBE-FREERTOS 1.1.0
2024-09-04 09:29:41,434 [INFO] ThirdParty:1030 - CMSIS Pack Vendor :STMicroelectronics X-CUBE-NFC7 1.0.1
2024-09-04 09:29:41,434 [INFO] ThirdParty:1030 - CMSIS Pack Vendor :STMicroelectronics MBEDTLS 2.14.1
2024-09-04 09:29:41,434 [INFO] ThirdParty:1030 - CMSIS Pack Vendor :STMicroelectronics X-CUBE-TOUCHGFX 4.24.0
2024-09-04 09:29:41,434 [INFO] ThirdParty:1030 - CMSIS Pack Vendor :wolfSSL I-CUBE-wolfTPM 3.2.0
2024-09-04 09:29:41,434 [INFO] ThirdParty:1030 - CMSIS Pack Vendor :STMicroelectronics X-CUBE-NFC6 3.0.0
2024-09-04 09:29:41,434 [INFO] ThirdParty:1030 - CMSIS Pack Vendor :portGmbH I-Cube-SoM-uGOAL 1.1.0
2024-09-04 09:29:41,435 [INFO] ThirdParty:1030 - CMSIS Pack Vendor :STMicroelectronics X-CUBE-ALS 1.0.1
2024-09-04 09:29:41,435 [INFO] ThirdParty:1030 - CMSIS Pack Vendor :STMicroelectronics X-CUBE-BLEMGR 3.1.0
2024-09-04 09:29:41,435 [INFO] ThirdParty:1030 - CMSIS Pack Vendor :STMicroelectronics ThreadX 1.0.0
2024-09-04 09:29:41,435 [INFO] ThirdParty:1030 - CMSIS Pack Vendor :STMicroelectronics FP-SNS-SMARTAG2 1.2.0
2024-09-04 09:29:41,435 [INFO] ThirdParty:1030 - CMSIS Pack Vendor :STMicroelectronics X-CUBE-AZRTOS-WL 2.0.0
2024-09-04 09:29:41,435 [INFO] ThirdParty:1030 - CMSIS Pack Vendor :SEGGER I-CUBE-embOS 1.3.1
2024-09-04 09:29:41,435 [INFO] ThirdParty:1030 - CMSIS Pack Vendor :STMicroelectronics X-CUBE-ALGOBUILD 1.4.0
2024-09-04 09:29:41,435 [INFO] ThirdParty:1030 - CMSIS Pack Vendor :STMicroelectronics FP-SNS-MOTENV1 5.0.0
2024-09-04 09:29:41,435 [INFO] ThirdParty:1030 - CMSIS Pack Vendor :STMicroelectronics USB_DEVICE 1.0.0
2024-09-04 09:29:41,435 [INFO] ThirdParty:1030 - CMSIS Pack Vendor :STMicroelectronics X-CUBE-AI 8.1.0
2024-09-04 09:29:41,435 [INFO] ThirdParty:1030 - CMSIS Pack Vendor :STMicroelectronics X-CUBE-AZRTOS-H7RS 1.0.0
2024-09-04 09:29:41,435 [INFO] ThirdParty:1030 - CMSIS Pack Vendor :wolfSSL I-CUBE-wolfMQTT 1.19.0
2024-09-04 09:29:41,435 [INFO] ThirdParty:1030 - CMSIS Pack Vendor :STMicroelectronics X-CUBE-AZRTOS-L4 2.0.0
2024-09-04 09:29:41,435 [INFO] ThirdParty:1030 - CMSIS Pack Vendor :STMicroelectronics ThreadX 0.0.2
2024-09-04 09:29:41,435 [INFO] ThirdParty:1030 - CMSIS Pack Vendor :WES I-CUBE-Cesium 1.3.0
2024-09-04 09:29:41,435 [INFO] ThirdParty:1030 - CMSIS Pack Vendor :STMicroelectronics FP-ATR-ASTRA1 2.0.0
2024-09-04 09:29:41,435 [INFO] ThirdParty:1030 - CMSIS Pack Vendor :STMicroelectronics lwIP 2.1.2
2024-09-04 09:29:41,435 [INFO] ThirdParty:1030 - CMSIS Pack Vendor :STMicroelectronics X-CUBE-SFXS2LP1 4.0.0
2024-09-04 09:29:41,435 [INFO] ThirdParty:1030 - CMSIS Pack Vendor :STMicroelectronics X-CUBE-BLE2 3.3.0
2024-09-04 09:29:41,435 [INFO] ThirdParty:1030 - CMSIS Pack Vendor :STMicroelectronics X-CUBE-TOF1 3.4.2
2024-09-04 09:29:41,435 [INFO] ThirdParty:1030 - CMSIS Pack Vendor :STMicroelectronics X-CUBE-TOF1 3.4.0
2024-09-04 09:29:41,435 [INFO] ThirdParty:1030 - CMSIS Pack Vendor :STMicroelectronics X-CUBE-TOF1 3.4.1
2024-09-04 09:29:41,435 [INFO] ThirdParty:1030 - CMSIS Pack Vendor :STMicroelectronics X-CUBE-AZRTOS-H7 3.2.0
2024-09-04 09:29:41,435 [INFO] ThirdParty:1030 - CMSIS Pack Vendor :STMicroelectronics PDM2PCM 3.2.0
2024-09-04 09:29:41,435 [INFO] ThirdParty:1030 - CMSIS Pack Vendor :wolfSSL I-CUBE-wolfSSH 1.4.17
2024-09-04 09:29:41,435 [INFO] ThirdParty:841 - exiting critical section [change project]
2024-09-04 09:29:41,539 [INFO] PinOutPanel:1499 - setPackage(No Configuration,No Configuration)
2024-09-04 09:29:41,540 [INFO] PinOutPanel:1499 - setPackage(STM32F407VGTx,LQFP100)
2024-09-04 09:29:41,769 [INFO] UtilMem:75 - Before build in PCC Used Memory: 852176568 Bytes (1073741824)
2024-09-04 09:29:41,926 [INFO] UtilMem:75 - After build in PCC Used Memory: 897265336 Bytes (1073741824)
2024-09-04 09:29:41,949 [INFO] IPUIPlugin:80 - create IPUIPlugin
2024-09-04 09:29:41,950 [INFO] IPUIPlugin:80 - create IPUIPlugin
2024-09-04 09:29:41,950 [INFO] IPUIPlugin:80 - create IPUIPlugin
2024-09-04 09:29:41,950 [INFO] IPUIPlugin:80 - create IPUIPlugin
2024-09-04 09:29:41,950 [INFO] IPUIPlugin:80 - create IPUIPlugin
2024-09-04 09:29:41,950 [INFO] IPUIPlugin:80 - create IPUIPlugin
2024-09-04 09:29:41,950 [INFO] IPUIPlugin:80 - create IPUIPlugin
2024-09-04 09:29:41,950 [INFO] IPUIPlugin:80 - create IPUIPlugin
2024-09-04 09:29:41,950 [INFO] IPUIPlugin:80 - create IPUIPlugin
2024-09-04 09:29:41,950 [INFO] IPUIPlugin:80 - create IPUIPlugin
2024-09-04 09:29:41,950 [INFO] IPUIPlugin:80 - create IPUIPlugin
2024-09-04 09:29:41,951 [INFO] IPUIPlugin:80 - create IPUIPlugin
2024-09-04 09:29:41,951 [INFO] IPUIPlugin:80 - create IPUIPlugin
2024-09-04 09:29:41,951 [INFO] IPUIPlugin:80 - create IPUIPlugin
2024-09-04 09:29:41,951 [INFO] IPUIPlugin:80 - create IPUIPlugin
2024-09-04 09:29:41,951 [INFO] IPUIPlugin:80 - create IPUIPlugin
2024-09-04 09:29:41,951 [INFO] IPUIPlugin:80 - create IPUIPlugin
2024-09-04 09:29:41,951 [INFO] IPUIPlugin:80 - create IPUIPlugin
2024-09-04 09:29:41,951 [INFO] IPUIPlugin:80 - create IPUIPlugin
2024-09-04 09:29:41,951 [INFO] IPUIPlugin:80 - create IPUIPlugin
2024-09-04 09:29:41,951 [INFO] IPUIPlugin:80 - create IPUIPlugin
2024-09-04 09:29:41,953 [INFO] IPUIPlugin:80 - create IPUIPlugin
2024-09-04 09:29:41,953 [INFO] IPUIPlugin:80 - create IPUIPlugin
2024-09-04 09:29:41,953 [INFO] IPUIPlugin:80 - create IPUIPlugin
2024-09-04 09:29:41,953 [INFO] IPUIPlugin:80 - create IPUIPlugin
2024-09-04 09:29:41,953 [INFO] IPUIPlugin:80 - create IPUIPlugin
2024-09-04 09:29:41,954 [INFO] IPUIPlugin:80 - create IPUIPlugin
2024-09-04 09:29:41,954 [INFO] IPUIPlugin:80 - create IPUIPlugin
2024-09-04 09:29:41,954 [INFO] IPUIPlugin:80 - create IPUIPlugin
2024-09-04 09:29:41,954 [INFO] IPUIPlugin:80 - create IPUIPlugin
2024-09-04 09:29:41,954 [INFO] IPUIPlugin:80 - create IPUIPlugin
2024-09-04 09:29:41,954 [INFO] IPUIPlugin:80 - create IPUIPlugin
2024-09-04 09:29:41,955 [INFO] IPUIPlugin:80 - create IPUIPlugin
2024-09-04 09:29:41,955 [INFO] IPUIPlugin:80 - create IPUIPlugin
2024-09-04 09:29:41,955 [INFO] IPUIPlugin:80 - create IPUIPlugin
2024-09-04 09:29:41,955 [INFO] IPUIPlugin:80 - create IPUIPlugin
2024-09-04 09:29:41,956 [INFO] IPUIPlugin:80 - create IPUIPlugin
2024-09-04 09:29:41,956 [INFO] IPUIPlugin:80 - create IPUIPlugin
2024-09-04 09:29:41,956 [INFO] IPUIPlugin:80 - create IPUIPlugin
2024-09-04 09:29:41,956 [INFO] IPUIPlugin:80 - create IPUIPlugin
2024-09-04 09:29:41,956 [INFO] IPUIPlugin:80 - create IPUIPlugin
2024-09-04 09:29:41,957 [INFO] IPUIPlugin:80 - create IPUIPlugin
2024-09-04 09:29:41,957 [INFO] IPUIPlugin:80 - create IPUIPlugin
2024-09-04 09:29:41,957 [INFO] IPUIPlugin:80 - create IPUIPlugin
2024-09-04 09:29:41,957 [INFO] IPUIPlugin:80 - create IPUIPlugin
2024-09-04 09:29:41,958 [INFO] IPUIPlugin:80 - create IPUIPlugin
2024-09-04 09:29:41,958 [INFO] IPUIPlugin:80 - create IPUIPlugin
2024-09-04 09:29:41,958 [INFO] IPUIPlugin:80 - create IPUIPlugin
2024-09-04 09:29:41,959 [INFO] IPUIPlugin:80 - create IPUIPlugin
2024-09-04 09:29:41,959 [INFO] IPUIPlugin:80 - create IPUIPlugin
2024-09-04 09:29:41,960 [INFO] IPUIPlugin:80 - create IPUIPlugin
2024-09-04 09:29:41,960 [INFO] IPUIPlugin:80 - create IPUIPlugin
2024-09-04 09:29:41,960 [INFO] IPUIPlugin:80 - create IPUIPlugin
2024-09-04 09:29:41,961 [INFO] IPUIPlugin:80 - create IPUIPlugin
2024-09-04 09:29:41,961 [INFO] IPUIPlugin:80 - create IPUIPlugin
2024-09-04 09:29:41,962 [INFO] IPUIPlugin:80 - create IPUIPlugin
2024-09-04 09:29:41,962 [INFO] IPUIPlugin:80 - create IPUIPlugin
2024-09-04 09:29:41,963 [INFO] IPUIPlugin:80 - create IPUIPlugin
2024-09-04 09:29:41,965 [INFO] ApiDbMcu:508 - Load IP Config File for PDM2PCM
2024-09-04 09:29:42,055 [INFO] CADModel:165 - CPN selected for project levelSTM32F407VGT7
2024-09-04 09:29:42,055 [INFO] CADModel:114 - Register for checkConnection events
2024-09-04 09:29:42,217 [INFO] OpenFileManager:343 - Restore cursor
