2024-07-23 18:18:50,632 [ERROR] LogOutputStream:75 - [STDERR_REDIRECT] 
2024-07-23 18:29:05,040 [INFO] Activator:176 - 


2024-07-23 18:29:05,042 [INFO] Activator:177 - !SESSION log4j initialized
2024-07-23 18:29:12,551 [INFO] LogOutputStream:77 - [STDOUT_REDIRECT] 
2024-07-23 18:29:19,948 [INFO] ApplicationProperties:184 - Using Application install path: C:\ST\STM32CubeIDE_1.14.1\STM32CubeIDE\plugins\com.st.stm32cube.common.mx_6.10.0.202311202037
2024-07-23 18:29:19,960 [INFO] DbMcusXml:78 - Set database path to: C:\ST\STM32CubeIDE_1.14.1\STM32CubeIDE\plugins\com.st.stm32cube.common.mx_6.10.0.202311202037\\db\/mcu/
2024-07-23 18:29:19,961 [INFO] ApiDb:274 - Set plugin database path to: C:\ST\STM32CubeIDE_1.14.1\STM32CubeIDE\plugins\com.st.stm32cube.common.mx_6.10.0.202311202037\\db\/plugins/boardmanager/
2024-07-23 18:29:19,961 [WARN] ApiDb:259 - Overriding images path with different value:  => C:\ST\STM32CubeIDE_1.14.1\STM32CubeIDE\plugins\com.st.stm32cube.common.mx_6.10.0.202311202037\\db\/plugins/mcufinder/images/
2024-07-23 18:29:19,968 [INFO] ApiDb:250 - Set database path to: C:\Users\conne\.stmcufinder\plugins\mcufinder//mcu/
2024-07-23 18:29:19,969 [INFO] DbMcusAds:125 - Set database path to: C:\Users\conne\.stmcufinder\plugins\mcufinder//mcu/
2024-07-23 18:29:19,970 [INFO] CrossReferenceDbSqlite:203 - Set database path to: C:\Users\conne\.stmcufinder\plugins\mcufinder//mcu/cs/
2024-07-23 18:29:20,072 [INFO] RulesReader:64 - Compatibility file has been processed (297 Rules)
2024-07-23 18:29:20,145 [INFO] DbMcusXml:78 - Set database path to: C:\ST\STM32CubeIDE_1.14.1\STM32CubeIDE\plugins\com.st.stm32cube.common.mx_6.10.0.202311202037\\db\/mcu/
2024-07-23 18:29:20,145 [INFO] ApiDb:274 - Set plugin database path to: C:\ST\STM32CubeIDE_1.14.1\STM32CubeIDE\plugins\com.st.stm32cube.common.mx_6.10.0.202311202037\\db\/plugins/boardmanager/
2024-07-23 18:29:20,145 [INFO] ApiDb:261 - Set plugin images path to: C:\ST\STM32CubeIDE_1.14.1\STM32CubeIDE\plugins\com.st.stm32cube.common.mx_6.10.0.202311202037\\db\/plugins/mcufinder/images/
2024-07-23 18:29:20,146 [WARN] DbFile:41 - Overriding database path with different value: C:\Users\conne\.stmcufinder\plugins\mcufinder/ => C:\Users\conne\.stmcufinder\plugins\mcufinder
2024-07-23 18:29:20,146 [INFO] ApiDb:250 - Set database path to: C:\Users\conne\.stmcufinder\plugins\mcufinder//mcu/
2024-07-23 18:29:20,146 [WARN] DbFile:41 - Overriding database path with different value: C:\Users\conne\.stmcufinder\plugins\mcufinder/ => C:\Users\conne\.stmcufinder\plugins\mcufinder
2024-07-23 18:29:20,146 [INFO] DbMcusAds:125 - Set database path to: C:\Users\conne\.stmcufinder\plugins\mcufinder//mcu/
2024-07-23 18:29:20,146 [WARN] DbFile:41 - Overriding database path with different value: C:\Users\conne\.stmcufinder\plugins\mcufinder/ => C:\Users\conne\.stmcufinder\plugins\mcufinder
2024-07-23 18:29:20,146 [WARN] DbFile:41 - Overriding database path with different value: C:\Users\conne\.stmcufinder\plugins\mcufinder/ => C:\Users\conne\.stmcufinder\plugins\mcufinder
2024-07-23 18:29:20,146 [INFO] CrossReferenceDbSqlite:203 - Set database path to: C:\Users\conne\.stmcufinder\plugins\mcufinder//mcu/cs/
2024-07-23 18:29:20,215 [INFO] MainPanel:264 - HeapMemory: 593494016
2024-07-23 18:29:20,305 [INFO] DbMcusXml:78 - Set database path to: C:\ST\STM32CubeIDE_1.14.1\STM32CubeIDE\plugins\com.st.stm32cube.common.mx_6.10.0.202311202037\\db\/mcu/
2024-07-23 18:29:20,305 [INFO] ApiDb:274 - Set plugin database path to: C:\ST\STM32CubeIDE_1.14.1\STM32CubeIDE\plugins\com.st.stm32cube.common.mx_6.10.0.202311202037\\db\/plugins/boardmanager/
2024-07-23 18:29:20,306 [INFO] ApiDb:261 - Set plugin images path to: C:\ST\STM32CubeIDE_1.14.1\STM32CubeIDE\plugins\com.st.stm32cube.common.mx_6.10.0.202311202037\\db\/plugins/mcufinder/images/
2024-07-23 18:29:20,306 [WARN] DbFile:41 - Overriding database path with different value: C:\Users\conne\.stmcufinder\plugins\mcufinder/ => C:\Users\conne\.stmcufinder\plugins\mcufinder
2024-07-23 18:29:20,306 [INFO] ApiDb:250 - Set database path to: C:\Users\conne\.stmcufinder\plugins\mcufinder//mcu/
2024-07-23 18:29:20,306 [WARN] DbFile:41 - Overriding database path with different value: C:\Users\conne\.stmcufinder\plugins\mcufinder/ => C:\Users\conne\.stmcufinder\plugins\mcufinder
2024-07-23 18:29:20,306 [INFO] DbMcusAds:125 - Set database path to: C:\Users\conne\.stmcufinder\plugins\mcufinder//mcu/
2024-07-23 18:29:20,306 [WARN] DbFile:41 - Overriding database path with different value: C:\Users\conne\.stmcufinder\plugins\mcufinder/ => C:\Users\conne\.stmcufinder\plugins\mcufinder
2024-07-23 18:29:20,306 [WARN] DbFile:41 - Overriding database path with different value: C:\Users\conne\.stmcufinder\plugins\mcufinder/ => C:\Users\conne\.stmcufinder\plugins\mcufinder
2024-07-23 18:29:20,306 [INFO] CrossReferenceDbSqlite:203 - Set database path to: C:\Users\conne\.stmcufinder\plugins\mcufinder//mcu/cs/
2024-07-23 18:29:20,322 [INFO] ApplicationProperties:184 - Using Application install path: C:\ST\STM32CubeIDE_1.14.1\STM32CubeIDE\plugins\com.st.stm32cube.common.mx_6.10.0.202311202037
2024-07-23 18:29:20,324 [INFO] PluginManage:196 - Search for loadable plugins [exclusion list=, ]
2024-07-23 18:29:20,326 [INFO] PluginManage:310 - Check plugin analytics
2024-07-23 18:29:20,496 [INFO] AnalyticsPlugin:253 - Accepted Software Licenses: 
2024-07-23 18:29:20,496 [INFO] AnalyticsPlugin:255 - Accepted CMSIS Pack Licenses: 
2024-07-23 18:29:20,496 [INFO] AnalyticsPlugin:257 - Accepted Firmware Licenses: 
2024-07-23 18:29:20,501 [INFO] PluginManage:359 - Loaded plugin analytics (category:tool,tabindex:-1)
2024-07-23 18:29:20,502 [INFO] PluginManage:310 - Check plugin cadmodel
2024-07-23 18:29:20,519 [INFO] CADModel:105 - Init CAD model plugin
2024-07-23 18:29:20,519 [INFO] PluginManage:359 - Loaded plugin cadmodel (category:power,tabindex:5)
2024-07-23 18:29:20,519 [INFO] PluginManage:310 - Check plugin clock
2024-07-23 18:29:20,533 [INFO] PluginManage:359 - Loaded plugin clock (category:base,tabindex:2)
2024-07-23 18:29:20,533 [INFO] PluginManage:310 - Check plugin ddr
2024-07-23 18:29:20,535 [INFO] PluginManage:359 - Loaded plugin ddr (category:tool,tabindex:6)
2024-07-23 18:29:20,535 [INFO] PluginManage:310 - Check plugin filemanager
2024-07-23 18:29:20,680 [INFO] PluginManage:359 - Loaded plugin filemanager (category:base,tabindex:10)
2024-07-23 18:29:20,680 [INFO] PluginManage:310 - Check plugin ipmanager
2024-07-23 18:29:20,685 [INFO] PluginManage:359 - Loaded plugin ipmanager (category:base,tabindex:5)
2024-07-23 18:29:20,685 [INFO] PluginManage:310 - Check plugin lpbam
2024-07-23 18:29:20,698 [INFO] PluginManage:359 - Loaded plugin lpbam (category:base,tabindex:0)
2024-07-23 18:29:20,698 [INFO] PluginManage:310 - Check plugin memorymap
2024-07-23 18:29:20,716 [INFO] PluginManage:359 - Loaded plugin memorymap (category:base,tabindex:4)
2024-07-23 18:29:20,716 [INFO] PluginManage:310 - Check plugin pinoutandconfiguration
2024-07-23 18:29:20,730 [INFO] PluginManage:359 - Loaded plugin pinoutandconfiguration (category:base,tabindex:1)
2024-07-23 18:29:20,730 [INFO] PluginManage:310 - Check plugin pinoutconfig
2024-07-23 18:29:20,819 [WARN] SupportedApi:132 - Cannot load RTOS API schema: s4s-elt-must-match.1: The content of 'definitions' must match (annotation?, (simpleType | complexType)?, (unique | key | keyref)*)). A problem was found starting at: attribute.
2024-07-23 18:29:20,922 [INFO] PluginManage:359 - Loaded plugin pinoutconfig (category:base,tabindex:0)
2024-07-23 18:29:20,922 [INFO] PluginManage:310 - Check plugin power
2024-07-23 18:29:20,942 [INFO] PluginManage:359 - Loaded plugin power (category:power,tabindex:4)
2024-07-23 18:29:20,942 [INFO] PluginManage:310 - Check plugin projectmanager
2024-07-23 18:29:20,962 [INFO] PluginManage:359 - Loaded plugin projectmanager (category:projectmanager,tabindex:3)
2024-07-23 18:29:20,962 [INFO] PluginManage:310 - Check plugin thirdparty
2024-07-23 18:29:21,184 [INFO] PluginManage:359 - Loaded plugin thirdparty (category:base,tabindex:-1)
2024-07-23 18:29:21,184 [WARN] IntegrityCheckThread:84 - waiting for thirdparty lock release [integrity check]
2024-07-23 18:29:21,184 [INFO] PluginManage:310 - Check plugin tools
2024-07-23 18:29:21,184 [INFO] IntegrityCheckThread:86 - entering critical section [integrity check]
2024-07-23 18:29:21,184 [INFO] ThirdPartyUpdaterWithRetryManager:70 - Updater plugin not ready yet. [1/15]
2024-07-23 18:29:21,211 [INFO] PluginManage:359 - Loaded plugin tools (category:base,tabindex:7)
2024-07-23 18:29:21,211 [INFO] PluginManage:310 - Check plugin tutovideos
2024-07-23 18:29:21,357 [INFO] PluginManage:359 - Loaded plugin tutovideos (category:base,tabindex:-1)
2024-07-23 18:29:21,357 [INFO] PluginManage:310 - Check plugin updater
2024-07-23 18:29:21,367 [INFO] PluginManage:359 - Loaded plugin updater (category:base,tabindex:12)
2024-07-23 18:29:21,367 [INFO] PluginManage:310 - Check plugin userauth
2024-07-23 18:29:21,371 [INFO] UserAuth:114 - Init User Auth plugin
2024-07-23 18:29:21,371 [INFO] PluginManage:359 - Loaded plugin userauth (category:base,tabindex:14)
2024-07-23 18:29:21,371 [INFO] PluginManage:283 - PluginManage : Loaded plugins [17]
2024-07-23 18:29:21,532 [INFO] PinOutPanel:1499 - setPackage(No Configuration,No Configuration)
2024-07-23 18:29:21,593 [INFO] CADModel:165 - CPN selected for project level
2024-07-23 18:29:21,593 [INFO] CADModel:114 - Register for checkConnection events
2024-07-23 18:29:21,614 [INFO] IPUIPlugin:80 - create IPUIPlugin
2024-07-23 18:29:21,615 [INFO] PluginManager:220 - loadIPPluginJar : add adc
2024-07-23 18:29:21,641 [INFO] IPUIPlugin:80 - create IPUIPlugin
2024-07-23 18:29:21,642 [INFO] PluginManager:220 - loadIPPluginJar : add aes
2024-07-23 18:29:21,672 [INFO] IPUIPlugin:80 - create IPUIPlugin
2024-07-23 18:29:21,673 [INFO] PluginManager:220 - loadIPPluginJar : add can
2024-07-23 18:29:21,690 [INFO] IPUIPlugin:80 - create IPUIPlugin
2024-07-23 18:29:21,691 [INFO] PluginManager:220 - loadIPPluginJar : add comp
2024-07-23 18:29:21,720 [INFO] IPUIPlugin:80 - create IPUIPlugin
2024-07-23 18:29:21,720 [INFO] PluginManager:220 - loadIPPluginJar : add cryp
2024-07-23 18:29:21,743 [INFO] IPUIPlugin:80 - create IPUIPlugin
2024-07-23 18:29:21,744 [INFO] PluginManager:220 - loadIPPluginJar : add dfsdm
2024-07-23 18:29:21,759 [INFO] IPUIPlugin:80 - create IPUIPlugin
2024-07-23 18:29:21,759 [INFO] PluginManager:220 - loadIPPluginJar : add dma
2024-07-23 18:29:21,791 [INFO] IPUIPlugin:80 - create IPUIPlugin
2024-07-23 18:29:21,792 [INFO] PluginManager:220 - loadIPPluginJar : add dma3
2024-07-23 18:29:21,808 [INFO] IPUIPlugin:80 - create IPUIPlugin
2024-07-23 18:29:21,808 [INFO] PluginManager:220 - loadIPPluginJar : add fatfs
2024-07-23 18:29:21,845 [INFO] IPUIPlugin:80 - create IPUIPlugin
2024-07-23 18:29:21,845 [INFO] PluginManager:220 - loadIPPluginJar : add fmc
2024-07-23 18:29:21,855 [INFO] IPUIPlugin:80 - create IPUIPlugin
2024-07-23 18:29:21,855 [INFO] PluginManager:220 - loadIPPluginJar : add freertos
2024-07-23 18:29:21,872 [INFO] IPUIPlugin:80 - create IPUIPlugin
2024-07-23 18:29:21,872 [INFO] PluginManager:220 - loadIPPluginJar : add genericplugin
2024-07-23 18:29:21,940 [INFO] IPUIPlugin:80 - create IPUIPlugin
2024-07-23 18:29:21,941 [INFO] PluginManager:220 - loadIPPluginJar : add gfxmmu
2024-07-23 18:29:22,048 [INFO] IPUIPlugin:80 - create IPUIPlugin
2024-07-23 18:29:22,049 [INFO] PluginManager:220 - loadIPPluginJar : add gic
2024-07-23 18:29:22,059 [INFO] IPUIPlugin:80 - create IPUIPlugin
2024-07-23 18:29:22,060 [INFO] PluginManager:220 - loadIPPluginJar : add gpio
2024-07-23 18:29:22,123 [INFO] IPUIPlugin:80 - create IPUIPlugin
2024-07-23 18:29:22,123 [INFO] PluginManager:220 - loadIPPluginJar : add gtzc
2024-07-23 18:29:22,148 [INFO] IPUIPlugin:80 - create IPUIPlugin
2024-07-23 18:29:22,148 [INFO] PluginManager:220 - loadIPPluginJar : add hash
2024-07-23 18:29:22,193 [INFO] IPUIPlugin:80 - create IPUIPlugin
2024-07-23 18:29:22,193 [INFO] PluginManager:220 - loadIPPluginJar : add i2c
2024-07-23 18:29:22,222 [INFO] IPUIPlugin:80 - create IPUIPlugin
2024-07-23 18:29:22,222 [INFO] PluginManager:220 - loadIPPluginJar : add i2s
2024-07-23 18:29:22,253 [INFO] IPUIPlugin:80 - create IPUIPlugin
2024-07-23 18:29:22,253 [INFO] PluginManager:220 - loadIPPluginJar : add i3c
2024-07-23 18:29:22,327 [INFO] IPUIPlugin:80 - create IPUIPlugin
2024-07-23 18:29:22,327 [INFO] PluginManager:220 - loadIPPluginJar : add ipddr
2024-07-23 18:29:22,393 [INFO] IPUIPlugin:80 - create IPUIPlugin
2024-07-23 18:29:22,393 [INFO] PluginManager:220 - loadIPPluginJar : add linkedlist
2024-07-23 18:29:22,418 [INFO] IPUIPlugin:80 - create IPUIPlugin
2024-07-23 18:29:22,418 [INFO] PluginManager:220 - loadIPPluginJar : add lorawan
2024-07-23 18:29:22,445 [INFO] IPUIPlugin:80 - create IPUIPlugin
2024-07-23 18:29:22,445 [INFO] PluginManager:220 - loadIPPluginJar : add ltdc
2024-07-23 18:29:22,457 [INFO] IPUIPlugin:80 - create IPUIPlugin
2024-07-23 18:29:22,458 [INFO] PluginManager:220 - loadIPPluginJar : add mdma
2024-07-23 18:29:22,471 [INFO] IPUIPlugin:80 - create IPUIPlugin
2024-07-23 18:29:22,471 [INFO] PluginManager:220 - loadIPPluginJar : add nvic
2024-07-23 18:29:22,500 [INFO] IPUIPlugin:80 - create IPUIPlugin
2024-07-23 18:29:22,501 [INFO] PluginManager:220 - loadIPPluginJar : add opamp
2024-07-23 18:29:22,544 [INFO] IPUIPlugin:80 - create IPUIPlugin
2024-07-23 18:29:22,544 [INFO] PluginManager:220 - loadIPPluginJar : add openamp
2024-07-23 18:29:22,576 [INFO] IPUIPlugin:80 - create IPUIPlugin
2024-07-23 18:29:22,577 [INFO] PluginManager:220 - loadIPPluginJar : add pdm2pcm
2024-07-23 18:29:22,587 [INFO] IPUIPlugin:80 - create IPUIPlugin
2024-07-23 18:29:22,588 [INFO] PluginManager:220 - loadIPPluginJar : add plateformsettings
2024-07-23 18:29:22,605 [INFO] IPUIPlugin:80 - create IPUIPlugin
2024-07-23 18:29:22,606 [INFO] PluginManager:220 - loadIPPluginJar : add quadspi
2024-07-23 18:29:22,616 [INFO] IPUIPlugin:80 - create IPUIPlugin
2024-07-23 18:29:22,616 [INFO] PluginManager:220 - loadIPPluginJar : add resmgrutility
2024-07-23 18:29:22,651 [INFO] IPUIPlugin:80 - create IPUIPlugin
2024-07-23 18:29:22,652 [INFO] PluginManager:220 - loadIPPluginJar : add sai
2024-07-23 18:29:22,678 [INFO] IPUIPlugin:80 - create IPUIPlugin
2024-07-23 18:29:22,678 [INFO] PluginManager:220 - loadIPPluginJar : add spi
2024-07-23 18:29:22,736 [INFO] IPUIPlugin:80 - create IPUIPlugin
2024-07-23 18:29:22,736 [INFO] PluginManager:220 - loadIPPluginJar : add stm32_wpan
2024-07-23 18:29:22,753 [INFO] IPUIPlugin:80 - create IPUIPlugin
2024-07-23 18:29:22,753 [INFO] PluginManager:220 - loadIPPluginJar : add tim
2024-07-23 18:29:22,795 [INFO] IPUIPlugin:80 - create IPUIPlugin
2024-07-23 18:29:22,795 [INFO] PluginManager:220 - loadIPPluginJar : add touchsensing
2024-07-23 18:29:22,812 [INFO] IPUIPlugin:80 - create IPUIPlugin
2024-07-23 18:29:22,812 [INFO] PluginManager:220 - loadIPPluginJar : add tracer_emb
2024-07-23 18:29:22,830 [INFO] IPUIPlugin:80 - create IPUIPlugin
2024-07-23 18:29:22,830 [INFO] PluginManager:220 - loadIPPluginJar : add ts
2024-07-23 18:29:22,846 [INFO] IPUIPlugin:80 - create IPUIPlugin
2024-07-23 18:29:22,846 [INFO] PluginManager:220 - loadIPPluginJar : add tsc
2024-07-23 18:29:22,863 [INFO] IPUIPlugin:80 - create IPUIPlugin
2024-07-23 18:29:22,864 [INFO] PluginManager:220 - loadIPPluginJar : add ucpd
2024-07-23 18:29:22,896 [INFO] IPUIPlugin:80 - create IPUIPlugin
2024-07-23 18:29:22,896 [INFO] PluginManager:220 - loadIPPluginJar : add usart
2024-07-23 18:29:22,930 [INFO] IPUIPlugin:80 - create IPUIPlugin
2024-07-23 18:29:22,930 [INFO] PluginManager:220 - loadIPPluginJar : add usbx
2024-07-23 18:29:23,041 [INFO] CADModel:165 - CPN selected for project level
2024-07-23 18:29:23,041 [INFO] CADModel:114 - Register for checkConnection events
2024-07-23 18:29:23,041 [FATAL] Updater:308 - Updater called before beeing initialized
2024-07-23 18:29:23,041 [ERROR] CADModel:125 - Updater not yet initialized, retry later 
2024-07-23 18:29:23,164 [INFO] CADModel:165 - CPN selected for project level
2024-07-23 18:29:23,164 [INFO] CADModel:114 - Register for checkConnection events
2024-07-23 18:29:23,164 [FATAL] Updater:308 - Updater called before beeing initialized
2024-07-23 18:29:23,164 [ERROR] CADModel:125 - Updater not yet initialized, retry later 
2024-07-23 18:29:23,167 [FATAL] Updater:308 - Updater called before beeing initialized
2024-07-23 18:29:23,252 [FATAL] Updater:308 - Updater called before beeing initialized
2024-07-23 18:29:23,261 [INFO] DbMcusAds:53 - JSON generation date=Thu May 16 18:22:00 KST 2024 (1715851320852)
2024-07-23 18:29:23,261 [FATAL] Updater:308 - Updater called before beeing initialized
2024-07-23 18:29:23,303 [WARN] DetailPanel:346 - Failed to get advertising image, set to default
2024-07-23 18:29:23,362 [FATAL] Updater:308 - Updater called before beeing initialized
2024-07-23 18:29:23,364 [FATAL] Updater:308 - Updater called before beeing initialized
2024-07-23 18:29:23,364 [FATAL] Updater:308 - Updater called before beeing initialized
2024-07-23 18:29:23,364 [WARN] DetailPanel:346 - Failed to get advertising image, set to default
2024-07-23 18:29:23,364 [FATAL] Updater:308 - Updater called before beeing initialized
2024-07-23 18:29:23,440 [ERROR] Updater:1120 - MainUpdater not yet initialized. External WinMGr cannot be set.
2024-07-23 18:29:23,450 [INFO] Updater:1056 - Updater Version found : 6.10.0
2024-07-23 18:29:23,464 [INFO] ApplicationProperties:184 - Using Application install path: C:\ST\STM32CubeIDE_1.14.1\STM32CubeIDE\plugins\com.st.stm32cube.common.mx_6.10.0.202311202037
2024-07-23 18:29:24,186 [INFO] ThirdPartyUpdaterWithRetryManager:70 - Updater plugin not ready yet. [2/15]
2024-07-23 18:29:25,043 [ERROR] LogOutputStream:75 - [STDERR_REDIRECT] Jul 23, 2024 6:29:25 PM java.util.prefs.WindowsPreferences <init>
2024-07-23 18:29:25,044 [ERROR] LogOutputStream:75 - [STDERR_REDIRECT] WARNING: Could not open/create prefs root node Software\JavaSoft\Prefs at root 0xffffffff80000002. Windows RegCreateKeyEx(...) returned error code 5.
2024-07-23 18:29:25,044 [ERROR] LogOutputStream:75 - [STDERR_REDIRECT] 
2024-07-23 18:29:25,677 [INFO] MainUpdater:2873 - connection check result : 10
2024-07-23 18:29:25,678 [INFO] MainUpdater:290 - Updater Check For Update Now.
2024-07-23 18:29:25,678 [INFO] MicroXplorer:498 - Change Database Version : DB.6.0.100
2024-07-23 18:29:25,763 [INFO] McuFinderGlobals:63 - Set McuFinder mode to 2 (CubeIDE integrated)
2024-07-23 18:29:25,763 [INFO] UserAuth:180 - activating auth plugin
2024-07-23 18:29:25,769 [INFO] UserAuth:404 - Internet connection configuration mode: 1
2024-07-23 18:29:25,811 [INFO] JxBrowserEngine:152 - Initiate JxBrowser Engine with user profile folder
2024-07-23 18:29:25,940 [INFO] CheckServerUpdateThread:120 - End of CheckServer Thread
2024-07-23 18:29:27,598 [WARN] PackLoader:240 - Cannot read IP mode file for STMicroelectronics.FP-SNS-MOTENVWB1.1.4.0
2024-07-23 18:29:27,627 [WARN] PackLoader:240 - Cannot read IP mode file for STMicroelectronics.X-CUBE-SMBUS.2.1.0
2024-07-23 18:29:27,644 [WARN] PackLoader:240 - Cannot read IP mode file for STMicroelectronics.X-CUBE-TOUCHGFX.4.23.1
2024-07-23 18:29:27,655 [WARN] PackLoader:240 - Cannot read IP mode file for STMicroelectronics.X-CUBE-TOUCHGFX.4.23.0
2024-07-23 18:29:27,669 [WARN] PackLoader:240 - Cannot read IP mode file for STMicroelectronics.X-CUBE-TOUCHGFX.4.23.2
2024-07-23 18:29:27,701 [INFO] WebApp:161 - Instantiating new browser for Auth
2024-07-23 18:29:27,724 [WARN] PackLoader:240 - Cannot read IP mode file for STMicroelectronics.X-CUBE-AZRTOS-F7.1.1.0
2024-07-23 18:29:27,778 [WARN] PackLoader:240 - Cannot read IP mode file for STMicroelectronics.FP-SNS-MOTENV1.4.3.2
2024-07-23 18:29:27,805 [WARN] PackLoader:240 - Cannot read IP mode file for STMicroelectronics.FP-SNS-FLIGHT1.5.0.2
2024-07-23 18:29:27,834 [WARN] PackLoader:240 - Cannot read IP mode file for STMicroelectronics.X-CUBE-DISPLAY.3.0.0
2024-07-23 18:29:27,875 [WARN] PackLoader:240 - Cannot read IP mode file for STMicroelectronics.X-CUBE-BLE1.7.0.0
2024-07-23 18:29:27,915 [WARN] PackLoader:240 - Cannot read IP mode file for emotas.I-CUBE-CANOPEN.1.3.0
2024-07-23 18:29:27,949 [WARN] PackLoader:240 - Cannot read IP mode file for STMicroelectronics.X-CUBE-BLEMGR.3.1.0
2024-07-23 18:29:27,982 [WARN] PackLoader:240 - Cannot read IP mode file for STMicroelectronics.FP-SNS-SMARTAG2.1.2.0
2024-07-23 18:29:28,031 [INFO] LogOutputStream:77 - [STDOUT_REDIRECT] 1 : Invalid condition id : UX_CORESTACK_Condition cause : null
2024-07-23 18:29:28,032 [INFO] LogOutputStream:77 - [STDOUT_REDIRECT] 1 : Invalid condition id : UX_CORESTACK_Condition cause : null
2024-07-23 18:29:28,035 [INFO] LogOutputStream:77 - [STDOUT_REDIRECT] 1 : Invalid condition id : UX_CORESTACK_Condition cause : null
2024-07-23 18:29:28,037 [INFO] LogOutputStream:77 - [STDOUT_REDIRECT] 1 : Invalid condition id : UX_CORESTACK_Condition cause : null
2024-07-23 18:29:28,038 [INFO] LogOutputStream:77 - [STDOUT_REDIRECT] 1 : Invalid condition id : UX_CORESTACK_Condition cause : null
2024-07-23 18:29:28,040 [WARN] PackLoader:240 - Cannot read IP mode file for STMicroelectronics.X-CUBE-AZRTOS-WL.2.0.0
2024-07-23 18:29:28,058 [WARN] PackLoader:240 - Cannot read IP mode file for STMicroelectronics.FP-SNS-MOTENV1.5.0.0
2024-07-23 18:29:28,074 [WARN] PackLoader:240 - Cannot read IP mode file for wolfSSL.I-CUBE-wolfMQTT.1.19.0
2024-07-23 18:29:28,096 [WARN] PackLoader:240 - Cannot read IP mode file for WES.I-CUBE-Cesium.1.3.0
2024-07-23 18:29:28,113 [WARN] PackLoader:240 - Cannot read IP mode file for STMicroelectronics.X-CUBE-BLE2.3.3.0
2024-07-23 18:29:28,131 [WARN] PackLoader:240 - Cannot read IP mode file for STMicroelectronics.X-CUBE-TCPP.4.1.0
2024-07-23 18:29:28,155 [WARN] PackLoader:240 - Cannot read IP mode file for STMicroelectronics.X-CUBE-ALGOBUILD.1.3.0
2024-07-23 18:29:28,186 [WARN] PackLoader:240 - Cannot read IP mode file for STMicroelectronics.X-CUBE-AZRTOS-G0.1.1.0
2024-07-23 18:29:28,211 [WARN] PackLoader:240 - Cannot read IP mode file for STMicroelectronics.X-CUBE-SAFEA1.1.2.2
2024-07-23 18:29:28,233 [WARN] PackLoader:240 - Cannot read IP mode file for STMicroelectronics.X-CUBE-NFC4.3.0.0
2024-07-23 18:29:28,256 [WARN] PackLoader:240 - Cannot read IP mode file for EmbeddedOffice.I-CUBE-FS-RTOS.1.0.1
2024-07-23 18:29:28,257 [ERROR] ConditionMgr:805 - Attr not supported : Dmpu
2024-07-23 18:29:28,257 [ERROR] ConditionMgr:805 - Attr not supported : Dmpu
2024-07-23 18:29:28,257 [ERROR] ConditionMgr:805 - Attr not supported : Dmpu
2024-07-23 18:29:28,257 [ERROR] ConditionMgr:805 - Attr not supported : Dmpu
2024-07-23 18:29:28,257 [ERROR] ConditionMgr:805 - Attr not supported : Dmpu
2024-07-23 18:29:28,257 [ERROR] ConditionMgr:805 - Attr not supported : Dmpu
2024-07-23 18:29:28,257 [ERROR] ConditionMgr:805 - Attr not supported : Dmpu
2024-07-23 18:29:28,257 [ERROR] ConditionMgr:805 - Attr not supported : Dmpu
2024-07-23 18:29:28,257 [ERROR] ConditionMgr:805 - Attr not supported : Dmpu
2024-07-23 18:29:28,257 [ERROR] ConditionMgr:805 - Attr not supported : Dmpu
2024-07-23 18:29:28,257 [ERROR] ConditionMgr:805 - Attr not supported : Dmpu
2024-07-23 18:29:28,257 [ERROR] ConditionMgr:805 - Attr not supported : Dmpu
2024-07-23 18:29:28,257 [ERROR] ConditionMgr:805 - Attr not supported : Dmpu
2024-07-23 18:29:28,257 [ERROR] ConditionMgr:805 - Attr not supported : Dmpu
2024-07-23 18:29:28,257 [ERROR] ConditionMgr:805 - Attr not supported : Dmpu
2024-07-23 18:29:28,257 [ERROR] ConditionMgr:805 - Attr not supported : Dmpu
2024-07-23 18:29:28,257 [ERROR] ConditionMgr:805 - Attr not supported : Dmpu
2024-07-23 18:29:28,258 [ERROR] ConditionMgr:805 - Attr not supported : Dmpu
2024-07-23 18:29:28,258 [ERROR] ConditionMgr:805 - Attr not supported : Dmpu
2024-07-23 18:29:28,258 [ERROR] ConditionMgr:805 - Attr not supported : Dmpu
2024-07-23 18:29:28,258 [ERROR] ConditionMgr:805 - Attr not supported : Dmpu
2024-07-23 18:29:28,258 [ERROR] ConditionMgr:805 - Attr not supported : Dmpu
2024-07-23 18:29:28,258 [ERROR] ConditionMgr:805 - Attr not supported : Dmpu
2024-07-23 18:29:28,258 [ERROR] ConditionMgr:805 - Attr not supported : Dmpu
2024-07-23 18:29:28,258 [ERROR] ConditionMgr:805 - Attr not supported : Dmpu
2024-07-23 18:29:28,258 [ERROR] ConditionMgr:805 - Attr not supported : Dmpu
2024-07-23 18:29:28,258 [ERROR] ConditionMgr:805 - Attr not supported : Dmpu
2024-07-23 18:29:28,258 [ERROR] ConditionMgr:805 - Attr not supported : Dmpu
2024-07-23 18:29:28,258 [ERROR] ConditionMgr:805 - Attr not supported : Dmpu
2024-07-23 18:29:28,258 [ERROR] ConditionMgr:805 - Attr not supported : Dmpu
2024-07-23 18:29:28,258 [ERROR] ConditionMgr:805 - Attr not supported : Dmpu
2024-07-23 18:29:28,258 [ERROR] ConditionMgr:805 - Attr not supported : Dmpu
2024-07-23 18:29:28,258 [ERROR] ConditionMgr:805 - Attr not supported : Dmpu
2024-07-23 18:29:28,258 [ERROR] ConditionMgr:805 - Attr not supported : Dmpu
2024-07-23 18:29:28,259 [ERROR] ConditionMgr:805 - Attr not supported : Dmpu
2024-07-23 18:29:28,259 [ERROR] ConditionMgr:805 - Attr not supported : Dmpu
2024-07-23 18:29:28,259 [ERROR] ConditionMgr:805 - Attr not supported : Dmpu
2024-07-23 18:29:28,259 [ERROR] ConditionMgr:805 - Attr not supported : Dmpu
2024-07-23 18:29:28,259 [ERROR] ConditionMgr:805 - Attr not supported : Dmpu
2024-07-23 18:29:28,259 [ERROR] ConditionMgr:805 - Attr not supported : Dmpu
2024-07-23 18:29:28,259 [ERROR] ConditionMgr:805 - Attr not supported : Dmpu
2024-07-23 18:29:28,259 [ERROR] ConditionMgr:805 - Attr not supported : Dmpu
2024-07-23 18:29:28,259 [ERROR] ConditionMgr:805 - Attr not supported : Dmpu
2024-07-23 18:29:28,259 [ERROR] ConditionMgr:805 - Attr not supported : Dmpu
2024-07-23 18:29:28,259 [ERROR] ConditionMgr:805 - Attr not supported : Dmpu
2024-07-23 18:29:28,259 [ERROR] ConditionMgr:805 - Attr not supported : Dmpu
2024-07-23 18:29:28,259 [ERROR] ConditionMgr:805 - Attr not supported : Dmpu
2024-07-23 18:29:28,259 [ERROR] ConditionMgr:805 - Attr not supported : Dmpu
2024-07-23 18:29:28,259 [ERROR] ConditionMgr:805 - Attr not supported : Dmpu
2024-07-23 18:29:28,259 [ERROR] ConditionMgr:805 - Attr not supported : Dmpu
2024-07-23 18:29:28,259 [ERROR] ConditionMgr:805 - Attr not supported : Dmpu
2024-07-23 18:29:28,259 [ERROR] ConditionMgr:805 - Attr not supported : Dmpu
2024-07-23 18:29:28,260 [ERROR] ConditionMgr:805 - Attr not supported : Dmpu
2024-07-23 18:29:28,260 [ERROR] ConditionMgr:805 - Attr not supported : Dmpu
2024-07-23 18:29:28,260 [ERROR] ConditionMgr:805 - Attr not supported : Dmpu
2024-07-23 18:29:28,260 [ERROR] ConditionMgr:805 - Attr not supported : Dmpu
2024-07-23 18:29:28,260 [ERROR] ConditionMgr:805 - Attr not supported : Dmpu
2024-07-23 18:29:28,260 [ERROR] ConditionMgr:805 - Attr not supported : Dmpu
2024-07-23 18:29:28,260 [ERROR] ConditionMgr:805 - Attr not supported : Dmpu
2024-07-23 18:29:28,260 [ERROR] ConditionMgr:805 - Attr not supported : Dmpu
2024-07-23 18:29:28,260 [ERROR] ConditionMgr:805 - Attr not supported : Dmpu
2024-07-23 18:29:28,260 [ERROR] ConditionMgr:805 - Attr not supported : Dmpu
2024-07-23 18:29:28,260 [ERROR] ConditionMgr:805 - Attr not supported : Dmpu
2024-07-23 18:29:28,260 [ERROR] ConditionMgr:805 - Attr not supported : Dmpu
2024-07-23 18:29:28,273 [WARN] PackLoader:240 - Cannot read IP mode file for RealThread.X-CUBE-RT-Thread_Nano.4.1.1
2024-07-23 18:29:28,294 [WARN] PackLoader:240 - Cannot read IP mode file for STMicroelectronics.FP-ATR-SIGFOX1.3.2.0
2024-07-23 18:29:28,318 [WARN] PackLoader:240 - Cannot read IP mode file for STMicroelectronics.X-CUBE-EEPRMA1.5.1.0
2024-07-23 18:29:28,366 [WARN] PackLoader:240 - Cannot read IP mode file for SEGGER.I-CUBE-embOS.1.3.1
2024-07-23 18:29:28,425 [WARN] PackLoader:240 - Cannot read IP mode file for STMicroelectronics.X-CUBE-ALGOBUILD.1.4.0
2024-07-23 18:29:28,452 [WARN] PackLoader:240 - Cannot read IP mode file for STMicroelectronics.X-CUBE-GNSS1.6.0.0
2024-07-23 18:29:28,487 [WARN] PackLoader:240 - Cannot read IP mode file for STMicroelectronics.X-CUBE-AZRTOS-F4.1.1.0
2024-07-23 18:29:28,512 [WARN] PackLoader:240 - Cannot read IP mode file for STMicroelectronics.X-CUBE-FREERTOS.1.2.0
2024-07-23 18:29:28,536 [WARN] PackLoader:240 - Cannot read IP mode file for wolfSSL.I-CUBE-wolfSSL.5.6.6
2024-07-23 18:29:28,571 [WARN] PackLoader:240 - Cannot read IP mode file for STMicroelectronics.X-CUBE-AZRTOS-L5.2.0.0
2024-07-23 18:29:28,598 [WARN] PackLoader:240 - Cannot read IP mode file for STMicroelectronics.X-CUBE-NFC6.3.1.0
2024-07-23 18:29:28,619 [WARN] PackLoader:240 - Cannot read IP mode file for ITTIA_DB.I-CUBE-ITTIADB.8.8.0
2024-07-23 18:29:28,639 [WARN] PackLoader:240 - Cannot read IP mode file for STMicroelectronics.X-CUBE-DPower.1.2.0
2024-07-23 18:29:28,655 [WARN] PackLoader:240 - Cannot read IP mode file for STMicroelectronics.X-CUBE-AI.9.0.0
2024-07-23 18:29:28,666 [WARN] PackLoader:240 - Cannot read IP mode file for STMicroelectronics.X-CUBE-NFC7.1.0.1
2024-07-23 18:29:28,682 [WARN] PackLoader:240 - Cannot read IP mode file for wolfSSL.I-CUBE-wolfTPM.3.2.0
2024-07-23 18:29:28,702 [WARN] PackLoader:240 - Cannot read IP mode file for STMicroelectronics.X-CUBE-NFC6.3.0.0
2024-07-23 18:29:28,719 [WARN] PackLoader:240 - Cannot read IP mode file for STMicroelectronics.X-CUBE-AI.8.1.0
2024-07-23 18:29:28,750 [WARN] ConditionMgr:438 - getConditionDescription Invalid condition id : LAN8742 Phy interface Condition cause : null
2024-07-23 18:29:28,751 [WARN] PackLoader:240 - Cannot read IP mode file for STMicroelectronics.X-CUBE-AZRTOS-L4.2.0.0
2024-07-23 18:29:28,752 [WARN] ConditionMgr:1039 - genDependencies : Invalid condition id : LAN8742 Phy interface Condition cause : null
2024-07-23 18:29:28,752 [WARN] ConditionMgr:1039 - genDependencies : Invalid condition id : LAN8742 Phy interface Condition cause : null
2024-07-23 18:29:28,752 [WARN] ConditionMgr:1039 - genDependencies : Invalid condition id : LAN8742 Phy interface Condition cause : null
2024-07-23 18:29:28,768 [WARN] PackLoader:240 - Cannot read IP mode file for STMicroelectronics.X-CUBE-SFXS2LP1.4.0.0
2024-07-23 18:29:28,810 [WARN] ConditionMgr:438 - getConditionDescription Invalid condition id : UX DEVICE CLASS RTOS Condition cause : null
2024-07-23 18:29:28,810 [WARN] ConditionMgr:438 - getConditionDescription Invalid condition id : UX DEVICE CLASS RTOS Condition cause : null
2024-07-23 18:29:28,812 [WARN] PackLoader:240 - Cannot read IP mode file for STMicroelectronics.X-CUBE-AZRTOS-WB.2.0.0
2024-07-23 18:29:28,812 [WARN] ConditionMgr:1039 - genDependencies : Invalid condition id : UX DEVICE CLASS RTOS Condition cause : null
2024-07-23 18:29:28,812 [WARN] ConditionMgr:1039 - genDependencies : Invalid condition id : UX DEVICE CLASS RTOS Condition cause : null
2024-07-23 18:29:28,813 [WARN] ConditionMgr:1039 - genDependencies : Invalid condition id : UX DEVICE CLASS RTOS Condition cause : null
2024-07-23 18:29:28,813 [WARN] ConditionMgr:1039 - genDependencies : Invalid condition id : UX DEVICE CLASS RTOS Condition cause : null
2024-07-23 18:29:28,813 [WARN] ConditionMgr:1039 - genDependencies : Invalid condition id : UX DEVICE CLASS RTOS Condition cause : null
2024-07-23 18:29:28,851 [WARN] PackLoader:240 - Cannot read IP mode file for STMicroelectronics.FP-SNS-STBOX1.2.0.0
2024-07-23 18:29:28,864 [INFO] WebApp:780 - Register for checkConnection events
2024-07-23 18:29:28,864 [INFO] WebApp:414 - Apply proxy settings
2024-07-23 18:29:28,864 [INFO] WebApp:499 - Chromium requires no authentication
2024-07-23 18:29:28,872 [WARN] PackLoader:240 - Cannot read IP mode file for STMicroelectronics.X-CUBE-SUBG2.5.0.0
2024-07-23 18:29:28,884 [INFO] WebApp:442 - Direct internet connection detected
2024-07-23 18:29:28,896 [WARN] PackLoader:240 - Cannot read IP mode file for Cesanta.I-CUBE-Mongoose.7.13.0
2024-07-23 18:29:28,933 [WARN] PackLoader:240 - Cannot read IP mode file for STMicroelectronics.X-CUBE-AZRTOS-G4.2.0.0
2024-07-23 18:29:28,963 [WARN] PackLoader:240 - Cannot read IP mode file for Infineon.AIROC-Wi-Fi-Bluetooth-STM32.1.5.1
2024-07-23 18:29:28,983 [WARN] PackLoader:240 - Cannot read IP mode file for STMicroelectronics.FP-SNS-MOTENVWB1.1.3.1
2024-07-23 18:29:29,003 [WARN] PackLoader:240 - Cannot read IP mode file for STMicroelectronics.X-CUBE-ISPU.2.0.0
2024-07-23 18:29:29,028 [WARN] PackLoader:240 - Cannot read IP mode file for STMicroelectronics.X-CUBE-ALS.1.0.2
2024-07-23 18:29:29,090 [WARN] PackLoader:240 - Cannot read IP mode file for STMicroelectronics.X-CUBE-MEMS1.10.0.0
2024-07-23 18:29:29,200 [WARN] PackLoader:240 - Cannot read IP mode file for STMicroelectronics.X-CUBE-FREERTOS.1.1.0
2024-07-23 18:29:29,215 [WARN] PackLoader:240 - Cannot read IP mode file for STMicroelectronics.X-CUBE-TOUCHGFX.4.24.0
2024-07-23 18:29:29,237 [INFO] WebApp:192 - Starting web application
2024-07-23 18:29:29,237 [INFO] WebApp:544 - Web application path used C:\ST\STM32CubeIDE_1.14.1\STM32CubeIDE\plugins\com.st.stm32cube.common.mx_6.10.0.202311202037\db\plugins\mcufinder\reactClient1\index.html
2024-07-23 18:29:29,239 [WARN] PackLoader:240 - Cannot read IP mode file for portGmbH.I-Cube-SoM-uGOAL.1.1.0
2024-07-23 18:29:29,257 [WARN] PackLoader:240 - Cannot read IP mode file for STMicroelectronics.X-CUBE-ALS.1.0.1
2024-07-23 18:29:29,303 [WARN] PackLoader:240 - Cannot read IP mode file for STMicroelectronics.X-CUBE-AZRTOS-H7RS.1.0.0
2024-07-23 18:29:29,328 [WARN] PackLoader:240 - Cannot read IP mode file for STMicroelectronics.FP-ATR-ASTRA1.2.0.0
2024-07-23 18:29:29,352 [WARN] PackLoader:240 - Cannot read IP mode file for STMicroelectronics.X-CUBE-TOF1.3.4.0
2024-07-23 18:29:29,387 [WARN] PackLoader:240 - Cannot read IP mode file for STMicroelectronics.X-CUBE-TOF1.3.4.1
2024-07-23 18:29:29,435 [WARN] PackLoader:240 - Cannot read IP mode file for STMicroelectronics.X-CUBE-AZRTOS-H7.3.2.0
2024-07-23 18:29:29,452 [WARN] PackLoader:240 - Cannot read IP mode file for wolfSSL.I-CUBE-wolfSSH.1.4.17
2024-07-23 18:29:29,453 [INFO] ThirdParty:978 - Integrity check success = true
2024-07-23 18:29:29,453 [INFO] IntegrityCheckThread:100 - exiting critical section [integrity check]
2024-07-23 18:29:29,453 [INFO] IntegrityCheckThread:103 - End integrity checks thread
2024-07-23 18:29:50,198 [ERROR] LogOutputStream:75 - [STDERR_REDIRECT] SLF4J: Failed to load class "org.slf4j.impl.StaticLoggerBinder".
2024-07-23 18:29:50,198 [ERROR] LogOutputStream:75 - [STDERR_REDIRECT] SLF4J: Defaulting to no-operation (NOP) logger implementation
2024-07-23 18:29:50,199 [ERROR] LogOutputStream:75 - [STDERR_REDIRECT] SLF4J: See http://www.slf4j.org/codes.html#StaticLoggerBinder for further details.
